Contig Stats
Total units: 188
Reference: 4033464
BasesInFasta: 318746
Min: 1002
Max: 5646
N10: 0 COUNT: 0
N25: 0 COUNT: 0
N50: 0 COUNT: 0
N75: 0 COUNT: 0
E-size:154.71

Genome Size: 4033464
Assembly Size: 318746
Chaff bases: 0
Missing Reference Bases: 3705224(91.86%)
Missing Assembly Bases: 8462(2.65%)
Missing Assembly Contigs: 0(0.00%)
Duplicated Reference Bases: 99
Compressed Reference Bases: 20941
Bad Trim: 8351
Avg Idy: 99.95
SNPs: 65
Indels < 5bp: 41
Indels >= 5: 2
Inversions: 0
Relocation: 3
Translocation: 3

Corrected Contig Stats
Total units: 193
Reference: 4033464
BasesInFasta: 309343
Min: 532
Max: 5582
N10: 0 COUNT: 0
N25: 0 COUNT: 0
N50: 0 COUNT: 0
N75: 0 COUNT: 0
E-size:142.63

