/usit/invitro/data/galaxy/master/sabbai/galaxy-dist/tools/comparative_assembly_statistics/quast-2.2/quast.py -o /usit/invitro/data/galaxy/master/sabbai/galaxy-dist/database/job_working_directory/001/1788/dataset_1870_files/BC1 -R /usit/invitro/data/galaxy/master/sabbai/galaxy-dist/database/job_working_directory/001/1788/dataset_1870_files/BC1.fna -l cabog /usit/invitro/data/galaxy/master/sabbai/galaxy-dist/database/files/000/dataset_480.dat

Version 2.2, build 19.07.2013 21:21


System information:
  OS: Linux-2.6.18-371.el5-x86_64-with-redhat-5.10-Tikanga
  Python version: 2.7.0
  CPUs number: 64

Started: 2014-05-04 21:04:37

Logging to /usit/invitro/data/galaxy/master/sabbai/galaxy-dist/database/job_working_directory/001/1788/dataset_1870_files/BC1/quast.log

NOTICE: Output directory already exists. Existing Nucmer alignments can be used.

NOTICE: Maximum number of threads is set to 64 (use --threads option to set it manually)

Reference:
  /usit/invitro/data/galaxy/master/sabbai/galaxy-dist/database/job_working_directory/001/1788/dataset_1870_files/BC1.fna ==> BC1

Contigs:
  /usit/invitro/data/galaxy/master/sabbai/galaxy-dist/database/files/000/dataset_480.dat ==> cabog

2014-05-04 21:04:39
Running Basic statistics processor...
  Reference genome:
    BC1.fna, Reference length = 5224283, Reference GC % = 35.58
  Contig files: 
    cabog
  Calculating N50 and L50...
    cabog, N50 = 237457, L50 = 7, Total length = 4969260, GC % = 61.53, # N's per 100 kbp =  1.83
  Drawing cumulative plot...
    saved to /usit/invitro/data/galaxy/master/sabbai/galaxy-dist/database/job_working_directory/001/1788/dataset_1870_files/BC1/basic_stats/cumulative_plot.pdf
  Drawing GC content plot...
    saved to /usit/invitro/data/galaxy/master/sabbai/galaxy-dist/database/job_working_directory/001/1788/dataset_1870_files/BC1/basic_stats/GC_content_plot.pdf
  Drawing Nx plot...
    saved to /usit/invitro/data/galaxy/master/sabbai/galaxy-dist/database/job_working_directory/001/1788/dataset_1870_files/BC1/basic_stats/Nx_plot.pdf
  Drawing NGx plot...
    saved to /usit/invitro/data/galaxy/master/sabbai/galaxy-dist/database/job_working_directory/001/1788/dataset_1870_files/BC1/basic_stats/NGx_plot.pdf
Done.

2014-05-04 21:04:41
Running Contig analyzer...
  cabog
  Logging to files /usit/invitro/data/galaxy/master/sabbai/galaxy-dist/database/job_working_directory/001/1788/dataset_1870_files/BC1/contigs_reports/contigs_report_cabog.stdout and contigs_report_cabog.stderr...
  Running Nucmer... 
  Nucmer: nothing aligned for 'cabog'.
Failed aligning the contigs for all the assemblies. Only basic stats are going to be evaluated.

NOTICE: Genes are not predicted by default. Use --gene-finding option to enable it.

2014-05-04 21:04:52
Summarizing...
  Creating total report...
    saved to /usit/invitro/data/galaxy/master/sabbai/galaxy-dist/database/job_working_directory/001/1788/dataset_1870_files/BC1/report.txt, report.tsv, and report.tex
  Transposed version of total report...
    saved to /usit/invitro/data/galaxy/master/sabbai/galaxy-dist/database/job_working_directory/001/1788/dataset_1870_files/BC1/transposed_report.txt, transposed_report.tsv, and transposed_report.tex
  HTML version saved to /usit/invitro/data/galaxy/master/sabbai/galaxy-dist/database/job_working_directory/001/1788/dataset_1870_files/BC1/report.html
  All pdf files are merged to /usit/invitro/data/galaxy/master/sabbai/galaxy-dist/database/job_working_directory/001/1788/dataset_1870_files/BC1/plots.pdf
Log saved to /usit/invitro/data/galaxy/master/sabbai/galaxy-dist/database/job_working_directory/001/1788/dataset_1870_files/BC1/quast.log

Finished: 2014-05-04 21:04:52
Elapsed time: 0:00:14.803925
