/software/galaxy/master/sabbai/galaxy-dist/tools/comparative_assembly_statistics/quast-2.2/quast.py -o /software/galaxy/master/sabbai/galaxy-dist/database/job_working_directory/002/2265/dataset_2347_files/Contig -R /software/galaxy/master/sabbai/galaxy-dist/tools/comparative_assembly_statistics/reference/refGen/V_cholerae_O1_biovar_eltor_str_N1696.fna -G /software/galaxy/master/sabbai/galaxy-dist/tools/comparative_assembly_statistics/reference/genefiles/V_cholerae_O1_biovar_eltor_str_N1696.gff -l unpadded, padded, ctg --contig-thresholds 200,1000 /software/galaxy/master/sabbai/galaxy-dist/database/files/002/dataset_2340.dat /software/galaxy/master/sabbai/galaxy-dist/database/files/002/dataset_2341.dat /software/galaxy/master/sabbai/galaxy-dist/database/files/002/dataset_2342.dat

Version 2.2, build 19.07.2013 21:21


System information:
  OS: Linux-2.6.32-431.11.2.el6.x86_64-x86_64-with-redhat-6.5-Santiago
  Python version: 2.7.6
  CPUs number: 64

Started: 2014-06-27 02:44:03

Logging to /software/galaxy/master/sabbai/galaxy-dist/database/job_working_directory/002/2265/dataset_2347_files/Contig/quast.log

NOTICE: Output directory already exists. Existing Nucmer alignments can be used.

NOTICE: Maximum number of threads is set to 64 (use --threads option to set it manually)

Reference:
  /software/galaxy/master/sabbai/galaxy-dist/tools/comparative_assembly_statistics/reference/refGen/V_cholerae_O1_biovar_eltor_str_N1696.fna ==> V_cholerae_O1_biovar_eltor_str_N1696

Contigs:
  /software/galaxy/master/sabbai/galaxy-dist/database/files/002/dataset_2340.dat ==> unpadded
  /software/galaxy/master/sabbai/galaxy-dist/database/files/002/dataset_2341.dat ==> padded
    WARNING: Skipping /software/galaxy/master/sabbai/galaxy-dist/database/files/002/dataset_2341.dat because it contains non-ACGTN characters.
  /software/galaxy/master/sabbai/galaxy-dist/database/files/002/dataset_2342.dat ==> ctg

2014-06-27 02:44:06
Running Basic statistics processor...
  Reference genome:
    V_cholerae_O1_biovar_eltor_str_N1696.fna, Reference length = 4033464, Reference GC % = 47.49
  Contig files: 
    1  unpadded
    2  ctg
  Calculating N50 and L50...
    1  unpadded, N50 = 108646, L50 = 11, Total length = 3986805, GC % = 47.50, # N's per 100 kbp =  0.70
    2  ctg, N50 = 112926, L50 = 9, Total length = 4011692, GC % = 47.48, # N's per 100 kbp =  1.74
  Drawing cumulative plot...
    saved to /software/galaxy/master/sabbai/galaxy-dist/database/job_working_directory/002/2265/dataset_2347_files/Contig/basic_stats/cumulative_plot.pdf
  Drawing GC content plot...
    saved to /software/galaxy/master/sabbai/galaxy-dist/database/job_working_directory/002/2265/dataset_2347_files/Contig/basic_stats/GC_content_plot.pdf
  Drawing Nx plot...
    saved to /software/galaxy/master/sabbai/galaxy-dist/database/job_working_directory/002/2265/dataset_2347_files/Contig/basic_stats/Nx_plot.pdf
  Drawing NGx plot...
    saved to /software/galaxy/master/sabbai/galaxy-dist/database/job_working_directory/002/2265/dataset_2347_files/Contig/basic_stats/NGx_plot.pdf
Done.

2014-06-27 02:44:09
Running Contig analyzer...
  1  unpadded
  2  ctg
  1  Logging to files /software/galaxy/master/sabbai/galaxy-dist/database/job_working_directory/002/2265/dataset_2347_files/Contig/contigs_reports/contigs_report_unpadded.stdout and contigs_report_unpadded.stderr...
  2  Logging to files /software/galaxy/master/sabbai/galaxy-dist/database/job_working_directory/002/2265/dataset_2347_files/Contig/contigs_reports/contigs_report_ctg.stdout and contigs_report_ctg.stderr...
  1  Running Nucmer... 
  2  Running Nucmer... 
/software/galaxy/master/sabbai/galaxy-dist/database/job_working_directory/002/2265/dataset_2347_files/Contig/contigs_reports/alignments_unpadded.tsv
  242409 Analysis is finished.
/software/galaxy/master/sabbai/galaxy-dist/database/job_working_directory/002/2265/dataset_2347_files/Contig/contigs_reports/alignments_ctg.tsv
  450066 Analysis is finished.
  Creating total report...
    saved to /software/galaxy/master/sabbai/galaxy-dist/database/job_working_directory/002/2265/dataset_2347_files/Contig/contigs_reports/misassemblies_report.txt, misassemblies_report.tsv, and misassemblies_report.tex
  Creating total report...
    saved to /software/galaxy/master/sabbai/galaxy-dist/database/job_working_directory/002/2265/dataset_2347_files/Contig/contigs_reports/unaligned_report.txt, unaligned_report.tsv, and unaligned_report.tex
Done.

2014-06-27 02:44:29
Running NA-NGA calculation...
  Calculating NA50 and NGA50...
    1  unpadded, Largest alignment = 383237, NA50 = 108646, NGA50 = 108646, LA50 = 11, LGA50 = 11
    2  ctg, Largest alignment = 450326, NA50 = 108689, NGA50 = 108689, LA50 = 9, LGA50 = 9
  Drawing cumulative plot...
    saved to /software/galaxy/master/sabbai/galaxy-dist/database/job_working_directory/002/2265/dataset_2347_files/Contig/aligned_stats/cumulative_plot.pdf
  Drawing NAx plot...
    saved to /software/galaxy/master/sabbai/galaxy-dist/database/job_working_directory/002/2265/dataset_2347_files/Contig/aligned_stats/NAx_plot.pdf
  Drawing NGAx plot...
    saved to /software/galaxy/master/sabbai/galaxy-dist/database/job_working_directory/002/2265/dataset_2347_files/Contig/aligned_stats/NGAx_plot.pdf
  Done.

2014-06-27 02:44:30
Running Genome analyzer...
  Loaded 3693 genes
  NOTICE: Annotated operons file was not provided. Use -O option to specify it.
  1  unpadded
  2  ctg
  Drawing genes cumulative plot...
    saved to /software/galaxy/master/sabbai/galaxy-dist/database/job_working_directory/002/2265/dataset_2347_files/Contig/genome_stats/genes_cumulative_plot.pdf
  Drawing # complete genes histogram...
    saved to /software/galaxy/master/sabbai/galaxy-dist/database/job_working_directory/002/2265/dataset_2347_files/Contig/genome_stats/complete_genes_histogram.pdf
  Drawing Genome fraction, % histogram...
    saved to /software/galaxy/master/sabbai/galaxy-dist/database/job_working_directory/002/2265/dataset_2347_files/Contig/genome_stats/genome_fraction_histogram.pdf
Done.

NOTICE: Genes are not predicted by default. Use --gene-finding option to enable it.

2014-06-27 02:44:36
Summarizing...
  Creating total report...
    saved to /software/galaxy/master/sabbai/galaxy-dist/database/job_working_directory/002/2265/dataset_2347_files/Contig/report.txt, report.tsv, and report.tex
  Transposed version of total report...
    saved to /software/galaxy/master/sabbai/galaxy-dist/database/job_working_directory/002/2265/dataset_2347_files/Contig/transposed_report.txt, transposed_report.tsv, and transposed_report.tex
  HTML version saved to /software/galaxy/master/sabbai/galaxy-dist/database/job_working_directory/002/2265/dataset_2347_files/Contig/report.html
  All pdf files are merged to /software/galaxy/master/sabbai/galaxy-dist/database/job_working_directory/002/2265/dataset_2347_files/Contig/plots.pdf
Log saved to /software/galaxy/master/sabbai/galaxy-dist/database/job_working_directory/002/2265/dataset_2347_files/Contig/quast.log

Finished: 2014-06-27 02:44:36
Elapsed time: 0:00:33.211041
