/usit/invitro/data/galaxy/master/sabbai/galaxy-dist/tools/comparative_assembly_statistics/quast-2.2/quast.py -o /usit/invitro/data/galaxy/master/sabbai/galaxy-dist/database/job_working_directory/001/1990/dataset_2072_files/Scaffold -R /usit/invitro/data/galaxy/master/sabbai/galaxy-dist/tools/comparative_assembly_statistics/reference/refGen/V_cholerae_O1_biovar_eltor_str_N1696.fna -G /usit/invitro/data/galaxy/master/sabbai/galaxy-dist/tools/comparative_assembly_statistics/reference/genefiles/V_cholerae_O1_biovar_eltor_str_N1696.gff -l GAGE-B_abyss_hiseq_scf --scaffolds /usit/invitro/data/galaxy/master/sabbai/galaxy-dist/database/files/002/dataset_2029.dat

Version 2.2, build 19.07.2013 21:21


System information:
  OS: Linux-2.6.18-371.8.1.el5-x86_64-with-redhat-5.10-Tikanga
  Python version: 2.7.0
  CPUs number: 64

Started: 2014-06-02 14:11:33

Logging to /usit/invitro/data/galaxy/master/sabbai/galaxy-dist/database/job_working_directory/001/1990/dataset_2072_files/Scaffold/quast.log

NOTICE: Output directory already exists. Existing Nucmer alignments can be used.

NOTICE: Maximum number of threads is set to 64 (use --threads option to set it manually)

Reference:
  /usit/invitro/data/galaxy/master/sabbai/galaxy-dist/tools/comparative_assembly_statistics/reference/refGen/V_cholerae_O1_biovar_eltor_str_N1696.fna ==> V_cholerae_O1_biovar_eltor_str_N1696

Contigs:
  /usit/invitro/data/galaxy/master/sabbai/galaxy-dist/database/files/002/dataset_2029.dat ==> GAGE-B_abyss_hiseq_scf
  breaking scaffolds into contigs:
      146753 scaffolds (GAGE-B_abyss_hiseq_scf) were broken into 348 contigs (GAGE-B_abyss_hiseq_scf_broken)

2014-06-02 14:11:37
Running Basic statistics processor...
  Reference genome:
    V_cholerae_O1_biovar_eltor_str_N1696.fna, Reference length = 4033464, Reference GC % = 47.49
  Contig files: 
    1  GAGE-B_abyss_hiseq_scf broken
    2  GAGE-B_abyss_hiseq_scf
  Calculating N50 and L50...
    1  GAGE-B_abyss_hiseq_scf broken, N50 = 61204, L50 = 20, Total length = 4086764, GC % = 47.57, # N's per 100 kbp =  3.99
    2  GAGE-B_abyss_hiseq_scf, N50 = 217596, L50 = 6, Total length = 4109111, GC % = 47.57, # N's per 100 kbp =  424.33
  Drawing cumulative plot...
    saved to /usit/invitro/data/galaxy/master/sabbai/galaxy-dist/database/job_working_directory/001/1990/dataset_2072_files/Scaffold/basic_stats/cumulative_plot.pdf
  Drawing GC content plot...
    saved to /usit/invitro/data/galaxy/master/sabbai/galaxy-dist/database/job_working_directory/001/1990/dataset_2072_files/Scaffold/basic_stats/GC_content_plot.pdf
  Drawing Nx plot...
    saved to /usit/invitro/data/galaxy/master/sabbai/galaxy-dist/database/job_working_directory/001/1990/dataset_2072_files/Scaffold/basic_stats/Nx_plot.pdf
  Drawing NGx plot...
    saved to /usit/invitro/data/galaxy/master/sabbai/galaxy-dist/database/job_working_directory/001/1990/dataset_2072_files/Scaffold/basic_stats/NGx_plot.pdf
Done.

2014-06-02 14:11:39
Running Contig analyzer...
  1  GAGE-B_abyss_hiseq_scf broken
  2  GAGE-B_abyss_hiseq_scf
  1  Logging to files /usit/invitro/data/galaxy/master/sabbai/galaxy-dist/database/job_working_directory/001/1990/dataset_2072_files/Scaffold/contigs_reports/contigs_report_GAGE-B_abyss_hiseq_scf_broken.stdout and contigs_report_GAGE-B_abyss_hiseq_scf_broken.stderr...
  2  Logging to files /usit/invitro/data/galaxy/master/sabbai/galaxy-dist/database/job_working_directory/001/1990/dataset_2072_files/Scaffold/contigs_reports/contigs_report_GAGE-B_abyss_hiseq_scf.stdout and contigs_report_GAGE-B_abyss_hiseq_scf.stderr...
  1  Running Nucmer... 
  2  Running Nucmer... 
/usit/invitro/data/galaxy/master/sabbai/galaxy-dist/database/job_working_directory/001/1990/dataset_2072_files/Scaffold/contigs_reports/alignments_GAGE-B_abyss_hiseq_scf_broken.tsv
  25610 Analysis is finished.
/usit/invitro/data/galaxy/master/sabbai/galaxy-dist/database/job_working_directory/001/1990/dataset_2072_files/Scaffold/contigs_reports/alignments_GAGE-B_abyss_hiseq_scf.tsv
  27391 Analysis is finished.
  Creating total report...
    saved to /usit/invitro/data/galaxy/master/sabbai/galaxy-dist/database/job_working_directory/001/1990/dataset_2072_files/Scaffold/contigs_reports/misassemblies_report.txt, misassemblies_report.tsv, and misassemblies_report.tex
  Creating total report...
    saved to /usit/invitro/data/galaxy/master/sabbai/galaxy-dist/database/job_working_directory/001/1990/dataset_2072_files/Scaffold/contigs_reports/unaligned_report.txt, unaligned_report.tsv, and unaligned_report.tex
Done.

2014-06-02 14:11:57
Running NA-NGA calculation...
  Calculating NA50 and NGA50...
    1  GAGE-B_abyss_hiseq_scf broken, Largest alignment = 220353, NA50 = 61162, NGA50 = 61162, LA50 = 21, LGA50 = 21
    2  GAGE-B_abyss_hiseq_scf, Largest alignment = 522201, NA50 = 156774, NGA50 = 156774, LA50 = 7, LGA50 = 7
  Drawing cumulative plot...
    saved to /usit/invitro/data/galaxy/master/sabbai/galaxy-dist/database/job_working_directory/001/1990/dataset_2072_files/Scaffold/aligned_stats/cumulative_plot.pdf
  Drawing NAx plot...
    saved to /usit/invitro/data/galaxy/master/sabbai/galaxy-dist/database/job_working_directory/001/1990/dataset_2072_files/Scaffold/aligned_stats/NAx_plot.pdf
  Drawing NGAx plot...
    saved to /usit/invitro/data/galaxy/master/sabbai/galaxy-dist/database/job_working_directory/001/1990/dataset_2072_files/Scaffold/aligned_stats/NGAx_plot.pdf
  Done.

2014-06-02 14:11:58
Running Genome analyzer...
  Loaded 3693 genes
  NOTICE: Annotated operons file was not provided. Use -O option to specify it.
  1  GAGE-B_abyss_hiseq_scf broken
  2  GAGE-B_abyss_hiseq_scf
  Drawing genes cumulative plot...
    saved to /usit/invitro/data/galaxy/master/sabbai/galaxy-dist/database/job_working_directory/001/1990/dataset_2072_files/Scaffold/genome_stats/genes_cumulative_plot.pdf
  Drawing # complete genes histogram...
    saved to /usit/invitro/data/galaxy/master/sabbai/galaxy-dist/database/job_working_directory/001/1990/dataset_2072_files/Scaffold/genome_stats/complete_genes_histogram.pdf
  Drawing Genome fraction, % histogram...
    saved to /usit/invitro/data/galaxy/master/sabbai/galaxy-dist/database/job_working_directory/001/1990/dataset_2072_files/Scaffold/genome_stats/genome_fraction_histogram.pdf
Done.

NOTICE: Genes are not predicted by default. Use --gene-finding option to enable it.

2014-06-02 14:12:05
Summarizing...
  Creating total report...
    saved to /usit/invitro/data/galaxy/master/sabbai/galaxy-dist/database/job_working_directory/001/1990/dataset_2072_files/Scaffold/report.txt, report.tsv, and report.tex
  Transposed version of total report...
    saved to /usit/invitro/data/galaxy/master/sabbai/galaxy-dist/database/job_working_directory/001/1990/dataset_2072_files/Scaffold/transposed_report.txt, transposed_report.tsv, and transposed_report.tex
  HTML version saved to /usit/invitro/data/galaxy/master/sabbai/galaxy-dist/database/job_working_directory/001/1990/dataset_2072_files/Scaffold/report.html
  All pdf files are merged to /usit/invitro/data/galaxy/master/sabbai/galaxy-dist/database/job_working_directory/001/1990/dataset_2072_files/Scaffold/plots.pdf
Log saved to /usit/invitro/data/galaxy/master/sabbai/galaxy-dist/database/job_working_directory/001/1990/dataset_2072_files/Scaffold/quast.log

Finished: 2014-06-02 14:12:05
Elapsed time: 0:00:31.873823
