/software/galaxy/master/sabbai/galaxy-dist/tools/comparative_assembly_statistics/quast-2.2/quast.py -o /software/galaxy/master/sabbai/galaxy-dist/database/job_working_directory/002/2144/dataset_2226_files/Contig -R /software/galaxy/master/sabbai/galaxy-dist/tools/comparative_assembly_statistics/reference/refGen/V_cholerae_O1_biovar_eltor_str_N1696.fna -G /software/galaxy/master/sabbai/galaxy-dist/tools/comparative_assembly_statistics/reference/genefiles/V_cholerae_O1_biovar_eltor_str_N1696.gff -l GAGE-B, Cabog_7_0, Cabog_8_1 --contig-thresholds 200,1000 /software/galaxy/master/sabbai/galaxy-dist/database/files/002/dataset_2174.dat /software/galaxy/master/sabbai/galaxy-dist/database/files/002/dataset_2224.dat /software/galaxy/master/sabbai/galaxy-dist/database/files/002/dataset_2170.dat

Version 2.2, build 19.07.2013 21:21


System information:
  OS: Linux-2.6.32-431.11.2.el6.x86_64-x86_64-with-redhat-6.5-Santiago
  Python version: 2.7.6
  CPUs number: 64

Started: 2014-06-16 05:02:40

Logging to /software/galaxy/master/sabbai/galaxy-dist/database/job_working_directory/002/2144/dataset_2226_files/Contig/quast.log

NOTICE: Output directory already exists. Existing Nucmer alignments can be used.

NOTICE: Maximum number of threads is set to 64 (use --threads option to set it manually)

Reference:
  /software/galaxy/master/sabbai/galaxy-dist/tools/comparative_assembly_statistics/reference/refGen/V_cholerae_O1_biovar_eltor_str_N1696.fna ==> V_cholerae_O1_biovar_eltor_str_N1696

Contigs:
  /software/galaxy/master/sabbai/galaxy-dist/database/files/002/dataset_2174.dat ==> GAGE-B
  /software/galaxy/master/sabbai/galaxy-dist/database/files/002/dataset_2224.dat ==> Cabog_7_0
  /software/galaxy/master/sabbai/galaxy-dist/database/files/002/dataset_2170.dat ==> Cabog_8_1

2014-06-16 05:02:51
Running Basic statistics processor...
  Reference genome:
    V_cholerae_O1_biovar_eltor_str_N1696.fna, Reference length = 4033464, Reference GC % = 47.49
  Contig files: 
    1  GAGE-B
    2  Cabog_7_0
    3  Cabog_8_1
  Calculating N50 and L50...
    1  GAGE-B, N50 = 61249, L50 = 19, Total length = 3855600, GC % = 47.53, # N's per 100 kbp =  0.00
    2  Cabog_7_0, N50 = 57089, L50 = 20, Total length = 3848582, GC % = 47.54, # N's per 100 kbp =  0.00
    3  Cabog_8_1, N50 = 10437, L50 = 101, Total length = 3705707, GC % = 47.94, # N's per 100 kbp =  0.00
  Drawing cumulative plot...
    saved to /software/galaxy/master/sabbai/galaxy-dist/database/job_working_directory/002/2144/dataset_2226_files/Contig/basic_stats/cumulative_plot.pdf
  Drawing GC content plot...
    saved to /software/galaxy/master/sabbai/galaxy-dist/database/job_working_directory/002/2144/dataset_2226_files/Contig/basic_stats/GC_content_plot.pdf
  Drawing Nx plot...
    saved to /software/galaxy/master/sabbai/galaxy-dist/database/job_working_directory/002/2144/dataset_2226_files/Contig/basic_stats/Nx_plot.pdf
  Drawing NGx plot...
    saved to /software/galaxy/master/sabbai/galaxy-dist/database/job_working_directory/002/2144/dataset_2226_files/Contig/basic_stats/NGx_plot.pdf
Done.

2014-06-16 05:02:54
Running Contig analyzer...
  1  GAGE-B
  2  Cabog_7_0
  1  Logging to files /software/galaxy/master/sabbai/galaxy-dist/database/job_working_directory/002/2144/dataset_2226_files/Contig/contigs_reports/contigs_report_GAGE-B.stdout and contigs_report_GAGE-B.stderr...
  3  Cabog_8_1
  1  Running Nucmer... 
  2  Logging to files /software/galaxy/master/sabbai/galaxy-dist/database/job_working_directory/002/2144/dataset_2226_files/Contig/contigs_reports/contigs_report_Cabog_7_0.stdout and contigs_report_Cabog_7_0.stderr...
  3  Logging to files /software/galaxy/master/sabbai/galaxy-dist/database/job_working_directory/002/2144/dataset_2226_files/Contig/contigs_reports/contigs_report_Cabog_8_1.stdout and contigs_report_Cabog_8_1.stderr...
  2  Running Nucmer... 
  3  Running Nucmer... 
/software/galaxy/master/sabbai/galaxy-dist/database/job_working_directory/002/2144/dataset_2226_files/Contig/contigs_reports/alignments_Cabog_8_1.tsv
  7553 Analysis is finished.
/software/galaxy/master/sabbai/galaxy-dist/database/job_working_directory/002/2144/dataset_2226_files/Contig/contigs_reports/alignments_Cabog_7_0.tsv
  224329 Analysis is finished.
/software/galaxy/master/sabbai/galaxy-dist/database/job_working_directory/002/2144/dataset_2226_files/Contig/contigs_reports/alignments_GAGE-B.tsv
  48796 Analysis is finished.
  Creating total report...
    saved to /software/galaxy/master/sabbai/galaxy-dist/database/job_working_directory/002/2144/dataset_2226_files/Contig/contigs_reports/misassemblies_report.txt, misassemblies_report.tsv, and misassemblies_report.tex
  Creating total report...
    saved to /software/galaxy/master/sabbai/galaxy-dist/database/job_working_directory/002/2144/dataset_2226_files/Contig/contigs_reports/unaligned_report.txt, unaligned_report.tsv, and unaligned_report.tex
Done.

2014-06-16 05:03:08
Running NA-NGA calculation...
  Calculating NA50 and NGA50...
    1  GAGE-B, Largest alignment = 256726, NA50 = 57813, NGA50 = 53007, LA50 = 21, LGA50 = 22
    2  Cabog_7_0, Largest alignment = 224338, NA50 = 57089, NGA50 = 55585, LA50 = 20, LGA50 = 22
    3  Cabog_8_1, Largest alignment = 39047, NA50 = 10437, NGA50 = 9546, LA50 = 101, LGA50 = 118
  Drawing cumulative plot...
    saved to /software/galaxy/master/sabbai/galaxy-dist/database/job_working_directory/002/2144/dataset_2226_files/Contig/aligned_stats/cumulative_plot.pdf
  Drawing NAx plot...
    saved to /software/galaxy/master/sabbai/galaxy-dist/database/job_working_directory/002/2144/dataset_2226_files/Contig/aligned_stats/NAx_plot.pdf
  Drawing NGAx plot...
    saved to /software/galaxy/master/sabbai/galaxy-dist/database/job_working_directory/002/2144/dataset_2226_files/Contig/aligned_stats/NGAx_plot.pdf
  Done.

2014-06-16 05:03:10
Running Genome analyzer...
  Loaded 3693 genes
  NOTICE: Annotated operons file was not provided. Use -O option to specify it.
  1  GAGE-B
  2  Cabog_7_0
  3  Cabog_8_1
  Drawing genes cumulative plot...
    saved to /software/galaxy/master/sabbai/galaxy-dist/database/job_working_directory/002/2144/dataset_2226_files/Contig/genome_stats/genes_cumulative_plot.pdf
  Drawing # complete genes histogram...
    saved to /software/galaxy/master/sabbai/galaxy-dist/database/job_working_directory/002/2144/dataset_2226_files/Contig/genome_stats/complete_genes_histogram.pdf
  Drawing Genome fraction, % histogram...
    saved to /software/galaxy/master/sabbai/galaxy-dist/database/job_working_directory/002/2144/dataset_2226_files/Contig/genome_stats/genome_fraction_histogram.pdf
Done.

NOTICE: Genes are not predicted by default. Use --gene-finding option to enable it.

2014-06-16 05:03:19
Summarizing...
  Creating total report...
    saved to /software/galaxy/master/sabbai/galaxy-dist/database/job_working_directory/002/2144/dataset_2226_files/Contig/report.txt, report.tsv, and report.tex
  Transposed version of total report...
    saved to /software/galaxy/master/sabbai/galaxy-dist/database/job_working_directory/002/2144/dataset_2226_files/Contig/transposed_report.txt, transposed_report.tsv, and transposed_report.tex
  HTML version saved to /software/galaxy/master/sabbai/galaxy-dist/database/job_working_directory/002/2144/dataset_2226_files/Contig/report.html
  All pdf files are merged to /software/galaxy/master/sabbai/galaxy-dist/database/job_working_directory/002/2144/dataset_2226_files/Contig/plots.pdf
Log saved to /software/galaxy/master/sabbai/galaxy-dist/database/job_working_directory/002/2144/dataset_2226_files/Contig/quast.log

Finished: 2014-06-16 05:03:19
Elapsed time: 0:00:39.078199
