/usit/invitro/data/galaxy/master/sabbai/galaxy-dist/tools/assembly_benchmark/quast/quast.py -o /usit/invitro/data/galaxy/master/sabbai/galaxy-dist/database/job_working_directory/000/691/dataset_728_files -R /usit/invitro/data/galaxy/master/sabbai/galaxy-dist/database/files/000/dataset_395.dat -l velvet -G /usit/invitro/data/galaxy/master/sabbai/galaxy-dist/database/files/000/dataset_397.dat /usit/invitro/data/galaxy/master/sabbai/galaxy-dist/database/files/000/dataset_390.dat

Version 2.2, build 19.07.2013 21:21


System information:
  OS: Linux-2.6.18-371.el5-x86_64-with-redhat-5.10-Tikanga
  Python version: 2.7.0
  CPUs number: 64

Started: 2014-02-21 05:34:43

Logging to /usit/invitro/data/galaxy/master/sabbai/galaxy-dist/database/job_working_directory/000/691/dataset_728_files/quast.log

NOTICE: Output directory already exists. Existing Nucmer alignments can be used.

NOTICE: Maximum number of threads is set to 64 (use --threads option to set it manually)

Reference:
  /usit/invitro/data/galaxy/master/sabbai/galaxy-dist/database/files/000/dataset_395.dat ==> dataset_395

Contigs:
  /usit/invitro/data/galaxy/master/sabbai/galaxy-dist/database/files/000/dataset_390.dat ==> velvet

2014-02-21 05:34:47
Running Basic statistics processor...
  Reference genome:
    dataset_395.dat, Reference length = 1072315, Reference GC % = 46.91
  Contig files: 
    velvet
  Calculating N50 and L50...
    velvet, N50 = 92036, L50 = 15, Total length = 3944260, GC % = 47.52, # N's per 100 kbp =  0.00
  Drawing cumulative plot...
    saved to /usit/invitro/data/galaxy/master/sabbai/galaxy-dist/database/job_working_directory/000/691/dataset_728_files/basic_stats/cumulative_plot.pdf
  Drawing GC content plot...
    saved to /usit/invitro/data/galaxy/master/sabbai/galaxy-dist/database/job_working_directory/000/691/dataset_728_files/basic_stats/GC_content_plot.pdf
  Drawing Nx plot...
    saved to /usit/invitro/data/galaxy/master/sabbai/galaxy-dist/database/job_working_directory/000/691/dataset_728_files/basic_stats/Nx_plot.pdf
  Drawing NGx plot...
    saved to /usit/invitro/data/galaxy/master/sabbai/galaxy-dist/database/job_working_directory/000/691/dataset_728_files/basic_stats/NGx_plot.pdf
Done.

2014-02-21 05:34:49
Running Contig analyzer...
  velvet
  Logging to files /usit/invitro/data/galaxy/master/sabbai/galaxy-dist/database/job_working_directory/000/691/dataset_728_files/contigs_reports/contigs_report_velvet.stdout and contigs_report_velvet.stderr...
  Running Nucmer... 
/usit/invitro/data/galaxy/master/sabbai/galaxy-dist/database/job_working_directory/000/691/dataset_728_files/contigs_reports/alignments_velvet.tsv
  Analysis is finished.
  Creating total report...
    saved to /usit/invitro/data/galaxy/master/sabbai/galaxy-dist/database/job_working_directory/000/691/dataset_728_files/contigs_reports/misassemblies_report.txt, misassemblies_report.tsv, and misassemblies_report.tex
  Creating total report...
    saved to /usit/invitro/data/galaxy/master/sabbai/galaxy-dist/database/job_working_directory/000/691/dataset_728_files/contigs_reports/unaligned_report.txt, unaligned_report.tsv, and unaligned_report.tex
Done.

2014-02-21 05:34:58
Running NA-NGA calculation...
  Calculating NA50 and NGA50...
    velvet, Largest alignment = 140621, NA50 = None, NGA50 = 47047, LA50 = None, LGA50 = 8
  Drawing cumulative plot...
    saved to /usit/invitro/data/galaxy/master/sabbai/galaxy-dist/database/job_working_directory/000/691/dataset_728_files/aligned_stats/cumulative_plot.pdf
  Drawing NAx plot...
    saved to /usit/invitro/data/galaxy/master/sabbai/galaxy-dist/database/job_working_directory/000/691/dataset_728_files/aligned_stats/NAx_plot.pdf
  Drawing NGAx plot...
    saved to /usit/invitro/data/galaxy/master/sabbai/galaxy-dist/database/job_working_directory/000/691/dataset_728_files/aligned_stats/NGAx_plot.pdf
  Done.

2014-02-21 05:34:59
Running Genome analyzer...
  Loaded 1003 genes
  NOTICE: Annotated operons file was not provided. Use -O option to specify it.
  velvet
  Drawing genes cumulative plot...
    saved to /usit/invitro/data/galaxy/master/sabbai/galaxy-dist/database/job_working_directory/000/691/dataset_728_files/genome_stats/genes_cumulative_plot.pdf
  Drawing # complete genes histogram...
    saved to /usit/invitro/data/galaxy/master/sabbai/galaxy-dist/database/job_working_directory/000/691/dataset_728_files/genome_stats/complete_genes_histogram.pdf
  Drawing Genome fraction, % histogram...
    saved to /usit/invitro/data/galaxy/master/sabbai/galaxy-dist/database/job_working_directory/000/691/dataset_728_files/genome_stats/genome_fraction_histogram.pdf
Done.

NOTICE: Genes are not predicted by default. Use --gene-finding option to enable it.

2014-02-21 05:35:01
Summarizing...
  Creating total report...
    saved to /usit/invitro/data/galaxy/master/sabbai/galaxy-dist/database/job_working_directory/000/691/dataset_728_files/report.txt, report.tsv, and report.tex
  Transposed version of total report...
    saved to /usit/invitro/data/galaxy/master/sabbai/galaxy-dist/database/job_working_directory/000/691/dataset_728_files/transposed_report.txt, transposed_report.tsv, and transposed_report.tex
  HTML version saved to /usit/invitro/data/galaxy/master/sabbai/galaxy-dist/database/job_working_directory/000/691/dataset_728_files/report.html
  All pdf files are merged to /usit/invitro/data/galaxy/master/sabbai/galaxy-dist/database/job_working_directory/000/691/dataset_728_files/plots.pdf
Log saved to /usit/invitro/data/galaxy/master/sabbai/galaxy-dist/database/job_working_directory/000/691/dataset_728_files/quast.log

Finished: 2014-02-21 05:35:01
Elapsed time: 0:00:17.658299
