/usit/invitro/data/galaxy/master/sabbai/galaxy-dist/tools/assembly_benchmark/quast/quast.py -o /usit/invitro/data/galaxy/master/sabbai/galaxy-dist/database/job_working_directory/001/1330/dataset_1413_files/Contig -R /usit/invitro/data/galaxy/master/sabbai/galaxy-dist/tools/assembly_benchmark/reference/refGen/A_hydrophila_ATCC_7966.fna -G /usit/invitro/data/galaxy/master/sabbai/galaxy-dist/tools/assembly_benchmark/reference/genefiles/A_hydrophila_ATCC_7966.gff /usit/invitro/data/galaxy/master/sabbai/galaxy-dist/database/files/000/dataset_480.dat /usit/invitro/data/galaxy/master/sabbai/galaxy-dist/database/files/000/dataset_482.dat

Version 2.2, build 19.07.2013 21:21


System information:
  OS: Linux-2.6.18-371.el5-x86_64-with-redhat-5.10-Tikanga
  Python version: 2.7.0
  CPUs number: 64

Started: 2014-04-14 01:50:28

Logging to /usit/invitro/data/galaxy/master/sabbai/galaxy-dist/database/job_working_directory/001/1330/dataset_1413_files/Contig/quast.log

NOTICE: Output directory already exists. Existing Nucmer alignments can be used.

NOTICE: Maximum number of threads is set to 64 (use --threads option to set it manually)

Reference:
  /usit/invitro/data/galaxy/master/sabbai/galaxy-dist/tools/assembly_benchmark/reference/refGen/A_hydrophila_ATCC_7966.fna ==> A_hydrophila_ATCC_7966

Contigs:
  /usit/invitro/data/galaxy/master/sabbai/galaxy-dist/database/files/000/dataset_480.dat ==> dataset_480.dat
  /usit/invitro/data/galaxy/master/sabbai/galaxy-dist/database/files/000/dataset_482.dat ==> dataset_482.dat

2014-04-14 01:50:34
Running Basic statistics processor...
  Reference genome:
    A_hydrophila_ATCC_7966.fna, Reference length = 4744448, Reference GC % = 61.55
  Contig files: 
    1  dataset_480.dat
    2  dataset_482.dat
  Calculating N50 and L50...
    1  dataset_480.dat, N50 = 237457, L50 = 7, Total length = 4969260, GC % = 61.53, # N's per 100 kbp =  1.83
    2  dataset_482.dat, N50 = 278382, L50 = 6, Total length = 5004541, GC % = 61.60, # N's per 100 kbp =  0.00
  Drawing cumulative plot...
    saved to /usit/invitro/data/galaxy/master/sabbai/galaxy-dist/database/job_working_directory/001/1330/dataset_1413_files/Contig/basic_stats/cumulative_plot.pdf
  Drawing GC content plot...
    saved to /usit/invitro/data/galaxy/master/sabbai/galaxy-dist/database/job_working_directory/001/1330/dataset_1413_files/Contig/basic_stats/GC_content_plot.pdf
  Drawing Nx plot...
    saved to /usit/invitro/data/galaxy/master/sabbai/galaxy-dist/database/job_working_directory/001/1330/dataset_1413_files/Contig/basic_stats/Nx_plot.pdf
  Drawing NGx plot...
    saved to /usit/invitro/data/galaxy/master/sabbai/galaxy-dist/database/job_working_directory/001/1330/dataset_1413_files/Contig/basic_stats/NGx_plot.pdf
Done.

2014-04-14 01:50:36
Running Contig analyzer...
  1  dataset_480.dat
  1  Logging to files /usit/invitro/data/galaxy/master/sabbai/galaxy-dist/database/job_working_directory/001/1330/dataset_1413_files/Contig/contigs_reports/contigs_report_dataset_480.stdout and contigs_report_dataset_480.stderr...
  2  dataset_482.dat
  1  Running Nucmer... 
  2  Logging to files /usit/invitro/data/galaxy/master/sabbai/galaxy-dist/database/job_working_directory/001/1330/dataset_1413_files/Contig/contigs_reports/contigs_report_dataset_482.stdout and contigs_report_dataset_482.stderr...
  2  Running Nucmer... 
/usit/invitro/data/galaxy/master/sabbai/galaxy-dist/database/job_working_directory/001/1330/dataset_1413_files/Contig/contigs_reports/alignments_dataset_480.tsv
  20244 Analysis is finished.
/usit/invitro/data/galaxy/master/sabbai/galaxy-dist/database/job_working_directory/001/1330/dataset_1413_files/Contig/contigs_reports/alignments_dataset_482.tsv
  20486 Analysis is finished.
  Creating total report...
    saved to /usit/invitro/data/galaxy/master/sabbai/galaxy-dist/database/job_working_directory/001/1330/dataset_1413_files/Contig/contigs_reports/misassemblies_report.txt, misassemblies_report.tsv, and misassemblies_report.tex
  Creating total report...
    saved to /usit/invitro/data/galaxy/master/sabbai/galaxy-dist/database/job_working_directory/001/1330/dataset_1413_files/Contig/contigs_reports/unaligned_report.txt, unaligned_report.tsv, and unaligned_report.tex
Done.

2014-04-14 01:51:33
Running NA-NGA calculation...
  Calculating NA50 and NGA50...
    1  dataset_480.dat, Largest alignment = 52419, NA50 = None, NGA50 = None, LA50 = None, LGA50 = None
    2  dataset_482.dat, Largest alignment = 52397, NA50 = None, NGA50 = None, LA50 = None, LGA50 = None
  Drawing cumulative plot...
    saved to /usit/invitro/data/galaxy/master/sabbai/galaxy-dist/database/job_working_directory/001/1330/dataset_1413_files/Contig/aligned_stats/cumulative_plot.pdf
  Drawing NAx plot...
    saved to /usit/invitro/data/galaxy/master/sabbai/galaxy-dist/database/job_working_directory/001/1330/dataset_1413_files/Contig/aligned_stats/NAx_plot.pdf
  Drawing NGAx plot...
    saved to /usit/invitro/data/galaxy/master/sabbai/galaxy-dist/database/job_working_directory/001/1330/dataset_1413_files/Contig/aligned_stats/NGAx_plot.pdf
  Done.

2014-04-14 01:51:35
Running Genome analyzer...
  Loaded 4284 genes
  NOTICE: Annotated operons file was not provided. Use -O option to specify it.
  1  dataset_480.dat
  2  dataset_482.dat
  Drawing genes cumulative plot...
    saved to /usit/invitro/data/galaxy/master/sabbai/galaxy-dist/database/job_working_directory/001/1330/dataset_1413_files/Contig/genome_stats/genes_cumulative_plot.pdf
  Drawing # complete genes histogram...
    saved to /usit/invitro/data/galaxy/master/sabbai/galaxy-dist/database/job_working_directory/001/1330/dataset_1413_files/Contig/genome_stats/complete_genes_histogram.pdf
  Drawing Genome fraction, % histogram...
    saved to /usit/invitro/data/galaxy/master/sabbai/galaxy-dist/database/job_working_directory/001/1330/dataset_1413_files/Contig/genome_stats/genome_fraction_histogram.pdf
Done.

NOTICE: Genes are not predicted by default. Use --gene-finding option to enable it.

2014-04-14 01:51:40
Summarizing...
  Creating total report...
    saved to /usit/invitro/data/galaxy/master/sabbai/galaxy-dist/database/job_working_directory/001/1330/dataset_1413_files/Contig/report.txt, report.tsv, and report.tex
  Transposed version of total report...
    saved to /usit/invitro/data/galaxy/master/sabbai/galaxy-dist/database/job_working_directory/001/1330/dataset_1413_files/Contig/transposed_report.txt, transposed_report.tsv, and transposed_report.tex
  HTML version saved to /usit/invitro/data/galaxy/master/sabbai/galaxy-dist/database/job_working_directory/001/1330/dataset_1413_files/Contig/report.html
  All pdf files are merged to /usit/invitro/data/galaxy/master/sabbai/galaxy-dist/database/job_working_directory/001/1330/dataset_1413_files/Contig/plots.pdf
Log saved to /usit/invitro/data/galaxy/master/sabbai/galaxy-dist/database/job_working_directory/001/1330/dataset_1413_files/Contig/quast.log

Finished: 2014-04-14 01:51:40
Elapsed time: 0:01:11.835920
