/usit/invitro/data/galaxy/master/sabbai/galaxy-dist/tools/comparative_assembly_statistics/quast-2.2/quast.py -o /usit/invitro/data/galaxy/master/sabbai/galaxy-dist/database/job_working_directory/001/1747/dataset_1829_files/Combined_dataset -R /usit/invitro/data/galaxy/master/sabbai/galaxy-dist/tools/comparative_assembly_statistics/reference/refGen/A_hydrophila_ATCC_7966.fna -G /usit/invitro/data/galaxy/master/sabbai/galaxy-dist/tools/comparative_assembly_statistics/reference/genefiles/A_hydrophila_ATCC_7966.gff -l contig, scaffold /usit/invitro/data/galaxy/master/sabbai/galaxy-dist/database/files/000/dataset_480.dat /usit/invitro/data/galaxy/master/sabbai/galaxy-dist/database/files/000/dataset_585.dat

Version 2.2, build 19.07.2013 21:21


System information:
  OS: Linux-2.6.18-371.el5-x86_64-with-redhat-5.10-Tikanga
  Python version: 2.7.0
  CPUs number: 64

Started: 2014-05-04 15:22:15

Logging to /usit/invitro/data/galaxy/master/sabbai/galaxy-dist/database/job_working_directory/001/1747/dataset_1829_files/Combined_dataset/quast.log

NOTICE: Output directory already exists. Existing Nucmer alignments can be used.

NOTICE: Maximum number of threads is set to 64 (use --threads option to set it manually)

Reference:
  /usit/invitro/data/galaxy/master/sabbai/galaxy-dist/tools/comparative_assembly_statistics/reference/refGen/A_hydrophila_ATCC_7966.fna ==> A_hydrophila_ATCC_7966

Contigs:
  /usit/invitro/data/galaxy/master/sabbai/galaxy-dist/database/files/000/dataset_480.dat ==> contig
  /usit/invitro/data/galaxy/master/sabbai/galaxy-dist/database/files/000/dataset_585.dat ==> scaffold

2014-05-04 15:22:17
Running Basic statistics processor...
  Reference genome:
    A_hydrophila_ATCC_7966.fna, Reference length = 4744448, Reference GC % = 61.55
  Contig files: 
    1  contig
    2  scaffold
  Calculating N50 and L50...
    1  contig, N50 = 237457, L50 = 7, Total length = 4969260, GC % = 61.53, # N's per 100 kbp =  1.83
    2  scaffold, N50 = 268392, L50 = 6, Total length = 4969781, GC % = 61.53, # N's per 100 kbp =  9.88
  Drawing cumulative plot...
    saved to /usit/invitro/data/galaxy/master/sabbai/galaxy-dist/database/job_working_directory/001/1747/dataset_1829_files/Combined_dataset/basic_stats/cumulative_plot.pdf
  Drawing GC content plot...
    saved to /usit/invitro/data/galaxy/master/sabbai/galaxy-dist/database/job_working_directory/001/1747/dataset_1829_files/Combined_dataset/basic_stats/GC_content_plot.pdf
  Drawing Nx plot...
    saved to /usit/invitro/data/galaxy/master/sabbai/galaxy-dist/database/job_working_directory/001/1747/dataset_1829_files/Combined_dataset/basic_stats/Nx_plot.pdf
  Drawing NGx plot...
    saved to /usit/invitro/data/galaxy/master/sabbai/galaxy-dist/database/job_working_directory/001/1747/dataset_1829_files/Combined_dataset/basic_stats/NGx_plot.pdf
Done.

2014-05-04 15:22:19
Running Contig analyzer...
  1  contig
  1  Logging to files /usit/invitro/data/galaxy/master/sabbai/galaxy-dist/database/job_working_directory/001/1747/dataset_1829_files/Combined_dataset/contigs_reports/contigs_report_contig.stdout and contigs_report_contig.stderr...
  2  scaffold
  1  Running Nucmer... 
  2  Logging to files /usit/invitro/data/galaxy/master/sabbai/galaxy-dist/database/job_working_directory/001/1747/dataset_1829_files/Combined_dataset/contigs_reports/contigs_report_scaffold.stdout and contigs_report_scaffold.stderr...
  2  Running Nucmer... 
/usit/invitro/data/galaxy/master/sabbai/galaxy-dist/database/job_working_directory/001/1747/dataset_1829_files/Combined_dataset/contigs_reports/alignments_contig.tsv
  20244 Analysis is finished.
/usit/invitro/data/galaxy/master/sabbai/galaxy-dist/database/job_working_directory/001/1747/dataset_1829_files/Combined_dataset/contigs_reports/alignments_scaffold.tsv
  2774 Analysis is finished.
  Creating total report...
    saved to /usit/invitro/data/galaxy/master/sabbai/galaxy-dist/database/job_working_directory/001/1747/dataset_1829_files/Combined_dataset/contigs_reports/misassemblies_report.txt, misassemblies_report.tsv, and misassemblies_report.tex
  Creating total report...
    saved to /usit/invitro/data/galaxy/master/sabbai/galaxy-dist/database/job_working_directory/001/1747/dataset_1829_files/Combined_dataset/contigs_reports/unaligned_report.txt, unaligned_report.tsv, and unaligned_report.tex
Done.

2014-05-04 15:23:15
Running NA-NGA calculation...
  Calculating NA50 and NGA50...
    1  contig, Largest alignment = 52419, NA50 = None, NGA50 = None, LA50 = None, LGA50 = None
    2  scaffold, Largest alignment = 52419, NA50 = None, NGA50 = None, LA50 = None, LGA50 = None
  Drawing cumulative plot...
    saved to /usit/invitro/data/galaxy/master/sabbai/galaxy-dist/database/job_working_directory/001/1747/dataset_1829_files/Combined_dataset/aligned_stats/cumulative_plot.pdf
  Drawing NAx plot...
    saved to /usit/invitro/data/galaxy/master/sabbai/galaxy-dist/database/job_working_directory/001/1747/dataset_1829_files/Combined_dataset/aligned_stats/NAx_plot.pdf
  Drawing NGAx plot...
    saved to /usit/invitro/data/galaxy/master/sabbai/galaxy-dist/database/job_working_directory/001/1747/dataset_1829_files/Combined_dataset/aligned_stats/NGAx_plot.pdf
  Done.

2014-05-04 15:23:16
Running Genome analyzer...
  Loaded 4284 genes
  NOTICE: Annotated operons file was not provided. Use -O option to specify it.
  1  contig
  2  scaffold
  Drawing genes cumulative plot...
    saved to /usit/invitro/data/galaxy/master/sabbai/galaxy-dist/database/job_working_directory/001/1747/dataset_1829_files/Combined_dataset/genome_stats/genes_cumulative_plot.pdf
  Drawing # complete genes histogram...
    saved to /usit/invitro/data/galaxy/master/sabbai/galaxy-dist/database/job_working_directory/001/1747/dataset_1829_files/Combined_dataset/genome_stats/complete_genes_histogram.pdf
  Drawing Genome fraction, % histogram...
    saved to /usit/invitro/data/galaxy/master/sabbai/galaxy-dist/database/job_working_directory/001/1747/dataset_1829_files/Combined_dataset/genome_stats/genome_fraction_histogram.pdf
Done.

NOTICE: Genes are not predicted by default. Use --gene-finding option to enable it.

2014-05-04 15:23:21
Summarizing...
  Creating total report...
    saved to /usit/invitro/data/galaxy/master/sabbai/galaxy-dist/database/job_working_directory/001/1747/dataset_1829_files/Combined_dataset/report.txt, report.tsv, and report.tex
  Transposed version of total report...
    saved to /usit/invitro/data/galaxy/master/sabbai/galaxy-dist/database/job_working_directory/001/1747/dataset_1829_files/Combined_dataset/transposed_report.txt, transposed_report.tsv, and transposed_report.tex
  HTML version saved to /usit/invitro/data/galaxy/master/sabbai/galaxy-dist/database/job_working_directory/001/1747/dataset_1829_files/Combined_dataset/report.html
  All pdf files are merged to /usit/invitro/data/galaxy/master/sabbai/galaxy-dist/database/job_working_directory/001/1747/dataset_1829_files/Combined_dataset/plots.pdf
Log saved to /usit/invitro/data/galaxy/master/sabbai/galaxy-dist/database/job_working_directory/001/1747/dataset_1829_files/Combined_dataset/quast.log

Finished: 2014-05-04 15:23:21
Elapsed time: 0:01:06.593136
