Aligning contigs to reference...
	Running Nucmer...
Parsing coords...
Loading Assembly...
Loading reference...
	Loaded [gi|42779081|ref|NC_003909.8|_Bacillus_cereus_ATCC_10987__complete_genome]
	Loaded [gi|44004339|ref|NC_005707.1|_Bacillus_cereus_ATCC_10987_plasmid_pBc10987__complete_sequence]
Loading SNPs...
Loading regions...
	No regions given, using whole reference.
	Total Regions: 2
	Total Region Length: 5432652
Analyzing contigs...
CONTIG: NODE_268_length_38868_cov_46.256302_1 (38930bp)
Top Length: 69  Top ID: 100.0
		This contig is partially unaligned. (69 out of 38930)
		Alignment: 1080080 1080148 | 10758 10826 | 69 69 | 100.0 | gi|42779081|ref|NC_003909.8|_Bacillus_cereus_ATCC_10987__complete_genome NODE_268_length_38868_cov_46.256302_1
		Unaligned bases: 1 to 10757 (10757)
		Unaligned bases: 10827 to 38930 (28104)

CONTIG: NODE_228_length_15342_cov_133.701080_1 (15404bp)
		This contig is unaligned. (15404 bp)
		Unaligned bases: 15404  total: 15404

CONTIG: NODE_500_length_3577_cov_41.799831_1 (3639bp)
		This contig is unaligned. (3639 bp)
		Unaligned bases: 3639  total: 19043

CONTIG: NODE_174_length_41325_cov_49.437702_1 (41387bp)
Top Length: 69  Top ID: 100.0
		This contig is partially unaligned. (69 out of 41387)
		Alignment: 1080080 1080148 | 35945 35877 | 69 69 | 100.0 | gi|42779081|ref|NC_003909.8|_Bacillus_cereus_ATCC_10987__complete_genome NODE_174_length_41325_cov_49.437702_1
		Unaligned bases: 1 to 35876 (35876)
		Unaligned bases: 35946 to 41387 (5442)

CONTIG: NODE_762_length_1125_cov_87.760002_1 (1187bp)
		This contig is unaligned. (1187 bp)
		Unaligned bases: 1187  total: 20230

CONTIG: NODE_295_length_1096_cov_39.632298_1 (1158bp)
		This contig is unaligned. (1158 bp)
		Unaligned bases: 1158  total: 21388

CONTIG: NODE_547_length_8031_cov_76.210182_1 (8093bp)
		This contig is unaligned. (8093 bp)
		Unaligned bases: 8093  total: 29481

CONTIG: NODE_384_length_11452_cov_77.142685_1 (11514bp)
		This contig is unaligned. (11514 bp)
		Unaligned bases: 11514  total: 40995

CONTIG: NODE_499_length_9819_cov_120.411247_1 (9881bp)
		This contig is unaligned. (9881 bp)
		Unaligned bases: 9881  total: 50876

CONTIG: NODE_767_length_498_cov_40.600403_1 (560bp)
		This contig is unaligned. (560 bp)
		Unaligned bases: 560  total: 51436

CONTIG: NODE_61_length_17750_cov_138.308167_1 (17812bp)
Top Length: 116  Top ID: 96.55
		This contig is partially unaligned. (116 out of 17812)
		Alignment: 4655825 4655940 | 1 116 | 116 116 | 96.55 | gi|42779081|ref|NC_003909.8|_Bacillus_cereus_ATCC_10987__complete_genome NODE_61_length_17750_cov_138.308167_1
		Unaligned bases: 117 to 17812 (17696)

CONTIG: NODE_386_length_1602_cov_74.360176_1 (1664bp)
		This contig is unaligned. (1664 bp)
		Unaligned bases: 1664  total: 53100

CONTIG: NODE_158_length_13172_cov_135.246429_1 (13234bp)
		This contig is unaligned. (13234 bp)
		Unaligned bases: 13234  total: 66334

CONTIG: NODE_73_length_6170_cov_753.995300_1 (6232bp)
		This contig is unaligned. (6232 bp)
		Unaligned bases: 6232  total: 72566

CONTIG: NODE_311_length_1722_cov_79.251450_1 (1784bp)
		This contig is unaligned. (1784 bp)
		Unaligned bases: 1784  total: 74350

CONTIG: NODE_411_length_14572_cov_111.355270_1 (14634bp)
		This contig is unaligned. (14634 bp)
		Unaligned bases: 14634  total: 88984

CONTIG: NODE_292_length_31311_cov_114.941780_1 (31373bp)
		This contig is unaligned. (31373 bp)
		Unaligned bases: 31373  total: 120357

CONTIG: NODE_348_length_4283_cov_87.518097_1 (4345bp)
		This contig is unaligned. (4345 bp)
		Unaligned bases: 4345  total: 124702

CONTIG: NODE_554_length_12153_cov_73.285858_2 (10457bp)
		This contig is unaligned. (10457 bp)
		Unaligned bases: 10457  total: 135159

CONTIG: NODE_554_length_12153_cov_73.285858_1 (1748bp)
		This contig is unaligned. (1748 bp)
		Unaligned bases: 1748  total: 136907

CONTIG: NODE_254_length_2803_cov_52.337139_1 (2865bp)
		This contig is unaligned. (2865 bp)
		Unaligned bases: 2865  total: 139772

CONTIG: NODE_112_length_1036_cov_103.652512_1 (1098bp)
		This contig is unaligned. (1098 bp)
		Unaligned bases: 1098  total: 140870

CONTIG: NODE_480_length_5441_cov_57.641243_1 (5503bp)
		This contig is unaligned. (5503 bp)
		Unaligned bases: 5503  total: 146373

CONTIG: NODE_127_length_16494_cov_101.052078_1 (15966bp)
Top Length: 633  Top ID: 95.9
		Skipping redundant alignment 4649263 4649334 | 11424 11495 | 72 72 | 100.0 | gi|42779081|ref|NC_003909.8|_Bacillus_cereus_ATCC_10987__complete_genome NODE_127_length_16494_cov_101.052078_1
		Skipping redundant alignment 279452 279522 | 11494 11424 | 71 71 | 100.0 | gi|42779081|ref|NC_003909.8|_Bacillus_cereus_ATCC_10987__complete_genome NODE_127_length_16494_cov_101.052078_1
		Skipping redundant alignment 823436 823517 | 15589 15509 | 82 81 | 98.78 | gi|42779081|ref|NC_003909.8|_Bacillus_cereus_ATCC_10987__complete_genome NODE_127_length_16494_cov_101.052078_1
		Skipping redundant alignment 4650429 4650510 | 15509 15589 | 82 81 | 98.78 | gi|42779081|ref|NC_003909.8|_Bacillus_cereus_ATCC_10987__complete_genome NODE_127_length_16494_cov_101.052078_1
		Skipping redundant alignment 278940 279022 | 15672 15590 | 83 83 | 98.8 | gi|42779081|ref|NC_003909.8|_Bacillus_cereus_ATCC_10987__complete_genome NODE_127_length_16494_cov_101.052078_1
		Skipping redundant alignment 823159 823235 | 15667 15591 | 77 77 | 100.0 | gi|42779081|ref|NC_003909.8|_Bacillus_cereus_ATCC_10987__complete_genome NODE_127_length_16494_cov_101.052078_1
		This contig is misassembled. 8 total aligns.
			Warning! This contig is more unaligned than misassembled. Contig length is 15966 and total length of all aligns is 708
		Alignment: 610510 611141 | 15966 15334 | 632 633 | 95.9 | gi|42779081|ref|NC_003909.8|_Bacillus_cereus_ATCC_10987__complete_genome NODE_127_length_16494_cov_101.052078_1
		Alignment: 4248301 4248375 | 11421 11495 | 75 75 | 100.0 | gi|42779081|ref|NC_003909.8|_Bacillus_cereus_ATCC_10987__complete_genome NODE_127_length_16494_cov_101.052078_1
		Unaligned bases: 15258
		This contig has both significant aligned and unaligned parts (of length >= min-contig)!
CONTIG: NODE_533_length_2743_cov_75.557053_1 (2805bp)
		This contig is unaligned. (2805 bp)
		Unaligned bases: 2805  total: 149178

CONTIG: NODE_375_length_34511_cov_52.937180_1 (34109bp)
		This contig is unaligned. (34109 bp)
		Unaligned bases: 34109  total: 183287

CONTIG: NODE_341_length_52219_cov_138.163269_1 (52281bp)
		This contig is unaligned. (52281 bp)
		Unaligned bases: 52281  total: 235568

CONTIG: NODE_452_length_7845_cov_73.076485_1 (7907bp)
		This contig is unaligned. (7907 bp)
		Unaligned bases: 7907  total: 243475

CONTIG: NODE_791_length_978_cov_48.224949_1 (1040bp)
		This contig is unaligned. (1040 bp)
		Unaligned bases: 1040  total: 244515

CONTIG: NODE_667_length_2447_cov_38.067429_1 (2509bp)
		This contig is unaligned. (2509 bp)
		Unaligned bases: 2509  total: 247024

CONTIG: NODE_435_length_26895_cov_134.517044_1 (26957bp)
		This contig is unaligned. (26957 bp)
		Unaligned bases: 26957  total: 273981

CONTIG: NODE_665_length_8813_cov_69.211960_1 (8875bp)
		This contig is unaligned. (8875 bp)
		Unaligned bases: 8875  total: 282856

CONTIG: NODE_293_length_9746_cov_41.285862_1 (9808bp)
		This contig is unaligned. (9808 bp)
		Unaligned bases: 9808  total: 292664

CONTIG: NODE_378_length_267097_cov_66.815758_1 (267159bp)
		This contig is unaligned. (267159 bp)
		Unaligned bases: 267159  total: 559823

CONTIG: NODE_456_length_1442_cov_61.978500_1 (1504bp)
		This contig is unaligned. (1504 bp)
		Unaligned bases: 1504  total: 561327

CONTIG: NODE_231_length_20847_cov_44.544971_1 (20909bp)
		This contig is unaligned. (20909 bp)
		Unaligned bases: 20909  total: 582236

CONTIG: NODE_532_length_9187_cov_79.414825_1 (9249bp)
		This contig is unaligned. (9249 bp)
		Unaligned bases: 9249  total: 591485

CONTIG: NODE_234_length_14633_cov_68.991524_1 (14695bp)
		This contig is unaligned. (14695 bp)
		Unaligned bases: 14695  total: 606180

CONTIG: NODE_354_length_3819_cov_45.516365_1 (3881bp)
		This contig is unaligned. (3881 bp)
		Unaligned bases: 3881  total: 610061

CONTIG: NODE_385_length_159970_cov_75.634666_1 (11098bp)
		This contig is unaligned. (11098 bp)
		Unaligned bases: 11098  total: 621159

CONTIG: NODE_550_length_727_cov_73.004128_1 (789bp)
		This contig is unaligned. (789 bp)
		Unaligned bases: 789  total: 621948

CONTIG: NODE_212_length_12944_cov_81.904976_1 (13006bp)
		This contig is unaligned. (13006 bp)
		Unaligned bases: 13006  total: 634954

CONTIG: NODE_853_length_24387_cov_73.421944_2 (16133bp)
		This contig is unaligned. (16133 bp)
		Unaligned bases: 16133  total: 651087

CONTIG: NODE_418_length_1072_cov_411.438446_1 (1134bp)
		This contig is unaligned. (1134 bp)
		Unaligned bases: 1134  total: 652221

CONTIG: NODE_202_length_29147_cov_105.890900_1 (29209bp)
		This contig is unaligned. (29209 bp)
		Unaligned bases: 29209  total: 681430

CONTIG: NODE_153_length_6200_cov_116.829674_1 (6262bp)
		This contig is unaligned. (6262 bp)
		Unaligned bases: 6262  total: 687692

CONTIG: NODE_273_length_6328_cov_39.497314_1 (6390bp)
		This contig is unaligned. (6390 bp)
		Unaligned bases: 6390  total: 694082

CONTIG: NODE_241_length_25245_cov_43.745773_1 (25307bp)
		This contig is unaligned. (25307 bp)
		Unaligned bases: 25307  total: 719389

CONTIG: NODE_385_length_159970_cov_75.634666_2 (148797bp)
		This contig is unaligned. (148797 bp)
		Unaligned bases: 148797  total: 868186

CONTIG: NODE_33_length_30524_cov_135.764847_1 (30586bp)
Top Length: 76  Top ID: 100.0
		This contig is partially unaligned. (76 out of 30586)
		Alignment: 4649986 4650061 | 76 151 | 76 76 | 100.0 | gi|42779081|ref|NC_003909.8|_Bacillus_cereus_ATCC_10987__complete_genome NODE_33_length_30524_cov_135.764847_1
		Unaligned bases: 1 to 75 (75)
		Unaligned bases: 152 to 30586 (30435)

CONTIG: NODE_275_length_10132_cov_42.131069_1 (3786bp)
		This contig is unaligned. (3786 bp)
		Unaligned bases: 3786  total: 871972

CONTIG: NODE_275_length_10132_cov_42.131069_2 (6398bp)
		This contig is unaligned. (6398 bp)
		Unaligned bases: 6398  total: 878370

CONTIG: NODE_344_length_1491_cov_44.038898_1 (1553bp)
		This contig is unaligned. (1553 bp)
		Unaligned bases: 1553  total: 879923

CONTIG: NODE_256_length_33812_cov_53.114693_1 (33874bp)
		This contig is unaligned. (33874 bp)
		Unaligned bases: 33874  total: 913797

CONTIG: NODE_393_length_1914_cov_112.638977_1 (1976bp)
		This contig is unaligned. (1976 bp)
		Unaligned bases: 1976  total: 915773

CONTIG: NODE_289_length_11069_cov_129.932159_1 (11131bp)
		This contig is unaligned. (11131 bp)
		Unaligned bases: 11131  total: 926904

CONTIG: NODE_518_length_6944_cov_71.842308_1 (7006bp)
		This contig is unaligned. (7006 bp)
		Unaligned bases: 7006  total: 933910

CONTIG: NODE_844_length_70752_cov_64.803734_2 (70574bp)
		This contig is unaligned. (70574 bp)
		Unaligned bases: 70574  total: 1004484

CONTIG: NODE_236_length_18967_cov_89.454529_1 (19029bp)
		This contig is unaligned. (19029 bp)
		Unaligned bases: 19029  total: 1023513

CONTIG: NODE_478_length_89711_cov_98.397430_1 (89773bp)
Top Length: 1404  Top ID: 95.3
		This contig is partially unaligned. (1404 out of 89773)
		Alignment: 4190254 4191657 | 64876 66279 | 1404 1404 | 95.3 | gi|42779081|ref|NC_003909.8|_Bacillus_cereus_ATCC_10987__complete_genome NODE_478_length_89711_cov_98.397430_1
		Unaligned bases: 1 to 64875 (64875)
		Unaligned bases: 66280 to 89773 (23494)
		This contig has both significant aligned and unaligned parts (of length >= min-contig)!

CONTIG: NODE_296_length_10179_cov_38.823952_1 (10241bp)
		This contig is unaligned. (10241 bp)
		Unaligned bases: 10241  total: 1033754

CONTIG: NODE_461_length_10926_cov_42.790226_1 (10988bp)
		This contig is unaligned. (10988 bp)
		Unaligned bases: 10988  total: 1044742

CONTIG: NODE_834_length_27209_cov_45.571465_2 (26286bp)
		This contig is unaligned. (26286 bp)
		Unaligned bases: 26286  total: 1071028

CONTIG: NODE_597_length_2076_cov_47.819363_1 (1807bp)
		This contig is unaligned. (1807 bp)
		Unaligned bases: 1807  total: 1072835

CONTIG: NODE_350_length_16474_cov_44.145927_2 (13469bp)
Top Length: 825  Top ID: 95.88
		This contig is partially unaligned. (825 out of 13469)
		Alignment: 3166751 3167574 | 1 825 | 824 825 | 95.88 | gi|42779081|ref|NC_003909.8|_Bacillus_cereus_ATCC_10987__complete_genome NODE_350_length_16474_cov_44.145927_2
		Unaligned bases: 826 to 13469 (12644)
		This contig has both significant aligned and unaligned parts (of length >= min-contig)!

CONTIG: NODE_238_length_4610_cov_70.646637_1 (4672bp)
		This contig is unaligned. (4672 bp)
		Unaligned bases: 4672  total: 1077507

CONTIG: NODE_633_length_4439_cov_85.289482_1 (4501bp)
		This contig is unaligned. (4501 bp)
		Unaligned bases: 4501  total: 1082008

CONTIG: NODE_182_length_26536_cov_120.943810_1 (26598bp)
		This contig is unaligned. (26598 bp)
		Unaligned bases: 26598  total: 1108606

CONTIG: NODE_335_length_8646_cov_83.461250_1 (8708bp)
		This contig is unaligned. (8708 bp)
		Unaligned bases: 8708  total: 1117314

CONTIG: NODE_468_length_32939_cov_45.052765_1 (33001bp)
		This contig is unaligned. (33001 bp)
		Unaligned bases: 33001  total: 1150315

CONTIG: NODE_257_length_3427_cov_50.003792_1 (3489bp)
		This contig is unaligned. (3489 bp)
		Unaligned bases: 3489  total: 1153804

CONTIG: NODE_343_length_11684_cov_39.686752_1 (11746bp)
		This contig is unaligned. (11746 bp)
		Unaligned bases: 11746  total: 1165550

CONTIG: NODE_207_length_54305_cov_101.483475_1 (54367bp)
Top Length: 5197  Top ID: 95.56
		This contig is partially unaligned. (5197 out of 54367)
		Alignment: 4375336 4380532 | 23717 28913 | 5197 5197 | 95.56 | gi|42779081|ref|NC_003909.8|_Bacillus_cereus_ATCC_10987__complete_genome NODE_207_length_54305_cov_101.483475_1
		Unaligned bases: 1 to 23716 (23716)
		Unaligned bases: 28914 to 54367 (25454)
		This contig has both significant aligned and unaligned parts (of length >= min-contig)!

CONTIG: NODE_210_length_47075_cov_104.465302_1 (47137bp)
		This contig is unaligned. (47137 bp)
		Unaligned bases: 47137  total: 1212687

CONTIG: NODE_495_length_1245_cov_87.075500_1 (1307bp)
		This contig is unaligned. (1307 bp)
		Unaligned bases: 1307  total: 1213994

CONTIG: NODE_392_length_992_cov_124.439514_1 (1054bp)
		This contig is unaligned. (1054 bp)
		Unaligned bases: 1054  total: 1215048

CONTIG: NODE_403_length_39448_cov_99.415886_1 (39510bp)
		This contig is unaligned. (39510 bp)
		Unaligned bases: 39510  total: 1254558

CONTIG: NODE_353_length_71409_cov_52.204105_2 (49454bp)
		This contig is unaligned. (49454 bp)
		Unaligned bases: 49454  total: 1304012

CONTIG: NODE_834_length_27209_cov_45.571465_1 (975bp)
		This contig is unaligned. (975 bp)
		Unaligned bases: 975  total: 1304987

CONTIG: NODE_1_length_29561_cov_141.273666_1 (29623bp)
		This contig is unaligned. (29623 bp)
		Unaligned bases: 29623  total: 1334610

CONTIG: NODE_569_length_1388_cov_190.678680_1 (1450bp)
		This contig is unaligned. (1450 bp)
		Unaligned bases: 1450  total: 1336060

CONTIG: NODE_459_length_6902_cov_38.438568_1 (6964bp)
		This contig is unaligned. (6964 bp)
		Unaligned bases: 6964  total: 1343024

CONTIG: NODE_520_length_43183_cov_72.995949_1 (6841bp)
		This contig is unaligned. (6841 bp)
		Unaligned bases: 6841  total: 1349865

CONTIG: NODE_166_length_582_cov_63.347080_1 (644bp)
		This contig is unaligned. (644 bp)
		Unaligned bases: 644  total: 1350509

CONTIG: NODE_155_length_882_cov_295.173462_1 (944bp)
Top Length: 944  Top ID: 95.77
		This contig has 2 significant alignments. [An ambiguously mapped contig]
		Using only first of these alignment (option --ambiguity-usage is set to "one"):
		Alignment: 3233471 3234415 | 944 1 | 945 944 | 95.77 | gi|42779081|ref|NC_003909.8|_Bacillus_cereus_ATCC_10987__complete_genome NODE_155_length_882_cov_295.173462_1
		Skipping alignment  1107979 1108922 | 944 1 | 944 944 | 95.02 | gi|42779081|ref|NC_003909.8|_Bacillus_cereus_ATCC_10987__complete_genome NODE_155_length_882_cov_295.173462_1

CONTIG: NODE_496_length_2225_cov_64.433258_1 (2287bp)
		This contig is unaligned. (2287 bp)
		Unaligned bases: 2287  total: 1352796

CONTIG: NODE_704_length_19458_cov_77.770020_1 (19520bp)
		This contig is unaligned. (19520 bp)
		Unaligned bases: 19520  total: 1372316

CONTIG: NODE_233_length_25133_cov_85.110336_1 (25195bp)
		This contig is unaligned. (25195 bp)
		Unaligned bases: 25195  total: 1397511

CONTIG: NODE_521_length_6725_cov_70.976059_1 (6787bp)
		This contig is unaligned. (6787 bp)
		Unaligned bases: 6787  total: 1404298

CONTIG: NODE_509_length_3677_cov_81.063911_1 (3089bp)
		This contig is unaligned. (3089 bp)
		Unaligned bases: 3089  total: 1407387

CONTIG: NODE_470_length_19796_cov_73.753586_1 (19858bp)
		This contig is unaligned. (19858 bp)
		Unaligned bases: 19858  total: 1427245

CONTIG: NODE_143_length_46313_cov_58.000648_1 (46375bp)
		This contig is unaligned. (46375 bp)
		Unaligned bases: 46375  total: 1473620

CONTIG: NODE_277_length_56304_cov_39.796711_1 (56366bp)
Top Length: 2675  Top ID: 97.38
		This contig is partially unaligned. (2675 out of 56366)
		Alignment: 3015458 3018132 | 50352 53026 | 2675 2675 | 97.38 | gi|42779081|ref|NC_003909.8|_Bacillus_cereus_ATCC_10987__complete_genome NODE_277_length_56304_cov_39.796711_1
		Unaligned bases: 1 to 50351 (50351)
		Unaligned bases: 53027 to 56366 (3340)
		This contig has both significant aligned and unaligned parts (of length >= min-contig)!

CONTIG: NODE_412_length_99917_cov_95.917358_1 (99979bp)
Top Length: 75  Top ID: 100.0
		Skipping redundant alignment 4649263 4649335 | 69060 69132 | 73 73 | 100.0 | gi|42779081|ref|NC_003909.8|_Bacillus_cereus_ATCC_10987__complete_genome NODE_412_length_99917_cov_95.917358_1
		Skipping redundant alignment 279452 279522 | 69130 69060 | 71 71 | 100.0 | gi|42779081|ref|NC_003909.8|_Bacillus_cereus_ATCC_10987__complete_genome NODE_412_length_99917_cov_95.917358_1
		This contig is partially unaligned. (75 out of 99979)
		Alignment: 615178 615252 | 69131 69057 | 75 75 | 100.0 | gi|42779081|ref|NC_003909.8|_Bacillus_cereus_ATCC_10987__complete_genome NODE_412_length_99917_cov_95.917358_1
		Unaligned bases: 1 to 69056 (69056)
		Unaligned bases: 69132 to 99979 (30848)

CONTIG: NODE_479_length_1093_cov_81.617569_1 (1155bp)
		This contig is unaligned. (1155 bp)
		Unaligned bases: 1155  total: 1474775

CONTIG: NODE_829_length_2454_cov_189.824783_1 (2516bp)
		This contig is unaligned. (2516 bp)
		Unaligned bases: 2516  total: 1477291

CONTIG: NODE_442_length_1358_cov_65.513252_1 (1420bp)
		This contig is unaligned. (1420 bp)
		Unaligned bases: 1420  total: 1478711

CONTIG: NODE_294_length_48590_cov_52.089977_1 (48652bp)
		This contig is unaligned. (48652 bp)
		Unaligned bases: 48652  total: 1527363

CONTIG: NODE_324_length_5981_cov_67.637352_1 (6043bp)
Top Length: 576  Top ID: 95.49
		This contig is partially unaligned. (576 out of 6043)
		Alignment: 3119139 3119714 | 6043 5468 | 576 576 | 95.49 | gi|42779081|ref|NC_003909.8|_Bacillus_cereus_ATCC_10987__complete_genome NODE_324_length_5981_cov_67.637352_1
		Unaligned bases: 1 to 5467 (5467)
		This contig has both significant aligned and unaligned parts (of length >= min-contig)!

CONTIG: NODE_252_length_88168_cov_65.292976_1 (88230bp)
		This contig is unaligned. (88230 bp)
		Unaligned bases: 88230  total: 1615593

CONTIG: NODE_620_length_1848_cov_73.434525_2 (1222bp)
		This contig is unaligned. (1222 bp)
		Unaligned bases: 1222  total: 1616815

CONTIG: NODE_115_length_1432_cov_114.920387_1 (1494bp)
		This contig is unaligned. (1494 bp)
		Unaligned bases: 1494  total: 1618309

CONTIG: NODE_827_length_16081_cov_43.180584_1 (16143bp)
		This contig is unaligned. (16143 bp)
		Unaligned bases: 16143  total: 1634452

CONTIG: NODE_148_length_15457_cov_131.798538_1 (15519bp)
		This contig is unaligned. (15519 bp)
		Unaligned bases: 15519  total: 1649971

CONTIG: NODE_66_length_44295_cov_120.106918_1 (44357bp)
Top Length: 772  Top ID: 95.12
		This contig is partially unaligned. (772 out of 44357)
		Alignment: 603265 604041 | 42764 43535 | 777 772 | 95.12 | gi|42779081|ref|NC_003909.8|_Bacillus_cereus_ATCC_10987__complete_genome NODE_66_length_44295_cov_120.106918_1
		Unaligned bases: 1 to 42763 (42763)
		Unaligned bases: 43536 to 44357 (822)
		This contig has both significant aligned and unaligned parts (of length >= min-contig)!

CONTIG: NODE_561_length_5075_cov_82.820885_1 (5137bp)
		This contig is unaligned. (5137 bp)
		Unaligned bases: 5137  total: 1655108

CONTIG: NODE_627_length_10049_cov_69.054237_1 (10111bp)
		This contig is unaligned. (10111 bp)
		Unaligned bases: 10111  total: 1665219

CONTIG: NODE_353_length_71409_cov_52.204105_1 (21964bp)
		This contig is unaligned. (21964 bp)
		Unaligned bases: 21964  total: 1687183

CONTIG: NODE_439_length_33941_cov_138.703629_1 (34003bp)
		This contig is unaligned. (34003 bp)
		Unaligned bases: 34003  total: 1721186

CONTIG: NODE_423_length_22959_cov_121.919640_1 (23021bp)
		This contig is unaligned. (23021 bp)
		Unaligned bases: 23021  total: 1744207

CONTIG: NODE_481_length_1618_cov_631.571045_1 (1680bp)
		This contig is unaligned. (1680 bp)
		Unaligned bases: 1680  total: 1745887

CONTIG: NODE_109_length_5428_cov_76.228264_1 (5490bp)
		This contig is unaligned. (5490 bp)
		Unaligned bases: 5490  total: 1751377

CONTIG: NODE_260_length_31920_cov_80.077377_1 (31982bp)
		This contig is unaligned. (31982 bp)
		Unaligned bases: 31982  total: 1783359

CONTIG: NODE_124_length_23039_cov_117.697250_1 (23101bp)
Top Length: 145  Top ID: 95.86
		This contig is partially unaligned. (145 out of 23101)
		Alignment: 4648835 4648978 | 22957 23101 | 144 145 | 95.86 | gi|42779081|ref|NC_003909.8|_Bacillus_cereus_ATCC_10987__complete_genome NODE_124_length_23039_cov_117.697250_1
		Unaligned bases: 1 to 22956 (22956)

CONTIG: NODE_395_length_167625_cov_90.757416_3 (21121bp)
		This contig is unaligned. (21121 bp)
		Unaligned bases: 21121  total: 1804480

CONTIG: NODE_336_length_726_cov_143.420105_1 (788bp)
		This contig is unaligned. (788 bp)
		Unaligned bases: 788  total: 1805268

CONTIG: NODE_395_length_167625_cov_90.757416_1 (53465bp)
		This contig is unaligned. (53465 bp)
		Unaligned bases: 53465  total: 1858733

CONTIG: NODE_407_length_23957_cov_63.436783_1 (24019bp)
		This contig is unaligned. (24019 bp)
		Unaligned bases: 24019  total: 1882752

CONTIG: NODE_321_length_2274_cov_78.340813_1 (2336bp)
Top Length: 570  Top ID: 97.02
		This contig is partially unaligned. (570 out of 2336)
		Alignment: 3119145 3119714 | 2336 1767 | 570 570 | 97.02 | gi|42779081|ref|NC_003909.8|_Bacillus_cereus_ATCC_10987__complete_genome NODE_321_length_2274_cov_78.340813_1
		Unaligned bases: 1 to 1766 (1766)
		This contig has both significant aligned and unaligned parts (of length >= min-contig)!

CONTIG: NODE_408_length_2243_cov_105.016495_1 (2305bp)
		This contig is unaligned. (2305 bp)
		Unaligned bases: 2305  total: 1885057

CONTIG: NODE_157_length_5953_cov_136.400131_1 (6015bp)
		This contig is unaligned. (6015 bp)
		Unaligned bases: 6015  total: 1891072

CONTIG: NODE_455_length_9440_cov_66.025848_1 (9502bp)
		This contig is unaligned. (9502 bp)
		Unaligned bases: 9502  total: 1900574

CONTIG: NODE_428_length_19551_cov_140.841690_1 (19613bp)
		This contig is unaligned. (19613 bp)
		Unaligned bases: 19613  total: 1920187

CONTIG: NODE_853_length_24387_cov_73.421944_3 (1877bp)
		This contig is unaligned. (1877 bp)
		Unaligned bases: 1877  total: 1922064

CONTIG: NODE_613_length_48685_cov_40.365841_1 (3014bp)
		This contig is unaligned. (3014 bp)
		Unaligned bases: 3014  total: 1925078

CONTIG: NODE_395_length_167625_cov_90.757416_2 (92877bp)
Top Length: 194  Top ID: 97.42
		Skipping redundant alignments after choosing the best set of alignments
		Skipping [2995449][2995642] redundant alignment 2995449 2995642 | 92530 92337 | 194 194 | 97.42 | gi|42779081|ref|NC_003909.8|_Bacillus_cereus_ATCC_10987__complete_genome NODE_395_length_167625_cov_90.757416_2
		Skipping [3235197][3235390] redundant alignment 3235197 3235390 | 92530 92337 | 194 194 | 97.42 | gi|42779081|ref|NC_003909.8|_Bacillus_cereus_ATCC_10987__complete_genome NODE_395_length_167625_cov_90.757416_2
		This contig is partially unaligned. (194 out of 92877)
		Alignment: 1109704 1109897 | 92530 92337 | 194 194 | 97.42 | gi|42779081|ref|NC_003909.8|_Bacillus_cereus_ATCC_10987__complete_genome NODE_395_length_167625_cov_90.757416_2
		Unaligned bases: 1 to 92336 (92336)
		Unaligned bases: 92531 to 92877 (347)

CONTIG: NODE_623_length_1500_cov_151.234665_1 (1562bp)
		This contig is unaligned. (1562 bp)
		Unaligned bases: 1562  total: 1926640

CONTIG: NODE_582_length_573_cov_173.020935_1 (635bp)
		This contig is unaligned. (635 bp)
		Unaligned bases: 635  total: 1927275

CONTIG: NODE_16_length_46549_cov_134.577332_1 (46611bp)
Top Length: 1141  Top ID: 95.72
		This contig is partially unaligned. (1141 out of 46611)
		Alignment: 227899 229043 | 6373 5233 | 1145 1141 | 95.72 | gi|42779081|ref|NC_003909.8|_Bacillus_cereus_ATCC_10987__complete_genome NODE_16_length_46549_cov_134.577332_1
		Unaligned bases: 1 to 5232 (5232)
		Unaligned bases: 6374 to 46611 (40238)
		This contig has both significant aligned and unaligned parts (of length >= min-contig)!

CONTIG: NODE_349_length_14053_cov_45.773075_1 (1795bp)
Top Length: 258  Top ID: 98.06
		Skipping redundant alignments after choosing the best set of alignments
		Skipping [1109642][1109899] redundant alignment 1109642 1109899 | 1 258 | 258 258 | 98.06 | gi|42779081|ref|NC_003909.8|_Bacillus_cereus_ATCC_10987__complete_genome NODE_349_length_14053_cov_45.773075_1
		Skipping [3235135][3235391] redundant alignment 3235135 3235391 | 1 257 | 257 257 | 98.05 | gi|42779081|ref|NC_003909.8|_Bacillus_cereus_ATCC_10987__complete_genome NODE_349_length_14053_cov_45.773075_1
		This contig is partially unaligned. (258 out of 1795)
		Alignment: 1109642 1109899 | 1 258 | 258 258 | 98.06 | gi|42779081|ref|NC_003909.8|_Bacillus_cereus_ATCC_10987__complete_genome NODE_349_length_14053_cov_45.773075_1
		Unaligned bases: 259 to 1795 (1537)

CONTIG: NODE_349_length_14053_cov_45.773075_2 (12310bp)
		This contig is unaligned. (12310 bp)
		Unaligned bases: 12310  total: 1939585

CONTIG: NODE_451_length_567_cov_88.594353_1 (629bp)
		This contig is unaligned. (629 bp)
		Unaligned bases: 629  total: 1940214

CONTIG: NODE_51_length_1631_cov_97.351318_1 (1693bp)
		This contig is unaligned. (1693 bp)
		Unaligned bases: 1693  total: 1941907

CONTIG: NODE_399_length_1151_cov_413.599487_1 (1213bp)
		This contig is unaligned. (1213 bp)
		Unaligned bases: 1213  total: 1943120

CONTIG: NODE_351_length_35474_cov_48.209309_1 (35536bp)
		This contig is unaligned. (35536 bp)
		Unaligned bases: 35536  total: 1978656

CONTIG: NODE_508_length_460_cov_81.371742_1 (522bp)
		This contig is unaligned. (522 bp)
		Unaligned bases: 522  total: 1979178

CONTIG: NODE_178_length_5266_cov_110.975502_1 (5328bp)
		This contig is unaligned. (5328 bp)
		Unaligned bases: 5328  total: 1984506

CONTIG: NODE_731_length_25854_cov_69.454475_1 (14631bp)
		This contig is unaligned. (14631 bp)
		Unaligned bases: 14631  total: 1999137

CONTIG: NODE_731_length_25854_cov_69.454475_2 (5350bp)
		This contig is unaligned. (5350 bp)
		Unaligned bases: 5350  total: 2004487

CONTIG: NODE_520_length_43183_cov_72.995949_2 (13833bp)
		This contig is unaligned. (13833 bp)
		Unaligned bases: 13833  total: 2018320

CONTIG: NODE_352_length_8790_cov_46.478271_1 (8852bp)
		This contig is unaligned. (8852 bp)
		Unaligned bases: 8852  total: 2027172

CONTIG: NODE_271_length_2631_cov_83.678833_1 (2693bp)
		This contig is unaligned. (2693 bp)
		Unaligned bases: 2693  total: 2029865

CONTIG: NODE_262_length_36652_cov_110.876511_1 (36714bp)
		This contig is unaligned. (36714 bp)
		Unaligned bases: 36714  total: 2066579

CONTIG: NODE_244_length_233680_cov_77.283653_1 (202835bp)
Top Length: 1789  Top ID: 95.47
		This contig is partially unaligned. (1789 out of 202835)
		Alignment: 319525 321313 | 157265 159053 | 1789 1789 | 95.47 | gi|42779081|ref|NC_003909.8|_Bacillus_cereus_ATCC_10987__complete_genome NODE_244_length_233680_cov_77.283653_1
		Unaligned bases: 1 to 157264 (157264)
		Unaligned bases: 159054 to 202835 (43782)
		This contig has both significant aligned and unaligned parts (of length >= min-contig)!

CONTIG: NODE_453_length_4196_cov_70.604385_1 (4258bp)
		This contig is unaligned. (4258 bp)
		Unaligned bases: 4258  total: 2070837

CONTIG: NODE_244_length_233680_cov_77.283653_2 (30897bp)
Top Length: 145  Top ID: 97.93
		This contig is misassembled. 2 total aligns.
			Warning! This contig is more unaligned than misassembled. Contig length is 30897 and total length of all aligns is 216
		Alignment: 1080078 1080148 | 10659 10729 | 71 71 | 100.0 | gi|42779081|ref|NC_003909.8|_Bacillus_cereus_ATCC_10987__complete_genome NODE_244_length_233680_cov_77.283653_2
		Alignment: 1490631 1490775 | 30622 30766 | 145 145 | 97.93 | gi|42779081|ref|NC_003909.8|_Bacillus_cereus_ATCC_10987__complete_genome NODE_244_length_233680_cov_77.283653_2
		Unaligned bases: 30681
CONTIG: NODE_567_length_12589_cov_82.053696_1 (4202bp)
		This contig is unaligned. (4202 bp)
		Unaligned bases: 4202  total: 2075039

CONTIG: NODE_567_length_12589_cov_82.053696_3 (7299bp)
		This contig is unaligned. (7299 bp)
		Unaligned bases: 7299  total: 2082338

CONTIG: NODE_567_length_12589_cov_82.053696_2 (997bp)
		This contig is unaligned. (997 bp)
		Unaligned bases: 997  total: 2083335

CONTIG: NODE_389_length_83970_cov_82.417366_1 (84032bp)
		This contig is unaligned. (84032 bp)
		Unaligned bases: 84032  total: 2167367

CONTIG: NODE_511_length_6816_cov_70.239586_1 (776bp)
		This contig is unaligned. (776 bp)
		Unaligned bases: 776  total: 2168143

CONTIG: NODE_688_length_4687_cov_88.592278_2 (3013bp)
		This contig is unaligned. (3013 bp)
		Unaligned bases: 3013  total: 2171156

CONTIG: NODE_874_length_2075_cov_47.511326_1 (2137bp)
		This contig is unaligned. (2137 bp)
		Unaligned bases: 2137  total: 2173293

CONTIG: NODE_731_length_25854_cov_69.454475_4 (5600bp)
		This contig is unaligned. (5600 bp)
		Unaligned bases: 5600  total: 2178893

CONTIG: NODE_814_length_3905_cov_77.061974_1 (3967bp)
		This contig is unaligned. (3967 bp)
		Unaligned bases: 3967  total: 2182860

CONTIG: NODE_342_length_3552_cov_39.464809_1 (3614bp)
		This contig is unaligned. (3614 bp)
		Unaligned bases: 3614  total: 2186474

CONTIG: NODE_71_length_78732_cov_130.021469_1 (78794bp)
Top Length: 9186  Top ID: 95.27
		This contig is misassembled. 2 total aligns.
			Warning! This contig is more unaligned than misassembled. Contig length is 78794 and total length of all aligns is 10326
		Alignment: 4827374 4828515 | 46466 45327 | 1142 1140 | 95.8 | gi|42779081|ref|NC_003909.8|_Bacillus_cereus_ATCC_10987__complete_genome NODE_71_length_78732_cov_130.021469_1
		Alignment: 4834673 4843859 | 39398 30213 | 9187 9186 | 95.27 | gi|42779081|ref|NC_003909.8|_Bacillus_cereus_ATCC_10987__complete_genome NODE_71_length_78732_cov_130.021469_1
		Unaligned bases: 68468
		This contig has both significant aligned and unaligned parts (of length >= min-contig)!
CONTIG: NODE_739_length_5705_cov_66.615425_1 (5767bp)
		This contig is unaligned. (5767 bp)
		Unaligned bases: 5767  total: 2192241

CONTIG: NODE_269_length_31676_cov_49.810299_1 (31738bp)
		This contig is unaligned. (31738 bp)
		Unaligned bases: 31738  total: 2223979

CONTIG: NODE_189_length_37668_cov_111.638206_1 (37730bp)
		This contig is unaligned. (37730 bp)
		Unaligned bases: 37730  total: 2261709

CONTIG: NODE_298_length_1731_cov_95.409012_1 (1793bp)
		This contig is unaligned. (1793 bp)
		Unaligned bases: 1793  total: 2263502

CONTIG: NODE_709_length_2836_cov_76.105782_1 (2898bp)
		This contig is unaligned. (2898 bp)
		Unaligned bases: 2898  total: 2266400

CONTIG: NODE_483_length_1440_cov_40.249306_1 (1502bp)
Top Length: 153  Top ID: 98.04
		Skipping redundant alignment 5142494 5142636 | 1 143 | 143 143 | 99.3 | gi|42779081|ref|NC_003909.8|_Bacillus_cereus_ATCC_10987__complete_genome NODE_483_length_1440_cov_40.249306_1
		This contig is partially unaligned. (153 out of 1502)
		Alignment: 2564190 2564342 | 153 1 | 153 153 | 98.04 | gi|42779081|ref|NC_003909.8|_Bacillus_cereus_ATCC_10987__complete_genome NODE_483_length_1440_cov_40.249306_1
		Unaligned bases: 154 to 1502 (1349)

CONTIG: NODE_511_length_6816_cov_70.239586_2 (879bp)
		This contig is unaligned. (879 bp)
		Unaligned bases: 879  total: 2267279

CONTIG: NODE_511_length_6816_cov_70.239586_3 (5203bp)
		This contig is unaligned. (5203 bp)
		Unaligned bases: 5203  total: 2272482

CONTIG: NODE_280_length_13191_cov_39.641045_1 (13253bp)
		This contig is unaligned. (13253 bp)
		Unaligned bases: 13253  total: 2285735

CONTIG: NODE_669_length_865_cov_74.682083_1 (927bp)
		This contig is unaligned. (927 bp)
		Unaligned bases: 927  total: 2286662

CONTIG: NODE_183_length_9730_cov_121.288284_1 (9792bp)
		This contig is unaligned. (9792 bp)
		Unaligned bases: 9792  total: 2296454

CONTIG: NODE_230_length_67950_cov_82.857819_1 (68012bp)
		This contig is unaligned. (68012 bp)
		Unaligned bases: 68012  total: 2364466

CONTIG: NODE_401_length_4696_cov_82.483391_1 (4758bp)
		This contig is unaligned. (4758 bp)
		Unaligned bases: 4758  total: 2369224

CONTIG: NODE_503_length_2103_cov_89.546364_1 (2165bp)
		This contig is unaligned. (2165 bp)
		Unaligned bases: 2165  total: 2371389

CONTIG: NODE_305_length_4321_cov_44.530895_1 (4383bp)
Top Length: 691  Top ID: 95.37
		This contig is partially unaligned. (691 out of 4383)
		Alignment: 2599598 2600288 | 113 803 | 691 691 | 95.37 | gi|42779081|ref|NC_003909.8|_Bacillus_cereus_ATCC_10987__complete_genome NODE_305_length_4321_cov_44.530895_1
		Unaligned bases: 1 to 112 (112)
		Unaligned bases: 804 to 4383 (3580)
		This contig has both significant aligned and unaligned parts (of length >= min-contig)!

CONTIG: NODE_288_length_5251_cov_120.732239_1 (5313bp)
		This contig is unaligned. (5313 bp)
		Unaligned bases: 5313  total: 2376702

CONTIG: NODE_154_length_21153_cov_130.845276_1 (21215bp)
Top Length: 258  Top ID: 98.45
		Skipping redundant alignments after choosing the best set of alignments
		Skipping [2995387][2995644] redundant alignment 2995387 2995644 | 1 258 | 258 258 | 98.45 | gi|42779081|ref|NC_003909.8|_Bacillus_cereus_ATCC_10987__complete_genome NODE_154_length_21153_cov_130.845276_1
		Skipping [3235135][3235390] redundant alignment 3235135 3235390 | 1 256 | 256 256 | 98.44 | gi|42779081|ref|NC_003909.8|_Bacillus_cereus_ATCC_10987__complete_genome NODE_154_length_21153_cov_130.845276_1
		This contig is partially unaligned. (258 out of 21215)
		Alignment: 1109642 1109897 | 1 256 | 256 256 | 98.44 | gi|42779081|ref|NC_003909.8|_Bacillus_cereus_ATCC_10987__complete_genome NODE_154_length_21153_cov_130.845276_1
		Unaligned bases: 257 to 21215 (20959)

CONTIG: NODE_690_length_5267_cov_87.350487_2 (640bp)
		This contig is unaligned. (640 bp)
		Unaligned bases: 640  total: 2377342

CONTIG: NODE_690_length_5267_cov_87.350487_1 (4566bp)
		This contig is unaligned. (4566 bp)
		Unaligned bases: 4566  total: 2381908

CONTIG: NODE_644_length_61476_cov_69.429062_1 (61538bp)
		This contig is unaligned. (61538 bp)
		Unaligned bases: 61538  total: 2443446

CONTIG: NODE_208_length_80943_cov_110.347977_1 (81005bp)
		This contig is unaligned. (81005 bp)
		Unaligned bases: 81005  total: 2524451

CONTIG: NODE_745_length_5054_cov_76.009300_1 (5116bp)
		This contig is unaligned. (5116 bp)
		Unaligned bases: 5116  total: 2529567

CONTIG: NODE_853_length_24387_cov_73.421944_1 (6419bp)
		This contig is unaligned. (6419 bp)
		Unaligned bases: 6419  total: 2535986

CONTIG: NODE_320_length_13132_cov_41.929485_1 (13194bp)
		This contig is unaligned. (13194 bp)
		Unaligned bases: 13194  total: 2549180

CONTIG: NODE_641_length_763_cov_80.698555_1 (825bp)
		This contig is unaligned. (825 bp)
		Unaligned bases: 825  total: 2550005

CONTIG: NODE_787_length_25935_cov_60.209602_1 (25997bp)
		This contig is unaligned. (25997 bp)
		Unaligned bases: 25997  total: 2576002

CONTIG: NODE_52_length_2197_cov_115.345016_1 (2259bp)
		This contig is unaligned. (2259 bp)
		Unaligned bases: 2259  total: 2578261

CONTIG: NODE_565_length_11260_cov_70.410301_2 (9403bp)
		This contig is unaligned. (9403 bp)
		Unaligned bases: 9403  total: 2587664

CONTIG: NODE_4_length_1548_cov_1928.573608_1 (1610bp)
Top Length: 1610  Top ID: 99.44
		This contig has 12 significant alignments. [An ambiguously mapped contig]
		Using only first of these alignment (option --ambiguity-usage is set to "one"):
		Alignment: 313822 315429 | 1610 1 | 1608 1610 | 99.44 | gi|42779081|ref|NC_003909.8|_Bacillus_cereus_ATCC_10987__complete_genome NODE_4_length_1548_cov_1928.573608_1
		Skipping alignment  279561 281168 | 1610 1 | 1608 1610 | 99.38 | gi|42779081|ref|NC_003909.8|_Bacillus_cereus_ATCC_10987__complete_genome NODE_4_length_1548_cov_1928.573608_1
		Skipping alignment  322921 324529 | 1610 1 | 1609 1610 | 99.38 | gi|42779081|ref|NC_003909.8|_Bacillus_cereus_ATCC_10987__complete_genome NODE_4_length_1548_cov_1928.573608_1
		Skipping alignment  330739 332347 | 1610 1 | 1609 1610 | 99.38 | gi|42779081|ref|NC_003909.8|_Bacillus_cereus_ATCC_10987__complete_genome NODE_4_length_1548_cov_1928.573608_1
		Skipping alignment  9270 10877 | 1610 1 | 1608 1610 | 99.32 | gi|42779081|ref|NC_003909.8|_Bacillus_cereus_ATCC_10987__complete_genome NODE_4_length_1548_cov_1928.573608_1
		Skipping alignment  29043 30651 | 1610 1 | 1609 1610 | 99.32 | gi|42779081|ref|NC_003909.8|_Bacillus_cereus_ATCC_10987__complete_genome NODE_4_length_1548_cov_1928.573608_1
		Skipping alignment  82387 83995 | 1610 1 | 1609 1610 | 99.32 | gi|42779081|ref|NC_003909.8|_Bacillus_cereus_ATCC_10987__complete_genome NODE_4_length_1548_cov_1928.573608_1
		Skipping alignment  145456 147064 | 1610 1 | 1609 1610 | 99.32 | gi|42779081|ref|NC_003909.8|_Bacillus_cereus_ATCC_10987__complete_genome NODE_4_length_1548_cov_1928.573608_1
		Skipping alignment  300611 302219 | 1610 1 | 1609 1610 | 99.32 | gi|42779081|ref|NC_003909.8|_Bacillus_cereus_ATCC_10987__complete_genome NODE_4_length_1548_cov_1928.573608_1
		Skipping alignment  818100 819707 | 1610 1 | 1608 1610 | 99.32 | gi|42779081|ref|NC_003909.8|_Bacillus_cereus_ATCC_10987__complete_genome NODE_4_length_1548_cov_1928.573608_1
		Skipping alignment  4654153 4655761 | 1 1610 | 1609 1610 | 99.32 | gi|42779081|ref|NC_003909.8|_Bacillus_cereus_ATCC_10987__complete_genome NODE_4_length_1548_cov_1928.573608_1
		Skipping alignment  604893 606500 | 1610 1 | 1608 1610 | 99.25 | gi|42779081|ref|NC_003909.8|_Bacillus_cereus_ATCC_10987__complete_genome NODE_4_length_1548_cov_1928.573608_1

CONTIG: NODE_449_length_12148_cov_75.811821_1 (12210bp)
		This contig is unaligned. (12210 bp)
		Unaligned bases: 12210  total: 2599874

CONTIG: NODE_821_length_3037_cov_51.863022_1 (694bp)
		This contig is unaligned. (694 bp)
		Unaligned bases: 694  total: 2600568

CONTIG: NODE_346_length_4455_cov_40.483051_1 (4517bp)
		This contig is unaligned. (4517 bp)
		Unaligned bases: 4517  total: 2605085

CONTIG: NODE_821_length_3037_cov_51.863022_2 (2349bp)
		This contig is unaligned. (2349 bp)
		Unaligned bases: 2349  total: 2607434

CONTIG: NODE_45_length_2002_cov_108.993507_1 (2064bp)
		This contig is unaligned. (2064 bp)
		Unaligned bases: 2064  total: 2609498

CONTIG: NODE_76_length_14717_cov_122.396072_1 (14779bp)
		This contig is unaligned. (14779 bp)
		Unaligned bases: 14779  total: 2624277

CONTIG: NODE_345_length_13435_cov_38.622627_1 (13497bp)
		This contig is unaligned. (13497 bp)
		Unaligned bases: 13497  total: 2637774

CONTIG: NODE_274_length_26102_cov_43.539997_1 (26164bp)
		This contig is unaligned. (26164 bp)
		Unaligned bases: 26164  total: 2663938

CONTIG: NODE_811_length_4543_cov_41.231125_1 (4605bp)
		This contig is unaligned. (4605 bp)
		Unaligned bases: 4605  total: 2668543

CONTIG: NODE_237_length_12345_cov_75.342079_1 (12407bp)
		This contig is unaligned. (12407 bp)
		Unaligned bases: 12407  total: 2680950

CONTIG: NODE_443_length_32617_cov_139.520706_1 (32679bp)
		This contig is unaligned. (32679 bp)
		Unaligned bases: 32679  total: 2713629

CONTIG: NODE_666_length_1822_cov_55.707466_1 (1884bp)
		This contig is unaligned. (1884 bp)
		Unaligned bases: 1884  total: 2715513

CONTIG: NODE_563_length_4418_cov_38.645313_1 (4480bp)
		This contig is unaligned. (4480 bp)
		Unaligned bases: 4480  total: 2719993

CONTIG: NODE_642_length_3899_cov_87.719925_1 (3961bp)
		This contig is unaligned. (3961 bp)
		Unaligned bases: 3961  total: 2723954

CONTIG: NODE_413_length_1610_cov_73.636024_1 (1672bp)
		This contig is unaligned. (1672 bp)
		Unaligned bases: 1672  total: 2725626

CONTIG: NODE_520_length_43183_cov_72.995949_3 (22551bp)
		This contig is unaligned. (22551 bp)
		Unaligned bases: 22551  total: 2748177

CONTIG: NODE_43_length_6629_cov_125.235176_1 (6691bp)
		This contig is unaligned. (6691 bp)
		Unaligned bases: 6691  total: 2754868

CONTIG: NODE_267_length_2996_cov_48.299400_1 (3058bp)
		This contig is unaligned. (3058 bp)
		Unaligned bases: 3058  total: 2757926

CONTIG: NODE_746_length_3012_cov_69.063080_1 (3074bp)
		This contig is unaligned. (3074 bp)
		Unaligned bases: 3074  total: 2761000

CONTIG: NODE_120_length_19394_cov_134.635757_1 (19456bp)
		This contig is unaligned. (19456 bp)
		Unaligned bases: 19456  total: 2780456

CONTIG: NODE_287_length_51217_cov_122.061310_1 (51279bp)
		This contig is unaligned. (51279 bp)
		Unaligned bases: 51279  total: 2831735

CONTIG: NODE_810_length_126297_cov_45.923496_3 (71779bp)
		This contig is unaligned. (71779 bp)
		Unaligned bases: 71779  total: 2903514

CONTIG: NODE_792_length_460_cov_72.584785_1 (522bp)
		This contig is unaligned. (522 bp)
		Unaligned bases: 522  total: 2904036

CONTIG: NODE_810_length_126297_cov_45.923496_1 (2863bp)
		This contig is unaligned. (2863 bp)
		Unaligned bases: 2863  total: 2906899

CONTIG: NODE_613_length_48685_cov_40.365841_2 (45627bp)
		This contig is unaligned. (45627 bp)
		Unaligned bases: 45627  total: 2952526

CONTIG: NODE_240_length_30167_cov_87.656944_1 (30229bp)
		This contig is unaligned. (30229 bp)
		Unaligned bases: 30229  total: 2982755

CONTIG: NODE_724_length_11013_cov_72.245804_1 (11075bp)
		This contig is unaligned. (11075 bp)
		Unaligned bases: 11075  total: 2993830

CONTIG: NODE_284_length_13686_cov_130.221542_1 (13748bp)
		This contig is unaligned. (13748 bp)
		Unaligned bases: 13748  total: 3007578

CONTIG: NODE_622_length_2569_cov_49.202801_1 (2631bp)
		This contig is unaligned. (2631 bp)
		Unaligned bases: 2631  total: 3010209

CONTIG: NODE_812_length_7715_cov_67.137138_1 (7777bp)
		This contig is unaligned. (7777 bp)
		Unaligned bases: 7777  total: 3017986

CONTIG: NODE_420_length_6325_cov_117.395889_1 (6387bp)
		This contig is unaligned. (6387 bp)
		Unaligned bases: 6387  total: 3024373

CONTIG: NODE_89_length_1695_cov_57.938053_1 (1757bp)
		This contig is unaligned. (1757 bp)
		Unaligned bases: 1757  total: 3026130

CONTIG: NODE_565_length_11260_cov_70.410301_1 (1909bp)
		This contig is unaligned. (1909 bp)
		Unaligned bases: 1909  total: 3028039

CONTIG: NODE_56_length_7269_cov_141.620575_1 (7331bp)
		This contig is unaligned. (7331 bp)
		Unaligned bases: 7331  total: 3035370

CONTIG: NODE_272_length_22140_cov_47.609936_1 (22202bp)
		This contig is unaligned. (22202 bp)
		Unaligned bases: 22202  total: 3057572

CONTIG: NODE_448_length_8713_cov_74.013199_1 (8775bp)
		This contig is unaligned. (8775 bp)
		Unaligned bases: 8775  total: 3066347

CONTIG: NODE_177_length_20488_cov_130.011520_1 (20550bp)
		This contig is unaligned. (20550 bp)
		Unaligned bases: 20550  total: 3086897

CONTIG: NODE_72_length_7874_cov_1161.538696_1 (7936bp)
		This contig is unaligned. (7936 bp)
		Unaligned bases: 7936  total: 3094833

CONTIG: NODE_355_length_21972_cov_47.212543_1 (22034bp)
		This contig is unaligned. (22034 bp)
		Unaligned bases: 22034  total: 3116867

CONTIG: NODE_44_length_7495_cov_146.289261_1 (7557bp)
		This contig is unaligned. (7557 bp)
		Unaligned bases: 7557  total: 3124424

CONTIG: NODE_318_length_607_cov_280.304779_1 (669bp)
		This contig is unaligned. (669 bp)
		Unaligned bases: 669  total: 3125093

CONTIG: NODE_259_length_3652_cov_48.595016_1 (3714bp)
		This contig is unaligned. (3714 bp)
		Unaligned bases: 3714  total: 3128807

CONTIG: NODE_258_length_20457_cov_52.032654_1 (20519bp)
		This contig is unaligned. (20519 bp)
		Unaligned bases: 20519  total: 3149326

CONTIG: NODE_784_length_603_cov_124.356552_1 (665bp)
		This contig is unaligned. (665 bp)
		Unaligned bases: 665  total: 3149991

CONTIG: NODE_876_length_723_cov_68.251732_2 (575bp)
		This contig is unaligned. (575 bp)
		Unaligned bases: 575  total: 3150566

CONTIG: NODE_680_length_2470_cov_118.416191_1 (2532bp)
		This contig is unaligned. (2532 bp)
		Unaligned bases: 2532  total: 3153098

CONTIG: NODE_654_length_14935_cov_75.928154_1 (14597bp)
		This contig is unaligned. (14597 bp)
		Unaligned bases: 14597  total: 3167695

CONTIG: NODE_519_length_758_cov_49.246700_1 (820bp)
		This contig is unaligned. (820 bp)
		Unaligned bases: 820  total: 3168515

CONTIG: NODE_458_length_53916_cov_40.955395_1 (53978bp)
		This contig is unaligned. (53978 bp)
		Unaligned bases: 53978  total: 3222493

CONTIG: NODE_35_length_15645_cov_139.402298_1 (15707bp)
		This contig is unaligned. (15707 bp)
		Unaligned bases: 15707  total: 3238200

CONTIG: NODE_591_length_3520_cov_78.338638_1 (3582bp)
		This contig is unaligned. (3582 bp)
		Unaligned bases: 3582  total: 3241782

CONTIG: NODE_444_length_39700_cov_131.203369_1 (39762bp)
		This contig is unaligned. (39762 bp)
		Unaligned bases: 39762  total: 3281544

CONTIG: NODE_718_length_672_cov_70.636902_1 (734bp)
		This contig is unaligned. (734 bp)
		Unaligned bases: 734  total: 3282278

CONTIG: NODE_160_length_14928_cov_121.950363_1 (14990bp)
		This contig is unaligned. (14990 bp)
		Unaligned bases: 14990  total: 3297268

CONTIG: NODE_693_length_774_cov_76.971573_1 (836bp)
		This contig is unaligned. (836 bp)
		Unaligned bases: 836  total: 3298104

CONTIG: NODE_425_length_29659_cov_122.477699_1 (29721bp)
		This contig is unaligned. (29721 bp)
		Unaligned bases: 29721  total: 3327825

CONTIG: NODE_504_length_15961_cov_67.949440_1 (16023bp)
		This contig is unaligned. (16023 bp)
		Unaligned bases: 16023  total: 3343848

CONTIG: NODE_163_length_67101_cov_121.538902_1 (67163bp)
Top Length: 2830  Top ID: 95.38
		This contig is partially unaligned. (2830 out of 67163)
		Alignment: 453071 455896 | 60185 57356 | 2826 2830 | 95.38 | gi|42779081|ref|NC_003909.8|_Bacillus_cereus_ATCC_10987__complete_genome NODE_163_length_67101_cov_121.538902_1
		Unaligned bases: 1 to 57355 (57355)
		Unaligned bases: 60186 to 67163 (6978)
		This contig has both significant aligned and unaligned parts (of length >= min-contig)!

CONTIG: NODE_24_length_9458_cov_47.853245_1 (9520bp)
		This contig is unaligned. (9520 bp)
		Unaligned bases: 9520  total: 3353368

CONTIG: NODE_270_length_16721_cov_48.127922_1 (16783bp)
		This contig is unaligned. (16783 bp)
		Unaligned bases: 16783  total: 3370151

CONTIG: NODE_531_length_917_cov_88.239914_1 (979bp)
		This contig is unaligned. (979 bp)
		Unaligned bases: 979  total: 3371130

CONTIG: NODE_620_length_1848_cov_73.434525_1 (678bp)
		This contig is unaligned. (678 bp)
		Unaligned bases: 678  total: 3371808

CONTIG: NODE_350_length_16474_cov_44.145927_1 (2972bp)
		This contig is unaligned. (2972 bp)
		Unaligned bases: 2972  total: 3374780

CONTIG: NODE_232_length_44064_cov_92.194832_1 (44126bp)
		This contig is unaligned. (44126 bp)
		Unaligned bases: 44126  total: 3418906

CONTIG: NODE_114_length_19289_cov_130.286484_1 (19351bp)
		This contig is unaligned. (19351 bp)
		Unaligned bases: 19351  total: 3438257

CONTIG: NODE_253_length_67703_cov_54.905647_1 (67765bp)
		This contig is unaligned. (67765 bp)
		Unaligned bases: 67765  total: 3506022

CONTIG: NODE_414_length_27253_cov_110.581993_1 (27315bp)
		This contig is unaligned. (27315 bp)
		Unaligned bases: 27315  total: 3533337

CONTIG: NODE_427_length_1711_cov_135.055527_1 (1773bp)
		This contig is unaligned. (1773 bp)
		Unaligned bases: 1773  total: 3535110

CONTIG: NODE_23_length_2928_cov_1946.552246_1 (2990bp)
Top Length: 2990  Top ID: 99.26
		This contig has 12 significant alignments. [An ambiguously mapped contig]
		Using only first of these alignment (option --ambiguity-usage is set to "one"):
		Alignment: 315501 318489 | 2990 1 | 2989 2990 | 99.26 | gi|42779081|ref|NC_003909.8|_Bacillus_cereus_ATCC_10987__complete_genome NODE_23_length_2928_cov_1946.552246_1
		Skipping alignment  332419 335408 | 2990 1 | 2990 2990 | 99.26 | gi|42779081|ref|NC_003909.8|_Bacillus_cereus_ATCC_10987__complete_genome NODE_23_length_2928_cov_1946.552246_1
		Skipping alignment  4651092 4654081 | 1 2990 | 2990 2990 | 99.26 | gi|42779081|ref|NC_003909.8|_Bacillus_cereus_ATCC_10987__complete_genome NODE_23_length_2928_cov_1946.552246_1
		Skipping alignment  147136 150125 | 2990 1 | 2990 2990 | 99.23 | gi|42779081|ref|NC_003909.8|_Bacillus_cereus_ATCC_10987__complete_genome NODE_23_length_2928_cov_1946.552246_1
		Skipping alignment  281240 284229 | 2990 1 | 2990 2990 | 99.23 | gi|42779081|ref|NC_003909.8|_Bacillus_cereus_ATCC_10987__complete_genome NODE_23_length_2928_cov_1946.552246_1
		Skipping alignment  30950 33939 | 2990 1 | 2990 2990 | 99.2 | gi|42779081|ref|NC_003909.8|_Bacillus_cereus_ATCC_10987__complete_genome NODE_23_length_2928_cov_1946.552246_1
		Skipping alignment  819779 822768 | 2990 1 | 2990 2990 | 99.2 | gi|42779081|ref|NC_003909.8|_Bacillus_cereus_ATCC_10987__complete_genome NODE_23_length_2928_cov_1946.552246_1
		Skipping alignment  11176 14165 | 2990 1 | 2990 2990 | 99.16 | gi|42779081|ref|NC_003909.8|_Bacillus_cereus_ATCC_10987__complete_genome NODE_23_length_2928_cov_1946.552246_1
		Skipping alignment  606572 609561 | 2990 1 | 2990 2990 | 99.16 | gi|42779081|ref|NC_003909.8|_Bacillus_cereus_ATCC_10987__complete_genome NODE_23_length_2928_cov_1946.552246_1
		Skipping alignment  84067 87056 | 2990 1 | 2990 2990 | 99.1 | gi|42779081|ref|NC_003909.8|_Bacillus_cereus_ATCC_10987__complete_genome NODE_23_length_2928_cov_1946.552246_1
		Skipping alignment  302291 305281 | 2990 1 | 2991 2990 | 99.06 | gi|42779081|ref|NC_003909.8|_Bacillus_cereus_ATCC_10987__complete_genome NODE_23_length_2928_cov_1946.552246_1
		Skipping alignment  324601 327590 | 2990 1 | 2990 2990 | 99.06 | gi|42779081|ref|NC_003909.8|_Bacillus_cereus_ATCC_10987__complete_genome NODE_23_length_2928_cov_1946.552246_1

CONTIG: NODE_331_length_809_cov_115.813347_1 (871bp)
		This contig is unaligned. (871 bp)
		Unaligned bases: 871  total: 3535981

CONTIG: NODE_95_length_771_cov_70.341118_1 (513bp)
Top Length: 513  Top ID: 97.08
		Marking as insignificant: 151066 151138 | 74 146 | 73 73 | 100.0 | gi|42779081|ref|NC_003909.8|_Bacillus_cereus_ATCC_10987__complete_genome NODE_95_length_771_cov_70.341118_1
		Marking as insignificant: 64437 64512 | 165 240 | 76 76 | 100.0 | gi|42779081|ref|NC_003909.8|_Bacillus_cereus_ATCC_10987__complete_genome NODE_95_length_771_cov_70.341118_1
		Marking as insignificant: 30845 30923 | 69 147 | 79 79 | 98.73 | gi|42779081|ref|NC_003909.8|_Bacillus_cereus_ATCC_10987__complete_genome NODE_95_length_771_cov_70.341118_1
		Marking as insignificant: 11071 11149 | 69 147 | 79 79 | 98.73 | gi|42779081|ref|NC_003909.8|_Bacillus_cereus_ATCC_10987__complete_genome NODE_95_length_771_cov_70.341118_1
		Marking as insignificant: 21771 21863 | 341 433 | 93 93 | 97.85 | gi|42779081|ref|NC_003909.8|_Bacillus_cereus_ATCC_10987__complete_genome NODE_95_length_771_cov_70.341118_1
		Marking as insignificant: 823721 823874 | 1 153 | 154 153 | 98.7 | gi|42779081|ref|NC_003909.8|_Bacillus_cereus_ATCC_10987__complete_genome NODE_95_length_771_cov_70.341118_1
		Marking as insignificant: 824031 824203 | 341 513 | 173 173 | 98.27 | gi|42779081|ref|NC_003909.8|_Bacillus_cereus_ATCC_10987__complete_genome NODE_95_length_771_cov_70.341118_1
		One align captures most of this contig: 4649712 4650225 | 513 1 | 514 513 | 97.08 | gi|42779081|ref|NC_003909.8|_Bacillus_cereus_ATCC_10987__complete_genome NODE_95_length_771_cov_70.341118_1

CONTIG: NODE_450_length_9446_cov_71.077919_1 (9508bp)
		This contig is unaligned. (9508 bp)
		Unaligned bases: 9508  total: 3545489

CONTIG: NODE_409_length_15926_cov_104.826195_1 (15988bp)
		This contig is unaligned. (15988 bp)
		Unaligned bases: 15988  total: 3561477

CONTIG: NODE_509_length_3677_cov_81.063911_2 (510bp)
		This contig is unaligned. (510 bp)
		Unaligned bases: 510  total: 3561987

CONTIG: NODE_388_length_1343_cov_357.618774_1 (1405bp)
		This contig is unaligned. (1405 bp)
		Unaligned bases: 1405  total: 3563392

CONTIG: NODE_168_length_10018_cov_132.057999_1 (10080bp)
		This contig is unaligned. (10080 bp)
		Unaligned bases: 10080  total: 3573472

CONTIG: NODE_184_length_43372_cov_100.069565_2 (42292bp)
Top Length: 161  Top ID: 98.16
		Skipping redundant alignment 5203884 5203957 | 41981 42054 | 74 74 | 100.0 | gi|42779081|ref|NC_003909.8|_Bacillus_cereus_ATCC_10987__complete_genome NODE_184_length_43372_cov_100.069565_2
		Skipping redundant alignment 150500 150572 | 42054 41982 | 73 73 | 100.0 | gi|42779081|ref|NC_003909.8|_Bacillus_cereus_ATCC_10987__complete_genome NODE_184_length_43372_cov_100.069565_2
		Skipping redundant alignment 278580 278652 | 42054 41982 | 73 73 | 100.0 | gi|42779081|ref|NC_003909.8|_Bacillus_cereus_ATCC_10987__complete_genome NODE_184_length_43372_cov_100.069565_2
		Skipping redundant alignment 609960 610032 | 42054 41982 | 73 73 | 100.0 | gi|42779081|ref|NC_003909.8|_Bacillus_cereus_ATCC_10987__complete_genome NODE_184_length_43372_cov_100.069565_2
		Skipping redundant alignment 150322 150400 | 42132 42054 | 79 79 | 100.0 | gi|42779081|ref|NC_003909.8|_Bacillus_cereus_ATCC_10987__complete_genome NODE_184_length_43372_cov_100.069565_2
		Skipping redundant alignment 278401 278479 | 42132 42054 | 79 79 | 100.0 | gi|42779081|ref|NC_003909.8|_Bacillus_cereus_ATCC_10987__complete_genome NODE_184_length_43372_cov_100.069565_2
		Skipping redundant alignments after choosing the best set of alignments
		Skipping [10977][11069] redundant alignment 10977 11069 | 42225 42133 | 93 93 | 96.77 | gi|42779081|ref|NC_003909.8|_Bacillus_cereus_ATCC_10987__complete_genome NODE_184_length_43372_cov_100.069565_2
		This contig is misassembled. 10 total aligns.
			Warning! This contig is more unaligned than misassembled. Contig length is 42292 and total length of all aligns is 254
		Alignment: 30751 30843 | 42225 42133 | 93 93 | 96.77 | gi|42779081|ref|NC_003909.8|_Bacillus_cereus_ATCC_10987__complete_genome NODE_184_length_43372_cov_100.069565_2
		Alignment: 64526 64607 | 42053 41972 | 82 82 | 97.56 | gi|42779081|ref|NC_003909.8|_Bacillus_cereus_ATCC_10987__complete_genome NODE_184_length_43372_cov_100.069565_2
		Alignment: 4649093 4649255 | 42054 42214 | 163 161 | 98.16 | gi|42779081|ref|NC_003909.8|_Bacillus_cereus_ATCC_10987__complete_genome NODE_184_length_43372_cov_100.069565_2
		Unaligned bases: 42038
CONTIG: NODE_630_length_1705_cov_88.888565_1 (1767bp)
		This contig is unaligned. (1767 bp)
		Unaligned bases: 1767  total: 3575239

CONTIG: NODE_54_length_58222_cov_149.010834_1 (58284bp)
		This contig is unaligned. (58284 bp)
		Unaligned bases: 58284  total: 3633523

CONTIG: NODE_402_length_4661_cov_66.750916_1 (4723bp)
		This contig is unaligned. (4723 bp)
		Unaligned bases: 4723  total: 3638246

CONTIG: NODE_789_length_3700_cov_39.222431_1 (3762bp)
		This contig is unaligned. (3762 bp)
		Unaligned bases: 3762  total: 3642008

CONTIG: NODE_610_length_900_cov_369.957764_1 (962bp)
		This contig is unaligned. (962 bp)
		Unaligned bases: 962  total: 3642970

CONTIG: NODE_209_length_59636_cov_106.046837_1 (59698bp)
Top Length: 3516  Top ID: 95.05
		This contig is partially unaligned. (3516 out of 59698)
		Alignment: 4539765 4543280 | 22758 19243 | 3516 3516 | 95.05 | gi|42779081|ref|NC_003909.8|_Bacillus_cereus_ATCC_10987__complete_genome NODE_209_length_59636_cov_106.046837_1
		Unaligned bases: 1 to 19242 (19242)
		Unaligned bases: 22759 to 59698 (36940)
		This contig has both significant aligned and unaligned parts (of length >= min-contig)!

CONTIG: NODE_723_length_498_cov_40.010040_1 (560bp)
		This contig is unaligned. (560 bp)
		Unaligned bases: 560  total: 3643530

CONTIG: NODE_281_length_5517_cov_39.973537_1 (5579bp)
		This contig is unaligned. (5579 bp)
		Unaligned bases: 5579  total: 3649109

CONTIG: NODE_347_length_11130_cov_42.353729_1 (11192bp)
		This contig is unaligned. (11192 bp)
		Unaligned bases: 11192  total: 3660301

CONTIG: NODE_810_length_126297_cov_45.923496_2 (51613bp)
		This contig is unaligned. (51613 bp)
		Unaligned bases: 51613  total: 3711914

CONTIG: NODE_839_length_4602_cov_56.602783_1 (4664bp)
		This contig is unaligned. (4664 bp)
		Unaligned bases: 4664  total: 3716578

CONTIG: NODE_497_length_544_cov_877.977966_1 (606bp)
Top Length: 606  Top ID: 98.84
		This contig has 2 significant alignments. [An ambiguously mapped contig]
		Using only first of these alignment (option --ambiguity-usage is set to "one"):
		Alignment: 2565055 2565660 | 1 606 | 606 606 | 98.84 | gi|42779081|ref|NC_003909.8|_Bacillus_cereus_ATCC_10987__complete_genome NODE_497_length_544_cov_877.977966_1
		Skipping alignment  5141176 5141781 | 606 1 | 606 606 | 98.84 | gi|42779081|ref|NC_003909.8|_Bacillus_cereus_ATCC_10987__complete_genome NODE_497_length_544_cov_877.977966_1

CONTIG: NODE_688_length_4687_cov_88.592278_1 (1481bp)
		This contig is unaligned. (1481 bp)
		Unaligned bases: 1481  total: 3718059

CONTIG: NODE_575_length_40306_cov_84.106163_1 (40368bp)
		This contig is unaligned. (40368 bp)
		Unaligned bases: 40368  total: 3758427

CONTIG: NODE_184_length_43372_cov_100.069565_1 (1132bp)
		This contig is unaligned. (1132 bp)
		Unaligned bases: 1132  total: 3759559

CONTIG: NODE_261_length_9635_cov_53.160767_1 (9697bp)
		This contig is unaligned. (9697 bp)
		Unaligned bases: 9697  total: 3769256

CONTIG: NODE_307_length_2063_cov_74.482307_1 (2125bp)
Top Length: 552  Top ID: 95.32
		This contig is partially unaligned. (552 out of 2125)
		Alignment: 3118082 3118636 | 1574 2125 | 555 552 | 95.32 | gi|42779081|ref|NC_003909.8|_Bacillus_cereus_ATCC_10987__complete_genome NODE_307_length_2063_cov_74.482307_1
		Unaligned bases: 1 to 1573 (1573)
		This contig has both significant aligned and unaligned parts (of length >= min-contig)!

CONTIG: NODE_571_length_1458_cov_59.263374_1 (1520bp)
		This contig is unaligned. (1520 bp)
		Unaligned bases: 1520  total: 3770776

CONTIG: NODE_264_length_2696_cov_48.976261_1 (2758bp)
		This contig is unaligned. (2758 bp)
		Unaligned bases: 2758  total: 3773534

Analyzing coverage...
Writing SNPs into /usit/invitro/data/galaxy/master/sabbai/galaxy-dist/database/job_working_directory/001/1619/dataset_1701_files/Scaffold/contigs_reports/nucmer_output/BC-H-Velvet-Scaffold_broken.used_snps
	Reference gi|42779081|ref|NC_003909.8|_Bacillus_cereus_ATCC_10987__complete_genome: 28 total alignments. 1 total regions.
		Region: 1 to 5224283 (5224283 bp)
			START in gap: 1 to 227899 (227898 bp)
			Align 1: 227899 229043 NODE_16_length_46549_cov_134.577332_1 6373 5233
				Gap between this and next alignment: 229043 to 313822 (84778 bp)
				Next Alignment: 313822 315429 NODE_4_length_1548_cov_1928.573608_1 1610 1

			Align 2: 313822 315429 NODE_4_length_1548_cov_1928.573608_1 1610 1
				Gap between this and next alignment: 315429 to 315501 (71 bp)
				Next Alignment: 315501 318489 NODE_23_length_2928_cov_1946.552246_1 2990 1

			Align 3: 315501 318489 NODE_23_length_2928_cov_1946.552246_1 2990 1
				Gap between this and next alignment: 318489 to 319525 (1035 bp)
				Next Alignment: 319525 321313 NODE_244_length_233680_cov_77.283653_1 157265 159053

			Align 4: 319525 321313 NODE_244_length_233680_cov_77.283653_1 157265 159053
				Gap between this and next alignment: 321313 to 453071 (131757 bp)
				Next Alignment: 453071 455896 NODE_163_length_67101_cov_121.538902_1 60185 57356

			Align 5: 453071 455896 NODE_163_length_67101_cov_121.538902_1 60185 57356
				Gap between this and next alignment: 455896 to 603265 (147368 bp)
				Next Alignment: 603265 604041 NODE_66_length_44295_cov_120.106918_1 42764 43535

			Align 6: 603265 604041 NODE_66_length_44295_cov_120.106918_1 42764 43535
				Gap between this and next alignment: 604041 to 615178 (11136 bp)
				Next Alignment: 615178 615252 NODE_412_length_99917_cov_95.917358_1 69131 69057

			Align 7: 615178 615252 NODE_412_length_99917_cov_95.917358_1 69131 69057
				Gap between this and next alignment: 615252 to 1080080 (464827 bp)
				Next Alignment: 1080080 1080148 NODE_268_length_38868_cov_46.256302_1 10758 10826

			Align 8: 1080080 1080148 NODE_268_length_38868_cov_46.256302_1 10758 10826
				The next alignment (1080080 1080148 NODE_174_length_41325_cov_49.437702_1 35945 35877) is redundant. Skipping.
				Gap between this and next alignment: 1080148 to 1109642 (29493 bp)
				Next Alignment: 1109642 1109899 NODE_349_length_14053_cov_45.773075_1 1 258

			Align 10: 1109642 1109899 NODE_349_length_14053_cov_45.773075_1 1 258
				The next alignment (1109642 1109897 NODE_154_length_21153_cov_130.845276_1 1 256) is redundant. Skipping.
				The next alignment (1109704 1109897 NODE_395_length_167625_cov_90.757416_2 92530 92337) is redundant. Skipping.
				Gap between this and next alignment: 1109899 to 2564190 (1454290 bp)
				Next Alignment: 2564190 2564342 NODE_483_length_1440_cov_40.249306_1 153 1

			Align 13: 2564190 2564342 NODE_483_length_1440_cov_40.249306_1 153 1
				Gap between this and next alignment: 2564342 to 2565055 (712 bp)
				Next Alignment: 2565055 2565660 NODE_497_length_544_cov_877.977966_1 1 606

			Align 14: 2565055 2565660 NODE_497_length_544_cov_877.977966_1 1 606
				Gap between this and next alignment: 2565660 to 2599598 (33937 bp)
				Next Alignment: 2599598 2600288 NODE_305_length_4321_cov_44.530895_1 113 803

			Align 15: 2599598 2600288 NODE_305_length_4321_cov_44.530895_1 113 803
				Gap between this and next alignment: 2600288 to 3015458 (415169 bp)
				Next Alignment: 3015458 3018132 NODE_277_length_56304_cov_39.796711_1 50352 53026

			Align 16: 3015458 3018132 NODE_277_length_56304_cov_39.796711_1 50352 53026
				Gap between this and next alignment: 3018132 to 3118082 (99949 bp)
				Next Alignment: 3118082 3118636 NODE_307_length_2063_cov_74.482307_1 1574 2125

			Align 17: 3118082 3118636 NODE_307_length_2063_cov_74.482307_1 1574 2125
				Gap between this and next alignment: 3118636 to 3119139 (502 bp)
				Next Alignment: 3119139 3119714 NODE_324_length_5981_cov_67.637352_1 6043 5468

			Align 18: 3119139 3119714 NODE_324_length_5981_cov_67.637352_1 6043 5468
				The next alignment (3119145 3119714 NODE_321_length_2274_cov_78.340813_1 2336 1767) is redundant. Skipping.
				Gap between this and next alignment: 3119714 to 3166751 (47036 bp)
				Next Alignment: 3166751 3167574 NODE_350_length_16474_cov_44.145927_2 1 825

			Align 20: 3166751 3167574 NODE_350_length_16474_cov_44.145927_2 1 825
				Gap between this and next alignment: 3167574 to 3233471 (65896 bp)
				Next Alignment: 3233471 3234415 NODE_155_length_882_cov_295.173462_1 944 1

			Align 21: 3233471 3234415 NODE_155_length_882_cov_295.173462_1 944 1
				Gap between this and next alignment: 3234415 to 4190254 (955838 bp)
				Next Alignment: 4190254 4191657 NODE_478_length_89711_cov_98.397430_1 64876 66279

			Align 22: 4190254 4191657 NODE_478_length_89711_cov_98.397430_1 64876 66279
				Gap between this and next alignment: 4191657 to 4375336 (183678 bp)
				Next Alignment: 4375336 4380532 NODE_207_length_54305_cov_101.483475_1 23717 28913

			Align 23: 4375336 4380532 NODE_207_length_54305_cov_101.483475_1 23717 28913
				Gap between this and next alignment: 4380532 to 4539765 (159232 bp)
				Next Alignment: 4539765 4543280 NODE_209_length_59636_cov_106.046837_1 22758 19243

			Align 24: 4539765 4543280 NODE_209_length_59636_cov_106.046837_1 22758 19243
				Gap between this and next alignment: 4543280 to 4648835 (105554 bp)
				Next Alignment: 4648835 4648978 NODE_124_length_23039_cov_117.697250_1 22957 23101

			Align 25: 4648835 4648978 NODE_124_length_23039_cov_117.697250_1 22957 23101
				Gap between this and next alignment: 4648978 to 4649712 (733 bp)
				Next Alignment: 4649712 4650225 NODE_95_length_771_cov_70.341118_1 513 1

			Align 26: 4649712 4650225 NODE_95_length_771_cov_70.341118_1 513 1
				The next alignment (4649986 4650061 NODE_33_length_30524_cov_135.764847_1 76 151) is redundant. Skipping.
				Gap between this and next alignment: 4650225 to 4655825 (5599 bp)
				Next Alignment: 4655825 4655940 NODE_61_length_17750_cov_138.308167_1 1 116

			Align 28: 4655825 4655940 NODE_61_length_17750_cov_138.308167_1 1 116
			END in gap: 4655940 to 5224283 (568343 bp)

ERROR: Reference [$ref] does not have any alignments!  Check that this is the same file used for alignment.
ERROR: Alignment Reference Headers: ['gi|42779081|ref|NC_003909.8|_Bacillus_cereus_ATCC_10987__complete_genome']
Analysis is finished!
Founded SNPs were written into /usit/invitro/data/galaxy/master/sabbai/galaxy-dist/database/job_working_directory/001/1619/dataset_1701_files/Scaffold/contigs_reports/nucmer_output/BC-H-Velvet-Scaffold_broken.used_snps

Results:
	Local Misassemblies: 0
	Misassemblies: 0
		Relocations: 0
		Translocations: 0
		Inversions: 0
	Misassembled Contigs: 0
	Misassembled Contig Bases: 0
	Misassmblies Inter-Contig Overlap: 0
Uncovered Regions: 0 (0)
Unaligned Contigs: 250 + 27 part
Partially Unaligned Contigs with Misassemblies: 4
Unaligned Contig Bases: 4924740

Ambiguously Mapped Contigs: 4
Total Bases in Ambiguously Mapped Contigs: 6150
Note that --allow-ambiguity option was set to "one" and only first alignment per each contig was used.

	Covered Bases: 29452

	SNPs: 1027
	Insertions: 17
	Deletions: 22

	Positive Gaps: 24
		Internal Gaps:  0
		External Gaps:  24
		External Gap Total:  5194831
		External Gap Average: 216451
	Negative Gaps: 0
		Internal Overlaps:  0
		External Overlaps:  0
		External Overlaps Total:  0
		External Overlaps Average: 0
	Contigs with Redundant Alignments: 4 (1165)
