/software/galaxy/master/sabbai/galaxy-dist/tools/comparative_assembly_statistics/quast-2.2/quast.py -o /software/galaxy/master/sabbai/galaxy-dist/database/job_working_directory/002/2365/dataset_2447_files/Contig -R /software/galaxy/master/sabbai/galaxy-dist/tools/comparative_assembly_statistics/reference/refGen/B_cereus_ATCC_1098.fna -G /software/galaxy/master/sabbai/galaxy-dist/tools/comparative_assembly_statistics/reference/genefiles/B_cereus_ATCC_1098.gff -l BC-M-Abyss-Contig, BC-M-Cabog-Contig, BC-M-Mira-Contig, BC-M-Msrca-Contig, BC-M-Sga-Contig, BC-M-Soap-Contig, BC-M-Spades-Contig, BC-M-Velvet-Contig --contig-thresholds 200,1000 /software/galaxy/master/sabbai/galaxy-dist/database/files/000/dataset_497.dat /software/galaxy/master/sabbai/galaxy-dist/database/files/000/dataset_498.dat /software/galaxy/master/sabbai/galaxy-dist/database/files/000/dataset_499.dat /software/galaxy/master/sabbai/galaxy-dist/database/files/000/dataset_500.dat /software/galaxy/master/sabbai/galaxy-dist/database/files/000/dataset_501.dat /software/galaxy/master/sabbai/galaxy-dist/database/files/000/dataset_502.dat /software/galaxy/master/sabbai/galaxy-dist/database/files/000/dataset_503.dat /software/galaxy/master/sabbai/galaxy-dist/database/files/000/dataset_504.dat

Version 2.2, build 19.07.2013 21:21


System information:
  OS: Linux-2.6.32-431.11.2.el6.x86_64-x86_64-with-redhat-6.5-Santiago
  Python version: 2.7.6
  CPUs number: 64

Started: 2014-07-08 11:13:28

Logging to /software/galaxy/master/sabbai/galaxy-dist/database/job_working_directory/002/2365/dataset_2447_files/Contig/quast.log

NOTICE: Output directory already exists. Existing Nucmer alignments can be used.

NOTICE: Maximum number of threads is set to 64 (use --threads option to set it manually)

Reference:
  /software/galaxy/master/sabbai/galaxy-dist/tools/comparative_assembly_statistics/reference/refGen/B_cereus_ATCC_1098.fna ==> B_cereus_ATCC_1098

Contigs:
  /software/galaxy/master/sabbai/galaxy-dist/database/files/000/dataset_497.dat ==> BC-M-Abyss-Contig
  /software/galaxy/master/sabbai/galaxy-dist/database/files/000/dataset_498.dat ==> BC-M-Cabog-Contig
  /software/galaxy/master/sabbai/galaxy-dist/database/files/000/dataset_499.dat ==> BC-M-Mira-Contig
  /software/galaxy/master/sabbai/galaxy-dist/database/files/000/dataset_500.dat ==> BC-M-Msrca-Contig
  /software/galaxy/master/sabbai/galaxy-dist/database/files/000/dataset_501.dat ==> BC-M-Sga-Contig
  /software/galaxy/master/sabbai/galaxy-dist/database/files/000/dataset_502.dat ==> BC-M-Soap-Contig
  /software/galaxy/master/sabbai/galaxy-dist/database/files/000/dataset_503.dat ==> BC-M-Spades-Contig
  /software/galaxy/master/sabbai/galaxy-dist/database/files/000/dataset_504.dat ==> BC-M-Velvet-Contig

2014-07-08 11:13:35
Running Basic statistics processor...
  Reference genome:
    B_cereus_ATCC_1098.fna, Reference length = 5432652, Reference GC % = 35.50
  Contig files: 
    1  BC-M-Abyss-Contig
    2  BC-M-Cabog-Contig
    3  BC-M-Mira-Contig
    4  BC-M-Msrca-Contig
    5  BC-M-Sga-Contig
    6  BC-M-Soap-Contig
    7  BC-M-Spades-Contig
    8  BC-M-Velvet-Contig
  Calculating N50 and L50...
    1  BC-M-Abyss-Contig, N50 = 130570, L50 = 12, Total length = 5380960, GC % = 35.30, # N's per 100 kbp =  102.42
    2  BC-M-Cabog-Contig, N50 = 155352, L50 = 13, Total length = 5419570, GC % = 35.41, # N's per 100 kbp =  0.00
    3  BC-M-Mira-Contig, N50 = 116480, L50 = 14, Total length = 5413818, GC % = 35.42, # N's per 100 kbp =  3.53
    4  BC-M-Msrca-Contig, N50 = 246697, L50 = 6, Total length = 5432639, GC % = 35.39, # N's per 100 kbp =  0.00
    5  BC-M-Sga-Contig, N50 = 25767, L50 = 64, Total length = 5368062, GC % = 35.30, # N's per 100 kbp =  0.00
    6  BC-M-Soap-Contig, N50 = 246346, L50 = 6, Total length = 5341631, GC % = 35.28, # N's per 100 kbp =  0.00
    7  BC-M-Spades-Contig, N50 = 103691, L50 = 17, Total length = 5395402, GC % = 35.36, # N's per 100 kbp =  4.10
    8  BC-M-Velvet-Contig, N50 = 24786, L50 = 65, Total length = 5310336, GC % = 35.29, # N's per 100 kbp =  0.00
  Drawing cumulative plot...
    saved to /software/galaxy/master/sabbai/galaxy-dist/database/job_working_directory/002/2365/dataset_2447_files/Contig/basic_stats/cumulative_plot.pdf
  Drawing GC content plot...
    saved to /software/galaxy/master/sabbai/galaxy-dist/database/job_working_directory/002/2365/dataset_2447_files/Contig/basic_stats/GC_content_plot.pdf
  Drawing Nx plot...
    saved to /software/galaxy/master/sabbai/galaxy-dist/database/job_working_directory/002/2365/dataset_2447_files/Contig/basic_stats/Nx_plot.pdf
  Drawing NGx plot...
    saved to /software/galaxy/master/sabbai/galaxy-dist/database/job_working_directory/002/2365/dataset_2447_files/Contig/basic_stats/NGx_plot.pdf
Done.

2014-07-08 11:13:43
Running Contig analyzer...
  1  BC-M-Abyss-Contig
  2  BC-M-Cabog-Contig
  1  Logging to files /software/galaxy/master/sabbai/galaxy-dist/database/job_working_directory/002/2365/dataset_2447_files/Contig/contigs_reports/contigs_report_BC-M-Abyss-Contig.stdout and contigs_report_BC-M-Abyss-Contig.stderr...
  2  Logging to files /software/galaxy/master/sabbai/galaxy-dist/database/job_working_directory/002/2365/dataset_2447_files/Contig/contigs_reports/contigs_report_BC-M-Cabog-Contig.stdout and contigs_report_BC-M-Cabog-Contig.stderr...
  1  Running Nucmer... 
  3  BC-M-Mira-Contig
  2  Running Nucmer... 
  4  BC-M-Msrca-Contig
  3  Logging to files /software/galaxy/master/sabbai/galaxy-dist/database/job_working_directory/002/2365/dataset_2447_files/Contig/contigs_reports/contigs_report_BC-M-Mira-Contig.stdout and contigs_report_BC-M-Mira-Contig.stderr...
  4  Logging to files /software/galaxy/master/sabbai/galaxy-dist/database/job_working_directory/002/2365/dataset_2447_files/Contig/contigs_reports/contigs_report_BC-M-Msrca-Contig.stdout and contigs_report_BC-M-Msrca-Contig.stderr...
  5  BC-M-Sga-Contig
  3  Running Nucmer... 
  4  Running Nucmer... 
  6  BC-M-Soap-Contig
  5  Logging to files /software/galaxy/master/sabbai/galaxy-dist/database/job_working_directory/002/2365/dataset_2447_files/Contig/contigs_reports/contigs_report_BC-M-Sga-Contig.stdout and contigs_report_BC-M-Sga-Contig.stderr...
  6  Logging to files /software/galaxy/master/sabbai/galaxy-dist/database/job_working_directory/002/2365/dataset_2447_files/Contig/contigs_reports/contigs_report_BC-M-Soap-Contig.stdout and contigs_report_BC-M-Soap-Contig.stderr...
  5  Running Nucmer... 
  7  BC-M-Spades-Contig
  6  Running Nucmer... 
  8  BC-M-Velvet-Contig
  7  Logging to files /software/galaxy/master/sabbai/galaxy-dist/database/job_working_directory/002/2365/dataset_2447_files/Contig/contigs_reports/contigs_report_BC-M-Spades-Contig.stdout and contigs_report_BC-M-Spades-Contig.stderr...
  8  Logging to files /software/galaxy/master/sabbai/galaxy-dist/database/job_working_directory/002/2365/dataset_2447_files/Contig/contigs_reports/contigs_report_BC-M-Velvet-Contig.stdout and contigs_report_BC-M-Velvet-Contig.stderr...
  7  Running Nucmer... 
  8  Running Nucmer... 
/software/galaxy/master/sabbai/galaxy-dist/database/job_working_directory/002/2365/dataset_2447_files/Contig/contigs_reports/alignments_BC-M-Velvet-Contig.tsv
  626 Analysis is finished.
/software/galaxy/master/sabbai/galaxy-dist/database/job_working_directory/002/2365/dataset_2447_files/Contig/contigs_reports/alignments_BC-M-Cabog-Contig.tsv
  13532 Analysis is finished.
/software/galaxy/master/sabbai/galaxy-dist/database/job_working_directory/002/2365/dataset_2447_files/Contig/contigs_reports/alignments_BC-M-Abyss-Contig.tsv
  18431 Analysis is finished.
/software/galaxy/master/sabbai/galaxy-dist/database/job_working_directory/002/2365/dataset_2447_files/Contig/contigs_reports/alignments_BC-M-Sga-Contig.tsv
  7265 Analysis is finished.
/software/galaxy/master/sabbai/galaxy-dist/database/job_working_directory/002/2365/dataset_2447_files/Contig/contigs_reports/alignments_BC-M-Spades-Contig.tsv
  23142 Analysis is finished.
/software/galaxy/master/sabbai/galaxy-dist/database/job_working_directory/002/2365/dataset_2447_files/Contig/contigs_reports/alignments_BC-M-Soap-Contig.tsv
  13383 Analysis is finished.
/software/galaxy/master/sabbai/galaxy-dist/database/job_working_directory/002/2365/dataset_2447_files/Contig/contigs_reports/alignments_BC-M-Mira-Contig.tsv
  64891 Analysis is finished.
/software/galaxy/master/sabbai/galaxy-dist/database/job_working_directory/002/2365/dataset_2447_files/Contig/contigs_reports/alignments_BC-M-Msrca-Contig.tsv
  14431 Analysis is finished.
  Creating total report...
    saved to /software/galaxy/master/sabbai/galaxy-dist/database/job_working_directory/002/2365/dataset_2447_files/Contig/contigs_reports/misassemblies_report.txt, misassemblies_report.tsv, and misassemblies_report.tex
  Creating total report...
    saved to /software/galaxy/master/sabbai/galaxy-dist/database/job_working_directory/002/2365/dataset_2447_files/Contig/contigs_reports/unaligned_report.txt, unaligned_report.tsv, and unaligned_report.tex
Done.

2014-07-08 11:14:06
Running NA-NGA calculation...
  Calculating NA50 and NGA50...
    1  BC-M-Abyss-Contig, Largest alignment = 430487, NA50 = 130570, NGA50 = 130570, LA50 = 12, LGA50 = 12
    2  BC-M-Cabog-Contig, Largest alignment = 258489, NA50 = 150479, NGA50 = 150479, LA50 = 14, LGA50 = 14
    3  BC-M-Mira-Contig, Largest alignment = 311769, NA50 = 100038, NGA50 = 100038, LA50 = 15, LGA50 = 15
    4  BC-M-Msrca-Contig, Largest alignment = 766822, NA50 = 246697, NGA50 = 246697, LA50 = 6, LGA50 = 6
    5  BC-M-Sga-Contig, Largest alignment = 106317, NA50 = 25767, NGA50 = 25512, LA50 = 64, LGA50 = 65
    6  BC-M-Soap-Contig, Largest alignment = 606357, NA50 = 246346, NGA50 = 246346, LA50 = 6, LGA50 = 6
    7  BC-M-Spades-Contig, Largest alignment = 346882, NA50 = 103691, NGA50 = 103691, LA50 = 17, LGA50 = 17
    8  BC-M-Velvet-Contig, Largest alignment = 91844, NA50 = 24577, NGA50 = 24465, LA50 = 66, LGA50 = 68
  Drawing cumulative plot...
    saved to /software/galaxy/master/sabbai/galaxy-dist/database/job_working_directory/002/2365/dataset_2447_files/Contig/aligned_stats/cumulative_plot.pdf
  Drawing NAx plot...
    saved to /software/galaxy/master/sabbai/galaxy-dist/database/job_working_directory/002/2365/dataset_2447_files/Contig/aligned_stats/NAx_plot.pdf
  Drawing NGAx plot...
    saved to /software/galaxy/master/sabbai/galaxy-dist/database/job_working_directory/002/2365/dataset_2447_files/Contig/aligned_stats/NGAx_plot.pdf
  Done.

2014-07-08 11:14:09
Running Genome analyzer...
  Loaded 6014 genes
  NOTICE: Annotated operons file was not provided. Use -O option to specify it.
  1  BC-M-Abyss-Contig
  2  BC-M-Cabog-Contig
  3  BC-M-Mira-Contig
  4  BC-M-Msrca-Contig
  5  BC-M-Sga-Contig
  6  BC-M-Soap-Contig
  7  BC-M-Spades-Contig
  8  BC-M-Velvet-Contig
  Drawing genes cumulative plot...
    saved to /software/galaxy/master/sabbai/galaxy-dist/database/job_working_directory/002/2365/dataset_2447_files/Contig/genome_stats/genes_cumulative_plot.pdf
  Drawing # complete genes histogram...
    saved to /software/galaxy/master/sabbai/galaxy-dist/database/job_working_directory/002/2365/dataset_2447_files/Contig/genome_stats/complete_genes_histogram.pdf
  Drawing Genome fraction, % histogram...
    saved to /software/galaxy/master/sabbai/galaxy-dist/database/job_working_directory/002/2365/dataset_2447_files/Contig/genome_stats/genome_fraction_histogram.pdf
Done.

NOTICE: Genes are not predicted by default. Use --gene-finding option to enable it.

2014-07-08 11:14:49
Summarizing...
  Creating total report...
    saved to /software/galaxy/master/sabbai/galaxy-dist/database/job_working_directory/002/2365/dataset_2447_files/Contig/report.txt, report.tsv, and report.tex
  Transposed version of total report...
    saved to /software/galaxy/master/sabbai/galaxy-dist/database/job_working_directory/002/2365/dataset_2447_files/Contig/transposed_report.txt, transposed_report.tsv, and transposed_report.tex
  HTML version saved to /software/galaxy/master/sabbai/galaxy-dist/database/job_working_directory/002/2365/dataset_2447_files/Contig/report.html
  All pdf files are merged to /software/galaxy/master/sabbai/galaxy-dist/database/job_working_directory/002/2365/dataset_2447_files/Contig/plots.pdf
Log saved to /software/galaxy/master/sabbai/galaxy-dist/database/job_working_directory/002/2365/dataset_2447_files/Contig/quast.log

Finished: 2014-07-08 11:14:49
Elapsed time: 0:01:20.529365
