Aligning contigs to reference...
	Running Nucmer...
Parsing coords...
Loading Assembly...
Loading reference...
	Loaded [gi|42779081|ref|NC_003909.8|_Bacillus_cereus_ATCC_10987__complete_genome]
	Loaded [gi|44004339|ref|NC_005707.1|_Bacillus_cereus_ATCC_10987_plasmid_pBc10987__complete_sequence]
Loading SNPs...
Loading regions...
	No regions given, using whole reference.
	Total Regions: 2
	Total Region Length: 5432652
Analyzing contigs...
CONTIG: scf7180000128672 (19810bp)
		This contig is unaligned. (19810 bp)
		Unaligned bases: 19810  total: 19810

CONTIG: scf7180000128673 (8017bp)
		This contig is unaligned. (8017 bp)
		Unaligned bases: 8017  total: 27827

CONTIG: scf7180000128670 (1574bp)
		This contig is unaligned. (1574 bp)
		Unaligned bases: 1574  total: 29401

CONTIG: scf7180000128671 (6485bp)
		This contig is unaligned. (6485 bp)
		Unaligned bases: 6485  total: 35886

CONTIG: scf7180000128676 (2349bp)
		This contig is unaligned. (2349 bp)
		Unaligned bases: 2349  total: 38235

CONTIG: scf7180000128677 (2290bp)
Top Length: 601  Top ID: 95.36
		Skipping redundant alignment 330576 331162 | 587 1 | 587 587 | 95.08 | gi|42779081|ref|NC_003909.8|_Bacillus_cereus_ATCC_10987__complete_genome scf7180000128677
		Skipping redundant alignment 145327 145879 | 550 1 | 553 550 | 95.85 | gi|42779081|ref|NC_003909.8|_Bacillus_cereus_ATCC_10987__complete_genome scf7180000128677
		Skipping redundant alignment 4655337 4655890 | 1 550 | 554 550 | 95.67 | gi|42779081|ref|NC_003909.8|_Bacillus_cereus_ATCC_10987__complete_genome scf7180000128677
		Skipping redundant alignment 279526 279984 | 458 1 | 459 458 | 98.48 | gi|42779081|ref|NC_003909.8|_Bacillus_cereus_ATCC_10987__complete_genome scf7180000128677
		Skipping redundant alignment 82352 82811 | 458 1 | 460 458 | 98.26 | gi|42779081|ref|NC_003909.8|_Bacillus_cereus_ATCC_10987__complete_genome scf7180000128677
		Skipping redundant alignment 9239 9693 | 454 1 | 455 454 | 98.03 | gi|42779081|ref|NC_003909.8|_Bacillus_cereus_ATCC_10987__complete_genome scf7180000128677
		Skipping redundant alignment 29012 29467 | 454 1 | 456 454 | 98.03 | gi|42779081|ref|NC_003909.8|_Bacillus_cereus_ATCC_10987__complete_genome scf7180000128677
		Skipping redundant alignment 822857 822978 | 2195 2074 | 122 122 | 96.72 | gi|42779081|ref|NC_003909.8|_Bacillus_cereus_ATCC_10987__complete_genome scf7180000128677
		Skipping redundant alignment 305223 305436 | 2290 2076 | 214 215 | 99.07 | gi|42779081|ref|NC_003909.8|_Bacillus_cereus_ATCC_10987__complete_genome scf7180000128677
		Skipping redundant alignment 318431 318644 | 2290 2076 | 214 215 | 99.07 | gi|42779081|ref|NC_003909.8|_Bacillus_cereus_ATCC_10987__complete_genome scf7180000128677
		Skipping redundant alignment 14107 14320 | 2290 2076 | 214 215 | 98.6 | gi|42779081|ref|NC_003909.8|_Bacillus_cereus_ATCC_10987__complete_genome scf7180000128677
		Skipping redundant alignment 86998 87211 | 2290 2076 | 214 215 | 98.6 | gi|42779081|ref|NC_003909.8|_Bacillus_cereus_ATCC_10987__complete_genome scf7180000128677
		Skipping redundant alignment 609653 609768 | 2191 2076 | 116 116 | 97.41 | gi|42779081|ref|NC_003909.8|_Bacillus_cereus_ATCC_10987__complete_genome scf7180000128677
		Skipping redundant alignment 284171 284382 | 2290 2078 | 212 213 | 99.06 | gi|42779081|ref|NC_003909.8|_Bacillus_cereus_ATCC_10987__complete_genome scf7180000128677
		Skipping redundant alignment 150198 150312 | 2195 2081 | 115 115 | 97.39 | gi|42779081|ref|NC_003909.8|_Bacillus_cereus_ATCC_10987__complete_genome scf7180000128677
		This contig is misassembled. 17 total aligns.
			Warning! This contig is more unaligned than misassembled. Contig length is 2290 and total length of all aligns is 918
		Alignment: 300434 301034 | 601 1 | 601 601 | 95.36 | gi|42779081|ref|NC_003909.8|_Bacillus_cereus_ATCC_10987__complete_genome scf7180000128677
		Alignment: 335350 335664 | 2290 1974 | 315 317 | 95.58 | gi|42779081|ref|NC_003909.8|_Bacillus_cereus_ATCC_10987__complete_genome scf7180000128677
		Unaligned bases: 1372
		This contig has both significant aligned and unaligned parts (of length >= min-contig)!
CONTIG: scf7180000128674 (10750bp)
		This contig is unaligned. (10750 bp)
		Unaligned bases: 10750  total: 48985

CONTIG: scf7180000128675 (5860bp)
Top Length: 625  Top ID: 97.3
		Skipping redundant alignment 5142020 5142634 | 5860 5250 | 615 611 | 97.89 | gi|42779081|ref|NC_003909.8|_Bacillus_cereus_ATCC_10987__complete_genome scf7180000128675
		This contig is partially unaligned. (625 out of 5860)
		Alignment: 2564188 2564816 | 5236 5860 | 629 625 | 97.3 | gi|42779081|ref|NC_003909.8|_Bacillus_cereus_ATCC_10987__complete_genome scf7180000128675
		Unaligned bases: 1 to 5235 (5235)
		This contig has both significant aligned and unaligned parts (of length >= min-contig)!

CONTIG: scf7180000128702 (5225bp)
		This contig is unaligned. (5225 bp)
		Unaligned bases: 5225  total: 54210

CONTIG: scf7180000128703 (128030bp)
Top Length: 2830  Top ID: 95.38
		This contig is partially unaligned. (2830 out of 128030)
		Alignment: 453071 455896 | 87378 84549 | 2826 2830 | 95.38 | gi|42779081|ref|NC_003909.8|_Bacillus_cereus_ATCC_10987__complete_genome scf7180000128703
		Unaligned bases: 1 to 84548 (84548)
		Unaligned bases: 87379 to 128030 (40652)
		This contig has both significant aligned and unaligned parts (of length >= min-contig)!

CONTIG: scf7180000128678 (3224bp)
		This contig is unaligned. (3224 bp)
		Unaligned bases: 3224  total: 57434

CONTIG: scf7180000128679 (29532bp)
		This contig is unaligned. (29532 bp)
		Unaligned bases: 29532  total: 86966

CONTIG: scf7180000128706 (5347bp)
		This contig is unaligned. (5347 bp)
		Unaligned bases: 5347  total: 92313

CONTIG: scf7180000128707 (6473bp)
		This contig is unaligned. (6473 bp)
		Unaligned bases: 6473  total: 98786

CONTIG: scf7180000128704 (35769bp)
Top Length: 82  Top ID: 98.78
		Skipping redundant alignment 64526 64598 | 18770 18698 | 73 73 | 100.0 | gi|42779081|ref|NC_003909.8|_Bacillus_cereus_ATCC_10987__complete_genome scf7180000128704
		Skipping redundant alignment 150500 150572 | 18771 18699 | 73 73 | 100.0 | gi|42779081|ref|NC_003909.8|_Bacillus_cereus_ATCC_10987__complete_genome scf7180000128704
		Skipping redundant alignment 278580 278652 | 18771 18699 | 73 73 | 100.0 | gi|42779081|ref|NC_003909.8|_Bacillus_cereus_ATCC_10987__complete_genome scf7180000128704
		Skipping redundant alignment 609960 610032 | 18771 18699 | 73 73 | 100.0 | gi|42779081|ref|NC_003909.8|_Bacillus_cereus_ATCC_10987__complete_genome scf7180000128704
		Skipping redundant alignments after choosing the best set of alignments
		Skipping [278781][278861] redundant alignment 278781 278861 | 18678 18597 | 81 82 | 98.78 | gi|42779081|ref|NC_003909.8|_Bacillus_cereus_ATCC_10987__complete_genome scf7180000128704
		Skipping [284474][284554] redundant alignment 284474 284554 | 18678 18597 | 81 82 | 98.78 | gi|42779081|ref|NC_003909.8|_Bacillus_cereus_ATCC_10987__complete_genome scf7180000128704
		Skipping [4648917][4648990] redundant alignment 4648917 4648990 | 18698 18771 | 74 74 | 100.0 | gi|42779081|ref|NC_003909.8|_Bacillus_cereus_ATCC_10987__complete_genome scf7180000128704
		This contig is misassembled. 9 total aligns.
			Warning! This contig is more unaligned than misassembled. Contig length is 35769 and total length of all aligns is 156
		Alignment: 285006 285086 | 18678 18597 | 81 82 | 98.78 | gi|42779081|ref|NC_003909.8|_Bacillus_cereus_ATCC_10987__complete_genome scf7180000128704
		Alignment: 824721 824794 | 18771 18698 | 74 74 | 100.0 | gi|42779081|ref|NC_003909.8|_Bacillus_cereus_ATCC_10987__complete_genome scf7180000128704
		Unaligned bases: 35613
CONTIG: scf7180000128705 (8269bp)
		This contig is unaligned. (8269 bp)
		Unaligned bases: 8269  total: 107055

CONTIG: scf7180000128708 (7297bp)
		This contig is unaligned. (7297 bp)
		Unaligned bases: 7297  total: 114352

CONTIG: scf7180000128709 (2617bp)
		This contig is unaligned. (2617 bp)
		Unaligned bases: 2617  total: 116969

CONTIG: scf7180000128700 (82395bp)
		This contig is unaligned. (82395 bp)
		Unaligned bases: 82395  total: 199364

CONTIG: scf7180000128665 (93226bp)
Top Length: 193  Top ID: 96.91
		Skipping redundant alignments after choosing the best set of alignments
		Skipping [2995449][2995642] redundant alignment 2995449 2995642 | 93139 92947 | 194 193 | 96.91 | gi|42779081|ref|NC_003909.8|_Bacillus_cereus_ATCC_10987__complete_genome scf7180000128665
		Skipping [3235197][3235390] redundant alignment 3235197 3235390 | 93139 92947 | 194 193 | 96.91 | gi|42779081|ref|NC_003909.8|_Bacillus_cereus_ATCC_10987__complete_genome scf7180000128665
		This contig is partially unaligned. (193 out of 93226)
		Alignment: 1109704 1109897 | 93139 92947 | 194 193 | 96.91 | gi|42779081|ref|NC_003909.8|_Bacillus_cereus_ATCC_10987__complete_genome scf7180000128665
		Unaligned bases: 1 to 92946 (92946)
		Unaligned bases: 93140 to 93226 (87)

CONTIG: scf7180000128664 (69618bp)
Top Length: 69  Top ID: 100.0
		This contig is partially unaligned. (69 out of 69618)
		Alignment: 1080080 1080148 | 54600 54532 | 69 69 | 100.0 | gi|42779081|ref|NC_003909.8|_Bacillus_cereus_ATCC_10987__complete_genome scf7180000128664
		Unaligned bases: 1 to 54531 (54531)
		Unaligned bases: 54601 to 69618 (15018)

CONTIG: scf7180000128667 (4987bp)
		This contig is unaligned. (4987 bp)
		Unaligned bases: 4987  total: 204351

CONTIG: scf7180000128666 (14426bp)
		This contig is unaligned. (14426 bp)
		Unaligned bases: 14426  total: 218777

CONTIG: scf7180000128661 (8439bp)
		This contig is unaligned. (8439 bp)
		Unaligned bases: 8439  total: 227216

CONTIG: scf7180000128660 (124183bp)
		This contig is unaligned. (124183 bp)
		Unaligned bases: 124183  total: 351399

CONTIG: scf7180000128663 (43777bp)
Top Length: 267  Top ID: 99.25
		Skipping redundant alignment 5203884 5203957 | 43010 43083 | 74 74 | 100.0 | gi|42779081|ref|NC_003909.8|_Bacillus_cereus_ATCC_10987__complete_genome scf7180000128663
		Skipping redundant alignment 150500 150572 | 43083 43011 | 73 73 | 100.0 | gi|42779081|ref|NC_003909.8|_Bacillus_cereus_ATCC_10987__complete_genome scf7180000128663
		Skipping redundant alignment 278580 278652 | 43083 43011 | 73 73 | 100.0 | gi|42779081|ref|NC_003909.8|_Bacillus_cereus_ATCC_10987__complete_genome scf7180000128663
		Skipping redundant alignment 609960 610032 | 43083 43011 | 73 73 | 100.0 | gi|42779081|ref|NC_003909.8|_Bacillus_cereus_ATCC_10987__complete_genome scf7180000128663
		Skipping redundant alignment 150322 150400 | 43161 43083 | 79 79 | 100.0 | gi|42779081|ref|NC_003909.8|_Bacillus_cereus_ATCC_10987__complete_genome scf7180000128663
		Skipping redundant alignment 278401 278479 | 43161 43083 | 79 79 | 100.0 | gi|42779081|ref|NC_003909.8|_Bacillus_cereus_ATCC_10987__complete_genome scf7180000128663
		Skipping redundant alignment 284919 285088 | 43677 43511 | 170 167 | 97.65 | gi|42779081|ref|NC_003909.8|_Bacillus_cereus_ATCC_10987__complete_genome scf7180000128663
		Skipping redundant alignment 278779 278862 | 43595 43512 | 84 84 | 100.0 | gi|42779081|ref|NC_003909.8|_Bacillus_cereus_ATCC_10987__complete_genome scf7180000128663
		Skipping redundant alignment 609673 609774 | 43777 43677 | 102 101 | 96.08 | gi|42779081|ref|NC_003909.8|_Bacillus_cereus_ATCC_10987__complete_genome scf7180000128663
		Skipping redundant alignment 150222 150317 | 43777 43682 | 96 96 | 97.92 | gi|42779081|ref|NC_003909.8|_Bacillus_cereus_ATCC_10987__complete_genome scf7180000128663
		Skipping redundant alignment 14225 14318 | 43777 43684 | 94 94 | 100.0 | gi|42779081|ref|NC_003909.8|_Bacillus_cereus_ATCC_10987__complete_genome scf7180000128663
		Skipping redundant alignment 33999 34092 | 43777 43684 | 94 94 | 100.0 | gi|42779081|ref|NC_003909.8|_Bacillus_cereus_ATCC_10987__complete_genome scf7180000128663
		Skipping redundant alignment 87116 87209 | 43777 43684 | 94 94 | 100.0 | gi|42779081|ref|NC_003909.8|_Bacillus_cereus_ATCC_10987__complete_genome scf7180000128663
		Skipping redundant alignment 305341 305434 | 43777 43684 | 94 94 | 100.0 | gi|42779081|ref|NC_003909.8|_Bacillus_cereus_ATCC_10987__complete_genome scf7180000128663
		Skipping redundant alignment 318549 318642 | 43777 43684 | 94 94 | 100.0 | gi|42779081|ref|NC_003909.8|_Bacillus_cereus_ATCC_10987__complete_genome scf7180000128663
		Skipping redundant alignment 327650 327743 | 43777 43684 | 94 94 | 100.0 | gi|42779081|ref|NC_003909.8|_Bacillus_cereus_ATCC_10987__complete_genome scf7180000128663
		Skipping redundant alignment 335468 335561 | 43777 43684 | 94 94 | 100.0 | gi|42779081|ref|NC_003909.8|_Bacillus_cereus_ATCC_10987__complete_genome scf7180000128663
		Skipping redundant alignment 822881 822971 | 43777 43687 | 91 91 | 98.9 | gi|42779081|ref|NC_003909.8|_Bacillus_cereus_ATCC_10987__complete_genome scf7180000128663
		Skipping redundant alignment 4650889 4650979 | 43687 43777 | 91 91 | 98.9 | gi|42779081|ref|NC_003909.8|_Bacillus_cereus_ATCC_10987__complete_genome scf7180000128663
		Skipping redundant alignments after choosing the best set of alignments
		Skipping [10977][11069] redundant alignment 10977 11069 | 43254 43162 | 93 93 | 96.77 | gi|42779081|ref|NC_003909.8|_Bacillus_cereus_ATCC_10987__complete_genome scf7180000128663
		This contig is misassembled. 24 total aligns.
			Warning! This contig is more unaligned than misassembled. Contig length is 43777 and total length of all aligns is 521
		Alignment: 30751 30843 | 43254 43162 | 93 93 | 96.77 | gi|42779081|ref|NC_003909.8|_Bacillus_cereus_ATCC_10987__complete_genome scf7180000128663
		Alignment: 64526 64607 | 43082 43001 | 82 82 | 97.56 | gi|42779081|ref|NC_003909.8|_Bacillus_cereus_ATCC_10987__complete_genome scf7180000128663
		Alignment: 284289 284556 | 43777 43511 | 268 267 | 99.25 | gi|42779081|ref|NC_003909.8|_Bacillus_cereus_ATCC_10987__complete_genome scf7180000128663
		Alignment: 4649093 4649255 | 43083 43243 | 163 161 | 98.16 | gi|42779081|ref|NC_003909.8|_Bacillus_cereus_ATCC_10987__complete_genome scf7180000128663
		Unaligned bases: 43256
		This contig has both significant aligned and unaligned parts (of length >= min-contig)!
CONTIG: scf7180000128662 (26684bp)
Top Length: 942  Top ID: 97.59
		Skipping redundant alignment 5140980 5141914 | 25762 26684 | 935 923 | 97.86 | gi|42779081|ref|NC_003909.8|_Bacillus_cereus_ATCC_10987__complete_genome scf7180000128662
		This contig is partially unaligned. (942 out of 26684)
		Alignment: 2564922 2565875 | 26684 25743 | 954 942 | 97.59 | gi|42779081|ref|NC_003909.8|_Bacillus_cereus_ATCC_10987__complete_genome scf7180000128662
		Unaligned bases: 1 to 25742 (25742)
		This contig has both significant aligned and unaligned parts (of length >= min-contig)!

CONTIG: scf7180000128715 (3432bp)
		This contig is unaligned. (3432 bp)
		Unaligned bases: 3432  total: 354831

CONTIG: scf7180000128714 (4271bp)
		This contig is unaligned. (4271 bp)
		Unaligned bases: 4271  total: 359102

CONTIG: scf7180000128717 (6643bp)
Top Length: 614  Top ID: 97.9
		Skipping redundant alignments after choosing the best set of alignments
		Skipping [2564199][2564816] redundant alignment 2564199 2564816 | 6030 6643 | 618 614 | 97.9 | gi|42779081|ref|NC_003909.8|_Bacillus_cereus_ATCC_10987__complete_genome scf7180000128717
		This contig is partially unaligned. (614 out of 6643)
		Alignment: 2564199 2564816 | 6030 6643 | 618 614 | 97.9 | gi|42779081|ref|NC_003909.8|_Bacillus_cereus_ATCC_10987__complete_genome scf7180000128717
		Unaligned bases: 1 to 6029 (6029)
		This contig has both significant aligned and unaligned parts (of length >= min-contig)!

CONTIG: scf7180000128716 (7949bp)
		This contig is unaligned. (7949 bp)
		Unaligned bases: 7949  total: 367051

CONTIG: scf7180000128669 (77902bp)
Top Length: 2675  Top ID: 97.38
		This contig is partially unaligned. (2675 out of 77902)
		Alignment: 3015458 3018132 | 60679 63353 | 2675 2675 | 97.38 | gi|42779081|ref|NC_003909.8|_Bacillus_cereus_ATCC_10987__complete_genome scf7180000128669
		Unaligned bases: 1 to 60678 (60678)
		Unaligned bases: 63354 to 77902 (14549)
		This contig has both significant aligned and unaligned parts (of length >= min-contig)!

CONTIG: scf7180000128668 (90005bp)
Top Length: 1404  Top ID: 95.3
		This contig is partially unaligned. (1404 out of 90005)
		Alignment: 4190254 4191657 | 23935 22532 | 1404 1404 | 95.3 | gi|42779081|ref|NC_003909.8|_Bacillus_cereus_ATCC_10987__complete_genome scf7180000128668
		Unaligned bases: 1 to 22531 (22531)
		Unaligned bases: 23936 to 90005 (66070)
		This contig has both significant aligned and unaligned parts (of length >= min-contig)!

CONTIG: scf7180000128713 (16657bp)
		This contig is unaligned. (16657 bp)
		Unaligned bases: 16657  total: 383708

CONTIG: scf7180000128712 (4128bp)
		This contig is unaligned. (4128 bp)
		Unaligned bases: 4128  total: 387836

CONTIG: scf7180000128760 (103127bp)
Top Length: 69  Top ID: 100.0
		This contig is misassembled. 2 total aligns.
			Warning! This contig is more unaligned than misassembled. Contig length is 103127 and total length of all aligns is 138
		Alignment: 1080080 1080148 | 37195 37127 | 69 69 | 100.0 | gi|42779081|ref|NC_003909.8|_Bacillus_cereus_ATCC_10987__complete_genome scf7180000128760
		Alignment: 1080080 1080148 | 99813 99881 | 69 69 | 100.0 | gi|42779081|ref|NC_003909.8|_Bacillus_cereus_ATCC_10987__complete_genome scf7180000128760
		Unaligned bases: 102989
CONTIG: scf7180000128698 (1661bp)
		This contig is unaligned. (1661 bp)
		Unaligned bases: 1661  total: 389497

CONTIG: scf7180000128699 (17121bp)
		This contig is unaligned. (17121 bp)
		Unaligned bases: 17121  total: 406618

CONTIG: scf7180000128690 (6557bp)
		This contig is unaligned. (6557 bp)
		Unaligned bases: 6557  total: 413175

CONTIG: scf7180000128691 (162178bp)
Top Length: 3515  Top ID: 95.03
		Skipping redundant alignment 4655337 4655921 | 81926 81343 | 585 584 | 95.73 | gi|42779081|ref|NC_003909.8|_Bacillus_cereus_ATCC_10987__complete_genome scf7180000128691
		Skipping redundant alignment 145296 145879 | 81343 81926 | 584 584 | 95.39 | gi|42779081|ref|NC_003909.8|_Bacillus_cereus_ATCC_10987__complete_genome scf7180000128691
		Skipping redundant alignment 604734 605316 | 81343 81926 | 583 584 | 95.05 | gi|42779081|ref|NC_003909.8|_Bacillus_cereus_ATCC_10987__complete_genome scf7180000128691
		Skipping redundant alignment 82329 82811 | 81445 81926 | 483 482 | 97.31 | gi|42779081|ref|NC_003909.8|_Bacillus_cereus_ATCC_10987__complete_genome scf7180000128691
		Skipping redundant alignment 279526 279984 | 81469 81926 | 459 458 | 98.48 | gi|42779081|ref|NC_003909.8|_Bacillus_cereus_ATCC_10987__complete_genome scf7180000128691
		Skipping redundant alignment 9239 9693 | 81473 81926 | 455 454 | 98.03 | gi|42779081|ref|NC_003909.8|_Bacillus_cereus_ATCC_10987__complete_genome scf7180000128691
		Skipping redundant alignment 29012 29467 | 81473 81926 | 456 454 | 98.03 | gi|42779081|ref|NC_003909.8|_Bacillus_cereus_ATCC_10987__complete_genome scf7180000128691
		Skipping redundant alignments after choosing the best set of alignments
		Skipping [5140981][5141914] redundant alignment 5140981 5141914 | 161255 162178 | 934 924 | 98.61 | gi|42779081|ref|NC_003909.8|_Bacillus_cereus_ATCC_10987__complete_genome scf7180000128691
		This contig is misassembled. 11 total aligns.
			Warning! This contig is more unaligned than misassembled. Contig length is 162178 and total length of all aligns is 5142
		Alignment: 817818 818523 | 81224 81926 | 706 703 | 95.76 | gi|42779081|ref|NC_003909.8|_Bacillus_cereus_ATCC_10987__complete_genome scf7180000128691
		Alignment: 2564922 2565855 | 162178 161255 | 934 924 | 98.61 | gi|42779081|ref|NC_003909.8|_Bacillus_cereus_ATCC_10987__complete_genome scf7180000128691
		Alignment: 4539765 4543280 | 23676 20162 | 3516 3515 | 95.03 | gi|42779081|ref|NC_003909.8|_Bacillus_cereus_ATCC_10987__complete_genome scf7180000128691
		Unaligned bases: 157036
		This contig has both significant aligned and unaligned parts (of length >= min-contig)!
CONTIG: scf7180000128692 (11406bp)
		This contig is unaligned. (11406 bp)
		Unaligned bases: 11406  total: 424581

CONTIG: scf7180000128693 (14259bp)
		This contig is unaligned. (14259 bp)
		Unaligned bases: 14259  total: 438840

CONTIG: scf7180000128694 (8109bp)
		This contig is unaligned. (8109 bp)
		Unaligned bases: 8109  total: 446949

CONTIG: scf7180000128695 (69448bp)
Top Length: 923  Top ID: 97.75
		Skipping redundant alignments after choosing the best set of alignments
		Skipping [5140981][5141914] redundant alignment 5140981 5141914 | 923 1 | 934 923 | 97.75 | gi|42779081|ref|NC_003909.8|_Bacillus_cereus_ATCC_10987__complete_genome scf7180000128695
		This contig is partially unaligned. (923 out of 69448)
		Alignment: 2564922 2565855 | 1 923 | 934 923 | 97.75 | gi|42779081|ref|NC_003909.8|_Bacillus_cereus_ATCC_10987__complete_genome scf7180000128695
		Unaligned bases: 924 to 69448 (68525)
		This contig has both significant aligned and unaligned parts (of length >= min-contig)!

CONTIG: scf7180000128696 (1285bp)
		This contig is unaligned. (1285 bp)
		Unaligned bases: 1285  total: 448234

CONTIG: scf7180000128697 (29531bp)
		This contig is unaligned. (29531 bp)
		Unaligned bases: 29531  total: 477765

CONTIG: scf7180000128611 (15450bp)
Top Length: 635  Top ID: 96.54
		Skipping redundant alignment 2995014 2995642 | 15414 14783 | 629 632 | 95.57 | gi|42779081|ref|NC_003909.8|_Bacillus_cereus_ATCC_10987__complete_genome scf7180000128611
		Skipping redundant alignments after choosing the best set of alignments
		Skipping [1109269][1109900] redundant alignment 1109269 1109900 | 15414 14780 | 632 635 | 96.54 | gi|42779081|ref|NC_003909.8|_Bacillus_cereus_ATCC_10987__complete_genome scf7180000128611
		This contig is partially unaligned. (635 out of 15450)
		Alignment: 1109269 1109900 | 15414 14780 | 632 635 | 96.54 | gi|42779081|ref|NC_003909.8|_Bacillus_cereus_ATCC_10987__complete_genome scf7180000128611
		Unaligned bases: 1 to 14779 (14779)
		Unaligned bases: 15415 to 15450 (36)
		This contig has both significant aligned and unaligned parts (of length >= min-contig)!

CONTIG: scf7180000128612 (58585bp)
		This contig is unaligned. (58585 bp)
		Unaligned bases: 58585  total: 536350

CONTIG: scf7180000128613 (13455bp)
		This contig is unaligned. (13455 bp)
		Unaligned bases: 13455  total: 549805

CONTIG: scf7180000128614 (2075bp)
		This contig is unaligned. (2075 bp)
		Unaligned bases: 2075  total: 551880

CONTIG: scf7180000128615 (2629bp)
		This contig is unaligned. (2629 bp)
		Unaligned bases: 2629  total: 554509

CONTIG: scf7180000128616 (23125bp)
		This contig is unaligned. (23125 bp)
		Unaligned bases: 23125  total: 577634

CONTIG: scf7180000128617 (7489bp)
Top Length: 251  Top ID: 99.2
		Skipping redundant alignments after choosing the best set of alignments
		Skipping [5140981][5141231] redundant alignment 5140981 5141231 | 251 1 | 251 251 | 99.2 | gi|42779081|ref|NC_003909.8|_Bacillus_cereus_ATCC_10987__complete_genome scf7180000128617
		This contig is partially unaligned. (251 out of 7489)
		Alignment: 2565605 2565855 | 1 251 | 251 251 | 99.2 | gi|42779081|ref|NC_003909.8|_Bacillus_cereus_ATCC_10987__complete_genome scf7180000128617
		Unaligned bases: 252 to 7489 (7238)

CONTIG: scf7180000128618 (16826bp)
		This contig is unaligned. (16826 bp)
		Unaligned bases: 16826  total: 594460

CONTIG: scf7180000128619 (5996bp)
		This contig is unaligned. (5996 bp)
		Unaligned bases: 5996  total: 600456

CONTIG: scf7180000128689 (9397bp)
		This contig is unaligned. (9397 bp)
		Unaligned bases: 9397  total: 609853

CONTIG: scf7180000128688 (1949bp)
		This contig is unaligned. (1949 bp)
		Unaligned bases: 1949  total: 611802

CONTIG: scf7180000128683 (21640bp)
Top Length: 1193  Top ID: 95.67
		This contig is partially unaligned. (1193 out of 21640)
		Alignment: 2993724 2994923 | 1193 1 | 1200 1193 | 95.67 | gi|42779081|ref|NC_003909.8|_Bacillus_cereus_ATCC_10987__complete_genome scf7180000128683
		Unaligned bases: 1194 to 21640 (20447)
		This contig has both significant aligned and unaligned parts (of length >= min-contig)!

CONTIG: scf7180000128682 (11590bp)
Top Length: 477  Top ID: 95.43
		This contig is partially unaligned. (477 out of 11590)
		Alignment: 3118082 3118561 | 11391 10915 | 480 477 | 95.43 | gi|42779081|ref|NC_003909.8|_Bacillus_cereus_ATCC_10987__complete_genome scf7180000128682
		Unaligned bases: 1 to 10914 (10914)
		Unaligned bases: 11392 to 11590 (199)

CONTIG: scf7180000128681 (22814bp)
Top Length: 1193  Top ID: 95.25
		This contig is partially unaligned. (1193 out of 22814)
		Alignment: 2993724 2994923 | 1193 1 | 1200 1193 | 95.25 | gi|42779081|ref|NC_003909.8|_Bacillus_cereus_ATCC_10987__complete_genome scf7180000128681
		Unaligned bases: 1194 to 22814 (21621)
		This contig has both significant aligned and unaligned parts (of length >= min-contig)!

CONTIG: scf7180000128680 (36024bp)
Top Length: 633  Top ID: 96.53
		Skipping redundant alignment 2995014 2995642 | 35988 35358 | 629 631 | 95.57 | gi|42779081|ref|NC_003909.8|_Bacillus_cereus_ATCC_10987__complete_genome scf7180000128680
		Skipping redundant alignments after choosing the best set of alignments
		Skipping [1109269][1109899] redundant alignment 1109269 1109899 | 35988 35356 | 631 633 | 96.53 | gi|42779081|ref|NC_003909.8|_Bacillus_cereus_ATCC_10987__complete_genome scf7180000128680
		This contig is partially unaligned. (633 out of 36024)
		Alignment: 1109269 1109899 | 35988 35356 | 631 633 | 96.53 | gi|42779081|ref|NC_003909.8|_Bacillus_cereus_ATCC_10987__complete_genome scf7180000128680
		Unaligned bases: 1 to 35355 (35355)
		Unaligned bases: 35989 to 36024 (36)
		This contig has both significant aligned and unaligned parts (of length >= min-contig)!

CONTIG: scf7180000128687 (2785bp)
		This contig is unaligned. (2785 bp)
		Unaligned bases: 2785  total: 614587

CONTIG: scf7180000128686 (11062bp)
		This contig is unaligned. (11062 bp)
		Unaligned bases: 11062  total: 625649

CONTIG: scf7180000128685 (8167bp)
Top Length: 160  Top ID: 98.14
		This contig is partially unaligned. (160 out of 8167)
		Alignment: 3233471 3233631 | 8008 8167 | 161 160 | 98.14 | gi|42779081|ref|NC_003909.8|_Bacillus_cereus_ATCC_10987__complete_genome scf7180000128685
		Unaligned bases: 1 to 8007 (8007)

CONTIG: scf7180000128684 (8188bp)
		This contig is unaligned. (8188 bp)
		Unaligned bases: 8188  total: 633837

CONTIG: scf7180000128738 (18225bp)
		This contig is unaligned. (18225 bp)
		Unaligned bases: 18225  total: 652062

CONTIG: scf7180000128741 (18467bp)
		This contig is unaligned. (18467 bp)
		Unaligned bases: 18467  total: 670529

CONTIG: scf7180000128701 (20678bp)
		This contig is unaligned. (20678 bp)
		Unaligned bases: 20678  total: 691207

CONTIG: scf7180000128636 (11979bp)
		This contig is unaligned. (11979 bp)
		Unaligned bases: 11979  total: 703186

CONTIG: scf7180000128637 (2162bp)
		This contig is unaligned. (2162 bp)
		Unaligned bases: 2162  total: 705348

CONTIG: scf7180000128634 (9121bp)
		This contig is unaligned. (9121 bp)
		Unaligned bases: 9121  total: 714469

CONTIG: scf7180000128635 (21234bp)
Top Length: 119  Top ID: 99.16
		This contig is partially unaligned. (119 out of 21234)
		Alignment: 3233471 3233589 | 119 1 | 119 119 | 99.16 | gi|42779081|ref|NC_003909.8|_Bacillus_cereus_ATCC_10987__complete_genome scf7180000128635
		Unaligned bases: 120 to 21234 (21115)

CONTIG: scf7180000128632 (19655bp)
		This contig is unaligned. (19655 bp)
		Unaligned bases: 19655  total: 734124

CONTIG: scf7180000128633 (3416bp)
		This contig is unaligned. (3416 bp)
		Unaligned bases: 3416  total: 737540

CONTIG: scf7180000128630 (10586bp)
		This contig is unaligned. (10586 bp)
		Unaligned bases: 10586  total: 748126

CONTIG: scf7180000128631 (9418bp)
		This contig is unaligned. (9418 bp)
		Unaligned bases: 9418  total: 757544

CONTIG: scf7180000128746 (31510bp)
		This contig is unaligned. (31510 bp)
		Unaligned bases: 31510  total: 789054

CONTIG: scf7180000128747 (4403bp)
Top Length: 626  Top ID: 97.93
		Skipping redundant alignment 5142020 5142636 | 1 614 | 617 614 | 98.06 | gi|42779081|ref|NC_003909.8|_Bacillus_cereus_ATCC_10987__complete_genome scf7180000128747
		This contig is partially unaligned. (626 out of 4403)
		Alignment: 2564188 2564816 | 626 1 | 629 626 | 97.93 | gi|42779081|ref|NC_003909.8|_Bacillus_cereus_ATCC_10987__complete_genome scf7180000128747
		Unaligned bases: 627 to 4403 (3777)
		This contig has both significant aligned and unaligned parts (of length >= min-contig)!

CONTIG: scf7180000128744 (2839bp)
		This contig is unaligned. (2839 bp)
		Unaligned bases: 2839  total: 791893

CONTIG: scf7180000128745 (9249bp)
		This contig is unaligned. (9249 bp)
		Unaligned bases: 9249  total: 801142

CONTIG: scf7180000128742 (65283bp)
		This contig is unaligned. (65283 bp)
		Unaligned bases: 65283  total: 866425

CONTIG: scf7180000128743 (12851bp)
Top Length: 255  Top ID: 96.86
		This contig is partially unaligned. (255 out of 12851)
		Alignment: 3127237 3127489 | 12597 12851 | 253 255 | 96.86 | gi|42779081|ref|NC_003909.8|_Bacillus_cereus_ATCC_10987__complete_genome scf7180000128743
		Unaligned bases: 1 to 12596 (12596)

CONTIG: scf7180000128638 (27359bp)
		This contig is unaligned. (27359 bp)
		Unaligned bases: 27359  total: 893784

CONTIG: scf7180000128639 (6012bp)
		This contig is unaligned. (6012 bp)
		Unaligned bases: 6012  total: 899796

CONTIG: scf7180000128751 (1604bp)
		This contig is unaligned. (1604 bp)
		Unaligned bases: 1604  total: 901400

CONTIG: scf7180000128750 (39009bp)
		This contig is unaligned. (39009 bp)
		Unaligned bases: 39009  total: 940409

CONTIG: scf7180000128753 (38633bp)
		This contig is unaligned. (38633 bp)
		Unaligned bases: 38633  total: 979042

CONTIG: scf7180000128752 (4271bp)
Top Length: 1113  Top ID: 96.89
		Skipping redundant alignment 5142020 5142636 | 1 614 | 617 614 | 99.35 | gi|42779081|ref|NC_003909.8|_Bacillus_cereus_ATCC_10987__complete_genome scf7180000128752
		Skipping redundant alignments after choosing the best set of alignments
		Skipping [5141030][5142154] redundant alignment 5141030 5142154 | 4271 3159 | 1125 1113 | 96.89 | gi|42779081|ref|NC_003909.8|_Bacillus_cereus_ATCC_10987__complete_genome scf7180000128752
		This contig is misassembled. 4 total aligns.
			Warning! This contig is more unaligned than misassembled. Contig length is 4271 and total length of all aligns is 1737
		Alignment: 2564190 2564816 | 624 1 | 627 624 | 99.04 | gi|42779081|ref|NC_003909.8|_Bacillus_cereus_ATCC_10987__complete_genome scf7180000128752
		Alignment: 2564682 2565806 | 3159 4271 | 1125 1113 | 96.89 | gi|42779081|ref|NC_003909.8|_Bacillus_cereus_ATCC_10987__complete_genome scf7180000128752
		Unaligned bases: 2534
		This contig has both significant aligned and unaligned parts (of length >= min-contig)!
CONTIG: scf7180000128755 (43683bp)
		This contig is unaligned. (43683 bp)
		Unaligned bases: 43683  total: 1022725

CONTIG: scf7180000128748 (12700bp)
		This contig is unaligned. (12700 bp)
		Unaligned bases: 12700  total: 1035425

CONTIG: scf7180000128757 (35866bp)
		This contig is unaligned. (35866 bp)
		Unaligned bases: 35866  total: 1071291

CONTIG: scf7180000128756 (54849bp)
		This contig is unaligned. (54849 bp)
		Unaligned bases: 54849  total: 1126140

CONTIG: scf7180000128759 (217209bp)
		This contig is unaligned. (217209 bp)
		Unaligned bases: 217209  total: 1343349

CONTIG: scf7180000128758 (6467bp)
		This contig is unaligned. (6467 bp)
		Unaligned bases: 6467  total: 1349816

CONTIG: scf7180000128749 (387299bp)
		This contig is unaligned. (387299 bp)
		Unaligned bases: 387299  total: 1737115

CONTIG: scf7180000128629 (4247bp)
		This contig is unaligned. (4247 bp)
		Unaligned bases: 4247  total: 1741362

CONTIG: scf7180000128628 (28402bp)
		This contig is unaligned. (28402 bp)
		Unaligned bases: 28402  total: 1769764

CONTIG: scf7180000128740 (9369bp)
		This contig is unaligned. (9369 bp)
		Unaligned bases: 9369  total: 1779133

CONTIG: scf7180000128621 (1234bp)
		This contig is unaligned. (1234 bp)
		Unaligned bases: 1234  total: 1780367

CONTIG: scf7180000128620 (2308bp)
Top Length: 370  Top ID: 98.66
		This contig is partially unaligned. (370 out of 2308)
		Alignment: 3118374 3118746 | 370 1 | 373 370 | 98.66 | gi|42779081|ref|NC_003909.8|_Bacillus_cereus_ATCC_10987__complete_genome scf7180000128620
		Unaligned bases: 371 to 2308 (1938)

CONTIG: scf7180000128623 (2606bp)
Top Length: 218  Top ID: 97.25
		Skipping redundant alignment 87045 87249 | 2606 2400 | 205 207 | 95.19 | gi|42779081|ref|NC_003909.8|_Bacillus_cereus_ATCC_10987__complete_genome scf7180000128623
		Skipping redundant alignment 305270 305471 | 2606 2404 | 202 203 | 98.03 | gi|42779081|ref|NC_003909.8|_Bacillus_cereus_ATCC_10987__complete_genome scf7180000128623
		Skipping redundant alignment 14154 14322 | 2606 2437 | 169 170 | 98.24 | gi|42779081|ref|NC_003909.8|_Bacillus_cereus_ATCC_10987__complete_genome scf7180000128623
		Skipping redundant alignment 33928 34096 | 2606 2437 | 169 170 | 98.24 | gi|42779081|ref|NC_003909.8|_Bacillus_cereus_ATCC_10987__complete_genome scf7180000128623
		Skipping redundant alignment 327579 327745 | 2606 2439 | 167 168 | 98.81 | gi|42779081|ref|NC_003909.8|_Bacillus_cereus_ATCC_10987__complete_genome scf7180000128623
		Skipping redundant alignment 335397 335563 | 2606 2439 | 167 168 | 98.81 | gi|42779081|ref|NC_003909.8|_Bacillus_cereus_ATCC_10987__complete_genome scf7180000128623
		Skipping redundant alignment 822857 822976 | 2558 2439 | 120 120 | 96.67 | gi|42779081|ref|NC_003909.8|_Bacillus_cereus_ATCC_10987__complete_genome scf7180000128623
		Skipping redundant alignment 4650884 4651003 | 2439 2558 | 120 120 | 96.67 | gi|42779081|ref|NC_003909.8|_Bacillus_cereus_ATCC_10987__complete_genome scf7180000128623
		Skipping redundant alignment 609653 609768 | 2554 2439 | 116 116 | 97.41 | gi|42779081|ref|NC_003909.8|_Bacillus_cereus_ATCC_10987__complete_genome scf7180000128623
		Skipping redundant alignment 284218 284382 | 2606 2441 | 165 166 | 98.8 | gi|42779081|ref|NC_003909.8|_Bacillus_cereus_ATCC_10987__complete_genome scf7180000128623
		Skipping redundant alignment 150198 150312 | 2558 2444 | 115 115 | 97.39 | gi|42779081|ref|NC_003909.8|_Bacillus_cereus_ATCC_10987__complete_genome scf7180000128623
		This contig is partially unaligned. (218 out of 2606)
		Alignment: 318478 318694 | 2606 2389 | 217 218 | 97.25 | gi|42779081|ref|NC_003909.8|_Bacillus_cereus_ATCC_10987__complete_genome scf7180000128623
		Unaligned bases: 1 to 2388 (2388)

CONTIG: scf7180000128622 (6072bp)
		This contig is unaligned. (6072 bp)
		Unaligned bases: 6072  total: 1786439

CONTIG: scf7180000128625 (8964bp)
		This contig is unaligned. (8964 bp)
		Unaligned bases: 8964  total: 1795403

CONTIG: scf7180000128624 (1051bp)
		This contig is unaligned. (1051 bp)
		Unaligned bases: 1051  total: 1796454

CONTIG: scf7180000128627 (31311bp)
Top Length: 139  Top ID: 97.84
		Skipping redundant alignment 2367411 2367534 | 25978 26101 | 124 124 | 99.19 | gi|42779081|ref|NC_003909.8|_Bacillus_cereus_ATCC_10987__complete_genome scf7180000128627
		This contig is partially unaligned. (139 out of 31311)
		Alignment: 2367411 2367549 | 25969 26107 | 139 139 | 97.84 | gi|42779081|ref|NC_003909.8|_Bacillus_cereus_ATCC_10987__complete_genome scf7180000128627
		Unaligned bases: 1 to 25968 (25968)
		Unaligned bases: 26108 to 31311 (5204)

CONTIG: scf7180000128626 (39187bp)
Top Length: 772  Top ID: 95.12
		Skipping redundant alignment 4655337 4655924 | 1 587 | 588 587 | 97.62 | gi|42779081|ref|NC_003909.8|_Bacillus_cereus_ATCC_10987__complete_genome scf7180000128626
		Skipping redundant alignment 145296 145879 | 584 1 | 584 584 | 97.27 | gi|42779081|ref|NC_003909.8|_Bacillus_cereus_ATCC_10987__complete_genome scf7180000128626
		Skipping redundant alignment 817939 818523 | 584 1 | 585 584 | 95.74 | gi|42779081|ref|NC_003909.8|_Bacillus_cereus_ATCC_10987__complete_genome scf7180000128626
		Skipping redundant alignment 313721 314245 | 524 1 | 525 524 | 97.53 | gi|42779081|ref|NC_003909.8|_Bacillus_cereus_ATCC_10987__complete_genome scf7180000128626
		Skipping redundant alignment 300510 301034 | 524 1 | 525 524 | 97.34 | gi|42779081|ref|NC_003909.8|_Bacillus_cereus_ATCC_10987__complete_genome scf7180000128626
		Skipping redundant alignment 322820 323344 | 524 1 | 525 524 | 97.34 | gi|42779081|ref|NC_003909.8|_Bacillus_cereus_ATCC_10987__complete_genome scf7180000128626
		Skipping redundant alignment 330638 331162 | 524 1 | 525 524 | 97.34 | gi|42779081|ref|NC_003909.8|_Bacillus_cereus_ATCC_10987__complete_genome scf7180000128626
		Skipping redundant alignment 82309 82811 | 502 1 | 503 502 | 96.43 | gi|42779081|ref|NC_003909.8|_Bacillus_cereus_ATCC_10987__complete_genome scf7180000128626
		Skipping redundant alignment 279525 279984 | 459 1 | 460 459 | 98.48 | gi|42779081|ref|NC_003909.8|_Bacillus_cereus_ATCC_10987__complete_genome scf7180000128626
		Skipping redundant alignment 9239 9693 | 454 1 | 455 454 | 98.03 | gi|42779081|ref|NC_003909.8|_Bacillus_cereus_ATCC_10987__complete_genome scf7180000128626
		Skipping redundant alignment 29012 29467 | 454 1 | 456 454 | 98.03 | gi|42779081|ref|NC_003909.8|_Bacillus_cereus_ATCC_10987__complete_genome scf7180000128626
		This contig is misassembled. 13 total aligns.
			Warning! This contig is more unaligned than misassembled. Contig length is 39187 and total length of all aligns is 1411
		Alignment: 603265 604041 | 1994 1223 | 777 772 | 95.12 | gi|42779081|ref|NC_003909.8|_Bacillus_cereus_ATCC_10987__complete_genome scf7180000128626
		Alignment: 604680 605316 | 639 1 | 637 639 | 96.41 | gi|42779081|ref|NC_003909.8|_Bacillus_cereus_ATCC_10987__complete_genome scf7180000128626
		Unaligned bases: 37776
		This contig has both significant aligned and unaligned parts (of length >= min-contig)!
CONTIG: scf7180000128724 (39550bp)
		This contig is unaligned. (39550 bp)
		Unaligned bases: 39550  total: 1836004

CONTIG: scf7180000128725 (80931bp)
Top Length: 157  Top ID: 95.54
		Skipping redundant alignment 1080078 1080148 | 5054 5124 | 71 71 | 100.0 | gi|42779081|ref|NC_003909.8|_Bacillus_cereus_ATCC_10987__complete_genome scf7180000128725
		This contig is partially unaligned. (157 out of 80931)
		Alignment: 4416917 4417073 | 5124 4968 | 157 157 | 95.54 | gi|42779081|ref|NC_003909.8|_Bacillus_cereus_ATCC_10987__complete_genome scf7180000128725
		Unaligned bases: 1 to 4967 (4967)
		Unaligned bases: 5125 to 80931 (75807)

CONTIG: scf7180000128726 (13596bp)
		This contig is unaligned. (13596 bp)
		Unaligned bases: 13596  total: 1849600

CONTIG: scf7180000128727 (33335bp)
Top Length: 691  Top ID: 95.37
		This contig is partially unaligned. (691 out of 33335)
		Alignment: 2599598 2600288 | 22058 22748 | 691 691 | 95.37 | gi|42779081|ref|NC_003909.8|_Bacillus_cereus_ATCC_10987__complete_genome scf7180000128727
		Unaligned bases: 1 to 22057 (22057)
		Unaligned bases: 22749 to 33335 (10587)
		This contig has both significant aligned and unaligned parts (of length >= min-contig)!

CONTIG: scf7180000128720 (8584bp)
		This contig is unaligned. (8584 bp)
		Unaligned bases: 8584  total: 1858184

CONTIG: scf7180000128721 (22593bp)
		This contig is unaligned. (22593 bp)
		Unaligned bases: 22593  total: 1880777

CONTIG: scf7180000128722 (79405bp)
Top Length: 94  Top ID: 96.81
		This contig is partially unaligned. (94 out of 79405)
		Alignment: 1985283 1985376 | 11494 11587 | 94 94 | 96.81 | gi|42779081|ref|NC_003909.8|_Bacillus_cereus_ATCC_10987__complete_genome scf7180000128722
		Unaligned bases: 1 to 11493 (11493)
		Unaligned bases: 11588 to 79405 (67818)

CONTIG: scf7180000128723 (14701bp)
		This contig is unaligned. (14701 bp)
		Unaligned bases: 14701  total: 1895478

CONTIG: scf7180000128728 (95193bp)
		This contig is unaligned. (95193 bp)
		Unaligned bases: 95193  total: 1990671

CONTIG: scf7180000128729 (24278bp)
		This contig is unaligned. (24278 bp)
		Unaligned bases: 24278  total: 2014949

CONTIG: scf7180000128719 (6776bp)
		This contig is unaligned. (6776 bp)
		Unaligned bases: 6776  total: 2021725

CONTIG: scf7180000128718 (9819bp)
		This contig is unaligned. (9819 bp)
		Unaligned bases: 9819  total: 2031544

CONTIG: scf7180000128658 (75807bp)
Top Length: 615  Top ID: 97.74
		Skipping redundant alignments after choosing the best set of alignments
		Skipping [2564198][2564816] redundant alignment 2564198 2564816 | 75193 75807 | 619 615 | 97.74 | gi|42779081|ref|NC_003909.8|_Bacillus_cereus_ATCC_10987__complete_genome scf7180000128658
		This contig is partially unaligned. (615 out of 75807)
		Alignment: 2564198 2564816 | 75193 75807 | 619 615 | 97.74 | gi|42779081|ref|NC_003909.8|_Bacillus_cereus_ATCC_10987__complete_genome scf7180000128658
		Unaligned bases: 1 to 75192 (75192)
		This contig has both significant aligned and unaligned parts (of length >= min-contig)!

CONTIG: scf7180000128659 (10734bp)
		This contig is unaligned. (10734 bp)
		Unaligned bases: 10734  total: 2042278

CONTIG: scf7180000128754 (47425bp)
		This contig is unaligned. (47425 bp)
		Unaligned bases: 47425  total: 2089703

CONTIG: scf7180000128654 (10353bp)
		This contig is unaligned. (10353 bp)
		Unaligned bases: 10353  total: 2100056

CONTIG: scf7180000128655 (35603bp)
		This contig is unaligned. (35603 bp)
		Unaligned bases: 35603  total: 2135659

CONTIG: scf7180000128656 (14023bp)
		This contig is unaligned. (14023 bp)
		Unaligned bases: 14023  total: 2149682

CONTIG: scf7180000128657 (129167bp)
		This contig is unaligned. (129167 bp)
		Unaligned bases: 129167  total: 2278849

CONTIG: scf7180000128650 (339578bp)
Top Length: 1789  Top ID: 95.47
		This contig is misassembled. 2 total aligns.
			Warning! This contig is more unaligned than misassembled. Contig length is 339578 and total length of all aligns is 1860
		Alignment: 319525 321313 | 158990 160778 | 1789 1789 | 95.47 | gi|42779081|ref|NC_003909.8|_Bacillus_cereus_ATCC_10987__complete_genome scf7180000128650
		Alignment: 1080078 1080148 | 215205 215275 | 71 71 | 100.0 | gi|42779081|ref|NC_003909.8|_Bacillus_cereus_ATCC_10987__complete_genome scf7180000128650
		Unaligned bases: 337718
		This contig has both significant aligned and unaligned parts (of length >= min-contig)!
CONTIG: scf7180000128651 (24881bp)
		This contig is unaligned. (24881 bp)
		Unaligned bases: 24881  total: 2303730

CONTIG: scf7180000128652 (12362bp)
		This contig is unaligned. (12362 bp)
		Unaligned bases: 12362  total: 2316092

CONTIG: scf7180000128653 (54673bp)
Top Length: 5194  Top ID: 95.52
		This contig is misassembled. 2 total aligns.
			Warning! This contig is more unaligned than misassembled. Contig length is 54673 and total length of all aligns is 5610
		Alignment: 679097 679512 | 54673 54258 | 416 416 | 95.19 | gi|42779081|ref|NC_003909.8|_Bacillus_cereus_ATCC_10987__complete_genome scf7180000128653
		Alignment: 4375336 4380532 | 23744 28937 | 5197 5194 | 95.52 | gi|42779081|ref|NC_003909.8|_Bacillus_cereus_ATCC_10987__complete_genome scf7180000128653
		Unaligned bases: 49063
		This contig has both significant aligned and unaligned parts (of length >= min-contig)!
CONTIG: scf7180000128737 (20585bp)
Top Length: 947  Top ID: 97.6
		Skipping redundant alignment 5140981 5141914 | 923 1 | 934 923 | 97.86 | gi|42779081|ref|NC_003909.8|_Bacillus_cereus_ATCC_10987__complete_genome scf7180000128737
		This contig is partially unaligned. (947 out of 20585)
		Alignment: 2564922 2565879 | 1 947 | 958 947 | 97.6 | gi|42779081|ref|NC_003909.8|_Bacillus_cereus_ATCC_10987__complete_genome scf7180000128737
		Unaligned bases: 948 to 20585 (19638)
		This contig has both significant aligned and unaligned parts (of length >= min-contig)!

CONTIG: scf7180000128736 (11610bp)
		This contig is unaligned. (11610 bp)
		Unaligned bases: 11610  total: 2327702

CONTIG: scf7180000128735 (21933bp)
		This contig is unaligned. (21933 bp)
		Unaligned bases: 21933  total: 2349635

CONTIG: scf7180000128734 (11658bp)
		This contig is unaligned. (11658 bp)
		Unaligned bases: 11658  total: 2361293

CONTIG: scf7180000128733 (194771bp)
Top Length: 75  Top ID: 100.0
		Skipping redundant alignment 4649263 4649335 | 122904 122976 | 73 73 | 100.0 | gi|42779081|ref|NC_003909.8|_Bacillus_cereus_ATCC_10987__complete_genome scf7180000128733
		Skipping redundant alignment 279452 279522 | 122974 122904 | 71 71 | 100.0 | gi|42779081|ref|NC_003909.8|_Bacillus_cereus_ATCC_10987__complete_genome scf7180000128733
		This contig is partially unaligned. (75 out of 194771)
		Alignment: 615178 615252 | 122975 122901 | 75 75 | 100.0 | gi|42779081|ref|NC_003909.8|_Bacillus_cereus_ATCC_10987__complete_genome scf7180000128733
		Unaligned bases: 1 to 122900 (122900)
		Unaligned bases: 122976 to 194771 (71796)

CONTIG: scf7180000128732 (9603bp)
		This contig is unaligned. (9603 bp)
		Unaligned bases: 9603  total: 2370896

CONTIG: scf7180000128731 (8155bp)
		This contig is unaligned. (8155 bp)
		Unaligned bases: 8155  total: 2379051

CONTIG: scf7180000128730 (95546bp)
		This contig is unaligned. (95546 bp)
		Unaligned bases: 95546  total: 2474597

CONTIG: scf7180000128711 (55745bp)
Top Length: 1537  Top ID: 96.53
		Skipping redundant alignment 822880 823056 | 1 176 | 177 176 | 98.31 | gi|42779081|ref|NC_003909.8|_Bacillus_cereus_ATCC_10987__complete_genome scf7180000128711
		Skipping redundant alignment 609672 609769 | 1 98 | 98 98 | 100.0 | gi|42779081|ref|NC_003909.8|_Bacillus_cereus_ATCC_10987__complete_genome scf7180000128711
		Skipping redundant alignment 14224 14320 | 1 97 | 97 97 | 97.94 | gi|42779081|ref|NC_003909.8|_Bacillus_cereus_ATCC_10987__complete_genome scf7180000128711
		Skipping redundant alignment 33998 34094 | 1 97 | 97 97 | 97.94 | gi|42779081|ref|NC_003909.8|_Bacillus_cereus_ATCC_10987__complete_genome scf7180000128711
		Skipping redundant alignment 87115 87211 | 1 97 | 97 97 | 97.94 | gi|42779081|ref|NC_003909.8|_Bacillus_cereus_ATCC_10987__complete_genome scf7180000128711
		Skipping redundant alignment 305340 305436 | 1 97 | 97 97 | 97.94 | gi|42779081|ref|NC_003909.8|_Bacillus_cereus_ATCC_10987__complete_genome scf7180000128711
		Skipping redundant alignment 318548 318644 | 1 97 | 97 97 | 97.94 | gi|42779081|ref|NC_003909.8|_Bacillus_cereus_ATCC_10987__complete_genome scf7180000128711
		Skipping redundant alignment 327649 327745 | 1 97 | 97 97 | 97.94 | gi|42779081|ref|NC_003909.8|_Bacillus_cereus_ATCC_10987__complete_genome scf7180000128711
		Skipping redundant alignment 335467 335563 | 1 97 | 97 97 | 97.94 | gi|42779081|ref|NC_003909.8|_Bacillus_cereus_ATCC_10987__complete_genome scf7180000128711
		Skipping redundant alignment 150221 150315 | 1 95 | 95 95 | 100.0 | gi|42779081|ref|NC_003909.8|_Bacillus_cereus_ATCC_10987__complete_genome scf7180000128711
		Skipping redundant alignment 284288 284379 | 1 92 | 92 92 | 98.91 | gi|42779081|ref|NC_003909.8|_Bacillus_cereus_ATCC_10987__complete_genome scf7180000128711
		Skipping redundant alignment 278658 278736 | 98 176 | 79 79 | 100.0 | gi|42779081|ref|NC_003909.8|_Bacillus_cereus_ATCC_10987__complete_genome scf7180000128711
		Skipping redundant alignment 150581 150657 | 100 176 | 77 77 | 100.0 | gi|42779081|ref|NC_003909.8|_Bacillus_cereus_ATCC_10987__complete_genome scf7180000128711
		Skipping redundant alignment 610040 610116 | 100 176 | 77 77 | 100.0 | gi|42779081|ref|NC_003909.8|_Bacillus_cereus_ATCC_10987__complete_genome scf7180000128711
		Skipping redundant alignment 823323 823874 | 362 906 | 552 545 | 97.46 | gi|42779081|ref|NC_003909.8|_Bacillus_cereus_ATCC_10987__complete_genome scf7180000128711
		Skipping redundant alignment 610886 610962 | 472 548 | 77 77 | 100.0 | gi|42779081|ref|NC_003909.8|_Bacillus_cereus_ATCC_10987__complete_genome scf7180000128711
		Skipping redundant alignment 150984 151055 | 474 545 | 72 72 | 100.0 | gi|42779081|ref|NC_003909.8|_Bacillus_cereus_ATCC_10987__complete_genome scf7180000128711
		Skipping redundant alignment 279289 279447 | 652 813 | 159 162 | 95.68 | gi|42779081|ref|NC_003909.8|_Bacillus_cereus_ATCC_10987__complete_genome scf7180000128711
		Skipping redundant alignment 11075 11149 | 826 900 | 75 75 | 100.0 | gi|42779081|ref|NC_003909.8|_Bacillus_cereus_ATCC_10987__complete_genome scf7180000128711
		Skipping redundant alignment 30849 30923 | 826 900 | 75 75 | 100.0 | gi|42779081|ref|NC_003909.8|_Bacillus_cereus_ATCC_10987__complete_genome scf7180000128711
		Skipping redundant alignment 64437 64512 | 918 993 | 76 76 | 100.0 | gi|42779081|ref|NC_003909.8|_Bacillus_cereus_ATCC_10987__complete_genome scf7180000128711
		Skipping redundant alignment 824031 824473 | 1094 1534 | 443 441 | 95.09 | gi|42779081|ref|NC_003909.8|_Bacillus_cereus_ATCC_10987__complete_genome scf7180000128711
		Skipping redundant alignment 21771 21863 | 1094 1186 | 93 93 | 97.85 | gi|42779081|ref|NC_003909.8|_Bacillus_cereus_ATCC_10987__complete_genome scf7180000128711
		Skipping redundant alignment 284914 285092 | 1197 1371 | 179 175 | 96.65 | gi|42779081|ref|NC_003909.8|_Bacillus_cereus_ATCC_10987__complete_genome scf7180000128711
		Skipping redundant alignment 284388 284560 | 1201 1371 | 173 171 | 98.27 | gi|42779081|ref|NC_003909.8|_Bacillus_cereus_ATCC_10987__complete_genome scf7180000128711
		Skipping redundant alignment 278778 278863 | 1283 1368 | 86 86 | 100.0 | gi|42779081|ref|NC_003909.8|_Bacillus_cereus_ATCC_10987__complete_genome scf7180000128711
		Skipping redundant alignment 278940 279022 | 1867 1949 | 83 83 | 98.8 | gi|42779081|ref|NC_003909.8|_Bacillus_cereus_ATCC_10987__complete_genome scf7180000128711
		Skipping redundant alignment 823159 823235 | 1872 1948 | 77 77 | 100.0 | gi|42779081|ref|NC_003909.8|_Bacillus_cereus_ATCC_10987__complete_genome scf7180000128711
		Skipping redundant alignment 823436 823517 | 1950 2030 | 82 81 | 98.78 | gi|42779081|ref|NC_003909.8|_Bacillus_cereus_ATCC_10987__complete_genome scf7180000128711
		Skipping redundant alignment 4650429 4650510 | 2030 1950 | 82 81 | 98.78 | gi|42779081|ref|NC_003909.8|_Bacillus_cereus_ATCC_10987__complete_genome scf7180000128711
		Skipping redundant alignment 4649263 4649334 | 6114 6043 | 72 72 | 100.0 | gi|42779081|ref|NC_003909.8|_Bacillus_cereus_ATCC_10987__complete_genome scf7180000128711
		Skipping redundant alignment 279452 279522 | 6044 6114 | 71 71 | 100.0 | gi|42779081|ref|NC_003909.8|_Bacillus_cereus_ATCC_10987__complete_genome scf7180000128711
		This contig is misassembled. 35 total aligns.
			Warning! This contig is more unaligned than misassembled. Contig length is 55745 and total length of all aligns is 2280
		Alignment: 610139 611141 | 1206 2205 | 1003 1000 | 96.62 | gi|42779081|ref|NC_003909.8|_Bacillus_cereus_ATCC_10987__complete_genome scf7180000128711
		Alignment: 4248301 4248375 | 6117 6043 | 75 75 | 100.0 | gi|42779081|ref|NC_003909.8|_Bacillus_cereus_ATCC_10987__complete_genome scf7180000128711
		Alignment: 4649433 4650980 | 1537 1 | 1548 1537 | 96.53 | gi|42779081|ref|NC_003909.8|_Bacillus_cereus_ATCC_10987__complete_genome scf7180000128711
		Unaligned bases: 53465
		This contig has both significant aligned and unaligned parts (of length >= min-contig)!
CONTIG: scf7180000128739 (86684bp)
		This contig is unaligned. (86684 bp)
		Unaligned bases: 86684  total: 2561281

CONTIG: scf7180000128710 (2644bp)
Top Length: 583  Top ID: 95.56
		Skipping redundant alignment 604751 605316 | 565 1 | 566 565 | 95.07 | gi|42779081|ref|NC_003909.8|_Bacillus_cereus_ATCC_10987__complete_genome scf7180000128710
		Skipping redundant alignment 145327 145879 | 550 1 | 553 550 | 95.31 | gi|42779081|ref|NC_003909.8|_Bacillus_cereus_ATCC_10987__complete_genome scf7180000128710
		Skipping redundant alignment 4655337 4655890 | 1 550 | 554 550 | 95.13 | gi|42779081|ref|NC_003909.8|_Bacillus_cereus_ATCC_10987__complete_genome scf7180000128710
		Skipping redundant alignment 279526 279984 | 458 1 | 459 458 | 98.48 | gi|42779081|ref|NC_003909.8|_Bacillus_cereus_ATCC_10987__complete_genome scf7180000128710
		Skipping redundant alignment 82352 82811 | 458 1 | 460 458 | 98.26 | gi|42779081|ref|NC_003909.8|_Bacillus_cereus_ATCC_10987__complete_genome scf7180000128710
		Skipping redundant alignment 9239 9693 | 454 1 | 455 454 | 98.03 | gi|42779081|ref|NC_003909.8|_Bacillus_cereus_ATCC_10987__complete_genome scf7180000128710
		Skipping redundant alignment 29012 29467 | 454 1 | 456 454 | 98.03 | gi|42779081|ref|NC_003909.8|_Bacillus_cereus_ATCC_10987__complete_genome scf7180000128710
		Skipping redundant alignment 318416 318677 | 2644 2382 | 262 263 | 95.83 | gi|42779081|ref|NC_003909.8|_Bacillus_cereus_ATCC_10987__complete_genome scf7180000128710
		Skipping redundant alignment 327517 327745 | 2644 2415 | 229 230 | 99.13 | gi|42779081|ref|NC_003909.8|_Bacillus_cereus_ATCC_10987__complete_genome scf7180000128710
		Skipping redundant alignment 335335 335563 | 2644 2415 | 229 230 | 99.13 | gi|42779081|ref|NC_003909.8|_Bacillus_cereus_ATCC_10987__complete_genome scf7180000128710
		Skipping redundant alignment 284156 284382 | 2644 2417 | 227 228 | 99.12 | gi|42779081|ref|NC_003909.8|_Bacillus_cereus_ATCC_10987__complete_genome scf7180000128710
		Skipping redundant alignments after choosing the best set of alignments
		Skipping [14092][14354] redundant alignment 14092 14354 | 2644 2381 | 263 264 | 96.6 | gi|42779081|ref|NC_003909.8|_Bacillus_cereus_ATCC_10987__complete_genome scf7180000128710
		Skipping [33866][34130] redundant alignment 33866 34130 | 2644 2379 | 265 266 | 96.63 | gi|42779081|ref|NC_003909.8|_Bacillus_cereus_ATCC_10987__complete_genome scf7180000128710
		Skipping [86983][87242] redundant alignment 86983 87242 | 2644 2382 | 260 263 | 96.96 | gi|42779081|ref|NC_003909.8|_Bacillus_cereus_ATCC_10987__complete_genome scf7180000128710
		Skipping [330581][331162] redundant alignment 330581 331162 | 582 1 | 582 582 | 95.72 | gi|42779081|ref|NC_003909.8|_Bacillus_cereus_ATCC_10987__complete_genome scf7180000128710
		This contig is misassembled. 17 total aligns.
			Warning! This contig is more unaligned than misassembled. Contig length is 2644 and total length of all aligns is 851
		Alignment: 305208 305473 | 2644 2377 | 266 268 | 95.54 | gi|42779081|ref|NC_003909.8|_Bacillus_cereus_ATCC_10987__complete_genome scf7180000128710
		Alignment: 322762 323344 | 583 1 | 583 583 | 95.56 | gi|42779081|ref|NC_003909.8|_Bacillus_cereus_ATCC_10987__complete_genome scf7180000128710
		Unaligned bases: 1793
		This contig has both significant aligned and unaligned parts (of length >= min-contig)!
CONTIG: scf7180000128649 (31477bp)
		This contig is unaligned. (31477 bp)
		Unaligned bases: 31477  total: 2592758

CONTIG: scf7180000128648 (5437bp)
		This contig is unaligned. (5437 bp)
		Unaligned bases: 5437  total: 2598195

CONTIG: scf7180000128647 (3642bp)
		This contig is unaligned. (3642 bp)
		Unaligned bases: 3642  total: 2601837

CONTIG: scf7180000128646 (53860bp)
		This contig is unaligned. (53860 bp)
		Unaligned bases: 53860  total: 2655697

CONTIG: scf7180000128645 (4729bp)
		This contig is unaligned. (4729 bp)
		Unaligned bases: 4729  total: 2660426

CONTIG: scf7180000128644 (12243bp)
		This contig is unaligned. (12243 bp)
		Unaligned bases: 12243  total: 2672669

CONTIG: scf7180000128643 (19016bp)
		This contig is unaligned. (19016 bp)
		Unaligned bases: 19016  total: 2691685

CONTIG: scf7180000128642 (1688bp)
		This contig is unaligned. (1688 bp)
		Unaligned bases: 1688  total: 2693373

CONTIG: scf7180000128641 (5784bp)
		This contig is unaligned. (5784 bp)
		Unaligned bases: 5784  total: 2699157

CONTIG: scf7180000128640 (5217bp)
		This contig is unaligned. (5217 bp)
		Unaligned bases: 5217  total: 2704374

Analyzing coverage...
Writing SNPs into /usit/invitro/data/galaxy/master/sabbai/galaxy-dist/database/job_working_directory/001/1807/dataset_1889_files/Combined_dataset/contigs_reports/nucmer_output/BC-H-Cabog-Scaffold.used_snps
	Reference gi|42779081|ref|NC_003909.8|_Bacillus_cereus_ATCC_10987__complete_genome: 28 total alignments. 1 total regions.
		Region: 1 to 5224283 (5224283 bp)
			START in gap: 1 to 318478 (318477 bp)
			Align 1: 318478 318694 scf7180000128623 2606 2389
				Gap between this and next alignment: 318694 to 453071 (134376 bp)
				Next Alignment: 453071 455896 scf7180000128703 87378 84549

			Align 2: 453071 455896 scf7180000128703 87378 84549
				Gap between this and next alignment: 455896 to 615178 (159281 bp)
				Next Alignment: 615178 615252 scf7180000128733 122975 122901

			Align 3: 615178 615252 scf7180000128733 122975 122901
				Gap between this and next alignment: 615252 to 1080080 (464827 bp)
				Next Alignment: 1080080 1080148 scf7180000128664 54600 54532

			Align 4: 1080080 1080148 scf7180000128664 54600 54532
				Gap between this and next alignment: 1080148 to 1109269 (29120 bp)
				Next Alignment: 1109269 1109900 scf7180000128611 15414 14780

			Align 5: 1109269 1109900 scf7180000128611 15414 14780
				The next alignment (1109269 1109899 scf7180000128680 35988 35356) is redundant. Skipping.
				The next alignment (1109704 1109897 scf7180000128665 93139 92947) is redundant. Skipping.
				Gap between this and next alignment: 1109900 to 1985283 (875382 bp)
				Next Alignment: 1985283 1985376 scf7180000128722 11494 11587

			Align 8: 1985283 1985376 scf7180000128722 11494 11587
				Gap between this and next alignment: 1985376 to 2367411 (382034 bp)
				Next Alignment: 2367411 2367549 scf7180000128627 25969 26107

			Align 9: 2367411 2367549 scf7180000128627 25969 26107
				Gap between this and next alignment: 2367549 to 2564188 (196638 bp)
				Next Alignment: 2564188 2564816 scf7180000128675 5236 5860

			Align 10: 2564188 2564816 scf7180000128675 5236 5860
				The next alignment (2564188 2564816 scf7180000128747 626 1) is redundant. Skipping.
				The next alignment (2564198 2564816 scf7180000128658 75193 75807) is redundant. Skipping.
				The next alignment (2564199 2564816 scf7180000128717 6030 6643) is redundant. Skipping.
				Gap between this and next alignment: 2564816 to 2564922 (105 bp)
				Next Alignment: 2564922 2565875 scf7180000128662 26684 25743

			Align 14: 2564922 2565875 scf7180000128662 26684 25743
				The next alignment (2564922 2565855 scf7180000128695 1 923) is redundant. Skipping.
				Negative gap (overlap) between this and next alignment: 2565875 to 2564922 (-953 bp)
				Next Alignment: 2564922 2565879 scf7180000128737 1 947

			Previous gap was negative, modifying coordinates to ignore overlap
				Moving contig start from 1 to 944.
			Align 16: 2565876 2565879 scf7180000128737 944 947
				The next alignment (2565605 2565855 scf7180000128617 1 251) is redundant. Skipping.
				Gap between this and next alignment: 2565879 to 2599598 (33718 bp)
				Next Alignment: 2599598 2600288 scf7180000128727 22058 22748

			Align 18: 2599598 2600288 scf7180000128727 22058 22748
				Gap between this and next alignment: 2600288 to 2993724 (393435 bp)
				Next Alignment: 2993724 2994923 scf7180000128683 1193 1

			Align 19: 2993724 2994923 scf7180000128683 1193 1
				The next alignment (2993724 2994923 scf7180000128681 1193 1) is redundant. Skipping.
				Gap between this and next alignment: 2994923 to 3015458 (20534 bp)
				Next Alignment: 3015458 3018132 scf7180000128669 60679 63353

			Align 21: 3015458 3018132 scf7180000128669 60679 63353
				Gap between this and next alignment: 3018132 to 3118082 (99949 bp)
				Next Alignment: 3118082 3118561 scf7180000128682 11391 10915

			Align 22: 3118082 3118561 scf7180000128682 11391 10915
				Negative gap (overlap) between this and next alignment: 3118561 to 3118374 (-187 bp)
				Next Alignment: 3118374 3118746 scf7180000128620 370 1

			Previous gap was negative, modifying coordinates to ignore overlap
				Moving contig start from 370 to 185.
			Align 23: 3118562 3118746 scf7180000128620 185 1
				Gap between this and next alignment: 3118746 to 3127237 (8490 bp)
				Next Alignment: 3127237 3127489 scf7180000128743 12597 12851

			Align 24: 3127237 3127489 scf7180000128743 12597 12851
				Gap between this and next alignment: 3127489 to 3233471 (105981 bp)
				Next Alignment: 3233471 3233631 scf7180000128685 8008 8167

			Align 25: 3233471 3233631 scf7180000128685 8008 8167
				The next alignment (3233471 3233589 scf7180000128635 119 1) is redundant. Skipping.
				Gap between this and next alignment: 3233631 to 4190254 (956622 bp)
				Next Alignment: 4190254 4191657 scf7180000128668 23935 22532

			Align 27: 4190254 4191657 scf7180000128668 23935 22532
				Gap between this and next alignment: 4191657 to 4416917 (225259 bp)
				Next Alignment: 4416917 4417073 scf7180000128725 5124 4968

			Align 28: 4416917 4417073 scf7180000128725 5124 4968
			END in gap: 4417073 to 5224283 (807210 bp)

ERROR: Reference [$ref] does not have any alignments!  Check that this is the same file used for alignment.
ERROR: Alignment Reference Headers: ['gi|42779081|ref|NC_003909.8|_Bacillus_cereus_ATCC_10987__complete_genome']
Analysis is finished!
Founded SNPs were written into /usit/invitro/data/galaxy/master/sabbai/galaxy-dist/database/job_working_directory/001/1807/dataset_1889_files/Combined_dataset/contigs_reports/nucmer_output/BC-H-Cabog-Scaffold.used_snps

Results:
	Local Misassemblies: 0
	Misassemblies: 0
		Relocations: 0
		Translocations: 0
		Inversions: 0
	Misassembled Contigs: 0
	Misassembled Contig Bases: 0
	Misassmblies Inter-Contig Overlap: 0
Uncovered Regions: 0 (0)
Unaligned Contigs: 111 + 39 part
Partially Unaligned Contigs with Misassemblies: 11
Unaligned Contig Bases: 4758003

Ambiguously Mapped Contigs: 0
Total Bases in Ambiguously Mapped Contigs: 0
Note that --allow-ambiguity option was set to "one" and only first alignment per each contig was used.

	Covered Bases: 12845

	SNPs: 416
	Insertions: 15
	Deletions: 32

	Positive Gaps: 18
		Internal Gaps:  0
		External Gaps:  18
		External Gap Total:  5211438
		External Gap Average: 289524
	Negative Gaps: 2
		Internal Overlaps:  0
		External Overlaps:  2
		External Overlaps Total: -1140
		External Overlaps Average: -570
	Contigs with Redundant Alignments: 6 (5195)
