/software/galaxy/master/sabbai/galaxy-dist/tools/comparative_assembly_statistics/quast-2.2/quast.py -o /software/galaxy/master/sabbai/galaxy-dist/database/job_working_directory/002/2257/dataset_2339_files/Contig -R /software/galaxy/master/sabbai/galaxy-dist/tools/comparative_assembly_statistics/reference/refGen/V_cholerae_O1_biovar_eltor_str_N1696.fna -G /software/galaxy/master/sabbai/galaxy-dist/tools/comparative_assembly_statistics/reference/genefiles/V_cholerae_O1_biovar_eltor_str_N1696.gff -l GAGE-B, Msrca_183_k89, Msrca_183_k99, Msrca_210_k89, Msrca_210_k99 --contig-thresholds 500,1000 /software/galaxy/master/sabbai/galaxy-dist/database/files/002/dataset_2245.dat /software/galaxy/master/sabbai/galaxy-dist/database/files/002/dataset_2249.dat /software/galaxy/master/sabbai/galaxy-dist/database/files/002/dataset_2251.dat /software/galaxy/master/sabbai/galaxy-dist/database/files/002/dataset_2261.dat /software/galaxy/master/sabbai/galaxy-dist/database/files/002/dataset_2269.dat

Version 2.2, build 19.07.2013 21:21


System information:
  OS: Linux-2.6.32-431.11.2.el6.x86_64-x86_64-with-redhat-6.5-Santiago
  Python version: 2.7.6
  CPUs number: 64

Started: 2014-06-27 01:26:06

Logging to /software/galaxy/master/sabbai/galaxy-dist/database/job_working_directory/002/2257/dataset_2339_files/Contig/quast.log

NOTICE: Output directory already exists. Existing Nucmer alignments can be used.

NOTICE: Maximum number of threads is set to 64 (use --threads option to set it manually)

Reference:
  /software/galaxy/master/sabbai/galaxy-dist/tools/comparative_assembly_statistics/reference/refGen/V_cholerae_O1_biovar_eltor_str_N1696.fna ==> V_cholerae_O1_biovar_eltor_str_N1696

Contigs:
  /software/galaxy/master/sabbai/galaxy-dist/database/files/002/dataset_2245.dat ==> GAGE-B
  /software/galaxy/master/sabbai/galaxy-dist/database/files/002/dataset_2249.dat ==> Msrca_183_k89
  /software/galaxy/master/sabbai/galaxy-dist/database/files/002/dataset_2251.dat ==> Msrca_183_k99
  /software/galaxy/master/sabbai/galaxy-dist/database/files/002/dataset_2261.dat ==> Msrca_210_k89
  /software/galaxy/master/sabbai/galaxy-dist/database/files/002/dataset_2269.dat ==> Msrca_210_k99

2014-06-27 01:26:10
Running Basic statistics processor...
  Reference genome:
    V_cholerae_O1_biovar_eltor_str_N1696.fna, Reference length = 4033464, Reference GC % = 47.49
  Contig files: 
    1  GAGE-B
    2  Msrca_183_k89
    3  Msrca_183_k99
    4  Msrca_210_k89
    5  Msrca_210_k99
  Calculating N50 and L50...
    1  GAGE-B, N50 = 246505, L50 = 6, Total length = 3989222, GC % = 47.50, # N's per 100 kbp =  1.50
    2  Msrca_183_k89, N50 = 246836, L50 = 6, Total length = 3990088, GC % = 47.50, # N's per 100 kbp =  17.54
    3  Msrca_183_k99, N50 = 46624, L50 = 23, Total length = 3875030, GC % = 47.51, # N's per 100 kbp =  40.26
    4  Msrca_210_k89, N50 = 133199, L50 = 8, Total length = 4008981, GC % = 47.51, # N's per 100 kbp =  23.45
    5  Msrca_210_k99, N50 = 65767, L50 = 18, Total length = 3969261, GC % = 47.44, # N's per 100 kbp =  1.01
  Drawing cumulative plot...
    saved to /software/galaxy/master/sabbai/galaxy-dist/database/job_working_directory/002/2257/dataset_2339_files/Contig/basic_stats/cumulative_plot.pdf
  Drawing GC content plot...
    saved to /software/galaxy/master/sabbai/galaxy-dist/database/job_working_directory/002/2257/dataset_2339_files/Contig/basic_stats/GC_content_plot.pdf
  Drawing Nx plot...
    saved to /software/galaxy/master/sabbai/galaxy-dist/database/job_working_directory/002/2257/dataset_2339_files/Contig/basic_stats/Nx_plot.pdf
  Drawing NGx plot...
    saved to /software/galaxy/master/sabbai/galaxy-dist/database/job_working_directory/002/2257/dataset_2339_files/Contig/basic_stats/NGx_plot.pdf
Done.

2014-06-27 01:26:14
Running Contig analyzer...
  1  GAGE-B
  1  Logging to files /software/galaxy/master/sabbai/galaxy-dist/database/job_working_directory/002/2257/dataset_2339_files/Contig/contigs_reports/contigs_report_GAGE-B.stdout and contigs_report_GAGE-B.stderr...
  1  Running Nucmer... 
  2  Msrca_183_k89
  3  Msrca_183_k99
  2  Logging to files /software/galaxy/master/sabbai/galaxy-dist/database/job_working_directory/002/2257/dataset_2339_files/Contig/contigs_reports/contigs_report_Msrca_183_k89.stdout and contigs_report_Msrca_183_k89.stderr...
  4  Msrca_210_k89
  3  Logging to files /software/galaxy/master/sabbai/galaxy-dist/database/job_working_directory/002/2257/dataset_2339_files/Contig/contigs_reports/contigs_report_Msrca_183_k99.stdout and contigs_report_Msrca_183_k99.stderr...
  2  Running Nucmer... 
  3  Running Nucmer... 
  5  Msrca_210_k99
  4  Logging to files /software/galaxy/master/sabbai/galaxy-dist/database/job_working_directory/002/2257/dataset_2339_files/Contig/contigs_reports/contigs_report_Msrca_210_k89.stdout and contigs_report_Msrca_210_k89.stderr...
  4  Running Nucmer... 
  5  Logging to files /software/galaxy/master/sabbai/galaxy-dist/database/job_working_directory/002/2257/dataset_2339_files/Contig/contigs_reports/contigs_report_Msrca_210_k99.stdout and contigs_report_Msrca_210_k99.stderr...
  5  Running Nucmer... 
/software/galaxy/master/sabbai/galaxy-dist/database/job_working_directory/002/2257/dataset_2339_files/Contig/contigs_reports/alignments_Msrca_210_k99.tsv
  79763 Analysis is finished.
/software/galaxy/master/sabbai/galaxy-dist/database/job_working_directory/002/2257/dataset_2339_files/Contig/contigs_reports/alignments_GAGE-B.tsv
  363323 Analysis is finished.
/software/galaxy/master/sabbai/galaxy-dist/database/job_working_directory/002/2257/dataset_2339_files/Contig/contigs_reports/alignments_Msrca_183_k99.tsv
  98254 Analysis is finished.
/software/galaxy/master/sabbai/galaxy-dist/database/job_working_directory/002/2257/dataset_2339_files/Contig/contigs_reports/alignments_Msrca_183_k89.tsv
  233667 Analysis is finished.
/software/galaxy/master/sabbai/galaxy-dist/database/job_working_directory/002/2257/dataset_2339_files/Contig/contigs_reports/alignments_Msrca_210_k89.tsv
  112989 Analysis is finished.
  Creating total report...
    saved to /software/galaxy/master/sabbai/galaxy-dist/database/job_working_directory/002/2257/dataset_2339_files/Contig/contigs_reports/misassemblies_report.txt, misassemblies_report.tsv, and misassemblies_report.tex
  Creating total report...
    saved to /software/galaxy/master/sabbai/galaxy-dist/database/job_working_directory/002/2257/dataset_2339_files/Contig/contigs_reports/unaligned_report.txt, unaligned_report.tsv, and unaligned_report.tex
Done.

2014-06-27 01:26:34
Running NA-NGA calculation...
  Calculating NA50 and NGA50...
    1  GAGE-B, Largest alignment = 555664, NA50 = 236373, NGA50 = 236373, LA50 = 6, LGA50 = 6
    2  Msrca_183_k89, Largest alignment = 555729, NA50 = 236430, NGA50 = 236430, LA50 = 6, LGA50 = 6
    3  Msrca_183_k99, Largest alignment = 199686, NA50 = 46604, NGA50 = 46176, LA50 = 23, LGA50 = 24
    4  Msrca_210_k89, Largest alignment = 555891, NA50 = 132265, NGA50 = 132265, LA50 = 9, LGA50 = 9
    5  Msrca_210_k99, Largest alignment = 232643, NA50 = 65252, NGA50 = 63260, LA50 = 18, LGA50 = 19
  Drawing cumulative plot...
    saved to /software/galaxy/master/sabbai/galaxy-dist/database/job_working_directory/002/2257/dataset_2339_files/Contig/aligned_stats/cumulative_plot.pdf
  Drawing NAx plot...
    saved to /software/galaxy/master/sabbai/galaxy-dist/database/job_working_directory/002/2257/dataset_2339_files/Contig/aligned_stats/NAx_plot.pdf
  Drawing NGAx plot...
    saved to /software/galaxy/master/sabbai/galaxy-dist/database/job_working_directory/002/2257/dataset_2339_files/Contig/aligned_stats/NGAx_plot.pdf
  Done.

2014-06-27 01:26:35
Running Genome analyzer...
  Loaded 3693 genes
  NOTICE: Annotated operons file was not provided. Use -O option to specify it.
  1  GAGE-B
  2  Msrca_183_k89
  3  Msrca_183_k99
  4  Msrca_210_k89
  5  Msrca_210_k99
  Drawing genes cumulative plot...
    saved to /software/galaxy/master/sabbai/galaxy-dist/database/job_working_directory/002/2257/dataset_2339_files/Contig/genome_stats/genes_cumulative_plot.pdf
  Drawing # complete genes histogram...
    saved to /software/galaxy/master/sabbai/galaxy-dist/database/job_working_directory/002/2257/dataset_2339_files/Contig/genome_stats/complete_genes_histogram.pdf
  Drawing Genome fraction, % histogram...
    saved to /software/galaxy/master/sabbai/galaxy-dist/database/job_working_directory/002/2257/dataset_2339_files/Contig/genome_stats/genome_fraction_histogram.pdf
Done.

NOTICE: Genes are not predicted by default. Use --gene-finding option to enable it.

2014-06-27 01:26:49
Summarizing...
  Creating total report...
    saved to /software/galaxy/master/sabbai/galaxy-dist/database/job_working_directory/002/2257/dataset_2339_files/Contig/report.txt, report.tsv, and report.tex
  Transposed version of total report...
    saved to /software/galaxy/master/sabbai/galaxy-dist/database/job_working_directory/002/2257/dataset_2339_files/Contig/transposed_report.txt, transposed_report.tsv, and transposed_report.tex
  HTML version saved to /software/galaxy/master/sabbai/galaxy-dist/database/job_working_directory/002/2257/dataset_2339_files/Contig/report.html
  All pdf files are merged to /software/galaxy/master/sabbai/galaxy-dist/database/job_working_directory/002/2257/dataset_2339_files/Contig/plots.pdf
Log saved to /software/galaxy/master/sabbai/galaxy-dist/database/job_working_directory/002/2257/dataset_2339_files/Contig/quast.log

Finished: 2014-06-27 01:26:49
Elapsed time: 0:00:43.104068
