Aligning contigs to reference...
	Running Nucmer...
Parsing coords...
Loading Assembly...
Loading reference...
	Loaded [gi|125654605|ref|NC_009007.1|_Rhodobacter_sphaeroides_2.4.1_plasmid_A__partial_sequence]
Loading SNPs...
Loading regions...
	No regions given, using whole reference.
	Total Regions: 1
	Total Region Length: 114045
Analyzing contigs...
CONTIG: 71_6230_142928 (6230bp)
		This contig is unaligned. (6230 bp)
		Unaligned bases: 6230  total: 6230

CONTIG: 308_6623_176417 (6623bp)
		This contig is unaligned. (6623 bp)
		Unaligned bases: 6623  total: 12853

CONTIG: 470_1803_54627 (1803bp)
		This contig is unaligned. (1803 bp)
		Unaligned bases: 1803  total: 14656

CONTIG: 506_9203_276276 (9203bp)
		This contig is unaligned. (9203 bp)
		Unaligned bases: 9203  total: 23859

CONTIG: 684_10886_265863 (10886bp)
		This contig is unaligned. (10886 bp)
		Unaligned bases: 10886  total: 34745

CONTIG: 1019_18092_487914 (18092bp)
		This contig is unaligned. (18092 bp)
		Unaligned bases: 18092  total: 52837

CONTIG: 1058_23074_587050 (23074bp)
		This contig is unaligned. (23074 bp)
		Unaligned bases: 23074  total: 75911

CONTIG: 81_10543_267703 (10543bp)
		This contig is unaligned. (10543 bp)
		Unaligned bases: 10543  total: 86454

CONTIG: 631_790_17345 (790bp)
		This contig is unaligned. (790 bp)
		Unaligned bases: 790  total: 87244

CONTIG: 424_18487_519470 (18487bp)
		This contig is unaligned. (18487 bp)
		Unaligned bases: 18487  total: 105731

CONTIG: 10_3042_209279 (3042bp)
Top Length: 3042  Top ID: 100.0
		One align captures most of this contig: 24358 27399 | 3042 1 | 3042 3042 | 100.0 | gi|125654605|ref|NC_009007.1|_Rhodobacter_sphaeroides_2.4.1_plasmid_A__partial_sequence 10_3042_209279

CONTIG: 596_26305_678536 (26305bp)
		This contig is unaligned. (26305 bp)
		Unaligned bases: 26305  total: 132036

CONTIG: 1072_518_9907_37+_..._410+ (518bp)
		This contig is unaligned. (518 bp)
		Unaligned bases: 518  total: 132554

CONTIG: 448_29832_790332 (29832bp)
		This contig is unaligned. (29832 bp)
		Unaligned bases: 29832  total: 162386

CONTIG: 113_7006_162395 (7006bp)
		This contig is unaligned. (7006 bp)
		Unaligned bases: 7006  total: 169392

CONTIG: 1084_503_17937_355-_16+_718+ (503bp)
		This contig is unaligned. (503 bp)
		Unaligned bases: 503  total: 169895

CONTIG: 114_10913_281368 (10913bp)
		This contig is unaligned. (10913 bp)
		Unaligned bases: 10913  total: 180808

CONTIG: 566_7977_226322 (7977bp)
		This contig is unaligned. (7977 bp)
		Unaligned bases: 7977  total: 188785

CONTIG: 138_8818_225539 (8818bp)
		This contig is unaligned. (8818 bp)
		Unaligned bases: 8818  total: 197603

CONTIG: 540_19090_502287 (19090bp)
		This contig is unaligned. (19090 bp)
		Unaligned bases: 19090  total: 216693

CONTIG: 941_10662_251890 (10662bp)
		This contig is unaligned. (10662 bp)
		Unaligned bases: 10662  total: 227355

CONTIG: 34_772_19867 (772bp)
		This contig is unaligned. (772 bp)
		Unaligned bases: 772  total: 228127

CONTIG: 504_10156_279235 (10156bp)
		This contig is unaligned. (10156 bp)
		Unaligned bases: 10156  total: 238283

CONTIG: 780_3148_175494 (3148bp)
		This contig is unaligned. (3148 bp)
		Unaligned bases: 3148  total: 241431

CONTIG: 845_2798_56733 (2798bp)
		This contig is unaligned. (2798 bp)
		Unaligned bases: 2798  total: 244229

CONTIG: 1085_1372_59507_366+_797+_579+ (1372bp)
		This contig is unaligned. (1372 bp)
		Unaligned bases: 1372  total: 245601

CONTIG: 459_1174_93802 (1174bp)
Top Length: 1174  Top ID: 100.0
		One align captures most of this contig: 89019 90192 | 1174 1 | 1174 1174 | 100.0 | gi|125654605|ref|NC_009007.1|_Rhodobacter_sphaeroides_2.4.1_plasmid_A__partial_sequence 459_1174_93802

CONTIG: 479_3286_119601 (3286bp)
		This contig is unaligned. (3286 bp)
		Unaligned bases: 3286  total: 248887

CONTIG: 242_13294_377159 (13294bp)
		This contig is unaligned. (13294 bp)
		Unaligned bases: 13294  total: 262181

CONTIG: 228_1421_36538 (1421bp)
		This contig is unaligned. (1421 bp)
		Unaligned bases: 1421  total: 263602

CONTIG: 409_19144_878622 (19144bp)
		This contig is unaligned. (19144 bp)
		Unaligned bases: 19144  total: 282746

CONTIG: 1021_9386_257947 (9386bp)
		This contig is unaligned. (9386 bp)
		Unaligned bases: 9386  total: 292132

CONTIG: 365_29031_738987 (29031bp)
		This contig is unaligned. (29031 bp)
		Unaligned bases: 29031  total: 321163

CONTIG: 932_15733_725788 (15733bp)
		This contig is unaligned. (15733 bp)
		Unaligned bases: 15733  total: 336896

CONTIG: 541_17270_447693 (17270bp)
		This contig is unaligned. (17270 bp)
		Unaligned bases: 17270  total: 354166

CONTIG: 588_19195_2436843 (19195bp)
Top Length: 714  Top ID: 95.52
		This contig is misassembled. 2 total aligns.
			Warning! This contig is more unaligned than misassembled. Contig length is 19195 and total length of all aligns is 1319
		Alignment: 65018 65626 | 605 1 | 609 605 | 99.18 | gi|125654605|ref|NC_009007.1|_Rhodobacter_sphaeroides_2.4.1_plasmid_A__partial_sequence 588_19195_2436843
		Alignment: 90244 90927 | 19195 18482 | 684 714 | 95.52 | gi|125654605|ref|NC_009007.1|_Rhodobacter_sphaeroides_2.4.1_plasmid_A__partial_sequence 588_19195_2436843
		Unaligned bases: 17876
		This contig has both significant aligned and unaligned parts (of length >= min-contig)!
CONTIG: 177_66861_1765079 (66861bp)
		This contig is unaligned. (66861 bp)
		Unaligned bases: 66861  total: 421027

CONTIG: 534_33239_847735 (33239bp)
		This contig is unaligned. (33239 bp)
		Unaligned bases: 33239  total: 454266

CONTIG: 638_33591_858929 (33591bp)
		This contig is unaligned. (33591 bp)
		Unaligned bases: 33591  total: 487857

CONTIG: 277_4056_88302 (4056bp)
		This contig is unaligned. (4056 bp)
		Unaligned bases: 4056  total: 491913

CONTIG: 47_9431_277174 (9431bp)
		This contig is unaligned. (9431 bp)
		Unaligned bases: 9431  total: 501344

CONTIG: 543_19823_504827 (19823bp)
		This contig is unaligned. (19823 bp)
		Unaligned bases: 19823  total: 521167

CONTIG: 245_10738_366779 (10738bp)
		This contig is unaligned. (10738 bp)
		Unaligned bases: 10738  total: 531905

CONTIG: 250_907_27724 (907bp)
		This contig is unaligned. (907 bp)
		Unaligned bases: 907  total: 532812

CONTIG: 170_2092_50512 (2092bp)
		This contig is unaligned. (2092 bp)
		Unaligned bases: 2092  total: 534904

CONTIG: 390_25769_587760 (25769bp)
		This contig is unaligned. (25769 bp)
		Unaligned bases: 25769  total: 560673

CONTIG: 717_13298_602393 (13298bp)
		This contig is unaligned. (13298 bp)
		Unaligned bases: 13298  total: 573971

CONTIG: 1048_1354_31064 (1354bp)
		This contig is unaligned. (1354 bp)
		Unaligned bases: 1354  total: 575325

CONTIG: 157_1714_111834 (1714bp)
Top Length: 1667  Top ID: 100.0
		This contig is partially unaligned. (1667 out of 1714)
		Alignment: 28649 30315 | 1714 48 | 1667 1667 | 100.0 | gi|125654605|ref|NC_009007.1|_Rhodobacter_sphaeroides_2.4.1_plasmid_A__partial_sequence 157_1714_111834
		Unaligned bases: 1 to 47 (47)

CONTIG: 995_729_31782 (729bp)
		This contig is unaligned. (729 bp)
		Unaligned bases: 729  total: 576054

CONTIG: 1049_13714_359976 (13714bp)
		This contig is unaligned. (13714 bp)
		Unaligned bases: 13714  total: 589768

CONTIG: 891_4233_110892 (4233bp)
		This contig is unaligned. (4233 bp)
		Unaligned bases: 4233  total: 594001

CONTIG: 581_3969_103898 (3969bp)
		This contig is unaligned. (3969 bp)
		Unaligned bases: 3969  total: 597970

CONTIG: 343_1472_106090 (1472bp)
Top Length: 1472  Top ID: 100.0
		One align captures most of this contig: 97910 99381 | 1472 1 | 1472 1472 | 100.0 | gi|125654605|ref|NC_009007.1|_Rhodobacter_sphaeroides_2.4.1_plasmid_A__partial_sequence 343_1472_106090

CONTIG: 484_11021_330034 (11021bp)
		This contig is unaligned. (11021 bp)
		Unaligned bases: 11021  total: 608991

CONTIG: 278_6673_151990 (6673bp)
		This contig is unaligned. (6673 bp)
		Unaligned bases: 6673  total: 615664

CONTIG: 862_5577_594191 (5577bp)
		This contig is unaligned. (5577 bp)
		Unaligned bases: 5577  total: 621241

CONTIG: 990_16808_448307 (16808bp)
		This contig is unaligned. (16808 bp)
		Unaligned bases: 16808  total: 638049

CONTIG: 563_12281_310000 (12281bp)
		This contig is unaligned. (12281 bp)
		Unaligned bases: 12281  total: 650330

CONTIG: 884_1156_29792 (1156bp)
		This contig is unaligned. (1156 bp)
		Unaligned bases: 1156  total: 651486

CONTIG: 463_28168_676371 (28168bp)
		This contig is unaligned. (28168 bp)
		Unaligned bases: 28168  total: 679654

CONTIG: 649_32635_833161 (32635bp)
		This contig is unaligned. (32635 bp)
		Unaligned bases: 32635  total: 712289

CONTIG: 1002_9056_199469 (9056bp)
		This contig is unaligned. (9056 bp)
		Unaligned bases: 9056  total: 721345

CONTIG: 600_30995_819088 (30995bp)
		This contig is unaligned. (30995 bp)
		Unaligned bases: 30995  total: 752340

CONTIG: 715_14241_363930 (14241bp)
		This contig is unaligned. (14241 bp)
		Unaligned bases: 14241  total: 766581

CONTIG: 872_1488_35029 (1488bp)
		This contig is unaligned. (1488 bp)
		Unaligned bases: 1488  total: 768069

CONTIG: 129_12015_298626 (12015bp)
		This contig is unaligned. (12015 bp)
		Unaligned bases: 12015  total: 780084

CONTIG: 130_10410_278767 (10410bp)
		This contig is unaligned. (10410 bp)
		Unaligned bases: 10410  total: 790494

CONTIG: 318_4827_120712 (4827bp)
		This contig is unaligned. (4827 bp)
		Unaligned bases: 4827  total: 795321

CONTIG: 592_1188_28474 (1188bp)
		This contig is unaligned. (1188 bp)
		Unaligned bases: 1188  total: 796509

CONTIG: 115_2150_45117 (2150bp)
		This contig is unaligned. (2150 bp)
		Unaligned bases: 2150  total: 798659

CONTIG: 381_48079_1214548 (48079bp)
		This contig is unaligned. (48079 bp)
		Unaligned bases: 48079  total: 846738

CONTIG: 835_12767_356399 (12767bp)
		This contig is unaligned. (12767 bp)
		Unaligned bases: 12767  total: 859505

CONTIG: 372_554_11367 (554bp)
		This contig is unaligned. (554 bp)
		Unaligned bases: 554  total: 860059

CONTIG: 423_18710_440862 (18710bp)
		This contig is unaligned. (18710 bp)
		Unaligned bases: 18710  total: 878769

CONTIG: 26_3169_67626 (3169bp)
		This contig is unaligned. (3169 bp)
		Unaligned bases: 3169  total: 881938

CONTIG: 325_23177_696893 (23177bp)
		This contig is unaligned. (23177 bp)
		Unaligned bases: 23177  total: 905115

CONTIG: 110_586_6386 (586bp)
		This contig is unaligned. (586 bp)
		Unaligned bases: 586  total: 905701

CONTIG: 921_2699_57583 (2699bp)
		This contig is unaligned. (2699 bp)
		Unaligned bases: 2699  total: 908400

CONTIG: 930_17805_468789 (17805bp)
		This contig is unaligned. (17805 bp)
		Unaligned bases: 17805  total: 926205

CONTIG: 655_5165_130414 (5165bp)
		This contig is unaligned. (5165 bp)
		Unaligned bases: 5165  total: 931370

CONTIG: 842_9189_227434 (9189bp)
		This contig is unaligned. (9189 bp)
		Unaligned bases: 9189  total: 940559

CONTIG: 135_34568_882934 (34568bp)
		This contig is unaligned. (34568 bp)
		Unaligned bases: 34568  total: 975127

CONTIG: 269_837_30180 (837bp)
		This contig is unaligned. (837 bp)
		Unaligned bases: 837  total: 975964

CONTIG: 335_22453_562433 (22453bp)
		This contig is unaligned. (22453 bp)
		Unaligned bases: 22453  total: 998417

CONTIG: 323_10212_264229 (10212bp)
		This contig is unaligned. (10212 bp)
		Unaligned bases: 10212  total: 1008629

CONTIG: 103_13610_356563 (13610bp)
		This contig is unaligned. (13610 bp)
		Unaligned bases: 13610  total: 1022239

CONTIG: 598_6942_175489 (6942bp)
		This contig is unaligned. (6942 bp)
		Unaligned bases: 6942  total: 1029181

CONTIG: 140_41566_1072206 (41566bp)
		This contig is unaligned. (41566 bp)
		Unaligned bases: 41566  total: 1070747

CONTIG: 465_17392_469634 (17392bp)
		This contig is unaligned. (17392 bp)
		Unaligned bases: 17392  total: 1088139

CONTIG: 825_16332_406744 (16332bp)
		This contig is unaligned. (16332 bp)
		Unaligned bases: 16332  total: 1104471

CONTIG: 513_49196_1274615 (49196bp)
		This contig is unaligned. (49196 bp)
		Unaligned bases: 49196  total: 1153667

CONTIG: 221_3469_75530 (3469bp)
		This contig is unaligned. (3469 bp)
		Unaligned bases: 3469  total: 1157136

CONTIG: 587_25960_676706 (25960bp)
		This contig is unaligned. (25960 bp)
		Unaligned bases: 25960  total: 1183096

CONTIG: 452_8731_226620 (8731bp)
		This contig is unaligned. (8731 bp)
		Unaligned bases: 8731  total: 1191827

CONTIG: 160_512_15550 (512bp)
		This contig is unaligned. (512 bp)
		Unaligned bases: 512  total: 1192339

CONTIG: 881_30879_825945 (30879bp)
		This contig is unaligned. (30879 bp)
		Unaligned bases: 30879  total: 1223218

CONTIG: 618_6524_168163 (6524bp)
		This contig is unaligned. (6524 bp)
		Unaligned bases: 6524  total: 1229742

CONTIG: 298_3115_82893 (3115bp)
		This contig is unaligned. (3115 bp)
		Unaligned bases: 3115  total: 1232857

CONTIG: 1088_841_25744_531+_..._547- (841bp)
		This contig is unaligned. (841 bp)
		Unaligned bases: 841  total: 1233698

CONTIG: 183_8531_214799 (8531bp)
		This contig is unaligned. (8531 bp)
		Unaligned bases: 8531  total: 1242229

CONTIG: 922_3804_112789 (3804bp)
		This contig is unaligned. (3804 bp)
		Unaligned bases: 3804  total: 1246033

CONTIG: 360_11754_661951 (11754bp)
		This contig is unaligned. (11754 bp)
		Unaligned bases: 11754  total: 1257787

CONTIG: 149_35711_910461 (35711bp)
		This contig is unaligned. (35711 bp)
		Unaligned bases: 35711  total: 1293498

CONTIG: 387_39436_1055955 (39436bp)
		This contig is unaligned. (39436 bp)
		Unaligned bases: 39436  total: 1332934

CONTIG: 217_9624_229294 (9624bp)
		This contig is unaligned. (9624 bp)
		Unaligned bases: 9624  total: 1342558

CONTIG: 263_6817_165014 (6817bp)
		This contig is unaligned. (6817 bp)
		Unaligned bases: 6817  total: 1349375

CONTIG: 795_33755_947595 (33755bp)
		This contig is unaligned. (33755 bp)
		Unaligned bases: 33755  total: 1383130

CONTIG: 24_16648_459562 (16648bp)
		This contig is unaligned. (16648 bp)
		Unaligned bases: 16648  total: 1399778

CONTIG: 358_545_39999 (545bp)
		This contig is unaligned. (545 bp)
		Unaligned bases: 545  total: 1400323

CONTIG: 19_9688_242721 (9688bp)
		This contig is unaligned. (9688 bp)
		Unaligned bases: 9688  total: 1410011

CONTIG: 4_2854_70593 (2854bp)
		This contig is unaligned. (2854 bp)
		Unaligned bases: 2854  total: 1412865

CONTIG: 1036_6229_143969 (6229bp)
		This contig is unaligned. (6229 bp)
		Unaligned bases: 6229  total: 1419094

CONTIG: 450_15260_695357 (15260bp)
		This contig is unaligned. (15260 bp)
		Unaligned bases: 15260  total: 1434354

CONTIG: 683_28695_703724 (28695bp)
		This contig is unaligned. (28695 bp)
		Unaligned bases: 28695  total: 1463049

CONTIG: 156_21647_526117 (21647bp)
		This contig is unaligned. (21647 bp)
		Unaligned bases: 21647  total: 1484696

CONTIG: 568_2771_190380 (2771bp)
Top Length: 2771  Top ID: 100.0
		One align captures most of this contig: 91591 94361 | 1 2771 | 2771 2771 | 100.0 | gi|125654605|ref|NC_009007.1|_Rhodobacter_sphaeroides_2.4.1_plasmid_A__partial_sequence 568_2771_190380

CONTIG: 790_1921_147574 (1921bp)
		This contig is unaligned. (1921 bp)
		Unaligned bases: 1921  total: 1486617

CONTIG: 447_8555_222550 (8555bp)
		This contig is unaligned. (8555 bp)
		Unaligned bases: 8555  total: 1495172

CONTIG: 1016_1010_37791 (1010bp)
		This contig is unaligned. (1010 bp)
		Unaligned bases: 1010  total: 1496182

CONTIG: 83_2509_151908 (2509bp)
		This contig is unaligned. (2509 bp)
		Unaligned bases: 2509  total: 1498691

CONTIG: 544_1424_37426 (1424bp)
		This contig is unaligned. (1424 bp)
		Unaligned bases: 1424  total: 1500115

CONTIG: 123_4105_108890 (4105bp)
		This contig is unaligned. (4105 bp)
		Unaligned bases: 4105  total: 1504220

CONTIG: 604_1416_39465 (1416bp)
		This contig is unaligned. (1416 bp)
		Unaligned bases: 1416  total: 1505636

CONTIG: 791_3233_95612 (3233bp)
		This contig is unaligned. (3233 bp)
		Unaligned bases: 3233  total: 1508869

CONTIG: 986_21558_560605 (21558bp)
		This contig is unaligned. (21558 bp)
		Unaligned bases: 21558  total: 1530427

CONTIG: 95_30215_787677 (30215bp)
		This contig is unaligned. (30215 bp)
		Unaligned bases: 30215  total: 1560642

CONTIG: 349_50613_1376120 (50613bp)
		This contig is unaligned. (50613 bp)
		Unaligned bases: 50613  total: 1611255

CONTIG: 866_25988_704077 (25988bp)
		This contig is unaligned. (25988 bp)
		Unaligned bases: 25988  total: 1637243

CONTIG: 943_5197_446137 (5197bp)
Top Length: 5195  Top ID: 100.0
		One align captures most of this contig: 108835 114029 | 5197 3 | 5195 5195 | 100.0 | gi|125654605|ref|NC_009007.1|_Rhodobacter_sphaeroides_2.4.1_plasmid_A__partial_sequence 943_5197_446137

CONTIG: 494_6580_144539 (6580bp)
		This contig is unaligned. (6580 bp)
		Unaligned bases: 6580  total: 1643823

CONTIG: 697_26690_723485 (26690bp)
		This contig is unaligned. (26690 bp)
		Unaligned bases: 26690  total: 1670513

CONTIG: 5_11958_318868 (11958bp)
		This contig is unaligned. (11958 bp)
		Unaligned bases: 11958  total: 1682471

CONTIG: 987_11951_323284 (11951bp)
		This contig is unaligned. (11951 bp)
		Unaligned bases: 11951  total: 1694422

CONTIG: 973_26920_724724 (26920bp)
		This contig is unaligned. (26920 bp)
		Unaligned bases: 26920  total: 1721342

CONTIG: 224_33423_835853 (33423bp)
		This contig is unaligned. (33423 bp)
		Unaligned bases: 33423  total: 1754765

CONTIG: 483_3501_64713 (3501bp)
		This contig is unaligned. (3501 bp)
		Unaligned bases: 3501  total: 1758266

CONTIG: 332_11383_287636 (11383bp)
		This contig is unaligned. (11383 bp)
		Unaligned bases: 11383  total: 1769649

CONTIG: 989_13054_918626 (13054bp)
Top Length: 13054  Top ID: 100.0
		One align captures most of this contig: 2681 15734 | 13054 1 | 13054 13054 | 100.0 | gi|125654605|ref|NC_009007.1|_Rhodobacter_sphaeroides_2.4.1_plasmid_A__partial_sequence 989_13054_918626

CONTIG: 944_16894_444317 (16894bp)
		This contig is unaligned. (16894 bp)
		Unaligned bases: 16894  total: 1786543

CONTIG: 801_2070_138253 (2070bp)
Top Length: 2070  Top ID: 100.0
		One align captures most of this contig: 495 2564 | 2070 1 | 2070 2070 | 100.0 | gi|125654605|ref|NC_009007.1|_Rhodobacter_sphaeroides_2.4.1_plasmid_A__partial_sequence 801_2070_138253

CONTIG: 962_5523_140069 (5523bp)
		This contig is unaligned. (5523 bp)
		Unaligned bases: 5523  total: 1792066

CONTIG: 622_25307_671993 (25307bp)
		This contig is unaligned. (25307 bp)
		Unaligned bases: 25307  total: 1817373

CONTIG: 264_4888_130253 (4888bp)
		This contig is unaligned. (4888 bp)
		Unaligned bases: 4888  total: 1822261

CONTIG: 187_4822_132951 (4822bp)
		This contig is unaligned. (4822 bp)
		Unaligned bases: 4822  total: 1827083

CONTIG: 873_27749_687277 (27749bp)
		This contig is unaligned. (27749 bp)
		Unaligned bases: 27749  total: 1854832

CONTIG: 425_671_9522 (671bp)
		This contig is unaligned. (671 bp)
		Unaligned bases: 671  total: 1855503

CONTIG: 275_693_15578 (693bp)
		This contig is unaligned. (693 bp)
		Unaligned bases: 693  total: 1856196

CONTIG: 977_11464_277400 (11464bp)
		This contig is unaligned. (11464 bp)
		Unaligned bases: 11464  total: 1867660

CONTIG: 589_3541_85554 (3541bp)
		This contig is unaligned. (3541 bp)
		Unaligned bases: 3541  total: 1871201

CONTIG: 233_44920_1098267 (44920bp)
		This contig is unaligned. (44920 bp)
		Unaligned bases: 44920  total: 1916121

CONTIG: 41_63979_1772132 (63979bp)
		This contig is unaligned. (63979 bp)
		Unaligned bases: 63979  total: 1980100

CONTIG: 22_11924_288201 (11924bp)
		This contig is unaligned. (11924 bp)
		Unaligned bases: 11924  total: 1992024

CONTIG: 291_25932_2245383 (25932bp)
		This contig is unaligned. (25932 bp)
		Unaligned bases: 25932  total: 2017956

CONTIG: 848_21202_540609 (21202bp)
		This contig is unaligned. (21202 bp)
		Unaligned bases: 21202  total: 2039158

CONTIG: 66_9422_755582 (9422bp)
Top Length: 9422  Top ID: 100.0
		One align captures most of this contig: 99409 108830 | 9422 1 | 9422 9422 | 100.0 | gi|125654605|ref|NC_009007.1|_Rhodobacter_sphaeroides_2.4.1_plasmid_A__partial_sequence 66_9422_755582

CONTIG: 166_14484_336325 (14484bp)
		This contig is unaligned. (14484 bp)
		Unaligned bases: 14484  total: 2053642

CONTIG: 137_11576_283581 (11576bp)
		This contig is unaligned. (11576 bp)
		Unaligned bases: 11576  total: 2065218

CONTIG: 219_1924_38032 (1924bp)
		This contig is unaligned. (1924 bp)
		Unaligned bases: 1924  total: 2067142

CONTIG: 453_4515_100965 (4515bp)
		This contig is unaligned. (4515 bp)
		Unaligned bases: 4515  total: 2071657

CONTIG: 1093_5646_742183_669-_793-_1028- (5646bp)
Top Length: 5646  Top ID: 99.93
		One align captures most of this contig: 72762 78407 | 1 5646 | 5646 5646 | 99.93 | gi|125654605|ref|NC_009007.1|_Rhodobacter_sphaeroides_2.4.1_plasmid_A__partial_sequence 1093_5646_742183_669-_793-_1028-

CONTIG: 420_16302_423273 (16302bp)
		This contig is unaligned. (16302 bp)
		Unaligned bases: 16302  total: 2087959

CONTIG: 251_609_17855 (609bp)
		This contig is unaligned. (609 bp)
		Unaligned bases: 609  total: 2088568

CONTIG: 396_11021_290469 (11021bp)
		This contig is unaligned. (11021 bp)
		Unaligned bases: 11021  total: 2099589

CONTIG: 580_36587_998885 (36587bp)
		This contig is unaligned. (36587 bp)
		Unaligned bases: 36587  total: 2136176

CONTIG: 1038_9704_244276 (9704bp)
		This contig is unaligned. (9704 bp)
		Unaligned bases: 9704  total: 2145880

CONTIG: 1001_635_12252 (635bp)
		This contig is unaligned. (635 bp)
		Unaligned bases: 635  total: 2146515

CONTIG: 976_5976_127134 (5976bp)
		This contig is unaligned. (5976 bp)
		Unaligned bases: 5976  total: 2152491

CONTIG: 69_2364_53852 (2364bp)
		This contig is unaligned. (2364 bp)
		Unaligned bases: 2364  total: 2154855

CONTIG: 314_32535_830169 (32535bp)
		This contig is unaligned. (32535 bp)
		Unaligned bases: 32535  total: 2187390

CONTIG: 27_6675_173665 (6675bp)
		This contig is unaligned. (6675 bp)
		Unaligned bases: 6675  total: 2194065

CONTIG: 890_8974_231301 (8974bp)
		This contig is unaligned. (8974 bp)
		Unaligned bases: 8974  total: 2203039

CONTIG: 451_2855_72590 (2855bp)
		This contig is unaligned. (2855 bp)
		Unaligned bases: 2855  total: 2205894

CONTIG: 147_13838_409150 (13838bp)
		This contig is unaligned. (13838 bp)
		Unaligned bases: 13838  total: 2219732

CONTIG: 101_37188_1270712 (37188bp)
		This contig is unaligned. (37188 bp)
		Unaligned bases: 37188  total: 2256920

CONTIG: 301_17614_462068 (17614bp)
		This contig is unaligned. (17614 bp)
		Unaligned bases: 17614  total: 2274534

CONTIG: 455_4971_124066 (4971bp)
		This contig is unaligned. (4971 bp)
		Unaligned bases: 4971  total: 2279505

CONTIG: 725_5360_153313 (5360bp)
		This contig is unaligned. (5360 bp)
		Unaligned bases: 5360  total: 2284865

CONTIG: 159_4899_135092 (4899bp)
		This contig is unaligned. (4899 bp)
		Unaligned bases: 4899  total: 2289764

CONTIG: 847_514_35451 (514bp)
		This contig is unaligned. (514 bp)
		Unaligned bases: 514  total: 2290278

CONTIG: 865_25387_698481 (25387bp)
		This contig is unaligned. (25387 bp)
		Unaligned bases: 25387  total: 2315665

CONTIG: 197_3884_88999 (3884bp)
		This contig is unaligned. (3884 bp)
		Unaligned bases: 3884  total: 2319549

CONTIG: 127_2200_68419 (2200bp)
		This contig is unaligned. (2200 bp)
		Unaligned bases: 2200  total: 2321749

CONTIG: 761_5270_128338 (5270bp)
		This contig is unaligned. (5270 bp)
		Unaligned bases: 5270  total: 2327019

CONTIG: 894_9348_233762 (9348bp)
		This contig is unaligned. (9348 bp)
		Unaligned bases: 9348  total: 2336367

CONTIG: 918_9089_229371 (9089bp)
		This contig is unaligned. (9089 bp)
		Unaligned bases: 9089  total: 2345456

CONTIG: 1041_7208_178741 (7208bp)
		This contig is unaligned. (7208 bp)
		Unaligned bases: 7208  total: 2352664

CONTIG: 297_7421_477124 (7421bp)
Top Length: 7421  Top ID: 100.0
		One align captures most of this contig: 16005 23425 | 1 7421 | 7421 7421 | 100.0 | gi|125654605|ref|NC_009007.1|_Rhodobacter_sphaeroides_2.4.1_plasmid_A__partial_sequence 297_7421_477124

CONTIG: 31_11706_312014 (11706bp)
		This contig is unaligned. (11706 bp)
		Unaligned bases: 11706  total: 2364370

CONTIG: 394_933_47650 (933bp)
Top Length: 933  Top ID: 100.0
		One align captures most of this contig: 70768 71700 | 1 933 | 933 933 | 100.0 | gi|125654605|ref|NC_009007.1|_Rhodobacter_sphaeroides_2.4.1_plasmid_A__partial_sequence 394_933_47650

CONTIG: 186_1596_119576 (1596bp)
Top Length: 1596  Top ID: 100.0
		One align captures most of this contig: 81400 82995 | 1596 1 | 1596 1596 | 100.0 | gi|125654605|ref|NC_009007.1|_Rhodobacter_sphaeroides_2.4.1_plasmid_A__partial_sequence 186_1596_119576

CONTIG: 611_4545_123137 (4545bp)
		This contig is unaligned. (4545 bp)
		Unaligned bases: 4545  total: 2368915

CONTIG: 320_2399_58683 (2399bp)
		This contig is unaligned. (2399 bp)
		Unaligned bases: 2399  total: 2371314

CONTIG: 950_59779_3139423 (59779bp)
		This contig is unaligned. (59779 bp)
		Unaligned bases: 59779  total: 2431093

CONTIG: 523_1616_40442 (1616bp)
		This contig is unaligned. (1616 bp)
		Unaligned bases: 1616  total: 2432709

CONTIG: 1087_1290_50925_429-_..._799- (1290bp)
		This contig is unaligned. (1290 bp)
		Unaligned bases: 1290  total: 2433999

CONTIG: 315_11997_298265 (11997bp)
		This contig is unaligned. (11997 bp)
		Unaligned bases: 11997  total: 2445996

CONTIG: 303_22413_556152 (22413bp)
		This contig is unaligned. (22413 bp)
		Unaligned bases: 22413  total: 2468409

CONTIG: 897_6954_189408 (6954bp)
		This contig is unaligned. (6954 bp)
		Unaligned bases: 6954  total: 2475363

CONTIG: 993_11675_329885 (11675bp)
		This contig is unaligned. (11675 bp)
		Unaligned bases: 11675  total: 2487038

CONTIG: 942_3520_152444 (3520bp)
		This contig is unaligned. (3520 bp)
		Unaligned bases: 3520  total: 2490558

CONTIG: 800_7546_210273 (7546bp)
		This contig is unaligned. (7546 bp)
		Unaligned bases: 7546  total: 2498104

CONTIG: 15_31562_817211 (31562bp)
		This contig is unaligned. (31562 bp)
		Unaligned bases: 31562  total: 2529666

CONTIG: 994_21441_546570 (21441bp)
		This contig is unaligned. (21441 bp)
		Unaligned bases: 21441  total: 2551107

CONTIG: 98_1796_45752 (1796bp)
		This contig is unaligned. (1796 bp)
		Unaligned bases: 1796  total: 2552903

CONTIG: 52_22228_567562 (22228bp)
		This contig is unaligned. (22228 bp)
		Unaligned bases: 22228  total: 2575131

CONTIG: 84_1077_82129 (1077bp)
Top Length: 1077  Top ID: 100.0
		One align captures most of this contig: 84586 85662 | 1077 1 | 1077 1077 | 100.0 | gi|125654605|ref|NC_009007.1|_Rhodobacter_sphaeroides_2.4.1_plasmid_A__partial_sequence 84_1077_82129

CONTIG: 998_1087_81090 (1087bp)
Top Length: 1087  Top ID: 100.0
		One align captures most of this contig: 87370 88456 | 1087 1 | 1087 1087 | 100.0 | gi|125654605|ref|NC_009007.1|_Rhodobacter_sphaeroides_2.4.1_plasmid_A__partial_sequence 998_1087_81090

CONTIG: 327_5959_157443 (5959bp)
		This contig is unaligned. (5959 bp)
		Unaligned bases: 5959  total: 2581090

CONTIG: 64_38246_1016943 (38246bp)
		This contig is unaligned. (38246 bp)
		Unaligned bases: 38246  total: 2619336

CONTIG: 553_19524_520744 (19524bp)
		This contig is unaligned. (19524 bp)
		Unaligned bases: 19524  total: 2638860

CONTIG: 40_5683_154876 (5683bp)
		This contig is unaligned. (5683 bp)
		Unaligned bases: 5683  total: 2644543

CONTIG: 179_1504_29965 (1504bp)
		This contig is unaligned. (1504 bp)
		Unaligned bases: 1504  total: 2646047

CONTIG: 999_561_15531 (561bp)
		This contig is unaligned. (561 bp)
		Unaligned bases: 561  total: 2646608

CONTIG: 1066_899_17806 (899bp)
		This contig is unaligned. (899 bp)
		Unaligned bases: 899  total: 2647507

CONTIG: 330_18316_815771 (18316bp)
		This contig is unaligned. (18316 bp)
		Unaligned bases: 18316  total: 2665823

CONTIG: 1091_1506_45643_606-_..._802- (1506bp)
		This contig is unaligned. (1506 bp)
		Unaligned bases: 1506  total: 2667329

CONTIG: 705_37903_1108089 (37903bp)
		This contig is unaligned. (37903 bp)
		Unaligned bases: 37903  total: 2705232

CONTIG: 475_13579_329679 (13579bp)
		This contig is unaligned. (13579 bp)
		Unaligned bases: 13579  total: 2718811

CONTIG: 348_700_45777 (700bp)
Top Length: 700  Top ID: 100.0
		One align captures most of this contig: 23542 24241 | 700 1 | 700 700 | 100.0 | gi|125654605|ref|NC_009007.1|_Rhodobacter_sphaeroides_2.4.1_plasmid_A__partial_sequence 348_700_45777

CONTIG: 340_5561_140752 (5561bp)
		This contig is unaligned. (5561 bp)
		Unaligned bases: 5561  total: 2724372

CONTIG: 491_19218_506546 (19218bp)
		This contig is unaligned. (19218 bp)
		Unaligned bases: 19218  total: 2743590

CONTIG: 836_7018_207131 (7018bp)
		This contig is unaligned. (7018 bp)
		Unaligned bases: 7018  total: 2750608

CONTIG: 131_3032_94633 (3032bp)
		This contig is unaligned. (3032 bp)
		Unaligned bases: 3032  total: 2753640

CONTIG: 384_731_54212 (731bp)
		This contig is unaligned. (731 bp)
		Unaligned bases: 731  total: 2754371

CONTIG: 926_21307_557649 (21307bp)
		This contig is unaligned. (21307 bp)
		Unaligned bases: 21307  total: 2775678

CONTIG: 704_3914_91949 (3914bp)
		This contig is unaligned. (3914 bp)
		Unaligned bases: 3914  total: 2779592

CONTIG: 144_45728_1226561 (45728bp)
		This contig is unaligned. (45728 bp)
		Unaligned bases: 45728  total: 2825320

CONTIG: 195_71578_1881665 (71578bp)
		This contig is unaligned. (71578 bp)
		Unaligned bases: 71578  total: 2896898

CONTIG: 265_10344_256373 (10344bp)
		This contig is unaligned. (10344 bp)
		Unaligned bases: 10344  total: 2907242

CONTIG: 686_2551_59407 (2551bp)
		This contig is unaligned. (2551 bp)
		Unaligned bases: 2551  total: 2909793

CONTIG: 8_634_49313 (634bp)
Top Length: 634  Top ID: 100.0
		One align captures most of this contig: 88420 89053 | 634 1 | 634 634 | 100.0 | gi|125654605|ref|NC_009007.1|_Rhodobacter_sphaeroides_2.4.1_plasmid_A__partial_sequence 8_634_49313

CONTIG: 753_645_13273 (645bp)
		This contig is unaligned. (645 bp)
		Unaligned bases: 645  total: 2910438

CONTIG: 852_5541_141922 (5541bp)
		This contig is unaligned. (5541 bp)
		Unaligned bases: 5541  total: 2915979

CONTIG: 357_23752_583399 (23752bp)
		This contig is unaligned. (23752 bp)
		Unaligned bases: 23752  total: 2939731

CONTIG: 480_17458_470777 (17458bp)
		This contig is unaligned. (17458 bp)
		Unaligned bases: 17458  total: 2957189

CONTIG: 148_21039_558210 (21039bp)
		This contig is unaligned. (21039 bp)
		Unaligned bases: 21039  total: 2978228

CONTIG: 126_1716_52289 (1716bp)
		This contig is unaligned. (1716 bp)
		Unaligned bases: 1716  total: 2979944

CONTIG: 1078_707_18519_271-_..._1013- (707bp)
		This contig is unaligned. (707 bp)
		Unaligned bases: 707  total: 2980651

CONTIG: 1057_18906_422542 (18906bp)
		This contig is unaligned. (18906 bp)
		Unaligned bases: 18906  total: 2999557

CONTIG: 498_2256_151462 (2256bp)
		This contig is unaligned. (2256 bp)
		Unaligned bases: 2256  total: 3001813

CONTIG: 39_5193_118309 (5193bp)
		This contig is unaligned. (5193 bp)
		Unaligned bases: 5193  total: 3007006

CONTIG: 575_4107_104479 (4107bp)
		This contig is unaligned. (4107 bp)
		Unaligned bases: 4107  total: 3011113

CONTIG: 728_5688_138939 (5688bp)
		This contig is unaligned. (5688 bp)
		Unaligned bases: 5688  total: 3016801

CONTIG: 1_9331_261925 (9331bp)
		This contig is unaligned. (9331 bp)
		Unaligned bases: 9331  total: 3026132

CONTIG: 108_7880_206436 (7880bp)
		This contig is unaligned. (7880 bp)
		Unaligned bases: 7880  total: 3034012

CONTIG: 477_16154_433813 (16154bp)
		This contig is unaligned. (16154 bp)
		Unaligned bases: 16154  total: 3050166

CONTIG: 82_7020_167772 (7020bp)
		This contig is unaligned. (7020 bp)
		Unaligned bases: 7020  total: 3057186

CONTIG: 821_22444_586092 (22444bp)
		This contig is unaligned. (22444 bp)
		Unaligned bases: 22444  total: 3079630

CONTIG: 605_2243_154052 (2243bp)
Top Length: 2243  Top ID: 100.0
		One align captures most of this contig: 40005 42247 | 1 2243 | 2243 2243 | 100.0 | gi|125654605|ref|NC_009007.1|_Rhodobacter_sphaeroides_2.4.1_plasmid_A__partial_sequence 605_2243_154052

CONTIG: 460_503_11904 (503bp)
		This contig is unaligned. (503 bp)
		Unaligned bases: 503  total: 3080133

CONTIG: 746_25367_1117727 (25367bp)
Top Length: 503  Top ID: 97.42
		This contig is partially unaligned. (503 out of 25367)
		Alignment: 64464 64967 | 4490 4992 | 504 503 | 97.42 | gi|125654605|ref|NC_009007.1|_Rhodobacter_sphaeroides_2.4.1_plasmid_A__partial_sequence 746_25367_1117727
		Unaligned bases: 1 to 4489 (4489)
		Unaligned bases: 4993 to 25367 (20375)
		This contig has both significant aligned and unaligned parts (of length >= min-contig)!

CONTIG: 322_15036_391908 (15036bp)
		This contig is unaligned. (15036 bp)
		Unaligned bases: 15036  total: 3095169

CONTIG: 398_7933_223098 (7933bp)
		This contig is unaligned. (7933 bp)
		Unaligned bases: 7933  total: 3103102

CONTIG: 532_7229_156549 (7229bp)
		This contig is unaligned. (7229 bp)
		Unaligned bases: 7229  total: 3110331

CONTIG: 916_9576_641867 (9576bp)
Top Length: 9576  Top ID: 100.0
		One align captures most of this contig: 30319 39894 | 9576 1 | 9576 9576 | 100.0 | gi|125654605|ref|NC_009007.1|_Rhodobacter_sphaeroides_2.4.1_plasmid_A__partial_sequence 916_9576_641867

CONTIG: 478_5033_286806 (5033bp)
Top Length: 5033  Top ID: 100.0
		One align captures most of this contig: 65579 70611 | 1 5033 | 5033 5033 | 100.0 | gi|125654605|ref|NC_009007.1|_Rhodobacter_sphaeroides_2.4.1_plasmid_A__partial_sequence 478_5033_286806

CONTIG: 969_1222_29112 (1222bp)
		This contig is unaligned. (1222 bp)
		Unaligned bases: 1222  total: 3111553

CONTIG: 804_582_14228 (582bp)
		This contig is unaligned. (582 bp)
		Unaligned bases: 582  total: 3112135

CONTIG: 764_24314_646310 (24314bp)
		This contig is unaligned. (24314 bp)
		Unaligned bases: 24314  total: 3136449

CONTIG: 88_7035_180849 (7035bp)
		This contig is unaligned. (7035 bp)
		Unaligned bases: 7035  total: 3143484

CONTIG: 376_13363_314857 (13363bp)
		This contig is unaligned. (13363 bp)
		Unaligned bases: 13363  total: 3156847

CONTIG: 94_10182_249727 (10182bp)
		This contig is unaligned. (10182 bp)
		Unaligned bases: 10182  total: 3167029

CONTIG: 975_6355_159563 (6355bp)
		This contig is unaligned. (6355 bp)
		Unaligned bases: 6355  total: 3173384

CONTIG: 201_550_10499 (550bp)
		This contig is unaligned. (550 bp)
		Unaligned bases: 550  total: 3173934

CONTIG: 243_1151_61858 (1151bp)
		This contig is unaligned. (1151 bp)
		Unaligned bases: 1151  total: 3175085

CONTIG: 256_33555_941129 (33555bp)
		This contig is unaligned. (33555 bp)
		Unaligned bases: 33555  total: 3208640

CONTIG: 657_1134_35486 (1134bp)
		This contig is unaligned. (1134 bp)
		Unaligned bases: 1134  total: 3209774

CONTIG: 687_24272_653551 (24272bp)
		This contig is unaligned. (24272 bp)
		Unaligned bases: 24272  total: 3234046

CONTIG: 570_16584_405508 (16584bp)
		This contig is unaligned. (16584 bp)
		Unaligned bases: 16584  total: 3250630

CONTIG: 54_2060_62491 (2060bp)
		This contig is unaligned. (2060 bp)
		Unaligned bases: 2060  total: 3252690

CONTIG: 299_649_15194 (649bp)
		This contig is unaligned. (649 bp)
		Unaligned bases: 649  total: 3253339

CONTIG: 578_1797_49753 (1797bp)
		This contig is unaligned. (1797 bp)
		Unaligned bases: 1797  total: 3255136

CONTIG: 342_7328_179079 (7328bp)
		This contig is unaligned. (7328 bp)
		Unaligned bases: 7328  total: 3262464

CONTIG: 880_9283_254500 (9283bp)
		This contig is unaligned. (9283 bp)
		Unaligned bases: 9283  total: 3271747

CONTIG: 1040_5453_141943 (5453bp)
		This contig is unaligned. (5453 bp)
		Unaligned bases: 5453  total: 3277200

CONTIG: 281_6989_160235 (6989bp)
		This contig is unaligned. (6989 bp)
		Unaligned bases: 6989  total: 3284189

CONTIG: 965_16298_397907 (16298bp)
		This contig is unaligned. (16298 bp)
		Unaligned bases: 16298  total: 3300487

CONTIG: 163_26081_1349033 (26081bp)
		This contig is unaligned. (26081 bp)
		Unaligned bases: 26081  total: 3326568

CONTIG: 738_1103_25726 (1103bp)
		This contig is unaligned. (1103 bp)
		Unaligned bases: 1103  total: 3327671

CONTIG: 896_12741_330194 (12741bp)
		This contig is unaligned. (12741 bp)
		Unaligned bases: 12741  total: 3340412

CONTIG: 851_16279_430636 (16279bp)
		This contig is unaligned. (16279 bp)
		Unaligned bases: 16279  total: 3356691

CONTIG: 112_45526_1155854 (45526bp)
		This contig is unaligned. (45526 bp)
		Unaligned bases: 45526  total: 3402217

CONTIG: 203_14354_382577 (14354bp)
		This contig is unaligned. (14354 bp)
		Unaligned bases: 14354  total: 3416571

CONTIG: 823_9116_222580 (9116bp)
		This contig is unaligned. (9116 bp)
		Unaligned bases: 9116  total: 3425687

CONTIG: 267_918_29858 (918bp)
		This contig is unaligned. (918 bp)
		Unaligned bases: 918  total: 3426605

CONTIG: 56_8604_208063 (8604bp)
		This contig is unaligned. (8604 bp)
		Unaligned bases: 8604  total: 3435209

CONTIG: 974_3525_83323 (3525bp)
		This contig is unaligned. (3525 bp)
		Unaligned bases: 3525  total: 3438734

CONTIG: 696_1403_30323 (1403bp)
		This contig is unaligned. (1403 bp)
		Unaligned bases: 1403  total: 3440137

CONTIG: 616_5407_128322 (5407bp)
		This contig is unaligned. (5407 bp)
		Unaligned bases: 5407  total: 3445544

CONTIG: 516_14854_404838 (14854bp)
		This contig is unaligned. (14854 bp)
		Unaligned bases: 14854  total: 3460398

CONTIG: 419_13290_708433 (13290bp)
		This contig is unaligned. (13290 bp)
		Unaligned bases: 13290  total: 3473688

CONTIG: 490_10277_267949 (10277bp)
		This contig is unaligned. (10277 bp)
		Unaligned bases: 10277  total: 3483965

CONTIG: 955_2976_70761 (2976bp)
		This contig is unaligned. (2976 bp)
		Unaligned bases: 2976  total: 3486941

CONTIG: 519_10985_264349 (10985bp)
		This contig is unaligned. (10985 bp)
		Unaligned bases: 10985  total: 3497926

CONTIG: 1010_11736_277469 (11736bp)
		This contig is unaligned. (11736 bp)
		Unaligned bases: 11736  total: 3509662

CONTIG: 1006_9109_227640 (9109bp)
		This contig is unaligned. (9109 bp)
		Unaligned bases: 9109  total: 3518771

CONTIG: 822_541_8777 (541bp)
		This contig is unaligned. (541 bp)
		Unaligned bases: 541  total: 3519312

CONTIG: 673_37644_988157 (37644bp)
		This contig is unaligned. (37644 bp)
		Unaligned bases: 37644  total: 3556956

CONTIG: 38_13125_346217 (13125bp)
		This contig is unaligned. (13125 bp)
		Unaligned bases: 13125  total: 3570081

CONTIG: 539_2009_60380 (2009bp)
		This contig is unaligned. (2009 bp)
		Unaligned bases: 2009  total: 3572090

CONTIG: 173_2806_136594 (2806bp)
		This contig is unaligned. (2806 bp)
		Unaligned bases: 2806  total: 3574896

CONTIG: 487_10219_259926 (10219bp)
		This contig is unaligned. (10219 bp)
		Unaligned bases: 10219  total: 3585115

CONTIG: 1045_7375_192401 (7375bp)
		This contig is unaligned. (7375 bp)
		Unaligned bases: 7375  total: 3592490

CONTIG: 641_63866_1702263 (63866bp)
		This contig is unaligned. (63866 bp)
		Unaligned bases: 63866  total: 3656356

CONTIG: 1007_1861_169706 (1861bp)
		This contig is unaligned. (1861 bp)
		Unaligned bases: 1861  total: 3658217

CONTIG: 1074_2417_267179_116-_..._548+ (2417bp)
Top Length: 2417  Top ID: 99.75
		One align captures most of this contig: 78497 80913 | 2417 1 | 2417 2417 | 99.75 | gi|125654605|ref|NC_009007.1|_Rhodobacter_sphaeroides_2.4.1_plasmid_A__partial_sequence 1074_2417_267179_116-_..._548+

CONTIG: 759_5587_132518 (5587bp)
		This contig is unaligned. (5587 bp)
		Unaligned bases: 5587  total: 3663804

CONTIG: 462_11804_973804 (11804bp)
		This contig is unaligned. (11804 bp)
		Unaligned bases: 11804  total: 3675608

CONTIG: 509_23428_566079 (23428bp)
		This contig is unaligned. (23428 bp)
		Unaligned bases: 23428  total: 3699036

CONTIG: 441_6845_175641 (6845bp)
		This contig is unaligned. (6845 bp)
		Unaligned bases: 6845  total: 3705881

CONTIG: 840_4179_110296 (4179bp)
		This contig is unaligned. (4179 bp)
		Unaligned bases: 4179  total: 3710060

CONTIG: 742_607_13455 (607bp)
		This contig is unaligned. (607 bp)
		Unaligned bases: 607  total: 3710667

CONTIG: 1077_4018_338378_209+_..._617+ (4018bp)
		This contig is unaligned. (4018 bp)
		Unaligned bases: 4018  total: 3714685

CONTIG: 584_24180_628670 (24180bp)
		This contig is unaligned. (24180 bp)
		Unaligned bases: 24180  total: 3738865

CONTIG: 695_657_14884 (657bp)
		This contig is unaligned. (657 bp)
		Unaligned bases: 657  total: 3739522

CONTIG: 86_9565_249223 (9565bp)
		This contig is unaligned. (9565 bp)
		Unaligned bases: 9565  total: 3749087

CONTIG: 7_15089_711777 (15089bp)
		This contig is unaligned. (15089 bp)
		Unaligned bases: 15089  total: 3764176

CONTIG: 740_6853_165398 (6853bp)
		This contig is unaligned. (6853 bp)
		Unaligned bases: 6853  total: 3771029

CONTIG: 735_4564_102185 (4564bp)
		This contig is unaligned. (4564 bp)
		Unaligned bases: 4564  total: 3775593

CONTIG: 310_5782_143910 (5782bp)
		This contig is unaligned. (5782 bp)
		Unaligned bases: 5782  total: 3781375

CONTIG: 68_8932_193797 (8932bp)
		This contig is unaligned. (8932 bp)
		Unaligned bases: 8932  total: 3790307

CONTIG: 279_39789_1015099 (39789bp)
		This contig is unaligned. (39789 bp)
		Unaligned bases: 39789  total: 3830096

CONTIG: 877_6005_150663 (6005bp)
		This contig is unaligned. (6005 bp)
		Unaligned bases: 6005  total: 3836101

CONTIG: 214_11619_322354 (11619bp)
		This contig is unaligned. (11619 bp)
		Unaligned bases: 11619  total: 3847720

CONTIG: 1012_22050_537970 (22050bp)
		This contig is unaligned. (22050 bp)
		Unaligned bases: 22050  total: 3869770

CONTIG: 416_3525_208283 (3525bp)
		This contig is unaligned. (3525 bp)
		Unaligned bases: 3525  total: 3873295

CONTIG: 260_3423_86548 (3423bp)
		This contig is unaligned. (3423 bp)
		Unaligned bases: 3423  total: 3876718

CONTIG: 482_24908_669308 (24908bp)
		This contig is unaligned. (24908 bp)
		Unaligned bases: 24908  total: 3901626

CONTIG: 311_964_19468 (964bp)
		This contig is unaligned. (964 bp)
		Unaligned bases: 964  total: 3902590

CONTIG: 91_8486_237510 (8486bp)
		This contig is unaligned. (8486 bp)
		Unaligned bases: 8486  total: 3911076

CONTIG: 953_500_49351 (500bp)
		This contig is unaligned. (500 bp)
		Unaligned bases: 500  total: 3911576

CONTIG: 879_9433_250574 (9433bp)
		This contig is unaligned. (9433 bp)
		Unaligned bases: 9433  total: 3921009

CONTIG: 979_575_15839 (575bp)
		This contig is unaligned. (575 bp)
		Unaligned bases: 575  total: 3921584

CONTIG: 904_515_20329 (515bp)
		This contig is unaligned. (515 bp)
		Unaligned bases: 515  total: 3922099

CONTIG: 427_10628_277778 (10628bp)
		This contig is unaligned. (10628 bp)
		Unaligned bases: 10628  total: 3932727

CONTIG: 1083_934_86756_352-_888+_629- (934bp)
Top Length: 934  Top ID: 98.93
		One align captures most of this contig: 71653 72586 | 934 1 | 934 934 | 98.93 | gi|125654605|ref|NC_009007.1|_Rhodobacter_sphaeroides_2.4.1_plasmid_A__partial_sequence 1083_934_86756_352-_888+_629-

CONTIG: 805_27255_714188 (27255bp)
		This contig is unaligned. (27255 bp)
		Unaligned bases: 27255  total: 3959982

CONTIG: 33_20225_513203 (20225bp)
		This contig is unaligned. (20225 bp)
		Unaligned bases: 20225  total: 3980207

CONTIG: 259_10514_251629 (10514bp)
		This contig is unaligned. (10514 bp)
		Unaligned bases: 10514  total: 3990721

CONTIG: 536_10602_269230 (10602bp)
		This contig is unaligned. (10602 bp)
		Unaligned bases: 10602  total: 4001323

CONTIG: 1080_630_53140_302+_..._690+ (630bp)
Top Length: 630  Top ID: 98.73
		Marking as insignificant: 28067 28696 | 630 1 | 630 630 | 95.71 | gi|125654605|ref|NC_009007.1|_Rhodobacter_sphaeroides_2.4.1_plasmid_A__partial_sequence 1080_630_53140_302+_..._690+
		One align captures most of this contig: 27389 28018 | 630 1 | 630 630 | 98.73 | gi|125654605|ref|NC_009007.1|_Rhodobacter_sphaeroides_2.4.1_plasmid_A__partial_sequence 1080_630_53140_302+_..._690+

CONTIG: 13_7186_187517 (7186bp)
		This contig is unaligned. (7186 bp)
		Unaligned bases: 7186  total: 4008509

CONTIG: 694_3638_81660 (3638bp)
		This contig is unaligned. (3638 bp)
		Unaligned bases: 3638  total: 4012147

CONTIG: 437_4424_116157 (4424bp)
		This contig is unaligned. (4424 bp)
		Unaligned bases: 4424  total: 4016571

CONTIG: 14_20189_528652 (20189bp)
		This contig is unaligned. (20189 bp)
		Unaligned bases: 20189  total: 4036760

CONTIG: 1082_2103_53427_341-_..._860- (2103bp)
		This contig is unaligned. (2103 bp)
		Unaligned bases: 2103  total: 4038863

CONTIG: 415_24651_1862222 (24651bp)
Top Length: 22066  Top ID: 100.0
		This contig is partially unaligned. (22066 out of 24651)
		Alignment: 42398 64463 | 24651 2586 | 22066 22066 | 100.0 | gi|125654605|ref|NC_009007.1|_Rhodobacter_sphaeroides_2.4.1_plasmid_A__partial_sequence 415_24651_1862222
		Unaligned bases: 1 to 2585 (2585)
		This contig has both significant aligned and unaligned parts (of length >= min-contig)!

CONTIG: 2_36082_958103 (36082bp)
		This contig is unaligned. (36082 bp)
		Unaligned bases: 36082  total: 4074945

CONTIG: 785_2153_39525 (2153bp)
		This contig is unaligned. (2153 bp)
		Unaligned bases: 2153  total: 4077098

CONTIG: 388_1606_428105 (1606bp)
Top Length: 657  Top ID: 99.85
		This contig is partially unaligned. (657 out of 1606)
		Alignment: 90982 91637 | 950 1606 | 656 657 | 99.85 | gi|125654605|ref|NC_009007.1|_Rhodobacter_sphaeroides_2.4.1_plasmid_A__partial_sequence 388_1606_428105
		Unaligned bases: 1 to 949 (949)
		This contig has both significant aligned and unaligned parts (of length >= min-contig)!

CONTIG: 418_12221_691544 (12221bp)
		This contig is unaligned. (12221 bp)
		Unaligned bases: 12221  total: 4089319

CONTIG: 193_8180_201827 (8180bp)
		This contig is unaligned. (8180 bp)
		Unaligned bases: 8180  total: 4097499

CONTIG: 1070_2722_64466 (2722bp)
		This contig is unaligned. (2722 bp)
		Unaligned bases: 2722  total: 4100221

CONTIG: 368_3374_88815 (3374bp)
		This contig is unaligned. (3374 bp)
		Unaligned bases: 3374  total: 4103595

CONTIG: 597_19376_520428 (19376bp)
		This contig is unaligned. (19376 bp)
		Unaligned bases: 19376  total: 4122971

CONTIG: 458_1722_81545 (1722bp)
		This contig is unaligned. (1722 bp)
		Unaligned bases: 1722  total: 4124693

CONTIG: 830_1572_35227 (1572bp)
		This contig is unaligned. (1572 bp)
		Unaligned bases: 1572  total: 4126265

CONTIG: 807_16050_430773 (16050bp)
		This contig is unaligned. (16050 bp)
		Unaligned bases: 16050  total: 4142315

CONTIG: 637_6754_174198 (6754bp)
		This contig is unaligned. (6754 bp)
		Unaligned bases: 6754  total: 4149069

CONTIG: 982_25511_668585 (25511bp)
		This contig is unaligned. (25511 bp)
		Unaligned bases: 25511  total: 4174580

CONTIG: 371_1172_57389 (1172bp)
		This contig is unaligned. (1172 bp)
		Unaligned bases: 1172  total: 4175752

CONTIG: 337_2117_55749 (2117bp)
		This contig is unaligned. (2117 bp)
		Unaligned bases: 2117  total: 4177869

CONTIG: 898_612_17232 (612bp)
		This contig is unaligned. (612 bp)
		Unaligned bases: 612  total: 4178481

CONTIG: 859_512_12756 (512bp)
		This contig is unaligned. (512 bp)
		Unaligned bases: 512  total: 4178993

CONTIG: 766_18662_449329 (18662bp)
		This contig is unaligned. (18662 bp)
		Unaligned bases: 18662  total: 4197655

CONTIG: 146_17421_441500 (17421bp)
		This contig is unaligned. (17421 bp)
		Unaligned bases: 17421  total: 4215076

CONTIG: 472_5818_148798 (5818bp)
		This contig is unaligned. (5818 bp)
		Unaligned bases: 5818  total: 4220894

CONTIG: 362_771_33128 (771bp)
		This contig is unaligned. (771 bp)
		Unaligned bases: 771  total: 4221665

CONTIG: 46_1303_75937 (1303bp)
Top Length: 1303  Top ID: 100.0
		One align captures most of this contig: 86076 87378 | 1303 1 | 1303 1303 | 100.0 | gi|125654605|ref|NC_009007.1|_Rhodobacter_sphaeroides_2.4.1_plasmid_A__partial_sequence 46_1303_75937

CONTIG: 336_835_14338 (835bp)
		This contig is unaligned. (835 bp)
		Unaligned bases: 835  total: 4222500

CONTIG: 571_2286_37324 (2286bp)
		This contig is unaligned. (2286 bp)
		Unaligned bases: 2286  total: 4224786

CONTIG: 402_30779_864162 (30779bp)
		This contig is unaligned. (30779 bp)
		Unaligned bases: 30779  total: 4255565

CONTIG: 524_17601_526315 (17601bp)
		This contig is unaligned. (17601 bp)
		Unaligned bases: 17601  total: 4273166

CONTIG: 1014_3132_85216 (3132bp)
		This contig is unaligned. (3132 bp)
		Unaligned bases: 3132  total: 4276298

CONTIG: 42_2480_66061 (2480bp)
		This contig is unaligned. (2480 bp)
		Unaligned bases: 2480  total: 4278778

CONTIG: 970_3341_203186 (3341bp)
Top Length: 3341  Top ID: 100.0
		One align captures most of this contig: 94550 97890 | 3341 1 | 3341 3341 | 100.0 | gi|125654605|ref|NC_009007.1|_Rhodobacter_sphaeroides_2.4.1_plasmid_A__partial_sequence 970_3341_203186

CONTIG: 1020_33368_880378 (33368bp)
		This contig is unaligned. (33368 bp)
		Unaligned bases: 33368  total: 4312146

CONTIG: 399_9806_242035 (9806bp)
		This contig is unaligned. (9806 bp)
		Unaligned bases: 9806  total: 4321952

CONTIG: 662_11951_299898 (11951bp)
		This contig is unaligned. (11951 bp)
		Unaligned bases: 11951  total: 4333903

CONTIG: 128_12755_266462 (12755bp)
		This contig is unaligned. (12755 bp)
		Unaligned bases: 12755  total: 4346658

CONTIG: 63_1218_21539 (1218bp)
		This contig is unaligned. (1218 bp)
		Unaligned bases: 1218  total: 4347876

Analyzing coverage...
Writing SNPs into /usit/invitro/data/galaxy/master/sabbai/galaxy-dist/database/job_working_directory/000/732/dataset_769_files/contigs_reports/nucmer_output/RS-M-Abyss.used_snps
	Reference gi|125654605|ref|NC_009007.1|_Rhodobacter_sphaeroides_2.4.1_plasmid_A__partial_sequence: 28 total alignments. 1 total regions.
		Region: 1 to 114045 (114045 bp)
			START in gap: 1 to 495 (494 bp)
			Align 1: 495 2564 801_2070_138253 2070 1
				Gap between this and next alignment: 2564 to 2681 (116 bp)
				Next Alignment: 2681 15734 989_13054_918626 13054 1

			Align 2: 2681 15734 989_13054_918626 13054 1
				Gap between this and next alignment: 15734 to 16005 (270 bp)
				Next Alignment: 16005 23425 297_7421_477124 1 7421

			Align 3: 16005 23425 297_7421_477124 1 7421
				Gap between this and next alignment: 23425 to 23542 (116 bp)
				Next Alignment: 23542 24241 348_700_45777 700 1

			Align 4: 23542 24241 348_700_45777 700 1
				Gap between this and next alignment: 24241 to 24358 (116 bp)
				Next Alignment: 24358 27399 10_3042_209279 3042 1

			Align 5: 24358 27399 10_3042_209279 3042 1
				Negative gap (overlap) between this and next alignment: 27399 to 27389 (-10 bp)
				Next Alignment: 27389 28018 1080_630_53140_302+_..._690+ 630 1

			Previous gap was negative, modifying coordinates to ignore overlap
				Moving contig start from 630 to 619.
			Align 6: 27400 28018 1080_630_53140_302+_..._690+ 619 1
				Gap between this and next alignment: 28018 to 28649 (630 bp)
				Next Alignment: 28649 30315 157_1714_111834 1714 48

			Align 7: 28649 30315 157_1714_111834 1714 48
				Gap between this and next alignment: 30315 to 30319 (3 bp)
				Next Alignment: 30319 39894 916_9576_641867 9576 1

			Align 8: 30319 39894 916_9576_641867 9576 1
				Gap between this and next alignment: 39894 to 40005 (110 bp)
				Next Alignment: 40005 42247 605_2243_154052 1 2243

			Align 9: 40005 42247 605_2243_154052 1 2243
				Gap between this and next alignment: 42247 to 42398 (150 bp)
				Next Alignment: 42398 64463 415_24651_1862222 24651 2586

			Align 10: 42398 64463 415_24651_1862222 24651 2586
				Next Alignment: 64464 64967 746_25367_1117727 4490 4992

			Align 11: 64464 64967 746_25367_1117727 4490 4992
				Gap between this and next alignment: 64967 to 65579 (611 bp)
				Next Alignment: 65579 70611 478_5033_286806 1 5033

			Align 12: 65579 70611 478_5033_286806 1 5033
				Gap between this and next alignment: 70611 to 70768 (156 bp)
				Next Alignment: 70768 71700 394_933_47650 1 933

			Align 13: 70768 71700 394_933_47650 1 933
				Negative gap (overlap) between this and next alignment: 71700 to 71653 (-47 bp)
				Next Alignment: 71653 72586 1083_934_86756_352-_888+_629- 934 1

			Previous gap was negative, modifying coordinates to ignore overlap
				Moving contig start from 934 to 886.
			Align 14: 71701 72586 1083_934_86756_352-_888+_629- 886 1
				Gap between this and next alignment: 72586 to 72762 (175 bp)
				Next Alignment: 72762 78407 1093_5646_742183_669-_793-_1028- 1 5646

			Align 15: 72762 78407 1093_5646_742183_669-_793-_1028- 1 5646
				Gap between this and next alignment: 78407 to 78497 (89 bp)
				Next Alignment: 78497 80913 1074_2417_267179_116-_..._548+ 2417 1

			Align 16: 78497 80913 1074_2417_267179_116-_..._548+ 2417 1
				Gap between this and next alignment: 80913 to 81400 (486 bp)
				Next Alignment: 81400 82995 186_1596_119576 1596 1

			Align 17: 81400 82995 186_1596_119576 1596 1
				Gap between this and next alignment: 82995 to 84586 (1590 bp)
				Next Alignment: 84586 85662 84_1077_82129 1077 1

			Align 18: 84586 85662 84_1077_82129 1077 1
				Gap between this and next alignment: 85662 to 86076 (413 bp)
				Next Alignment: 86076 87378 46_1303_75937 1303 1

			Align 19: 86076 87378 46_1303_75937 1303 1
				Negative gap (overlap) between this and next alignment: 87378 to 87370 (-8 bp)
				Next Alignment: 87370 88456 998_1087_81090 1087 1

			Previous gap was negative, modifying coordinates to ignore overlap
				Moving contig start from 1087 to 1078.
			Align 20: 87379 88456 998_1087_81090 1078 1
				Negative gap (overlap) between this and next alignment: 88456 to 88420 (-36 bp)
				Next Alignment: 88420 89053 8_634_49313 634 1

			Previous gap was negative, modifying coordinates to ignore overlap
				Moving contig start from 634 to 597.
			Align 21: 88457 89053 8_634_49313 597 1
				Negative gap (overlap) between this and next alignment: 89053 to 89019 (-34 bp)
				Next Alignment: 89019 90192 459_1174_93802 1174 1

			Previous gap was negative, modifying coordinates to ignore overlap
				Moving contig start from 1174 to 1139.
			Align 22: 89054 90192 459_1174_93802 1139 1
				Gap between this and next alignment: 90192 to 90982 (789 bp)
				Next Alignment: 90982 91637 388_1606_428105 950 1606

			Align 23: 90982 91637 388_1606_428105 950 1606
				Negative gap (overlap) between this and next alignment: 91637 to 91591 (-46 bp)
				Next Alignment: 91591 94361 568_2771_190380 1 2771

			Previous gap was negative, modifying coordinates to ignore overlap
				Moving contig start from 1 to 48.
			Align 24: 91638 94361 568_2771_190380 48 2771
				Gap between this and next alignment: 94361 to 94550 (188 bp)
				Next Alignment: 94550 97890 970_3341_203186 3341 1

			Align 25: 94550 97890 970_3341_203186 3341 1
				Gap between this and next alignment: 97890 to 97910 (19 bp)
				Next Alignment: 97910 99381 343_1472_106090 1472 1

			Align 26: 97910 99381 343_1472_106090 1472 1
				Gap between this and next alignment: 99381 to 99409 (27 bp)
				Next Alignment: 99409 108830 66_9422_755582 9422 1

			Align 27: 99409 108830 66_9422_755582 9422 1
				Gap between this and next alignment: 108830 to 108835 (4 bp)
				Next Alignment: 108835 114029 943_5197_446137 5197 3

			Align 28: 108835 114029 943_5197_446137 5197 3
			END in gap: 114029 to 114045 (16 bp)

Analysis is finished!
Founded SNPs were written into /usit/invitro/data/galaxy/master/sabbai/galaxy-dist/database/job_working_directory/000/732/dataset_769_files/contigs_reports/nucmer_output/RS-M-Abyss.used_snps

Results:
	Local Misassemblies: 0
	Misassemblies: 0
		Relocations: 0
		Translocations: 0
		Inversions: 0
	Misassembled Contigs: 0
	Misassembled Contig Bases: 0
	Misassmblies Inter-Contig Overlap: 0
Uncovered Regions: 0 (0)
Unaligned Contigs: 353 + 5 part
Partially Unaligned Contigs with Misassemblies: 1
Unaligned Contig Bases: 4394197

Ambiguously Mapped Contigs: 0
Total Bases in Ambiguously Mapped Contigs: 0
Note that --allow-ambiguity option was set to "one" and only first alignment per each contig was used.

	Covered Bases: 107477

	SNPs: 40
	Insertions: 1
	Deletions: 1

	Positive Gaps: 22
		Internal Gaps:  0
		External Gaps:  22
		External Gap Total:  6568
		External Gap Average: 299
	Negative Gaps: 6
		Internal Overlaps:  0
		External Overlaps:  6
		External Overlaps Total: -181
		External Overlaps Average: -30
	Contigs with Redundant Alignments: 0 (0)
