Aligning contigs to reference...
	Running Nucmer...
Parsing coords...
Loading Assembly...
Loading reference...
	Loaded [gi|125654605|ref|NC_009007.1|_Rhodobacter_sphaeroides_2.4.1_plasmid_A__partial_sequence]
Loading SNPs...
Loading regions...
	No regions given, using whole reference.
	Total Regions: 1
	Total Region Length: 114045
Analyzing contigs...
CONTIG: contig789 (11985bp)
		This contig is unaligned. (11985 bp)
		Unaligned bases: 11985  total: 11985

CONTIG: contig551 (834bp)
		This contig is unaligned. (834 bp)
		Unaligned bases: 834  total: 12819

CONTIG: contig595 (5958bp)
		This contig is unaligned. (5958 bp)
		Unaligned bases: 5958  total: 18777

CONTIG: contig39 (5538bp)
		This contig is unaligned. (5538 bp)
		Unaligned bases: 5538  total: 24315

CONTIG: contig35 (7530bp)
		This contig is unaligned. (7530 bp)
		Unaligned bases: 7530  total: 31845

CONTIG: contig34 (39889bp)
		This contig is unaligned. (39889 bp)
		Unaligned bases: 39889  total: 71734

CONTIG: contig37 (4417bp)
		This contig is unaligned. (4417 bp)
		Unaligned bases: 4417  total: 76151

CONTIG: contig36 (26081bp)
		This contig is unaligned. (26081 bp)
		Unaligned bases: 26081  total: 102232

CONTIG: contig31 (17852bp)
		This contig is unaligned. (17852 bp)
		Unaligned bases: 17852  total: 120084

CONTIG: contig30 (4625bp)
		This contig is unaligned. (4625 bp)
		Unaligned bases: 4625  total: 124709

CONTIG: contig33 (12794bp)
		This contig is unaligned. (12794 bp)
		Unaligned bases: 12794  total: 137503

CONTIG: contig32 (2994bp)
		This contig is unaligned. (2994 bp)
		Unaligned bases: 2994  total: 140497

CONTIG: contig148 (3918bp)
		This contig is unaligned. (3918 bp)
		Unaligned bases: 3918  total: 144415

CONTIG: contig149 (5512bp)
		This contig is unaligned. (5512 bp)
		Unaligned bases: 5512  total: 149927

CONTIG: contig140 (2924bp)
		This contig is unaligned. (2924 bp)
		Unaligned bases: 2924  total: 152851

CONTIG: contig141 (18264bp)
		This contig is unaligned. (18264 bp)
		Unaligned bases: 18264  total: 171115

CONTIG: contig142 (3500bp)
		This contig is unaligned. (3500 bp)
		Unaligned bases: 3500  total: 174615

CONTIG: contig143 (15024bp)
		This contig is unaligned. (15024 bp)
		Unaligned bases: 15024  total: 189639

CONTIG: contig144 (5224bp)
		This contig is unaligned. (5224 bp)
		Unaligned bases: 5224  total: 194863

CONTIG: contig147 (1576bp)
		This contig is unaligned. (1576 bp)
		Unaligned bases: 1576  total: 196439

CONTIG: contig593 (1545bp)
		This contig is unaligned. (1545 bp)
		Unaligned bases: 1545  total: 197984

CONTIG: contig48 (6261bp)
Top Length: 6258  Top ID: 100.0
		One align captures most of this contig: 91591 97848 | 6261 4 | 6258 6258 | 100.0 | gi|125654605|ref|NC_009007.1|_Rhodobacter_sphaeroides_2.4.1_plasmid_A__partial_sequence contig48

CONTIG: contig49 (9468bp)
		This contig is unaligned. (9468 bp)
		Unaligned bases: 9468  total: 207452

CONTIG: contig40 (4039bp)
Top Length: 4027  Top ID: 100.0
		One align captures most of this contig: 28649 32675 | 4039 13 | 4027 4027 | 100.0 | gi|125654605|ref|NC_009007.1|_Rhodobacter_sphaeroides_2.4.1_plasmid_A__partial_sequence contig40

CONTIG: contig42 (15791bp)
Top Length: 15791  Top ID: 100.0
		One align captures most of this contig: 98038 113828 | 15791 1 | 15791 15791 | 100.0 | gi|125654605|ref|NC_009007.1|_Rhodobacter_sphaeroides_2.4.1_plasmid_A__partial_sequence contig42

CONTIG: contig43 (14884bp)
		This contig is unaligned. (14884 bp)
		Unaligned bases: 14884  total: 222336

CONTIG: contig44 (1087bp)
Top Length: 1087  Top ID: 100.0
		One align captures most of this contig: 87370 88456 | 1 1087 | 1087 1087 | 100.0 | gi|125654605|ref|NC_009007.1|_Rhodobacter_sphaeroides_2.4.1_plasmid_A__partial_sequence contig44

CONTIG: contig45 (23706bp)
		This contig is unaligned. (23706 bp)
		Unaligned bases: 23706  total: 246042

CONTIG: contig46 (12919bp)
		This contig is unaligned. (12919 bp)
		Unaligned bases: 12919  total: 258961

CONTIG: contig47 (13800bp)
		This contig is unaligned. (13800 bp)
		Unaligned bases: 13800  total: 272761

CONTIG: contig287 (2136bp)
		This contig is unaligned. (2136 bp)
		Unaligned bases: 2136  total: 274897

CONTIG: contig285 (3607bp)
		This contig is unaligned. (3607 bp)
		Unaligned bases: 3607  total: 278504

CONTIG: contig284 (1687bp)
		This contig is unaligned. (1687 bp)
		Unaligned bases: 1687  total: 280191

CONTIG: contig328 (3286bp)
		This contig is unaligned. (3286 bp)
		Unaligned bases: 3286  total: 283477

CONTIG: contig282 (544bp)
		This contig is unaligned. (544 bp)
		Unaligned bases: 544  total: 284021

CONTIG: contig281 (643bp)
		This contig is unaligned. (643 bp)
		Unaligned bases: 643  total: 284664

CONTIG: contig327 (907bp)
		This contig is unaligned. (907 bp)
		Unaligned bases: 907  total: 285571

CONTIG: contig289 (9305bp)
		This contig is unaligned. (9305 bp)
		Unaligned bases: 9305  total: 294876

CONTIG: contig288 (6350bp)
		This contig is unaligned. (6350 bp)
		Unaligned bases: 6350  total: 301226

CONTIG: contig737 (11682bp)
		This contig is unaligned. (11682 bp)
		Unaligned bases: 11682  total: 312908

CONTIG: contig736 (23397bp)
		This contig is unaligned. (23397 bp)
		Unaligned bases: 23397  total: 336305

CONTIG: contig734 (19613bp)
		This contig is unaligned. (19613 bp)
		Unaligned bases: 19613  total: 355918

CONTIG: contig733 (1176bp)
		This contig is unaligned. (1176 bp)
		Unaligned bases: 1176  total: 357094

CONTIG: contig732 (2781bp)
		This contig is unaligned. (2781 bp)
		Unaligned bases: 2781  total: 359875

CONTIG: contig731 (2769bp)
		This contig is unaligned. (2769 bp)
		Unaligned bases: 2769  total: 362644

CONTIG: contig739 (827bp)
		This contig is unaligned. (827 bp)
		Unaligned bases: 827  total: 363471

CONTIG: contig738 (10946bp)
		This contig is unaligned. (10946 bp)
		Unaligned bases: 10946  total: 374417

CONTIG: contig456 (4695bp)
		This contig is unaligned. (4695 bp)
		Unaligned bases: 4695  total: 379112

CONTIG: contig457 (1655bp)
		This contig is unaligned. (1655 bp)
		Unaligned bases: 1655  total: 380767

CONTIG: contig454 (13330bp)
		This contig is unaligned. (13330 bp)
		Unaligned bases: 13330  total: 394097

CONTIG: contig455 (4537bp)
		This contig is unaligned. (4537 bp)
		Unaligned bases: 4537  total: 398634

CONTIG: contig379 (2515bp)
		This contig is unaligned. (2515 bp)
		Unaligned bases: 2515  total: 401149

CONTIG: contig450 (680bp)
		This contig is unaligned. (680 bp)
		Unaligned bases: 680  total: 401829

CONTIG: contig518 (1309bp)
		This contig is unaligned. (1309 bp)
		Unaligned bases: 1309  total: 403138

CONTIG: contig517 (1973bp)
		This contig is unaligned. (1973 bp)
		Unaligned bases: 1973  total: 405111

CONTIG: contig516 (16235bp)
		This contig is unaligned. (16235 bp)
		Unaligned bases: 16235  total: 421346

CONTIG: contig515 (39077bp)
		This contig is unaligned. (39077 bp)
		Unaligned bases: 39077  total: 460423

CONTIG: contig514 (5871bp)
		This contig is unaligned. (5871 bp)
		Unaligned bases: 5871  total: 466294

CONTIG: contig513 (1903bp)
		This contig is unaligned. (1903 bp)
		Unaligned bases: 1903  total: 468197

CONTIG: contig512 (7001bp)
		This contig is unaligned. (7001 bp)
		Unaligned bases: 7001  total: 475198

CONTIG: contig458 (769bp)
		This contig is unaligned. (769 bp)
		Unaligned bases: 769  total: 475967

CONTIG: contig459 (19437bp)
		This contig is unaligned. (19437 bp)
		Unaligned bases: 19437  total: 495404

CONTIG: contig210 (1276bp)
		This contig is unaligned. (1276 bp)
		Unaligned bases: 1276  total: 496680

CONTIG: contig211 (3108bp)
		This contig is unaligned. (3108 bp)
		Unaligned bases: 3108  total: 499788

CONTIG: contig213 (14615bp)
		This contig is unaligned. (14615 bp)
		Unaligned bases: 14615  total: 514403

CONTIG: contig214 (6249bp)
		This contig is unaligned. (6249 bp)
		Unaligned bases: 6249  total: 520652

CONTIG: contig215 (2852bp)
		This contig is unaligned. (2852 bp)
		Unaligned bases: 2852  total: 523504

CONTIG: contig217 (4193bp)
		This contig is unaligned. (4193 bp)
		Unaligned bases: 4193  total: 527697

CONTIG: contig218 (3738bp)
		This contig is unaligned. (3738 bp)
		Unaligned bases: 3738  total: 531435

CONTIG: contig219 (23757bp)
		This contig is unaligned. (23757 bp)
		Unaligned bases: 23757  total: 555192

CONTIG: contig353 (8605bp)
		This contig is unaligned. (8605 bp)
		Unaligned bases: 8605  total: 563797

CONTIG: contig370 (2847bp)
		This contig is unaligned. (2847 bp)
		Unaligned bases: 2847  total: 566644

CONTIG: contig355 (2924bp)
Top Length: 2919  Top ID: 99.97
		One align captures most of this contig: 42455 45373 | 1 2919 | 2919 2919 | 99.97 | gi|125654605|ref|NC_009007.1|_Rhodobacter_sphaeroides_2.4.1_plasmid_A__partial_sequence contig355

CONTIG: contig354 (11459bp)
		This contig is unaligned. (11459 bp)
		Unaligned bases: 11459  total: 578103

CONTIG: contig605 (791bp)
		This contig is unaligned. (791 bp)
		Unaligned bases: 791  total: 578894

CONTIG: contig290 (9399bp)
		This contig is unaligned. (9399 bp)
		Unaligned bases: 9399  total: 588293

CONTIG: contig52 (12775bp)
		This contig is unaligned. (12775 bp)
		Unaligned bases: 12775  total: 601068

CONTIG: contig618 (4938bp)
		This contig is unaligned. (4938 bp)
		Unaligned bases: 4938  total: 606006

CONTIG: contig292 (3927bp)
		This contig is unaligned. (3927 bp)
		Unaligned bases: 3927  total: 609933

CONTIG: contig50 (21592bp)
		This contig is unaligned. (21592 bp)
		Unaligned bases: 21592  total: 631525

CONTIG: contig294 (2496bp)
		This contig is unaligned. (2496 bp)
		Unaligned bases: 2496  total: 634021

CONTIG: contig295 (7836bp)
		This contig is unaligned. (7836 bp)
		Unaligned bases: 7836  total: 641857

CONTIG: contig712 (1778bp)
		This contig is unaligned. (1778 bp)
		Unaligned bases: 1778  total: 643635

CONTIG: contig715 (2131bp)
		This contig is unaligned. (2131 bp)
		Unaligned bases: 2131  total: 645766

CONTIG: contig297 (3163bp)
		This contig is unaligned. (3163 bp)
		Unaligned bases: 3163  total: 648929

CONTIG: contig714 (18011bp)
		This contig is unaligned. (18011 bp)
		Unaligned bases: 18011  total: 666940

CONTIG: contig728 (540bp)
		This contig is unaligned. (540 bp)
		Unaligned bases: 540  total: 667480

CONTIG: contig729 (4187bp)
		This contig is unaligned. (4187 bp)
		Unaligned bases: 4187  total: 671667

CONTIG: contig716 (2024bp)
		This contig is unaligned. (2024 bp)
		Unaligned bases: 2024  total: 673691

CONTIG: contig686 (552bp)
		This contig is unaligned. (552 bp)
		Unaligned bases: 552  total: 674243

CONTIG: contig104 (7742bp)
		This contig is unaligned. (7742 bp)
		Unaligned bases: 7742  total: 681985

CONTIG: contig105 (9218bp)
		This contig is unaligned. (9218 bp)
		Unaligned bases: 9218  total: 691203

CONTIG: contig106 (7127bp)
Top Length: 7127  Top ID: 100.0
		One align captures most of this contig: 32645 39771 | 1 7127 | 7127 7127 | 100.0 | gi|125654605|ref|NC_009007.1|_Rhodobacter_sphaeroides_2.4.1_plasmid_A__partial_sequence contig106

CONTIG: contig107 (1613bp)
		This contig is unaligned. (1613 bp)
		Unaligned bases: 1613  total: 692816

CONTIG: contig100 (4614bp)
		This contig is unaligned. (4614 bp)
		Unaligned bases: 4614  total: 697430

CONTIG: contig101 (3107bp)
		This contig is unaligned. (3107 bp)
		Unaligned bases: 3107  total: 700537

CONTIG: contig102 (731bp)
		This contig is unaligned. (731 bp)
		Unaligned bases: 731  total: 701268

CONTIG: contig103 (7307bp)
		This contig is unaligned. (7307 bp)
		Unaligned bases: 7307  total: 708575

CONTIG: contig108 (1174bp)
Top Length: 1174  Top ID: 100.0
		One align captures most of this contig: 89019 90192 | 1 1174 | 1174 1174 | 100.0 | gi|125654605|ref|NC_009007.1|_Rhodobacter_sphaeroides_2.4.1_plasmid_A__partial_sequence contig108

CONTIG: contig109 (4030bp)
		This contig is unaligned. (4030 bp)
		Unaligned bases: 4030  total: 712605

CONTIG: contig689 (3228bp)
		This contig is unaligned. (3228 bp)
		Unaligned bases: 3228  total: 715833

CONTIG: contig539 (10941bp)
		This contig is unaligned. (10941 bp)
		Unaligned bases: 10941  total: 726774

CONTIG: contig688 (2843bp)
		This contig is unaligned. (2843 bp)
		Unaligned bases: 2843  total: 729617

CONTIG: contig538 (7222bp)
		This contig is unaligned. (7222 bp)
		Unaligned bases: 7222  total: 736839

CONTIG: contig777 (4345bp)
		This contig is unaligned. (4345 bp)
		Unaligned bases: 4345  total: 741184

CONTIG: contig171 (3074bp)
		This contig is unaligned. (3074 bp)
		Unaligned bases: 3074  total: 744258

CONTIG: contig170 (28403bp)
		This contig is unaligned. (28403 bp)
		Unaligned bases: 28403  total: 772661

CONTIG: contig175 (5987bp)
		This contig is unaligned. (5987 bp)
		Unaligned bases: 5987  total: 778648

CONTIG: contig174 (7809bp)
		This contig is unaligned. (7809 bp)
		Unaligned bases: 7809  total: 786457

CONTIG: contig177 (16302bp)
		This contig is unaligned. (16302 bp)
		Unaligned bases: 16302  total: 802759

CONTIG: contig176 (2596bp)
		This contig is unaligned. (2596 bp)
		Unaligned bases: 2596  total: 805355

CONTIG: contig179 (4462bp)
		This contig is unaligned. (4462 bp)
		Unaligned bases: 4462  total: 809817

CONTIG: contig178 (5122bp)
		This contig is unaligned. (5122 bp)
		Unaligned bases: 5122  total: 814939

CONTIG: contig650 (3262bp)
		This contig is unaligned. (3262 bp)
		Unaligned bases: 3262  total: 818201

CONTIG: contig598 (4241bp)
		This contig is unaligned. (4241 bp)
		Unaligned bases: 4241  total: 822442

CONTIG: contig652 (11609bp)
		This contig is unaligned. (11609 bp)
		Unaligned bases: 11609  total: 834051

CONTIG: contig653 (3508bp)
		This contig is unaligned. (3508 bp)
		Unaligned bases: 3508  total: 837559

CONTIG: contig654 (6851bp)
		This contig is unaligned. (6851 bp)
		Unaligned bases: 6851  total: 844410

CONTIG: contig790 (31916bp)
		This contig is unaligned. (31916 bp)
		Unaligned bases: 31916  total: 876326

CONTIG: contig793 (4951bp)
		This contig is unaligned. (4951 bp)
		Unaligned bases: 4951  total: 881277

CONTIG: contig792 (7542bp)
		This contig is unaligned. (7542 bp)
		Unaligned bases: 7542  total: 888819

CONTIG: contig795 (9430bp)
		This contig is unaligned. (9430 bp)
		Unaligned bases: 9430  total: 898249

CONTIG: contig794 (8015bp)
		This contig is unaligned. (8015 bp)
		Unaligned bases: 8015  total: 906264

CONTIG: contig796 (15371bp)
		This contig is unaligned. (15371 bp)
		Unaligned bases: 15371  total: 921635

CONTIG: contig258 (9374bp)
		This contig is unaligned. (9374 bp)
		Unaligned bases: 9374  total: 931009

CONTIG: contig259 (32660bp)
		This contig is unaligned. (32660 bp)
		Unaligned bases: 32660  total: 963669

CONTIG: contig254 (2851bp)
		This contig is unaligned. (2851 bp)
		Unaligned bases: 2851  total: 966520

CONTIG: contig255 (14365bp)
		This contig is unaligned. (14365 bp)
		Unaligned bases: 14365  total: 980885

CONTIG: contig256 (5140bp)
		This contig is unaligned. (5140 bp)
		Unaligned bases: 5140  total: 986025

CONTIG: contig257 (1638bp)
		This contig is unaligned. (1638 bp)
		Unaligned bases: 1638  total: 987663

CONTIG: contig250 (7375bp)
		This contig is unaligned. (7375 bp)
		Unaligned bases: 7375  total: 995038

CONTIG: contig251 (22416bp)
		This contig is unaligned. (22416 bp)
		Unaligned bases: 22416  total: 1017454

CONTIG: contig252 (886bp)
		This contig is unaligned. (886 bp)
		Unaligned bases: 886  total: 1018340

CONTIG: contig253 (53938bp)
		This contig is unaligned. (53938 bp)
		Unaligned bases: 53938  total: 1072278

CONTIG: contig315 (1894bp)
		This contig is unaligned. (1894 bp)
		Unaligned bases: 1894  total: 1074172

CONTIG: contig314 (15579bp)
		This contig is unaligned. (15579 bp)
		Unaligned bases: 15579  total: 1089751

CONTIG: contig317 (3083bp)
		This contig is unaligned. (3083 bp)
		Unaligned bases: 3083  total: 1092834

CONTIG: contig316 (1479bp)
		This contig is unaligned. (1479 bp)
		Unaligned bases: 1479  total: 1094313

CONTIG: contig311 (18718bp)
		This contig is unaligned. (18718 bp)
		Unaligned bases: 18718  total: 1113031

CONTIG: contig313 (23172bp)
		This contig is unaligned. (23172 bp)
		Unaligned bases: 23172  total: 1136203

CONTIG: contig312 (6104bp)
		This contig is unaligned. (6104 bp)
		Unaligned bases: 6104  total: 1142307

CONTIG: contig319 (7665bp)
		This contig is unaligned. (7665 bp)
		Unaligned bases: 7665  total: 1149972

CONTIG: contig318 (28688bp)
		This contig is unaligned. (28688 bp)
		Unaligned bases: 28688  total: 1178660

CONTIG: contig669 (31992bp)
		This contig is unaligned. (31992 bp)
		Unaligned bases: 31992  total: 1210652

CONTIG: contig611 (556bp)
		This contig is unaligned. (556 bp)
		Unaligned bases: 556  total: 1211208

CONTIG: contig429 (780bp)
		This contig is unaligned. (780 bp)
		Unaligned bases: 780  total: 1211988

CONTIG: contig428 (13104bp)
		This contig is unaligned. (13104 bp)
		Unaligned bases: 13104  total: 1225092

CONTIG: contig427 (14036bp)
		This contig is unaligned. (14036 bp)
		Unaligned bases: 14036  total: 1239128

CONTIG: contig426 (18983bp)
		This contig is unaligned. (18983 bp)
		Unaligned bases: 18983  total: 1258111

CONTIG: contig425 (764bp)
		This contig is unaligned. (764 bp)
		Unaligned bases: 764  total: 1258875

CONTIG: contig424 (3580bp)
		This contig is unaligned. (3580 bp)
		Unaligned bases: 3580  total: 1262455

CONTIG: contig423 (4991bp)
		This contig is unaligned. (4991 bp)
		Unaligned bases: 4991  total: 1267446

CONTIG: contig422 (812bp)
		This contig is unaligned. (812 bp)
		Unaligned bases: 812  total: 1268258

CONTIG: contig421 (6026bp)
		This contig is unaligned. (6026 bp)
		Unaligned bases: 6026  total: 1274284

CONTIG: contig420 (4048bp)
		This contig is unaligned. (4048 bp)
		Unaligned bases: 4048  total: 1278332

CONTIG: contig558 (2809bp)
		This contig is unaligned. (2809 bp)
		Unaligned bases: 2809  total: 1281141

CONTIG: contig229 (8085bp)
		This contig is unaligned. (8085 bp)
		Unaligned bases: 8085  total: 1289226

CONTIG: contig228 (4605bp)
		This contig is unaligned. (4605 bp)
		Unaligned bases: 4605  total: 1293831

CONTIG: contig559 (633bp)
		This contig is unaligned. (633 bp)
		Unaligned bases: 633  total: 1294464

CONTIG: contig491 (2617bp)
		This contig is unaligned. (2617 bp)
		Unaligned bases: 2617  total: 1297081

CONTIG: contig496 (601bp)
		This contig is unaligned. (601 bp)
		Unaligned bases: 601  total: 1297682

CONTIG: contig495 (905bp)
		This contig is unaligned. (905 bp)
		Unaligned bases: 905  total: 1298587

CONTIG: contig221 (7337bp)
		This contig is unaligned. (7337 bp)
		Unaligned bases: 7337  total: 1305924

CONTIG: contig220 (4879bp)
		This contig is unaligned. (4879 bp)
		Unaligned bases: 4879  total: 1310803

CONTIG: contig223 (771bp)
		This contig is unaligned. (771 bp)
		Unaligned bases: 771  total: 1311574

CONTIG: contig499 (9444bp)
		This contig is unaligned. (9444 bp)
		Unaligned bases: 9444  total: 1321018

CONTIG: contig557 (1134bp)
		This contig is unaligned. (1134 bp)
		Unaligned bases: 1134  total: 1322152

CONTIG: contig227 (1757bp)
		This contig is unaligned. (1757 bp)
		Unaligned bases: 1757  total: 1323909

CONTIG: contig226 (2949bp)
		This contig is unaligned. (2949 bp)
		Unaligned bases: 2949  total: 1326858

CONTIG: contig651 (582bp)
		This contig is unaligned. (582 bp)
		Unaligned bases: 582  total: 1327440

CONTIG: contig139 (5328bp)
		This contig is unaligned. (5328 bp)
		Unaligned bases: 5328  total: 1332768

CONTIG: contig138 (541bp)
		This contig is unaligned. (541 bp)
		Unaligned bases: 541  total: 1333309

CONTIG: contig135 (3012bp)
		This contig is unaligned. (3012 bp)
		Unaligned bases: 3012  total: 1336321

CONTIG: contig134 (2502bp)
		This contig is unaligned. (2502 bp)
		Unaligned bases: 2502  total: 1338823

CONTIG: contig137 (8911bp)
		This contig is unaligned. (8911 bp)
		Unaligned bases: 8911  total: 1347734

CONTIG: contig136 (4231bp)
		This contig is unaligned. (4231 bp)
		Unaligned bases: 4231  total: 1351965

CONTIG: contig131 (5046bp)
		This contig is unaligned. (5046 bp)
		Unaligned bases: 5046  total: 1357011

CONTIG: contig130 (7500bp)
		This contig is unaligned. (7500 bp)
		Unaligned bases: 7500  total: 1364511

CONTIG: contig133 (21056bp)
		This contig is unaligned. (21056 bp)
		Unaligned bases: 21056  total: 1385567

CONTIG: contig132 (8115bp)
		This contig is unaligned. (8115 bp)
		Unaligned bases: 8115  total: 1393682

CONTIG: contig299 (1509bp)
		This contig is unaligned. (1509 bp)
		Unaligned bases: 1509  total: 1395191

CONTIG: contig59 (5729bp)
		This contig is unaligned. (5729 bp)
		Unaligned bases: 5729  total: 1400920

CONTIG: contig58 (1651bp)
		This contig is unaligned. (1651 bp)
		Unaligned bases: 1651  total: 1402571

CONTIG: contig53 (6591bp)
		This contig is unaligned. (6591 bp)
		Unaligned bases: 6591  total: 1409162

CONTIG: contig291 (37481bp)
		This contig is unaligned. (37481 bp)
		Unaligned bases: 37481  total: 1446643

CONTIG: contig51 (2761bp)
		This contig is unaligned. (2761 bp)
		Unaligned bases: 2761  total: 1449404

CONTIG: contig293 (3588bp)
		This contig is unaligned. (3588 bp)
		Unaligned bases: 3588  total: 1452992

CONTIG: contig57 (11839bp)
		This contig is unaligned. (11839 bp)
		Unaligned bases: 11839  total: 1464831

CONTIG: contig56 (12221bp)
		This contig is unaligned. (12221 bp)
		Unaligned bases: 12221  total: 1477052

CONTIG: contig55 (1606bp)
Top Length: 657  Top ID: 99.85
		This contig is partially unaligned. (657 out of 1606)
		Alignment: 90982 91637 | 950 1606 | 656 657 | 99.85 | gi|125654605|ref|NC_009007.1|_Rhodobacter_sphaeroides_2.4.1_plasmid_A__partial_sequence contig55
		Unaligned bases: 1 to 949 (949)
		This contig has both significant aligned and unaligned parts (of length >= min-contig)!

CONTIG: contig54 (9812bp)
		This contig is unaligned. (9812 bp)
		Unaligned bases: 9812  total: 1486864

CONTIG: contig3 (2509bp)
		This contig is unaligned. (2509 bp)
		Unaligned bases: 2509  total: 1489373

CONTIG: contig2 (12182bp)
		This contig is unaligned. (12182 bp)
		Unaligned bases: 12182  total: 1501555

CONTIG: contig1 (9641bp)
		This contig is unaligned. (9641 bp)
		Unaligned bases: 9641  total: 1511196

CONTIG: contig547 (579bp)
		This contig is unaligned. (579 bp)
		Unaligned bases: 579  total: 1511775

CONTIG: contig7 (19195bp)
Top Length: 714  Top ID: 95.52
		This contig is misassembled. 2 total aligns.
			Warning! This contig is more unaligned than misassembled. Contig length is 19195 and total length of all aligns is 1319
		Alignment: 65018 65626 | 18591 19195 | 609 605 | 99.18 | gi|125654605|ref|NC_009007.1|_Rhodobacter_sphaeroides_2.4.1_plasmid_A__partial_sequence contig7
		Alignment: 90244 90927 | 1 714 | 684 714 | 95.52 | gi|125654605|ref|NC_009007.1|_Rhodobacter_sphaeroides_2.4.1_plasmid_A__partial_sequence contig7
		Unaligned bases: 17876
		This contig has both significant aligned and unaligned parts (of length >= min-contig)!
CONTIG: contig6 (514bp)
		This contig is unaligned. (514 bp)
		Unaligned bases: 514  total: 1512289

CONTIG: contig5 (19463bp)
		This contig is unaligned. (19463 bp)
		Unaligned bases: 19463  total: 1531752

CONTIG: contig4 (9370bp)
		This contig is unaligned. (9370 bp)
		Unaligned bases: 9370  total: 1541122

CONTIG: contig721 (2372bp)
		This contig is unaligned. (2372 bp)
		Unaligned bases: 2372  total: 1543494

CONTIG: contig9 (545bp)
		This contig is unaligned. (545 bp)
		Unaligned bases: 545  total: 1544039

CONTIG: contig8 (25932bp)
		This contig is unaligned. (25932 bp)
		Unaligned bases: 25932  total: 1569971

CONTIG: contig724 (31078bp)
		This contig is unaligned. (31078 bp)
		Unaligned bases: 31078  total: 1601049

CONTIG: contig725 (2921bp)
		This contig is unaligned. (2921 bp)
		Unaligned bases: 2921  total: 1603970

CONTIG: contig726 (8860bp)
		This contig is unaligned. (8860 bp)
		Unaligned bases: 8860  total: 1612830

CONTIG: contig727 (2644bp)
		This contig is unaligned. (2644 bp)
		Unaligned bases: 2644  total: 1615474

CONTIG: contig500 (7323bp)
		This contig is unaligned. (7323 bp)
		Unaligned bases: 7323  total: 1622797

CONTIG: contig501 (15828bp)
		This contig is unaligned. (15828 bp)
		Unaligned bases: 15828  total: 1638625

CONTIG: contig503 (3304bp)
		This contig is unaligned. (3304 bp)
		Unaligned bases: 3304  total: 1641929

CONTIG: contig504 (19879bp)
		This contig is unaligned. (19879 bp)
		Unaligned bases: 19879  total: 1661808

CONTIG: contig505 (581bp)
		This contig is unaligned. (581 bp)
		Unaligned bases: 581  total: 1662389

CONTIG: contig661 (929bp)
		This contig is unaligned. (929 bp)
		Unaligned bases: 929  total: 1663318

CONTIG: contig660 (1240bp)
		This contig is unaligned. (1240 bp)
		Unaligned bases: 1240  total: 1664558

CONTIG: contig663 (17020bp)
		This contig is unaligned. (17020 bp)
		Unaligned bases: 17020  total: 1681578

CONTIG: contig664 (3607bp)
		This contig is unaligned. (3607 bp)
		Unaligned bases: 3607  total: 1685185

CONTIG: contig667 (515bp)
		This contig is unaligned. (515 bp)
		Unaligned bases: 515  total: 1685700

CONTIG: contig597 (671bp)
		This contig is unaligned. (671 bp)
		Unaligned bases: 671  total: 1686371

CONTIG: contig348 (10807bp)
		This contig is unaligned. (10807 bp)
		Unaligned bases: 10807  total: 1697178

CONTIG: contig265 (5843bp)
		This contig is unaligned. (5843 bp)
		Unaligned bases: 5843  total: 1703021

CONTIG: contig264 (952bp)
		This contig is unaligned. (952 bp)
		Unaligned bases: 952  total: 1703973

CONTIG: contig267 (961bp)
		This contig is unaligned. (961 bp)
		Unaligned bases: 961  total: 1704934

CONTIG: contig349 (4687bp)
		This contig is unaligned. (4687 bp)
		Unaligned bases: 4687  total: 1709621

CONTIG: contig261 (5436bp)
		This contig is unaligned. (5436 bp)
		Unaligned bases: 5436  total: 1715057

CONTIG: contig260 (12221bp)
		This contig is unaligned. (12221 bp)
		Unaligned bases: 12221  total: 1727278

CONTIG: contig263 (11177bp)
		This contig is unaligned. (11177 bp)
		Unaligned bases: 11177  total: 1738455

CONTIG: contig262 (2476bp)
		This contig is unaligned. (2476 bp)
		Unaligned bases: 2476  total: 1740931

CONTIG: contig343 (556bp)
		This contig is unaligned. (556 bp)
		Unaligned bases: 556  total: 1741487

CONTIG: contig340 (2075bp)
		This contig is unaligned. (2075 bp)
		Unaligned bases: 2075  total: 1743562

CONTIG: contig617 (4107bp)
		This contig is unaligned. (4107 bp)
		Unaligned bases: 4107  total: 1747669

CONTIG: contig269 (979bp)
		This contig is unaligned. (979 bp)
		Unaligned bases: 979  total: 1748648

CONTIG: contig347 (2425bp)
		This contig is unaligned. (2425 bp)
		Unaligned bases: 2425  total: 1751073

CONTIG: contig599 (1341bp)
		This contig is unaligned. (1341 bp)
		Unaligned bases: 1341  total: 1752414

CONTIG: contig592 (47673bp)
		This contig is unaligned. (47673 bp)
		Unaligned bases: 47673  total: 1800087

CONTIG: contig591 (23083bp)
		This contig is unaligned. (23083 bp)
		Unaligned bases: 23083  total: 1823170

CONTIG: contig590 (3658bp)
		This contig is unaligned. (3658 bp)
		Unaligned bases: 3658  total: 1826828

CONTIG: contig615 (3873bp)
		This contig is unaligned. (3873 bp)
		Unaligned bases: 3873  total: 1830701

CONTIG: contig616 (1285bp)
		This contig is unaligned. (1285 bp)
		Unaligned bases: 1285  total: 1831986

CONTIG: contig610 (1885bp)
		This contig is unaligned. (1885 bp)
		Unaligned bases: 1885  total: 1833871

CONTIG: contig268 (12445bp)
		This contig is unaligned. (12445 bp)
		Unaligned bases: 12445  total: 1846316

CONTIG: contig468 (3378bp)
		This contig is unaligned. (3378 bp)
		Unaligned bases: 3378  total: 1849694

CONTIG: contig463 (8138bp)
		This contig is unaligned. (8138 bp)
		Unaligned bases: 8138  total: 1857832

CONTIG: contig462 (3174bp)
		This contig is unaligned. (3174 bp)
		Unaligned bases: 3174  total: 1861006

CONTIG: contig461 (12702bp)
		This contig is unaligned. (12702 bp)
		Unaligned bases: 12702  total: 1873708

CONTIG: contig460 (31699bp)
		This contig is unaligned. (31699 bp)
		Unaligned bases: 31699  total: 1905407

CONTIG: contig467 (12205bp)
		This contig is unaligned. (12205 bp)
		Unaligned bases: 12205  total: 1917612

CONTIG: contig466 (6852bp)
		This contig is unaligned. (6852 bp)
		Unaligned bases: 6852  total: 1924464

CONTIG: contig465 (9554bp)
		This contig is unaligned. (9554 bp)
		Unaligned bases: 9554  total: 1934018

CONTIG: contig464 (26636bp)
		This contig is unaligned. (26636 bp)
		Unaligned bases: 26636  total: 1960654

CONTIG: contig17 (10606bp)
		This contig is unaligned. (10606 bp)
		Unaligned bases: 10606  total: 1971260

CONTIG: contig15 (1222bp)
		This contig is unaligned. (1222 bp)
		Unaligned bases: 1222  total: 1972482

CONTIG: contig13 (19583bp)
		This contig is unaligned. (19583 bp)
		Unaligned bases: 19583  total: 1992065

CONTIG: contig12 (22657bp)
		This contig is unaligned. (22657 bp)
		Unaligned bases: 22657  total: 2014722

CONTIG: contig11 (8971bp)
		This contig is unaligned. (8971 bp)
		Unaligned bases: 8971  total: 2023693

CONTIG: contig10 (59062bp)
		This contig is unaligned. (59062 bp)
		Unaligned bases: 59062  total: 2082755

CONTIG: contig395 (3053bp)
		This contig is unaligned. (3053 bp)
		Unaligned bases: 3053  total: 2085808

CONTIG: contig283 (7297bp)
		This contig is unaligned. (7297 bp)
		Unaligned bases: 7297  total: 2093105

CONTIG: contig397 (1171bp)
		This contig is unaligned. (1171 bp)
		Unaligned bases: 1171  total: 2094276

CONTIG: contig396 (5333bp)
		This contig is unaligned. (5333 bp)
		Unaligned bases: 5333  total: 2099609

CONTIG: contig390 (15588bp)
		This contig is unaligned. (15588 bp)
		Unaligned bases: 15588  total: 2115197

CONTIG: contig393 (1451bp)
		This contig is unaligned. (1451 bp)
		Unaligned bases: 1451  total: 2116648

CONTIG: contig329 (8950bp)
		This contig is unaligned. (8950 bp)
		Unaligned bases: 8950  total: 2125598

CONTIG: contig764 (10018bp)
		This contig is unaligned. (10018 bp)
		Unaligned bases: 10018  total: 2135616

CONTIG: contig762 (7766bp)
		This contig is unaligned. (7766 bp)
		Unaligned bases: 7766  total: 2143382

CONTIG: contig763 (3777bp)
		This contig is unaligned. (3777 bp)
		Unaligned bases: 3777  total: 2147159

CONTIG: contig768 (1634bp)
		This contig is unaligned. (1634 bp)
		Unaligned bases: 1634  total: 2148793

CONTIG: contig769 (1209bp)
		This contig is unaligned. (1209 bp)
		Unaligned bases: 1209  total: 2150002

CONTIG: contig162 (1155bp)
		This contig is unaligned. (1155 bp)
		Unaligned bases: 1155  total: 2151157

CONTIG: contig163 (683bp)
Top Length: 683  Top ID: 99.41
		One align captures most of this contig: 71653 72335 | 1 683 | 683 683 | 99.41 | gi|125654605|ref|NC_009007.1|_Rhodobacter_sphaeroides_2.4.1_plasmid_A__partial_sequence contig163

CONTIG: contig160 (535bp)
		This contig is unaligned. (535 bp)
		Unaligned bases: 535  total: 2151692

CONTIG: contig161 (2147bp)
		This contig is unaligned. (2147 bp)
		Unaligned bases: 2147  total: 2153839

CONTIG: contig88 (2710bp)
Top Length: 2710  Top ID: 100.0
		One align captures most of this contig: 75698 78407 | 2710 1 | 2710 2710 | 100.0 | gi|125654605|ref|NC_009007.1|_Rhodobacter_sphaeroides_2.4.1_plasmid_A__partial_sequence contig88

CONTIG: contig89 (24552bp)
		This contig is unaligned. (24552 bp)
		Unaligned bases: 24552  total: 2178391

CONTIG: contig84 (965bp)
		This contig is unaligned. (965 bp)
		Unaligned bases: 965  total: 2179356

CONTIG: contig85 (4742bp)
		This contig is unaligned. (4742 bp)
		Unaligned bases: 4742  total: 2184098

CONTIG: contig168 (14119bp)
		This contig is unaligned. (14119 bp)
		Unaligned bases: 14119  total: 2198217

CONTIG: contig169 (11485bp)
		This contig is unaligned. (11485 bp)
		Unaligned bases: 11485  total: 2209702

CONTIG: contig80 (634bp)
Top Length: 634  Top ID: 100.0
		One align captures most of this contig: 88420 89053 | 1 634 | 634 634 | 100.0 | gi|125654605|ref|NC_009007.1|_Rhodobacter_sphaeroides_2.4.1_plasmid_A__partial_sequence contig80

CONTIG: contig81 (6961bp)
		This contig is unaligned. (6961 bp)
		Unaligned bases: 6961  total: 2216663

CONTIG: contig788 (5441bp)
		This contig is unaligned. (5441 bp)
		Unaligned bases: 5441  total: 2222104

CONTIG: contig626 (591bp)
		This contig is unaligned. (591 bp)
		Unaligned bases: 591  total: 2222695

CONTIG: contig782 (8929bp)
		This contig is unaligned. (8929 bp)
		Unaligned bases: 8929  total: 2231624

CONTIG: contig783 (2630bp)
		This contig is unaligned. (2630 bp)
		Unaligned bases: 2630  total: 2234254

CONTIG: contig780 (11644bp)
		This contig is unaligned. (11644 bp)
		Unaligned bases: 11644  total: 2245898

CONTIG: contig781 (16991bp)
		This contig is unaligned. (16991 bp)
		Unaligned bases: 16991  total: 2262889

CONTIG: contig629 (8673bp)
		This contig is unaligned. (8673 bp)
		Unaligned bases: 8673  total: 2271562

CONTIG: contig787 (1632bp)
		This contig is unaligned. (1632 bp)
		Unaligned bases: 1632  total: 2273194

CONTIG: contig322 (1223bp)
Top Length: 1223  Top ID: 100.0
		One align captures most of this contig: 86156 87378 | 1 1223 | 1223 1223 | 100.0 | gi|125654605|ref|NC_009007.1|_Rhodobacter_sphaeroides_2.4.1_plasmid_A__partial_sequence contig322

CONTIG: contig710 (2750bp)
		This contig is unaligned. (2750 bp)
		Unaligned bases: 2750  total: 2275944

CONTIG: contig304 (5375bp)
		This contig is unaligned. (5375 bp)
		Unaligned bases: 5375  total: 2281319

CONTIG: contig305 (2139bp)
		This contig is unaligned. (2139 bp)
		Unaligned bases: 2139  total: 2283458

CONTIG: contig302 (643bp)
		This contig is unaligned. (643 bp)
		Unaligned bases: 643  total: 2284101

CONTIG: contig303 (8563bp)
		This contig is unaligned. (8563 bp)
		Unaligned bases: 8563  total: 2292664

CONTIG: contig300 (2744bp)
		This contig is unaligned. (2744 bp)
		Unaligned bases: 2744  total: 2295408

CONTIG: contig301 (2284bp)
		This contig is unaligned. (2284 bp)
		Unaligned bases: 2284  total: 2297692

CONTIG: contig718 (4577bp)
		This contig is unaligned. (4577 bp)
		Unaligned bases: 4577  total: 2302269

CONTIG: contig308 (693bp)
		This contig is unaligned. (693 bp)
		Unaligned bases: 693  total: 2302962

CONTIG: contig430 (33055bp)
		This contig is unaligned. (33055 bp)
		Unaligned bases: 33055  total: 2336017

CONTIG: contig431 (4475bp)
		This contig is unaligned. (4475 bp)
		Unaligned bases: 4475  total: 2340492

CONTIG: contig432 (4444bp)
		This contig is unaligned. (4444 bp)
		Unaligned bases: 4444  total: 2344936

CONTIG: contig433 (4429bp)
		This contig is unaligned. (4429 bp)
		Unaligned bases: 4429  total: 2349365

CONTIG: contig434 (2499bp)
		This contig is unaligned. (2499 bp)
		Unaligned bases: 2499  total: 2351864

CONTIG: contig435 (2284bp)
		This contig is unaligned. (2284 bp)
		Unaligned bases: 2284  total: 2354148

CONTIG: contig436 (7992bp)
		This contig is unaligned. (7992 bp)
		Unaligned bases: 7992  total: 2362140

CONTIG: contig438 (1336bp)
		This contig is unaligned. (1336 bp)
		Unaligned bases: 1336  total: 2363476

CONTIG: contig530 (2792bp)
		This contig is unaligned. (2792 bp)
		Unaligned bases: 2792  total: 2366268

CONTIG: contig534 (6141bp)
		This contig is unaligned. (6141 bp)
		Unaligned bases: 6141  total: 2372409

CONTIG: contig537 (10332bp)
		This contig is unaligned. (10332 bp)
		Unaligned bases: 10332  total: 2382741

CONTIG: contig536 (2568bp)
		This contig is unaligned. (2568 bp)
		Unaligned bases: 2568  total: 2385309

CONTIG: contig266 (13775bp)
		This contig is unaligned. (13775 bp)
		Unaligned bases: 13775  total: 2399084

CONTIG: contig602 (5239bp)
		This contig is unaligned. (5239 bp)
		Unaligned bases: 5239  total: 2404323

CONTIG: contig232 (9849bp)
		This contig is unaligned. (9849 bp)
		Unaligned bases: 9849  total: 2414172

CONTIG: contig233 (2352bp)
		This contig is unaligned. (2352 bp)
		Unaligned bases: 2352  total: 2416524

CONTIG: contig230 (11382bp)
		This contig is unaligned. (11382 bp)
		Unaligned bases: 11382  total: 2427906

CONTIG: contig231 (11218bp)
		This contig is unaligned. (11218 bp)
		Unaligned bases: 11218  total: 2439124

CONTIG: contig236 (1821bp)
Top Length: 157  Top ID: 99.37
		This contig is partially unaligned. (157 out of 1821)
		Alignment: 90134 90291 | 157 1 | 158 157 | 99.37 | gi|125654605|ref|NC_009007.1|_Rhodobacter_sphaeroides_2.4.1_plasmid_A__partial_sequence contig236
		Unaligned bases: 158 to 1821 (1664)

CONTIG: contig234 (2009bp)
		This contig is unaligned. (2009 bp)
		Unaligned bases: 2009  total: 2441133

CONTIG: contig235 (941bp)
		This contig is unaligned. (941 bp)
		Unaligned bases: 941  total: 2442074

CONTIG: contig786 (16633bp)
		This contig is unaligned. (16633 bp)
		Unaligned bases: 16633  total: 2458707

CONTIG: contig453 (4005bp)
		This contig is unaligned. (4005 bp)
		Unaligned bases: 4005  total: 2462712

CONTIG: contig519 (3915bp)
		This contig is unaligned. (3915 bp)
		Unaligned bases: 3915  total: 2466627

CONTIG: contig18 (20908bp)
		This contig is unaligned. (20908 bp)
		Unaligned bases: 20908  total: 2487535

CONTIG: contig511 (1143bp)
		This contig is unaligned. (1143 bp)
		Unaligned bases: 1143  total: 2488678

CONTIG: contig510 (2500bp)
		This contig is unaligned. (2500 bp)
		Unaligned bases: 2500  total: 2491178

CONTIG: contig129 (35855bp)
		This contig is unaligned. (35855 bp)
		Unaligned bases: 35855  total: 2527033

CONTIG: contig126 (7676bp)
Top Length: 7673  Top ID: 99.97
		One align captures most of this contig: 15753 23425 | 4 7676 | 7673 7673 | 99.97 | gi|125654605|ref|NC_009007.1|_Rhodobacter_sphaeroides_2.4.1_plasmid_A__partial_sequence contig126

CONTIG: contig127 (5566bp)
		This contig is unaligned. (5566 bp)
		Unaligned bases: 5566  total: 2532599

CONTIG: contig124 (2994bp)
		This contig is unaligned. (2994 bp)
		Unaligned bases: 2994  total: 2535593

CONTIG: contig125 (2823bp)
Top Length: 2823  Top ID: 99.82
		One align captures most of this contig: 72762 75584 | 1 2823 | 2823 2823 | 99.82 | gi|125654605|ref|NC_009007.1|_Rhodobacter_sphaeroides_2.4.1_plasmid_A__partial_sequence contig125

CONTIG: contig122 (4489bp)
		This contig is unaligned. (4489 bp)
		Unaligned bases: 4489  total: 2540082

CONTIG: contig123 (4445bp)
		This contig is unaligned. (4445 bp)
		Unaligned bases: 4445  total: 2544527

CONTIG: contig120 (2819bp)
		This contig is unaligned. (2819 bp)
		Unaligned bases: 2819  total: 2547346

CONTIG: contig121 (1955bp)
		This contig is unaligned. (1955 bp)
		Unaligned bases: 1955  total: 2549301

CONTIG: contig68 (3697bp)
		This contig is unaligned. (3697 bp)
		Unaligned bases: 3697  total: 2552998

CONTIG: contig69 (3180bp)
		This contig is unaligned. (3180 bp)
		Unaligned bases: 3180  total: 2556178

CONTIG: contig66 (2901bp)
		This contig is unaligned. (2901 bp)
		Unaligned bases: 2901  total: 2559079

CONTIG: contig67 (8129bp)
		This contig is unaligned. (8129 bp)
		Unaligned bases: 8129  total: 2567208

CONTIG: contig64 (6632bp)
		This contig is unaligned. (6632 bp)
		Unaligned bases: 6632  total: 2573840

CONTIG: contig65 (8989bp)
		This contig is unaligned. (8989 bp)
		Unaligned bases: 8989  total: 2582829

CONTIG: contig62 (29346bp)
		This contig is unaligned. (29346 bp)
		Unaligned bases: 29346  total: 2612175

CONTIG: contig63 (29930bp)
		This contig is unaligned. (29930 bp)
		Unaligned bases: 29930  total: 2642105

CONTIG: contig60 (5686bp)
		This contig is unaligned. (5686 bp)
		Unaligned bases: 5686  total: 2647791

CONTIG: contig61 (1164bp)
		This contig is unaligned. (1164 bp)
		Unaligned bases: 1164  total: 2648955

CONTIG: contig492 (3383bp)
		This contig is unaligned. (3383 bp)
		Unaligned bases: 3383  total: 2652338

CONTIG: contig696 (12713bp)
		This contig is unaligned. (12713 bp)
		Unaligned bases: 12713  total: 2665051

CONTIG: contig690 (1857bp)
		This contig is unaligned. (1857 bp)
		Unaligned bases: 1857  total: 2666908

CONTIG: contig649 (11608bp)
		This contig is unaligned. (11608 bp)
		Unaligned bases: 11608  total: 2678516

CONTIG: contig692 (12883bp)
		This contig is unaligned. (12883 bp)
		Unaligned bases: 12883  total: 2691399

CONTIG: contig693 (1629bp)
		This contig is unaligned. (1629 bp)
		Unaligned bases: 1629  total: 2693028

CONTIG: contig754 (545bp)
		This contig is unaligned. (545 bp)
		Unaligned bases: 545  total: 2693573

CONTIG: contig648 (2311bp)
		This contig is unaligned. (2311 bp)
		Unaligned bases: 2311  total: 2695884

CONTIG: contig753 (19896bp)
		This contig is unaligned. (19896 bp)
		Unaligned bases: 19896  total: 2715780

CONTIG: contig199 (933bp)
Top Length: 933  Top ID: 100.0
		One align captures most of this contig: 70768 71700 | 933 1 | 933 933 | 100.0 | gi|125654605|ref|NC_009007.1|_Rhodobacter_sphaeroides_2.4.1_plasmid_A__partial_sequence contig199

CONTIG: contig198 (2297bp)
Top Length: 2296  Top ID: 100.0
		One align captures most of this contig: 40034 42329 | 2296 1 | 2296 2296 | 100.0 | gi|125654605|ref|NC_009007.1|_Rhodobacter_sphaeroides_2.4.1_plasmid_A__partial_sequence contig198

CONTIG: contig193 (10192bp)
		This contig is unaligned. (10192 bp)
		Unaligned bases: 10192  total: 2725972

CONTIG: contig192 (1845bp)
		This contig is unaligned. (1845 bp)
		Unaligned bases: 1845  total: 2727817

CONTIG: contig197 (8515bp)
		This contig is unaligned. (8515 bp)
		Unaligned bases: 8515  total: 2736332

CONTIG: contig196 (2685bp)
		This contig is unaligned. (2685 bp)
		Unaligned bases: 2685  total: 2739017

CONTIG: contig195 (9368bp)
		This contig is unaligned. (9368 bp)
		Unaligned bases: 9368  total: 2748385

CONTIG: contig194 (2953bp)
		This contig is unaligned. (2953 bp)
		Unaligned bases: 2953  total: 2751338

CONTIG: contig577 (2280bp)
		This contig is unaligned. (2280 bp)
		Unaligned bases: 2280  total: 2753618

CONTIG: contig679 (863bp)
		This contig is unaligned. (863 bp)
		Unaligned bases: 863  total: 2754481

CONTIG: contig571 (2755bp)
		This contig is unaligned. (2755 bp)
		Unaligned bases: 2755  total: 2757236

CONTIG: contig151 (12706bp)
		This contig is unaligned. (12706 bp)
		Unaligned bases: 12706  total: 2769942

CONTIG: contig572 (32546bp)
		This contig is unaligned. (32546 bp)
		Unaligned bases: 32546  total: 2802488

CONTIG: contig672 (4183bp)
		This contig is unaligned. (4183 bp)
		Unaligned bases: 4183  total: 2806671

CONTIG: contig673 (5300bp)
		This contig is unaligned. (5300 bp)
		Unaligned bases: 5300  total: 2811971

CONTIG: contig150 (12473bp)
		This contig is unaligned. (12473 bp)
		Unaligned bases: 12473  total: 2824444

CONTIG: contig676 (14277bp)
		This contig is unaligned. (14277 bp)
		Unaligned bases: 14277  total: 2838721

CONTIG: contig677 (15835bp)
		This contig is unaligned. (15835 bp)
		Unaligned bases: 15835  total: 2854556

CONTIG: contig674 (2725bp)
		This contig is unaligned. (2725 bp)
		Unaligned bases: 2725  total: 2857281

CONTIG: contig675 (6381bp)
		This contig is unaligned. (6381 bp)
		Unaligned bases: 6381  total: 2863662

CONTIG: contig641 (633bp)
		This contig is unaligned. (633 bp)
		Unaligned bases: 633  total: 2864295

CONTIG: contig640 (15259bp)
		This contig is unaligned. (15259 bp)
		Unaligned bases: 15259  total: 2879554

CONTIG: contig498 (14068bp)
		This contig is unaligned. (14068 bp)
		Unaligned bases: 14068  total: 2893622

CONTIG: contig582 (907bp)
		This contig is unaligned. (907 bp)
		Unaligned bases: 907  total: 2894529

CONTIG: contig583 (15934bp)
		This contig is unaligned. (15934 bp)
		Unaligned bases: 15934  total: 2910463

CONTIG: contig584 (729bp)
		This contig is unaligned. (729 bp)
		Unaligned bases: 729  total: 2911192

CONTIG: contig276 (1739bp)
		This contig is unaligned. (1739 bp)
		Unaligned bases: 1739  total: 2912931

CONTIG: contig274 (4693bp)
		This contig is unaligned. (4693 bp)
		Unaligned bases: 4693  total: 2917624

CONTIG: contig275 (7626bp)
		This contig is unaligned. (7626 bp)
		Unaligned bases: 7626  total: 2925250

CONTIG: contig273 (4335bp)
		This contig is unaligned. (4335 bp)
		Unaligned bases: 4335  total: 2929585

CONTIG: contig270 (2830bp)
		This contig is unaligned. (2830 bp)
		Unaligned bases: 2830  total: 2932415

CONTIG: contig271 (716bp)
		This contig is unaligned. (716 bp)
		Unaligned bases: 716  total: 2933131

CONTIG: contig377 (2732bp)
		This contig is unaligned. (2732 bp)
		Unaligned bases: 2732  total: 2935863

CONTIG: contig376 (9277bp)
		This contig is unaligned. (9277 bp)
		Unaligned bases: 9277  total: 2945140

CONTIG: contig375 (6292bp)
		This contig is unaligned. (6292 bp)
		Unaligned bases: 6292  total: 2951432

CONTIG: contig374 (5106bp)
		This contig is unaligned. (5106 bp)
		Unaligned bases: 5106  total: 2956538

CONTIG: contig373 (3403bp)
		This contig is unaligned. (3403 bp)
		Unaligned bases: 3403  total: 2959941

CONTIG: contig372 (1923bp)
		This contig is unaligned. (1923 bp)
		Unaligned bases: 1923  total: 2961864

CONTIG: contig371 (36393bp)
		This contig is unaligned. (36393 bp)
		Unaligned bases: 36393  total: 2998257

CONTIG: contig279 (700bp)
Top Length: 700  Top ID: 100.0
		One align captures most of this contig: 23542 24241 | 700 1 | 700 700 | 100.0 | gi|125654605|ref|NC_009007.1|_Rhodobacter_sphaeroides_2.4.1_plasmid_A__partial_sequence contig279

CONTIG: contig409 (1685bp)
		This contig is unaligned. (1685 bp)
		Unaligned bases: 1685  total: 2999942

CONTIG: contig408 (12604bp)
		This contig is unaligned. (12604 bp)
		Unaligned bases: 12604  total: 3012546

CONTIG: contig671 (1946bp)
		This contig is unaligned. (1946 bp)
		Unaligned bases: 1946  total: 3014492

CONTIG: contig401 (1336bp)
Top Length: 1336  Top ID: 100.0
		One align captures most of this contig: 45326 46661 | 1 1336 | 1336 1336 | 100.0 | gi|125654605|ref|NC_009007.1|_Rhodobacter_sphaeroides_2.4.1_plasmid_A__partial_sequence contig401

CONTIG: contig403 (40081bp)
		This contig is unaligned. (40081 bp)
		Unaligned bases: 40081  total: 3054573

CONTIG: contig402 (968bp)
		This contig is unaligned. (968 bp)
		Unaligned bases: 968  total: 3055541

CONTIG: contig405 (12399bp)
		This contig is unaligned. (12399 bp)
		Unaligned bases: 12399  total: 3067940

CONTIG: contig404 (16721bp)
		This contig is unaligned. (16721 bp)
		Unaligned bases: 16721  total: 3084661

CONTIG: contig407 (13824bp)
		This contig is unaligned. (13824 bp)
		Unaligned bases: 13824  total: 3098485

CONTIG: contig406 (3043bp)
		This contig is unaligned. (3043 bp)
		Unaligned bases: 3043  total: 3101528

CONTIG: contig358 (1201bp)
		This contig is unaligned. (1201 bp)
		Unaligned bases: 1201  total: 3102729

CONTIG: contig798 (15282bp)
		This contig is unaligned. (15282 bp)
		Unaligned bases: 15282  total: 3118011

CONTIG: contig608 (601bp)
		This contig is unaligned. (601 bp)
		Unaligned bases: 601  total: 3118612

CONTIG: contig478 (11100bp)
		This contig is unaligned. (11100 bp)
		Unaligned bases: 11100  total: 3129712

CONTIG: contig479 (2200bp)
		This contig is unaligned. (2200 bp)
		Unaligned bases: 2200  total: 3131912

CONTIG: contig475 (5648bp)
		This contig is unaligned. (5648 bp)
		Unaligned bases: 5648  total: 3137560

CONTIG: contig476 (22108bp)
		This contig is unaligned. (22108 bp)
		Unaligned bases: 22108  total: 3159668

CONTIG: contig477 (10464bp)
		This contig is unaligned. (10464 bp)
		Unaligned bases: 10464  total: 3170132

CONTIG: contig470 (4177bp)
		This contig is unaligned. (4177 bp)
		Unaligned bases: 4177  total: 3174309

CONTIG: contig471 (639bp)
		This contig is unaligned. (639 bp)
		Unaligned bases: 639  total: 3174948

CONTIG: contig472 (2227bp)
		This contig is unaligned. (2227 bp)
		Unaligned bases: 2227  total: 3177175

CONTIG: contig351 (8054bp)
		This contig is unaligned. (8054 bp)
		Unaligned bases: 8054  total: 3185229

CONTIG: contig350 (1362bp)
		This contig is unaligned. (1362 bp)
		Unaligned bases: 1362  total: 3186591

CONTIG: contig601 (3746bp)
		This contig is unaligned. (3746 bp)
		Unaligned bases: 3746  total: 3190337

CONTIG: contig352 (12889bp)
		This contig is unaligned. (12889 bp)
		Unaligned bases: 12889  total: 3203226

CONTIG: contig607 (827bp)
		This contig is unaligned. (827 bp)
		Unaligned bases: 827  total: 3204053

CONTIG: contig606 (3447bp)
		This contig is unaligned. (3447 bp)
		Unaligned bases: 3447  total: 3207500

CONTIG: contig28 (20408bp)
Top Length: 17843  Top ID: 100.0
		This contig is partially unaligned. (17843 out of 20408)
		Alignment: 46621 64463 | 20408 2566 | 17843 17843 | 100.0 | gi|125654605|ref|NC_009007.1|_Rhodobacter_sphaeroides_2.4.1_plasmid_A__partial_sequence contig28
		Unaligned bases: 1 to 2565 (2565)
		This contig has both significant aligned and unaligned parts (of length >= min-contig)!

CONTIG: contig29 (2023bp)
Top Length: 2023  Top ID: 100.0
		One align captures most of this contig: 513 2535 | 2023 1 | 2023 2023 | 100.0 | gi|125654605|ref|NC_009007.1|_Rhodobacter_sphaeroides_2.4.1_plasmid_A__partial_sequence contig29

CONTIG: contig23 (16659bp)
		This contig is unaligned. (16659 bp)
		Unaligned bases: 16659  total: 3224159

CONTIG: contig20 (18000bp)
		This contig is unaligned. (18000 bp)
		Unaligned bases: 18000  total: 3242159

CONTIG: contig21 (12008bp)
		This contig is unaligned. (12008 bp)
		Unaligned bases: 12008  total: 3254167

CONTIG: contig26 (11754bp)
		This contig is unaligned. (11754 bp)
		Unaligned bases: 11754  total: 3265921

CONTIG: contig27 (39528bp)
		This contig is unaligned. (39528 bp)
		Unaligned bases: 39528  total: 3305449

CONTIG: contig24 (20189bp)
		This contig is unaligned. (20189 bp)
		Unaligned bases: 20189  total: 3325638

CONTIG: contig25 (2965bp)
		This contig is unaligned. (2965 bp)
		Unaligned bases: 2965  total: 3328603

CONTIG: contig388 (1010bp)
		This contig is unaligned. (1010 bp)
		Unaligned bases: 1010  total: 3329613

CONTIG: contig389 (5365bp)
		This contig is unaligned. (5365 bp)
		Unaligned bases: 5365  total: 3334978

CONTIG: contig386 (1117bp)
		This contig is unaligned. (1117 bp)
		Unaligned bases: 1117  total: 3336095

CONTIG: contig384 (10072bp)
		This contig is unaligned. (10072 bp)
		Unaligned bases: 10072  total: 3346167

CONTIG: contig382 (10064bp)
		This contig is unaligned. (10064 bp)
		Unaligned bases: 10064  total: 3356231

CONTIG: contig383 (13065bp)
		This contig is unaligned. (13065 bp)
		Unaligned bases: 13065  total: 3369296

CONTIG: contig380 (3145bp)
		This contig is unaligned. (3145 bp)
		Unaligned bases: 3145  total: 3372441

CONTIG: contig381 (3441bp)
		This contig is unaligned. (3441 bp)
		Unaligned bases: 3441  total: 3375882

CONTIG: contig157 (5342bp)
		This contig is unaligned. (5342 bp)
		Unaligned bases: 5342  total: 3381224

CONTIG: contig156 (6081bp)
		This contig is unaligned. (6081 bp)
		Unaligned bases: 6081  total: 3387305

CONTIG: contig153 (1077bp)
Top Length: 1077  Top ID: 100.0
		One align captures most of this contig: 84586 85662 | 1077 1 | 1077 1077 | 100.0 | gi|125654605|ref|NC_009007.1|_Rhodobacter_sphaeroides_2.4.1_plasmid_A__partial_sequence contig153

CONTIG: contig152 (7828bp)
		This contig is unaligned. (7828 bp)
		Unaligned bases: 7828  total: 3395133

CONTIG: contig99 (1712bp)
		This contig is unaligned. (1712 bp)
		Unaligned bases: 1712  total: 3396845

CONTIG: contig98 (5135bp)
		This contig is unaligned. (5135 bp)
		Unaligned bases: 5135  total: 3401980

CONTIG: contig97 (2978bp)
		This contig is unaligned. (2978 bp)
		Unaligned bases: 2978  total: 3404958

CONTIG: contig96 (594bp)
		This contig is unaligned. (594 bp)
		Unaligned bases: 594  total: 3405552

CONTIG: contig95 (19454bp)
		This contig is unaligned. (19454 bp)
		Unaligned bases: 19454  total: 3425006

CONTIG: contig94 (2271bp)
		This contig is unaligned. (2271 bp)
		Unaligned bases: 2271  total: 3427277

CONTIG: contig93 (3854bp)
		This contig is unaligned. (3854 bp)
		Unaligned bases: 3854  total: 3431131

CONTIG: contig92 (4867bp)
Top Length: 4864  Top ID: 100.0
		One align captures most of this contig: 65579 70442 | 4867 4 | 4864 4864 | 100.0 | gi|125654605|ref|NC_009007.1|_Rhodobacter_sphaeroides_2.4.1_plasmid_A__partial_sequence contig92

CONTIG: contig91 (6660bp)
		This contig is unaligned. (6660 bp)
		Unaligned bases: 6660  total: 3437791

CONTIG: contig90 (8753bp)
		This contig is unaligned. (8753 bp)
		Unaligned bases: 8753  total: 3446544

CONTIG: contig636 (3136bp)
		This contig is unaligned. (3136 bp)
		Unaligned bases: 3136  total: 3449680

CONTIG: contig637 (12557bp)
		This contig is unaligned. (12557 bp)
		Unaligned bases: 12557  total: 3462237

CONTIG: contig634 (37813bp)
		This contig is unaligned. (37813 bp)
		Unaligned bases: 37813  total: 3500050

CONTIG: contig635 (4731bp)
		This contig is unaligned. (4731 bp)
		Unaligned bases: 4731  total: 3504781

CONTIG: contig632 (10657bp)
		This contig is unaligned. (10657 bp)
		Unaligned bases: 10657  total: 3515438

CONTIG: contig633 (3854bp)
		This contig is unaligned. (3854 bp)
		Unaligned bases: 3854  total: 3519292

CONTIG: contig630 (2496bp)
		This contig is unaligned. (2496 bp)
		Unaligned bases: 2496  total: 3521788

CONTIG: contig631 (5196bp)
		This contig is unaligned. (5196 bp)
		Unaligned bases: 5196  total: 3526984

CONTIG: contig638 (775bp)
		This contig is unaligned. (775 bp)
		Unaligned bases: 775  total: 3527759

CONTIG: contig639 (28640bp)
		This contig is unaligned. (28640 bp)
		Unaligned bases: 28640  total: 3556399

CONTIG: contig339 (13956bp)
		This contig is unaligned. (13956 bp)
		Unaligned bases: 13956  total: 3570355

CONTIG: contig338 (8880bp)
		This contig is unaligned. (8880 bp)
		Unaligned bases: 8880  total: 3579235

CONTIG: contig332 (11988bp)
		This contig is unaligned. (11988 bp)
		Unaligned bases: 11988  total: 3591223

CONTIG: contig331 (2886bp)
		This contig is unaligned. (2886 bp)
		Unaligned bases: 2886  total: 3594109

CONTIG: contig330 (1918bp)
		This contig is unaligned. (1918 bp)
		Unaligned bases: 1918  total: 3596027

CONTIG: contig337 (8958bp)
		This contig is unaligned. (8958 bp)
		Unaligned bases: 8958  total: 3604985

CONTIG: contig336 (2203bp)
		This contig is unaligned. (2203 bp)
		Unaligned bases: 2203  total: 3607188

CONTIG: contig335 (3706bp)
		This contig is unaligned. (3706 bp)
		Unaligned bases: 3706  total: 3610894

CONTIG: contig706 (4095bp)
		This contig is unaligned. (4095 bp)
		Unaligned bases: 4095  total: 3614989

CONTIG: contig707 (5893bp)
		This contig is unaligned. (5893 bp)
		Unaligned bases: 5893  total: 3620882

CONTIG: contig708 (3207bp)
		This contig is unaligned. (3207 bp)
		Unaligned bases: 3207  total: 3624089

CONTIG: contig159 (772bp)
		This contig is unaligned. (772 bp)
		Unaligned bases: 772  total: 3624861

CONTIG: contig445 (564bp)
		This contig is unaligned. (564 bp)
		Unaligned bases: 564  total: 3625425

CONTIG: contig444 (1135bp)
		This contig is unaligned. (1135 bp)
		Unaligned bases: 1135  total: 3626560

CONTIG: contig447 (2649bp)
		This contig is unaligned. (2649 bp)
		Unaligned bases: 2649  total: 3629209

CONTIG: contig446 (5372bp)
		This contig is unaligned. (5372 bp)
		Unaligned bases: 5372  total: 3634581

CONTIG: contig441 (19624bp)
Top Length: 503  Top ID: 97.42
		This contig is partially unaligned. (503 out of 19624)
		Alignment: 64464 64967 | 15788 15286 | 504 503 | 97.42 | gi|125654605|ref|NC_009007.1|_Rhodobacter_sphaeroides_2.4.1_plasmid_A__partial_sequence contig441
		Unaligned bases: 1 to 15285 (15285)
		Unaligned bases: 15789 to 19624 (3836)
		This contig has both significant aligned and unaligned parts (of length >= min-contig)!

CONTIG: contig440 (3013bp)
		This contig is unaligned. (3013 bp)
		Unaligned bases: 3013  total: 3637594

CONTIG: contig443 (2074bp)
		This contig is unaligned. (2074 bp)
		Unaligned bases: 2074  total: 3639668

CONTIG: contig442 (5728bp)
		This contig is unaligned. (5728 bp)
		Unaligned bases: 5728  total: 3645396

CONTIG: contig522 (797bp)
		This contig is unaligned. (797 bp)
		Unaligned bases: 797  total: 3646193

CONTIG: contig520 (608bp)
		This contig is unaligned. (608 bp)
		Unaligned bases: 608  total: 3646801

CONTIG: contig449 (1587bp)
		This contig is unaligned. (1587 bp)
		Unaligned bases: 1587  total: 3648388

CONTIG: contig448 (631bp)
		This contig is unaligned. (631 bp)
		Unaligned bases: 631  total: 3649019

CONTIG: contig158 (3256bp)
		This contig is unaligned. (3256 bp)
		Unaligned bases: 3256  total: 3652275

CONTIG: contig209 (21330bp)
		This contig is unaligned. (21330 bp)
		Unaligned bases: 21330  total: 3673605

CONTIG: contig208 (10478bp)
		This contig is unaligned. (10478 bp)
		Unaligned bases: 10478  total: 3684083

CONTIG: contig207 (9805bp)
		This contig is unaligned. (9805 bp)
		Unaligned bases: 9805  total: 3693888

CONTIG: contig206 (3586bp)
		This contig is unaligned. (3586 bp)
		Unaligned bases: 3586  total: 3697474

CONTIG: contig205 (4903bp)
		This contig is unaligned. (4903 bp)
		Unaligned bases: 4903  total: 3702377

CONTIG: contig204 (10462bp)
		This contig is unaligned. (10462 bp)
		Unaligned bases: 10462  total: 3712839

CONTIG: contig200 (646bp)
		This contig is unaligned. (646 bp)
		Unaligned bases: 646  total: 3713485

CONTIG: contig695 (14276bp)
		This contig is unaligned. (14276 bp)
		Unaligned bases: 14276  total: 3727761

CONTIG: contig691 (1967bp)
		This contig is unaligned. (1967 bp)
		Unaligned bases: 1967  total: 3729728

CONTIG: contig709 (1170bp)
		This contig is unaligned. (1170 bp)
		Unaligned bases: 1170  total: 3730898

CONTIG: contig756 (835bp)
		This contig is unaligned. (835 bp)
		Unaligned bases: 835  total: 3731733

CONTIG: contig528 (1758bp)
		This contig is unaligned. (1758 bp)
		Unaligned bases: 1758  total: 3733491

CONTIG: contig529 (1956bp)
		This contig is unaligned. (1956 bp)
		Unaligned bases: 1956  total: 3735447

CONTIG: contig113 (4488bp)
		This contig is unaligned. (4488 bp)
		Unaligned bases: 4488  total: 3739935

CONTIG: contig112 (13087bp)
		This contig is unaligned. (13087 bp)
		Unaligned bases: 13087  total: 3753022

CONTIG: contig111 (2574bp)
		This contig is unaligned. (2574 bp)
		Unaligned bases: 2574  total: 3755596

CONTIG: contig110 (13807bp)
		This contig is unaligned. (13807 bp)
		Unaligned bases: 13807  total: 3769403

CONTIG: contig117 (6073bp)
Top Length: 6073  Top ID: 99.98
		One align captures most of this contig: 2609 8681 | 1 6073 | 6073 6073 | 99.98 | gi|125654605|ref|NC_009007.1|_Rhodobacter_sphaeroides_2.4.1_plasmid_A__partial_sequence contig117

CONTIG: contig116 (18462bp)
		This contig is unaligned. (18462 bp)
		Unaligned bases: 18462  total: 3787865

CONTIG: contig115 (7423bp)
		This contig is unaligned. (7423 bp)
		Unaligned bases: 7423  total: 3795288

CONTIG: contig114 (561bp)
		This contig is unaligned. (561 bp)
		Unaligned bases: 561  total: 3795849

CONTIG: contig119 (14942bp)
		This contig is unaligned. (14942 bp)
		Unaligned bases: 14942  total: 3810791

CONTIG: contig118 (1806bp)
		This contig is unaligned. (1806 bp)
		Unaligned bases: 1806  total: 3812597

CONTIG: contig19 (1707bp)
Top Length: 1707  Top ID: 100.0
		One align captures most of this contig: 78521 80227 | 1707 1 | 1707 1707 | 100.0 | gi|125654605|ref|NC_009007.1|_Rhodobacter_sphaeroides_2.4.1_plasmid_A__partial_sequence contig19

CONTIG: contig392 (2561bp)
		This contig is unaligned. (2561 bp)
		Unaligned bases: 2561  total: 3815158

CONTIG: contig526 (10410bp)
		This contig is unaligned. (10410 bp)
		Unaligned bases: 10410  total: 3825568

CONTIG: contig527 (8251bp)
		This contig is unaligned. (8251 bp)
		Unaligned bases: 8251  total: 3833819

CONTIG: contig71 (1628bp)
Top Length: 1628  Top ID: 100.0
		One align captures most of this contig: 81368 82995 | 1 1628 | 1628 1628 | 100.0 | gi|125654605|ref|NC_009007.1|_Rhodobacter_sphaeroides_2.4.1_plasmid_A__partial_sequence contig71

CONTIG: contig70 (1034bp)
		This contig is unaligned. (1034 bp)
		Unaligned bases: 1034  total: 3834853

CONTIG: contig73 (14630bp)
		This contig is unaligned. (14630 bp)
		Unaligned bases: 14630  total: 3849483

CONTIG: contig72 (16522bp)
		This contig is unaligned. (16522 bp)
		Unaligned bases: 16522  total: 3866005

CONTIG: contig75 (16504bp)
		This contig is unaligned. (16504 bp)
		Unaligned bases: 16504  total: 3882509

CONTIG: contig74 (9414bp)
		This contig is unaligned. (9414 bp)
		Unaligned bases: 9414  total: 3891923

CONTIG: contig77 (17574bp)
		This contig is unaligned. (17574 bp)
		Unaligned bases: 17574  total: 3909497

CONTIG: contig76 (5561bp)
		This contig is unaligned. (5561 bp)
		Unaligned bases: 5561  total: 3915058

CONTIG: contig79 (3042bp)
Top Length: 3042  Top ID: 100.0
		One align captures most of this contig: 24358 27399 | 1 3042 | 3042 3042 | 100.0 | gi|125654605|ref|NC_009007.1|_Rhodobacter_sphaeroides_2.4.1_plasmid_A__partial_sequence contig79

CONTIG: contig78 (2029bp)
		This contig is unaligned. (2029 bp)
		Unaligned bases: 2029  total: 3917087

CONTIG: contig746 (1593bp)
		This contig is unaligned. (1593 bp)
		Unaligned bases: 1593  total: 3918680

CONTIG: contig744 (5152bp)
		This contig is unaligned. (5152 bp)
		Unaligned bases: 5152  total: 3923832

CONTIG: contig745 (641bp)
		This contig is unaligned. (641 bp)
		Unaligned bases: 641  total: 3924473

CONTIG: contig742 (1889bp)
		This contig is unaligned. (1889 bp)
		Unaligned bases: 1889  total: 3926362

CONTIG: contig743 (803bp)
		This contig is unaligned. (803 bp)
		Unaligned bases: 803  total: 3927165

CONTIG: contig740 (1198bp)
		This contig is unaligned. (1198 bp)
		Unaligned bases: 1198  total: 3928363

CONTIG: contig741 (2709bp)
		This contig is unaligned. (2709 bp)
		Unaligned bases: 2709  total: 3931072

CONTIG: contig188 (8151bp)
		This contig is unaligned. (8151 bp)
		Unaligned bases: 8151  total: 3939223

CONTIG: contig189 (28386bp)
		This contig is unaligned. (28386 bp)
		Unaligned bases: 28386  total: 3967609

CONTIG: contig184 (926bp)
		This contig is unaligned. (926 bp)
		Unaligned bases: 926  total: 3968535

CONTIG: contig185 (9552bp)
		This contig is unaligned. (9552 bp)
		Unaligned bases: 9552  total: 3978087

CONTIG: contig186 (6142bp)
		This contig is unaligned. (6142 bp)
		Unaligned bases: 6142  total: 3984229

CONTIG: contig187 (6345bp)
		This contig is unaligned. (6345 bp)
		Unaligned bases: 6345  total: 3990574

CONTIG: contig180 (7322bp)
		This contig is unaligned. (7322 bp)
		Unaligned bases: 7322  total: 3997896

CONTIG: contig181 (26056bp)
		This contig is unaligned. (26056 bp)
		Unaligned bases: 26056  total: 4023952

CONTIG: contig182 (1877bp)
		This contig is unaligned. (1877 bp)
		Unaligned bases: 1877  total: 4025829

CONTIG: contig183 (2209bp)
		This contig is unaligned. (2209 bp)
		Unaligned bases: 2209  total: 4028038

CONTIG: contig566 (12581bp)
		This contig is unaligned. (12581 bp)
		Unaligned bases: 12581  total: 4040619

CONTIG: contig567 (18656bp)
		This contig is unaligned. (18656 bp)
		Unaligned bases: 18656  total: 4059275

CONTIG: contig565 (4050bp)
		This contig is unaligned. (4050 bp)
		Unaligned bases: 4050  total: 4063325

CONTIG: contig562 (8743bp)
		This contig is unaligned. (8743 bp)
		Unaligned bases: 8743  total: 4072068

CONTIG: contig563 (5398bp)
		This contig is unaligned. (5398 bp)
		Unaligned bases: 5398  total: 4077466

CONTIG: contig560 (2600bp)
		This contig is unaligned. (2600 bp)
		Unaligned bases: 2600  total: 4080066

CONTIG: contig561 (12101bp)
		This contig is unaligned. (12101 bp)
		Unaligned bases: 12101  total: 4092167

CONTIG: contig647 (9062bp)
		This contig is unaligned. (9062 bp)
		Unaligned bases: 9062  total: 4101229

CONTIG: contig646 (9729bp)
		This contig is unaligned. (9729 bp)
		Unaligned bases: 9729  total: 4110958

CONTIG: contig645 (1316bp)
		This contig is unaligned. (1316 bp)
		Unaligned bases: 1316  total: 4112274

CONTIG: contig644 (1475bp)
		This contig is unaligned. (1475 bp)
		Unaligned bases: 1475  total: 4113749

CONTIG: contig643 (717bp)
		This contig is unaligned. (717 bp)
		Unaligned bases: 717  total: 4114466

CONTIG: contig568 (7610bp)
		This contig is unaligned. (7610 bp)
		Unaligned bases: 7610  total: 4122076

CONTIG: contig569 (2029bp)
		This contig is unaligned. (2029 bp)
		Unaligned bases: 2029  total: 4124105

CONTIG: contig570 (937bp)
		This contig is unaligned. (937 bp)
		Unaligned bases: 937  total: 4125042

CONTIG: contig249 (6446bp)
		This contig is unaligned. (6446 bp)
		Unaligned bases: 6446  total: 4131488

CONTIG: contig242 (4390bp)
		This contig is unaligned. (4390 bp)
		Unaligned bases: 4390  total: 4135878

CONTIG: contig241 (2617bp)
		This contig is unaligned. (2617 bp)
		Unaligned bases: 2617  total: 4138495

CONTIG: contig240 (1921bp)
		This contig is unaligned. (1921 bp)
		Unaligned bases: 1921  total: 4140416

CONTIG: contig247 (33564bp)
		This contig is unaligned. (33564 bp)
		Unaligned bases: 33564  total: 4173980

CONTIG: contig246 (10171bp)
		This contig is unaligned. (10171 bp)
		Unaligned bases: 10171  total: 4184151

CONTIG: contig245 (3453bp)
		This contig is unaligned. (3453 bp)
		Unaligned bases: 3453  total: 4187604

CONTIG: contig362 (925bp)
		This contig is unaligned. (925 bp)
		Unaligned bases: 925  total: 4188529

CONTIG: contig363 (508bp)
		This contig is unaligned. (508 bp)
		Unaligned bases: 508  total: 4189037

CONTIG: contig364 (740bp)
		This contig is unaligned. (740 bp)
		Unaligned bases: 740  total: 4189777

CONTIG: contig366 (4056bp)
		This contig is unaligned. (4056 bp)
		Unaligned bases: 4056  total: 4193833

CONTIG: contig367 (6564bp)
		This contig is unaligned. (6564 bp)
		Unaligned bases: 6564  total: 4200397

CONTIG: contig368 (882bp)
		This contig is unaligned. (882 bp)
		Unaligned bases: 882  total: 4201279

CONTIG: contig369 (4428bp)
		This contig is unaligned. (4428 bp)
		Unaligned bases: 4428  total: 4205707

CONTIG: contig418 (2122bp)
		This contig is unaligned. (2122 bp)
		Unaligned bases: 2122  total: 4207829

CONTIG: contig419 (19208bp)
		This contig is unaligned. (19208 bp)
		Unaligned bases: 19208  total: 4227037

CONTIG: contig410 (4528bp)
		This contig is unaligned. (4528 bp)
		Unaligned bases: 4528  total: 4231565

CONTIG: contig411 (14188bp)
		This contig is unaligned. (14188 bp)
		Unaligned bases: 14188  total: 4245753

CONTIG: contig416 (4994bp)
		This contig is unaligned. (4994 bp)
		Unaligned bases: 4994  total: 4250747

CONTIG: contig417 (1471bp)
		This contig is unaligned. (1471 bp)
		Unaligned bases: 1471  total: 4252218

CONTIG: contig414 (5650bp)
		This contig is unaligned. (5650 bp)
		Unaligned bases: 5650  total: 4257868

CONTIG: contig415 (21714bp)
		This contig is unaligned. (21714 bp)
		Unaligned bases: 21714  total: 4279582

CONTIG: contig86 (7094bp)
Top Length: 7090  Top ID: 99.96
		One align captures most of this contig: 8645 15734 | 1 7090 | 7090 7090 | 99.96 | gi|125654605|ref|NC_009007.1|_Rhodobacter_sphaeroides_2.4.1_plasmid_A__partial_sequence contig86

CONTIG: contig87 (1416bp)
		This contig is unaligned. (1416 bp)
		Unaligned bases: 1416  total: 4280998

CONTIG: contig481 (3912bp)
		This contig is unaligned. (3912 bp)
		Unaligned bases: 3912  total: 4284910

CONTIG: contig480 (916bp)
		This contig is unaligned. (916 bp)
		Unaligned bases: 916  total: 4285826

CONTIG: contig483 (2502bp)
		This contig is unaligned. (2502 bp)
		Unaligned bases: 2502  total: 4288328

CONTIG: contig482 (5043bp)
		This contig is unaligned. (5043 bp)
		Unaligned bases: 5043  total: 4293371

CONTIG: contig485 (3863bp)
		This contig is unaligned. (3863 bp)
		Unaligned bases: 3863  total: 4297234

CONTIG: contig484 (1710bp)
		This contig is unaligned. (1710 bp)
		Unaligned bases: 1710  total: 4298944

CONTIG: contig487 (1644bp)
		This contig is unaligned. (1644 bp)
		Unaligned bases: 1644  total: 4300588

CONTIG: contig486 (6543bp)
		This contig is unaligned. (6543 bp)
		Unaligned bases: 6543  total: 4307131

CONTIG: contig668 (18756bp)
		This contig is unaligned. (18756 bp)
		Unaligned bases: 18756  total: 4325887

Analyzing coverage...
Writing SNPs into /usit/invitro/data/galaxy/master/sabbai/galaxy-dist/database/job_working_directory/000/732/dataset_769_files/contigs_reports/nucmer_output/RS-H-Velvet.used_snps
	Reference gi|125654605|ref|NC_009007.1|_Rhodobacter_sphaeroides_2.4.1_plasmid_A__partial_sequence: 29 total alignments. 1 total regions.
		Region: 1 to 114045 (114045 bp)
			START in gap: 1 to 513 (512 bp)
			Align 1: 513 2535 contig29 2023 1
				Gap between this and next alignment: 2535 to 2609 (73 bp)
				Next Alignment: 2609 8681 contig117 1 6073

			Align 2: 2609 8681 contig117 1 6073
				Negative gap (overlap) between this and next alignment: 8681 to 8645 (-36 bp)
				Next Alignment: 8645 15734 contig86 1 7090

			Previous gap was negative, modifying coordinates to ignore overlap
				Moving contig start from 1 to 38.
			Align 3: 8682 15734 contig86 38 7090
				Gap between this and next alignment: 15734 to 15753 (18 bp)
				Next Alignment: 15753 23425 contig126 4 7676

			Align 4: 15753 23425 contig126 4 7676
				Gap between this and next alignment: 23425 to 23542 (116 bp)
				Next Alignment: 23542 24241 contig279 700 1

			Align 5: 23542 24241 contig279 700 1
				Gap between this and next alignment: 24241 to 24358 (116 bp)
				Next Alignment: 24358 27399 contig79 1 3042

			Align 6: 24358 27399 contig79 1 3042
				Gap between this and next alignment: 27399 to 28649 (1249 bp)
				Next Alignment: 28649 32675 contig40 4039 13

			Align 7: 28649 32675 contig40 4039 13
				Negative gap (overlap) between this and next alignment: 32675 to 32645 (-30 bp)
				Next Alignment: 32645 39771 contig106 1 7127

			Previous gap was negative, modifying coordinates to ignore overlap
				Moving contig start from 1 to 32.
			Align 8: 32676 39771 contig106 32 7127
				Gap between this and next alignment: 39771 to 40034 (262 bp)
				Next Alignment: 40034 42329 contig198 2296 1

			Align 9: 40034 42329 contig198 2296 1
				Gap between this and next alignment: 42329 to 42455 (125 bp)
				Next Alignment: 42455 45373 contig355 1 2919

			Align 10: 42455 45373 contig355 1 2919
				Negative gap (overlap) between this and next alignment: 45373 to 45326 (-47 bp)
				Next Alignment: 45326 46661 contig401 1 1336

			Previous gap was negative, modifying coordinates to ignore overlap
				Moving contig start from 1 to 49.
			Align 11: 45374 46661 contig401 49 1336
				Negative gap (overlap) between this and next alignment: 46661 to 46621 (-40 bp)
				Next Alignment: 46621 64463 contig28 20408 2566

			Previous gap was negative, modifying coordinates to ignore overlap
				Moving contig start from 20408 to 20367.
			Align 12: 46662 64463 contig28 20367 2566
				Next Alignment: 64464 64967 contig441 15788 15286

			Align 13: 64464 64967 contig441 15788 15286
				Gap between this and next alignment: 64967 to 65579 (611 bp)
				Next Alignment: 65579 70442 contig92 4867 4

			Align 14: 65579 70442 contig92 4867 4
				Gap between this and next alignment: 70442 to 70768 (325 bp)
				Next Alignment: 70768 71700 contig199 933 1

			Align 15: 70768 71700 contig199 933 1
				Negative gap (overlap) between this and next alignment: 71700 to 71653 (-47 bp)
				Next Alignment: 71653 72335 contig163 1 683

			Previous gap was negative, modifying coordinates to ignore overlap
				Moving contig start from 1 to 49.
			Align 16: 71701 72335 contig163 49 683
				Gap between this and next alignment: 72335 to 72762 (426 bp)
				Next Alignment: 72762 75584 contig125 1 2823

			Align 17: 72762 75584 contig125 1 2823
				Gap between this and next alignment: 75584 to 75698 (113 bp)
				Next Alignment: 75698 78407 contig88 2710 1

			Align 18: 75698 78407 contig88 2710 1
				Gap between this and next alignment: 78407 to 78521 (113 bp)
				Next Alignment: 78521 80227 contig19 1707 1

			Align 19: 78521 80227 contig19 1707 1
				Gap between this and next alignment: 80227 to 81368 (1140 bp)
				Next Alignment: 81368 82995 contig71 1 1628

			Align 20: 81368 82995 contig71 1 1628
				Gap between this and next alignment: 82995 to 84586 (1590 bp)
				Next Alignment: 84586 85662 contig153 1077 1

			Align 21: 84586 85662 contig153 1077 1
				Gap between this and next alignment: 85662 to 86156 (493 bp)
				Next Alignment: 86156 87378 contig322 1 1223

			Align 22: 86156 87378 contig322 1 1223
				Negative gap (overlap) between this and next alignment: 87378 to 87370 (-8 bp)
				Next Alignment: 87370 88456 contig44 1 1087

			Previous gap was negative, modifying coordinates to ignore overlap
				Moving contig start from 1 to 10.
			Align 23: 87379 88456 contig44 10 1087
				Negative gap (overlap) between this and next alignment: 88456 to 88420 (-36 bp)
				Next Alignment: 88420 89053 contig80 1 634

			Previous gap was negative, modifying coordinates to ignore overlap
				Moving contig start from 1 to 38.
			Align 24: 88457 89053 contig80 38 634
				Negative gap (overlap) between this and next alignment: 89053 to 89019 (-34 bp)
				Next Alignment: 89019 90192 contig108 1 1174

			Previous gap was negative, modifying coordinates to ignore overlap
				Moving contig start from 1 to 36.
			Align 25: 89054 90192 contig108 36 1174
				Negative gap (overlap) between this and next alignment: 90192 to 90134 (-58 bp)
				Next Alignment: 90134 90291 contig236 157 1

			Previous gap was negative, modifying coordinates to ignore overlap
				Moving contig start from 157 to 99.
			Align 26: 90193 90291 contig236 99 1
				Gap between this and next alignment: 90291 to 90982 (690 bp)
				Next Alignment: 90982 91637 contig55 950 1606

			Align 27: 90982 91637 contig55 950 1606
				Negative gap (overlap) between this and next alignment: 91637 to 91591 (-46 bp)
				Next Alignment: 91591 97848 contig48 6261 4

			Previous gap was negative, modifying coordinates to ignore overlap
				Moving contig start from 6261 to 6214.
			Align 28: 91638 97848 contig48 6214 4
				Gap between this and next alignment: 97848 to 98038 (189 bp)
				Next Alignment: 98038 113828 contig42 15791 1

			Align 29: 98038 113828 contig42 15791 1
			END in gap: 113828 to 114045 (217 bp)

Analysis is finished!
Founded SNPs were written into /usit/invitro/data/galaxy/master/sabbai/galaxy-dist/database/job_working_directory/000/732/dataset_769_files/contigs_reports/nucmer_output/RS-H-Velvet.used_snps

Results:
	Local Misassemblies: 0
	Misassemblies: 0
		Relocations: 0
		Translocations: 0
		Inversions: 0
	Misassembled Contigs: 0
	Misassembled Contig Bases: 0
	Misassmblies Inter-Contig Overlap: 0
Uncovered Regions: 0 (0)
Unaligned Contigs: 556 + 5 part
Partially Unaligned Contigs with Misassemblies: 1
Unaligned Contig Bases: 4368062

Ambiguously Mapped Contigs: 0
Total Bases in Ambiguously Mapped Contigs: 0
Note that --allow-ambiguity option was set to "one" and only first alignment per each contig was used.

	Covered Bases: 105667

	SNPs: 28
	Insertions: 1
	Deletions: 1

	Positive Gaps: 19
		Internal Gaps:  0
		External Gaps:  19
		External Gap Total:  8378
		External Gap Average: 441
	Negative Gaps: 10
		Internal Overlaps:  0
		External Overlaps:  10
		External Overlaps Total: -382
		External Overlaps Average: -38
	Contigs with Redundant Alignments: 0 (0)
