1: PREPARING DATA
2,3: RUNNING mummer AND CREATING CLUSTERS
# reading input file "/software/galaxy/master/sabbai/galaxy-dist/database/job_working_directory/002/2286/dataset_2368_files/Contig/gage/tmp/dataset_2323.dat.ntref" of length 4033466
# construct suffix tree for sequence of length 4033466
# (maximum reference length is 536870908)
# (maximum query length is 4294967295)
# process 40334 characters per dot
#....................................................................................................
# CONSTRUCTIONTIME /software/galaxy/master/sabbai/galaxy-dist/tools/comparative_assembly_statistics/quast-2.2/libs/MUMmer3.23-linux/mummer /software/galaxy/master/sabbai/galaxy-dist/database/job_working_directory/002/2286/dataset_2368_files/Contig/gage/tmp/dataset_2323.dat.ntref 1.77
# reading input file "/software/galaxy/master/sabbai/galaxy-dist/database/job_working_directory/002/2286/dataset_2368_files/Contig/corrected_input/dataset_2323.dat" of length 318933
# matching query-file "/software/galaxy/master/sabbai/galaxy-dist/database/job_working_directory/002/2286/dataset_2368_files/Contig/corrected_input/dataset_2323.dat"
# against subject-file "/software/galaxy/master/sabbai/galaxy-dist/database/job_working_directory/002/2286/dataset_2368_files/Contig/gage/tmp/dataset_2323.dat.ntref"
# COMPLETETIME /software/galaxy/master/sabbai/galaxy-dist/tools/comparative_assembly_statistics/quast-2.2/libs/MUMmer3.23-linux/mummer /software/galaxy/master/sabbai/galaxy-dist/database/job_working_directory/002/2286/dataset_2368_files/Contig/gage/tmp/dataset_2323.dat.ntref 2.09
# SPACE /software/galaxy/master/sabbai/galaxy-dist/tools/comparative_assembly_statistics/quast-2.2/libs/MUMmer3.23-linux/mummer /software/galaxy/master/sabbai/galaxy-dist/database/job_working_directory/002/2286/dataset_2368_files/Contig/gage/tmp/dataset_2323.dat.ntref 4.22
4: FINISHING DATA
Filtering alignments
Extracting alignment coordinates
Analyzing SNPs
Extracting alignment breakpoints
Generating report file
