ERROR: Could not parse delta file, /software/galaxy/master/sabbai/galaxy-dist/database/job_working_directory/002/2206/dataset_2288_files/Contig/contigs_reports/nucmer_output/Velvet_1.2.delta
error no: 400
ERROR: Could not parse delta file, /software/galaxy/master/sabbai/galaxy-dist/database/job_working_directory/002/2206/dataset_2288_files/Contig/contigs_reports/nucmer_output/Velvet_1.2.delta
error no: 402
alaxy/master/sabbai/galaxy-dist/database/job_working_directory/002/2206/dataset_2288_files/Contig/contigs_reports/nucmer_output/Velvet_1.2.ntref" 2,3: RUNNING mummer AND CREATING CLUSTERS
# reading input file "/software/galaxy/master/sabbai/galaxy-dist/database/job_working_directory/002/2206/dataset_2288_files/Contig/contigs_reports/nucmer_output/Velvet_1.2.ntref" # reading input file "/software/galaxy/master/sabbai/galaxy-dist/database/job_working_directory/002/2206/dataset_2288_files/Contig/contigs_reports/nucmer_output/Velvet_1.2.ntref" of length 4033466
# construct suffix tree for sequence of length 4033466
# (maximum reference length is 536870908)
# (maximum query length is 4294967295)
# process 40334 characters per dot
#.of length 4033466
# construct suffix tree for sequence of length 4033466
# (maximum reference length is 536870908)
# (maximum query length is 4294967295)
# process 40334 characters per dot
.of length 4033466
# construct suffix tree for sequence of length 4033466
# (maximum reference length is 536870908)
# (maximum query length is 4294967295)
# process 40334 characters per dot
of length 4033466
# construct suffix tree for sequence of length 4033466
# (maximum reference length is 536870908)
# (maximum query length is 4294967295)
# process 40334 characters per dot
.#.#.#...........................................................................................................................................................................................................................................................................................................................................................................................
# CONSTRUCTIONTIME /software/galaxy/master/sabbai/galaxy-dist/tools/comparative_assembly_statistics/quast-2.2/libs/MUMmer3.23-linux/mummer /software/galaxy/master/sabbai/galaxy-dist/database/job_working_directory/002/2206/dataset_2288_files/Contig/contigs_reports/nucmer_output/Velvet_1.2.ntref 1.77
# reading input file "/software/galaxy/master/sabbai/galaxy-dist/database/job_working_directory/002/2206/dataset_2288_files/Contig/corrected_input/Velvet_1.2.08-Miseq" ...
# CONSTRUCTIONTIME /software/galaxy/master/sabbai/galaxy-dist/tools/comparative_assembly_statistics/quast-2.2/libs/MUMmer3.23-linux/mummer /software/galaxy/master/sabbai/galaxy-dist/database/job_working_directory/002/2206/dataset_2288_files/Contig/contigs_reports/nucmer_output/Velvet_1.2.ntref 1.78
# reading input file "/software/galaxy/master/sabbai/galaxy-dist/database/job_working_directory/002/2206/dataset_2288_files/Contig/corrected_input/Velvet_1.2.10-Miseq" ..of length 3891923
# matching query-file "/software/galaxy/master/sabbai/galaxy-dist/database/job_working_directory/002/2206/dataset_2288_files/Contig/corrected_input/Velvet_1.2.08-Miseq"
# against subject-file "/software/galaxy/master/sabbai/galaxy-dist/database/job_working_directory/002/2206/dataset_2288_files/Contig/contigs_reports/nucmer_output/Velvet_1.2.ntref"
..of length 3891923
# matching query-file "/software/galaxy/master/sabbai/galaxy-dist/database/job_working_directory/002/2206/dataset_2288_files/Contig/corrected_input/Velvet_1.2.10-Miseq"
# against subject-file "/software/galaxy/master/sabbai/galaxy-dist/database/job_working_directory/002/2206/dataset_2288_files/Contig/contigs_reports/nucmer_output/Velvet_1.2.ntref"
........
# CONSTRUCTIONTIME /software/galaxy/master/sabbai/galaxy-dist/tools/comparative_assembly_statistics/quast-2.2/libs/MUMmer3.23-linux/mummer /software/galaxy/master/sabbai/galaxy-dist/database/job_working_directory/002/2206/dataset_2288_files/Contig/contigs_reports/nucmer_output/Velvet_1.2.ntref 1.92
# reading input file "/software/galaxy/master/sabbai/galaxy-dist/database/job_working_directory/002/2206/dataset_2288_files/Contig/corrected_input/Velvet_1.2.08-Hiseq" .
# CONSTRUCTIONTIME /software/galaxy/master/sabbai/galaxy-dist/tools/comparative_assembly_statistics/quast-2.2/libs/MUMmer3.23-linux/mummer /software/galaxy/master/sabbai/galaxy-dist/database/job_working_directory/002/2206/dataset_2288_files/Contig/contigs_reports/nucmer_output/Velvet_1.2.ntref 1.94
# reading input file "/software/galaxy/master/sabbai/galaxy-dist/database/job_working_directory/002/2206/dataset_2288_files/Contig/corrected_input/Velvet_1.2.10-Hiseq" of length 3889987
# matching query-file "/software/galaxy/master/sabbai/galaxy-dist/database/job_working_directory/002/2206/dataset_2288_files/Contig/corrected_input/Velvet_1.2.08-Hiseq"
# against subject-file "/software/galaxy/master/sabbai/galaxy-dist/database/job_working_directory/002/2206/dataset_2288_files/Contig/contigs_reports/nucmer_output/Velvet_1.2.ntref"
of length 3889987
# matching query-file "/software/galaxy/master/sabbai/galaxy-dist/database/job_working_directory/002/2206/dataset_2288_files/Contig/corrected_input/Velvet_1.2.10-Hiseq"
# against subject-file "/software/galaxy/master/sabbai/galaxy-dist/database/job_working_directory/002/2206/dataset_2288_files/Contig/contigs_reports/nucmer_output/Velvet_1.2.ntref"
# COMPLETETIME /software/galaxy/master/sabbai/galaxy-dist/tools/comparative_assembly_statistics/quast-2.2/libs/MUMmer3.23-linux/mummer /software/galaxy/master/sabbai/galaxy-dist/database/job_working_directory/002/2206/dataset_2288_files/Contig/contigs_reports/nucmer_output/Velvet_1.2.ntref 5.64
# SPACE /software/galaxy/master/sabbai/galaxy-dist/tools/comparative_assembly_statistics/quast-2.2/libs/MUMmer3.23-linux/mummer /software/galaxy/master/sabbai/galaxy-dist/database/job_working_directory/002/2206/dataset_2288_files/Contig/contigs_reports/nucmer_output/Velvet_1.2.ntref 7.69
4: FINISHING DATA
# COMPLETETIME /software/galaxy/master/sabbai/galaxy-dist/tools/comparative_assembly_statistics/quast-2.2/libs/MUMmer3.23-linux/mummer /software/galaxy/master/sabbai/galaxy-dist/database/job_working_directory/002/2206/dataset_2288_files/Contig/contigs_reports/nucmer_output/Velvet_1.2.ntref 5.68
# SPACE /software/galaxy/master/sabbai/galaxy-dist/tools/comparative_assembly_statistics/quast-2.2/libs/MUMmer3.23-linux/mummer /software/galaxy/master/sabbai/galaxy-dist/database/job_working_directory/002/2206/dataset_2288_files/Contig/contigs_reports/nucmer_output/Velvet_1.2.ntref 7.69
4: FINISHING DATA
ERROR: Could not parse input from 'Query File'. 
Please check the filename and format, or file a bug report
ERROR: postnuc returned non-zero
ERROR: Could not parse input from 'Query File'. 
Please check the filename and format, or file a bug report
ERROR: postnuc returned non-zero
# COMPLETETIME /software/galaxy/master/sabbai/galaxy-dist/tools/comparative_assembly_statistics/quast-2.2/libs/MUMmer3.23-linux/mummer /software/galaxy/master/sabbai/galaxy-dist/database/job_working_directory/002/2206/dataset_2288_files/Contig/contigs_reports/nucmer_output/Velvet_1.2.ntref 5.94
# SPACE /software/galaxy/master/sabbai/galaxy-dist/tools/comparative_assembly_statistics/quast-2.2/libs/MUMmer3.23-linux/mummer /software/galaxy/master/sabbai/galaxy-dist/database/job_working_directory/002/2206/dataset_2288_files/Contig/contigs_reports/nucmer_output/Velvet_1.2.ntref 7.69
4: FINISHING DATA
# COMPLETETIME /software/galaxy/master/sabbai/galaxy-dist/tools/comparative_assembly_statistics/quast-2.2/libs/MUMmer3.23-linux/mummer /software/galaxy/master/sabbai/galaxy-dist/database/job_working_directory/002/2206/dataset_2288_files/Contig/contigs_reports/nucmer_output/Velvet_1.2.ntref 7.06
# SPACE /software/galaxy/master/sabbai/galaxy-dist/tools/comparative_assembly_statistics/quast-2.2/libs/MUMmer3.23-linux/mummer /software/galaxy/master/sabbai/galaxy-dist/database/job_working_directory/002/2206/dataset_2288_files/Contig/contigs_reports/nucmer_output/Velvet_1.2.ntref 7.69
4: FINISHING DATA
ERROR: Could not parse input from 'stdin'. 
Please check the filename and format, or file a bug report
ERROR: postnuc returned non-zero
ERROR: Could not parse input from 'stdin'. 
Please check the filename and format, or file a bug report
ERROR: postnuc returned non-zero
