/software/galaxy/master/sabbai/galaxy-dist/tools/comparative_assembly_statistics/quast-2.2/quast.py -o /software/galaxy/master/sabbai/galaxy-dist/database/job_working_directory/002/2237/dataset_2319_files/Contig -R /software/galaxy/master/sabbai/galaxy-dist/tools/comparative_assembly_statistics/reference/refGen/V_cholerae_O1_biovar_eltor_str_N1696.fna -G /software/galaxy/master/sabbai/galaxy-dist/tools/comparative_assembly_statistics/reference/genefiles/V_cholerae_O1_biovar_eltor_str_N1696.gff -l GAGE-B-Hiseq, Velvet_1208-Hiseq, GAGE-B-Miseq, Velvet_1208-Miseq --contig-thresholds 500,1000 /software/galaxy/master/sabbai/galaxy-dist/database/files/002/dataset_2198.dat /software/galaxy/master/sabbai/galaxy-dist/database/files/002/dataset_2202.dat /software/galaxy/master/sabbai/galaxy-dist/database/files/002/dataset_2200.dat /software/galaxy/master/sabbai/galaxy-dist/database/files/002/dataset_2204.dat

Version 2.2, build 19.07.2013 21:21


System information:
  OS: Linux-2.6.32-431.11.2.el6.x86_64-x86_64-with-redhat-6.5-Santiago
  Python version: 2.7.6
  CPUs number: 64

Started: 2014-06-17 21:26:35

Logging to /software/galaxy/master/sabbai/galaxy-dist/database/job_working_directory/002/2237/dataset_2319_files/Contig/quast.log

NOTICE: Output directory already exists. Existing Nucmer alignments can be used.

NOTICE: Maximum number of threads is set to 64 (use --threads option to set it manually)

Reference:
  /software/galaxy/master/sabbai/galaxy-dist/tools/comparative_assembly_statistics/reference/refGen/V_cholerae_O1_biovar_eltor_str_N1696.fna ==> V_cholerae_O1_biovar_eltor_str_N1696

Contigs:
  /software/galaxy/master/sabbai/galaxy-dist/database/files/002/dataset_2198.dat ==> GAGE-B-Hiseq
  /software/galaxy/master/sabbai/galaxy-dist/database/files/002/dataset_2202.dat ==> Velvet_1208-Hiseq
  /software/galaxy/master/sabbai/galaxy-dist/database/files/002/dataset_2200.dat ==> GAGE-B-Miseq
  /software/galaxy/master/sabbai/galaxy-dist/database/files/002/dataset_2204.dat ==> Velvet_1208-Miseq

2014-06-17 21:26:39
Running Basic statistics processor...
  Reference genome:
    V_cholerae_O1_biovar_eltor_str_N1696.fna, Reference length = 4033464, Reference GC % = 47.49
  Contig files: 
    1  GAGE-B-Hiseq
    2  Velvet_1208-Hiseq
    3  GAGE-B-Miseq
    4  Velvet_1208-Miseq
  Calculating N50 and L50...
    1  GAGE-B-Hiseq, N50 = 172545, L50 = 7, Total length = 3940257, GC % = 47.50, # N's per 100 kbp =  547.10
    2  Velvet_1208-Hiseq, N50 = 163386, L50 = 8, Total length = 3903678, GC % = 47.63, # N's per 100 kbp =  515.80
    3  GAGE-B-Miseq, N50 = 109996, L50 = 11, Total length = 3945576, GC % = 47.51, # N's per 100 kbp =  5.58
    4  Velvet_1208-Miseq, N50 = 105176, L50 = 12, Total length = 3892321, GC % = 47.69, # N's per 100 kbp =  1.28
  Drawing cumulative plot...
    saved to /software/galaxy/master/sabbai/galaxy-dist/database/job_working_directory/002/2237/dataset_2319_files/Contig/basic_stats/cumulative_plot.pdf
  Drawing GC content plot...
    saved to /software/galaxy/master/sabbai/galaxy-dist/database/job_working_directory/002/2237/dataset_2319_files/Contig/basic_stats/GC_content_plot.pdf
  Drawing Nx plot...
    saved to /software/galaxy/master/sabbai/galaxy-dist/database/job_working_directory/002/2237/dataset_2319_files/Contig/basic_stats/Nx_plot.pdf
  Drawing NGx plot...
    saved to /software/galaxy/master/sabbai/galaxy-dist/database/job_working_directory/002/2237/dataset_2319_files/Contig/basic_stats/NGx_plot.pdf
Done.

2014-06-17 21:26:42
Running Contig analyzer...
  1  GAGE-B-Hiseq
  2  Velvet_1208-Hiseq
  1  Logging to files /software/galaxy/master/sabbai/galaxy-dist/database/job_working_directory/002/2237/dataset_2319_files/Contig/contigs_reports/contigs_report_GAGE-B-Hiseq.stdout and contigs_report_GAGE-B-Hiseq.stderr...
  1  Running Nucmer... 
  2  Logging to files /software/galaxy/master/sabbai/galaxy-dist/database/job_working_directory/002/2237/dataset_2319_files/Contig/contigs_reports/contigs_report_Velvet_1208-Hiseq.stdout and contigs_report_Velvet_1208-Hiseq.stderr...
  4  Velvet_1208-Miseq
  3  GAGE-B-Miseq
  2  Running Nucmer... 
  4  Logging to files /software/galaxy/master/sabbai/galaxy-dist/database/job_working_directory/002/2237/dataset_2319_files/Contig/contigs_reports/contigs_report_Velvet_1208-Miseq.stdout and contigs_report_Velvet_1208-Miseq.stderr...
  3  Logging to files /software/galaxy/master/sabbai/galaxy-dist/database/job_working_directory/002/2237/dataset_2319_files/Contig/contigs_reports/contigs_report_GAGE-B-Miseq.stdout and contigs_report_GAGE-B-Miseq.stderr...
  4  Running Nucmer... 
  3  Running Nucmer... 
/software/galaxy/master/sabbai/galaxy-dist/database/job_working_directory/002/2237/dataset_2319_files/Contig/contigs_reports/alignments_GAGE-B-Hiseq.tsv
  336621 Analysis is finished.
/software/galaxy/master/sabbai/galaxy-dist/database/job_working_directory/002/2237/dataset_2319_files/Contig/contigs_reports/alignments_Velvet_1208-Miseq.tsv
  229574 Analysis is finished.
/software/galaxy/master/sabbai/galaxy-dist/database/job_working_directory/002/2237/dataset_2319_files/Contig/contigs_reports/alignments_Velvet_1208-Hiseq.tsv
  336625 Analysis is finished.
/software/galaxy/master/sabbai/galaxy-dist/database/job_working_directory/002/2237/dataset_2319_files/Contig/contigs_reports/alignments_GAGE-B-Miseq.tsv
  100012 Analysis is finished.
  Creating total report...
    saved to /software/galaxy/master/sabbai/galaxy-dist/database/job_working_directory/002/2237/dataset_2319_files/Contig/contigs_reports/misassemblies_report.txt, misassemblies_report.tsv, and misassemblies_report.tex
  Creating total report...
    saved to /software/galaxy/master/sabbai/galaxy-dist/database/job_working_directory/002/2237/dataset_2319_files/Contig/contigs_reports/unaligned_report.txt, unaligned_report.tsv, and unaligned_report.tex
Done.

2014-06-17 21:26:59
Running NA-NGA calculation...
  Calculating NA50 and NGA50...
    1  GAGE-B-Hiseq, Largest alignment = 521619, NA50 = 171505, NGA50 = 171505, LA50 = 7, LGA50 = 7
    2  Velvet_1208-Hiseq, Largest alignment = 409820, NA50 = 163055, NGA50 = 156829, LA50 = 8, LGA50 = 9
    3  GAGE-B-Miseq, Largest alignment = 246346, NA50 = 75901, NGA50 = 67096, LA50 = 13, LGA50 = 14
    4  Velvet_1208-Miseq, Largest alignment = 246346, NA50 = 105176, NGA50 = 105176, LA50 = 12, LGA50 = 12
  Drawing cumulative plot...
    saved to /software/galaxy/master/sabbai/galaxy-dist/database/job_working_directory/002/2237/dataset_2319_files/Contig/aligned_stats/cumulative_plot.pdf
  Drawing NAx plot...
    saved to /software/galaxy/master/sabbai/galaxy-dist/database/job_working_directory/002/2237/dataset_2319_files/Contig/aligned_stats/NAx_plot.pdf
  Drawing NGAx plot...
    saved to /software/galaxy/master/sabbai/galaxy-dist/database/job_working_directory/002/2237/dataset_2319_files/Contig/aligned_stats/NGAx_plot.pdf
  Done.

2014-06-17 21:27:01
Running Genome analyzer...
  Loaded 3693 genes
  NOTICE: Annotated operons file was not provided. Use -O option to specify it.
  1  GAGE-B-Hiseq
  2  Velvet_1208-Hiseq
  3  GAGE-B-Miseq
  4  Velvet_1208-Miseq
  Drawing genes cumulative plot...
    saved to /software/galaxy/master/sabbai/galaxy-dist/database/job_working_directory/002/2237/dataset_2319_files/Contig/genome_stats/genes_cumulative_plot.pdf
  Drawing # complete genes histogram...
    saved to /software/galaxy/master/sabbai/galaxy-dist/database/job_working_directory/002/2237/dataset_2319_files/Contig/genome_stats/complete_genes_histogram.pdf
  Drawing Genome fraction, % histogram...
    saved to /software/galaxy/master/sabbai/galaxy-dist/database/job_working_directory/002/2237/dataset_2319_files/Contig/genome_stats/genome_fraction_histogram.pdf
Done.

NOTICE: Genes are not predicted by default. Use --gene-finding option to enable it.

2014-06-17 21:27:13
Summarizing...
  Creating total report...
    saved to /software/galaxy/master/sabbai/galaxy-dist/database/job_working_directory/002/2237/dataset_2319_files/Contig/report.txt, report.tsv, and report.tex
  Transposed version of total report...
    saved to /software/galaxy/master/sabbai/galaxy-dist/database/job_working_directory/002/2237/dataset_2319_files/Contig/transposed_report.txt, transposed_report.tsv, and transposed_report.tex
  HTML version saved to /software/galaxy/master/sabbai/galaxy-dist/database/job_working_directory/002/2237/dataset_2319_files/Contig/report.html
  All pdf files are merged to /software/galaxy/master/sabbai/galaxy-dist/database/job_working_directory/002/2237/dataset_2319_files/Contig/plots.pdf
Log saved to /software/galaxy/master/sabbai/galaxy-dist/database/job_working_directory/002/2237/dataset_2319_files/Contig/quast.log

Finished: 2014-06-17 21:27:13
Elapsed time: 0:00:38.270462
