1: PREPARING DATA
2,3: RUNNING mummer AND CREATING CLUSTERS
# reading input file "/software/galaxy/master/sabbai/galaxy-dist/database/job_working_directory/002/2315/dataset_2397_files/Contig/gage/tmp/AH-H-Sga-Contig.ntref" of length 4744449
# construct suffix tree for sequence of length 4744449
# (maximum reference length is 536870908)
# (maximum query length is 4294967295)
# process 47444 characters per dot
#....................................................................................................
# CONSTRUCTIONTIME /software/galaxy/master/sabbai/galaxy-dist/tools/comparative_assembly_statistics/quast-2.2/libs/MUMmer3.23-linux/mummer /software/galaxy/master/sabbai/galaxy-dist/database/job_working_directory/002/2315/dataset_2397_files/Contig/gage/tmp/AH-H-Sga-Contig.ntref 2.07
# reading input file "/software/galaxy/master/sabbai/galaxy-dist/database/job_working_directory/002/2315/dataset_2397_files/Contig/corrected_input/AH-H-Sga-Contig" of length 4870078
# matching query-file "/software/galaxy/master/sabbai/galaxy-dist/database/job_working_directory/002/2315/dataset_2397_files/Contig/corrected_input/AH-H-Sga-Contig"
# against subject-file "/software/galaxy/master/sabbai/galaxy-dist/database/job_working_directory/002/2315/dataset_2397_files/Contig/gage/tmp/AH-H-Sga-Contig.ntref"
# COMPLETETIME /software/galaxy/master/sabbai/galaxy-dist/tools/comparative_assembly_statistics/quast-2.2/libs/MUMmer3.23-linux/mummer /software/galaxy/master/sabbai/galaxy-dist/database/job_working_directory/002/2315/dataset_2397_files/Contig/gage/tmp/AH-H-Sga-Contig.ntref 7.30
# SPACE /software/galaxy/master/sabbai/galaxy-dist/tools/comparative_assembly_statistics/quast-2.2/libs/MUMmer3.23-linux/mummer /software/galaxy/master/sabbai/galaxy-dist/database/job_working_directory/002/2315/dataset_2397_files/Contig/gage/tmp/AH-H-Sga-Contig.ntref 9.32
4: FINISHING DATA
Filtering alignments
Extracting alignment coordinates
Analyzing SNPs
Extracting alignment breakpoints
Generating report file
