Contig Stats
Total units: 53
Reference: 4744448
BasesInFasta: 4886581
Min: 943
Max: 526254
N10: 526254 COUNT: 1
N25: 307368 COUNT: 3
N50: 184389 COUNT: 8
N75: 104748 COUNT: 17
E-size:225137.12

Genome Size: 4744448
Assembly Size: 4886581
Chaff bases: 0
Missing Reference Bases: 3602922(75.94%)
Missing Assembly Bases: 3787848(77.52%)
Missing Assembly Contigs: 9(16.98%)
Duplicated Reference Bases: 1215
Compressed Reference Bases: 43456
Bad Trim: 1040766
Avg Idy: 95.81
SNPs: 44779
Indels < 5bp: 1194
Indels >= 5: 221
Inversions: 14
Relocation: 21
Translocation: 0

Corrected Contig Stats
Total units: 253
Reference: 4744448
BasesInFasta: 1089384
Min: 551
Max: 23529
N10: 7592 COUNT: 42
N25: 0 COUNT: 0
N50: 0 COUNT: 0
N75: 0 COUNT: 0
E-size:1786.98

