Aligning contigs to reference...
	Running Nucmer...
Parsing coords...
Loading Assembly...
Loading reference...
	Loaded [gi|117617447|ref|NC_008570.1|_Aeromonas_hydrophila_subsp._hydrophila_ATCC_7966_chromosome__complete_genome]
Loading SNPs...
Loading regions...
	No regions given, using whole reference.
	Total Regions: 1
	Total Region Length: 4744448
Analyzing contigs...
CONTIG: 201_10289_821896 (10289bp)
		This contig is unaligned. (10289 bp)
		Unaligned bases: 10289  total: 10289

CONTIG: 540_244971_19904489_74-_..._323+ (244971bp)
Top Length: 52419  Top ID: 95.49
		Skipping redundant alignment 1702573 1702658 | 243595 243510 | 86 86 | 98.84 | gi|117617447|ref|NC_008570.1|_Aeromonas_hydrophila_subsp._hydrophila_ATCC_7966_chromosome__complete_genome 540_244971_19904489_74-_..._323+
		Skipping redundant alignments after choosing the best set of alignments
		Skipping [1108231][1108316] redundant alignment 1108231 1108316 | 243595 243510 | 86 86 | 100.0 | gi|117617447|ref|NC_008570.1|_Aeromonas_hydrophila_subsp._hydrophila_ATCC_7966_chromosome__complete_genome 540_244971_19904489_74-_..._323+
		Skipping [1108347][1108432] redundant alignment 1108347 1108432 | 243595 243510 | 86 86 | 100.0 | gi|117617447|ref|NC_008570.1|_Aeromonas_hydrophila_subsp._hydrophila_ATCC_7966_chromosome__complete_genome 540_244971_19904489_74-_..._323+
		Skipping [1108463][1108548] redundant alignment 1108463 1108548 | 243595 243510 | 86 86 | 100.0 | gi|117617447|ref|NC_008570.1|_Aeromonas_hydrophila_subsp._hydrophila_ATCC_7966_chromosome__complete_genome 540_244971_19904489_74-_..._323+
		This contig is misassembled. 9 total aligns.
			Warning! This contig is more unaligned than misassembled. Contig length is 244971 and total length of all aligns is 55137
		Alignment: 1702437 1702522 | 243595 243510 | 86 86 | 100.0 | gi|117617447|ref|NC_008570.1|_Aeromonas_hydrophila_subsp._hydrophila_ATCC_7966_chromosome__complete_genome 540_244971_19904489_74-_..._323+
		Alignment: 3414420 3414494 | 243707 243633 | 75 75 | 100.0 | gi|117617447|ref|NC_008570.1|_Aeromonas_hydrophila_subsp._hydrophila_ATCC_7966_chromosome__complete_genome 540_244971_19904489_74-_..._323+
		Alignment: 4455592 4456684 | 244971 243879 | 1093 1093 | 97.53 | gi|117617447|ref|NC_008570.1|_Aeromonas_hydrophila_subsp._hydrophila_ATCC_7966_chromosome__complete_genome 540_244971_19904489_74-_..._323+
		Alignment: 4580149 4632477 | 139299 86881 | 52329 52419 | 95.49 | gi|117617447|ref|NC_008570.1|_Aeromonas_hydrophila_subsp._hydrophila_ATCC_7966_chromosome__complete_genome 540_244971_19904489_74-_..._323+
		Alignment: 4678443 4679906 | 19344 17881 | 1464 1464 | 95.56 | gi|117617447|ref|NC_008570.1|_Aeromonas_hydrophila_subsp._hydrophila_ATCC_7966_chromosome__complete_genome 540_244971_19904489_74-_..._323+
		Unaligned bases: 189834
		This contig has both significant aligned and unaligned parts (of length >= min-contig)!
CONTIG: 571_237457_18418222_370+_..._252- (237457bp)
Top Length: 17273  Top ID: 95.25
		Skipping redundant alignment 4268517 4268599 | 234899 234981 | 83 83 | 100.0 | gi|117617447|ref|NC_008570.1|_Aeromonas_hydrophila_subsp._hydrophila_ATCC_7966_chromosome__complete_genome 571_237457_18418222_370+_..._252-
		Skipping redundant alignment 3894446 3894526 | 234982 234902 | 81 81 | 100.0 | gi|117617447|ref|NC_008570.1|_Aeromonas_hydrophila_subsp._hydrophila_ATCC_7966_chromosome__complete_genome 571_237457_18418222_370+_..._252-
		This contig is misassembled. 7 total aligns.
			Warning! This contig is more unaligned than misassembled. Contig length is 237457 and total length of all aligns is 32314
		Alignment: 1210104 1210193 | 35145 35234 | 90 90 | 100.0 | gi|117617447|ref|NC_008570.1|_Aeromonas_hydrophila_subsp._hydrophila_ATCC_7966_chromosome__complete_genome 571_237457_18418222_370+_..._252-
		Alignment: 2827062 2829244 | 237457 235275 | 2183 2183 | 95.6 | gi|117617447|ref|NC_008570.1|_Aeromonas_hydrophila_subsp._hydrophila_ATCC_7966_chromosome__complete_genome 571_237457_18418222_370+_..._252-
		Alignment: 2829399 2829731 | 235122 234790 | 333 333 | 97.3 | gi|117617447|ref|NC_008570.1|_Aeromonas_hydrophila_subsp._hydrophila_ATCC_7966_chromosome__complete_genome 571_237457_18418222_370+_..._252-
		Alignment: 2887840 2905113 | 160395 143123 | 17274 17273 | 95.25 | gi|117617447|ref|NC_008570.1|_Aeromonas_hydrophila_subsp._hydrophila_ATCC_7966_chromosome__complete_genome 571_237457_18418222_370+_..._252-
		Alignment: 2999217 3011661 | 18170 5736 | 12445 12435 | 96.27 | gi|117617447|ref|NC_008570.1|_Aeromonas_hydrophila_subsp._hydrophila_ATCC_7966_chromosome__complete_genome 571_237457_18418222_370+_..._252-
		Unaligned bases: 205143
		This contig has both significant aligned and unaligned parts (of length >= min-contig)!
CONTIG: 595_118790_11967920_518+_445+_408+ (118790bp)
Top Length: 9058  Top ID: 95.24
		Skipping redundant alignment 87432 90177 | 118790 116045 | 2746 2746 | 99.34 | gi|117617447|ref|NC_008570.1|_Aeromonas_hydrophila_subsp._hydrophila_ATCC_7966_chromosome__complete_genome 595_118790_11967920_518+_445+_408+
		Skipping redundant alignment 217099 219833 | 118790 116056 | 2735 2735 | 99.56 | gi|117617447|ref|NC_008570.1|_Aeromonas_hydrophila_subsp._hydrophila_ATCC_7966_chromosome__complete_genome 595_118790_11967920_518+_445+_408+
		Skipping redundant alignment 4697907 4700641 | 116056 118790 | 2735 2735 | 99.52 | gi|117617447|ref|NC_008570.1|_Aeromonas_hydrophila_subsp._hydrophila_ATCC_7966_chromosome__complete_genome 595_118790_11967920_518+_445+_408+
		Skipping redundant alignment 165601 168335 | 118790 116056 | 2735 2735 | 99.49 | gi|117617447|ref|NC_008570.1|_Aeromonas_hydrophila_subsp._hydrophila_ATCC_7966_chromosome__complete_genome 595_118790_11967920_518+_445+_408+
		Skipping redundant alignment 806077 808811 | 118790 116056 | 2735 2735 | 99.41 | gi|117617447|ref|NC_008570.1|_Aeromonas_hydrophila_subsp._hydrophila_ATCC_7966_chromosome__complete_genome 595_118790_11967920_518+_445+_408+
		Skipping redundant alignment 935254 937988 | 118790 116056 | 2735 2735 | 99.41 | gi|117617447|ref|NC_008570.1|_Aeromonas_hydrophila_subsp._hydrophila_ATCC_7966_chromosome__complete_genome 595_118790_11967920_518+_445+_408+
		Skipping redundant alignment 3951787 3954521 | 116056 118790 | 2735 2735 | 99.41 | gi|117617447|ref|NC_008570.1|_Aeromonas_hydrophila_subsp._hydrophila_ATCC_7966_chromosome__complete_genome 595_118790_11967920_518+_445+_408+
		Skipping redundant alignments after choosing the best set of alignments
		Skipping [352175][355090] redundant alignment 352175 355090 | 118790 115869 | 2916 2922 | 98.77 | gi|117617447|ref|NC_008570.1|_Aeromonas_hydrophila_subsp._hydrophila_ATCC_7966_chromosome__complete_genome 595_118790_11967920_518+_445+_408+
		This contig is misassembled. 10 total aligns.
			Warning! This contig is more unaligned than misassembled. Contig length is 118790 and total length of all aligns is 11979
		Alignment: 4286980 4296040 | 1 9058 | 9061 9058 | 95.24 | gi|117617447|ref|NC_008570.1|_Aeromonas_hydrophila_subsp._hydrophila_ATCC_7966_chromosome__complete_genome 595_118790_11967920_518+_445+_408+
		Alignment: 4449338 4452252 | 115870 118790 | 2915 2921 | 98.7 | gi|117617447|ref|NC_008570.1|_Aeromonas_hydrophila_subsp._hydrophila_ATCC_7966_chromosome__complete_genome 595_118790_11967920_518+_445+_408+
		Unaligned bases: 106811
		This contig has both significant aligned and unaligned parts (of length >= min-contig)!
CONTIG: 592_128961_10607994_515+_386+ (128961bp)
Top Length: 28812  Top ID: 95.51
		This contig is misassembled. 5 total aligns.
			Warning! This contig is more unaligned than misassembled. Contig length is 128961 and total length of all aligns is 55590
		Alignment: 220133 243927 | 128877 105025 | 23795 23853 | 95.49 | gi|117617447|ref|NC_008570.1|_Aeromonas_hydrophila_subsp._hydrophila_ATCC_7966_chromosome__complete_genome 592_128961_10607994_515+_386+
		Alignment: 246810 247377 | 103009 102443 | 568 567 | 96.13 | gi|117617447|ref|NC_008570.1|_Aeromonas_hydrophila_subsp._hydrophila_ATCC_7966_chromosome__complete_genome 592_128961_10607994_515+_386+
		Alignment: 247959 249198 | 102358 101119 | 1240 1240 | 95.56 | gi|117617447|ref|NC_008570.1|_Aeromonas_hydrophila_subsp._hydrophila_ATCC_7966_chromosome__complete_genome 592_128961_10607994_515+_386+
		Alignment: 256511 257628 | 91093 89976 | 1118 1118 | 97.32 | gi|117617447|ref|NC_008570.1|_Aeromonas_hydrophila_subsp._hydrophila_ATCC_7966_chromosome__complete_genome 592_128961_10607994_515+_386+
		Alignment: 320383 349203 | 28812 1 | 28821 28812 | 95.51 | gi|117617447|ref|NC_008570.1|_Aeromonas_hydrophila_subsp._hydrophila_ATCC_7966_chromosome__complete_genome 592_128961_10607994_515+_386+
		Unaligned bases: 73371
		This contig has both significant aligned and unaligned parts (of length >= min-contig)!
CONTIG: 533_24828_4149525_40+_408+ (24828bp)
Top Length: 2968  Top ID: 98.38
		Skipping redundant alignment 352175 355090 | 24828 21907 | 2916 2922 | 98.77 | gi|117617447|ref|NC_008570.1|_Aeromonas_hydrophila_subsp._hydrophila_ATCC_7966_chromosome__complete_genome 533_24828_4149525_40+_408+
		Skipping redundant alignment 4449338 4452252 | 21908 24828 | 2915 2921 | 98.7 | gi|117617447|ref|NC_008570.1|_Aeromonas_hydrophila_subsp._hydrophila_ATCC_7966_chromosome__complete_genome 533_24828_4149525_40+_408+
		Skipping redundant alignment 87432 90177 | 24828 22083 | 2746 2746 | 99.34 | gi|117617447|ref|NC_008570.1|_Aeromonas_hydrophila_subsp._hydrophila_ATCC_7966_chromosome__complete_genome 533_24828_4149525_40+_408+
		Skipping redundant alignment 217099 219833 | 24828 22094 | 2735 2735 | 99.56 | gi|117617447|ref|NC_008570.1|_Aeromonas_hydrophila_subsp._hydrophila_ATCC_7966_chromosome__complete_genome 533_24828_4149525_40+_408+
		Skipping redundant alignment 4697907 4700641 | 22094 24828 | 2735 2735 | 99.52 | gi|117617447|ref|NC_008570.1|_Aeromonas_hydrophila_subsp._hydrophila_ATCC_7966_chromosome__complete_genome 533_24828_4149525_40+_408+
		Skipping redundant alignment 165601 168335 | 24828 22094 | 2735 2735 | 99.49 | gi|117617447|ref|NC_008570.1|_Aeromonas_hydrophila_subsp._hydrophila_ATCC_7966_chromosome__complete_genome 533_24828_4149525_40+_408+
		Skipping redundant alignment 806077 808811 | 24828 22094 | 2735 2735 | 99.41 | gi|117617447|ref|NC_008570.1|_Aeromonas_hydrophila_subsp._hydrophila_ATCC_7966_chromosome__complete_genome 533_24828_4149525_40+_408+
		Skipping redundant alignment 935254 937988 | 24828 22094 | 2735 2735 | 99.41 | gi|117617447|ref|NC_008570.1|_Aeromonas_hydrophila_subsp._hydrophila_ATCC_7966_chromosome__complete_genome 533_24828_4149525_40+_408+
		Skipping redundant alignment 3951787 3954521 | 22094 24828 | 2735 2735 | 99.41 | gi|117617447|ref|NC_008570.1|_Aeromonas_hydrophila_subsp._hydrophila_ATCC_7966_chromosome__complete_genome 533_24828_4149525_40+_408+
		This contig is partially unaligned. (2968 out of 24828)
		Alignment: 4366268 4369230 | 21861 24828 | 2963 2968 | 98.38 | gi|117617447|ref|NC_008570.1|_Aeromonas_hydrophila_subsp._hydrophila_ATCC_7966_chromosome__complete_genome 533_24828_4149525_40+_408+
		Unaligned bases: 1 to 21860 (21860)
		This contig has both significant aligned and unaligned parts (of length >= min-contig)!

CONTIG: 555_51380_4148484_214-_..._392- (51380bp)
Top Length: 2271  Top ID: 95.99
		Skipping redundant alignment 3894370 3894450 | 34925 34846 | 81 80 | 98.77 | gi|117617447|ref|NC_008570.1|_Aeromonas_hydrophila_subsp._hydrophila_ATCC_7966_chromosome__complete_genome 555_51380_4148484_214-_..._392-
		This contig is misassembled. 5 total aligns.
			Warning! This contig is more unaligned than misassembled. Contig length is 51380 and total length of all aligns is 4030
		Alignment: 29468 29559 | 102 193 | 92 92 | 98.91 | gi|117617447|ref|NC_008570.1|_Aeromonas_hydrophila_subsp._hydrophila_ATCC_7966_chromosome__complete_genome 555_51380_4148484_214-_..._392-
		Alignment: 4234478 4234571 | 254 346 | 94 93 | 98.94 | gi|117617447|ref|NC_008570.1|_Aeromonas_hydrophila_subsp._hydrophila_ATCC_7966_chromosome__complete_genome 555_51380_4148484_214-_..._392-
		Alignment: 4241951 4244221 | 7056 9326 | 2271 2271 | 95.99 | gi|117617447|ref|NC_008570.1|_Aeromonas_hydrophila_subsp._hydrophila_ATCC_7966_chromosome__complete_genome 555_51380_4148484_214-_..._392-
		Alignment: 4268641 4270214 | 34642 36215 | 1574 1574 | 97.71 | gi|117617447|ref|NC_008570.1|_Aeromonas_hydrophila_subsp._hydrophila_ATCC_7966_chromosome__complete_genome 555_51380_4148484_214-_..._392-
		Unaligned bases: 47350
		This contig has both significant aligned and unaligned parts (of length >= min-contig)!
CONTIG: 532_5110_1361136_38-_421+_38- (5110bp)
		This contig is unaligned. (5110 bp)
		Unaligned bases: 5110  total: 15399

CONTIG: 529_20623_2148821_38+_112+_523+ (20623bp)
		This contig is unaligned. (20623 bp)
		Unaligned bases: 20623  total: 36022

CONTIG: 600_291693_25545936_522-_..._408+ (291693bp)
Top Length: 9666  Top ID: 95.75
		Skipping redundant alignment 1702567 1702661 | 58262 58166 | 95 97 | 96.91 | gi|117617447|ref|NC_008570.1|_Aeromonas_hydrophila_subsp._hydrophila_ATCC_7966_chromosome__complete_genome 600_291693_25545936_522-_..._408+
		Skipping redundant alignment 4476176 4476261 | 58254 58169 | 86 86 | 100.0 | gi|117617447|ref|NC_008570.1|_Aeromonas_hydrophila_subsp._hydrophila_ATCC_7966_chromosome__complete_genome 600_291693_25545936_522-_..._408+
		Skipping redundant alignment 352175 355090 | 291693 288772 | 2916 2922 | 98.77 | gi|117617447|ref|NC_008570.1|_Aeromonas_hydrophila_subsp._hydrophila_ATCC_7966_chromosome__complete_genome 600_291693_25545936_522-_..._408+
		Skipping redundant alignment 4449338 4452252 | 288773 291693 | 2915 2921 | 98.7 | gi|117617447|ref|NC_008570.1|_Aeromonas_hydrophila_subsp._hydrophila_ATCC_7966_chromosome__complete_genome 600_291693_25545936_522-_..._408+
		Skipping redundant alignment 87432 90177 | 291693 288948 | 2746 2746 | 99.34 | gi|117617447|ref|NC_008570.1|_Aeromonas_hydrophila_subsp._hydrophila_ATCC_7966_chromosome__complete_genome 600_291693_25545936_522-_..._408+
		Skipping redundant alignment 217099 219833 | 291693 288959 | 2735 2735 | 99.56 | gi|117617447|ref|NC_008570.1|_Aeromonas_hydrophila_subsp._hydrophila_ATCC_7966_chromosome__complete_genome 600_291693_25545936_522-_..._408+
		Skipping redundant alignment 4697907 4700641 | 288959 291693 | 2735 2735 | 99.52 | gi|117617447|ref|NC_008570.1|_Aeromonas_hydrophila_subsp._hydrophila_ATCC_7966_chromosome__complete_genome 600_291693_25545936_522-_..._408+
		Skipping redundant alignment 165601 168335 | 291693 288959 | 2735 2735 | 99.49 | gi|117617447|ref|NC_008570.1|_Aeromonas_hydrophila_subsp._hydrophila_ATCC_7966_chromosome__complete_genome 600_291693_25545936_522-_..._408+
		Skipping redundant alignment 806077 808811 | 291693 288959 | 2735 2735 | 99.41 | gi|117617447|ref|NC_008570.1|_Aeromonas_hydrophila_subsp._hydrophila_ATCC_7966_chromosome__complete_genome 600_291693_25545936_522-_..._408+
		Skipping redundant alignment 935254 937988 | 291693 288959 | 2735 2735 | 99.41 | gi|117617447|ref|NC_008570.1|_Aeromonas_hydrophila_subsp._hydrophila_ATCC_7966_chromosome__complete_genome 600_291693_25545936_522-_..._408+
		Skipping redundant alignment 3951787 3954521 | 288959 291693 | 2735 2735 | 99.41 | gi|117617447|ref|NC_008570.1|_Aeromonas_hydrophila_subsp._hydrophila_ATCC_7966_chromosome__complete_genome 600_291693_25545936_522-_..._408+
		This contig is misassembled. 22 total aligns.
			Warning! This contig is more unaligned than misassembled. Contig length is 291693 and total length of all aligns is 22233
		Alignment: 959266 964553 | 267903 262608 | 5288 5296 | 95.45 | gi|117617447|ref|NC_008570.1|_Aeromonas_hydrophila_subsp._hydrophila_ATCC_7966_chromosome__complete_genome 600_291693_25545936_522-_..._408+
		Alignment: 964662 965785 | 262507 261388 | 1124 1120 | 95.91 | gi|117617447|ref|NC_008570.1|_Aeromonas_hydrophila_subsp._hydrophila_ATCC_7966_chromosome__complete_genome 600_291693_25545936_522-_..._408+
		Alignment: 1033421 1033748 | 194301 193974 | 328 328 | 97.26 | gi|117617447|ref|NC_008570.1|_Aeromonas_hydrophila_subsp._hydrophila_ATCC_7966_chromosome__complete_genome 600_291693_25545936_522-_..._408+
		Alignment: 1039043 1040989 | 193881 191934 | 1947 1948 | 95.13 | gi|117617447|ref|NC_008570.1|_Aeromonas_hydrophila_subsp._hydrophila_ATCC_7966_chromosome__complete_genome 600_291693_25545936_522-_..._408+
		Alignment: 1041140 1050789 | 191035 181370 | 9650 9666 | 95.75 | gi|117617447|ref|NC_008570.1|_Aeromonas_hydrophila_subsp._hydrophila_ATCC_7966_chromosome__complete_genome 600_291693_25545936_522-_..._408+
		Alignment: 1164049 1164147 | 25157 25059 | 99 99 | 98.99 | gi|117617447|ref|NC_008570.1|_Aeromonas_hydrophila_subsp._hydrophila_ATCC_7966_chromosome__complete_genome 600_291693_25545936_522-_..._408+
		Alignment: 1702390 1702524 | 58302 58167 | 135 136 | 97.79 | gi|117617447|ref|NC_008570.1|_Aeromonas_hydrophila_subsp._hydrophila_ATCC_7966_chromosome__complete_genome 600_291693_25545936_522-_..._408+
		Alignment: 1990449 1990948 | 500 1 | 500 500 | 95.4 | gi|117617447|ref|NC_008570.1|_Aeromonas_hydrophila_subsp._hydrophila_ATCC_7966_chromosome__complete_genome 600_291693_25545936_522-_..._408+
		Alignment: 4366268 4369230 | 288726 291693 | 2963 2968 | 98.42 | gi|117617447|ref|NC_008570.1|_Aeromonas_hydrophila_subsp._hydrophila_ATCC_7966_chromosome__complete_genome 600_291693_25545936_522-_..._408+
		Alignment: 4476176 4476261 | 58022 57937 | 86 86 | 100.0 | gi|117617447|ref|NC_008570.1|_Aeromonas_hydrophila_subsp._hydrophila_ATCC_7966_chromosome__complete_genome 600_291693_25545936_522-_..._408+
		Alignment: 4476176 4476261 | 58138 58053 | 86 86 | 100.0 | gi|117617447|ref|NC_008570.1|_Aeromonas_hydrophila_subsp._hydrophila_ATCC_7966_chromosome__complete_genome 600_291693_25545936_522-_..._408+
		Unaligned bases: 269460
		This contig has both significant aligned and unaligned parts (of length >= min-contig)!
CONTIG: 562_1137_106400_278+_..._522- (1137bp)
Top Length: 212  Top ID: 96.23
		This contig is partially unaligned. (212 out of 1137)
		Alignment: 1991311 1991522 | 212 1 | 212 212 | 96.23 | gi|117617447|ref|NC_008570.1|_Aeromonas_hydrophila_subsp._hydrophila_ATCC_7966_chromosome__complete_genome 562_1137_106400_278+_..._522-
		Unaligned bases: 213 to 1137 (925)

CONTIG: 596_73259_5710134_519+_..._329+ (73259bp)
Top Length: 5690  Top ID: 95.28
		This contig is misassembled. 3 total aligns.
			Warning! This contig is more unaligned than misassembled. Contig length is 73259 and total length of all aligns is 5849
		Alignment: 29370 29450 | 67690 67770 | 81 81 | 100.0 | gi|117617447|ref|NC_008570.1|_Aeromonas_hydrophila_subsp._hydrophila_ATCC_7966_chromosome__complete_genome 596_73259_5710134_519+_..._329+
		Alignment: 29627 29704 | 67453 67530 | 78 78 | 100.0 | gi|117617447|ref|NC_008570.1|_Aeromonas_hydrophila_subsp._hydrophila_ATCC_7966_chromosome__complete_genome 596_73259_5710134_519+_..._329+
		Alignment: 2049144 2054832 | 45388 39699 | 5689 5690 | 95.28 | gi|117617447|ref|NC_008570.1|_Aeromonas_hydrophila_subsp._hydrophila_ATCC_7966_chromosome__complete_genome 596_73259_5710134_519+_..._329+
		Unaligned bases: 67410
		This contig has both significant aligned and unaligned parts (of length >= min-contig)!
CONTIG: 602_49216_6201800_408-_..._463- (49216bp)
Top Length: 2968  Top ID: 98.42
		Skipping redundant alignment 352175 355090 | 1 2922 | 2916 2922 | 98.77 | gi|117617447|ref|NC_008570.1|_Aeromonas_hydrophila_subsp._hydrophila_ATCC_7966_chromosome__complete_genome 602_49216_6201800_408-_..._463-
		Skipping redundant alignment 4449338 4452252 | 2921 1 | 2915 2921 | 98.7 | gi|117617447|ref|NC_008570.1|_Aeromonas_hydrophila_subsp._hydrophila_ATCC_7966_chromosome__complete_genome 602_49216_6201800_408-_..._463-
		Skipping redundant alignment 87432 90177 | 1 2746 | 2746 2746 | 99.34 | gi|117617447|ref|NC_008570.1|_Aeromonas_hydrophila_subsp._hydrophila_ATCC_7966_chromosome__complete_genome 602_49216_6201800_408-_..._463-
		Skipping redundant alignment 217099 219833 | 1 2735 | 2735 2735 | 99.56 | gi|117617447|ref|NC_008570.1|_Aeromonas_hydrophila_subsp._hydrophila_ATCC_7966_chromosome__complete_genome 602_49216_6201800_408-_..._463-
		Skipping redundant alignment 4697907 4700641 | 2735 1 | 2735 2735 | 99.52 | gi|117617447|ref|NC_008570.1|_Aeromonas_hydrophila_subsp._hydrophila_ATCC_7966_chromosome__complete_genome 602_49216_6201800_408-_..._463-
		Skipping redundant alignment 165601 168335 | 1 2735 | 2735 2735 | 99.49 | gi|117617447|ref|NC_008570.1|_Aeromonas_hydrophila_subsp._hydrophila_ATCC_7966_chromosome__complete_genome 602_49216_6201800_408-_..._463-
		Skipping redundant alignment 806077 808811 | 1 2735 | 2735 2735 | 99.41 | gi|117617447|ref|NC_008570.1|_Aeromonas_hydrophila_subsp._hydrophila_ATCC_7966_chromosome__complete_genome 602_49216_6201800_408-_..._463-
		Skipping redundant alignment 935254 937988 | 1 2735 | 2735 2735 | 99.41 | gi|117617447|ref|NC_008570.1|_Aeromonas_hydrophila_subsp._hydrophila_ATCC_7966_chromosome__complete_genome 602_49216_6201800_408-_..._463-
		Skipping redundant alignment 3951787 3954521 | 2735 1 | 2735 2735 | 99.41 | gi|117617447|ref|NC_008570.1|_Aeromonas_hydrophila_subsp._hydrophila_ATCC_7966_chromosome__complete_genome 602_49216_6201800_408-_..._463-
		This contig is partially unaligned. (2968 out of 49216)
		Alignment: 4366268 4369230 | 2968 1 | 2963 2968 | 98.42 | gi|117617447|ref|NC_008570.1|_Aeromonas_hydrophila_subsp._hydrophila_ATCC_7966_chromosome__complete_genome 602_49216_6201800_408-_..._463-
		Unaligned bases: 2969 to 49216 (46248)
		This contig has both significant aligned and unaligned parts (of length >= min-contig)!

CONTIG: 541_122207_9944505_74-_521+ (122207bp)
Top Length: 21092  Top ID: 95.8
		This contig is misassembled. 2 total aligns.
			Warning! This contig is more unaligned than misassembled. Contig length is 122207 and total length of all aligns is 35696
		Alignment: 829744 844348 | 20661 35264 | 14605 14604 | 95.56 | gi|117617447|ref|NC_008570.1|_Aeromonas_hydrophila_subsp._hydrophila_ATCC_7966_chromosome__complete_genome 541_122207_9944505_74-_521+
		Alignment: 851034 872150 | 43145 64236 | 21117 21092 | 95.8 | gi|117617447|ref|NC_008570.1|_Aeromonas_hydrophila_subsp._hydrophila_ATCC_7966_chromosome__complete_genome 541_122207_9944505_74-_521+
		Unaligned bases: 86511
		This contig has both significant aligned and unaligned parts (of length >= min-contig)!
CONTIG: 567_1934_199658_323+_335+ (1934bp)
Top Length: 1139  Top ID: 97.63
		This contig is partially unaligned. (1139 out of 1934)
		Alignment: 4474706 4475844 | 1139 1 | 1139 1139 | 97.63 | gi|117617447|ref|NC_008570.1|_Aeromonas_hydrophila_subsp._hydrophila_ATCC_7966_chromosome__complete_genome 567_1934_199658_323+_335+
		Unaligned bases: 1140 to 1934 (795)
		This contig has both significant aligned and unaligned parts (of length >= min-contig)!

CONTIG: 566_20242_1814437_323+_..._323+ (20242bp)
Top Length: 20242  Top ID: 96.6
		Marking as insignificant: 4455499 4456637 | 1139 1 | 1139 1139 | 97.81 | gi|117617447|ref|NC_008570.1|_Aeromonas_hydrophila_subsp._hydrophila_ATCC_7966_chromosome__complete_genome 566_20242_1814437_323+_..._323+
		One align captures most of this contig: 4455592 4475844 | 20242 1 | 20253 20242 | 96.6 | gi|117617447|ref|NC_008570.1|_Aeromonas_hydrophila_subsp._hydrophila_ATCC_7966_chromosome__complete_genome 566_20242_1814437_323+_..._323+

CONTIG: 573_3039_2419910_386+_408+ (3039bp)
Top Length: 2922  Top ID: 98.77
		Skipping redundant alignment 87432 90177 | 3039 294 | 2746 2746 | 99.34 | gi|117617447|ref|NC_008570.1|_Aeromonas_hydrophila_subsp._hydrophila_ATCC_7966_chromosome__complete_genome 573_3039_2419910_386+_408+
		Skipping redundant alignment 217099 219833 | 3039 305 | 2735 2735 | 99.56 | gi|117617447|ref|NC_008570.1|_Aeromonas_hydrophila_subsp._hydrophila_ATCC_7966_chromosome__complete_genome 573_3039_2419910_386+_408+
		Skipping redundant alignment 4697907 4700641 | 305 3039 | 2735 2735 | 99.52 | gi|117617447|ref|NC_008570.1|_Aeromonas_hydrophila_subsp._hydrophila_ATCC_7966_chromosome__complete_genome 573_3039_2419910_386+_408+
		Skipping redundant alignment 165601 168335 | 3039 305 | 2735 2735 | 99.49 | gi|117617447|ref|NC_008570.1|_Aeromonas_hydrophila_subsp._hydrophila_ATCC_7966_chromosome__complete_genome 573_3039_2419910_386+_408+
		Skipping redundant alignment 806077 808811 | 3039 305 | 2735 2735 | 99.41 | gi|117617447|ref|NC_008570.1|_Aeromonas_hydrophila_subsp._hydrophila_ATCC_7966_chromosome__complete_genome 573_3039_2419910_386+_408+
		Skipping redundant alignment 935254 937988 | 3039 305 | 2735 2735 | 99.41 | gi|117617447|ref|NC_008570.1|_Aeromonas_hydrophila_subsp._hydrophila_ATCC_7966_chromosome__complete_genome 573_3039_2419910_386+_408+
		Skipping redundant alignment 3951787 3954521 | 305 3039 | 2735 2735 | 99.41 | gi|117617447|ref|NC_008570.1|_Aeromonas_hydrophila_subsp._hydrophila_ATCC_7966_chromosome__complete_genome 573_3039_2419910_386+_408+
		Skipping redundant alignments after choosing the best set of alignments
		Skipping [352175][355090] redundant alignment 352175 355090 | 3039 118 | 2916 2922 | 98.77 | gi|117617447|ref|NC_008570.1|_Aeromonas_hydrophila_subsp._hydrophila_ATCC_7966_chromosome__complete_genome 573_3039_2419910_386+_408+
		Skipping [4449338][4452252] redundant alignment 4449338 4452252 | 119 3039 | 2915 2921 | 98.7 | gi|117617447|ref|NC_008570.1|_Aeromonas_hydrophila_subsp._hydrophila_ATCC_7966_chromosome__complete_genome 573_3039_2419910_386+_408+
		This contig is partially unaligned. (2922 out of 3039)
		Alignment: 352175 355090 | 3039 118 | 2916 2922 | 98.77 | gi|117617447|ref|NC_008570.1|_Aeromonas_hydrophila_subsp._hydrophila_ATCC_7966_chromosome__complete_genome 573_3039_2419910_386+_408+
		Unaligned bases: 1 to 117 (117)

CONTIG: 598_30795_2423118_519-_316+ (30795bp)
Top Length: 159  Top ID: 98.11
		This contig is partially unaligned. (159 out of 30795)
		Alignment: 2073989 2074147 | 6386 6544 | 159 159 | 98.11 | gi|117617447|ref|NC_008570.1|_Aeromonas_hydrophila_subsp._hydrophila_ATCC_7966_chromosome__complete_genome 598_30795_2423118_519-_316+
		Unaligned bases: 1 to 6385 (6385)
		Unaligned bases: 6545 to 30795 (24251)

CONTIG: 565_8995_1201164_322+_38+ (8995bp)
		This contig is unaligned. (8995 bp)
		Unaligned bases: 8995  total: 45017

CONTIG: 368_627_43764 (627bp)
		This contig is unaligned. (627 bp)
		Unaligned bases: 627  total: 45644

CONTIG: 569_46517_3720329_333+_..._423+ (46517bp)
Top Length: 94  Top ID: 98.94
		This contig is misassembled. 2 total aligns.
			Warning! This contig is more unaligned than misassembled. Contig length is 46517 and total length of all aligns is 186
		Alignment: 29468 29559 | 157 66 | 92 92 | 98.91 | gi|117617447|ref|NC_008570.1|_Aeromonas_hydrophila_subsp._hydrophila_ATCC_7966_chromosome__complete_genome 569_46517_3720329_333+_..._423+
		Alignment: 4235038 4235130 | 304 211 | 93 94 | 98.94 | gi|117617447|ref|NC_008570.1|_Aeromonas_hydrophila_subsp._hydrophila_ATCC_7966_chromosome__complete_genome 569_46517_3720329_333+_..._423+
		Unaligned bases: 46331
CONTIG: 190_52632_4165041 (52632bp)
Top Length: 72  Top ID: 98.61
		This contig is partially unaligned. (72 out of 52632)
		Alignment: 551962 552033 | 72 1 | 72 72 | 98.61 | gi|117617447|ref|NC_008570.1|_Aeromonas_hydrophila_subsp._hydrophila_ATCC_7966_chromosome__complete_genome 190_52632_4165041
		Unaligned bases: 73 to 52632 (52560)

CONTIG: 588_33801_2670230_476-_132+_246+ (33801bp)
		This contig is unaligned. (33801 bp)
		Unaligned bases: 33801  total: 79445

CONTIG: 564_164903_12728339_320-_..._85+ (164903bp)
Top Length: 17598  Top ID: 95.02
		This contig is misassembled. 6 total aligns.
			Warning! This contig is more unaligned than misassembled. Contig length is 164903 and total length of all aligns is 32812
		Alignment: 2179195 2183381 | 1 4170 | 4187 4170 | 95.25 | gi|117617447|ref|NC_008570.1|_Aeromonas_hydrophila_subsp._hydrophila_ATCC_7966_chromosome__complete_genome 564_164903_12728339_320-_..._85+
		Alignment: 2183499 2185446 | 4271 6218 | 1948 1948 | 95.28 | gi|117617447|ref|NC_008570.1|_Aeromonas_hydrophila_subsp._hydrophila_ATCC_7966_chromosome__complete_genome 564_164903_12728339_320-_..._85+
		Alignment: 2185571 2189832 | 6343 10605 | 4262 4263 | 95.73 | gi|117617447|ref|NC_008570.1|_Aeromonas_hydrophila_subsp._hydrophila_ATCC_7966_chromosome__complete_genome 564_164903_12728339_320-_..._85+
		Alignment: 2204099 2221728 | 25575 43172 | 17630 17598 | 95.02 | gi|117617447|ref|NC_008570.1|_Aeromonas_hydrophila_subsp._hydrophila_ATCC_7966_chromosome__complete_genome 564_164903_12728339_320-_..._85+
		Alignment: 2221830 2223485 | 43299 44953 | 1656 1655 | 96.14 | gi|117617447|ref|NC_008570.1|_Aeromonas_hydrophila_subsp._hydrophila_ATCC_7966_chromosome__complete_genome 564_164903_12728339_320-_..._85+
		Alignment: 2339177 2342356 | 146927 150104 | 3180 3178 | 95.76 | gi|117617447|ref|NC_008570.1|_Aeromonas_hydrophila_subsp._hydrophila_ATCC_7966_chromosome__complete_genome 564_164903_12728339_320-_..._85+
		Unaligned bases: 132091
		This contig has both significant aligned and unaligned parts (of length >= min-contig)!
CONTIG: 601_38552_3032401_522-_..._202+ (38552bp)
Top Length: 4683  Top ID: 95.05
		Skipping redundant alignment 2826976 2827073 | 1017 1114 | 98 98 | 100.0 | gi|117617447|ref|NC_008570.1|_Aeromonas_hydrophila_subsp._hydrophila_ATCC_7966_chromosome__complete_genome 601_38552_3032401_522-_..._202+
		Skipping redundant alignments after choosing the best set of alignments
		Skipping [1211689][1212185] redundant alignment 1211689 1212185 | 500 4 | 497 497 | 95.37 | gi|117617447|ref|NC_008570.1|_Aeromonas_hydrophila_subsp._hydrophila_ATCC_7966_chromosome__complete_genome 601_38552_3032401_522-_..._202+
		This contig is misassembled. 5 total aligns.
			Warning! This contig is more unaligned than misassembled. Contig length is 38552 and total length of all aligns is 5283
		Alignment: 1955465 1955563 | 1017 1115 | 99 99 | 100.0 | gi|117617447|ref|NC_008570.1|_Aeromonas_hydrophila_subsp._hydrophila_ATCC_7966_chromosome__complete_genome 601_38552_3032401_522-_..._202+
		Alignment: 1974123 1978805 | 16285 11603 | 4683 4683 | 95.05 | gi|117617447|ref|NC_008570.1|_Aeromonas_hydrophila_subsp._hydrophila_ATCC_7966_chromosome__complete_genome 601_38552_3032401_522-_..._202+
		Alignment: 1990448 1990948 | 501 1 | 501 501 | 95.41 | gi|117617447|ref|NC_008570.1|_Aeromonas_hydrophila_subsp._hydrophila_ATCC_7966_chromosome__complete_genome 601_38552_3032401_522-_..._202+
		Unaligned bases: 33269
		This contig has both significant aligned and unaligned parts (of length >= min-contig)!
CONTIG: 554_52397_4244304_213+_..._74+ (52397bp)
Top Length: 2361  Top ID: 95.47
		This contig is partially unaligned. (2361 out of 52397)
		Alignment: 4397074 4399435 | 1024 3384 | 2362 2361 | 95.47 | gi|117617447|ref|NC_008570.1|_Aeromonas_hydrophila_subsp._hydrophila_ATCC_7966_chromosome__complete_genome 554_52397_4244304_213+_..._74+
		Unaligned bases: 1 to 1023 (1023)
		Unaligned bases: 3385 to 52397 (49013)
		This contig has both significant aligned and unaligned parts (of length >= min-contig)!

CONTIG: 561_916_87698_278+_30+_522- (916bp)
		This contig is unaligned. (916 bp)
		Unaligned bases: 916  total: 80361

CONTIG: 594_2408_212292_518+_123+_518+ (2408bp)
		This contig is unaligned. (2408 bp)
		Unaligned bases: 2408  total: 82769

CONTIG: 537_31313_2475160_68+_..._520- (31313bp)
		This contig is unaligned. (31313 bp)
		Unaligned bases: 31313  total: 114082

CONTIG: 577_3252_2612917_408+_..._130+ (3252bp)
Top Length: 3251  Top ID: 98.62
		Marking as insignificant: 165273 168335 | 3252 188 | 3063 3065 | 98.69 | gi|117617447|ref|NC_008570.1|_Aeromonas_hydrophila_subsp._hydrophila_ATCC_7966_chromosome__complete_genome 577_3252_2612917_408+_..._130+
		Marking as insignificant: 216769 219833 | 3252 188 | 3065 3065 | 99.15 | gi|117617447|ref|NC_008570.1|_Aeromonas_hydrophila_subsp._hydrophila_ATCC_7966_chromosome__complete_genome 577_3252_2612917_408+_..._130+
		Marking as insignificant: 805747 808811 | 3252 188 | 3065 3065 | 99.18 | gi|117617447|ref|NC_008570.1|_Aeromonas_hydrophila_subsp._hydrophila_ATCC_7966_chromosome__complete_genome 577_3252_2612917_408+_..._130+
		Marking as insignificant: 934924 937988 | 3252 188 | 3065 3065 | 99.25 | gi|117617447|ref|NC_008570.1|_Aeromonas_hydrophila_subsp._hydrophila_ATCC_7966_chromosome__complete_genome 577_3252_2612917_408+_..._130+
		Marking as insignificant: 3951787 3954851 | 188 3252 | 3065 3065 | 99.31 | gi|117617447|ref|NC_008570.1|_Aeromonas_hydrophila_subsp._hydrophila_ATCC_7966_chromosome__complete_genome 577_3252_2612917_408+_..._130+
		Marking as insignificant: 4697907 4700971 | 188 3252 | 3065 3065 | 99.41 | gi|117617447|ref|NC_008570.1|_Aeromonas_hydrophila_subsp._hydrophila_ATCC_7966_chromosome__complete_genome 577_3252_2612917_408+_..._130+
		Marking as insignificant: 87102 90177 | 3252 177 | 3076 3076 | 99.25 | gi|117617447|ref|NC_008570.1|_Aeromonas_hydrophila_subsp._hydrophila_ATCC_7966_chromosome__complete_genome 577_3252_2612917_408+_..._130+
		This contig has 3 significant alignments. [An ambiguously mapped contig]
		Using only first of these alignment (option --ambiguity-usage is set to "one"):
		Alignment: 4449338 4452582 | 2 3252 | 3245 3251 | 98.62 | gi|117617447|ref|NC_008570.1|_Aeromonas_hydrophila_subsp._hydrophila_ATCC_7966_chromosome__complete_genome 577_3252_2612917_408+_..._130+
		Skipping alignment  4366317 4369560 | 3 3252 | 3244 3250 | 98.62 | gi|117617447|ref|NC_008570.1|_Aeromonas_hydrophila_subsp._hydrophila_ATCC_7966_chromosome__complete_genome 577_3252_2612917_408+_..._130+
		Skipping alignment  351847 355090 | 3252 1 | 3244 3252 | 98.09 | gi|117617447|ref|NC_008570.1|_Aeromonas_hydrophila_subsp._hydrophila_ATCC_7966_chromosome__complete_genome 577_3252_2612917_408+_..._130+

CONTIG: 576_3252_2582540_408+_105+_130+ (3252bp)
Top Length: 3251  Top ID: 98.55
		Marking as insignificant: 165273 168335 | 3252 188 | 3063 3065 | 98.83 | gi|117617447|ref|NC_008570.1|_Aeromonas_hydrophila_subsp._hydrophila_ATCC_7966_chromosome__complete_genome 576_3252_2582540_408+_105+_130+
		Marking as insignificant: 805747 808811 | 3252 188 | 3065 3065 | 99.12 | gi|117617447|ref|NC_008570.1|_Aeromonas_hydrophila_subsp._hydrophila_ATCC_7966_chromosome__complete_genome 576_3252_2582540_408+_105+_130+
		Marking as insignificant: 934924 937988 | 3252 188 | 3065 3065 | 99.18 | gi|117617447|ref|NC_008570.1|_Aeromonas_hydrophila_subsp._hydrophila_ATCC_7966_chromosome__complete_genome 576_3252_2582540_408+_105+_130+
		Marking as insignificant: 3951787 3954851 | 188 3252 | 3065 3065 | 99.25 | gi|117617447|ref|NC_008570.1|_Aeromonas_hydrophila_subsp._hydrophila_ATCC_7966_chromosome__complete_genome 576_3252_2582540_408+_105+_130+
		Marking as insignificant: 4697907 4700971 | 188 3252 | 3065 3065 | 99.35 | gi|117617447|ref|NC_008570.1|_Aeromonas_hydrophila_subsp._hydrophila_ATCC_7966_chromosome__complete_genome 576_3252_2582540_408+_105+_130+
		Marking as insignificant: 216769 219833 | 3252 188 | 3065 3065 | 99.35 | gi|117617447|ref|NC_008570.1|_Aeromonas_hydrophila_subsp._hydrophila_ATCC_7966_chromosome__complete_genome 576_3252_2582540_408+_105+_130+
		Marking as insignificant: 87102 90177 | 3252 177 | 3076 3076 | 99.19 | gi|117617447|ref|NC_008570.1|_Aeromonas_hydrophila_subsp._hydrophila_ATCC_7966_chromosome__complete_genome 576_3252_2582540_408+_105+_130+
		This contig has 3 significant alignments. [An ambiguously mapped contig]
		Using only first of these alignment (option --ambiguity-usage is set to "one"):
		Alignment: 4449338 4452582 | 2 3252 | 3245 3251 | 98.55 | gi|117617447|ref|NC_008570.1|_Aeromonas_hydrophila_subsp._hydrophila_ATCC_7966_chromosome__complete_genome 576_3252_2582540_408+_105+_130+
		Skipping alignment  4366317 4369560 | 3 3252 | 3244 3250 | 98.55 | gi|117617447|ref|NC_008570.1|_Aeromonas_hydrophila_subsp._hydrophila_ATCC_7966_chromosome__complete_genome 576_3252_2582540_408+_105+_130+
		Skipping alignment  351847 355090 | 3252 1 | 3244 3252 | 98.22 | gi|117617447|ref|NC_008570.1|_Aeromonas_hydrophila_subsp._hydrophila_ATCC_7966_chromosome__complete_genome 576_3252_2582540_408+_105+_130+

CONTIG: 531_121603_10165066_38-_..._342- (121603bp)
Top Length: 1694  Top ID: 95.22
		Skipping redundant alignment 3487577 3487654 | 121442 121519 | 78 78 | 100.0 | gi|117617447|ref|NC_008570.1|_Aeromonas_hydrophila_subsp._hydrophila_ATCC_7966_chromosome__complete_genome 531_121603_10165066_38-_..._342-
		Skipping redundant alignment 3882144 3882304 | 121443 121603 | 161 161 | 100.0 | gi|117617447|ref|NC_008570.1|_Aeromonas_hydrophila_subsp._hydrophila_ATCC_7966_chromosome__complete_genome 531_121603_10165066_38-_..._342-
		Skipping redundant alignment 3882554 3882633 | 121443 121522 | 80 80 | 100.0 | gi|117617447|ref|NC_008570.1|_Aeromonas_hydrophila_subsp._hydrophila_ATCC_7966_chromosome__complete_genome 531_121603_10165066_38-_..._342-
		Skipping redundant alignment 3111385 3111463 | 121443 121521 | 79 79 | 100.0 | gi|117617447|ref|NC_008570.1|_Aeromonas_hydrophila_subsp._hydrophila_ATCC_7966_chromosome__complete_genome 531_121603_10165066_38-_..._342-
		This contig is misassembled. 6 total aligns.
			Warning! This contig is more unaligned than misassembled. Contig length is 121603 and total length of all aligns is 1902
		Alignment: 3774576 3776269 | 29178 30871 | 1694 1694 | 95.22 | gi|117617447|ref|NC_008570.1|_Aeromonas_hydrophila_subsp._hydrophila_ATCC_7966_chromosome__complete_genome 531_121603_10165066_38-_..._342-
		Alignment: 3881897 3882104 | 121396 121603 | 208 208 | 99.52 | gi|117617447|ref|NC_008570.1|_Aeromonas_hydrophila_subsp._hydrophila_ATCC_7966_chromosome__complete_genome 531_121603_10165066_38-_..._342-
		Unaligned bases: 119701
		This contig has both significant aligned and unaligned parts (of length >= min-contig)!
CONTIG: 591_2133_1500580_508+_..._130- (2133bp)
Top Length: 2133  Top ID: 98.92
		Marking as insignificant: 351847 352097 | 1877 2129 | 251 253 | 95.26 | gi|117617447|ref|NC_008570.1|_Aeromonas_hydrophila_subsp._hydrophila_ATCC_7966_chromosome__complete_genome 591_2133_1500580_508+_..._130-
		Marking as insignificant: 165273 165523 | 1877 2129 | 251 253 | 95.26 | gi|117617447|ref|NC_008570.1|_Aeromonas_hydrophila_subsp._hydrophila_ATCC_7966_chromosome__complete_genome 591_2133_1500580_508+_..._130-
		Marking as insignificant: 805747 806003 | 1877 2133 | 257 257 | 98.05 | gi|117617447|ref|NC_008570.1|_Aeromonas_hydrophila_subsp._hydrophila_ATCC_7966_chromosome__complete_genome 591_2133_1500580_508+_..._130-
		Marking as insignificant: 934924 935180 | 1877 2133 | 257 257 | 98.83 | gi|117617447|ref|NC_008570.1|_Aeromonas_hydrophila_subsp._hydrophila_ATCC_7966_chromosome__complete_genome 591_2133_1500580_508+_..._130-
		Marking as insignificant: 4700715 4700971 | 2133 1877 | 257 257 | 99.61 | gi|117617447|ref|NC_008570.1|_Aeromonas_hydrophila_subsp._hydrophila_ATCC_7966_chromosome__complete_genome 591_2133_1500580_508+_..._130-
		Marking as insignificant: 3954595 3954851 | 2133 1877 | 257 257 | 99.61 | gi|117617447|ref|NC_008570.1|_Aeromonas_hydrophila_subsp._hydrophila_ATCC_7966_chromosome__complete_genome 591_2133_1500580_508+_..._130-
		Marking as insignificant: 87102 87358 | 1877 2133 | 257 257 | 99.61 | gi|117617447|ref|NC_008570.1|_Aeromonas_hydrophila_subsp._hydrophila_ATCC_7966_chromosome__complete_genome 591_2133_1500580_508+_..._130-
		Marking as insignificant: 3955162 3956769 | 1608 1 | 1608 1608 | 99.0 | gi|117617447|ref|NC_008570.1|_Aeromonas_hydrophila_subsp._hydrophila_ATCC_7966_chromosome__complete_genome 591_2133_1500580_508+_..._130-
		Marking as insignificant: 4701280 4702887 | 1608 1 | 1608 1608 | 99.07 | gi|117617447|ref|NC_008570.1|_Aeromonas_hydrophila_subsp._hydrophila_ATCC_7966_chromosome__complete_genome 591_2133_1500580_508+_..._130-
		Marking as insignificant: 933006 934613 | 1 1608 | 1608 1608 | 99.07 | gi|117617447|ref|NC_008570.1|_Aeromonas_hydrophila_subsp._hydrophila_ATCC_7966_chromosome__complete_genome 591_2133_1500580_508+_..._130-
		Marking as insignificant: 803829 805436 | 1 1608 | 1608 1608 | 99.07 | gi|117617447|ref|NC_008570.1|_Aeromonas_hydrophila_subsp._hydrophila_ATCC_7966_chromosome__complete_genome 591_2133_1500580_508+_..._130-
		Marking as insignificant: 349932 351539 | 1 1608 | 1608 1608 | 99.07 | gi|117617447|ref|NC_008570.1|_Aeromonas_hydrophila_subsp._hydrophila_ATCC_7966_chromosome__complete_genome 591_2133_1500580_508+_..._130-
		Marking as insignificant: 163358 164965 | 1 1608 | 1608 1608 | 99.07 | gi|117617447|ref|NC_008570.1|_Aeromonas_hydrophila_subsp._hydrophila_ATCC_7966_chromosome__complete_genome 591_2133_1500580_508+_..._130-
		Marking as insignificant: 85160 86767 | 1 1608 | 1608 1608 | 99.07 | gi|117617447|ref|NC_008570.1|_Aeromonas_hydrophila_subsp._hydrophila_ATCC_7966_chromosome__complete_genome 591_2133_1500580_508+_..._130-
		This contig has 3 significant alignments. [An ambiguously mapped contig]
		Using only first of these alignment (option --ambiguity-usage is set to "one"):
		Alignment: 4369304 4371436 | 2133 1 | 2133 2133 | 98.92 | gi|117617447|ref|NC_008570.1|_Aeromonas_hydrophila_subsp._hydrophila_ATCC_7966_chromosome__complete_genome 591_2133_1500580_508+_..._130-
		Skipping alignment  4452326 4454458 | 2133 1 | 2133 2133 | 98.92 | gi|117617447|ref|NC_008570.1|_Aeromonas_hydrophila_subsp._hydrophila_ATCC_7966_chromosome__complete_genome 591_2133_1500580_508+_..._130-
		Skipping alignment  214893 217025 | 1 2133 | 2133 2133 | 98.87 | gi|117617447|ref|NC_008570.1|_Aeromonas_hydrophila_subsp._hydrophila_ATCC_7966_chromosome__complete_genome 591_2133_1500580_508+_..._130-

CONTIG: 539_3089_2444690_74+_408+ (3089bp)
Top Length: 3089  Top ID: 98.19
		Marking as insignificant: 3951787 3954521 | 355 3089 | 2735 2735 | 99.41 | gi|117617447|ref|NC_008570.1|_Aeromonas_hydrophila_subsp._hydrophila_ATCC_7966_chromosome__complete_genome 539_3089_2444690_74+_408+
		Marking as insignificant: 935254 937988 | 3089 355 | 2735 2735 | 99.41 | gi|117617447|ref|NC_008570.1|_Aeromonas_hydrophila_subsp._hydrophila_ATCC_7966_chromosome__complete_genome 539_3089_2444690_74+_408+
		Marking as insignificant: 165601 168335 | 3089 355 | 2735 2735 | 99.49 | gi|117617447|ref|NC_008570.1|_Aeromonas_hydrophila_subsp._hydrophila_ATCC_7966_chromosome__complete_genome 539_3089_2444690_74+_408+
		Marking as insignificant: 217099 219833 | 3089 355 | 2735 2735 | 99.56 | gi|117617447|ref|NC_008570.1|_Aeromonas_hydrophila_subsp._hydrophila_ATCC_7966_chromosome__complete_genome 539_3089_2444690_74+_408+
		Marking as insignificant: 87432 90177 | 3089 344 | 2746 2746 | 99.34 | gi|117617447|ref|NC_008570.1|_Aeromonas_hydrophila_subsp._hydrophila_ATCC_7966_chromosome__complete_genome 539_3089_2444690_74+_408+
		Marking as insignificant: 4366317 4369230 | 170 3089 | 2914 2920 | 98.7 | gi|117617447|ref|NC_008570.1|_Aeromonas_hydrophila_subsp._hydrophila_ATCC_7966_chromosome__complete_genome 539_3089_2444690_74+_408+
		This contig has 4 significant alignments. [An ambiguously mapped contig]
		Using only first of these alignment (option --ambiguity-usage is set to "one"):
		Alignment: 4449167 4452252 | 1 3089 | 3086 3089 | 98.19 | gi|117617447|ref|NC_008570.1|_Aeromonas_hydrophila_subsp._hydrophila_ATCC_7966_chromosome__complete_genome 539_3089_2444690_74+_408+
		Skipping alignment  352175 355259 | 3089 1 | 3085 3089 | 98.09 | gi|117617447|ref|NC_008570.1|_Aeromonas_hydrophila_subsp._hydrophila_ATCC_7966_chromosome__complete_genome 539_3089_2444690_74+_408+
		Skipping alignment  4697517 4700641 | 1 3089 | 3125 3089 | 97.41 | gi|117617447|ref|NC_008570.1|_Aeromonas_hydrophila_subsp._hydrophila_ATCC_7966_chromosome__complete_genome 539_3089_2444690_74+_408+
		Skipping alignment  806077 809201 | 3089 1 | 3125 3089 | 97.38 | gi|117617447|ref|NC_008570.1|_Aeromonas_hydrophila_subsp._hydrophila_ATCC_7966_chromosome__complete_genome 539_3089_2444690_74+_408+

CONTIG: 544_120788_10028717_118+_..._115- (120788bp)
Top Length: 6483  Top ID: 96.11
		Skipping redundant alignment 4141604 4141683 | 47339 47260 | 80 80 | 100.0 | gi|117617447|ref|NC_008570.1|_Aeromonas_hydrophila_subsp._hydrophila_ATCC_7966_chromosome__complete_genome 544_120788_10028717_118+_..._115-
		This contig is misassembled. 3 total aligns.
			Warning! This contig is more unaligned than misassembled. Contig length is 120788 and total length of all aligns is 11688
		Alignment: 4141559 4146766 | 47870 42666 | 5208 5205 | 96.16 | gi|117617447|ref|NC_008570.1|_Aeromonas_hydrophila_subsp._hydrophila_ATCC_7966_chromosome__complete_genome 544_120788_10028717_118+_..._115-
		Alignment: 4181173 4187654 | 6483 1 | 6482 6483 | 96.11 | gi|117617447|ref|NC_008570.1|_Aeromonas_hydrophila_subsp._hydrophila_ATCC_7966_chromosome__complete_genome 544_120788_10028717_118+_..._115-
		Unaligned bases: 109100
		This contig has both significant aligned and unaligned parts (of length >= min-contig)!
CONTIG: 535_654090_51660271_47-_..._211- (654090bp)
Top Length: 21135  Top ID: 95.17
		This contig is misassembled. 13 total aligns.
			Warning! This contig is more unaligned than misassembled. Contig length is 654090 and total length of all aligns is 65166
		Alignment: 1457945 1472944 | 158537 173550 | 15000 15014 | 95.35 | gi|117617447|ref|NC_008570.1|_Aeromonas_hydrophila_subsp._hydrophila_ATCC_7966_chromosome__complete_genome 535_654090_51660271_47-_..._211-
		Alignment: 1494743 1496225 | 173630 175109 | 1483 1480 | 96.22 | gi|117617447|ref|NC_008570.1|_Aeromonas_hydrophila_subsp._hydrophila_ATCC_7966_chromosome__complete_genome 535_654090_51660271_47-_..._211-
		Alignment: 1547165 1548446 | 232431 233712 | 1282 1282 | 96.02 | gi|117617447|ref|NC_008570.1|_Aeromonas_hydrophila_subsp._hydrophila_ATCC_7966_chromosome__complete_genome 535_654090_51660271_47-_..._211-
		Alignment: 1565203 1567487 | 249742 252033 | 2285 2292 | 95.42 | gi|117617447|ref|NC_008570.1|_Aeromonas_hydrophila_subsp._hydrophila_ATCC_7966_chromosome__complete_genome 535_654090_51660271_47-_..._211-
		Alignment: 1567873 1572682 | 252417 257220 | 4810 4804 | 95.6 | gi|117617447|ref|NC_008570.1|_Aeromonas_hydrophila_subsp._hydrophila_ATCC_7966_chromosome__complete_genome 535_654090_51660271_47-_..._211-
		Alignment: 1743180 1745815 | 416632 419267 | 2636 2636 | 95.07 | gi|117617447|ref|NC_008570.1|_Aeromonas_hydrophila_subsp._hydrophila_ATCC_7966_chromosome__complete_genome 535_654090_51660271_47-_..._211-
		Alignment: 1763710 1771534 | 443652 451480 | 7825 7829 | 95.26 | gi|117617447|ref|NC_008570.1|_Aeromonas_hydrophila_subsp._hydrophila_ATCC_7966_chromosome__complete_genome 535_654090_51660271_47-_..._211-
		Alignment: 1773109 1775298 | 461100 463289 | 2190 2190 | 95.62 | gi|117617447|ref|NC_008570.1|_Aeromonas_hydrophila_subsp._hydrophila_ATCC_7966_chromosome__complete_genome 535_654090_51660271_47-_..._211-
		Alignment: 1778532 1783934 | 467043 472442 | 5403 5400 | 95.48 | gi|117617447|ref|NC_008570.1|_Aeromonas_hydrophila_subsp._hydrophila_ATCC_7966_chromosome__complete_genome 535_654090_51660271_47-_..._211-
		Alignment: 1793759 1794690 | 488939 489870 | 932 932 | 96.03 | gi|117617447|ref|NC_008570.1|_Aeromonas_hydrophila_subsp._hydrophila_ATCC_7966_chromosome__complete_genome 535_654090_51660271_47-_..._211-
		Alignment: 3556664 3577791 | 34040 12906 | 21128 21135 | 95.17 | gi|117617447|ref|NC_008570.1|_Aeromonas_hydrophila_subsp._hydrophila_ATCC_7966_chromosome__complete_genome 535_654090_51660271_47-_..._211-
		Alignment: 4476176 4476261 | 375885 375970 | 86 86 | 100.0 | gi|117617447|ref|NC_008570.1|_Aeromonas_hydrophila_subsp._hydrophila_ATCC_7966_chromosome__complete_genome 535_654090_51660271_47-_..._211-
		Alignment: 4476176 4476261 | 376022 376107 | 86 86 | 98.84 | gi|117617447|ref|NC_008570.1|_Aeromonas_hydrophila_subsp._hydrophila_ATCC_7966_chromosome__complete_genome 535_654090_51660271_47-_..._211-
		Unaligned bases: 588924
		This contig has both significant aligned and unaligned parts (of length >= min-contig)!
CONTIG: 538_291113_23553586_70-_..._165- (291113bp)
Top Length: 9383  Top ID: 96.01
		Skipping redundant alignment 4454611 4454768 | 1 157 | 158 157 | 95.6 | gi|117617447|ref|NC_008570.1|_Aeromonas_hydrophila_subsp._hydrophila_ATCC_7966_chromosome__complete_genome 538_291113_23553586_70-_..._165-
		This contig is misassembled. 9 total aligns.
			Warning! This contig is more unaligned than misassembled. Contig length is 291113 and total length of all aligns is 33726
		Alignment: 214494 214738 | 244 1 | 245 244 | 95.1 | gi|117617447|ref|NC_008570.1|_Aeromonas_hydrophila_subsp._hydrophila_ATCC_7966_chromosome__complete_genome 538_291113_23553586_70-_..._165-
		Alignment: 609268 610800 | 244440 242914 | 1533 1527 | 95.89 | gi|117617447|ref|NC_008570.1|_Aeromonas_hydrophila_subsp._hydrophila_ATCC_7966_chromosome__complete_genome 538_291113_23553586_70-_..._165-
		Alignment: 610900 616817 | 242914 236995 | 5918 5920 | 95.09 | gi|117617447|ref|NC_008570.1|_Aeromonas_hydrophila_subsp._hydrophila_ATCC_7966_chromosome__complete_genome 538_291113_23553586_70-_..._165-
		Alignment: 616938 626312 | 234778 225396 | 9375 9383 | 96.01 | gi|117617447|ref|NC_008570.1|_Aeromonas_hydrophila_subsp._hydrophila_ATCC_7966_chromosome__complete_genome 538_291113_23553586_70-_..._165-
		Alignment: 626973 635270 | 223726 215417 | 8298 8310 | 96.55 | gi|117617447|ref|NC_008570.1|_Aeromonas_hydrophila_subsp._hydrophila_ATCC_7966_chromosome__complete_genome 538_291113_23553586_70-_..._165-
		Alignment: 786690 788956 | 20202 17937 | 2267 2266 | 95.11 | gi|117617447|ref|NC_008570.1|_Aeromonas_hydrophila_subsp._hydrophila_ATCC_7966_chromosome__complete_genome 538_291113_23553586_70-_..._165-
		Alignment: 792378 794699 | 13036 10716 | 2322 2321 | 95.56 | gi|117617447|ref|NC_008570.1|_Aeromonas_hydrophila_subsp._hydrophila_ATCC_7966_chromosome__complete_genome 538_291113_23553586_70-_..._165-
		Alignment: 794802 798557 | 8980 5225 | 3756 3756 | 95.08 | gi|117617447|ref|NC_008570.1|_Aeromonas_hydrophila_subsp._hydrophila_ATCC_7966_chromosome__complete_genome 538_291113_23553586_70-_..._165-
		Unaligned bases: 257387
		This contig has both significant aligned and unaligned parts (of length >= min-contig)!
CONTIG: 582_137136_11158717_420-_..._74+ (137136bp)
Top Length: 11754  Top ID: 95.12
		This contig is misassembled. 2 total aligns.
			Warning! This contig is more unaligned than misassembled. Contig length is 137136 and total length of all aligns is 12529
		Alignment: 422091 433832 | 69654 57901 | 11742 11754 | 95.12 | gi|117617447|ref|NC_008570.1|_Aeromonas_hydrophila_subsp._hydrophila_ATCC_7966_chromosome__complete_genome 582_137136_11158717_420-_..._74+
		Alignment: 479046 479820 | 19811 19037 | 775 775 | 95.87 | gi|117617447|ref|NC_008570.1|_Aeromonas_hydrophila_subsp._hydrophila_ATCC_7966_chromosome__complete_genome 582_137136_11158717_420-_..._74+
		Unaligned bases: 124607
		This contig has both significant aligned and unaligned parts (of length >= min-contig)!
CONTIG: 558_40693_3148023_266-_..._6+ (40693bp)
Top Length: 2847  Top ID: 95.19
		Skipping redundant alignment 2639180 2639267 | 40600 40513 | 88 88 | 98.86 | gi|117617447|ref|NC_008570.1|_Aeromonas_hydrophila_subsp._hydrophila_ATCC_7966_chromosome__complete_genome 558_40693_3148023_266-_..._6+
		Skipping redundant alignments after choosing the best set of alignments
		Skipping [2639260][2639441] redundant alignment 2639260 2639441 | 40693 40513 | 182 181 | 97.8 | gi|117617447|ref|NC_008570.1|_Aeromonas_hydrophila_subsp._hydrophila_ATCC_7966_chromosome__complete_genome 558_40693_3148023_266-_..._6+
		Skipping [2639780][2639960] redundant alignment 2639780 2639960 | 40693 40513 | 181 181 | 97.79 | gi|117617447|ref|NC_008570.1|_Aeromonas_hydrophila_subsp._hydrophila_ATCC_7966_chromosome__complete_genome 558_40693_3148023_266-_..._6+
		This contig is misassembled. 5 total aligns.
			Warning! This contig is more unaligned than misassembled. Contig length is 40693 and total length of all aligns is 3028
		Alignment: 2639953 2640133 | 40693 40513 | 181 181 | 97.24 | gi|117617447|ref|NC_008570.1|_Aeromonas_hydrophila_subsp._hydrophila_ATCC_7966_chromosome__complete_genome 558_40693_3148023_266-_..._6+
		Alignment: 2656667 2659515 | 24749 21903 | 2849 2847 | 95.19 | gi|117617447|ref|NC_008570.1|_Aeromonas_hydrophila_subsp._hydrophila_ATCC_7966_chromosome__complete_genome 558_40693_3148023_266-_..._6+
		Unaligned bases: 37665
		This contig has both significant aligned and unaligned parts (of length >= min-contig)!
CONTIG: 589_114887_9490809_507+_..._523+ (114887bp)
Top Length: 16166  Top ID: 95.88
		Skipping redundant alignments after choosing the best set of alignments
		Skipping [4234626][4234716] redundant alignment 4234626 4234716 | 42862 42772 | 91 91 | 98.9 | gi|117617447|ref|NC_008570.1|_Aeromonas_hydrophila_subsp._hydrophila_ATCC_7966_chromosome__complete_genome 589_114887_9490809_507+_..._523+
		This contig is misassembled. 9 total aligns.
			Warning! This contig is more unaligned than misassembled. Contig length is 114887 and total length of all aligns is 48636
		Alignment: 1 6385 | 73142 66757 | 6385 6386 | 95.4 | gi|117617447|ref|NC_008570.1|_Aeromonas_hydrophila_subsp._hydrophila_ATCC_7966_chromosome__complete_genome 589_114887_9490809_507+_..._523+
		Alignment: 73200 74882 | 11584 9902 | 1683 1683 | 95.07 | gi|117617447|ref|NC_008570.1|_Aeromonas_hydrophila_subsp._hydrophila_ATCC_7966_chromosome__complete_genome 589_114887_9490809_507+_..._523+
		Alignment: 75000 84915 | 9920 1 | 9916 9920 | 95.14 | gi|117617447|ref|NC_008570.1|_Aeromonas_hydrophila_subsp._hydrophila_ATCC_7966_chromosome__complete_genome 589_114887_9490809_507+_..._523+
		Alignment: 2026836 2026916 | 42881 42961 | 81 81 | 100.0 | gi|117617447|ref|NC_008570.1|_Aeromonas_hydrophila_subsp._hydrophila_ATCC_7966_chromosome__complete_genome 589_114887_9490809_507+_..._523+
		Alignment: 2027076 2027157 | 42636 42717 | 82 82 | 98.78 | gi|117617447|ref|NC_008570.1|_Aeromonas_hydrophila_subsp._hydrophila_ATCC_7966_chromosome__complete_genome 589_114887_9490809_507+_..._523+
		Alignment: 4234887 4234977 | 42862 42772 | 91 91 | 98.9 | gi|117617447|ref|NC_008570.1|_Aeromonas_hydrophila_subsp._hydrophila_ATCC_7966_chromosome__complete_genome 589_114887_9490809_507+_..._523+
		Alignment: 4714011 4730177 | 103654 87489 | 16167 16166 | 95.88 | gi|117617447|ref|NC_008570.1|_Aeromonas_hydrophila_subsp._hydrophila_ATCC_7966_chromosome__complete_genome 589_114887_9490809_507+_..._523+
		Alignment: 4730278 4744448 | 87388 73143 | 14171 14246 | 95.91 | gi|117617447|ref|NC_008570.1|_Aeromonas_hydrophila_subsp._hydrophila_ATCC_7966_chromosome__complete_genome 589_114887_9490809_507+_..._523+
		Unaligned bases: 66251
		This contig has both significant aligned and unaligned parts (of length >= min-contig)!
CONTIG: 557_268392_20819733_242+_526-_209+ (268392bp)
Top Length: 39422  Top ID: 95.08
		This contig is misassembled. 3 total aligns.
			Warning! This contig is more unaligned than misassembled. Contig length is 268392 and total length of all aligns is 50725
		Alignment: 2357199 2364127 | 268392 261488 | 6929 6905 | 95.79 | gi|117617447|ref|NC_008570.1|_Aeromonas_hydrophila_subsp._hydrophila_ATCC_7966_chromosome__complete_genome 557_268392_20819733_242+_526-_209+
		Alignment: 2367319 2406740 | 261415 221994 | 39422 39422 | 95.08 | gi|117617447|ref|NC_008570.1|_Aeromonas_hydrophila_subsp._hydrophila_ATCC_7966_chromosome__complete_genome 557_268392_20819733_242+_526-_209+
		Alignment: 2576209 2580604 | 53510 49113 | 4396 4398 | 95.23 | gi|117617447|ref|NC_008570.1|_Aeromonas_hydrophila_subsp._hydrophila_ATCC_7966_chromosome__complete_genome 557_268392_20819733_242+_526-_209+
		Unaligned bases: 217667
		This contig has both significant aligned and unaligned parts (of length >= min-contig)!
CONTIG: 550_78464_6409438_164+_..._386+ (78464bp)
Top Length: 16501  Top ID: 95.21
		Skipping redundant alignments after choosing the best set of alignments
		Skipping [4454493][4454752] redundant alignment 4454493 4454752 | 1 261 | 260 261 | 95.42 | gi|117617447|ref|NC_008570.1|_Aeromonas_hydrophila_subsp._hydrophila_ATCC_7966_chromosome__complete_genome 550_78464_6409438_164+_..._386+
		This contig is misassembled. 3 total aligns.
			Warning! This contig is more unaligned than misassembled. Contig length is 78464 and total length of all aligns is 16760
		Alignment: 122243 138750 | 45780 29280 | 16508 16501 | 95.21 | gi|117617447|ref|NC_008570.1|_Aeromonas_hydrophila_subsp._hydrophila_ATCC_7966_chromosome__complete_genome 550_78464_6409438_164+_..._386+
		Alignment: 349639 349897 | 259 1 | 259 259 | 95.38 | gi|117617447|ref|NC_008570.1|_Aeromonas_hydrophila_subsp._hydrophila_ATCC_7966_chromosome__complete_genome 550_78464_6409438_164+_..._386+
		Unaligned bases: 61704
		This contig has both significant aligned and unaligned parts (of length >= min-contig)!
CONTIG: 572_611407_48121556_373-_..._520- (611407bp)
Top Length: 16985  Top ID: 95.06
		Skipping redundant alignment 3881944 3882021 | 41260 41337 | 78 78 | 100.0 | gi|117617447|ref|NC_008570.1|_Aeromonas_hydrophila_subsp._hydrophila_ATCC_7966_chromosome__complete_genome 572_611407_48121556_373-_..._520-
		Skipping redundant alignment 3882243 3882322 | 416330 416409 | 80 80 | 100.0 | gi|117617447|ref|NC_008570.1|_Aeromonas_hydrophila_subsp._hydrophila_ATCC_7966_chromosome__complete_genome 572_611407_48121556_373-_..._520-
		Skipping redundant alignment 3882452 3882531 | 416330 416409 | 80 80 | 100.0 | gi|117617447|ref|NC_008570.1|_Aeromonas_hydrophila_subsp._hydrophila_ATCC_7966_chromosome__complete_genome 572_611407_48121556_373-_..._520-
		Skipping redundant alignment 3881943 3882021 | 416330 416408 | 79 79 | 100.0 | gi|117617447|ref|NC_008570.1|_Aeromonas_hydrophila_subsp._hydrophila_ATCC_7966_chromosome__complete_genome 572_611407_48121556_373-_..._520-
		Skipping redundant alignment 3882043 3882121 | 416330 416408 | 79 79 | 100.0 | gi|117617447|ref|NC_008570.1|_Aeromonas_hydrophila_subsp._hydrophila_ATCC_7966_chromosome__complete_genome 572_611407_48121556_373-_..._520-
		Skipping redundant alignment 3882144 3882221 | 416331 416408 | 78 78 | 100.0 | gi|117617447|ref|NC_008570.1|_Aeromonas_hydrophila_subsp._hydrophila_ATCC_7966_chromosome__complete_genome 572_611407_48121556_373-_..._520-
		Skipping redundant alignment 3882344 3882421 | 416331 416408 | 78 78 | 100.0 | gi|117617447|ref|NC_008570.1|_Aeromonas_hydrophila_subsp._hydrophila_ATCC_7966_chromosome__complete_genome 572_611407_48121556_373-_..._520-
		Skipping redundant alignment 3882554 3882631 | 416331 416408 | 78 78 | 100.0 | gi|117617447|ref|NC_008570.1|_Aeromonas_hydrophila_subsp._hydrophila_ATCC_7966_chromosome__complete_genome 572_611407_48121556_373-_..._520-
		Skipping redundant alignments after choosing the best set of alignments
		Skipping [3882044][3882125] redundant alignment 3882044 3882125 | 41260 41341 | 82 82 | 98.78 | gi|117617447|ref|NC_008570.1|_Aeromonas_hydrophila_subsp._hydrophila_ATCC_7966_chromosome__complete_genome 572_611407_48121556_373-_..._520-
		Skipping [3882143][3882221] redundant alignment 3882143 3882221 | 41259 41337 | 79 79 | 100.0 | gi|117617447|ref|NC_008570.1|_Aeromonas_hydrophila_subsp._hydrophila_ATCC_7966_chromosome__complete_genome 572_611407_48121556_373-_..._520-
		Skipping [3882244][3882325] redundant alignment 3882244 3882325 | 41260 41341 | 82 82 | 100.0 | gi|117617447|ref|NC_008570.1|_Aeromonas_hydrophila_subsp._hydrophila_ATCC_7966_chromosome__complete_genome 572_611407_48121556_373-_..._520-
		Skipping [3882343][3882421] redundant alignment 3882343 3882421 | 41259 41337 | 79 79 | 100.0 | gi|117617447|ref|NC_008570.1|_Aeromonas_hydrophila_subsp._hydrophila_ATCC_7966_chromosome__complete_genome 572_611407_48121556_373-_..._520-
		Skipping [3882453][3882534] redundant alignment 3882453 3882534 | 41260 41341 | 82 82 | 100.0 | gi|117617447|ref|NC_008570.1|_Aeromonas_hydrophila_subsp._hydrophila_ATCC_7966_chromosome__complete_genome 572_611407_48121556_373-_..._520-
		This contig is misassembled. 29 total aligns.
			Warning! This contig is more unaligned than misassembled. Contig length is 611407 and total length of all aligns is 103943
		Alignment: 1321707 1328775 | 505808 498755 | 7069 7054 | 95.74 | gi|117617447|ref|NC_008570.1|_Aeromonas_hydrophila_subsp._hydrophila_ATCC_7966_chromosome__complete_genome 572_611407_48121556_373-_..._520-
		Alignment: 3066866 3069797 | 1414 4341 | 2932 2928 | 95.98 | gi|117617447|ref|NC_008570.1|_Aeromonas_hydrophila_subsp._hydrophila_ATCC_7966_chromosome__complete_genome 572_611407_48121556_373-_..._520-
		Alignment: 3070052 3073285 | 4382 7618 | 3234 3237 | 96.08 | gi|117617447|ref|NC_008570.1|_Aeromonas_hydrophila_subsp._hydrophila_ATCC_7966_chromosome__complete_genome 572_611407_48121556_373-_..._520-
		Alignment: 3094762 3106841 | 28097 40205 | 12080 12109 | 95.82 | gi|117617447|ref|NC_008570.1|_Aeromonas_hydrophila_subsp._hydrophila_ATCC_7966_chromosome__complete_genome 572_611407_48121556_373-_..._520-
		Alignment: 3268778 3275279 | 189348 195850 | 6502 6503 | 95.6 | gi|117617447|ref|NC_008570.1|_Aeromonas_hydrophila_subsp._hydrophila_ATCC_7966_chromosome__complete_genome 572_611407_48121556_373-_..._520-
		Alignment: 3294018 3311034 | 215919 232903 | 17017 16985 | 95.06 | gi|117617447|ref|NC_008570.1|_Aeromonas_hydrophila_subsp._hydrophila_ATCC_7966_chromosome__complete_genome 572_611407_48121556_373-_..._520-
		Alignment: 3357701 3359850 | 280382 282531 | 2150 2150 | 95.4 | gi|117617447|ref|NC_008570.1|_Aeromonas_hydrophila_subsp._hydrophila_ATCC_7966_chromosome__complete_genome 572_611407_48121556_373-_..._520-
		Alignment: 3435428 3440244 | 362058 366874 | 4817 4817 | 95.62 | gi|117617447|ref|NC_008570.1|_Aeromonas_hydrophila_subsp._hydrophila_ATCC_7966_chromosome__complete_genome 572_611407_48121556_373-_..._520-
		Alignment: 3467910 3479663 | 396863 408539 | 11754 11677 | 95.11 | gi|117617447|ref|NC_008570.1|_Aeromonas_hydrophila_subsp._hydrophila_ATCC_7966_chromosome__complete_genome 572_611407_48121556_373-_..._520-
		Alignment: 3487444 3497471 | 416197 426238 | 10028 10042 | 95.12 | gi|117617447|ref|NC_008570.1|_Aeromonas_hydrophila_subsp._hydrophila_ATCC_7966_chromosome__complete_genome 572_611407_48121556_373-_..._520-
		Alignment: 3500329 3509028 | 429033 437732 | 8700 8700 | 95.47 | gi|117617447|ref|NC_008570.1|_Aeromonas_hydrophila_subsp._hydrophila_ATCC_7966_chromosome__complete_genome 572_611407_48121556_373-_..._520-
		Alignment: 3509108 3514620 | 437952 443471 | 5513 5520 | 95.3 | gi|117617447|ref|NC_008570.1|_Aeromonas_hydrophila_subsp._hydrophila_ATCC_7966_chromosome__complete_genome 572_611407_48121556_373-_..._520-
		Alignment: 3514822 3525775 | 443635 454590 | 10954 10956 | 95.33 | gi|117617447|ref|NC_008570.1|_Aeromonas_hydrophila_subsp._hydrophila_ATCC_7966_chromosome__complete_genome 572_611407_48121556_373-_..._520-
		Alignment: 3525778 3526888 | 454701 455811 | 1111 1111 | 95.14 | gi|117617447|ref|NC_008570.1|_Aeromonas_hydrophila_subsp._hydrophila_ATCC_7966_chromosome__complete_genome 572_611407_48121556_373-_..._520-
		Alignment: 3882553 3882631 | 41259 41337 | 79 79 | 100.0 | gi|117617447|ref|NC_008570.1|_Aeromonas_hydrophila_subsp._hydrophila_ATCC_7966_chromosome__complete_genome 572_611407_48121556_373-_..._520-
		Alignment: 4476064 4476138 | 339490 339564 | 75 75 | 100.0 | gi|117617447|ref|NC_008570.1|_Aeromonas_hydrophila_subsp._hydrophila_ATCC_7966_chromosome__complete_genome 572_611407_48121556_373-_..._520-
		Unaligned bases: 507464
		This contig has both significant aligned and unaligned parts (of length >= min-contig)!
CONTIG: 551_96700_7485562_173+_58+_235- (96700bp)
Top Length: 3383  Top ID: 95.42
		This contig is misassembled. 2 total aligns.
			Warning! This contig is more unaligned than misassembled. Contig length is 96700 and total length of all aligns is 5649
		Alignment: 2107362 2109628 | 1 2266 | 2267 2266 | 96.17 | gi|117617447|ref|NC_008570.1|_Aeromonas_hydrophila_subsp._hydrophila_ATCC_7966_chromosome__complete_genome 551_96700_7485562_173+_58+_235-
		Alignment: 2142527 2145909 | 34796 38178 | 3383 3383 | 95.42 | gi|117617447|ref|NC_008570.1|_Aeromonas_hydrophila_subsp._hydrophila_ATCC_7966_chromosome__complete_genome 551_96700_7485562_173+_58+_235-
		Unaligned bases: 91051
		This contig has both significant aligned and unaligned parts (of length >= min-contig)!
CONTIG: 583_159245_12699295_436+_..._115+ (159245bp)
Top Length: 14567  Top ID: 95.08
		Skipping redundant alignment 4069265 4069432 | 159081 159245 | 168 165 | 97.02 | gi|117617447|ref|NC_008570.1|_Aeromonas_hydrophila_subsp._hydrophila_ATCC_7966_chromosome__complete_genome 583_159245_12699295_436+_..._115+
		Skipping redundant alignments after choosing the best set of alignments
		Skipping [4068883][4069049] redundant alignment 4068883 4069049 | 159081 159245 | 167 165 | 98.2 | gi|117617447|ref|NC_008570.1|_Aeromonas_hydrophila_subsp._hydrophila_ATCC_7966_chromosome__complete_genome 583_159245_12699295_436+_..._115+
		Skipping [4069075][4069241] redundant alignment 4069075 4069241 | 159081 159245 | 167 165 | 98.2 | gi|117617447|ref|NC_008570.1|_Aeromonas_hydrophila_subsp._hydrophila_ATCC_7966_chromosome__complete_genome 583_159245_12699295_436+_..._115+
		This contig is misassembled. 9 total aligns.
			Warning! This contig is more unaligned than misassembled. Contig length is 159245 and total length of all aligns is 21765
		Alignment: 3968723 3971546 | 11803 14626 | 2824 2824 | 95.5 | gi|117617447|ref|NC_008570.1|_Aeromonas_hydrophila_subsp._hydrophila_ATCC_7966_chromosome__complete_genome 583_159245_12699295_436+_..._115+
		Alignment: 3982508 3984898 | 28460 30850 | 2391 2391 | 95.61 | gi|117617447|ref|NC_008570.1|_Aeromonas_hydrophila_subsp._hydrophila_ATCC_7966_chromosome__complete_genome 583_159245_12699295_436+_..._115+
		Alignment: 4016792 4017534 | 107321 108063 | 743 743 | 96.1 | gi|117617447|ref|NC_008570.1|_Aeromonas_hydrophila_subsp._hydrophila_ATCC_7966_chromosome__complete_genome 583_159245_12699295_436+_..._115+
		Alignment: 4017698 4032347 | 108922 123488 | 14650 14567 | 95.08 | gi|117617447|ref|NC_008570.1|_Aeromonas_hydrophila_subsp._hydrophila_ATCC_7966_chromosome__complete_genome 583_159245_12699295_436+_..._115+
		Alignment: 4052706 4053780 | 143164 144238 | 1075 1075 | 95.07 | gi|117617447|ref|NC_008570.1|_Aeromonas_hydrophila_subsp._hydrophila_ATCC_7966_chromosome__complete_genome 583_159245_12699295_436+_..._115+
		Alignment: 4068691 4068858 | 159081 159245 | 168 165 | 97.62 | gi|117617447|ref|NC_008570.1|_Aeromonas_hydrophila_subsp._hydrophila_ATCC_7966_chromosome__complete_genome 583_159245_12699295_436+_..._115+
		Unaligned bases: 137480
		This contig has both significant aligned and unaligned parts (of length >= min-contig)!
CONTIG: 578_3252_2597734_408+_261+_130+ (3252bp)
Top Length: 3252  Top ID: 98.37
		Marking as insignificant: 805747 808811 | 3252 188 | 3065 3065 | 98.96 | gi|117617447|ref|NC_008570.1|_Aeromonas_hydrophila_subsp._hydrophila_ATCC_7966_chromosome__complete_genome 578_3252_2597734_408+_261+_130+
		Marking as insignificant: 165273 168335 | 3252 188 | 3063 3065 | 98.99 | gi|117617447|ref|NC_008570.1|_Aeromonas_hydrophila_subsp._hydrophila_ATCC_7966_chromosome__complete_genome 578_3252_2597734_408+_261+_130+
		Marking as insignificant: 934924 937988 | 3252 188 | 3065 3065 | 99.02 | gi|117617447|ref|NC_008570.1|_Aeromonas_hydrophila_subsp._hydrophila_ATCC_7966_chromosome__complete_genome 578_3252_2597734_408+_261+_130+
		Marking as insignificant: 3951787 3954851 | 188 3252 | 3065 3065 | 99.09 | gi|117617447|ref|NC_008570.1|_Aeromonas_hydrophila_subsp._hydrophila_ATCC_7966_chromosome__complete_genome 578_3252_2597734_408+_261+_130+
		Marking as insignificant: 4697907 4700971 | 188 3252 | 3065 3065 | 99.18 | gi|117617447|ref|NC_008570.1|_Aeromonas_hydrophila_subsp._hydrophila_ATCC_7966_chromosome__complete_genome 578_3252_2597734_408+_261+_130+
		Marking as insignificant: 87102 90177 | 3252 177 | 3076 3076 | 99.02 | gi|117617447|ref|NC_008570.1|_Aeromonas_hydrophila_subsp._hydrophila_ATCC_7966_chromosome__complete_genome 578_3252_2597734_408+_261+_130+
		Marking as insignificant: 216769 219833 | 3252 188 | 3065 3065 | 99.51 | gi|117617447|ref|NC_008570.1|_Aeromonas_hydrophila_subsp._hydrophila_ATCC_7966_chromosome__complete_genome 578_3252_2597734_408+_261+_130+
		This contig has 3 significant alignments. [An ambiguously mapped contig]
		Using only first of these alignment (option --ambiguity-usage is set to "one"):
		Alignment: 351847 355090 | 3252 1 | 3244 3252 | 98.37 | gi|117617447|ref|NC_008570.1|_Aeromonas_hydrophila_subsp._hydrophila_ATCC_7966_chromosome__complete_genome 578_3252_2597734_408+_261+_130+
		Skipping alignment  4449338 4452582 | 2 3252 | 3245 3251 | 98.4 | gi|117617447|ref|NC_008570.1|_Aeromonas_hydrophila_subsp._hydrophila_ATCC_7966_chromosome__complete_genome 578_3252_2597734_408+_261+_130+
		Skipping alignment  4366317 4369560 | 3 3252 | 3244 3250 | 98.4 | gi|117617447|ref|NC_008570.1|_Aeromonas_hydrophila_subsp._hydrophila_ATCC_7966_chromosome__complete_genome 578_3252_2597734_408+_261+_130+

CONTIG: 547_37174_3046112_141-_..._342+ (37174bp)
Top Length: 182  Top ID: 95.05
		Skipping redundant alignment 2829539 2829619 | 26778 26698 | 81 81 | 100.0 | gi|117617447|ref|NC_008570.1|_Aeromonas_hydrophila_subsp._hydrophila_ATCC_7966_chromosome__complete_genome 547_37174_3046112_141-_..._342+
		Skipping redundant alignment 4268849 4268924 | 26779 26854 | 76 76 | 100.0 | gi|117617447|ref|NC_008570.1|_Aeromonas_hydrophila_subsp._hydrophila_ATCC_7966_chromosome__complete_genome 547_37174_3046112_141-_..._342+
		Skipping redundant alignment 3487578 3487654 | 36771 36695 | 77 77 | 100.0 | gi|117617447|ref|NC_008570.1|_Aeromonas_hydrophila_subsp._hydrophila_ATCC_7966_chromosome__complete_genome 547_37174_3046112_141-_..._342+
		Skipping redundant alignment 3111384 3111463 | 36992 36913 | 80 80 | 100.0 | gi|117617447|ref|NC_008570.1|_Aeromonas_hydrophila_subsp._hydrophila_ATCC_7966_chromosome__complete_genome 547_37174_3046112_141-_..._342+
		Skipping redundant alignment 3487578 3487654 | 36991 36915 | 77 77 | 100.0 | gi|117617447|ref|NC_008570.1|_Aeromonas_hydrophila_subsp._hydrophila_ATCC_7966_chromosome__complete_genome 547_37174_3046112_141-_..._342+
		Skipping redundant alignment 3111385 3111462 | 37091 37014 | 78 78 | 100.0 | gi|117617447|ref|NC_008570.1|_Aeromonas_hydrophila_subsp._hydrophila_ATCC_7966_chromosome__complete_genome 547_37174_3046112_141-_..._342+
		Skipping redundant alignment 3487577 3487654 | 37092 37015 | 78 78 | 100.0 | gi|117617447|ref|NC_008570.1|_Aeromonas_hydrophila_subsp._hydrophila_ATCC_7966_chromosome__complete_genome 547_37174_3046112_141-_..._342+
		Skipping redundant alignments after choosing the best set of alignments
		Skipping [3111385][3111462] redundant alignment 3111385 3111462 | 36883 36806 | 78 78 | 100.0 | gi|117617447|ref|NC_008570.1|_Aeromonas_hydrophila_subsp._hydrophila_ATCC_7966_chromosome__complete_genome 547_37174_3046112_141-_..._342+
		This contig is misassembled. 13 total aligns.
			Warning! This contig is more unaligned than misassembled. Contig length is 37174 and total length of all aligns is 512
		Alignment: 3111384 3111463 | 36772 36693 | 80 80 | 100.0 | gi|117617447|ref|NC_008570.1|_Aeromonas_hydrophila_subsp._hydrophila_ATCC_7966_chromosome__complete_genome 547_37174_3046112_141-_..._342+
		Alignment: 3487577 3487654 | 36884 36807 | 78 78 | 100.0 | gi|117617447|ref|NC_008570.1|_Aeromonas_hydrophila_subsp._hydrophila_ATCC_7966_chromosome__complete_genome 547_37174_3046112_141-_..._342+
		Alignment: 3881942 3882123 | 37093 36912 | 182 182 | 95.05 | gi|117617447|ref|NC_008570.1|_Aeromonas_hydrophila_subsp._hydrophila_ATCC_7966_chromosome__complete_genome 547_37174_3046112_141-_..._342+
		Alignment: 4268509 4268599 | 26685 26777 | 91 93 | 96.77 | gi|117617447|ref|NC_008570.1|_Aeromonas_hydrophila_subsp._hydrophila_ATCC_7966_chromosome__complete_genome 547_37174_3046112_141-_..._342+
		Alignment: 4268638 4268719 | 26775 26856 | 82 82 | 100.0 | gi|117617447|ref|NC_008570.1|_Aeromonas_hydrophila_subsp._hydrophila_ATCC_7966_chromosome__complete_genome 547_37174_3046112_141-_..._342+
		Unaligned bases: 36662
		This contig has both significant aligned and unaligned parts (of length >= min-contig)!
CONTIG: 597_3000_229387_519+_317+_519+ (3000bp)
		This contig is unaligned. (3000 bp)
		Unaligned bases: 3000  total: 117082

CONTIG: 599_1352_118196_520-_..._278+ (1352bp)
		This contig is unaligned. (1352 bp)
		Unaligned bases: 1352  total: 118434

CONTIG: 536_44207_3477846_54-_..._262+ (44207bp)
		This contig is unaligned. (44207 bp)
		Unaligned bases: 44207  total: 162641

CONTIG: 590_1846_1289276_508+_226+_488- (1846bp)
Top Length: 1846  Top ID: 98.86
		Marking as insignificant: 214893 216500 | 1 1609 | 1608 1609 | 98.94 | gi|117617447|ref|NC_008570.1|_Aeromonas_hydrophila_subsp._hydrophila_ATCC_7966_chromosome__complete_genome 590_1846_1289276_508+_226+_488-
		Marking as insignificant: 4452851 4454458 | 1609 1 | 1608 1609 | 99.01 | gi|117617447|ref|NC_008570.1|_Aeromonas_hydrophila_subsp._hydrophila_ATCC_7966_chromosome__complete_genome 590_1846_1289276_508+_226+_488-
		Marking as insignificant: 4369829 4371436 | 1609 1 | 1608 1609 | 99.01 | gi|117617447|ref|NC_008570.1|_Aeromonas_hydrophila_subsp._hydrophila_ATCC_7966_chromosome__complete_genome 590_1846_1289276_508+_226+_488-
		Marking as insignificant: 4701239 4702887 | 1650 1 | 1649 1650 | 99.03 | gi|117617447|ref|NC_008570.1|_Aeromonas_hydrophila_subsp._hydrophila_ATCC_7966_chromosome__complete_genome 590_1846_1289276_508+_226+_488-
		Marking as insignificant: 349932 351580 | 1 1650 | 1649 1650 | 99.03 | gi|117617447|ref|NC_008570.1|_Aeromonas_hydrophila_subsp._hydrophila_ATCC_7966_chromosome__complete_genome 590_1846_1289276_508+_226+_488-
		Marking as insignificant: 163358 165006 | 1 1650 | 1649 1650 | 99.03 | gi|117617447|ref|NC_008570.1|_Aeromonas_hydrophila_subsp._hydrophila_ATCC_7966_chromosome__complete_genome 590_1846_1289276_508+_226+_488-
		Marking as insignificant: 3955055 3956769 | 1712 1 | 1715 1712 | 97.79 | gi|117617447|ref|NC_008570.1|_Aeromonas_hydrophila_subsp._hydrophila_ATCC_7966_chromosome__complete_genome 590_1846_1289276_508+_226+_488-
		Marking as insignificant: 933006 934720 | 1 1712 | 1715 1712 | 97.84 | gi|117617447|ref|NC_008570.1|_Aeromonas_hydrophila_subsp._hydrophila_ATCC_7966_chromosome__complete_genome 590_1846_1289276_508+_226+_488-
		Marking as insignificant: 803829 805543 | 1 1712 | 1715 1712 | 97.84 | gi|117617447|ref|NC_008570.1|_Aeromonas_hydrophila_subsp._hydrophila_ATCC_7966_chromosome__complete_genome 590_1846_1289276_508+_226+_488-
		One align captures most of this contig: 85160 87005 | 1 1846 | 1846 1846 | 98.86 | gi|117617447|ref|NC_008570.1|_Aeromonas_hydrophila_subsp._hydrophila_ATCC_7966_chromosome__complete_genome 590_1846_1289276_508+_226+_488-

CONTIG: 534_132745_10325203_45+_..._102+ (132745bp)
Top Length: 22641  Top ID: 95.3
		Skipping redundant alignment 3879790 3879895 | 129479 129374 | 106 106 | 97.17 | gi|117617447|ref|NC_008570.1|_Aeromonas_hydrophila_subsp._hydrophila_ATCC_7966_chromosome__complete_genome 534_132745_10325203_45+_..._102+
		This contig is misassembled. 5 total aligns.
			Warning! This contig is more unaligned than misassembled. Contig length is 132745 and total length of all aligns is 44221
		Alignment: 2167759 2179181 | 121315 132745 | 11423 11431 | 95.62 | gi|117617447|ref|NC_008570.1|_Aeromonas_hydrophila_subsp._hydrophila_ATCC_7966_chromosome__complete_genome 534_132745_10325203_45+_..._102+
		Alignment: 2755869 2778548 | 60275 37635 | 22680 22641 | 95.3 | gi|117617447|ref|NC_008570.1|_Aeromonas_hydrophila_subsp._hydrophila_ATCC_7966_chromosome__complete_genome 534_132745_10325203_45+_..._102+
		Alignment: 2780870 2783164 | 34450 32155 | 2295 2296 | 96.08 | gi|117617447|ref|NC_008570.1|_Aeromonas_hydrophila_subsp._hydrophila_ATCC_7966_chromosome__complete_genome 534_132745_10325203_45+_..._102+
		Alignment: 2783442 2791235 | 31976 24124 | 7794 7853 | 95.11 | gi|117617447|ref|NC_008570.1|_Aeromonas_hydrophila_subsp._hydrophila_ATCC_7966_chromosome__complete_genome 534_132745_10325203_45+_..._102+
		Unaligned bases: 88524
		This contig has both significant aligned and unaligned parts (of length >= min-contig)!
CONTIG: 545_1630_1244885_128+_508+ (1630bp)
Top Length: 1630  Top ID: 99.02
		This contig has 10 significant alignments. [An ambiguously mapped contig]
		Using only first of these alignment (option --ambiguity-usage is set to "one"):
		Alignment: 85095 86723 | 1 1630 | 1629 1630 | 99.02 | gi|117617447|ref|NC_008570.1|_Aeromonas_hydrophila_subsp._hydrophila_ATCC_7966_chromosome__complete_genome 545_1630_1244885_128+_508+
		Skipping alignment  163293 164921 | 1 1630 | 1629 1630 | 99.02 | gi|117617447|ref|NC_008570.1|_Aeromonas_hydrophila_subsp._hydrophila_ATCC_7966_chromosome__complete_genome 545_1630_1244885_128+_508+
		Skipping alignment  349866 351495 | 1 1630 | 1630 1630 | 99.02 | gi|117617447|ref|NC_008570.1|_Aeromonas_hydrophila_subsp._hydrophila_ATCC_7966_chromosome__complete_genome 545_1630_1244885_128+_508+
		Skipping alignment  4369873 4371502 | 1630 1 | 1630 1630 | 99.02 | gi|117617447|ref|NC_008570.1|_Aeromonas_hydrophila_subsp._hydrophila_ATCC_7966_chromosome__complete_genome 545_1630_1244885_128+_508+
		Skipping alignment  4701324 4702952 | 1630 1 | 1629 1630 | 99.02 | gi|117617447|ref|NC_008570.1|_Aeromonas_hydrophila_subsp._hydrophila_ATCC_7966_chromosome__complete_genome 545_1630_1244885_128+_508+
		Skipping alignment  214827 216456 | 1 1630 | 1630 1630 | 98.96 | gi|117617447|ref|NC_008570.1|_Aeromonas_hydrophila_subsp._hydrophila_ATCC_7966_chromosome__complete_genome 545_1630_1244885_128+_508+
		Skipping alignment  803763 805392 | 1 1630 | 1630 1630 | 98.96 | gi|117617447|ref|NC_008570.1|_Aeromonas_hydrophila_subsp._hydrophila_ATCC_7966_chromosome__complete_genome 545_1630_1244885_128+_508+
		Skipping alignment  932940 934569 | 1 1630 | 1630 1630 | 98.96 | gi|117617447|ref|NC_008570.1|_Aeromonas_hydrophila_subsp._hydrophila_ATCC_7966_chromosome__complete_genome 545_1630_1244885_128+_508+
		Skipping alignment  3955206 3956834 | 1630 1 | 1629 1630 | 98.96 | gi|117617447|ref|NC_008570.1|_Aeromonas_hydrophila_subsp._hydrophila_ATCC_7966_chromosome__complete_genome 545_1630_1244885_128+_508+
		Skipping alignment  4452895 4454523 | 1630 1 | 1629 1630 | 98.96 | gi|117617447|ref|NC_008570.1|_Aeromonas_hydrophila_subsp._hydrophila_ATCC_7966_chromosome__complete_genome 545_1630_1244885_128+_508+

CONTIG: 530_168818_13983708_38+_407+ (168818bp)
Top Length: 2321  Top ID: 96.04
		This contig is partially unaligned. (2321 out of 168818)
		Alignment: 3697595 3699916 | 48222 45902 | 2322 2321 | 96.04 | gi|117617447|ref|NC_008570.1|_Aeromonas_hydrophila_subsp._hydrophila_ATCC_7966_chromosome__complete_genome 530_168818_13983708_38+_407+
		Unaligned bases: 1 to 45901 (45901)
		Unaligned bases: 48223 to 168818 (120596)
		This contig has both significant aligned and unaligned parts (of length >= min-contig)!

Analyzing coverage...
Writing SNPs into /usit/invitro/data/galaxy/master/sabbai/galaxy-dist/database/job_working_directory/000/948/dataset_1031_files/contigs_reports/nucmer_output/dataset_480.used_snps
	Reference gi|117617447|ref|NC_008570.1|_Aeromonas_hydrophila_subsp._hydrophila_ATCC_7966_chromosome__complete_genome: 17 total alignments. 1 total regions.
		Region: 1 to 4744448 (4744448 bp)
			START in gap: 1 to 85095 (85094 bp)
			Align 1: 85095 86723 545_1630_1244885_128+_508+ 1 1630
				Negative gap (overlap) between this and next alignment: 86723 to 85160 (-1563 bp)
				Next Alignment: 85160 87005 590_1846_1289276_508+_226+_488- 1 1846

			Previous gap was negative, modifying coordinates to ignore overlap
				Moving contig start from 1 to 1566.
			Align 2: 86724 87005 590_1846_1289276_508+_226+_488- 1566 1846
				Gap between this and next alignment: 87005 to 351847 (264841 bp)
				Next Alignment: 351847 355090 578_3252_2597734_408+_261+_130+ 3252 1

			Align 3: 351847 355090 578_3252_2597734_408+_261+_130+ 3252 1
				The next alignment (352175 355090 573_3039_2419910_386+_408+ 3039 118) is redundant. Skipping.
				Gap between this and next alignment: 355090 to 551962 (196871 bp)
				Next Alignment: 551962 552033 190_52632_4165041 72 1

			Align 5: 551962 552033 190_52632_4165041 72 1
				Gap between this and next alignment: 552033 to 1991311 (1439277 bp)
				Next Alignment: 1991311 1991522 562_1137_106400_278+_..._522- 212 1

			Align 6: 1991311 1991522 562_1137_106400_278+_..._522- 212 1
				Gap between this and next alignment: 1991522 to 2073989 (82466 bp)
				Next Alignment: 2073989 2074147 598_30795_2423118_519-_316+ 6386 6544

			Align 7: 2073989 2074147 598_30795_2423118_519-_316+ 6386 6544
				Gap between this and next alignment: 2074147 to 3697595 (1623447 bp)
				Next Alignment: 3697595 3699916 530_168818_13983708_38+_407+ 48222 45902

			Align 8: 3697595 3699916 530_168818_13983708_38+_407+ 48222 45902
				Gap between this and next alignment: 3699916 to 4366268 (666351 bp)
				Next Alignment: 4366268 4369230 533_24828_4149525_40+_408+ 21861 24828

			Align 9: 4366268 4369230 533_24828_4149525_40+_408+ 21861 24828
				The next alignment (4366268 4369230 602_49216_6201800_408-_..._463- 2968 1) is redundant. Skipping.
				Gap between this and next alignment: 4369230 to 4369304 (73 bp)
				Next Alignment: 4369304 4371436 591_2133_1500580_508+_..._130- 2133 1

			Align 11: 4369304 4371436 591_2133_1500580_508+_..._130- 2133 1
				Gap between this and next alignment: 4371436 to 4397074 (25637 bp)
				Next Alignment: 4397074 4399435 554_52397_4244304_213+_..._74+ 1024 3384

			Align 12: 4397074 4399435 554_52397_4244304_213+_..._74+ 1024 3384
				Gap between this and next alignment: 4399435 to 4449167 (49731 bp)
				Next Alignment: 4449167 4452252 539_3089_2444690_74+_408+ 1 3089

			Align 13: 4449167 4452252 539_3089_2444690_74+_408+ 1 3089
				Negative gap (overlap) between this and next alignment: 4452252 to 4449338 (-2914 bp)
				Next Alignment: 4449338 4452582 577_3252_2612917_408+_..._130+ 2 3252

			Previous gap was negative, modifying coordinates to ignore overlap
				Moving contig start from 2 to 2923.
			Align 14: 4452253 4452582 577_3252_2612917_408+_..._130+ 2923 3252
				The next alignment (4449338 4452582 576_3252_2582540_408+_105+_130+ 2 3252) is redundant. Skipping.
				Gap between this and next alignment: 4452582 to 4455592 (3009 bp)
				Next Alignment: 4455592 4475844 566_20242_1814437_323+_..._323+ 20242 1

			Align 16: 4455592 4475844 566_20242_1814437_323+_..._323+ 20242 1
				The next alignment (4474706 4475844 567_1934_199658_323+_335+ 1139 1) is redundant. Skipping.

Analysis is finished!
Founded SNPs were written into /usit/invitro/data/galaxy/master/sabbai/galaxy-dist/database/job_working_directory/000/948/dataset_1031_files/contigs_reports/nucmer_output/dataset_480.used_snps

Results:
	Local Misassemblies: 0
	Misassemblies: 0
		Relocations: 0
		Translocations: 0
		Inversions: 0
	Misassembled Contigs: 0
	Misassembled Contig Bases: 0
	Misassmblies Inter-Contig Overlap: 0
Uncovered Regions: 0 (0)
Unaligned Contigs: 12 + 34 part
Partially Unaligned Contigs with Misassemblies: 25
Unaligned Contig Bases: 4234083

Ambiguously Mapped Contigs: 6
Total Bases in Ambiguously Mapped Contigs: 16606
Note that --allow-ambiguity option was set to "one" and only first alignment per each contig was used.

	Covered Bases: 39047

	SNPs: 1049
	Insertions: 31
	Deletions: 28

	Positive Gaps: 11
		Internal Gaps:  0
		External Gaps:  11
		External Gap Total:  4436797
		External Gap Average: 403345
	Negative Gaps: 2
		Internal Overlaps:  0
		External Overlaps:  2
		External Overlaps Total: -4477
		External Overlaps Average: -2238
	Contigs with Redundant Alignments: 4 (10263)
