Aligning contigs to reference...
	Running Nucmer...
Parsing coords...
Loading Assembly...
Loading reference...
	Loaded [gi|117617447|ref|NC_008570.1|_Aeromonas_hydrophila_subsp._hydrophila_ATCC_7966_chromosome__complete_genome]
Loading SNPs...
Loading regions...
	No regions given, using whole reference.
	Total Regions: 1
	Total Region Length: 4744448
Analyzing contigs...
CONTIG: ctg7180000001861 (22497bp)
Top Length: 578  Top ID: 97.24
		Skipping redundant alignment 803535 804113 | 21921 22497 | 579 577 | 96.04 | gi|117617447|ref|NC_008570.1|_Aeromonas_hydrophila_subsp._hydrophila_ATCC_7966_chromosome__complete_genome ctg7180000001861
		Skipping redundant alignment 932713 933290 | 21922 22497 | 578 576 | 96.2 | gi|117617447|ref|NC_008570.1|_Aeromonas_hydrophila_subsp._hydrophila_ATCC_7966_chromosome__complete_genome ctg7180000001861
		Skipping redundant alignment 4371152 4371588 | 22497 22063 | 437 435 | 98.4 | gi|117617447|ref|NC_008570.1|_Aeromonas_hydrophila_subsp._hydrophila_ATCC_7966_chromosome__complete_genome ctg7180000001861
		Skipping redundant alignment 85010 85444 | 22063 22497 | 435 435 | 98.17 | gi|117617447|ref|NC_008570.1|_Aeromonas_hydrophila_subsp._hydrophila_ATCC_7966_chromosome__complete_genome ctg7180000001861
		Skipping redundant alignment 163208 163642 | 22063 22497 | 435 435 | 98.17 | gi|117617447|ref|NC_008570.1|_Aeromonas_hydrophila_subsp._hydrophila_ATCC_7966_chromosome__complete_genome ctg7180000001861
		Skipping redundant alignment 4702603 4703037 | 22497 22063 | 435 435 | 98.17 | gi|117617447|ref|NC_008570.1|_Aeromonas_hydrophila_subsp._hydrophila_ATCC_7966_chromosome__complete_genome ctg7180000001861
		Skipping redundant alignment 3956485 3956918 | 22497 22064 | 434 434 | 97.93 | gi|117617447|ref|NC_008570.1|_Aeromonas_hydrophila_subsp._hydrophila_ATCC_7966_chromosome__complete_genome ctg7180000001861
		Skipping redundant alignments after choosing the best set of alignments
		Skipping [214599][215177] redundant alignment 214599 215177 | 21922 22497 | 579 576 | 97.06 | gi|117617447|ref|NC_008570.1|_Aeromonas_hydrophila_subsp._hydrophila_ATCC_7966_chromosome__complete_genome ctg7180000001861
		Skipping [4454174][4454752] redundant alignment 4454174 4454752 | 22497 21920 | 579 578 | 97.24 | gi|117617447|ref|NC_008570.1|_Aeromonas_hydrophila_subsp._hydrophila_ATCC_7966_chromosome__complete_genome ctg7180000001861
		This contig is partially unaligned. (578 out of 22497)
		Alignment: 214599 215177 | 21922 22497 | 579 576 | 97.06 | gi|117617447|ref|NC_008570.1|_Aeromonas_hydrophila_subsp._hydrophila_ATCC_7966_chromosome__complete_genome ctg7180000001861
		Unaligned bases: 1 to 21921 (21921)
		This contig has both significant aligned and unaligned parts (of length >= min-contig)!

CONTIG: ctg7180000001860 (301891bp)
Top Length: 9383  Top ID: 95.93
		Skipping redundant alignment 4454234 4454768 | 1 536 | 535 536 | 97.58 | gi|117617447|ref|NC_008570.1|_Aeromonas_hydrophila_subsp._hydrophila_ATCC_7966_chromosome__complete_genome ctg7180000001860
		Skipping redundant alignment 932713 933230 | 518 1 | 518 518 | 97.3 | gi|117617447|ref|NC_008570.1|_Aeromonas_hydrophila_subsp._hydrophila_ATCC_7966_chromosome__complete_genome ctg7180000001860
		Skipping redundant alignment 4371212 4371588 | 1 377 | 377 377 | 99.2 | gi|117617447|ref|NC_008570.1|_Aeromonas_hydrophila_subsp._hydrophila_ATCC_7966_chromosome__complete_genome ctg7180000001860
		Skipping redundant alignment 85010 85384 | 377 1 | 375 377 | 98.67 | gi|117617447|ref|NC_008570.1|_Aeromonas_hydrophila_subsp._hydrophila_ATCC_7966_chromosome__complete_genome ctg7180000001860
		Skipping redundant alignment 163208 163582 | 377 1 | 375 377 | 98.67 | gi|117617447|ref|NC_008570.1|_Aeromonas_hydrophila_subsp._hydrophila_ATCC_7966_chromosome__complete_genome ctg7180000001860
		Skipping redundant alignment 4702663 4703037 | 1 377 | 375 377 | 98.67 | gi|117617447|ref|NC_008570.1|_Aeromonas_hydrophila_subsp._hydrophila_ATCC_7966_chromosome__complete_genome ctg7180000001860
		Skipping redundant alignment 3956545 3956918 | 1 376 | 374 376 | 98.67 | gi|117617447|ref|NC_008570.1|_Aeromonas_hydrophila_subsp._hydrophila_ATCC_7966_chromosome__complete_genome ctg7180000001860
		Skipping redundant alignment 551970 552100 | 301887 301757 | 131 131 | 100.0 | gi|117617447|ref|NC_008570.1|_Aeromonas_hydrophila_subsp._hydrophila_ATCC_7966_chromosome__complete_genome ctg7180000001860
		Skipping redundant alignments after choosing the best set of alignments
		Skipping [214494][215117] redundant alignment 214494 215117 | 623 1 | 624 623 | 97.44 | gi|117617447|ref|NC_008570.1|_Aeromonas_hydrophila_subsp._hydrophila_ATCC_7966_chromosome__complete_genome ctg7180000001860
		This contig is misassembled. 17 total aligns.
			Warning! This contig is more unaligned than misassembled. Contig length is 301891 and total length of all aligns is 30484
		Alignment: 349534 350156 | 623 1 | 623 623 | 97.28 | gi|117617447|ref|NC_008570.1|_Aeromonas_hydrophila_subsp._hydrophila_ATCC_7966_chromosome__complete_genome ctg7180000001860
		Alignment: 551974 552108 | 301891 301757 | 135 135 | 100.0 | gi|117617447|ref|NC_008570.1|_Aeromonas_hydrophila_subsp._hydrophila_ATCC_7966_chromosome__complete_genome ctg7180000001860
		Alignment: 609268 610800 | 244868 243342 | 1533 1527 | 95.89 | gi|117617447|ref|NC_008570.1|_Aeromonas_hydrophila_subsp._hydrophila_ATCC_7966_chromosome__complete_genome ctg7180000001860
		Alignment: 610900 616817 | 243342 237423 | 5918 5920 | 95.06 | gi|117617447|ref|NC_008570.1|_Aeromonas_hydrophila_subsp._hydrophila_ATCC_7966_chromosome__complete_genome ctg7180000001860
		Alignment: 616938 626312 | 235206 225824 | 9375 9383 | 95.93 | gi|117617447|ref|NC_008570.1|_Aeromonas_hydrophila_subsp._hydrophila_ATCC_7966_chromosome__complete_genome ctg7180000001860
		Alignment: 626973 635270 | 224154 215845 | 8298 8310 | 96.52 | gi|117617447|ref|NC_008570.1|_Aeromonas_hydrophila_subsp._hydrophila_ATCC_7966_chromosome__complete_genome ctg7180000001860
		Alignment: 786690 788956 | 20581 18316 | 2267 2266 | 95.11 | gi|117617447|ref|NC_008570.1|_Aeromonas_hydrophila_subsp._hydrophila_ATCC_7966_chromosome__complete_genome ctg7180000001860
		Alignment: 792378 794699 | 13415 11095 | 2322 2321 | 95.52 | gi|117617447|ref|NC_008570.1|_Aeromonas_hydrophila_subsp._hydrophila_ATCC_7966_chromosome__complete_genome ctg7180000001860
		Unaligned bases: 271407
		This contig has both significant aligned and unaligned parts (of length >= min-contig)!
CONTIG: ctg7180000001863 (24599bp)
Top Length: 444  Top ID: 95.06
		Skipping redundant alignment 89910 90177 | 24599 24332 | 268 268 | 98.88 | gi|117617447|ref|NC_008570.1|_Aeromonas_hydrophila_subsp._hydrophila_ATCC_7966_chromosome__complete_genome ctg7180000001863
		Skipping redundant alignment 168079 168335 | 24599 24343 | 257 257 | 100.0 | gi|117617447|ref|NC_008570.1|_Aeromonas_hydrophila_subsp._hydrophila_ATCC_7966_chromosome__complete_genome ctg7180000001863
		Skipping redundant alignment 219577 219833 | 24599 24343 | 257 257 | 100.0 | gi|117617447|ref|NC_008570.1|_Aeromonas_hydrophila_subsp._hydrophila_ATCC_7966_chromosome__complete_genome ctg7180000001863
		Skipping redundant alignment 808555 808811 | 24599 24343 | 257 257 | 100.0 | gi|117617447|ref|NC_008570.1|_Aeromonas_hydrophila_subsp._hydrophila_ATCC_7966_chromosome__complete_genome ctg7180000001863
		Skipping redundant alignment 937732 937988 | 24599 24343 | 257 257 | 100.0 | gi|117617447|ref|NC_008570.1|_Aeromonas_hydrophila_subsp._hydrophila_ATCC_7966_chromosome__complete_genome ctg7180000001863
		Skipping redundant alignment 3951787 3952043 | 24343 24599 | 257 257 | 100.0 | gi|117617447|ref|NC_008570.1|_Aeromonas_hydrophila_subsp._hydrophila_ATCC_7966_chromosome__complete_genome ctg7180000001863
		Skipping redundant alignment 4697907 4698163 | 24343 24599 | 257 257 | 100.0 | gi|117617447|ref|NC_008570.1|_Aeromonas_hydrophila_subsp._hydrophila_ATCC_7966_chromosome__complete_genome ctg7180000001863
		This contig is partially unaligned. (444 out of 24599)
		Alignment: 354653 355090 | 24599 24156 | 438 444 | 95.06 | gi|117617447|ref|NC_008570.1|_Aeromonas_hydrophila_subsp._hydrophila_ATCC_7966_chromosome__complete_genome ctg7180000001863
		Unaligned bases: 1 to 24155 (24155)

CONTIG: ctg7180000001862 (115257bp)
Top Length: 21092  Top ID: 95.76
		Skipping redundant alignments after choosing the best set of alignments
		Skipping [89922][90177] redundant alignment 89922 90177 | 1 256 | 256 256 | 99.61 | gi|117617447|ref|NC_008570.1|_Aeromonas_hydrophila_subsp._hydrophila_ATCC_7966_chromosome__complete_genome ctg7180000001862
		Skipping [168091][168348] redundant alignment 168091 168348 | 1 258 | 258 258 | 98.84 | gi|117617447|ref|NC_008570.1|_Aeromonas_hydrophila_subsp._hydrophila_ATCC_7966_chromosome__complete_genome ctg7180000001862
		Skipping [219589][219846] redundant alignment 219589 219846 | 1 258 | 258 258 | 98.84 | gi|117617447|ref|NC_008570.1|_Aeromonas_hydrophila_subsp._hydrophila_ATCC_7966_chromosome__complete_genome ctg7180000001862
		Skipping [3951774][3952031] redundant alignment 3951774 3952031 | 258 1 | 258 258 | 98.84 | gi|117617447|ref|NC_008570.1|_Aeromonas_hydrophila_subsp._hydrophila_ATCC_7966_chromosome__complete_genome ctg7180000001862
		This contig is misassembled. 7 total aligns.
			Warning! This contig is more unaligned than misassembled. Contig length is 115257 and total length of all aligns is 35954
		Alignment: 829744 844348 | 21027 35630 | 14605 14604 | 95.5 | gi|117617447|ref|NC_008570.1|_Aeromonas_hydrophila_subsp._hydrophila_ATCC_7966_chromosome__complete_genome ctg7180000001862
		Alignment: 851034 872150 | 43511 64602 | 21117 21092 | 95.76 | gi|117617447|ref|NC_008570.1|_Aeromonas_hydrophila_subsp._hydrophila_ATCC_7966_chromosome__complete_genome ctg7180000001862
		Alignment: 937744 938001 | 1 258 | 258 258 | 98.84 | gi|117617447|ref|NC_008570.1|_Aeromonas_hydrophila_subsp._hydrophila_ATCC_7966_chromosome__complete_genome ctg7180000001862
		Unaligned bases: 79303
		This contig has both significant aligned and unaligned parts (of length >= min-contig)!
CONTIG: ctg7180000001865 (828647bp)
Top Length: 11677  Top ID: 95.04
		Skipping redundant alignment 3882243 3882322 | 342608 342687 | 80 80 | 100.0 | gi|117617447|ref|NC_008570.1|_Aeromonas_hydrophila_subsp._hydrophila_ATCC_7966_chromosome__complete_genome ctg7180000001865
		Skipping redundant alignment 3882452 3882531 | 342608 342687 | 80 80 | 100.0 | gi|117617447|ref|NC_008570.1|_Aeromonas_hydrophila_subsp._hydrophila_ATCC_7966_chromosome__complete_genome ctg7180000001865
		Skipping redundant alignment 3881943 3882021 | 342608 342686 | 79 79 | 100.0 | gi|117617447|ref|NC_008570.1|_Aeromonas_hydrophila_subsp._hydrophila_ATCC_7966_chromosome__complete_genome ctg7180000001865
		Skipping redundant alignment 3882043 3882121 | 342608 342686 | 79 79 | 100.0 | gi|117617447|ref|NC_008570.1|_Aeromonas_hydrophila_subsp._hydrophila_ATCC_7966_chromosome__complete_genome ctg7180000001865
		Skipping redundant alignment 3882144 3882221 | 342609 342686 | 78 78 | 100.0 | gi|117617447|ref|NC_008570.1|_Aeromonas_hydrophila_subsp._hydrophila_ATCC_7966_chromosome__complete_genome ctg7180000001865
		Skipping redundant alignment 3882344 3882421 | 342609 342686 | 78 78 | 100.0 | gi|117617447|ref|NC_008570.1|_Aeromonas_hydrophila_subsp._hydrophila_ATCC_7966_chromosome__complete_genome ctg7180000001865
		Skipping redundant alignment 3882554 3882631 | 342609 342686 | 78 78 | 100.0 | gi|117617447|ref|NC_008570.1|_Aeromonas_hydrophila_subsp._hydrophila_ATCC_7966_chromosome__complete_genome ctg7180000001865
		Skipping redundant alignment 1702567 1702661 | 597247 597151 | 95 97 | 96.91 | gi|117617447|ref|NC_008570.1|_Aeromonas_hydrophila_subsp._hydrophila_ATCC_7966_chromosome__complete_genome ctg7180000001865
		Skipping redundant alignment 4476176 4476261 | 597239 597154 | 86 86 | 100.0 | gi|117617447|ref|NC_008570.1|_Aeromonas_hydrophila_subsp._hydrophila_ATCC_7966_chromosome__complete_genome ctg7180000001865
		Skipping redundant alignment 354252 355090 | 828647 827803 | 839 845 | 97.4 | gi|117617447|ref|NC_008570.1|_Aeromonas_hydrophila_subsp._hydrophila_ATCC_7966_chromosome__complete_genome ctg7180000001865
		Skipping redundant alignment 4449338 4450175 | 827804 828647 | 838 844 | 97.28 | gi|117617447|ref|NC_008570.1|_Aeromonas_hydrophila_subsp._hydrophila_ATCC_7966_chromosome__complete_genome ctg7180000001865
		Skipping redundant alignment 89509 90177 | 828647 827979 | 669 669 | 99.55 | gi|117617447|ref|NC_008570.1|_Aeromonas_hydrophila_subsp._hydrophila_ATCC_7966_chromosome__complete_genome ctg7180000001865
		Skipping redundant alignment 167678 168335 | 828647 827990 | 658 658 | 100.0 | gi|117617447|ref|NC_008570.1|_Aeromonas_hydrophila_subsp._hydrophila_ATCC_7966_chromosome__complete_genome ctg7180000001865
		Skipping redundant alignment 219176 219833 | 828647 827990 | 658 658 | 100.0 | gi|117617447|ref|NC_008570.1|_Aeromonas_hydrophila_subsp._hydrophila_ATCC_7966_chromosome__complete_genome ctg7180000001865
		Skipping redundant alignment 808154 808811 | 828647 827990 | 658 658 | 100.0 | gi|117617447|ref|NC_008570.1|_Aeromonas_hydrophila_subsp._hydrophila_ATCC_7966_chromosome__complete_genome ctg7180000001865
		Skipping redundant alignment 937331 937988 | 828647 827990 | 658 658 | 100.0 | gi|117617447|ref|NC_008570.1|_Aeromonas_hydrophila_subsp._hydrophila_ATCC_7966_chromosome__complete_genome ctg7180000001865
		Skipping redundant alignment 3951787 3952444 | 827990 828647 | 658 658 | 100.0 | gi|117617447|ref|NC_008570.1|_Aeromonas_hydrophila_subsp._hydrophila_ATCC_7966_chromosome__complete_genome ctg7180000001865
		Skipping redundant alignment 4697907 4698564 | 827990 828647 | 658 658 | 100.0 | gi|117617447|ref|NC_008570.1|_Aeromonas_hydrophila_subsp._hydrophila_ATCC_7966_chromosome__complete_genome ctg7180000001865
		This contig is misassembled. 39 total aligns.
			Warning! This contig is more unaligned than misassembled. Contig length is 828647 and total length of all aligns is 87735
		Alignment: 959266 964553 | 806934 801639 | 5288 5296 | 95.42 | gi|117617447|ref|NC_008570.1|_Aeromonas_hydrophila_subsp._hydrophila_ATCC_7966_chromosome__complete_genome ctg7180000001865
		Alignment: 964662 965785 | 801538 800419 | 1124 1120 | 95.82 | gi|117617447|ref|NC_008570.1|_Aeromonas_hydrophila_subsp._hydrophila_ATCC_7966_chromosome__complete_genome ctg7180000001865
		Alignment: 1033421 1033748 | 733332 733005 | 328 328 | 96.95 | gi|117617447|ref|NC_008570.1|_Aeromonas_hydrophila_subsp._hydrophila_ATCC_7966_chromosome__complete_genome ctg7180000001865
		Alignment: 1039043 1040989 | 732912 730965 | 1947 1948 | 95.13 | gi|117617447|ref|NC_008570.1|_Aeromonas_hydrophila_subsp._hydrophila_ATCC_7966_chromosome__complete_genome ctg7180000001865
		Alignment: 1041140 1050789 | 730066 720401 | 9650 9666 | 95.7 | gi|117617447|ref|NC_008570.1|_Aeromonas_hydrophila_subsp._hydrophila_ATCC_7966_chromosome__complete_genome ctg7180000001865
		Alignment: 1164049 1164147 | 564141 564043 | 99 99 | 98.99 | gi|117617447|ref|NC_008570.1|_Aeromonas_hydrophila_subsp._hydrophila_ATCC_7966_chromosome__complete_genome ctg7180000001865
		Alignment: 1321707 1328775 | 432086 425033 | 7069 7054 | 95.71 | gi|117617447|ref|NC_008570.1|_Aeromonas_hydrophila_subsp._hydrophila_ATCC_7966_chromosome__complete_genome ctg7180000001865
		Alignment: 1702390 1702524 | 597287 597152 | 135 136 | 97.79 | gi|117617447|ref|NC_008570.1|_Aeromonas_hydrophila_subsp._hydrophila_ATCC_7966_chromosome__complete_genome ctg7180000001865
		Alignment: 1990449 1991033 | 539483 538899 | 585 585 | 95.04 | gi|117617447|ref|NC_008570.1|_Aeromonas_hydrophila_subsp._hydrophila_ATCC_7966_chromosome__complete_genome ctg7180000001865
		Alignment: 3268778 3275279 | 115625 122127 | 6502 6503 | 95.57 | gi|117617447|ref|NC_008570.1|_Aeromonas_hydrophila_subsp._hydrophila_ATCC_7966_chromosome__complete_genome ctg7180000001865
		Alignment: 3357701 3359850 | 206659 208808 | 2150 2150 | 95.3 | gi|117617447|ref|NC_008570.1|_Aeromonas_hydrophila_subsp._hydrophila_ATCC_7966_chromosome__complete_genome ctg7180000001865
		Alignment: 3435428 3440244 | 288336 293152 | 4817 4817 | 95.6 | gi|117617447|ref|NC_008570.1|_Aeromonas_hydrophila_subsp._hydrophila_ATCC_7966_chromosome__complete_genome ctg7180000001865
		Alignment: 3467910 3479663 | 323141 334817 | 11754 11677 | 95.04 | gi|117617447|ref|NC_008570.1|_Aeromonas_hydrophila_subsp._hydrophila_ATCC_7966_chromosome__complete_genome ctg7180000001865
		Alignment: 3487444 3497471 | 342475 352516 | 10028 10042 | 95.06 | gi|117617447|ref|NC_008570.1|_Aeromonas_hydrophila_subsp._hydrophila_ATCC_7966_chromosome__complete_genome ctg7180000001865
		Alignment: 3500329 3509028 | 355311 364010 | 8700 8700 | 95.43 | gi|117617447|ref|NC_008570.1|_Aeromonas_hydrophila_subsp._hydrophila_ATCC_7966_chromosome__complete_genome ctg7180000001865
		Alignment: 3509108 3514620 | 364230 369749 | 5513 5520 | 95.25 | gi|117617447|ref|NC_008570.1|_Aeromonas_hydrophila_subsp._hydrophila_ATCC_7966_chromosome__complete_genome ctg7180000001865
		Alignment: 3514822 3525775 | 369913 380868 | 10954 10956 | 95.27 | gi|117617447|ref|NC_008570.1|_Aeromonas_hydrophila_subsp._hydrophila_ATCC_7966_chromosome__complete_genome ctg7180000001865
		Alignment: 4366268 4367153 | 827757 828647 | 886 891 | 96.42 | gi|117617447|ref|NC_008570.1|_Aeromonas_hydrophila_subsp._hydrophila_ATCC_7966_chromosome__complete_genome ctg7180000001865
		Alignment: 4476064 4476138 | 265767 265841 | 75 75 | 100.0 | gi|117617447|ref|NC_008570.1|_Aeromonas_hydrophila_subsp._hydrophila_ATCC_7966_chromosome__complete_genome ctg7180000001865
		Alignment: 4476176 4476261 | 597007 596922 | 86 86 | 100.0 | gi|117617447|ref|NC_008570.1|_Aeromonas_hydrophila_subsp._hydrophila_ATCC_7966_chromosome__complete_genome ctg7180000001865
		Alignment: 4476176 4476261 | 597123 597038 | 86 86 | 100.0 | gi|117617447|ref|NC_008570.1|_Aeromonas_hydrophila_subsp._hydrophila_ATCC_7966_chromosome__complete_genome ctg7180000001865
		Unaligned bases: 740912
		This contig has both significant aligned and unaligned parts (of length >= min-contig)!
CONTIG: ctg7180000001864 (73715bp)
Top Length: 12109  Top ID: 95.76
		Skipping redundant alignment 3881944 3882021 | 41262 41339 | 78 78 | 100.0 | gi|117617447|ref|NC_008570.1|_Aeromonas_hydrophila_subsp._hydrophila_ATCC_7966_chromosome__complete_genome ctg7180000001864
		Skipping redundant alignments after choosing the best set of alignments
		Skipping [3882143][3882221] redundant alignment 3882143 3882221 | 41261 41339 | 79 79 | 100.0 | gi|117617447|ref|NC_008570.1|_Aeromonas_hydrophila_subsp._hydrophila_ATCC_7966_chromosome__complete_genome ctg7180000001864
		Skipping [3882244][3882325] redundant alignment 3882244 3882325 | 41262 41343 | 82 82 | 100.0 | gi|117617447|ref|NC_008570.1|_Aeromonas_hydrophila_subsp._hydrophila_ATCC_7966_chromosome__complete_genome ctg7180000001864
		Skipping [3882343][3882421] redundant alignment 3882343 3882421 | 41261 41339 | 79 79 | 100.0 | gi|117617447|ref|NC_008570.1|_Aeromonas_hydrophila_subsp._hydrophila_ATCC_7966_chromosome__complete_genome ctg7180000001864
		Skipping [3882453][3882534] redundant alignment 3882453 3882534 | 41262 41343 | 82 82 | 100.0 | gi|117617447|ref|NC_008570.1|_Aeromonas_hydrophila_subsp._hydrophila_ATCC_7966_chromosome__complete_genome ctg7180000001864
		Skipping [3882553][3882631] redundant alignment 3882553 3882631 | 41261 41339 | 79 79 | 100.0 | gi|117617447|ref|NC_008570.1|_Aeromonas_hydrophila_subsp._hydrophila_ATCC_7966_chromosome__complete_genome ctg7180000001864
		This contig is misassembled. 10 total aligns.
			Warning! This contig is more unaligned than misassembled. Contig length is 73715 and total length of all aligns is 18356
		Alignment: 3066866 3069797 | 1416 4343 | 2932 2928 | 95.81 | gi|117617447|ref|NC_008570.1|_Aeromonas_hydrophila_subsp._hydrophila_ATCC_7966_chromosome__complete_genome ctg7180000001864
		Alignment: 3070052 3073285 | 4384 7620 | 3234 3237 | 96.02 | gi|117617447|ref|NC_008570.1|_Aeromonas_hydrophila_subsp._hydrophila_ATCC_7966_chromosome__complete_genome ctg7180000001864
		Alignment: 3094762 3106841 | 28099 40207 | 12080 12109 | 95.76 | gi|117617447|ref|NC_008570.1|_Aeromonas_hydrophila_subsp._hydrophila_ATCC_7966_chromosome__complete_genome ctg7180000001864
		Alignment: 3882044 3882125 | 41262 41343 | 82 82 | 98.78 | gi|117617447|ref|NC_008570.1|_Aeromonas_hydrophila_subsp._hydrophila_ATCC_7966_chromosome__complete_genome ctg7180000001864
		Unaligned bases: 55359
		This contig has both significant aligned and unaligned parts (of length >= min-contig)!
CONTIG: ctg7180000001867 (245339bp)
Top Length: 52419  Top ID: 95.45
		Skipping redundant alignment 1702573 1702658 | 1377 1462 | 86 86 | 98.84 | gi|117617447|ref|NC_008570.1|_Aeromonas_hydrophila_subsp._hydrophila_ATCC_7966_chromosome__complete_genome ctg7180000001867
		Skipping redundant alignments after choosing the best set of alignments
		Skipping [89922][90177] redundant alignment 89922 90177 | 245339 245084 | 256 256 | 99.61 | gi|117617447|ref|NC_008570.1|_Aeromonas_hydrophila_subsp._hydrophila_ATCC_7966_chromosome__complete_genome ctg7180000001867
		Skipping [168091][168348] redundant alignment 168091 168348 | 245339 245082 | 258 258 | 98.84 | gi|117617447|ref|NC_008570.1|_Aeromonas_hydrophila_subsp._hydrophila_ATCC_7966_chromosome__complete_genome ctg7180000001867
		Skipping [219589][219846] redundant alignment 219589 219846 | 245339 245082 | 258 258 | 98.84 | gi|117617447|ref|NC_008570.1|_Aeromonas_hydrophila_subsp._hydrophila_ATCC_7966_chromosome__complete_genome ctg7180000001867
		Skipping [937744][938001] redundant alignment 937744 938001 | 245339 245082 | 258 258 | 98.84 | gi|117617447|ref|NC_008570.1|_Aeromonas_hydrophila_subsp._hydrophila_ATCC_7966_chromosome__complete_genome ctg7180000001867
		Skipping [1108231][1108316] redundant alignment 1108231 1108316 | 1377 1462 | 86 86 | 100.0 | gi|117617447|ref|NC_008570.1|_Aeromonas_hydrophila_subsp._hydrophila_ATCC_7966_chromosome__complete_genome ctg7180000001867
		Skipping [1108347][1108432] redundant alignment 1108347 1108432 | 1377 1462 | 86 86 | 100.0 | gi|117617447|ref|NC_008570.1|_Aeromonas_hydrophila_subsp._hydrophila_ATCC_7966_chromosome__complete_genome ctg7180000001867
		Skipping [1108463][1108548] redundant alignment 1108463 1108548 | 1377 1462 | 86 86 | 100.0 | gi|117617447|ref|NC_008570.1|_Aeromonas_hydrophila_subsp._hydrophila_ATCC_7966_chromosome__complete_genome ctg7180000001867
		This contig is misassembled. 14 total aligns.
			Warning! This contig is more unaligned than misassembled. Contig length is 245339 and total length of all aligns is 55395
		Alignment: 1702437 1702522 | 1377 1462 | 86 86 | 100.0 | gi|117617447|ref|NC_008570.1|_Aeromonas_hydrophila_subsp._hydrophila_ATCC_7966_chromosome__complete_genome ctg7180000001867
		Alignment: 3414420 3414494 | 1265 1339 | 75 75 | 100.0 | gi|117617447|ref|NC_008570.1|_Aeromonas_hydrophila_subsp._hydrophila_ATCC_7966_chromosome__complete_genome ctg7180000001867
		Alignment: 3951774 3952031 | 245082 245339 | 258 258 | 98.84 | gi|117617447|ref|NC_008570.1|_Aeromonas_hydrophila_subsp._hydrophila_ATCC_7966_chromosome__complete_genome ctg7180000001867
		Alignment: 4455592 4456684 | 1 1093 | 1093 1093 | 97.35 | gi|117617447|ref|NC_008570.1|_Aeromonas_hydrophila_subsp._hydrophila_ATCC_7966_chromosome__complete_genome ctg7180000001867
		Alignment: 4580149 4632477 | 105673 158091 | 52329 52419 | 95.45 | gi|117617447|ref|NC_008570.1|_Aeromonas_hydrophila_subsp._hydrophila_ATCC_7966_chromosome__complete_genome ctg7180000001867
		Alignment: 4678443 4679906 | 225628 227091 | 1464 1464 | 95.49 | gi|117617447|ref|NC_008570.1|_Aeromonas_hydrophila_subsp._hydrophila_ATCC_7966_chromosome__complete_genome ctg7180000001867
		Unaligned bases: 189944
		This contig has both significant aligned and unaligned parts (of length >= min-contig)!
CONTIG: ctg7180000001866 (8397bp)
Top Length: 621  Top ID: 96.14
		Skipping redundant alignment 803517 804087 | 7826 8397 | 571 572 | 96.85 | gi|117617447|ref|NC_008570.1|_Aeromonas_hydrophila_subsp._hydrophila_ATCC_7966_chromosome__complete_genome ctg7180000001866
		Skipping redundant alignment 4454200 4454754 | 8397 7841 | 555 557 | 98.38 | gi|117617447|ref|NC_008570.1|_Aeromonas_hydrophila_subsp._hydrophila_ATCC_7966_chromosome__complete_genome ctg7180000001866
		Skipping redundant alignment 214599 215151 | 7845 8397 | 553 553 | 98.55 | gi|117617447|ref|NC_008570.1|_Aeromonas_hydrophila_subsp._hydrophila_ATCC_7966_chromosome__complete_genome ctg7180000001866
		Skipping redundant alignment 349639 350190 | 7845 8397 | 552 553 | 98.55 | gi|117617447|ref|NC_008570.1|_Aeromonas_hydrophila_subsp._hydrophila_ATCC_7966_chromosome__complete_genome ctg7180000001866
		Skipping redundant alignment 4371178 4371588 | 8397 7987 | 411 411 | 99.51 | gi|117617447|ref|NC_008570.1|_Aeromonas_hydrophila_subsp._hydrophila_ATCC_7966_chromosome__complete_genome ctg7180000001866
		Skipping redundant alignment 85010 85418 | 7987 8397 | 409 411 | 99.03 | gi|117617447|ref|NC_008570.1|_Aeromonas_hydrophila_subsp._hydrophila_ATCC_7966_chromosome__complete_genome ctg7180000001866
		Skipping redundant alignment 163208 163616 | 7987 8397 | 409 411 | 99.03 | gi|117617447|ref|NC_008570.1|_Aeromonas_hydrophila_subsp._hydrophila_ATCC_7966_chromosome__complete_genome ctg7180000001866
		Skipping redundant alignment 4702629 4703037 | 8397 7987 | 409 411 | 99.03 | gi|117617447|ref|NC_008570.1|_Aeromonas_hydrophila_subsp._hydrophila_ATCC_7966_chromosome__complete_genome ctg7180000001866
		Skipping redundant alignment 3956511 3956918 | 8397 7988 | 408 410 | 98.78 | gi|117617447|ref|NC_008570.1|_Aeromonas_hydrophila_subsp._hydrophila_ATCC_7966_chromosome__complete_genome ctg7180000001866
		This contig is partially unaligned. (621 out of 8397)
		Alignment: 932645 933264 | 7777 8397 | 620 621 | 96.14 | gi|117617447|ref|NC_008570.1|_Aeromonas_hydrophila_subsp._hydrophila_ATCC_7966_chromosome__complete_genome ctg7180000001866
		Unaligned bases: 1 to 7776 (7776)
		This contig has both significant aligned and unaligned parts (of length >= min-contig)!

CONTIG: ctg7180000001869 (159442bp)
Top Length: 1694  Top ID: 95.16
		Skipping redundant alignment 2829539 2829619 | 27269 27189 | 81 81 | 100.0 | gi|117617447|ref|NC_008570.1|_Aeromonas_hydrophila_subsp._hydrophila_ATCC_7966_chromosome__complete_genome ctg7180000001869
		Skipping redundant alignment 4268849 4268924 | 27270 27345 | 76 76 | 100.0 | gi|117617447|ref|NC_008570.1|_Aeromonas_hydrophila_subsp._hydrophila_ATCC_7966_chromosome__complete_genome ctg7180000001869
		Skipping redundant alignment 3487578 3487652 | 37262 37188 | 75 75 | 100.0 | gi|117617447|ref|NC_008570.1|_Aeromonas_hydrophila_subsp._hydrophila_ATCC_7966_chromosome__complete_genome ctg7180000001869
		Skipping redundant alignment 3111384 3111463 | 37483 37404 | 80 80 | 100.0 | gi|117617447|ref|NC_008570.1|_Aeromonas_hydrophila_subsp._hydrophila_ATCC_7966_chromosome__complete_genome ctg7180000001869
		Skipping redundant alignment 3487578 3487654 | 37482 37406 | 77 77 | 100.0 | gi|117617447|ref|NC_008570.1|_Aeromonas_hydrophila_subsp._hydrophila_ATCC_7966_chromosome__complete_genome ctg7180000001869
		Skipping redundant alignment 3111385 3111462 | 37582 37505 | 78 78 | 100.0 | gi|117617447|ref|NC_008570.1|_Aeromonas_hydrophila_subsp._hydrophila_ATCC_7966_chromosome__complete_genome ctg7180000001869
		Skipping redundant alignment 3487577 3487654 | 37583 37506 | 78 78 | 100.0 | gi|117617447|ref|NC_008570.1|_Aeromonas_hydrophila_subsp._hydrophila_ATCC_7966_chromosome__complete_genome ctg7180000001869
		Skipping redundant alignment 3487578 3487654 | 37682 37606 | 77 77 | 100.0 | gi|117617447|ref|NC_008570.1|_Aeromonas_hydrophila_subsp._hydrophila_ATCC_7966_chromosome__complete_genome ctg7180000001869
		Skipping redundant alignment 3487577 3487654 | 37797 37720 | 78 78 | 100.0 | gi|117617447|ref|NC_008570.1|_Aeromonas_hydrophila_subsp._hydrophila_ATCC_7966_chromosome__complete_genome ctg7180000001869
		Skipping redundant alignment 3487577 3487654 | 37897 37820 | 78 78 | 100.0 | gi|117617447|ref|NC_008570.1|_Aeromonas_hydrophila_subsp._hydrophila_ATCC_7966_chromosome__complete_genome ctg7180000001869
		Skipping redundant alignment 3875715 3875790 | 43887 43812 | 76 76 | 100.0 | gi|117617447|ref|NC_008570.1|_Aeromonas_hydrophila_subsp._hydrophila_ATCC_7966_chromosome__complete_genome ctg7180000001869
		Skipping redundant alignments after choosing the best set of alignments
		Skipping [3111385][3111462] redundant alignment 3111385 3111462 | 37374 37297 | 78 78 | 100.0 | gi|117617447|ref|NC_008570.1|_Aeromonas_hydrophila_subsp._hydrophila_ATCC_7966_chromosome__complete_genome ctg7180000001869
		This contig is misassembled. 22 total aligns.
			Warning! This contig is more unaligned than misassembled. Contig length is 159442 and total length of all aligns is 2955
		Alignment: 3111384 3111463 | 37263 37184 | 80 80 | 98.75 | gi|117617447|ref|NC_008570.1|_Aeromonas_hydrophila_subsp._hydrophila_ATCC_7966_chromosome__complete_genome ctg7180000001869
		Alignment: 3111384 3111463 | 37683 37604 | 80 80 | 100.0 | gi|117617447|ref|NC_008570.1|_Aeromonas_hydrophila_subsp._hydrophila_ATCC_7966_chromosome__complete_genome ctg7180000001869
		Alignment: 3111385 3111463 | 37896 37818 | 79 79 | 100.0 | gi|117617447|ref|NC_008570.1|_Aeromonas_hydrophila_subsp._hydrophila_ATCC_7966_chromosome__complete_genome ctg7180000001869
		Alignment: 3111385 3111463 | 37796 37718 | 79 79 | 100.0 | gi|117617447|ref|NC_008570.1|_Aeromonas_hydrophila_subsp._hydrophila_ATCC_7966_chromosome__complete_genome ctg7180000001869
		Alignment: 3487577 3487654 | 37375 37298 | 78 78 | 100.0 | gi|117617447|ref|NC_008570.1|_Aeromonas_hydrophila_subsp._hydrophila_ATCC_7966_chromosome__complete_genome ctg7180000001869
		Alignment: 3774576 3776269 | 130265 128572 | 1694 1694 | 95.16 | gi|117617447|ref|NC_008570.1|_Aeromonas_hydrophila_subsp._hydrophila_ATCC_7966_chromosome__complete_genome ctg7180000001869
		Alignment: 3876088 3876598 | 43991 43481 | 511 511 | 96.09 | gi|117617447|ref|NC_008570.1|_Aeromonas_hydrophila_subsp._hydrophila_ATCC_7966_chromosome__complete_genome ctg7180000001869
		Alignment: 3881942 3882123 | 37584 37403 | 182 182 | 95.05 | gi|117617447|ref|NC_008570.1|_Aeromonas_hydrophila_subsp._hydrophila_ATCC_7966_chromosome__complete_genome ctg7180000001869
		Alignment: 4268509 4268599 | 27176 27268 | 91 93 | 96.77 | gi|117617447|ref|NC_008570.1|_Aeromonas_hydrophila_subsp._hydrophila_ATCC_7966_chromosome__complete_genome ctg7180000001869
		Alignment: 4268638 4268719 | 27266 27347 | 82 82 | 100.0 | gi|117617447|ref|NC_008570.1|_Aeromonas_hydrophila_subsp._hydrophila_ATCC_7966_chromosome__complete_genome ctg7180000001869
		Unaligned bases: 156487
		This contig has both significant aligned and unaligned parts (of length >= min-contig)!
CONTIG: ctg7180000001868 (235264bp)
Top Length: 14567  Top ID: 95.05
		Skipping redundant alignment 4141708 4141788 | 234470 234550 | 81 81 | 100.0 | gi|117617447|ref|NC_008570.1|_Aeromonas_hydrophila_subsp._hydrophila_ATCC_7966_chromosome__complete_genome ctg7180000001868
		Skipping redundant alignment 4141604 4141683 | 234471 234550 | 80 80 | 100.0 | gi|117617447|ref|NC_008570.1|_Aeromonas_hydrophila_subsp._hydrophila_ATCC_7966_chromosome__complete_genome ctg7180000001868
		Skipping redundant alignments after choosing the best set of alignments
		Skipping [85011][86710] redundant alignment 85011 86710 | 1702 1 | 1700 1702 | 98.82 | gi|117617447|ref|NC_008570.1|_Aeromonas_hydrophila_subsp._hydrophila_ATCC_7966_chromosome__complete_genome ctg7180000001868
		Skipping [163209][164908] redundant alignment 163209 164908 | 1702 1 | 1700 1702 | 98.82 | gi|117617447|ref|NC_008570.1|_Aeromonas_hydrophila_subsp._hydrophila_ATCC_7966_chromosome__complete_genome ctg7180000001868
		Skipping [214744][216443] redundant alignment 214744 216443 | 1700 1 | 1700 1700 | 98.88 | gi|117617447|ref|NC_008570.1|_Aeromonas_hydrophila_subsp._hydrophila_ATCC_7966_chromosome__complete_genome ctg7180000001868
		Skipping [349782][351482] redundant alignment 349782 351482 | 1702 1 | 1701 1702 | 98.82 | gi|117617447|ref|NC_008570.1|_Aeromonas_hydrophila_subsp._hydrophila_ATCC_7966_chromosome__complete_genome ctg7180000001868
		Skipping [803681][805379] redundant alignment 803681 805379 | 1700 1 | 1699 1700 | 98.71 | gi|117617447|ref|NC_008570.1|_Aeromonas_hydrophila_subsp._hydrophila_ATCC_7966_chromosome__complete_genome ctg7180000001868
		Skipping [932858][934556] redundant alignment 932858 934556 | 1700 1 | 1699 1700 | 98.71 | gi|117617447|ref|NC_008570.1|_Aeromonas_hydrophila_subsp._hydrophila_ATCC_7966_chromosome__complete_genome ctg7180000001868
		Skipping [4452908][4454607] redundant alignment 4452908 4454607 | 1 1702 | 1700 1702 | 98.77 | gi|117617447|ref|NC_008570.1|_Aeromonas_hydrophila_subsp._hydrophila_ATCC_7966_chromosome__complete_genome ctg7180000001868
		Skipping [4701337][4703036] redundant alignment 4701337 4703036 | 1 1702 | 1700 1702 | 98.82 | gi|117617447|ref|NC_008570.1|_Aeromonas_hydrophila_subsp._hydrophila_ATCC_7966_chromosome__complete_genome ctg7180000001868
		This contig is misassembled. 17 total aligns.
			Warning! This contig is more unaligned than misassembled. Contig length is 235264 and total length of all aligns is 23447
		Alignment: 3968723 3971546 | 13441 16264 | 2824 2824 | 95.4 | gi|117617447|ref|NC_008570.1|_Aeromonas_hydrophila_subsp._hydrophila_ATCC_7966_chromosome__complete_genome ctg7180000001868
		Alignment: 3982508 3984898 | 30098 32488 | 2391 2391 | 95.61 | gi|117617447|ref|NC_008570.1|_Aeromonas_hydrophila_subsp._hydrophila_ATCC_7966_chromosome__complete_genome ctg7180000001868
		Alignment: 4016792 4017534 | 108959 109701 | 743 743 | 96.1 | gi|117617447|ref|NC_008570.1|_Aeromonas_hydrophila_subsp._hydrophila_ATCC_7966_chromosome__complete_genome ctg7180000001868
		Alignment: 4017698 4032347 | 110560 125126 | 14650 14567 | 95.05 | gi|117617447|ref|NC_008570.1|_Aeromonas_hydrophila_subsp._hydrophila_ATCC_7966_chromosome__complete_genome ctg7180000001868
		Alignment: 4141559 4141893 | 234045 234374 | 335 330 | 97.01 | gi|117617447|ref|NC_008570.1|_Aeromonas_hydrophila_subsp._hydrophila_ATCC_7966_chromosome__complete_genome ctg7180000001868
		Alignment: 4141710 4142886 | 234088 235264 | 1177 1177 | 97.28 | gi|117617447|ref|NC_008570.1|_Aeromonas_hydrophila_subsp._hydrophila_ATCC_7966_chromosome__complete_genome ctg7180000001868
		Alignment: 4369886 4371587 | 1 1702 | 1702 1702 | 98.94 | gi|117617447|ref|NC_008570.1|_Aeromonas_hydrophila_subsp._hydrophila_ATCC_7966_chromosome__complete_genome ctg7180000001868
		Unaligned bases: 211817
		This contig has both significant aligned and unaligned parts (of length >= min-contig)!
CONTIG: ctg7180000001849 (19459bp)
Top Length: 19459  Top ID: 96.5
		Marking as insignificant: 4455499 4456637 | 18321 19459 | 1139 1139 | 97.63 | gi|117617447|ref|NC_008570.1|_Aeromonas_hydrophila_subsp._hydrophila_ATCC_7966_chromosome__complete_genome ctg7180000001849
		One align captures most of this contig: 4456375 4475844 | 1 19459 | 19470 19459 | 96.5 | gi|117617447|ref|NC_008570.1|_Aeromonas_hydrophila_subsp._hydrophila_ATCC_7966_chromosome__complete_genome ctg7180000001849

CONTIG: ctg7180000001848 (2851bp)
		This contig is unaligned. (2851 bp)
		Unaligned bases: 2851  total: 2851

CONTIG: ctg7180000001871 (129816bp)
Top Length: 28886  Top ID: 95.49
		Skipping redundant alignment 167678 168348 | 1 671 | 671 671 | 99.55 | gi|117617447|ref|NC_008570.1|_Aeromonas_hydrophila_subsp._hydrophila_ATCC_7966_chromosome__complete_genome ctg7180000001871
		Skipping redundant alignment 219176 219846 | 1 671 | 671 671 | 99.55 | gi|117617447|ref|NC_008570.1|_Aeromonas_hydrophila_subsp._hydrophila_ATCC_7966_chromosome__complete_genome ctg7180000001871
		Skipping redundant alignment 808154 808824 | 1 671 | 671 671 | 99.55 | gi|117617447|ref|NC_008570.1|_Aeromonas_hydrophila_subsp._hydrophila_ATCC_7966_chromosome__complete_genome ctg7180000001871
		Skipping redundant alignment 937331 938001 | 1 671 | 671 671 | 99.55 | gi|117617447|ref|NC_008570.1|_Aeromonas_hydrophila_subsp._hydrophila_ATCC_7966_chromosome__complete_genome ctg7180000001871
		Skipping redundant alignment 3951774 3952444 | 671 1 | 671 671 | 99.55 | gi|117617447|ref|NC_008570.1|_Aeromonas_hydrophila_subsp._hydrophila_ATCC_7966_chromosome__complete_genome ctg7180000001871
		Skipping redundant alignment 4697894 4698564 | 671 1 | 671 671 | 99.55 | gi|117617447|ref|NC_008570.1|_Aeromonas_hydrophila_subsp._hydrophila_ATCC_7966_chromosome__complete_genome ctg7180000001871
		Skipping redundant alignment 89509 90177 | 1 669 | 669 669 | 99.7 | gi|117617447|ref|NC_008570.1|_Aeromonas_hydrophila_subsp._hydrophila_ATCC_7966_chromosome__complete_genome ctg7180000001871
		Skipping redundant alignment 339150 349286 | 119689 129816 | 10137 10128 | 98.19 | gi|117617447|ref|NC_008570.1|_Aeromonas_hydrophila_subsp._hydrophila_ATCC_7966_chromosome__complete_genome ctg7180000001871
		Skipping redundant alignment 349248 349385 | 129679 129816 | 138 138 | 100.0 | gi|117617447|ref|NC_008570.1|_Aeromonas_hydrophila_subsp._hydrophila_ATCC_7966_chromosome__complete_genome ctg7180000001871
		Skipping redundant alignments after choosing the best set of alignments
		Skipping [4366317][4367153] redundant alignment 4366317 4367153 | 843 1 | 837 843 | 97.15 | gi|117617447|ref|NC_008570.1|_Aeromonas_hydrophila_subsp._hydrophila_ATCC_7966_chromosome__complete_genome ctg7180000001871
		Skipping [4449338][4450175] redundant alignment 4449338 4450175 | 844 1 | 838 844 | 97.16 | gi|117617447|ref|NC_008570.1|_Aeromonas_hydrophila_subsp._hydrophila_ATCC_7966_chromosome__complete_genome ctg7180000001871
		This contig is misassembled. 17 total aligns.
			Warning! This contig is more unaligned than misassembled. Contig length is 129816 and total length of all aligns is 56509
		Alignment: 220133 243927 | 866 24718 | 23795 23853 | 95.42 | gi|117617447|ref|NC_008570.1|_Aeromonas_hydrophila_subsp._hydrophila_ATCC_7966_chromosome__complete_genome ctg7180000001871
		Alignment: 246810 247377 | 26734 27300 | 568 567 | 96.13 | gi|117617447|ref|NC_008570.1|_Aeromonas_hydrophila_subsp._hydrophila_ATCC_7966_chromosome__complete_genome ctg7180000001871
		Alignment: 247959 249198 | 27385 28624 | 1240 1240 | 95.32 | gi|117617447|ref|NC_008570.1|_Aeromonas_hydrophila_subsp._hydrophila_ATCC_7966_chromosome__complete_genome ctg7180000001871
		Alignment: 256511 257628 | 38650 39767 | 1118 1118 | 97.23 | gi|117617447|ref|NC_008570.1|_Aeromonas_hydrophila_subsp._hydrophila_ATCC_7966_chromosome__complete_genome ctg7180000001871
		Alignment: 320383 349277 | 100931 129816 | 28895 28886 | 95.49 | gi|117617447|ref|NC_008570.1|_Aeromonas_hydrophila_subsp._hydrophila_ATCC_7966_chromosome__complete_genome ctg7180000001871
		Alignment: 354252 355090 | 1 845 | 839 845 | 97.28 | gi|117617447|ref|NC_008570.1|_Aeromonas_hydrophila_subsp._hydrophila_ATCC_7966_chromosome__complete_genome ctg7180000001871
		Unaligned bases: 73307
		This contig has both significant aligned and unaligned parts (of length >= min-contig)!
CONTIG: ctg7180000001874 (2494bp)
Top Length: 2494  Top ID: 98.32
		Marking as insignificant: 4452030 4452582 | 2494 1942 | 553 553 | 98.55 | gi|117617447|ref|NC_008570.1|_Aeromonas_hydrophila_subsp._hydrophila_ATCC_7966_chromosome__complete_genome ctg7180000001874
		Marking as insignificant: 4369008 4369560 | 2494 1942 | 553 553 | 98.55 | gi|117617447|ref|NC_008570.1|_Aeromonas_hydrophila_subsp._hydrophila_ATCC_7966_chromosome__complete_genome ctg7180000001874
		Marking as insignificant: 216769 217321 | 1942 2494 | 553 553 | 98.73 | gi|117617447|ref|NC_008570.1|_Aeromonas_hydrophila_subsp._hydrophila_ATCC_7966_chromosome__complete_genome ctg7180000001874
		Marking as insignificant: 351671 352397 | 1766 2494 | 727 729 | 95.34 | gi|117617447|ref|NC_008570.1|_Aeromonas_hydrophila_subsp._hydrophila_ATCC_7966_chromosome__complete_genome ctg7180000001874
		Marking as insignificant: 165097 165823 | 1766 2494 | 727 729 | 95.34 | gi|117617447|ref|NC_008570.1|_Aeromonas_hydrophila_subsp._hydrophila_ATCC_7966_chromosome__complete_genome ctg7180000001874
		Marking as insignificant: 4700419 4701148 | 2494 1766 | 730 729 | 96.17 | gi|117617447|ref|NC_008570.1|_Aeromonas_hydrophila_subsp._hydrophila_ATCC_7966_chromosome__complete_genome ctg7180000001874
		Marking as insignificant: 214893 216500 | 1 1609 | 1608 1609 | 98.94 | gi|117617447|ref|NC_008570.1|_Aeromonas_hydrophila_subsp._hydrophila_ATCC_7966_chromosome__complete_genome ctg7180000001874
		Marking as insignificant: 4452851 4454458 | 1609 1 | 1608 1609 | 99.01 | gi|117617447|ref|NC_008570.1|_Aeromonas_hydrophila_subsp._hydrophila_ATCC_7966_chromosome__complete_genome ctg7180000001874
		Marking as insignificant: 4369829 4371436 | 1609 1 | 1608 1609 | 99.01 | gi|117617447|ref|NC_008570.1|_Aeromonas_hydrophila_subsp._hydrophila_ATCC_7966_chromosome__complete_genome ctg7180000001874
		Marking as insignificant: 4701239 4702887 | 1650 1 | 1649 1650 | 99.03 | gi|117617447|ref|NC_008570.1|_Aeromonas_hydrophila_subsp._hydrophila_ATCC_7966_chromosome__complete_genome ctg7180000001874
		Marking as insignificant: 349932 351580 | 1 1650 | 1649 1650 | 99.03 | gi|117617447|ref|NC_008570.1|_Aeromonas_hydrophila_subsp._hydrophila_ATCC_7966_chromosome__complete_genome ctg7180000001874
		Marking as insignificant: 163358 165006 | 1 1650 | 1649 1650 | 99.03 | gi|117617447|ref|NC_008570.1|_Aeromonas_hydrophila_subsp._hydrophila_ATCC_7966_chromosome__complete_genome ctg7180000001874
		Marking as insignificant: 803829 806299 | 1 2494 | 2471 2494 | 96.4 | gi|117617447|ref|NC_008570.1|_Aeromonas_hydrophila_subsp._hydrophila_ATCC_7966_chromosome__complete_genome ctg7180000001874
		Marking as insignificant: 933006 935476 | 1 2494 | 2471 2494 | 96.48 | gi|117617447|ref|NC_008570.1|_Aeromonas_hydrophila_subsp._hydrophila_ATCC_7966_chromosome__complete_genome ctg7180000001874
		Marking as insignificant: 3954299 3956769 | 2494 1 | 2471 2494 | 96.52 | gi|117617447|ref|NC_008570.1|_Aeromonas_hydrophila_subsp._hydrophila_ATCC_7966_chromosome__complete_genome ctg7180000001874
		One align captures most of this contig: 85160 87654 | 1 2494 | 2495 2494 | 98.32 | gi|117617447|ref|NC_008570.1|_Aeromonas_hydrophila_subsp._hydrophila_ATCC_7966_chromosome__complete_genome ctg7180000001874

CONTIG: ctg7180000001875 (1124684bp)
Top Length: 39422  Top ID: 95.01
		Skipping redundant alignment 4268517 4268599 | 279872 279954 | 83 83 | 100.0 | gi|117617447|ref|NC_008570.1|_Aeromonas_hydrophila_subsp._hydrophila_ATCC_7966_chromosome__complete_genome ctg7180000001875
		Skipping redundant alignment 3894446 3894526 | 279955 279875 | 81 81 | 100.0 | gi|117617447|ref|NC_008570.1|_Aeromonas_hydrophila_subsp._hydrophila_ATCC_7966_chromosome__complete_genome ctg7180000001875
		Skipping redundant alignment 1955429 1955562 | 282551 282419 | 134 133 | 99.25 | gi|117617447|ref|NC_008570.1|_Aeromonas_hydrophila_subsp._hydrophila_ATCC_7966_chromosome__complete_genome ctg7180000001875
		Skipping redundant alignment 3879790 3879895 | 412113 412008 | 106 106 | 97.17 | gi|117617447|ref|NC_008570.1|_Aeromonas_hydrophila_subsp._hydrophila_ATCC_7966_chromosome__complete_genome ctg7180000001875
		This contig is misassembled. 26 total aligns.
			Warning! This contig is more unaligned than misassembled. Contig length is 1124684 and total length of all aligns is 148721
		Alignment: 29370 29450 | 1087145 1087225 | 81 81 | 100.0 | gi|117617447|ref|NC_008570.1|_Aeromonas_hydrophila_subsp._hydrophila_ATCC_7966_chromosome__complete_genome ctg7180000001875
		Alignment: 29627 29704 | 1086908 1086985 | 78 78 | 100.0 | gi|117617447|ref|NC_008570.1|_Aeromonas_hydrophila_subsp._hydrophila_ATCC_7966_chromosome__complete_genome ctg7180000001875
		Alignment: 1210104 1210193 | 80118 80207 | 90 90 | 100.0 | gi|117617447|ref|NC_008570.1|_Aeromonas_hydrophila_subsp._hydrophila_ATCC_7966_chromosome__complete_genome ctg7180000001875
		Alignment: 2049144 2054832 | 1064843 1059154 | 5689 5690 | 95.21 | gi|117617447|ref|NC_008570.1|_Aeromonas_hydrophila_subsp._hydrophila_ATCC_7966_chromosome__complete_genome ctg7180000001875
		Alignment: 2073989 2074147 | 1011151 1010993 | 159 159 | 98.11 | gi|117617447|ref|NC_008570.1|_Aeromonas_hydrophila_subsp._hydrophila_ATCC_7966_chromosome__complete_genome ctg7180000001875
		Alignment: 2142527 2145909 | 951938 948556 | 3383 3383 | 95.39 | gi|117617447|ref|NC_008570.1|_Aeromonas_hydrophila_subsp._hydrophila_ATCC_7966_chromosome__complete_genome ctg7180000001875
		Alignment: 2167759 2183381 | 403949 419562 | 15623 15614 | 95.48 | gi|117617447|ref|NC_008570.1|_Aeromonas_hydrophila_subsp._hydrophila_ATCC_7966_chromosome__complete_genome ctg7180000001875
		Alignment: 2183499 2185446 | 419663 421610 | 1948 1948 | 95.12 | gi|117617447|ref|NC_008570.1|_Aeromonas_hydrophila_subsp._hydrophila_ATCC_7966_chromosome__complete_genome ctg7180000001875
		Alignment: 2185571 2189832 | 421735 425997 | 4262 4263 | 95.73 | gi|117617447|ref|NC_008570.1|_Aeromonas_hydrophila_subsp._hydrophila_ATCC_7966_chromosome__complete_genome ctg7180000001875
		Alignment: 2221830 2223485 | 458691 460345 | 1656 1655 | 96.14 | gi|117617447|ref|NC_008570.1|_Aeromonas_hydrophila_subsp._hydrophila_ATCC_7966_chromosome__complete_genome ctg7180000001875
		Alignment: 2339177 2342356 | 562319 565496 | 3180 3178 | 95.63 | gi|117617447|ref|NC_008570.1|_Aeromonas_hydrophila_subsp._hydrophila_ATCC_7966_chromosome__complete_genome ctg7180000001875
		Alignment: 2367319 2406740 | 587300 626721 | 39422 39422 | 95.01 | gi|117617447|ref|NC_008570.1|_Aeromonas_hydrophila_subsp._hydrophila_ATCC_7966_chromosome__complete_genome ctg7180000001875
		Alignment: 2576209 2580604 | 795121 799518 | 4396 4398 | 95.18 | gi|117617447|ref|NC_008570.1|_Aeromonas_hydrophila_subsp._hydrophila_ATCC_7966_chromosome__complete_genome ctg7180000001875
		Alignment: 2639180 2639960 | 848737 849513 | 781 777 | 95.91 | gi|117617447|ref|NC_008570.1|_Aeromonas_hydrophila_subsp._hydrophila_ATCC_7966_chromosome__complete_genome ctg7180000001875
		Alignment: 2656667 2659515 | 865277 868123 | 2849 2847 | 95.19 | gi|117617447|ref|NC_008570.1|_Aeromonas_hydrophila_subsp._hydrophila_ATCC_7966_chromosome__complete_genome ctg7180000001875
		Alignment: 2755862 2778548 | 342916 320269 | 22687 22648 | 95.25 | gi|117617447|ref|NC_008570.1|_Aeromonas_hydrophila_subsp._hydrophila_ATCC_7966_chromosome__complete_genome ctg7180000001875
		Alignment: 2780870 2783164 | 317084 314789 | 2295 2296 | 96.04 | gi|117617447|ref|NC_008570.1|_Aeromonas_hydrophila_subsp._hydrophila_ATCC_7966_chromosome__complete_genome ctg7180000001875
		Alignment: 2783442 2791235 | 314610 306758 | 7794 7853 | 95.06 | gi|117617447|ref|NC_008570.1|_Aeromonas_hydrophila_subsp._hydrophila_ATCC_7966_chromosome__complete_genome ctg7180000001875
		Alignment: 2826944 2829244 | 282547 280248 | 2301 2300 | 95.61 | gi|117617447|ref|NC_008570.1|_Aeromonas_hydrophila_subsp._hydrophila_ATCC_7966_chromosome__complete_genome ctg7180000001875
		Alignment: 2829399 2829731 | 280095 279763 | 333 333 | 97.3 | gi|117617447|ref|NC_008570.1|_Aeromonas_hydrophila_subsp._hydrophila_ATCC_7966_chromosome__complete_genome ctg7180000001875
		Alignment: 2887840 2905113 | 205368 188096 | 17274 17273 | 95.2 | gi|117617447|ref|NC_008570.1|_Aeromonas_hydrophila_subsp._hydrophila_ATCC_7966_chromosome__complete_genome ctg7180000001875
		Alignment: 2999217 3011661 | 63143 50709 | 12445 12435 | 96.21 | gi|117617447|ref|NC_008570.1|_Aeromonas_hydrophila_subsp._hydrophila_ATCC_7966_chromosome__complete_genome ctg7180000001875
		Unaligned bases: 975963
		This contig has both significant aligned and unaligned parts (of length >= min-contig)!
CONTIG: ctg7180000001872 (56369bp)
Top Length: 16501  Top ID: 95.15
		This contig is partially unaligned. (16501 out of 56369)
		Alignment: 122243 138750 | 32731 49231 | 16508 16501 | 95.15 | gi|117617447|ref|NC_008570.1|_Aeromonas_hydrophila_subsp._hydrophila_ATCC_7966_chromosome__complete_genome ctg7180000001872
		Unaligned bases: 1 to 32730 (32730)
		Unaligned bases: 49232 to 56369 (7138)
		This contig has both significant aligned and unaligned parts (of length >= min-contig)!

CONTIG: ctg7180000001873 (2123bp)
Top Length: 2123  Top ID: 98.07
		Marking as insignificant: 4452376 4452582 | 2123 1917 | 207 207 | 98.55 | gi|117617447|ref|NC_008570.1|_Aeromonas_hydrophila_subsp._hydrophila_ATCC_7966_chromosome__complete_genome ctg7180000001873
		Marking as insignificant: 4369354 4369560 | 2123 1917 | 207 207 | 98.55 | gi|117617447|ref|NC_008570.1|_Aeromonas_hydrophila_subsp._hydrophila_ATCC_7966_chromosome__complete_genome ctg7180000001873
		Marking as insignificant: 216769 216975 | 1917 2123 | 207 207 | 98.55 | gi|117617447|ref|NC_008570.1|_Aeromonas_hydrophila_subsp._hydrophila_ATCC_7966_chromosome__complete_genome ctg7180000001873
		Marking as insignificant: 214893 216500 | 1 1609 | 1608 1609 | 98.94 | gi|117617447|ref|NC_008570.1|_Aeromonas_hydrophila_subsp._hydrophila_ATCC_7966_chromosome__complete_genome ctg7180000001873
		Marking as insignificant: 4452851 4454458 | 1609 1 | 1608 1609 | 99.01 | gi|117617447|ref|NC_008570.1|_Aeromonas_hydrophila_subsp._hydrophila_ATCC_7966_chromosome__complete_genome ctg7180000001873
		Marking as insignificant: 4369829 4371436 | 1609 1 | 1608 1609 | 99.01 | gi|117617447|ref|NC_008570.1|_Aeromonas_hydrophila_subsp._hydrophila_ATCC_7966_chromosome__complete_genome ctg7180000001873
		Marking as insignificant: 85160 87308 | 1 2123 | 2149 2123 | 96.14 | gi|117617447|ref|NC_008570.1|_Aeromonas_hydrophila_subsp._hydrophila_ATCC_7966_chromosome__complete_genome ctg7180000001873
		This contig has 6 significant alignments. [An ambiguously mapped contig]
		Using only first of these alignment (option --ambiguity-usage is set to "one"):
		Alignment: 3954645 3956769 | 2123 1 | 2125 2123 | 98.07 | gi|117617447|ref|NC_008570.1|_Aeromonas_hydrophila_subsp._hydrophila_ATCC_7966_chromosome__complete_genome ctg7180000001873
		Skipping alignment  933006 935130 | 1 2123 | 2125 2123 | 98.03 | gi|117617447|ref|NC_008570.1|_Aeromonas_hydrophila_subsp._hydrophila_ATCC_7966_chromosome__complete_genome ctg7180000001873
		Skipping alignment  163358 165477 | 1 2123 | 2120 2123 | 97.97 | gi|117617447|ref|NC_008570.1|_Aeromonas_hydrophila_subsp._hydrophila_ATCC_7966_chromosome__complete_genome ctg7180000001873
		Skipping alignment  349932 352051 | 1 2123 | 2120 2123 | 97.97 | gi|117617447|ref|NC_008570.1|_Aeromonas_hydrophila_subsp._hydrophila_ATCC_7966_chromosome__complete_genome ctg7180000001873
		Skipping alignment  803829 805953 | 1 2123 | 2125 2123 | 97.93 | gi|117617447|ref|NC_008570.1|_Aeromonas_hydrophila_subsp._hydrophila_ATCC_7966_chromosome__complete_genome ctg7180000001873
		Skipping alignment  4700765 4702887 | 2123 1 | 2123 2123 | 97.88 | gi|117617447|ref|NC_008570.1|_Aeromonas_hydrophila_subsp._hydrophila_ATCC_7966_chromosome__complete_genome ctg7180000001873

CONTIG: ctg7180000001858 (115378bp)
Top Length: 16166  Top ID: 95.81
		Skipping redundant alignment 349781 349867 | 88 1 | 87 88 | 97.73 | gi|117617447|ref|NC_008570.1|_Aeromonas_hydrophila_subsp._hydrophila_ATCC_7966_chromosome__complete_genome ctg7180000001858
		Skipping redundant alignment 4454522 4454608 | 1 88 | 87 88 | 97.73 | gi|117617447|ref|NC_008570.1|_Aeromonas_hydrophila_subsp._hydrophila_ATCC_7966_chromosome__complete_genome ctg7180000001858
		Skipping redundant alignment 3956833 3956918 | 1 87 | 86 87 | 97.7 | gi|117617447|ref|NC_008570.1|_Aeromonas_hydrophila_subsp._hydrophila_ATCC_7966_chromosome__complete_genome ctg7180000001858
		Skipping redundant alignment 214744 214828 | 85 1 | 85 85 | 100.0 | gi|117617447|ref|NC_008570.1|_Aeromonas_hydrophila_subsp._hydrophila_ATCC_7966_chromosome__complete_genome ctg7180000001858
		Skipping redundant alignment 803681 804053 | 115007 115378 | 373 372 | 97.06 | gi|117617447|ref|NC_008570.1|_Aeromonas_hydrophila_subsp._hydrophila_ATCC_7966_chromosome__complete_genome ctg7180000001858
		Skipping redundant alignment 932858 933230 | 115007 115378 | 373 372 | 97.06 | gi|117617447|ref|NC_008570.1|_Aeromonas_hydrophila_subsp._hydrophila_ATCC_7966_chromosome__complete_genome ctg7180000001858
		Skipping redundant alignments after choosing the best set of alignments
		Skipping [214744][215117] redundant alignment 214744 215117 | 115007 115378 | 374 372 | 98.13 | gi|117617447|ref|NC_008570.1|_Aeromonas_hydrophila_subsp._hydrophila_ATCC_7966_chromosome__complete_genome ctg7180000001858
		Skipping [349781][350156] redundant alignment 349781 350156 | 115004 115378 | 376 375 | 97.61 | gi|117617447|ref|NC_008570.1|_Aeromonas_hydrophila_subsp._hydrophila_ATCC_7966_chromosome__complete_genome ctg7180000001858
		Skipping [3956545][3956918] redundant alignment 3956545 3956918 | 115378 115005 | 374 374 | 97.87 | gi|117617447|ref|NC_008570.1|_Aeromonas_hydrophila_subsp._hydrophila_ATCC_7966_chromosome__complete_genome ctg7180000001858
		Skipping [4234626][4234716] redundant alignment 4234626 4234716 | 43043 42953 | 91 91 | 98.9 | gi|117617447|ref|NC_008570.1|_Aeromonas_hydrophila_subsp._hydrophila_ATCC_7966_chromosome__complete_genome ctg7180000001858
		This contig is misassembled. 19 total aligns.
			Warning! This contig is more unaligned than misassembled. Contig length is 115378 and total length of all aligns is 49192
		Alignment: 1 6385 | 73323 66938 | 6385 6386 | 95.37 | gi|117617447|ref|NC_008570.1|_Aeromonas_hydrophila_subsp._hydrophila_ATCC_7966_chromosome__complete_genome ctg7180000001858
		Alignment: 73200 74882 | 11765 10083 | 1683 1683 | 95.07 | gi|117617447|ref|NC_008570.1|_Aeromonas_hydrophila_subsp._hydrophila_ATCC_7966_chromosome__complete_genome ctg7180000001858
		Alignment: 75000 85096 | 10101 1 | 10097 10101 | 95.02 | gi|117617447|ref|NC_008570.1|_Aeromonas_hydrophila_subsp._hydrophila_ATCC_7966_chromosome__complete_genome ctg7180000001858
		Alignment: 2026836 2026916 | 43062 43142 | 81 81 | 100.0 | gi|117617447|ref|NC_008570.1|_Aeromonas_hydrophila_subsp._hydrophila_ATCC_7966_chromosome__complete_genome ctg7180000001858
		Alignment: 2027076 2027157 | 42817 42898 | 82 82 | 98.78 | gi|117617447|ref|NC_008570.1|_Aeromonas_hydrophila_subsp._hydrophila_ATCC_7966_chromosome__complete_genome ctg7180000001858
		Alignment: 4234887 4234977 | 43043 42953 | 91 91 | 98.9 | gi|117617447|ref|NC_008570.1|_Aeromonas_hydrophila_subsp._hydrophila_ATCC_7966_chromosome__complete_genome ctg7180000001858
		Alignment: 4454234 4454608 | 115378 115004 | 375 375 | 97.61 | gi|117617447|ref|NC_008570.1|_Aeromonas_hydrophila_subsp._hydrophila_ATCC_7966_chromosome__complete_genome ctg7180000001858
		Alignment: 4714011 4730177 | 103835 87670 | 16167 16166 | 95.81 | gi|117617447|ref|NC_008570.1|_Aeromonas_hydrophila_subsp._hydrophila_ATCC_7966_chromosome__complete_genome ctg7180000001858
		Alignment: 4730278 4744448 | 87569 73324 | 14171 14246 | 95.84 | gi|117617447|ref|NC_008570.1|_Aeromonas_hydrophila_subsp._hydrophila_ATCC_7966_chromosome__complete_genome ctg7180000001858
		Unaligned bases: 66186
		This contig has both significant aligned and unaligned parts (of length >= min-contig)!
CONTIG: ctg7180000001859 (189833bp)
Top Length: 11754  Top ID: 95.07
		Skipping redundant alignment 551978 552151 | 189660 189833 | 174 174 | 100.0 | gi|117617447|ref|NC_008570.1|_Aeromonas_hydrophila_subsp._hydrophila_ATCC_7966_chromosome__complete_genome ctg7180000001859
		Skipping redundant alignment 552042 552215 | 189660 189833 | 174 174 | 100.0 | gi|117617447|ref|NC_008570.1|_Aeromonas_hydrophila_subsp._hydrophila_ATCC_7966_chromosome__complete_genome ctg7180000001859
		This contig is misassembled. 5 total aligns.
			Warning! This contig is more unaligned than misassembled. Contig length is 189833 and total length of all aligns is 12711
		Alignment: 422091 433832 | 67445 79198 | 11742 11754 | 95.07 | gi|117617447|ref|NC_008570.1|_Aeromonas_hydrophila_subsp._hydrophila_ATCC_7966_chromosome__complete_genome ctg7180000001859
		Alignment: 479046 479820 | 117288 118062 | 775 775 | 95.87 | gi|117617447|ref|NC_008570.1|_Aeromonas_hydrophila_subsp._hydrophila_ATCC_7966_chromosome__complete_genome ctg7180000001859
		Alignment: 551962 552143 | 189652 189833 | 182 182 | 99.45 | gi|117617447|ref|NC_008570.1|_Aeromonas_hydrophila_subsp._hydrophila_ATCC_7966_chromosome__complete_genome ctg7180000001859
		Unaligned bases: 177122
		This contig has both significant aligned and unaligned parts (of length >= min-contig)!
CONTIG: ctg7180000001870 (20647bp)
Top Length: 88  Top ID: 97.73
		Skipping redundant alignment 3956833 3956918 | 20647 20561 | 86 87 | 97.7 | gi|117617447|ref|NC_008570.1|_Aeromonas_hydrophila_subsp._hydrophila_ATCC_7966_chromosome__complete_genome ctg7180000001870
		Skipping redundant alignment 214744 214828 | 20563 20647 | 85 85 | 100.0 | gi|117617447|ref|NC_008570.1|_Aeromonas_hydrophila_subsp._hydrophila_ATCC_7966_chromosome__complete_genome ctg7180000001870
		Skipping redundant alignments after choosing the best set of alignments
		Skipping [4454522][4454608] redundant alignment 4454522 4454608 | 20647 20560 | 87 88 | 97.73 | gi|117617447|ref|NC_008570.1|_Aeromonas_hydrophila_subsp._hydrophila_ATCC_7966_chromosome__complete_genome ctg7180000001870
		This contig is partially unaligned. (88 out of 20647)
		Alignment: 349781 349867 | 20560 20647 | 87 88 | 97.73 | gi|117617447|ref|NC_008570.1|_Aeromonas_hydrophila_subsp._hydrophila_ATCC_7966_chromosome__complete_genome ctg7180000001870
		Unaligned bases: 1 to 20559 (20559)

CONTIG: ctg7180000001850 (697bp)
Top Length: 302  Top ID: 96.04
		Skipping redundant alignment 932713 932995 | 414 697 | 283 284 | 95.42 | gi|117617447|ref|NC_008570.1|_Aeromonas_hydrophila_subsp._hydrophila_ATCC_7966_chromosome__complete_genome ctg7180000001850
		Skipping redundant alignments after choosing the best set of alignments
		Skipping [349140][349312] redundant alignment 349140 349312 | 1 173 | 173 173 | 100.0 | gi|117617447|ref|NC_008570.1|_Aeromonas_hydrophila_subsp._hydrophila_ATCC_7966_chromosome__complete_genome ctg7180000001850
		This contig is misassembled. 4 total aligns.
			Real Alignment 1: 349212 349384 | 1 173 | 173 173 | 100.0 | gi|117617447|ref|NC_008570.1|_Aeromonas_hydrophila_subsp._hydrophila_ATCC_7966_chromosome__complete_genome ctg7180000001850
			  Extensive misassembly ( relocation, inconsistency = 4104561 ) between these two alignments
			Real Alignment 2: 4454469 4454768 | 697 396 | 300 302 | 96.04 | gi|117617447|ref|NC_008570.1|_Aeromonas_hydrophila_subsp._hydrophila_ATCC_7966_chromosome__complete_genome ctg7180000001850

CONTIG: ctg7180000001851 (2407bp)
Top Length: 1139  Top ID: 97.45
		Skipping redundant alignment 803535 804053 | 520 1 | 519 520 | 97.12 | gi|117617447|ref|NC_008570.1|_Aeromonas_hydrophila_subsp._hydrophila_ATCC_7966_chromosome__complete_genome ctg7180000001851
		Skipping redundant alignment 932713 933230 | 519 1 | 518 519 | 97.3 | gi|117617447|ref|NC_008570.1|_Aeromonas_hydrophila_subsp._hydrophila_ATCC_7966_chromosome__complete_genome ctg7180000001851
		Skipping redundant alignment 4371212 4371588 | 1 377 | 377 377 | 99.2 | gi|117617447|ref|NC_008570.1|_Aeromonas_hydrophila_subsp._hydrophila_ATCC_7966_chromosome__complete_genome ctg7180000001851
		Skipping redundant alignment 85010 85384 | 377 1 | 375 377 | 98.67 | gi|117617447|ref|NC_008570.1|_Aeromonas_hydrophila_subsp._hydrophila_ATCC_7966_chromosome__complete_genome ctg7180000001851
		Skipping redundant alignment 163208 163582 | 377 1 | 375 377 | 98.67 | gi|117617447|ref|NC_008570.1|_Aeromonas_hydrophila_subsp._hydrophila_ATCC_7966_chromosome__complete_genome ctg7180000001851
		Skipping redundant alignment 4702663 4703037 | 1 377 | 375 377 | 98.67 | gi|117617447|ref|NC_008570.1|_Aeromonas_hydrophila_subsp._hydrophila_ATCC_7966_chromosome__complete_genome ctg7180000001851
		Skipping redundant alignment 3956545 3956918 | 1 376 | 374 376 | 98.67 | gi|117617447|ref|NC_008570.1|_Aeromonas_hydrophila_subsp._hydrophila_ATCC_7966_chromosome__complete_genome ctg7180000001851
		Skipping redundant alignments after choosing the best set of alignments
		Skipping [214581][215117] redundant alignment 214581 215117 | 537 1 | 537 537 | 97.58 | gi|117617447|ref|NC_008570.1|_Aeromonas_hydrophila_subsp._hydrophila_ATCC_7966_chromosome__complete_genome ctg7180000001851
		This contig is misassembled. 10 total aligns.
			Real Alignment 1: 349621 350156 | 537 1 | 536 537 | 97.58 | gi|117617447|ref|NC_008570.1|_Aeromonas_hydrophila_subsp._hydrophila_ATCC_7966_chromosome__complete_genome ctg7180000001851
			  Extensive misassembly ( relocation, inconsistency = 4125818 ) between these two alignments
			Real Alignment 2: 4474706 4475844 | 1269 2407 | 1139 1139 | 97.45 | gi|117617447|ref|NC_008570.1|_Aeromonas_hydrophila_subsp._hydrophila_ATCC_7966_chromosome__complete_genome ctg7180000001851

CONTIG: ctg7180000001852 (59482bp)
Top Length: 2361  Top ID: 95.39
		Skipping redundant alignments after choosing the best set of alignments
		Skipping [89922][90177] redundant alignment 89922 90177 | 59482 59227 | 256 256 | 99.61 | gi|117617447|ref|NC_008570.1|_Aeromonas_hydrophila_subsp._hydrophila_ATCC_7966_chromosome__complete_genome ctg7180000001852
		Skipping [168091][168348] redundant alignment 168091 168348 | 59482 59225 | 258 258 | 98.84 | gi|117617447|ref|NC_008570.1|_Aeromonas_hydrophila_subsp._hydrophila_ATCC_7966_chromosome__complete_genome ctg7180000001852
		Skipping [219589][219846] redundant alignment 219589 219846 | 59482 59225 | 258 258 | 98.84 | gi|117617447|ref|NC_008570.1|_Aeromonas_hydrophila_subsp._hydrophila_ATCC_7966_chromosome__complete_genome ctg7180000001852
		Skipping [937744][938001] redundant alignment 937744 938001 | 59482 59225 | 258 258 | 98.84 | gi|117617447|ref|NC_008570.1|_Aeromonas_hydrophila_subsp._hydrophila_ATCC_7966_chromosome__complete_genome ctg7180000001852
		This contig is misassembled. 6 total aligns.
			Warning! This contig is more unaligned than misassembled. Contig length is 59482 and total length of all aligns is 2619
		Alignment: 3951774 3952031 | 59225 59482 | 258 258 | 98.84 | gi|117617447|ref|NC_008570.1|_Aeromonas_hydrophila_subsp._hydrophila_ATCC_7966_chromosome__complete_genome ctg7180000001852
		Alignment: 4397074 4399435 | 7741 10101 | 2362 2361 | 95.39 | gi|117617447|ref|NC_008570.1|_Aeromonas_hydrophila_subsp._hydrophila_ATCC_7966_chromosome__complete_genome ctg7180000001852
		Unaligned bases: 56863
		This contig has both significant aligned and unaligned parts (of length >= min-contig)!
CONTIG: ctg7180000001853 (531bp)
Top Length: 375  Top ID: 97.61
		Skipping redundant alignment 803681 804053 | 160 531 | 373 372 | 97.06 | gi|117617447|ref|NC_008570.1|_Aeromonas_hydrophila_subsp._hydrophila_ATCC_7966_chromosome__complete_genome ctg7180000001853
		Skipping redundant alignment 932858 933230 | 160 531 | 373 372 | 97.06 | gi|117617447|ref|NC_008570.1|_Aeromonas_hydrophila_subsp._hydrophila_ATCC_7966_chromosome__complete_genome ctg7180000001853
		Skipping redundant alignments after choosing the best set of alignments
		Skipping [349781][350156] redundant alignment 349781 350156 | 157 531 | 376 375 | 97.61 | gi|117617447|ref|NC_008570.1|_Aeromonas_hydrophila_subsp._hydrophila_ATCC_7966_chromosome__complete_genome ctg7180000001853
		Skipping [3956545][3956918] redundant alignment 3956545 3956918 | 531 158 | 374 374 | 97.87 | gi|117617447|ref|NC_008570.1|_Aeromonas_hydrophila_subsp._hydrophila_ATCC_7966_chromosome__complete_genome ctg7180000001853
		Skipping [4454234][4454608] redundant alignment 4454234 4454608 | 531 157 | 375 375 | 97.61 | gi|117617447|ref|NC_008570.1|_Aeromonas_hydrophila_subsp._hydrophila_ATCC_7966_chromosome__complete_genome ctg7180000001853
		This contig is partially unaligned. (375 out of 531)
		Alignment: 214744 215117 | 160 531 | 374 372 | 98.13 | gi|117617447|ref|NC_008570.1|_Aeromonas_hydrophila_subsp._hydrophila_ATCC_7966_chromosome__complete_genome ctg7180000001853
		Unaligned bases: 1 to 159 (159)

CONTIG: ctg7180000001854 (755bp)
		This contig is unaligned. (755 bp)
		Unaligned bases: 755  total: 3606

CONTIG: ctg7180000001855 (862315bp)
Top Length: 21135  Top ID: 95.1
		Skipping redundant alignment 2826976 2827073 | 860739 860642 | 98 98 | 100.0 | gi|117617447|ref|NC_008570.1|_Aeromonas_hydrophila_subsp._hydrophila_ATCC_7966_chromosome__complete_genome ctg7180000001855
		This contig is misassembled. 16 total aligns.
			Warning! This contig is more unaligned than misassembled. Contig length is 862315 and total length of all aligns is 69633
		Alignment: 1457945 1472944 | 327376 342389 | 15000 15014 | 95.27 | gi|117617447|ref|NC_008570.1|_Aeromonas_hydrophila_subsp._hydrophila_ATCC_7966_chromosome__complete_genome ctg7180000001855
		Alignment: 1494743 1496225 | 342469 343948 | 1483 1480 | 96.22 | gi|117617447|ref|NC_008570.1|_Aeromonas_hydrophila_subsp._hydrophila_ATCC_7966_chromosome__complete_genome ctg7180000001855
		Alignment: 1547165 1548446 | 401270 402551 | 1282 1282 | 95.94 | gi|117617447|ref|NC_008570.1|_Aeromonas_hydrophila_subsp._hydrophila_ATCC_7966_chromosome__complete_genome ctg7180000001855
		Alignment: 1565203 1567487 | 418581 420872 | 2285 2292 | 95.29 | gi|117617447|ref|NC_008570.1|_Aeromonas_hydrophila_subsp._hydrophila_ATCC_7966_chromosome__complete_genome ctg7180000001855
		Alignment: 1567873 1572682 | 421256 426059 | 4810 4804 | 95.51 | gi|117617447|ref|NC_008570.1|_Aeromonas_hydrophila_subsp._hydrophila_ATCC_7966_chromosome__complete_genome ctg7180000001855
		Alignment: 1763710 1771534 | 612491 620319 | 7825 7829 | 95.22 | gi|117617447|ref|NC_008570.1|_Aeromonas_hydrophila_subsp._hydrophila_ATCC_7966_chromosome__complete_genome ctg7180000001855
		Alignment: 1773109 1775298 | 629939 632128 | 2190 2190 | 95.53 | gi|117617447|ref|NC_008570.1|_Aeromonas_hydrophila_subsp._hydrophila_ATCC_7966_chromosome__complete_genome ctg7180000001855
		Alignment: 1778532 1783934 | 635882 641281 | 5403 5400 | 95.36 | gi|117617447|ref|NC_008570.1|_Aeromonas_hydrophila_subsp._hydrophila_ATCC_7966_chromosome__complete_genome ctg7180000001855
		Alignment: 1793759 1794690 | 657778 658709 | 932 932 | 96.03 | gi|117617447|ref|NC_008570.1|_Aeromonas_hydrophila_subsp._hydrophila_ATCC_7966_chromosome__complete_genome ctg7180000001855
		Alignment: 1955465 1955563 | 860739 860641 | 99 99 | 100.0 | gi|117617447|ref|NC_008570.1|_Aeromonas_hydrophila_subsp._hydrophila_ATCC_7966_chromosome__complete_genome ctg7180000001855
		Alignment: 1974123 1978805 | 845471 850153 | 4683 4683 | 95.01 | gi|117617447|ref|NC_008570.1|_Aeromonas_hydrophila_subsp._hydrophila_ATCC_7966_chromosome__complete_genome ctg7180000001855
		Alignment: 3556664 3577791 | 202872 181738 | 21128 21135 | 95.1 | gi|117617447|ref|NC_008570.1|_Aeromonas_hydrophila_subsp._hydrophila_ATCC_7966_chromosome__complete_genome ctg7180000001855
		Alignment: 3697595 3699916 | 48222 45902 | 2322 2321 | 96.04 | gi|117617447|ref|NC_008570.1|_Aeromonas_hydrophila_subsp._hydrophila_ATCC_7966_chromosome__complete_genome ctg7180000001855
		Alignment: 4476176 4476261 | 544724 544809 | 86 86 | 100.0 | gi|117617447|ref|NC_008570.1|_Aeromonas_hydrophila_subsp._hydrophila_ATCC_7966_chromosome__complete_genome ctg7180000001855
		Alignment: 4476176 4476261 | 544861 544946 | 86 86 | 98.84 | gi|117617447|ref|NC_008570.1|_Aeromonas_hydrophila_subsp._hydrophila_ATCC_7966_chromosome__complete_genome ctg7180000001855
		Unaligned bases: 792682
		This contig has both significant aligned and unaligned parts (of length >= min-contig)!
CONTIG: ctg7180000001856 (46751bp)
Top Length: 629  Top ID: 96.34
		Skipping redundant alignment 4454234 4454768 | 46751 46215 | 535 537 | 96.47 | gi|117617447|ref|NC_008570.1|_Aeromonas_hydrophila_subsp._hydrophila_ATCC_7966_chromosome__complete_genome ctg7180000001856
		Skipping redundant alignment 932713 933230 | 46233 46751 | 518 519 | 96.15 | gi|117617447|ref|NC_008570.1|_Aeromonas_hydrophila_subsp._hydrophila_ATCC_7966_chromosome__complete_genome ctg7180000001856
		Skipping redundant alignment 4371212 4371588 | 46751 46375 | 377 377 | 98.94 | gi|117617447|ref|NC_008570.1|_Aeromonas_hydrophila_subsp._hydrophila_ATCC_7966_chromosome__complete_genome ctg7180000001856
		Skipping redundant alignment 85010 85384 | 46375 46751 | 375 377 | 98.41 | gi|117617447|ref|NC_008570.1|_Aeromonas_hydrophila_subsp._hydrophila_ATCC_7966_chromosome__complete_genome ctg7180000001856
		Skipping redundant alignment 163208 163582 | 46375 46751 | 375 377 | 98.41 | gi|117617447|ref|NC_008570.1|_Aeromonas_hydrophila_subsp._hydrophila_ATCC_7966_chromosome__complete_genome ctg7180000001856
		Skipping redundant alignment 4702663 4703037 | 46751 46375 | 375 377 | 98.41 | gi|117617447|ref|NC_008570.1|_Aeromonas_hydrophila_subsp._hydrophila_ATCC_7966_chromosome__complete_genome ctg7180000001856
		Skipping redundant alignment 3956545 3956918 | 46751 46376 | 374 376 | 98.4 | gi|117617447|ref|NC_008570.1|_Aeromonas_hydrophila_subsp._hydrophila_ATCC_7966_chromosome__complete_genome ctg7180000001856
		This contig is partially unaligned. (629 out of 46751)
		Alignment: 349529 350156 | 46123 46751 | 628 629 | 96.34 | gi|117617447|ref|NC_008570.1|_Aeromonas_hydrophila_subsp._hydrophila_ATCC_7966_chromosome__complete_genome ctg7180000001856
		Unaligned bases: 1 to 46122 (46122)
		This contig has both significant aligned and unaligned parts (of length >= min-contig)!

CONTIG: ctg7180000001857 (262740bp)
Top Length: 9250  Top ID: 95.21
		Skipping redundant alignment 3894370 3894450 | 134225 134304 | 81 80 | 98.77 | gi|117617447|ref|NC_008570.1|_Aeromonas_hydrophila_subsp._hydrophila_ATCC_7966_chromosome__complete_genome ctg7180000001857
		Skipping redundant alignment 29468 29559 | 169179 169088 | 92 92 | 98.91 | gi|117617447|ref|NC_008570.1|_Aeromonas_hydrophila_subsp._hydrophila_ATCC_7966_chromosome__complete_genome ctg7180000001857
		This contig is misassembled. 10 total aligns.
			Warning! This contig is more unaligned than misassembled. Contig length is 262740 and total length of all aligns is 17892
		Alignment: 29468 29559 | 169048 168957 | 92 92 | 98.91 | gi|117617447|ref|NC_008570.1|_Aeromonas_hydrophila_subsp._hydrophila_ATCC_7966_chromosome__complete_genome ctg7180000001857
		Alignment: 29468 29559 | 169310 169219 | 92 92 | 98.91 | gi|117617447|ref|NC_008570.1|_Aeromonas_hydrophila_subsp._hydrophila_ATCC_7966_chromosome__complete_genome ctg7180000001857
		Alignment: 4142390 4146766 | 262740 258364 | 4377 4377 | 95.7 | gi|117617447|ref|NC_008570.1|_Aeromonas_hydrophila_subsp._hydrophila_ATCC_7966_chromosome__complete_genome ctg7180000001857
		Alignment: 4234478 4234571 | 168896 168804 | 94 93 | 98.94 | gi|117617447|ref|NC_008570.1|_Aeromonas_hydrophila_subsp._hydrophila_ATCC_7966_chromosome__complete_genome ctg7180000001857
		Alignment: 4234877 4234979 | 169188 169086 | 103 103 | 100.0 | gi|117617447|ref|NC_008570.1|_Aeromonas_hydrophila_subsp._hydrophila_ATCC_7966_chromosome__complete_genome ctg7180000001857
		Alignment: 4241911 4244221 | 162134 159824 | 2311 2311 | 95.89 | gi|117617447|ref|NC_008570.1|_Aeromonas_hydrophila_subsp._hydrophila_ATCC_7966_chromosome__complete_genome ctg7180000001857
		Alignment: 4268641 4270214 | 134508 132935 | 1574 1574 | 97.71 | gi|117617447|ref|NC_008570.1|_Aeromonas_hydrophila_subsp._hydrophila_ATCC_7966_chromosome__complete_genome ctg7180000001857
		Alignment: 4286788 4296040 | 116246 106997 | 9253 9250 | 95.21 | gi|117617447|ref|NC_008570.1|_Aeromonas_hydrophila_subsp._hydrophila_ATCC_7966_chromosome__complete_genome ctg7180000001857
		Unaligned bases: 244848
		This contig has both significant aligned and unaligned parts (of length >= min-contig)!
Analyzing coverage...
Writing SNPs into /usit/invitro/data/galaxy/master/sabbai/galaxy-dist/database/job_working_directory/001/1616/dataset_1698_files/Contig/contigs_reports/nucmer_output/AH-H-Msrca-Contig.used_snps
	Reference gi|117617447|ref|NC_008570.1|_Aeromonas_hydrophila_subsp._hydrophila_ATCC_7966_chromosome__complete_genome: 14 total alignments. 1 total regions.
		Region: 1 to 4744448 (4744448 bp)
			START in gap: 1 to 85160 (85159 bp)
			Align 1: 85160 87654 ctg7180000001874 1 2494
				Gap between this and next alignment: 87654 to 122243 (34588 bp)
				Next Alignment: 122243 138750 ctg7180000001872 32731 49231

			Align 2: 122243 138750 ctg7180000001872 32731 49231
				Gap between this and next alignment: 138750 to 214599 (75848 bp)
				Next Alignment: 214599 215177 ctg7180000001861 21922 22497

			Align 3: 214599 215177 ctg7180000001861 21922 22497
				The next alignment (214744 215117 ctg7180000001853 160 531) is redundant. Skipping.
				Gap between this and next alignment: 215177 to 349212 (134034 bp)
				Next Alignment: 349212 349384 ctg7180000001850 1 173

			Align 5: 349212 349384 ctg7180000001850 1 173
				Gap between this and next alignment: 349384 to 349529 (144 bp)
				Next Alignment: 349529 350156 ctg7180000001856 46123 46751

			Align 6: 349529 350156 ctg7180000001856 46123 46751
				The next alignment (349621 350156 ctg7180000001851 537 1) is redundant. Skipping.
				The next alignment (349781 349867 ctg7180000001870 20560 20647) is redundant. Skipping.
				Gap between this and next alignment: 350156 to 354653 (4496 bp)
				Next Alignment: 354653 355090 ctg7180000001863 24599 24156

			Align 9: 354653 355090 ctg7180000001863 24599 24156
				Gap between this and next alignment: 355090 to 932645 (577554 bp)
				Next Alignment: 932645 933264 ctg7180000001866 7777 8397

			Align 10: 932645 933264 ctg7180000001866 7777 8397
				Gap between this and next alignment: 933264 to 3954645 (3021380 bp)
				Next Alignment: 3954645 3956769 ctg7180000001873 2123 1

			Align 11: 3954645 3956769 ctg7180000001873 2123 1
				Gap between this and next alignment: 3956769 to 4454469 (497699 bp)
				Next Alignment: 4454469 4454768 ctg7180000001850 697 396

			Align 12: 4454469 4454768 ctg7180000001850 697 396
				Gap between this and next alignment: 4454768 to 4456375 (1606 bp)
				Next Alignment: 4456375 4475844 ctg7180000001849 1 19459

			Align 13: 4456375 4475844 ctg7180000001849 1 19459
				The next alignment (4474706 4475844 ctg7180000001851 1269 2407) is redundant. Skipping.

Analysis is finished!
Founded SNPs were written into /usit/invitro/data/galaxy/master/sabbai/galaxy-dist/database/job_working_directory/001/1616/dataset_1698_files/Contig/contigs_reports/nucmer_output/AH-H-Msrca-Contig.used_snps

Results:
	Local Misassemblies: 0
	Misassemblies: 2
		Relocations: 2
		Translocations: 0
		Inversions: 0
	Misassembled Contigs: 2
	Misassembled Contig Bases: 3104
	Misassmblies Inter-Contig Overlap: 0
Uncovered Regions: 0 (0)
Unaligned Contigs: 2 + 21 part
Partially Unaligned Contigs with Misassemblies: 14
Unaligned Contig Bases: 4256366

Ambiguously Mapped Contigs: 1
Total Bases in Ambiguously Mapped Contigs: 2123
Note that --allow-ambiguity option was set to "one" and only first alignment per each contig was used.

	Covered Bases: 43336

	SNPs: 1575
	Insertions: 37
	Deletions: 51

	Positive Gaps: 10
		Internal Gaps:  0
		External Gaps:  10
		External Gap Total:  4432508
		External Gap Average: 443251
	Negative Gaps: 0
		Internal Overlaps:  0
		External Overlaps:  0
		External Overlaps Total:  0
		External Overlaps Average: 0
	Contigs with Redundant Alignments: 3 (2136)
