/usit/invitro/data/galaxy/master/sabbai/galaxy-dist/tools/comparative_assembly_statistics/quast-2.2/quast.py -o /usit/invitro/data/galaxy/master/sabbai/galaxy-dist/database/job_working_directory/001/1638/dataset_1720_files/Scaffold -R /usit/invitro/data/galaxy/master/sabbai/galaxy-dist/tools/comparative_assembly_statistics/reference/refGen/V_cholerae_O1_biovar_eltor_str_N1696.fna -G /usit/invitro/data/galaxy/master/sabbai/galaxy-dist/tools/comparative_assembly_statistics/reference/genefiles/V_cholerae_O1_biovar_eltor_str_N1696.gff -l VC-M-Abyss-Scaffold, VC-M-Cabog-Scaffold, VC-M-Msrca-Scaffold, VC-M-Sga-Scaffold, VC-M-Soap-Scaffold, VC-M-Spades-Scaffold, VC-M-Velvet-Scaffold --scaffolds /usit/invitro/data/galaxy/master/sabbai/galaxy-dist/database/files/000/dataset_657.dat /usit/invitro/data/galaxy/master/sabbai/galaxy-dist/database/files/000/dataset_658.dat /usit/invitro/data/galaxy/master/sabbai/galaxy-dist/database/files/000/dataset_659.dat /usit/invitro/data/galaxy/master/sabbai/galaxy-dist/database/files/000/dataset_660.dat /usit/invitro/data/galaxy/master/sabbai/galaxy-dist/database/files/000/dataset_661.dat /usit/invitro/data/galaxy/master/sabbai/galaxy-dist/database/files/000/dataset_662.dat /usit/invitro/data/galaxy/master/sabbai/galaxy-dist/database/files/000/dataset_663.dat

Version 2.2, build 19.07.2013 21:21


System information:
  OS: Linux-2.6.18-371.el5-x86_64-with-redhat-5.10-Tikanga
  Python version: 2.7.0
  CPUs number: 64

Started: 2014-05-02 20:13:11

Logging to /usit/invitro/data/galaxy/master/sabbai/galaxy-dist/database/job_working_directory/001/1638/dataset_1720_files/Scaffold/quast.log

NOTICE: Output directory already exists. Existing Nucmer alignments can be used.

NOTICE: Maximum number of threads is set to 64 (use --threads option to set it manually)

Reference:
  /usit/invitro/data/galaxy/master/sabbai/galaxy-dist/tools/comparative_assembly_statistics/reference/refGen/V_cholerae_O1_biovar_eltor_str_N1696.fna ==> V_cholerae_O1_biovar_eltor_str_N1696

Contigs:
  /usit/invitro/data/galaxy/master/sabbai/galaxy-dist/database/files/000/dataset_657.dat ==> VC-M-Abyss-Scaffold
  breaking scaffolds into contigs:
      1 scaffolds (VC-M-Abyss-Scaffold) were broken into 564 contigs (VC-M-Abyss-Scaffold_broken)
  /usit/invitro/data/galaxy/master/sabbai/galaxy-dist/database/files/000/dataset_658.dat ==> VC-M-Cabog-Scaffold
  breaking scaffolds into contigs:
      1 scaffolds (VC-M-Cabog-Scaffold) were broken into 241 contigs (VC-M-Cabog-Scaffold_broken)
  /usit/invitro/data/galaxy/master/sabbai/galaxy-dist/database/files/000/dataset_659.dat ==> VC-M-Msrca-Scaffold
  breaking scaffolds into contigs:
      1 scaffolds (VC-M-Msrca-Scaffold) were broken into 173 contigs (VC-M-Msrca-Scaffold_broken)
  /usit/invitro/data/galaxy/master/sabbai/galaxy-dist/database/files/000/dataset_660.dat ==> VC-M-Sga-Scaffold
  breaking scaffolds into contigs:
      1 scaffolds (VC-M-Sga-Scaffold) were broken into 648 contigs (VC-M-Sga-Scaffold_broken)
  /usit/invitro/data/galaxy/master/sabbai/galaxy-dist/database/files/000/dataset_661.dat ==> VC-M-Soap-Scaffold
  breaking scaffolds into contigs:
      1 scaffolds (VC-M-Soap-Scaffold) were broken into 312 contigs (VC-M-Soap-Scaffold_broken)
  /usit/invitro/data/galaxy/master/sabbai/galaxy-dist/database/files/000/dataset_662.dat ==> VC-M-Spades-Scaffold
  breaking scaffolds into contigs:
      1 scaffolds (VC-M-Spades-Scaffold) were broken into 1484 contigs (VC-M-Spades-Scaffold_broken)
  /usit/invitro/data/galaxy/master/sabbai/galaxy-dist/database/files/000/dataset_663.dat ==> VC-M-Velvet-Scaffold
  breaking scaffolds into contigs:
      1 scaffolds (VC-M-Velvet-Scaffold) were broken into 209 contigs (VC-M-Velvet-Scaffold_broken)

2014-05-02 20:13:17
Running Basic statistics processor...
  Reference genome:
    V_cholerae_O1_biovar_eltor_str_N1696.fna, Reference length = 4033464, Reference GC % = 47.49
  Contig files: 
    1  VC-M-Abyss-Scaffold broken
    2  VC-M-Abyss-Scaffold
    3  VC-M-Cabog-Scaffold broken
    4  VC-M-Cabog-Scaffold
    5  VC-M-Msrca-Scaffold broken
    6  VC-M-Msrca-Scaffold
    7  VC-M-Sga-Scaffold broken
    8  VC-M-Sga-Scaffold
    9  VC-M-Soap-Scaffold broken
    10  VC-M-Soap-Scaffold
    11 VC-M-Spades-Scaffold broken
    12 VC-M-Spades-Scaffold
    13 VC-M-Velvet-Scaffold broken
    14 VC-M-Velvet-Scaffold
  Calculating N50 and L50...
    1  VC-M-Abyss-Scaffold broken, N50 = 60973, L50 = 21, Total length = 3904784, GC % = 47.56, # N's per 100 kbp =  0.00
    2  VC-M-Abyss-Scaffold, N50 = 60973, L50 = 21, Total length = 3904784, GC % = 47.56, # N's per 100 kbp =  0.00
    3  VC-M-Cabog-Scaffold broken, N50 = 33710, L50 = 34, Total length = 3953298, GC % = 47.52, # N's per 100 kbp =  0.00
    4  VC-M-Cabog-Scaffold, N50 = 33710, L50 = 34, Total length = 3953298, GC % = 47.52, # N's per 100 kbp =  0.00
    5  VC-M-Msrca-Scaffold broken, N50 = 76131, L50 = 16, Total length = 4030761, GC % = 47.47, # N's per 100 kbp =  0.00
    6  VC-M-Msrca-Scaffold, N50 = 76131, L50 = 16, Total length = 4030761, GC % = 47.47, # N's per 100 kbp =  0.00
    7  VC-M-Sga-Scaffold broken, N50 = 27931, L50 = 44, Total length = 3888550, GC % = 47.54, # N's per 100 kbp =  0.00
    8  VC-M-Sga-Scaffold, N50 = 27931, L50 = 44, Total length = 3888999, GC % = 47.54, # N's per 100 kbp =  1.31
    9  VC-M-Soap-Scaffold broken, N50 = 71357, L50 = 15, Total length = 3924635, GC % = 47.56, # N's per 100 kbp =  0.00
    10  VC-M-Soap-Scaffold, N50 = 91942, L50 = 14, Total length = 3933425, GC % = 47.55, # N's per 100 kbp =  92.34
    11 VC-M-Spades-Scaffold broken, N50 = 262160, L50 = 5, Total length = 4041279, GC % = 47.37, # N's per 100 kbp =  5.30
    12 VC-M-Spades-Scaffold, N50 = 262160, L50 = 5, Total length = 4041279, GC % = 47.37, # N's per 100 kbp =  5.30
    13 VC-M-Velvet-Scaffold broken, N50 = 92036, L50 = 15, Total length = 3944260, GC % = 47.52, # N's per 100 kbp =  0.00
    14 VC-M-Velvet-Scaffold, N50 = 109996, L50 = 11, Total length = 3945576, GC % = 47.51, # N's per 100 kbp =  5.58
  Drawing cumulative plot...
    saved to /usit/invitro/data/galaxy/master/sabbai/galaxy-dist/database/job_working_directory/001/1638/dataset_1720_files/Scaffold/basic_stats/cumulative_plot.pdf
  Drawing GC content plot...
    saved to /usit/invitro/data/galaxy/master/sabbai/galaxy-dist/database/job_working_directory/001/1638/dataset_1720_files/Scaffold/basic_stats/GC_content_plot.pdf
  Drawing Nx plot...
    saved to /usit/invitro/data/galaxy/master/sabbai/galaxy-dist/database/job_working_directory/001/1638/dataset_1720_files/Scaffold/basic_stats/Nx_plot.pdf
  Drawing NGx plot...
    saved to /usit/invitro/data/galaxy/master/sabbai/galaxy-dist/database/job_working_directory/001/1638/dataset_1720_files/Scaffold/basic_stats/NGx_plot.pdf
Done.

2014-05-02 20:13:24
Running Contig analyzer...
  1  VC-M-Abyss-Scaffold broken
  1  Logging to files /usit/invitro/data/galaxy/master/sabbai/galaxy-dist/database/job_working_directory/001/1638/dataset_1720_files/Scaffold/contigs_reports/contigs_report_VC-M-Abyss-Scaffold_broken.stdout and contigs_report_VC-M-Abyss-Scaffold_broken.stderr...
  2  VC-M-Abyss-Scaffold
  1  Running Nucmer... 
  2  Logging to files /usit/invitro/data/galaxy/master/sabbai/galaxy-dist/database/job_working_directory/001/1638/dataset_1720_files/Scaffold/contigs_reports/contigs_report_VC-M-Abyss-Scaffold.stdout and contigs_report_VC-M-Abyss-Scaffold.stderr...
  3  VC-M-Cabog-Scaffold broken
  2  Running Nucmer... 
  3  Logging to files /usit/invitro/data/galaxy/master/sabbai/galaxy-dist/database/job_working_directory/001/1638/dataset_1720_files/Scaffold/contigs_reports/contigs_report_VC-M-Cabog-Scaffold_broken.stdout and contigs_report_VC-M-Cabog-Scaffold_broken.stderr...
  3  Running Nucmer... 
  4  VC-M-Cabog-Scaffold
  4  Logging to files /usit/invitro/data/galaxy/master/sabbai/galaxy-dist/database/job_working_directory/001/1638/dataset_1720_files/Scaffold/contigs_reports/contigs_report_VC-M-Cabog-Scaffold.stdout and contigs_report_VC-M-Cabog-Scaffold.stderr...
  5  VC-M-Msrca-Scaffold broken
  4  Running Nucmer... 
  5  Logging to files /usit/invitro/data/galaxy/master/sabbai/galaxy-dist/database/job_working_directory/001/1638/dataset_1720_files/Scaffold/contigs_reports/contigs_report_VC-M-Msrca-Scaffold_broken.stdout and contigs_report_VC-M-Msrca-Scaffold_broken.stderr...
  5  Running Nucmer... 
  6  VC-M-Msrca-Scaffold
  6  Logging to files /usit/invitro/data/galaxy/master/sabbai/galaxy-dist/database/job_working_directory/001/1638/dataset_1720_files/Scaffold/contigs_reports/contigs_report_VC-M-Msrca-Scaffold.stdout and contigs_report_VC-M-Msrca-Scaffold.stderr...
  7  VC-M-Sga-Scaffold broken
  6  Running Nucmer... 
  7  Logging to files /usit/invitro/data/galaxy/master/sabbai/galaxy-dist/database/job_working_directory/001/1638/dataset_1720_files/Scaffold/contigs_reports/contigs_report_VC-M-Sga-Scaffold_broken.stdout and contigs_report_VC-M-Sga-Scaffold_broken.stderr...
  7  Running Nucmer... 
  8  VC-M-Sga-Scaffold
  8  Logging to files /usit/invitro/data/galaxy/master/sabbai/galaxy-dist/database/job_working_directory/001/1638/dataset_1720_files/Scaffold/contigs_reports/contigs_report_VC-M-Sga-Scaffold.stdout and contigs_report_VC-M-Sga-Scaffold.stderr...
  8  Running Nucmer... 
  9  VC-M-Soap-Scaffold broken
  9  Logging to files /usit/invitro/data/galaxy/master/sabbai/galaxy-dist/database/job_working_directory/001/1638/dataset_1720_files/Scaffold/contigs_reports/contigs_report_VC-M-Soap-Scaffold_broken.stdout and contigs_report_VC-M-Soap-Scaffold_broken.stderr...
  9  Running Nucmer... 
  10  VC-M-Soap-Scaffold
  10  Logging to files /usit/invitro/data/galaxy/master/sabbai/galaxy-dist/database/job_working_directory/001/1638/dataset_1720_files/Scaffold/contigs_reports/contigs_report_VC-M-Soap-Scaffold.stdout and contigs_report_VC-M-Soap-Scaffold.stderr...
  10  Running Nucmer... 
  11 VC-M-Spades-Scaffold broken
  11 Logging to files /usit/invitro/data/galaxy/master/sabbai/galaxy-dist/database/job_working_directory/001/1638/dataset_1720_files/Scaffold/contigs_reports/contigs_report_VC-M-Spades-Scaffold_broken.stdout and contigs_report_VC-M-Spades-Scaffold_broken.stderr...
  12 VC-M-Spades-Scaffold
  11 Running Nucmer... 
  12 Logging to files /usit/invitro/data/galaxy/master/sabbai/galaxy-dist/database/job_working_directory/001/1638/dataset_1720_files/Scaffold/contigs_reports/contigs_report_VC-M-Spades-Scaffold.stdout and contigs_report_VC-M-Spades-Scaffold.stderr...
  12 Running Nucmer... 
  13 VC-M-Velvet-Scaffold broken
  13 Logging to files /usit/invitro/data/galaxy/master/sabbai/galaxy-dist/database/job_working_directory/001/1638/dataset_1720_files/Scaffold/contigs_reports/contigs_report_VC-M-Velvet-Scaffold_broken.stdout and contigs_report_VC-M-Velvet-Scaffold_broken.stderr...
  14 VC-M-Velvet-Scaffold
  13 Running Nucmer... 
  14 Logging to files /usit/invitro/data/galaxy/master/sabbai/galaxy-dist/database/job_working_directory/001/1638/dataset_1720_files/Scaffold/contigs_reports/contigs_report_VC-M-Velvet-Scaffold.stdout and contigs_report_VC-M-Velvet-Scaffold.stderr...
  14 Running Nucmer... 
/usit/invitro/data/galaxy/master/sabbai/galaxy-dist/database/job_working_directory/001/1638/dataset_1720_files/Scaffold/contigs_reports/alignments_VC-M-Abyss-Scaffold.tsv
  110290 Analysis is finished.
/usit/invitro/data/galaxy/master/sabbai/galaxy-dist/database/job_working_directory/001/1638/dataset_1720_files/Scaffold/contigs_reports/alignments_VC-M-Sga-Scaffold.tsv
  9518 Analysis is finished.
/usit/invitro/data/galaxy/master/sabbai/galaxy-dist/database/job_working_directory/001/1638/dataset_1720_files/Scaffold/contigs_reports/alignments_VC-M-Abyss-Scaffold_broken.tsv
  110290 Analysis is finished.
/usit/invitro/data/galaxy/master/sabbai/galaxy-dist/database/job_working_directory/001/1638/dataset_1720_files/Scaffold/contigs_reports/alignments_VC-M-Sga-Scaffold_broken.tsv
  9518 Analysis is finished.
/usit/invitro/data/galaxy/master/sabbai/galaxy-dist/database/job_working_directory/001/1638/dataset_1720_files/Scaffold/contigs_reports/alignments_VC-M-Cabog-Scaffold.tsv
  33359 Analysis is finished.
/usit/invitro/data/galaxy/master/sabbai/galaxy-dist/database/job_working_directory/001/1638/dataset_1720_files/Scaffold/contigs_reports/alignments_VC-M-Soap-Scaffold_broken.tsv
  44171 Analysis is finished.
/usit/invitro/data/galaxy/master/sabbai/galaxy-dist/database/job_working_directory/001/1638/dataset_1720_files/Scaffold/contigs_reports/alignments_VC-M-Soap-Scaffold.tsv
  44171 Analysis is finished.
/usit/invitro/data/galaxy/master/sabbai/galaxy-dist/database/job_working_directory/001/1638/dataset_1720_files/Scaffold/contigs_reports/alignments_VC-M-Spades-Scaffold_broken.tsv
  335475 Analysis is finished.
/usit/invitro/data/galaxy/master/sabbai/galaxy-dist/database/job_working_directory/001/1638/dataset_1720_files/Scaffold/contigs_reports/alignments_VC-M-Msrca-Scaffold.tsv
  100002 Analysis is finished.
/usit/invitro/data/galaxy/master/sabbai/galaxy-dist/database/job_working_directory/001/1638/dataset_1720_files/Scaffold/contigs_reports/alignments_VC-M-Spades-Scaffold.tsv
  335475 Analysis is finished.
/usit/invitro/data/galaxy/master/sabbai/galaxy-dist/database/job_working_directory/001/1638/dataset_1720_files/Scaffold/contigs_reports/alignments_VC-M-Velvet-Scaffold_broken.tsv
  100012 Analysis is finished.
/usit/invitro/data/galaxy/master/sabbai/galaxy-dist/database/job_working_directory/001/1638/dataset_1720_files/Scaffold/contigs_reports/alignments_VC-M-Velvet-Scaffold.tsv
  100012 Analysis is finished.
/usit/invitro/data/galaxy/master/sabbai/galaxy-dist/database/job_working_directory/001/1638/dataset_1720_files/Scaffold/contigs_reports/alignments_VC-M-Cabog-Scaffold_broken.tsv
  33359 Analysis is finished.
/usit/invitro/data/galaxy/master/sabbai/galaxy-dist/database/job_working_directory/001/1638/dataset_1720_files/Scaffold/contigs_reports/alignments_VC-M-Msrca-Scaffold_broken.tsv
  100002 Analysis is finished.
  Creating total report...
    saved to /usit/invitro/data/galaxy/master/sabbai/galaxy-dist/database/job_working_directory/001/1638/dataset_1720_files/Scaffold/contigs_reports/misassemblies_report.txt, misassemblies_report.tsv, and misassemblies_report.tex
  Creating total report...
    saved to /usit/invitro/data/galaxy/master/sabbai/galaxy-dist/database/job_working_directory/001/1638/dataset_1720_files/Scaffold/contigs_reports/unaligned_report.txt, unaligned_report.tsv, and unaligned_report.tex
Done.

2014-05-02 20:13:49
Running NA-NGA calculation...
  Calculating NA50 and NGA50...
    1  VC-M-Abyss-Scaffold broken, Largest alignment = 178118, NA50 = 60473, NGA50 = 60272, LA50 = 21, LGA50 = 22
    2  VC-M-Abyss-Scaffold, Largest alignment = 178118, NA50 = 60473, NGA50 = 60272, LA50 = 21, LGA50 = 22
    3  VC-M-Cabog-Scaffold broken, Largest alignment = 140691, NA50 = 33710, NGA50 = 32784, LA50 = 34, LGA50 = 35
    4  VC-M-Cabog-Scaffold, Largest alignment = 140691, NA50 = 33710, NGA50 = 32784, LA50 = 34, LGA50 = 35
    5  VC-M-Msrca-Scaffold broken, Largest alignment = 255146, NA50 = 76131, NGA50 = 76131, LA50 = 16, LGA50 = 16
    6  VC-M-Msrca-Scaffold, Largest alignment = 255146, NA50 = 76131, NGA50 = 76131, LA50 = 16, LGA50 = 16
    7  VC-M-Sga-Scaffold broken, Largest alignment = 105420, NA50 = 27931, NGA50 = 27303, LA50 = 44, LGA50 = 47
    8  VC-M-Sga-Scaffold, Largest alignment = 105420, NA50 = 27931, NGA50 = 27303, LA50 = 44, LGA50 = 47
    9  VC-M-Soap-Scaffold broken, Largest alignment = 246179, NA50 = 71357, NGA50 = 68152, LA50 = 15, LGA50 = 16
    10  VC-M-Soap-Scaffold, Largest alignment = 246179, NA50 = 91942, NGA50 = 89759, LA50 = 14, LGA50 = 15
    11 VC-M-Spades-Scaffold broken, Largest alignment = 741022, NA50 = 262160, NGA50 = 262160, LA50 = 5, LGA50 = 5
    12 VC-M-Spades-Scaffold, Largest alignment = 741022, NA50 = 262160, NGA50 = 262160, LA50 = 5, LGA50 = 5
    13 VC-M-Velvet-Scaffold broken, Largest alignment = 246346, NA50 = 67096, NGA50 = 63574, LA50 = 16, LGA50 = 17
    14 VC-M-Velvet-Scaffold, Largest alignment = 246346, NA50 = 75901, NGA50 = 67096, LA50 = 13, LGA50 = 14
  Drawing cumulative plot...
    saved to /usit/invitro/data/galaxy/master/sabbai/galaxy-dist/database/job_working_directory/001/1638/dataset_1720_files/Scaffold/aligned_stats/cumulative_plot.pdf
  Drawing NAx plot...
    saved to /usit/invitro/data/galaxy/master/sabbai/galaxy-dist/database/job_working_directory/001/1638/dataset_1720_files/Scaffold/aligned_stats/NAx_plot.pdf
  Drawing NGAx plot...
    saved to /usit/invitro/data/galaxy/master/sabbai/galaxy-dist/database/job_working_directory/001/1638/dataset_1720_files/Scaffold/aligned_stats/NGAx_plot.pdf
  Done.

2014-05-02 20:13:52
Running Genome analyzer...
  Loaded 3693 genes
  NOTICE: Annotated operons file was not provided. Use -O option to specify it.
  1  VC-M-Abyss-Scaffold broken
  2  VC-M-Abyss-Scaffold
  3  VC-M-Cabog-Scaffold broken
  4  VC-M-Cabog-Scaffold
  5  VC-M-Msrca-Scaffold broken
  6  VC-M-Msrca-Scaffold
  7  VC-M-Sga-Scaffold broken
  8  VC-M-Sga-Scaffold
  9  VC-M-Soap-Scaffold broken
  10  VC-M-Soap-Scaffold
  11 VC-M-Spades-Scaffold broken
  12 VC-M-Spades-Scaffold
  13 VC-M-Velvet-Scaffold broken
  14 VC-M-Velvet-Scaffold
  Drawing genes cumulative plot...
    saved to /usit/invitro/data/galaxy/master/sabbai/galaxy-dist/database/job_working_directory/001/1638/dataset_1720_files/Scaffold/genome_stats/genes_cumulative_plot.pdf
  Drawing # complete genes histogram...
    saved to /usit/invitro/data/galaxy/master/sabbai/galaxy-dist/database/job_working_directory/001/1638/dataset_1720_files/Scaffold/genome_stats/complete_genes_histogram.pdf
  Drawing Genome fraction, % histogram...
    saved to /usit/invitro/data/galaxy/master/sabbai/galaxy-dist/database/job_working_directory/001/1638/dataset_1720_files/Scaffold/genome_stats/genome_fraction_histogram.pdf
Done.

NOTICE: Genes are not predicted by default. Use --gene-finding option to enable it.

2014-05-02 20:14:31
Summarizing...
  Creating total report...
    saved to /usit/invitro/data/galaxy/master/sabbai/galaxy-dist/database/job_working_directory/001/1638/dataset_1720_files/Scaffold/report.txt, report.tsv, and report.tex
  Transposed version of total report...
    saved to /usit/invitro/data/galaxy/master/sabbai/galaxy-dist/database/job_working_directory/001/1638/dataset_1720_files/Scaffold/transposed_report.txt, transposed_report.tsv, and transposed_report.tex
  HTML version saved to /usit/invitro/data/galaxy/master/sabbai/galaxy-dist/database/job_working_directory/001/1638/dataset_1720_files/Scaffold/report.html
  All pdf files are merged to /usit/invitro/data/galaxy/master/sabbai/galaxy-dist/database/job_working_directory/001/1638/dataset_1720_files/Scaffold/plots.pdf
Log saved to /usit/invitro/data/galaxy/master/sabbai/galaxy-dist/database/job_working_directory/001/1638/dataset_1720_files/Scaffold/quast.log

Finished: 2014-05-02 20:14:32
Elapsed time: 0:01:20.643793
