Aligning contigs to reference...
	Running Nucmer...
Parsing coords...
Loading Assembly...
Loading reference...
	Loaded [gi|552530711|ref|NC_007488.2|_Rhodobacter_sphaeroides_2.4.1_plasmid_B__complete_sequence]
Loading SNPs...
Loading regions...
	No regions given, using whole reference.
	Total Regions: 1
	Total Region Length: 114179
Analyzing contigs...
CONTIG: mira_c500 (1014bp)
		This contig is unaligned. (1014 bp)
		Unaligned bases: 1014  total: 1014

CONTIG: mira_c503 (579bp)
		This contig is unaligned. (579 bp)
		Unaligned bases: 579  total: 1593

CONTIG: mira_c502 (507bp)
		This contig is unaligned. (507 bp)
		Unaligned bases: 507  total: 2100

CONTIG: mira_c505 (527bp)
		This contig is unaligned. (527 bp)
		Unaligned bases: 527  total: 2627

CONTIG: mira_c32 (15921bp)
		This contig is unaligned. (15921 bp)
		Unaligned bases: 15921  total: 18548

CONTIG: mira_c33 (20797bp)
		This contig is unaligned. (20797 bp)
		Unaligned bases: 20797  total: 39345

CONTIG: mira_c30 (5470bp)
		This contig is unaligned. (5470 bp)
		Unaligned bases: 5470  total: 44815

CONTIG: mira_c31 (16007bp)
		This contig is unaligned. (16007 bp)
		Unaligned bases: 16007  total: 60822

CONTIG: mira_c36 (15427bp)
		This contig is unaligned. (15427 bp)
		Unaligned bases: 15427  total: 76249

CONTIG: mira_c37 (22036bp)
		This contig is unaligned. (22036 bp)
		Unaligned bases: 22036  total: 98285

CONTIG: mira_c34 (42090bp)
		This contig is unaligned. (42090 bp)
		Unaligned bases: 42090  total: 140375

CONTIG: mira_c35 (49952bp)
		This contig is unaligned. (49952 bp)
		Unaligned bases: 49952  total: 190327

CONTIG: mira_c38 (4520bp)
		This contig is unaligned. (4520 bp)
		Unaligned bases: 4520  total: 194847

CONTIG: mira_c39 (25484bp)
		This contig is unaligned. (25484 bp)
		Unaligned bases: 25484  total: 220331

CONTIG: mira_c268 (1231bp)
Top Length: 1231  Top ID: 100.0
		One align captures most of this contig: 109607 110837 | 1 1231 | 1231 1231 | 100.0 | gi|552530711|ref|NC_007488.2|_Rhodobacter_sphaeroides_2.4.1_plasmid_B__complete_sequence mira_c268

CONTIG: mira_c269 (6588bp)
		This contig is unaligned. (6588 bp)
		Unaligned bases: 6588  total: 226919

CONTIG: mira_c341 (2103bp)
		This contig is unaligned. (2103 bp)
		Unaligned bases: 2103  total: 229022

CONTIG: mira_c340 (1133bp)
		This contig is unaligned. (1133 bp)
		Unaligned bases: 1133  total: 230155

CONTIG: mira_c347 (761bp)
		This contig is unaligned. (761 bp)
		Unaligned bases: 761  total: 230916

CONTIG: mira_c346 (4728bp)
		This contig is unaligned. (4728 bp)
		Unaligned bases: 4728  total: 235644

CONTIG: mira_c345 (3793bp)
		This contig is unaligned. (3793 bp)
		Unaligned bases: 3793  total: 239437

CONTIG: mira_c344 (3894bp)
		This contig is unaligned. (3894 bp)
		Unaligned bases: 3894  total: 243331

CONTIG: mira_c260 (1777bp)
		This contig is unaligned. (1777 bp)
		Unaligned bases: 1777  total: 245108

CONTIG: mira_c261 (10271bp)
		This contig is unaligned. (10271 bp)
		Unaligned bases: 10271  total: 255379

CONTIG: mira_c262 (4722bp)
		This contig is unaligned. (4722 bp)
		Unaligned bases: 4722  total: 260101

CONTIG: mira_c263 (2789bp)
		This contig is unaligned. (2789 bp)
		Unaligned bases: 2789  total: 262890

CONTIG: mira_c264 (503bp)
		This contig is unaligned. (503 bp)
		Unaligned bases: 503  total: 263393

CONTIG: mira_c266 (7901bp)
		This contig is unaligned. (7901 bp)
		Unaligned bases: 7901  total: 271294

CONTIG: mira_c267 (12032bp)
		This contig is unaligned. (12032 bp)
		Unaligned bases: 12032  total: 283326

CONTIG: mira_c864 (900bp)
		This contig is unaligned. (900 bp)
		Unaligned bases: 900  total: 284226

CONTIG: mira_c198 (7738bp)
		This contig is unaligned. (7738 bp)
		Unaligned bases: 7738  total: 291964

CONTIG: mira_c199 (844bp)
		This contig is unaligned. (844 bp)
		Unaligned bases: 844  total: 292808

CONTIG: mira_c196 (2667bp)
		This contig is unaligned. (2667 bp)
		Unaligned bases: 2667  total: 295475

CONTIG: mira_c197 (4429bp)
		This contig is unaligned. (4429 bp)
		Unaligned bases: 4429  total: 299904

CONTIG: mira_c194 (20701bp)
		This contig is unaligned. (20701 bp)
		Unaligned bases: 20701  total: 320605

CONTIG: mira_c195 (6079bp)
		This contig is unaligned. (6079 bp)
		Unaligned bases: 6079  total: 326684

CONTIG: mira_c192 (7396bp)
		This contig is unaligned. (7396 bp)
		Unaligned bases: 7396  total: 334080

CONTIG: mira_c193 (2391bp)
Top Length: 2391  Top ID: 100.0
		One align captures most of this contig: 31892 34282 | 1 2391 | 2391 2391 | 100.0 | gi|552530711|ref|NC_007488.2|_Rhodobacter_sphaeroides_2.4.1_plasmid_B__complete_sequence mira_c193

CONTIG: mira_c190 (7554bp)
		This contig is unaligned. (7554 bp)
		Unaligned bases: 7554  total: 341634

CONTIG: mira_c191 (7829bp)
		This contig is unaligned. (7829 bp)
		Unaligned bases: 7829  total: 349463

CONTIG: mira_c466 (622bp)
		This contig is unaligned. (622 bp)
		Unaligned bases: 622  total: 350085

CONTIG: mira_c467 (527bp)
		This contig is unaligned. (527 bp)
		Unaligned bases: 527  total: 350612

CONTIG: mira_c464 (889bp)
		This contig is unaligned. (889 bp)
		Unaligned bases: 889  total: 351501

CONTIG: mira_c465 (1689bp)
Top Length: 1689  Top ID: 99.94
		One align captures most of this contig: 87762 89450 | 1689 1 | 1689 1689 | 99.94 | gi|552530711|ref|NC_007488.2|_Rhodobacter_sphaeroides_2.4.1_plasmid_B__complete_sequence mira_c465

CONTIG: mira_c463 (700bp)
		This contig is unaligned. (700 bp)
		Unaligned bases: 700  total: 352201

CONTIG: mira_c460 (1089bp)
		This contig is unaligned. (1089 bp)
		Unaligned bases: 1089  total: 353290

CONTIG: mira_c461 (1103bp)
		This contig is unaligned. (1103 bp)
		Unaligned bases: 1103  total: 354393

CONTIG: mira_c294 (7202bp)
		This contig is unaligned. (7202 bp)
		Unaligned bases: 7202  total: 361595

CONTIG: mira_c296 (4314bp)
		This contig is unaligned. (4314 bp)
		Unaligned bases: 4314  total: 365909

CONTIG: mira_c291 (1327bp)
		This contig is unaligned. (1327 bp)
		Unaligned bases: 1327  total: 367236

CONTIG: mira_c290 (7149bp)
		This contig is unaligned. (7149 bp)
		Unaligned bases: 7149  total: 374385

CONTIG: mira_c293 (1659bp)
		This contig is unaligned. (1659 bp)
		Unaligned bases: 1659  total: 376044

CONTIG: mira_c292 (4970bp)
Top Length: 4970  Top ID: 100.0
		One align captures most of this contig: 3034 8003 | 1 4970 | 4970 4970 | 100.0 | gi|552530711|ref|NC_007488.2|_Rhodobacter_sphaeroides_2.4.1_plasmid_B__complete_sequence mira_c292

CONTIG: mira_c299 (750bp)
		This contig is unaligned. (750 bp)
		Unaligned bases: 750  total: 376794

CONTIG: mira_c298 (3761bp)
		This contig is unaligned. (3761 bp)
		Unaligned bases: 3761  total: 380555

CONTIG: mira_c749 (2306bp)
		This contig is unaligned. (2306 bp)
		Unaligned bases: 2306  total: 382861

CONTIG: mira_rep_c1118 (940bp)
		This contig is unaligned. (940 bp)
		Unaligned bases: 940  total: 383801

CONTIG: mira_c408 (827bp)
		This contig is unaligned. (827 bp)
		Unaligned bases: 827  total: 384628

CONTIG: mira_c437 (1886bp)
		This contig is unaligned. (1886 bp)
		Unaligned bases: 1886  total: 386514

CONTIG: mira_rep_c1058 (850bp)
		This contig is unaligned. (850 bp)
		Unaligned bases: 850  total: 387364

CONTIG: mira_c436 (1341bp)
		This contig is unaligned. (1341 bp)
		Unaligned bases: 1341  total: 388705

CONTIG: mira_rep_c1114 (886bp)
		This contig is unaligned. (886 bp)
		Unaligned bases: 886  total: 389591

CONTIG: mira_c561 (625bp)
		This contig is unaligned. (625 bp)
		Unaligned bases: 625  total: 390216

CONTIG: mira_c439 (552bp)
Top Length: 552  Top ID: 100.0
		One align captures most of this contig: 39823 40374 | 1 552 | 552 552 | 100.0 | gi|552530711|ref|NC_007488.2|_Rhodobacter_sphaeroides_2.4.1_plasmid_B__complete_sequence mira_c439

CONTIG: mira_c438 (2413bp)
		This contig is unaligned. (2413 bp)
		Unaligned bases: 2413  total: 392629

CONTIG: mira_c567 (506bp)
		This contig is unaligned. (506 bp)
		Unaligned bases: 506  total: 393135

CONTIG: mira_c566 (1424bp)
		This contig is unaligned. (1424 bp)
		Unaligned bases: 1424  total: 394559

CONTIG: mira_c129 (16769bp)
		This contig is unaligned. (16769 bp)
		Unaligned bases: 16769  total: 411328

CONTIG: mira_c128 (2849bp)
		This contig is unaligned. (2849 bp)
		Unaligned bases: 2849  total: 414177

CONTIG: mira_c565 (1194bp)
Top Length: 1194  Top ID: 100.0
		One align captures most of this contig: 62374 63567 | 1194 1 | 1194 1194 | 100.0 | gi|552530711|ref|NC_007488.2|_Rhodobacter_sphaeroides_2.4.1_plasmid_B__complete_sequence mira_c565

CONTIG: mira_c123 (17743bp)
		This contig is unaligned. (17743 bp)
		Unaligned bases: 17743  total: 431920

CONTIG: mira_c122 (14495bp)
		This contig is unaligned. (14495 bp)
		Unaligned bases: 14495  total: 446415

CONTIG: mira_c121 (22611bp)
		This contig is unaligned. (22611 bp)
		Unaligned bases: 22611  total: 469026

CONTIG: mira_c120 (12402bp)
		This contig is unaligned. (12402 bp)
		Unaligned bases: 12402  total: 481428

CONTIG: mira_c127 (2610bp)
		This contig is unaligned. (2610 bp)
		Unaligned bases: 2610  total: 484038

CONTIG: mira_c126 (33978bp)
		This contig is unaligned. (33978 bp)
		Unaligned bases: 33978  total: 518016

CONTIG: mira_c125 (28030bp)
		This contig is unaligned. (28030 bp)
		Unaligned bases: 28030  total: 546046

CONTIG: mira_c124 (10308bp)
		This contig is unaligned. (10308 bp)
		Unaligned bases: 10308  total: 556354

CONTIG: mira_c510 (1133bp)
		This contig is unaligned. (1133 bp)
		Unaligned bases: 1133  total: 557487

CONTIG: mira_c511 (1029bp)
		This contig is unaligned. (1029 bp)
		Unaligned bases: 1029  total: 558516

CONTIG: mira_c516 (829bp)
		This contig is unaligned. (829 bp)
		Unaligned bases: 829  total: 559345

CONTIG: mira_c517 (1149bp)
		This contig is unaligned. (1149 bp)
		Unaligned bases: 1149  total: 560494

CONTIG: mira_c518 (740bp)
		This contig is unaligned. (740 bp)
		Unaligned bases: 740  total: 561234

CONTIG: mira_c519 (745bp)
		This contig is unaligned. (745 bp)
		Unaligned bases: 745  total: 561979

CONTIG: mira_rep_c1200 (715bp)
		This contig is unaligned. (715 bp)
		Unaligned bases: 715  total: 562694

CONTIG: mira_c569 (756bp)
		This contig is unaligned. (756 bp)
		Unaligned bases: 756  total: 563450

CONTIG: mira_c407 (1010bp)
		This contig is unaligned. (1010 bp)
		Unaligned bases: 1010  total: 564460

CONTIG: mira_c638 (542bp)
		This contig is unaligned. (542 bp)
		Unaligned bases: 542  total: 565002

CONTIG: mira_c634 (1463bp)
		This contig is unaligned. (1463 bp)
		Unaligned bases: 1463  total: 566465

CONTIG: mira_c630 (588bp)
		This contig is unaligned. (588 bp)
		Unaligned bases: 588  total: 567053

CONTIG: mira_c453 (839bp)
		This contig is unaligned. (839 bp)
		Unaligned bases: 839  total: 567892

CONTIG: mira_c452 (2205bp)
		This contig is unaligned. (2205 bp)
		Unaligned bases: 2205  total: 570097

CONTIG: mira_c451 (1543bp)
		This contig is unaligned. (1543 bp)
		Unaligned bases: 1543  total: 571640

CONTIG: mira_c224 (9519bp)
		This contig is unaligned. (9519 bp)
		Unaligned bases: 9519  total: 581159

CONTIG: mira_c225 (1217bp)
		This contig is unaligned. (1217 bp)
		Unaligned bases: 1217  total: 582376

CONTIG: mira_c226 (3043bp)
Top Length: 3043  Top ID: 99.97
		One align captures most of this contig: 65296 68338 | 1 3043 | 3043 3043 | 99.97 | gi|552530711|ref|NC_007488.2|_Rhodobacter_sphaeroides_2.4.1_plasmid_B__complete_sequence mira_c226

CONTIG: mira_c227 (4895bp)
Top Length: 4895  Top ID: 100.0
		One align captures most of this contig: 56934 61828 | 4895 1 | 4895 4895 | 100.0 | gi|552530711|ref|NC_007488.2|_Rhodobacter_sphaeroides_2.4.1_plasmid_B__complete_sequence mira_c227

CONTIG: mira_c220 (16426bp)
		This contig is unaligned. (16426 bp)
		Unaligned bases: 16426  total: 598802

CONTIG: mira_c221 (10227bp)
		This contig is unaligned. (10227 bp)
		Unaligned bases: 10227  total: 609029

CONTIG: mira_c223 (11889bp)
		This contig is unaligned. (11889 bp)
		Unaligned bases: 11889  total: 620918

CONTIG: mira_c228 (3358bp)
		This contig is unaligned. (3358 bp)
		Unaligned bases: 3358  total: 624276

CONTIG: mira_c229 (4272bp)
		This contig is unaligned. (4272 bp)
		Unaligned bases: 4272  total: 628548

CONTIG: mira_c456 (879bp)
		This contig is unaligned. (879 bp)
		Unaligned bases: 879  total: 629427

CONTIG: mira_c455 (4769bp)
		This contig is unaligned. (4769 bp)
		Unaligned bases: 4769  total: 634196

CONTIG: mira_c454 (515bp)
		This contig is unaligned. (515 bp)
		Unaligned bases: 515  total: 634711

CONTIG: mira_c69 (11821bp)
		This contig is unaligned. (11821 bp)
		Unaligned bases: 11821  total: 646532

CONTIG: mira_c68 (20425bp)
		This contig is unaligned. (20425 bp)
		Unaligned bases: 20425  total: 666957

CONTIG: mira_c61 (24039bp)
		This contig is unaligned. (24039 bp)
		Unaligned bases: 24039  total: 690996

CONTIG: mira_c60 (45672bp)
		This contig is unaligned. (45672 bp)
		Unaligned bases: 45672  total: 736668

CONTIG: mira_c63 (14576bp)
		This contig is unaligned. (14576 bp)
		Unaligned bases: 14576  total: 751244

CONTIG: mira_c62 (11228bp)
		This contig is unaligned. (11228 bp)
		Unaligned bases: 11228  total: 762472

CONTIG: mira_c65 (7582bp)
		This contig is unaligned. (7582 bp)
		Unaligned bases: 7582  total: 770054

CONTIG: mira_c64 (8662bp)
		This contig is unaligned. (8662 bp)
		Unaligned bases: 8662  total: 778716

CONTIG: mira_c67 (45180bp)
		This contig is unaligned. (45180 bp)
		Unaligned bases: 45180  total: 823896

CONTIG: mira_c66 (9854bp)
		This contig is unaligned. (9854 bp)
		Unaligned bases: 9854  total: 833750

CONTIG: mira_c318 (1355bp)
		This contig is unaligned. (1355 bp)
		Unaligned bases: 1355  total: 835105

CONTIG: mira_c319 (12439bp)
		This contig is unaligned. (12439 bp)
		Unaligned bases: 12439  total: 847544

CONTIG: mira_c310 (4351bp)
		This contig is unaligned. (4351 bp)
		Unaligned bases: 4351  total: 851895

CONTIG: mira_c311 (1587bp)
Top Length: 1587  Top ID: 100.0
		One align captures most of this contig: 86205 87791 | 1 1587 | 1587 1587 | 100.0 | gi|552530711|ref|NC_007488.2|_Rhodobacter_sphaeroides_2.4.1_plasmid_B__complete_sequence mira_c311

CONTIG: mira_c312 (11792bp)
		This contig is unaligned. (11792 bp)
		Unaligned bases: 11792  total: 863687

CONTIG: mira_c313 (812bp)
		This contig is unaligned. (812 bp)
		Unaligned bases: 812  total: 864499

CONTIG: mira_c314 (618bp)
		This contig is unaligned. (618 bp)
		Unaligned bases: 618  total: 865117

CONTIG: mira_c315 (2163bp)
		This contig is unaligned. (2163 bp)
		Unaligned bases: 2163  total: 867280

CONTIG: mira_c316 (2351bp)
Top Length: 2351  Top ID: 100.0
		One align captures most of this contig: 97005 99355 | 2351 1 | 2351 2351 | 100.0 | gi|552530711|ref|NC_007488.2|_Rhodobacter_sphaeroides_2.4.1_plasmid_B__complete_sequence mira_c316

CONTIG: mira_c317 (7942bp)
		This contig is unaligned. (7942 bp)
		Unaligned bases: 7942  total: 875222

CONTIG: mira_c251 (5728bp)
Top Length: 5728  Top ID: 99.98
		One align captures most of this contig: 7910 13637 | 5728 1 | 5728 5728 | 99.98 | gi|552530711|ref|NC_007488.2|_Rhodobacter_sphaeroides_2.4.1_plasmid_B__complete_sequence mira_c251

CONTIG: mira_c250 (2488bp)
		This contig is unaligned. (2488 bp)
		Unaligned bases: 2488  total: 877710

CONTIG: mira_c253 (3782bp)
		This contig is unaligned. (3782 bp)
		Unaligned bases: 3782  total: 881492

CONTIG: mira_c252 (31677bp)
		This contig is unaligned. (31677 bp)
		Unaligned bases: 31677  total: 913169

CONTIG: mira_c254 (7899bp)
		This contig is unaligned. (7899 bp)
		Unaligned bases: 7899  total: 921068

CONTIG: mira_c257 (11468bp)
		This contig is unaligned. (11468 bp)
		Unaligned bases: 11468  total: 932536

CONTIG: mira_c256 (844bp)
		This contig is unaligned. (844 bp)
		Unaligned bases: 844  total: 933380

CONTIG: mira_c259 (11407bp)
		This contig is unaligned. (11407 bp)
		Unaligned bases: 11407  total: 944787

CONTIG: mira_c258 (4838bp)
		This contig is unaligned. (4838 bp)
		Unaligned bases: 4838  total: 949625

CONTIG: mira_rep_c1136 (1015bp)
		This contig is unaligned. (1015 bp)
		Unaligned bases: 1015  total: 950640

CONTIG: mira_c480 (750bp)
Top Length: 750  Top ID: 100.0
		One align captures most of this contig: 20388 21137 | 1 750 | 750 750 | 100.0 | gi|552530711|ref|NC_007488.2|_Rhodobacter_sphaeroides_2.4.1_plasmid_B__complete_sequence mira_c480

CONTIG: mira_c481 (982bp)
		This contig is unaligned. (982 bp)
		Unaligned bases: 982  total: 951622

CONTIG: mira_c482 (2439bp)
		This contig is unaligned. (2439 bp)
		Unaligned bases: 2439  total: 954061

CONTIG: mira_c484 (542bp)
		This contig is unaligned. (542 bp)
		Unaligned bases: 542  total: 954603

CONTIG: mira_c485 (2632bp)
		This contig is unaligned. (2632 bp)
		Unaligned bases: 2632  total: 957235

CONTIG: mira_c486 (1381bp)
		This contig is unaligned. (1381 bp)
		Unaligned bases: 1381  total: 958616

CONTIG: mira_c487 (639bp)
		This contig is unaligned. (639 bp)
		Unaligned bases: 639  total: 959255

CONTIG: mira_c701 (616bp)
		This contig is unaligned. (616 bp)
		Unaligned bases: 616  total: 959871

CONTIG: mira_c602 (1083bp)
		This contig is unaligned. (1083 bp)
		Unaligned bases: 1083  total: 960954

CONTIG: mira_c603 (564bp)
		This contig is unaligned. (564 bp)
		Unaligned bases: 564  total: 961518

CONTIG: mira_c706 (580bp)
		This contig is unaligned. (580 bp)
		Unaligned bases: 580  total: 962098

CONTIG: mira_c94 (36466bp)
		This contig is unaligned. (36466 bp)
		Unaligned bases: 36466  total: 998564

CONTIG: mira_c343 (1752bp)
Top Length: 1752  Top ID: 100.0
		One align captures most of this contig: 68559 70310 | 1 1752 | 1752 1752 | 100.0 | gi|552530711|ref|NC_007488.2|_Rhodobacter_sphaeroides_2.4.1_plasmid_B__complete_sequence mira_c343

CONTIG: mira_c96 (26726bp)
		This contig is unaligned. (26726 bp)
		Unaligned bases: 26726  total: 1025290

CONTIG: mira_c97 (10327bp)
		This contig is unaligned. (10327 bp)
		Unaligned bases: 10327  total: 1035617

CONTIG: mira_c90 (742bp)
		This contig is unaligned. (742 bp)
		Unaligned bases: 742  total: 1036359

CONTIG: mira_c91 (26002bp)
		This contig is unaligned. (26002 bp)
		Unaligned bases: 26002  total: 1062361

CONTIG: mira_c92 (14484bp)
		This contig is unaligned. (14484 bp)
		Unaligned bases: 14484  total: 1076845

CONTIG: mira_c93 (70937bp)
		This contig is unaligned. (70937 bp)
		Unaligned bases: 70937  total: 1147782

CONTIG: mira_c556 (728bp)
		This contig is unaligned. (728 bp)
		Unaligned bases: 728  total: 1148510

CONTIG: mira_c606 (686bp)
		This contig is unaligned. (686 bp)
		Unaligned bases: 686  total: 1149196

CONTIG: mira_c554 (1315bp)
		This contig is unaligned. (1315 bp)
		Unaligned bases: 1315  total: 1150511

CONTIG: mira_c704 (948bp)
		This contig is unaligned. (948 bp)
		Unaligned bases: 948  total: 1151459

CONTIG: mira_c98 (2978bp)
		This contig is unaligned. (2978 bp)
		Unaligned bases: 2978  total: 1154437

CONTIG: mira_c99 (3190bp)
		This contig is unaligned. (3190 bp)
		Unaligned bases: 3190  total: 1157627

CONTIG: mira_c415 (546bp)
Top Length: 546  Top ID: 100.0
		One align captures most of this contig: 19857 20402 | 546 1 | 546 546 | 100.0 | gi|552530711|ref|NC_007488.2|_Rhodobacter_sphaeroides_2.4.1_plasmid_B__complete_sequence mira_c415

CONTIG: mira_c413 (889bp)
		This contig is unaligned. (889 bp)
		Unaligned bases: 889  total: 1158516

CONTIG: mira_c799 (927bp)
		This contig is unaligned. (927 bp)
		Unaligned bases: 927  total: 1159443

CONTIG: mira_c411 (2115bp)
		This contig is unaligned. (2115 bp)
		Unaligned bases: 2115  total: 1161558

CONTIG: mira_c410 (1472bp)
		This contig is unaligned. (1472 bp)
		Unaligned bases: 1472  total: 1163030

CONTIG: mira_c542 (729bp)
		This contig is unaligned. (729 bp)
		Unaligned bases: 729  total: 1163759

CONTIG: mira_c825 (619bp)
		This contig is unaligned. (619 bp)
		Unaligned bases: 619  total: 1164378

CONTIG: mira_c419 (1505bp)
		This contig is unaligned. (1505 bp)
		Unaligned bases: 1505  total: 1165883

CONTIG: mira_c418 (2662bp)
		This contig is unaligned. (2662 bp)
		Unaligned bases: 2662  total: 1168545

CONTIG: mira_rep_c1020 (615bp)
		This contig is unaligned. (615 bp)
		Unaligned bases: 615  total: 1169160

CONTIG: mira_c746 (821bp)
		This contig is unaligned. (821 bp)
		Unaligned bases: 821  total: 1169981

CONTIG: mira_rep_c1022 (533bp)
		This contig is unaligned. (533 bp)
		Unaligned bases: 533  total: 1170514

CONTIG: mira_rep_c1023 (771bp)
		This contig is unaligned. (771 bp)
		Unaligned bases: 771  total: 1171285

CONTIG: mira_rep_c1024 (519bp)
		This contig is unaligned. (519 bp)
		Unaligned bases: 519  total: 1171804

CONTIG: mira_rep_c1026 (548bp)
		This contig is unaligned. (548 bp)
		Unaligned bases: 548  total: 1172352

CONTIG: mira_c349 (5003bp)
		This contig is unaligned. (5003 bp)
		Unaligned bases: 5003  total: 1177355

CONTIG: mira_rep_c967 (2072bp)
		This contig is unaligned. (2072 bp)
		Unaligned bases: 2072  total: 1179427

CONTIG: mira_rep_c966 (2463bp)
		This contig is unaligned. (2463 bp)
		Unaligned bases: 2463  total: 1181890

CONTIG: mira_rep_c965 (2414bp)
		This contig is unaligned. (2414 bp)
		Unaligned bases: 2414  total: 1184304

CONTIG: mira_c348 (3150bp)
		This contig is unaligned. (3150 bp)
		Unaligned bases: 3150  total: 1187454

CONTIG: mira_rep_c963 (5724bp)
		This contig is unaligned. (5724 bp)
		Unaligned bases: 5724  total: 1193178

CONTIG: mira_rep_c962 (2415bp)
		This contig is unaligned. (2415 bp)
		Unaligned bases: 2415  total: 1195593

CONTIG: mira_rep_c960 (4349bp)
		This contig is unaligned. (4349 bp)
		Unaligned bases: 4349  total: 1199942

CONTIG: mira_rep_c969 (3055bp)
		This contig is unaligned. (3055 bp)
		Unaligned bases: 3055  total: 1202997

CONTIG: mira_rep_c968 (1820bp)
		This contig is unaligned. (1820 bp)
		Unaligned bases: 1820  total: 1204817

CONTIG: mira_c170 (8213bp)
		This contig is unaligned. (8213 bp)
		Unaligned bases: 8213  total: 1213030

CONTIG: mira_c171 (16676bp)
		This contig is unaligned. (16676 bp)
		Unaligned bases: 16676  total: 1229706

CONTIG: mira_c172 (864bp)
		This contig is unaligned. (864 bp)
		Unaligned bases: 864  total: 1230570

CONTIG: mira_c173 (7602bp)
		This contig is unaligned. (7602 bp)
		Unaligned bases: 7602  total: 1238172

CONTIG: mira_c174 (15771bp)
		This contig is unaligned. (15771 bp)
		Unaligned bases: 15771  total: 1253943

CONTIG: mira_c175 (7504bp)
Top Length: 96  Top ID: 100.0
		This contig is partially unaligned. (96 out of 7504)
		Alignment: 1474 1569 | 7504 7409 | 96 96 | 100.0 | gi|552530711|ref|NC_007488.2|_Rhodobacter_sphaeroides_2.4.1_plasmid_B__complete_sequence mira_c175
		Unaligned bases: 1 to 7408 (7408)

CONTIG: mira_c176 (4374bp)
		This contig is unaligned. (4374 bp)
		Unaligned bases: 4374  total: 1258317

CONTIG: mira_c177 (1937bp)
		This contig is unaligned. (1937 bp)
		Unaligned bases: 1937  total: 1260254

CONTIG: mira_c178 (3467bp)
		This contig is unaligned. (3467 bp)
		Unaligned bases: 3467  total: 1263721

CONTIG: mira_c179 (1359bp)
		This contig is unaligned. (1359 bp)
		Unaligned bases: 1359  total: 1265080

CONTIG: mira_rep_c989 (1060bp)
		This contig is unaligned. (1060 bp)
		Unaligned bases: 1060  total: 1266140

CONTIG: mira_rep_c988 (978bp)
		This contig is unaligned. (978 bp)
		Unaligned bases: 978  total: 1267118

CONTIG: mira_rep_c985 (1963bp)
		This contig is unaligned. (1963 bp)
		Unaligned bases: 1963  total: 1269081

CONTIG: mira_rep_c984 (3552bp)
		This contig is unaligned. (3552 bp)
		Unaligned bases: 3552  total: 1272633

CONTIG: mira_rep_c987 (838bp)
		This contig is unaligned. (838 bp)
		Unaligned bases: 838  total: 1273471

CONTIG: mira_rep_c986 (1081bp)
		This contig is unaligned. (1081 bp)
		Unaligned bases: 1081  total: 1274552

CONTIG: mira_rep_c981 (5798bp)
		This contig is unaligned. (5798 bp)
		Unaligned bases: 5798  total: 1280350

CONTIG: mira_rep_c980 (1344bp)
		This contig is unaligned. (1344 bp)
		Unaligned bases: 1344  total: 1281694

CONTIG: mira_rep_c983 (971bp)
		This contig is unaligned. (971 bp)
		Unaligned bases: 971  total: 1282665

CONTIG: mira_rep_c982 (1426bp)
		This contig is unaligned. (1426 bp)
		Unaligned bases: 1426  total: 1284091

CONTIG: mira_rep_c974 (2309bp)
		This contig is unaligned. (2309 bp)
		Unaligned bases: 2309  total: 1286400

CONTIG: mira_rep_c1071 (984bp)
		This contig is unaligned. (984 bp)
		Unaligned bases: 984  total: 1287384

CONTIG: mira_c659 (509bp)
		This contig is unaligned. (509 bp)
		Unaligned bases: 509  total: 1287893

CONTIG: mira_c25 (53398bp)
		This contig is unaligned. (53398 bp)
		Unaligned bases: 53398  total: 1341291

CONTIG: mira_c24 (40067bp)
		This contig is unaligned. (40067 bp)
		Unaligned bases: 40067  total: 1381358

CONTIG: mira_c27 (3358bp)
Top Length: 3358  Top ID: 99.97
		One align captures most of this contig: 50995 54352 | 1 3358 | 3358 3358 | 99.97 | gi|552530711|ref|NC_007488.2|_Rhodobacter_sphaeroides_2.4.1_plasmid_B__complete_sequence mira_c27

CONTIG: mira_c26 (52692bp)
		This contig is unaligned. (52692 bp)
		Unaligned bases: 52692  total: 1434050

CONTIG: mira_c21 (22203bp)
		This contig is unaligned. (22203 bp)
		Unaligned bases: 22203  total: 1456253

CONTIG: mira_c20 (2268bp)
		This contig is unaligned. (2268 bp)
		Unaligned bases: 2268  total: 1458521

CONTIG: mira_c23 (11822bp)
		This contig is unaligned. (11822 bp)
		Unaligned bases: 11822  total: 1470343

CONTIG: mira_c22 (24533bp)
		This contig is unaligned. (24533 bp)
		Unaligned bases: 24533  total: 1494876

CONTIG: mira_c29 (51670bp)
		This contig is unaligned. (51670 bp)
		Unaligned bases: 51670  total: 1546546

CONTIG: mira_c28 (110511bp)
		This contig is unaligned. (110511 bp)
		Unaligned bases: 110511  total: 1657057

CONTIG: mira_c354 (4173bp)
		This contig is unaligned. (4173 bp)
		Unaligned bases: 4173  total: 1661230

CONTIG: mira_c356 (1111bp)
		This contig is unaligned. (1111 bp)
		Unaligned bases: 1111  total: 1662341

CONTIG: mira_c357 (3321bp)
		This contig is unaligned. (3321 bp)
		Unaligned bases: 3321  total: 1665662

CONTIG: mira_c219 (667bp)
		This contig is unaligned. (667 bp)
		Unaligned bases: 667  total: 1666329

CONTIG: mira_c218 (9183bp)
		This contig is unaligned. (9183 bp)
		Unaligned bases: 9183  total: 1675512

CONTIG: mira_c352 (759bp)
		This contig is unaligned. (759 bp)
		Unaligned bases: 759  total: 1676271

CONTIG: mira_c215 (17656bp)
		This contig is unaligned. (17656 bp)
		Unaligned bases: 17656  total: 1693927

CONTIG: mira_c214 (9138bp)
		This contig is unaligned. (9138 bp)
		Unaligned bases: 9138  total: 1703065

CONTIG: mira_c217 (8287bp)
		This contig is unaligned. (8287 bp)
		Unaligned bases: 8287  total: 1711352

CONTIG: mira_c216 (12188bp)
		This contig is unaligned. (12188 bp)
		Unaligned bases: 12188  total: 1723540

CONTIG: mira_c211 (2409bp)
		This contig is unaligned. (2409 bp)
		Unaligned bases: 2409  total: 1725949

CONTIG: mira_c210 (3725bp)
		This contig is unaligned. (3725 bp)
		Unaligned bases: 3725  total: 1729674

CONTIG: mira_c213 (860bp)
		This contig is unaligned. (860 bp)
		Unaligned bases: 860  total: 1730534

CONTIG: mira_c212 (11380bp)
		This contig is unaligned. (11380 bp)
		Unaligned bases: 11380  total: 1741914

CONTIG: mira_c856 (512bp)
		This contig is unaligned. (512 bp)
		Unaligned bases: 512  total: 1742426

CONTIG: mira_c50 (26616bp)
		This contig is unaligned. (26616 bp)
		Unaligned bases: 26616  total: 1769042

CONTIG: mira_c51 (14403bp)
		This contig is unaligned. (14403 bp)
		Unaligned bases: 14403  total: 1783445

CONTIG: mira_c52 (16736bp)
		This contig is unaligned. (16736 bp)
		Unaligned bases: 16736  total: 1800181

CONTIG: mira_c53 (32929bp)
		This contig is unaligned. (32929 bp)
		Unaligned bases: 32929  total: 1833110

CONTIG: mira_c54 (8385bp)
		This contig is unaligned. (8385 bp)
		Unaligned bases: 8385  total: 1841495

CONTIG: mira_c55 (22249bp)
		This contig is unaligned. (22249 bp)
		Unaligned bases: 22249  total: 1863744

CONTIG: mira_c56 (662bp)
		This contig is unaligned. (662 bp)
		Unaligned bases: 662  total: 1864406

CONTIG: mira_c57 (11113bp)
		This contig is unaligned. (11113 bp)
		Unaligned bases: 11113  total: 1875519

CONTIG: mira_c58 (6442bp)
		This contig is unaligned. (6442 bp)
		Unaligned bases: 6442  total: 1881961

CONTIG: mira_c59 (7065bp)
		This contig is unaligned. (7065 bp)
		Unaligned bases: 7065  total: 1889026

CONTIG: mira_c321 (3103bp)
		This contig is unaligned. (3103 bp)
		Unaligned bases: 3103  total: 1892129

CONTIG: mira_c320 (1047bp)
		This contig is unaligned. (1047 bp)
		Unaligned bases: 1047  total: 1893176

CONTIG: mira_c323 (6234bp)
		This contig is unaligned. (6234 bp)
		Unaligned bases: 6234  total: 1899410

CONTIG: mira_c322 (3798bp)
Top Length: 3798  Top ID: 100.0
		One align captures most of this contig: 76860 80657 | 1 3798 | 3798 3798 | 100.0 | gi|552530711|ref|NC_007488.2|_Rhodobacter_sphaeroides_2.4.1_plasmid_B__complete_sequence mira_c322

CONTIG: mira_c325 (5158bp)
		This contig is unaligned. (5158 bp)
		Unaligned bases: 5158  total: 1904568

CONTIG: mira_c324 (7398bp)
		This contig is unaligned. (7398 bp)
		Unaligned bases: 7398  total: 1911966

CONTIG: mira_c327 (2540bp)
		This contig is unaligned. (2540 bp)
		Unaligned bases: 2540  total: 1914506

CONTIG: mira_c326 (8246bp)
		This contig is unaligned. (8246 bp)
		Unaligned bases: 8246  total: 1922752

CONTIG: mira_c329 (873bp)
		This contig is unaligned. (873 bp)
		Unaligned bases: 873  total: 1923625

CONTIG: mira_c328 (3576bp)
		This contig is unaligned. (3576 bp)
		Unaligned bases: 3576  total: 1927201

CONTIG: mira_c459 (945bp)
		This contig is unaligned. (945 bp)
		Unaligned bases: 945  total: 1928146

CONTIG: mira_c755 (685bp)
		This contig is unaligned. (685 bp)
		Unaligned bases: 685  total: 1928831

CONTIG: mira_c286 (1707bp)
		This contig is unaligned. (1707 bp)
		Unaligned bases: 1707  total: 1930538

CONTIG: mira_c287 (3494bp)
		This contig is unaligned. (3494 bp)
		Unaligned bases: 3494  total: 1934032

CONTIG: mira_c284 (4408bp)
Top Length: 4408  Top ID: 100.0
		One align captures most of this contig: 35479 39886 | 4408 1 | 4408 4408 | 100.0 | gi|552530711|ref|NC_007488.2|_Rhodobacter_sphaeroides_2.4.1_plasmid_B__complete_sequence mira_c284

CONTIG: mira_c285 (9314bp)
		This contig is unaligned. (9314 bp)
		Unaligned bases: 9314  total: 1943346

CONTIG: mira_c282 (3556bp)
		This contig is unaligned. (3556 bp)
		Unaligned bases: 3556  total: 1946902

CONTIG: mira_c283 (9197bp)
		This contig is unaligned. (9197 bp)
		Unaligned bases: 9197  total: 1956099

CONTIG: mira_c280 (4066bp)
		This contig is unaligned. (4066 bp)
		Unaligned bases: 4066  total: 1960165

CONTIG: mira_c281 (1266bp)
		This contig is unaligned. (1266 bp)
		Unaligned bases: 1266  total: 1961431

CONTIG: mira_c288 (651bp)
		This contig is unaligned. (651 bp)
		Unaligned bases: 651  total: 1962082

CONTIG: mira_c289 (1183bp)
Top Length: 1183  Top ID: 100.0
		One align captures most of this contig: 99314 100496 | 1 1183 | 1183 1183 | 100.0 | gi|552530711|ref|NC_007488.2|_Rhodobacter_sphaeroides_2.4.1_plasmid_B__complete_sequence mira_c289

CONTIG: mira_rep_c1103 (2589bp)
		This contig is unaligned. (2589 bp)
		Unaligned bases: 2589  total: 1964671

CONTIG: mira_c422 (1079bp)
		This contig is unaligned. (1079 bp)
		Unaligned bases: 1079  total: 1965750

CONTIG: mira_c138 (47162bp)
		This contig is unaligned. (47162 bp)
		Unaligned bases: 47162  total: 2012912

CONTIG: mira_c139 (9391bp)
		This contig is unaligned. (9391 bp)
		Unaligned bases: 9391  total: 2022303

CONTIG: mira_c134 (16873bp)
		This contig is unaligned. (16873 bp)
		Unaligned bases: 16873  total: 2039176

CONTIG: mira_c135 (19586bp)
		This contig is unaligned. (19586 bp)
		Unaligned bases: 19586  total: 2058762

CONTIG: mira_c136 (1557bp)
		This contig is unaligned. (1557 bp)
		Unaligned bases: 1557  total: 2060319

CONTIG: mira_c137 (47771bp)
		This contig is unaligned. (47771 bp)
		Unaligned bases: 47771  total: 2108090

CONTIG: mira_c130 (26184bp)
		This contig is unaligned. (26184 bp)
		Unaligned bases: 26184  total: 2134274

CONTIG: mira_c131 (10978bp)
		This contig is unaligned. (10978 bp)
		Unaligned bases: 10978  total: 2145252

CONTIG: mira_c132 (18818bp)
		This contig is unaligned. (18818 bp)
		Unaligned bases: 18818  total: 2164070

CONTIG: mira_c133 (3148bp)
		This contig is unaligned. (3148 bp)
		Unaligned bases: 3148  total: 2167218

CONTIG: mira_c526 (747bp)
		This contig is unaligned. (747 bp)
		Unaligned bases: 747  total: 2167965

CONTIG: mira_c523 (565bp)
		This contig is unaligned. (565 bp)
		Unaligned bases: 565  total: 2168530

CONTIG: mira_c522 (975bp)
Top Length: 975  Top ID: 100.0
		One align captures most of this contig: 13854 14828 | 1 975 | 975 975 | 100.0 | gi|552530711|ref|NC_007488.2|_Rhodobacter_sphaeroides_2.4.1_plasmid_B__complete_sequence mira_c522

CONTIG: mira_c520 (537bp)
Top Length: 537  Top ID: 100.0
		One align captures most of this contig: 22126 22662 | 1 537 | 537 537 | 100.0 | gi|552530711|ref|NC_007488.2|_Rhodobacter_sphaeroides_2.4.1_plasmid_B__complete_sequence mira_c520

CONTIG: mira_c528 (601bp)
		This contig is unaligned. (601 bp)
		Unaligned bases: 601  total: 2169131

CONTIG: mira_c423 (1038bp)
		This contig is unaligned. (1038 bp)
		Unaligned bases: 1038  total: 2170169

CONTIG: mira_c95 (15873bp)
		This contig is unaligned. (15873 bp)
		Unaligned bases: 15873  total: 2186042

CONTIG: mira_c919 (572bp)
		This contig is unaligned. (572 bp)
		Unaligned bases: 572  total: 2186614

CONTIG: mira_c558 (946bp)
		This contig is unaligned. (946 bp)
		Unaligned bases: 946  total: 2187560

CONTIG: mira_c559 (1527bp)
		This contig is unaligned. (1527 bp)
		Unaligned bases: 1527  total: 2189087

CONTIG: mira_c149 (21622bp)
		This contig is unaligned. (21622 bp)
		Unaligned bases: 21622  total: 2210709

CONTIG: mira_c148 (5392bp)
		This contig is unaligned. (5392 bp)
		Unaligned bases: 5392  total: 2216101

CONTIG: mira_c625 (534bp)
Top Length: 534  Top ID: 100.0
		One align captures most of this contig: 30308 30841 | 1 534 | 534 534 | 100.0 | gi|552530711|ref|NC_007488.2|_Rhodobacter_sphaeroides_2.4.1_plasmid_B__complete_sequence mira_c625

CONTIG: mira_c141 (1986bp)
		This contig is unaligned. (1986 bp)
		Unaligned bases: 1986  total: 2218087

CONTIG: mira_c140 (45497bp)
		This contig is unaligned. (45497 bp)
		Unaligned bases: 45497  total: 2263584

CONTIG: mira_c143 (4151bp)
Top Length: 4151  Top ID: 100.0
		One align captures most of this contig: 14871 19021 | 1 4151 | 4151 4151 | 100.0 | gi|552530711|ref|NC_007488.2|_Rhodobacter_sphaeroides_2.4.1_plasmid_B__complete_sequence mira_c143

CONTIG: mira_c142 (10262bp)
		This contig is unaligned. (10262 bp)
		Unaligned bases: 10262  total: 2273846

CONTIG: mira_c145 (13364bp)
		This contig is unaligned. (13364 bp)
		Unaligned bases: 13364  total: 2287210

CONTIG: mira_c144 (32412bp)
		This contig is unaligned. (32412 bp)
		Unaligned bases: 32412  total: 2319622

CONTIG: mira_c147 (3373bp)
Top Length: 3373  Top ID: 100.0
		One align captures most of this contig: 93681 97053 | 1 3373 | 3373 3373 | 100.0 | gi|552530711|ref|NC_007488.2|_Rhodobacter_sphaeroides_2.4.1_plasmid_B__complete_sequence mira_c147

CONTIG: mira_c146 (685bp)
		This contig is unaligned. (685 bp)
		Unaligned bases: 685  total: 2320307

CONTIG: mira_c18 (11514bp)
		This contig is unaligned. (11514 bp)
		Unaligned bases: 11514  total: 2331821

CONTIG: mira_c19 (3152bp)
		This contig is unaligned. (3152 bp)
		Unaligned bases: 3152  total: 2334973

CONTIG: mira_c14 (15213bp)
		This contig is unaligned. (15213 bp)
		Unaligned bases: 15213  total: 2350186

CONTIG: mira_c15 (13691bp)
		This contig is unaligned. (13691 bp)
		Unaligned bases: 13691  total: 2363877

CONTIG: mira_c16 (43799bp)
		This contig is unaligned. (43799 bp)
		Unaligned bases: 43799  total: 2407676

CONTIG: mira_c17 (3776bp)
		This contig is unaligned. (3776 bp)
		Unaligned bases: 3776  total: 2411452

CONTIG: mira_c10 (19718bp)
		This contig is unaligned. (19718 bp)
		Unaligned bases: 19718  total: 2431170

CONTIG: mira_c11 (26465bp)
		This contig is unaligned. (26465 bp)
		Unaligned bases: 26465  total: 2457635

CONTIG: mira_c12 (16657bp)
		This contig is unaligned. (16657 bp)
		Unaligned bases: 16657  total: 2474292

CONTIG: mira_c13 (15570bp)
		This contig is unaligned. (15570 bp)
		Unaligned bases: 15570  total: 2489862

CONTIG: mira_c369 (836bp)
		This contig is unaligned. (836 bp)
		Unaligned bases: 836  total: 2490698

CONTIG: mira_c795 (723bp)
		This contig is unaligned. (723 bp)
		Unaligned bases: 723  total: 2491421

CONTIG: mira_c365 (1158bp)
Top Length: 1158  Top ID: 100.0
		One align captures most of this contig: 1474 2631 | 1 1158 | 1158 1158 | 100.0 | gi|552530711|ref|NC_007488.2|_Rhodobacter_sphaeroides_2.4.1_plasmid_B__complete_sequence mira_c365

CONTIG: mira_c364 (2260bp)
		This contig is unaligned. (2260 bp)
		Unaligned bases: 2260  total: 2493681

CONTIG: mira_c366 (596bp)
		This contig is unaligned. (596 bp)
		Unaligned bases: 596  total: 2494277

CONTIG: mira_c361 (2250bp)
Top Length: 2250  Top ID: 100.0
		One align captures most of this contig: 40335 42584 | 2250 1 | 2250 2250 | 100.0 | gi|552530711|ref|NC_007488.2|_Rhodobacter_sphaeroides_2.4.1_plasmid_B__complete_sequence mira_c361

CONTIG: mira_c360 (1854bp)
		This contig is unaligned. (1854 bp)
		Unaligned bases: 1854  total: 2496131

CONTIG: mira_c363 (1392bp)
Top Length: 1392  Top ID: 99.93
		One align captures most of this contig: 55459 56850 | 1 1392 | 1392 1392 | 99.93 | gi|552530711|ref|NC_007488.2|_Rhodobacter_sphaeroides_2.4.1_plasmid_B__complete_sequence mira_c363

CONTIG: mira_c362 (829bp)
		This contig is unaligned. (829 bp)
		Unaligned bases: 829  total: 2496960

CONTIG: mira_c242 (6524bp)
		This contig is unaligned. (6524 bp)
		Unaligned bases: 6524  total: 2503484

CONTIG: mira_c243 (1393bp)
Top Length: 1393  Top ID: 100.0
		One align captures most of this contig: 83453 84845 | 1393 1 | 1393 1393 | 100.0 | gi|552530711|ref|NC_007488.2|_Rhodobacter_sphaeroides_2.4.1_plasmid_B__complete_sequence mira_c243

CONTIG: mira_c240 (8196bp)
		This contig is unaligned. (8196 bp)
		Unaligned bases: 8196  total: 2511680

CONTIG: mira_c241 (3923bp)
Top Length: 3923  Top ID: 100.0
		One align captures most of this contig: 70266 74188 | 3923 1 | 3923 3923 | 100.0 | gi|552530711|ref|NC_007488.2|_Rhodobacter_sphaeroides_2.4.1_plasmid_B__complete_sequence mira_c241

CONTIG: mira_c246 (949bp)
Top Length: 949  Top ID: 100.0
		One align captures most of this contig: 22682 23630 | 1 949 | 949 949 | 100.0 | gi|552530711|ref|NC_007488.2|_Rhodobacter_sphaeroides_2.4.1_plasmid_B__complete_sequence mira_c246

CONTIG: mira_c247 (1695bp)
Top Length: 1695  Top ID: 100.0
		One align captures most of this contig: 63601 65295 | 1 1695 | 1695 1695 | 100.0 | gi|552530711|ref|NC_007488.2|_Rhodobacter_sphaeroides_2.4.1_plasmid_B__complete_sequence mira_c247

CONTIG: mira_c244 (1469bp)
Top Length: 1469  Top ID: 100.0
		One align captures most of this contig: 80598 82066 | 1 1469 | 1469 1469 | 100.0 | gi|552530711|ref|NC_007488.2|_Rhodobacter_sphaeroides_2.4.1_plasmid_B__complete_sequence mira_c244

CONTIG: mira_c245 (13604bp)
		This contig is unaligned. (13604 bp)
		Unaligned bases: 13604  total: 2525284

CONTIG: mira_c248 (1796bp)
		This contig is unaligned. (1796 bp)
		Unaligned bases: 1796  total: 2527080

CONTIG: mira_c249 (11890bp)
		This contig is unaligned. (11890 bp)
		Unaligned bases: 11890  total: 2538970

CONTIG: mira_c792 (860bp)
		This contig is unaligned. (860 bp)
		Unaligned bases: 860  total: 2539830

CONTIG: mira_c87 (36934bp)
		This contig is unaligned. (36934 bp)
		Unaligned bases: 36934  total: 2576764

CONTIG: mira_c86 (930bp)
		This contig is unaligned. (930 bp)
		Unaligned bases: 930  total: 2577694

CONTIG: mira_c85 (9657bp)
		This contig is unaligned. (9657 bp)
		Unaligned bases: 9657  total: 2587351

CONTIG: mira_c84 (4970bp)
		This contig is unaligned. (4970 bp)
		Unaligned bases: 4970  total: 2592321

CONTIG: mira_c83 (25909bp)
		This contig is unaligned. (25909 bp)
		Unaligned bases: 25909  total: 2618230

CONTIG: mira_c82 (8160bp)
		This contig is unaligned. (8160 bp)
		Unaligned bases: 8160  total: 2626390

CONTIG: mira_c81 (29749bp)
		This contig is unaligned. (29749 bp)
		Unaligned bases: 29749  total: 2656139

CONTIG: mira_c80 (14487bp)
		This contig is unaligned. (14487 bp)
		Unaligned bases: 14487  total: 2670626

CONTIG: mira_c400 (657bp)
		This contig is unaligned. (657 bp)
		Unaligned bases: 657  total: 2671283

CONTIG: mira_c401 (1413bp)
		This contig is unaligned. (1413 bp)
		Unaligned bases: 1413  total: 2672696

CONTIG: mira_c402 (932bp)
Top Length: 932  Top ID: 99.89
		One align captures most of this contig: 18955 19886 | 1 932 | 932 932 | 99.89 | gi|552530711|ref|NC_007488.2|_Rhodobacter_sphaeroides_2.4.1_plasmid_B__complete_sequence mira_c402

CONTIG: mira_c403 (1926bp)
		This contig is unaligned. (1926 bp)
		Unaligned bases: 1926  total: 2674622

CONTIG: mira_c404 (758bp)
		This contig is unaligned. (758 bp)
		Unaligned bases: 758  total: 2675380

CONTIG: mira_c89 (6603bp)
		This contig is unaligned. (6603 bp)
		Unaligned bases: 6603  total: 2681983

CONTIG: mira_c88 (26189bp)
		This contig is unaligned. (26189 bp)
		Unaligned bases: 26189  total: 2708172

CONTIG: mira_c765 (1435bp)
		This contig is unaligned. (1435 bp)
		Unaligned bases: 1435  total: 2709607

CONTIG: mira_rep_c1021 (969bp)
		This contig is unaligned. (969 bp)
		Unaligned bases: 969  total: 2710576

CONTIG: mira_c769 (608bp)
		This contig is unaligned. (608 bp)
		Unaligned bases: 608  total: 2711184

CONTIG: mira_c717 (682bp)
		This contig is unaligned. (682 bp)
		Unaligned bases: 682  total: 2711866

CONTIG: mira_rep_c1035 (583bp)
		This contig is unaligned. (583 bp)
		Unaligned bases: 583  total: 2712449

CONTIG: mira_rep_c1034 (511bp)
		This contig is unaligned. (511 bp)
		Unaligned bases: 511  total: 2712960

CONTIG: mira_rep_c1031 (578bp)
		This contig is unaligned. (578 bp)
		Unaligned bases: 578  total: 2713538

CONTIG: mira_c581 (681bp)
		This contig is unaligned. (681 bp)
		Unaligned bases: 681  total: 2714219

CONTIG: mira_c583 (2102bp)
		This contig is unaligned. (2102 bp)
		Unaligned bases: 2102  total: 2716321

CONTIG: mira_c585 (609bp)
		This contig is unaligned. (609 bp)
		Unaligned bases: 609  total: 2716930

CONTIG: mira_rep_c1133 (1170bp)
		This contig is unaligned. (1170 bp)
		Unaligned bases: 1170  total: 2718100

CONTIG: mira_c727 (555bp)
		This contig is unaligned. (555 bp)
		Unaligned bases: 555  total: 2718655

CONTIG: mira_rep_c970 (2862bp)
		This contig is unaligned. (2862 bp)
		Unaligned bases: 2862  total: 2721517

CONTIG: mira_rep_c971 (4565bp)
		This contig is unaligned. (4565 bp)
		Unaligned bases: 4565  total: 2726082

CONTIG: mira_rep_c972 (2411bp)
		This contig is unaligned. (2411 bp)
		Unaligned bases: 2411  total: 2728493

CONTIG: mira_rep_c973 (2983bp)
		This contig is unaligned. (2983 bp)
		Unaligned bases: 2983  total: 2731476

CONTIG: mira_c668 (1535bp)
		This contig is unaligned. (1535 bp)
		Unaligned bases: 1535  total: 2733011

CONTIG: mira_c738 (695bp)
		This contig is unaligned. (695 bp)
		Unaligned bases: 695  total: 2733706

CONTIG: mira_rep_c976 (2683bp)
		This contig is unaligned. (2683 bp)
		Unaligned bases: 2683  total: 2736389

CONTIG: mira_rep_c977 (1408bp)
		This contig is unaligned. (1408 bp)
		Unaligned bases: 1408  total: 2737797

CONTIG: mira_rep_c978 (1885bp)
		This contig is unaligned. (1885 bp)
		Unaligned bases: 1885  total: 2739682

CONTIG: mira_rep_c979 (1590bp)
		This contig is unaligned. (1590 bp)
		Unaligned bases: 1590  total: 2741272

CONTIG: mira_c663 (798bp)
		This contig is unaligned. (798 bp)
		Unaligned bases: 798  total: 2742070

CONTIG: mira_c105 (1805bp)
		This contig is unaligned. (1805 bp)
		Unaligned bases: 1805  total: 2743875

CONTIG: mira_c104 (4295bp)
		This contig is unaligned. (4295 bp)
		Unaligned bases: 4295  total: 2748170

CONTIG: mira_c107 (9350bp)
		This contig is unaligned. (9350 bp)
		Unaligned bases: 9350  total: 2757520

CONTIG: mira_c106 (8072bp)
		This contig is unaligned. (8072 bp)
		Unaligned bases: 8072  total: 2765592

CONTIG: mira_c101 (13780bp)
		This contig is unaligned. (13780 bp)
		Unaligned bases: 13780  total: 2779372

CONTIG: mira_c100 (11332bp)
		This contig is unaligned. (11332 bp)
		Unaligned bases: 11332  total: 2790704

CONTIG: mira_c103 (8619bp)
		This contig is unaligned. (8619 bp)
		Unaligned bases: 8619  total: 2799323

CONTIG: mira_c102 (35680bp)
		This contig is unaligned. (35680 bp)
		Unaligned bases: 35680  total: 2835003

CONTIG: mira_c711 (650bp)
		This contig is unaligned. (650 bp)
		Unaligned bases: 650  total: 2835653

CONTIG: mira_c109 (33104bp)
		This contig is unaligned. (33104 bp)
		Unaligned bases: 33104  total: 2868757

CONTIG: mira_c108 (2513bp)
		This contig is unaligned. (2513 bp)
		Unaligned bases: 2513  total: 2871270

CONTIG: mira_rep_c998 (709bp)
		This contig is unaligned. (709 bp)
		Unaligned bases: 709  total: 2871979

CONTIG: mira_rep_c999 (926bp)
		This contig is unaligned. (926 bp)
		Unaligned bases: 926  total: 2872905

CONTIG: mira_rep_c996 (776bp)
		This contig is unaligned. (776 bp)
		Unaligned bases: 776  total: 2873681

CONTIG: mira_rep_c997 (698bp)
		This contig is unaligned. (698 bp)
		Unaligned bases: 698  total: 2874379

CONTIG: mira_rep_c994 (1645bp)
		This contig is unaligned. (1645 bp)
		Unaligned bases: 1645  total: 2876024

CONTIG: mira_rep_c995 (783bp)
		This contig is unaligned. (783 bp)
		Unaligned bases: 783  total: 2876807

CONTIG: mira_rep_c992 (837bp)
		This contig is unaligned. (837 bp)
		Unaligned bases: 837  total: 2877644

CONTIG: mira_rep_c993 (1663bp)
		This contig is unaligned. (1663 bp)
		Unaligned bases: 1663  total: 2879307

CONTIG: mira_rep_c990 (819bp)
		This contig is unaligned. (819 bp)
		Unaligned bases: 819  total: 2880126

CONTIG: mira_rep_c991 (1507bp)
		This contig is unaligned. (1507 bp)
		Unaligned bases: 1507  total: 2881633

CONTIG: mira_rep_c1054 (578bp)
		This contig is unaligned. (578 bp)
		Unaligned bases: 578  total: 2882211

CONTIG: mira_c1094 (501bp)
		This contig is unaligned. (501 bp)
		Unaligned bases: 501  total: 2882712

CONTIG: mira_c618 (897bp)
Top Length: 897  Top ID: 100.0
		One align captures most of this contig: 50133 51029 | 1 897 | 897 897 | 100.0 | gi|552530711|ref|NC_007488.2|_Rhodobacter_sphaeroides_2.4.1_plasmid_B__complete_sequence mira_c618

CONTIG: mira_c610 (1444bp)
Top Length: 1444  Top ID: 100.0
		One align captures most of this contig: 103855 105298 | 1444 1 | 1444 1444 | 100.0 | gi|552530711|ref|NC_007488.2|_Rhodobacter_sphaeroides_2.4.1_plasmid_B__complete_sequence mira_c610

CONTIG: mira_c612 (1333bp)
		This contig is unaligned. (1333 bp)
		Unaligned bases: 1333  total: 2884045

CONTIG: mira_c615 (595bp)
		This contig is unaligned. (595 bp)
		Unaligned bases: 595  total: 2884640

CONTIG: mira_c614 (679bp)
		This contig is unaligned. (679 bp)
		Unaligned bases: 679  total: 2885319

CONTIG: mira_rep_c964 (4476bp)
		This contig is unaligned. (4476 bp)
		Unaligned bases: 4476  total: 2889795

CONTIG: mira_c208 (16743bp)
		This contig is unaligned. (16743 bp)
		Unaligned bases: 16743  total: 2906538

CONTIG: mira_c209 (13574bp)
		This contig is unaligned. (13574 bp)
		Unaligned bases: 13574  total: 2920112

CONTIG: mira_c206 (8112bp)
		This contig is unaligned. (8112 bp)
		Unaligned bases: 8112  total: 2928224

CONTIG: mira_c207 (27686bp)
		This contig is unaligned. (27686 bp)
		Unaligned bases: 27686  total: 2955910

CONTIG: mira_c204 (17528bp)
		This contig is unaligned. (17528 bp)
		Unaligned bases: 17528  total: 2973438

CONTIG: mira_c205 (1663bp)
		This contig is unaligned. (1663 bp)
		Unaligned bases: 1663  total: 2975101

CONTIG: mira_c202 (20254bp)
		This contig is unaligned. (20254 bp)
		Unaligned bases: 20254  total: 2995355

CONTIG: mira_c203 (3252bp)
		This contig is unaligned. (3252 bp)
		Unaligned bases: 3252  total: 2998607

CONTIG: mira_c200 (16602bp)
		This contig is unaligned. (16602 bp)
		Unaligned bases: 16602  total: 3015209

CONTIG: mira_c201 (6466bp)
		This contig is unaligned. (6466 bp)
		Unaligned bases: 6466  total: 3021675

CONTIG: mira_c780 (670bp)
		This contig is unaligned. (670 bp)
		Unaligned bases: 670  total: 3022345

CONTIG: mira_c43 (9191bp)
		This contig is unaligned. (9191 bp)
		Unaligned bases: 9191  total: 3031536

CONTIG: mira_c42 (22895bp)
		This contig is unaligned. (22895 bp)
		Unaligned bases: 22895  total: 3054431

CONTIG: mira_c41 (18527bp)
		This contig is unaligned. (18527 bp)
		Unaligned bases: 18527  total: 3072958

CONTIG: mira_c40 (14109bp)
		This contig is unaligned. (14109 bp)
		Unaligned bases: 14109  total: 3087067

CONTIG: mira_c47 (2067bp)
		This contig is unaligned. (2067 bp)
		Unaligned bases: 2067  total: 3089134

CONTIG: mira_c46 (27529bp)
		This contig is unaligned. (27529 bp)
		Unaligned bases: 27529  total: 3116663

CONTIG: mira_c45 (1109bp)
		This contig is unaligned. (1109 bp)
		Unaligned bases: 1109  total: 3117772

CONTIG: mira_c44 (8576bp)
		This contig is unaligned. (8576 bp)
		Unaligned bases: 8576  total: 3126348

CONTIG: mira_c49 (43118bp)
		This contig is unaligned. (43118 bp)
		Unaligned bases: 43118  total: 3169466

CONTIG: mira_c48 (51916bp)
		This contig is unaligned. (51916 bp)
		Unaligned bases: 51916  total: 3221382

CONTIG: mira_c332 (5639bp)
		This contig is unaligned. (5639 bp)
		Unaligned bases: 5639  total: 3227021

CONTIG: mira_c333 (1296bp)
Top Length: 1296  Top ID: 100.0
		One align captures most of this contig: 84951 86246 | 1 1296 | 1296 1296 | 100.0 | gi|552530711|ref|NC_007488.2|_Rhodobacter_sphaeroides_2.4.1_plasmid_B__complete_sequence mira_c333

CONTIG: mira_c330 (1053bp)
		This contig is unaligned. (1053 bp)
		Unaligned bases: 1053  total: 3228074

CONTIG: mira_c331 (2922bp)
		This contig is unaligned. (2922 bp)
		Unaligned bases: 2922  total: 3230996

CONTIG: mira_c336 (604bp)
		This contig is unaligned. (604 bp)
		Unaligned bases: 604  total: 3231600

CONTIG: mira_c337 (1243bp)
Top Length: 1243  Top ID: 100.0
		One align captures most of this contig: 48673 49915 | 1243 1 | 1243 1243 | 100.0 | gi|552530711|ref|NC_007488.2|_Rhodobacter_sphaeroides_2.4.1_plasmid_B__complete_sequence mira_c337

CONTIG: mira_c334 (1093bp)
		This contig is unaligned. (1093 bp)
		Unaligned bases: 1093  total: 3232693

CONTIG: mira_c335 (8354bp)
		This contig is unaligned. (8354 bp)
		Unaligned bases: 8354  total: 3241047

CONTIG: mira_c338 (1307bp)
		This contig is unaligned. (1307 bp)
		Unaligned bases: 1307  total: 3242354

CONTIG: mira_c339 (7986bp)
		This contig is unaligned. (7986 bp)
		Unaligned bases: 7986  total: 3250340

CONTIG: mira_c448 (3904bp)
		This contig is unaligned. (3904 bp)
		Unaligned bases: 3904  total: 3254244

CONTIG: mira_rep_c1455 (584bp)
		This contig is unaligned. (584 bp)
		Unaligned bases: 584  total: 3254828

CONTIG: mira_rep_c1171 (895bp)
		This contig is unaligned. (895 bp)
		Unaligned bases: 895  total: 3255723

CONTIG: mira_rep_c1175 (623bp)
		This contig is unaligned. (623 bp)
		Unaligned bases: 623  total: 3256346

CONTIG: mira_c681 (1383bp)
		This contig is unaligned. (1383 bp)
		Unaligned bases: 1383  total: 3257729

CONTIG: mira_c538 (1675bp)
		This contig is unaligned. (1675 bp)
		Unaligned bases: 1675  total: 3259404

CONTIG: mira_c539 (972bp)
		This contig is unaligned. (972 bp)
		Unaligned bases: 972  total: 3260376

CONTIG: mira_c838 (571bp)
		This contig is unaligned. (571 bp)
		Unaligned bases: 571  total: 3260947

CONTIG: mira_c530 (728bp)
		This contig is unaligned. (728 bp)
		Unaligned bases: 728  total: 3261675

CONTIG: mira_c531 (753bp)
		This contig is unaligned. (753 bp)
		Unaligned bases: 753  total: 3262428

CONTIG: mira_c532 (675bp)
		This contig is unaligned. (675 bp)
		Unaligned bases: 675  total: 3263103

CONTIG: mira_c533 (680bp)
		This contig is unaligned. (680 bp)
		Unaligned bases: 680  total: 3263783

CONTIG: mira_c534 (676bp)
		This contig is unaligned. (676 bp)
		Unaligned bases: 676  total: 3264459

CONTIG: mira_c535 (813bp)
		This contig is unaligned. (813 bp)
		Unaligned bases: 813  total: 3265272

CONTIG: mira_c536 (611bp)
		This contig is unaligned. (611 bp)
		Unaligned bases: 611  total: 3265883

CONTIG: mira_c537 (1000bp)
		This contig is unaligned. (1000 bp)
		Unaligned bases: 1000  total: 3266883

CONTIG: mira_c431 (1448bp)
		This contig is unaligned. (1448 bp)
		Unaligned bases: 1448  total: 3268331

CONTIG: mira_c849 (630bp)
		This contig is unaligned. (630 bp)
		Unaligned bases: 630  total: 3268961

CONTIG: mira_c432 (628bp)
		This contig is unaligned. (628 bp)
		Unaligned bases: 628  total: 3269589

CONTIG: mira_c435 (1748bp)
		This contig is unaligned. (1748 bp)
		Unaligned bases: 1748  total: 3271337

CONTIG: mira_c434 (643bp)
		This contig is unaligned. (643 bp)
		Unaligned bases: 643  total: 3271980

CONTIG: mira_c389 (540bp)
		This contig is unaligned. (540 bp)
		Unaligned bases: 540  total: 3272520

CONTIG: mira_c388 (3466bp)
		This contig is unaligned. (3466 bp)
		Unaligned bases: 3466  total: 3275986

CONTIG: mira_c387 (619bp)
		This contig is unaligned. (619 bp)
		Unaligned bases: 619  total: 3276605

CONTIG: mira_c386 (1210bp)
		This contig is unaligned. (1210 bp)
		Unaligned bases: 1210  total: 3277815

CONTIG: mira_c385 (2442bp)
		This contig is unaligned. (2442 bp)
		Unaligned bases: 2442  total: 3280257

CONTIG: mira_c384 (1965bp)
		This contig is unaligned. (1965 bp)
		Unaligned bases: 1965  total: 3282222

CONTIG: mira_c382 (2198bp)
		This contig is unaligned. (2198 bp)
		Unaligned bases: 2198  total: 3284420

CONTIG: mira_c381 (576bp)
		This contig is unaligned. (576 bp)
		Unaligned bases: 576  total: 3284996

CONTIG: mira_c380 (942bp)
		This contig is unaligned. (942 bp)
		Unaligned bases: 942  total: 3285938

CONTIG: mira_rep_c1008 (738bp)
		This contig is unaligned. (738 bp)
		Unaligned bases: 738  total: 3286676

CONTIG: mira_rep_c1009 (880bp)
		This contig is unaligned. (880 bp)
		Unaligned bases: 880  total: 3287556

CONTIG: mira_rep_c1006 (1307bp)
		This contig is unaligned. (1307 bp)
		Unaligned bases: 1307  total: 3288863

CONTIG: mira_rep_c1007 (991bp)
		This contig is unaligned. (991 bp)
		Unaligned bases: 991  total: 3289854

CONTIG: mira_rep_c1004 (667bp)
		This contig is unaligned. (667 bp)
		Unaligned bases: 667  total: 3290521

CONTIG: mira_rep_c1005 (657bp)
		This contig is unaligned. (657 bp)
		Unaligned bases: 657  total: 3291178

CONTIG: mira_rep_c1002 (1317bp)
		This contig is unaligned. (1317 bp)
		Unaligned bases: 1317  total: 3292495

CONTIG: mira_rep_c1003 (709bp)
		This contig is unaligned. (709 bp)
		Unaligned bases: 709  total: 3293204

CONTIG: mira_rep_c1000 (1442bp)
		This contig is unaligned. (1442 bp)
		Unaligned bases: 1442  total: 3294646

CONTIG: mira_rep_c1001 (662bp)
		This contig is unaligned. (662 bp)
		Unaligned bases: 662  total: 3295308

CONTIG: mira_c655 (716bp)
		This contig is unaligned. (716 bp)
		Unaligned bases: 716  total: 3296024

CONTIG: mira_c158 (27530bp)
		This contig is unaligned. (27530 bp)
		Unaligned bases: 27530  total: 3323554

CONTIG: mira_c159 (4392bp)
		This contig is unaligned. (4392 bp)
		Unaligned bases: 4392  total: 3327946

CONTIG: mira_c650 (2250bp)
		This contig is unaligned. (2250 bp)
		Unaligned bases: 2250  total: 3330196

CONTIG: mira_c653 (720bp)
		This contig is unaligned. (720 bp)
		Unaligned bases: 720  total: 3330916

CONTIG: mira_c152 (12787bp)
		This contig is unaligned. (12787 bp)
		Unaligned bases: 12787  total: 3343703

CONTIG: mira_c153 (562bp)
		This contig is unaligned. (562 bp)
		Unaligned bases: 562  total: 3344265

CONTIG: mira_c150 (33962bp)
		This contig is unaligned. (33962 bp)
		Unaligned bases: 33962  total: 3378227

CONTIG: mira_c151 (1289bp)
		This contig is unaligned. (1289 bp)
		Unaligned bases: 1289  total: 3379516

CONTIG: mira_c156 (8153bp)
		This contig is unaligned. (8153 bp)
		Unaligned bases: 8153  total: 3387669

CONTIG: mira_c157 (2242bp)
		This contig is unaligned. (2242 bp)
		Unaligned bases: 2242  total: 3389911

CONTIG: mira_c154 (13899bp)
		This contig is unaligned. (13899 bp)
		Unaligned bases: 13899  total: 3403810

CONTIG: mira_c155 (6904bp)
		This contig is unaligned. (6904 bp)
		Unaligned bases: 6904  total: 3410714

CONTIG: mira_c378 (1716bp)
		This contig is unaligned. (1716 bp)
		Unaligned bases: 1716  total: 3412430

CONTIG: mira_c379 (1557bp)
		This contig is unaligned. (1557 bp)
		Unaligned bases: 1557  total: 3413987

CONTIG: mira_c376 (561bp)
Top Length: 561  Top ID: 100.0
		One align captures most of this contig: 23536 24096 | 561 1 | 561 561 | 100.0 | gi|552530711|ref|NC_007488.2|_Rhodobacter_sphaeroides_2.4.1_plasmid_B__complete_sequence mira_c376

CONTIG: mira_c377 (2647bp)
		This contig is unaligned. (2647 bp)
		Unaligned bases: 2647  total: 3416634

CONTIG: mira_c375 (1677bp)
		This contig is unaligned. (1677 bp)
		Unaligned bases: 1677  total: 3418311

CONTIG: mira_c373 (523bp)
		This contig is unaligned. (523 bp)
		Unaligned bases: 523  total: 3418834

CONTIG: mira_c370 (1131bp)
		This contig is unaligned. (1131 bp)
		Unaligned bases: 1131  total: 3419965

CONTIG: mira_c371 (1237bp)
		This contig is unaligned. (1237 bp)
		Unaligned bases: 1237  total: 3421202

CONTIG: mira_c276 (2824bp)
Top Length: 2824  Top ID: 100.0
		One align captures most of this contig: 74115 76938 | 1 2824 | 2824 2824 | 100.0 | gi|552530711|ref|NC_007488.2|_Rhodobacter_sphaeroides_2.4.1_plasmid_B__complete_sequence mira_c276

CONTIG: mira_c275 (8773bp)
		This contig is unaligned. (8773 bp)
		Unaligned bases: 8773  total: 3429975

CONTIG: mira_c274 (1222bp)
		This contig is unaligned. (1222 bp)
		Unaligned bases: 1222  total: 3431197

CONTIG: mira_c273 (10533bp)
		This contig is unaligned. (10533 bp)
		Unaligned bases: 10533  total: 3441730

CONTIG: mira_c272 (920bp)
		This contig is unaligned. (920 bp)
		Unaligned bases: 920  total: 3442650

CONTIG: mira_c271 (5524bp)
		This contig is unaligned. (5524 bp)
		Unaligned bases: 5524  total: 3448174

CONTIG: mira_c270 (17987bp)
		This contig is unaligned. (17987 bp)
		Unaligned bases: 17987  total: 3466161

CONTIG: mira_c279 (4048bp)
		This contig is unaligned. (4048 bp)
		Unaligned bases: 4048  total: 3470209

CONTIG: mira_c278 (17328bp)
		This contig is unaligned. (17328 bp)
		Unaligned bases: 17328  total: 3487537

CONTIG: mira_c421 (2035bp)
		This contig is unaligned. (2035 bp)
		Unaligned bases: 2035  total: 3489572

CONTIG: mira_c427 (653bp)
		This contig is unaligned. (653 bp)
		Unaligned bases: 653  total: 3490225

CONTIG: mira_c827 (812bp)
		This contig is unaligned. (812 bp)
		Unaligned bases: 812  total: 3491037

CONTIG: mira_c876 (595bp)
		This contig is unaligned. (595 bp)
		Unaligned bases: 595  total: 3491632

CONTIG: mira_c783 (876bp)
		This contig is unaligned. (876 bp)
		Unaligned bases: 876  total: 3492508

CONTIG: mira_c189 (12377bp)
		This contig is unaligned. (12377 bp)
		Unaligned bases: 12377  total: 3504885

CONTIG: mira_c188 (1119bp)
		This contig is unaligned. (1119 bp)
		Unaligned bases: 1119  total: 3506004

CONTIG: mira_c185 (9205bp)
		This contig is unaligned. (9205 bp)
		Unaligned bases: 9205  total: 3515209

CONTIG: mira_c184 (1679bp)
		This contig is unaligned. (1679 bp)
		Unaligned bases: 1679  total: 3516888

CONTIG: mira_c187 (9732bp)
		This contig is unaligned. (9732 bp)
		Unaligned bases: 9732  total: 3526620

CONTIG: mira_c186 (7428bp)
		This contig is unaligned. (7428 bp)
		Unaligned bases: 7428  total: 3534048

CONTIG: mira_c181 (3512bp)
Top Length: 3512  Top ID: 100.0
		One align captures most of this contig: 105257 108768 | 1 3512 | 3512 3512 | 100.0 | gi|552530711|ref|NC_007488.2|_Rhodobacter_sphaeroides_2.4.1_plasmid_B__complete_sequence mira_c181

CONTIG: mira_c180 (22657bp)
		This contig is unaligned. (22657 bp)
		Unaligned bases: 22657  total: 3556705

CONTIG: mira_c183 (11096bp)
		This contig is unaligned. (11096 bp)
		Unaligned bases: 11096  total: 3567801

CONTIG: mira_c182 (12517bp)
		This contig is unaligned. (12517 bp)
		Unaligned bases: 12517  total: 3580318

CONTIG: mira_c577 (842bp)
		This contig is unaligned. (842 bp)
		Unaligned bases: 842  total: 3581160

CONTIG: mira_c570 (528bp)
		This contig is unaligned. (528 bp)
		Unaligned bases: 528  total: 3581688

CONTIG: mira_c478 (530bp)
		This contig is unaligned. (530 bp)
		Unaligned bases: 530  total: 3582218

CONTIG: mira_c572 (696bp)
		This contig is unaligned. (696 bp)
		Unaligned bases: 696  total: 3582914

CONTIG: mira_c475 (988bp)
		This contig is unaligned. (988 bp)
		Unaligned bases: 988  total: 3583902

CONTIG: mira_c474 (1225bp)
		This contig is unaligned. (1225 bp)
		Unaligned bases: 1225  total: 3585127

CONTIG: mira_c477 (1311bp)
		This contig is unaligned. (1311 bp)
		Unaligned bases: 1311  total: 3586438

CONTIG: mira_c470 (536bp)
		This contig is unaligned. (536 bp)
		Unaligned bases: 536  total: 3586974

CONTIG: mira_c472 (1423bp)
		This contig is unaligned. (1423 bp)
		Unaligned bases: 1423  total: 3588397

CONTIG: mira_c802 (982bp)
		This contig is unaligned. (982 bp)
		Unaligned bases: 982  total: 3589379

CONTIG: mira_c778 (534bp)
		This contig is unaligned. (534 bp)
		Unaligned bases: 534  total: 3589913

CONTIG: mira_c599 (623bp)
		This contig is unaligned. (623 bp)
		Unaligned bases: 623  total: 3590536

CONTIG: mira_rep_c1128 (571bp)
		This contig is unaligned. (571 bp)
		Unaligned bases: 571  total: 3591107

CONTIG: mira_rep_c1049 (600bp)
		This contig is unaligned. (600 bp)
		Unaligned bases: 600  total: 3591707

CONTIG: mira_c597 (517bp)
		This contig is unaligned. (517 bp)
		Unaligned bases: 517  total: 3592224

CONTIG: mira_c579 (946bp)
		This contig is unaligned. (946 bp)
		Unaligned bases: 946  total: 3593170

CONTIG: mira_c693 (585bp)
		This contig is unaligned. (585 bp)
		Unaligned bases: 585  total: 3593755

CONTIG: mira_c699 (1483bp)
		This contig is unaligned. (1483 bp)
		Unaligned bases: 1483  total: 3595238

CONTIG: mira_c116 (13843bp)
		This contig is unaligned. (13843 bp)
		Unaligned bases: 13843  total: 3609081

CONTIG: mira_c117 (28759bp)
		This contig is unaligned. (28759 bp)
		Unaligned bases: 28759  total: 3637840

CONTIG: mira_c114 (6056bp)
		This contig is unaligned. (6056 bp)
		Unaligned bases: 6056  total: 3643896

CONTIG: mira_c115 (15224bp)
		This contig is unaligned. (15224 bp)
		Unaligned bases: 15224  total: 3659120

CONTIG: mira_c112 (4493bp)
		This contig is unaligned. (4493 bp)
		Unaligned bases: 4493  total: 3663613

CONTIG: mira_c113 (7405bp)
		This contig is unaligned. (7405 bp)
		Unaligned bases: 7405  total: 3671018

CONTIG: mira_c110 (3384bp)
		This contig is unaligned. (3384 bp)
		Unaligned bases: 3384  total: 3674402

CONTIG: mira_c111 (1381bp)
		This contig is unaligned. (1381 bp)
		Unaligned bases: 1381  total: 3675783

CONTIG: mira_c508 (690bp)
		This contig is unaligned. (690 bp)
		Unaligned bases: 690  total: 3676473

CONTIG: mira_c118 (23912bp)
		This contig is unaligned. (23912 bp)
		Unaligned bases: 23912  total: 3700385

CONTIG: mira_c119 (12434bp)
		This contig is unaligned. (12434 bp)
		Unaligned bases: 12434  total: 3712819

CONTIG: mira_c444 (1449bp)
		This contig is unaligned. (1449 bp)
		Unaligned bases: 1449  total: 3714268

CONTIG: mira_c445 (3634bp)
		This contig is unaligned. (3634 bp)
		Unaligned bases: 3634  total: 3717902

CONTIG: mira_c446 (1476bp)
Top Length: 1476  Top ID: 100.0
		One align captures most of this contig: 81992 83467 | 1476 1 | 1476 1476 | 100.0 | gi|552530711|ref|NC_007488.2|_Rhodobacter_sphaeroides_2.4.1_plasmid_B__complete_sequence mira_c446

CONTIG: mira_rep_c1041 (530bp)
		This contig is unaligned. (530 bp)
		Unaligned bases: 530  total: 3718432

CONTIG: mira_c440 (1178bp)
Top Length: 94  Top ID: 100.0
		This contig is partially unaligned. (94 out of 1178)
		Alignment: 1475 1568 | 1 94 | 94 94 | 100.0 | gi|552530711|ref|NC_007488.2|_Rhodobacter_sphaeroides_2.4.1_plasmid_B__complete_sequence mira_c440
		Unaligned bases: 95 to 1178 (1084)

CONTIG: mira_c441 (3428bp)
		This contig is unaligned. (3428 bp)
		Unaligned bases: 3428  total: 3721860

CONTIG: mira_c442 (1135bp)
		This contig is unaligned. (1135 bp)
		Unaligned bases: 1135  total: 3722995

CONTIG: mira_c443 (4077bp)
		This contig is unaligned. (4077 bp)
		Unaligned bases: 4077  total: 3727072

CONTIG: mira_c8 (27507bp)
		This contig is unaligned. (27507 bp)
		Unaligned bases: 27507  total: 3754579

CONTIG: mira_c9 (18568bp)
		This contig is unaligned. (18568 bp)
		Unaligned bases: 18568  total: 3773147

CONTIG: mira_c2 (5527bp)
Top Length: 5527  Top ID: 99.98
		One align captures most of this contig: 24874 30400 | 5527 1 | 5527 5527 | 99.98 | gi|552530711|ref|NC_007488.2|_Rhodobacter_sphaeroides_2.4.1_plasmid_B__complete_sequence mira_c2

CONTIG: mira_c3 (4734bp)
		This contig is unaligned. (4734 bp)
		Unaligned bases: 4734  total: 3777881

CONTIG: mira_c1 (16512bp)
		This contig is unaligned. (16512 bp)
		Unaligned bases: 16512  total: 3794393

CONTIG: mira_c6 (17052bp)
		This contig is unaligned. (17052 bp)
		Unaligned bases: 17052  total: 3811445

CONTIG: mira_c7 (27456bp)
		This contig is unaligned. (27456 bp)
		Unaligned bases: 27456  total: 3838901

CONTIG: mira_c4 (38216bp)
		This contig is unaligned. (38216 bp)
		Unaligned bases: 38216  total: 3877117

CONTIG: mira_c5 (5257bp)
		This contig is unaligned. (5257 bp)
		Unaligned bases: 5257  total: 3882374

CONTIG: mira_c233 (3173bp)
		This contig is unaligned. (3173 bp)
		Unaligned bases: 3173  total: 3885547

CONTIG: mira_c232 (7894bp)
		This contig is unaligned. (7894 bp)
		Unaligned bases: 7894  total: 3893441

CONTIG: mira_c231 (4134bp)
		This contig is unaligned. (4134 bp)
		Unaligned bases: 4134  total: 3897575

CONTIG: mira_c230 (10109bp)
		This contig is unaligned. (10109 bp)
		Unaligned bases: 10109  total: 3907684

CONTIG: mira_c237 (570bp)
		This contig is unaligned. (570 bp)
		Unaligned bases: 570  total: 3908254

CONTIG: mira_c236 (6946bp)
		This contig is unaligned. (6946 bp)
		Unaligned bases: 6946  total: 3915200

CONTIG: mira_c235 (8276bp)
		This contig is unaligned. (8276 bp)
		Unaligned bases: 8276  total: 3923476

CONTIG: mira_c234 (1503bp)
		This contig is unaligned. (1503 bp)
		Unaligned bases: 1503  total: 3924979

CONTIG: mira_c239 (8352bp)
		This contig is unaligned. (8352 bp)
		Unaligned bases: 8352  total: 3933331

CONTIG: mira_c238 (967bp)
		This contig is unaligned. (967 bp)
		Unaligned bases: 967  total: 3934298

CONTIG: mira_c715 (1024bp)
		This contig is unaligned. (1024 bp)
		Unaligned bases: 1024  total: 3935322

CONTIG: mira_c76 (13301bp)
		This contig is unaligned. (13301 bp)
		Unaligned bases: 13301  total: 3948623

CONTIG: mira_c77 (24645bp)
		This contig is unaligned. (24645 bp)
		Unaligned bases: 24645  total: 3973268

CONTIG: mira_c74 (21159bp)
		This contig is unaligned. (21159 bp)
		Unaligned bases: 21159  total: 3994427

CONTIG: mira_c75 (22679bp)
		This contig is unaligned. (22679 bp)
		Unaligned bases: 22679  total: 4017106

CONTIG: mira_c72 (33214bp)
		This contig is unaligned. (33214 bp)
		Unaligned bases: 33214  total: 4050320

CONTIG: mira_c73 (4715bp)
		This contig is unaligned. (4715 bp)
		Unaligned bases: 4715  total: 4055035

CONTIG: mira_c70 (23747bp)
		This contig is unaligned. (23747 bp)
		Unaligned bases: 23747  total: 4078782

CONTIG: mira_c71 (681bp)
		This contig is unaligned. (681 bp)
		Unaligned bases: 681  total: 4079463

CONTIG: mira_c78 (16858bp)
		This contig is unaligned. (16858 bp)
		Unaligned bases: 16858  total: 4096321

CONTIG: mira_c79 (3944bp)
		This contig is unaligned. (3944 bp)
		Unaligned bases: 3944  total: 4100265

CONTIG: mira_c307 (1275bp)
		This contig is unaligned. (1275 bp)
		Unaligned bases: 1275  total: 4101540

CONTIG: mira_c306 (1198bp)
Top Length: 1198  Top ID: 100.0
		One align captures most of this contig: 102359 103556 | 1 1198 | 1198 1198 | 100.0 | gi|552530711|ref|NC_007488.2|_Rhodobacter_sphaeroides_2.4.1_plasmid_B__complete_sequence mira_c306

CONTIG: mira_c304 (950bp)
		This contig is unaligned. (950 bp)
		Unaligned bases: 950  total: 4102490

CONTIG: mira_c303 (5528bp)
Top Length: 5528  Top ID: 99.96
		One align captures most of this contig: 42490 48018 | 1 5528 | 5529 5528 | 99.96 | gi|552530711|ref|NC_007488.2|_Rhodobacter_sphaeroides_2.4.1_plasmid_B__complete_sequence mira_c303

CONTIG: mira_c302 (12057bp)
		This contig is unaligned. (12057 bp)
		Unaligned bases: 12057  total: 4114547

CONTIG: mira_c301 (14256bp)
		This contig is unaligned. (14256 bp)
		Unaligned bases: 14256  total: 4128803

CONTIG: mira_c300 (4372bp)
		This contig is unaligned. (4372 bp)
		Unaligned bases: 4372  total: 4133175

CONTIG: mira_c732 (998bp)
		This contig is unaligned. (998 bp)
		Unaligned bases: 998  total: 4134173

CONTIG: mira_c309 (1526bp)
		This contig is unaligned. (1526 bp)
		Unaligned bases: 1526  total: 4135699

CONTIG: mira_c308 (8986bp)
		This contig is unaligned. (8986 bp)
		Unaligned bases: 8986  total: 4144685

CONTIG: mira_c350 (3197bp)
Top Length: 3197  Top ID: 100.0
		One align captures most of this contig: 90543 93739 | 3197 1 | 3197 3197 | 100.0 | gi|552530711|ref|NC_007488.2|_Rhodobacter_sphaeroides_2.4.1_plasmid_B__complete_sequence mira_c350

CONTIG: mira_c1110 (780bp)
		This contig is unaligned. (780 bp)
		Unaligned bases: 780  total: 4145465

CONTIG: mira_c1112 (1019bp)
		This contig is unaligned. (1019 bp)
		Unaligned bases: 1019  total: 4146484

CONTIG: mira_c497 (2112bp)
		This contig is unaligned. (2112 bp)
		Unaligned bases: 2112  total: 4148596

CONTIG: mira_c496 (843bp)
Top Length: 843  Top ID: 100.0
		One align captures most of this contig: 108685 109527 | 1 843 | 843 843 | 100.0 | gi|552530711|ref|NC_007488.2|_Rhodobacter_sphaeroides_2.4.1_plasmid_B__complete_sequence mira_c496

CONTIG: mira_c495 (2848bp)
		This contig is unaligned. (2848 bp)
		Unaligned bases: 2848  total: 4151444

CONTIG: mira_c494 (536bp)
		This contig is unaligned. (536 bp)
		Unaligned bases: 536  total: 4151980

CONTIG: mira_c493 (582bp)
		This contig is unaligned. (582 bp)
		Unaligned bases: 582  total: 4152562

CONTIG: mira_c490 (557bp)
		This contig is unaligned. (557 bp)
		Unaligned bases: 557  total: 4153119

CONTIG: mira_c548 (1133bp)
		This contig is unaligned. (1133 bp)
		Unaligned bases: 1133  total: 4154252

CONTIG: mira_c358 (1134bp)
		This contig is unaligned. (1134 bp)
		Unaligned bases: 1134  total: 4155386

CONTIG: mira_c546 (822bp)
		This contig is unaligned. (822 bp)
		Unaligned bases: 822  total: 4156208

CONTIG: mira_c541 (822bp)
Top Length: 822  Top ID: 100.0
		One align captures most of this contig: 89374 90195 | 1 822 | 822 822 | 100.0 | gi|552530711|ref|NC_007488.2|_Rhodobacter_sphaeroides_2.4.1_plasmid_B__complete_sequence mira_c541

CONTIG: mira_c540 (2416bp)
		This contig is unaligned. (2416 bp)
		Unaligned bases: 2416  total: 4158624

CONTIG: mira_c543 (519bp)
		This contig is unaligned. (519 bp)
		Unaligned bases: 519  total: 4159143

CONTIG: mira_c359 (4138bp)
		This contig is unaligned. (4138 bp)
		Unaligned bases: 4138  total: 4163281

CONTIG: mira_c390 (1912bp)
		This contig is unaligned. (1912 bp)
		Unaligned bases: 1912  total: 4165193

CONTIG: mira_c391 (2400bp)
		This contig is unaligned. (2400 bp)
		Unaligned bases: 2400  total: 4167593

CONTIG: mira_c420 (994bp)
		This contig is unaligned. (994 bp)
		Unaligned bases: 994  total: 4168587

CONTIG: mira_c393 (926bp)
Top Length: 926  Top ID: 100.0
		One align captures most of this contig: 34199 35124 | 926 1 | 926 926 | 100.0 | gi|552530711|ref|NC_007488.2|_Rhodobacter_sphaeroides_2.4.1_plasmid_B__complete_sequence mira_c393

CONTIG: mira_c426 (1239bp)
Top Length: 1239  Top ID: 99.92
		One align captures most of this contig: 54259 55497 | 1239 1 | 1239 1239 | 99.92 | gi|552530711|ref|NC_007488.2|_Rhodobacter_sphaeroides_2.4.1_plasmid_B__complete_sequence mira_c426

CONTIG: mira_c395 (843bp)
		This contig is unaligned. (843 bp)
		Unaligned bases: 843  total: 4169430

CONTIG: mira_c424 (5682bp)
		This contig is unaligned. (5682 bp)
		Unaligned bases: 5682  total: 4175112

CONTIG: mira_c425 (1600bp)
Top Length: 1600  Top ID: 100.0
		One align captures most of this contig: 100695 102294 | 1600 1 | 1600 1600 | 100.0 | gi|552530711|ref|NC_007488.2|_Rhodobacter_sphaeroides_2.4.1_plasmid_B__complete_sequence mira_c425

CONTIG: mira_c398 (2654bp)
		This contig is unaligned. (2654 bp)
		Unaligned bases: 2654  total: 4177766

CONTIG: mira_c399 (722bp)
Top Length: 722  Top ID: 100.0
		One align captures most of this contig: 21496 22217 | 1 722 | 722 722 | 100.0 | gi|552530711|ref|NC_007488.2|_Rhodobacter_sphaeroides_2.4.1_plasmid_B__complete_sequence mira_c399

CONTIG: mira_c429 (1127bp)
		This contig is unaligned. (1127 bp)
		Unaligned bases: 1127  total: 4178893

CONTIG: mira_rep_c1019 (669bp)
		This contig is unaligned. (669 bp)
		Unaligned bases: 669  total: 4179562

CONTIG: mira_rep_c1018 (620bp)
		This contig is unaligned. (620 bp)
		Unaligned bases: 620  total: 4180182

CONTIG: mira_rep_c1015 (655bp)
		This contig is unaligned. (655 bp)
		Unaligned bases: 655  total: 4180837

CONTIG: mira_rep_c1014 (899bp)
		This contig is unaligned. (899 bp)
		Unaligned bases: 899  total: 4181736

CONTIG: mira_rep_c1017 (551bp)
		This contig is unaligned. (551 bp)
		Unaligned bases: 551  total: 4182287

CONTIG: mira_c641 (1879bp)
		This contig is unaligned. (1879 bp)
		Unaligned bases: 1879  total: 4184166

CONTIG: mira_rep_c1011 (734bp)
		This contig is unaligned. (734 bp)
		Unaligned bases: 734  total: 4184900

CONTIG: mira_rep_c1010 (665bp)
		This contig is unaligned. (665 bp)
		Unaligned bases: 665  total: 4185565

CONTIG: mira_rep_c1013 (1094bp)
		This contig is unaligned. (1094 bp)
		Unaligned bases: 1094  total: 4186659

CONTIG: mira_rep_c1012 (723bp)
		This contig is unaligned. (723 bp)
		Unaligned bases: 723  total: 4187382

CONTIG: mira_rep_c958 (13094bp)
Top Length: 1567  Top ID: 99.17
		This contig is partially unaligned. (1567 out of 13094)
		Alignment: 1 1568 | 9208 7642 | 1568 1567 | 99.17 | gi|552530711|ref|NC_007488.2|_Rhodobacter_sphaeroides_2.4.1_plasmid_B__complete_sequence mira_rep_c958
		Unaligned bases: 1 to 7641 (7641)
		Unaligned bases: 9209 to 13094 (3886)
		This contig has both significant aligned and unaligned parts (of length >= min-contig)!

CONTIG: mira_rep_c959 (5925bp)
		This contig is unaligned. (5925 bp)
		Unaligned bases: 5925  total: 4193307

CONTIG: mira_rep_c1066 (633bp)
		This contig is unaligned. (633 bp)
		Unaligned bases: 633  total: 4193940

CONTIG: mira_c647 (679bp)
		This contig is unaligned. (679 bp)
		Unaligned bases: 679  total: 4194619

CONTIG: mira_rep_c1083 (899bp)
		This contig is unaligned. (899 bp)
		Unaligned bases: 899  total: 4195518

CONTIG: mira_c169 (1204bp)
		This contig is unaligned. (1204 bp)
		Unaligned bases: 1204  total: 4196722

CONTIG: mira_c168 (44061bp)
		This contig is unaligned. (44061 bp)
		Unaligned bases: 44061  total: 4240783

CONTIG: mira_c167 (13091bp)
		This contig is unaligned. (13091 bp)
		Unaligned bases: 13091  total: 4253874

CONTIG: mira_c166 (12442bp)
		This contig is unaligned. (12442 bp)
		Unaligned bases: 12442  total: 4266316

CONTIG: mira_c165 (10362bp)
		This contig is unaligned. (10362 bp)
		Unaligned bases: 10362  total: 4276678

CONTIG: mira_c164 (2756bp)
Top Length: 2756  Top ID: 100.0
		One align captures most of this contig: 111422 114177 | 1 2756 | 2756 2756 | 100.0 | gi|552530711|ref|NC_007488.2|_Rhodobacter_sphaeroides_2.4.1_plasmid_B__complete_sequence mira_c164

CONTIG: mira_c163 (23914bp)
		This contig is unaligned. (23914 bp)
		Unaligned bases: 23914  total: 4300592

CONTIG: mira_c162 (24020bp)
		This contig is unaligned. (24020 bp)
		Unaligned bases: 24020  total: 4324612

CONTIG: mira_c161 (14985bp)
		This contig is unaligned. (14985 bp)
		Unaligned bases: 14985  total: 4339597

CONTIG: mira_c160 (25125bp)
		This contig is unaligned. (25125 bp)
		Unaligned bases: 25125  total: 4364722

Analyzing coverage...
Writing SNPs into /usit/invitro/data/galaxy/master/sabbai/galaxy-dist/database/job_working_directory/000/727/dataset_764_files/contigs_reports/nucmer_output/RS-H-Mira.used_snps
	Reference gi|552530711|ref|NC_007488.2|_Rhodobacter_sphaeroides_2.4.1_plasmid_B__complete_sequence: 54 total alignments. 1 total regions.
		Region: 1 to 114179 (114179 bp)
			Align 1: 1 1568 mira_rep_c958 9208 7642
				Negative gap (overlap) between this and next alignment: 1568 to 1474 (-94 bp)
				Next Alignment: 1474 1569 mira_c175 7504 7409

			Previous gap was negative, modifying coordinates to ignore overlap
				Moving contig start from 7504 to 7409.
			Align 2: 1569 1569 mira_c175 7409 7409
				Negative gap (overlap) between this and next alignment: 1569 to 1474 (-95 bp)
				Next Alignment: 1474 2631 mira_c365 1 1158

			Previous gap was negative, modifying coordinates to ignore overlap
				Moving contig start from 1 to 97.
			Align 3: 1570 2631 mira_c365 97 1158
				The next alignment (1475 1568 mira_c440 1 94) is redundant. Skipping.
				Gap between this and next alignment: 2631 to 3034 (402 bp)
				Next Alignment: 3034 8003 mira_c292 1 4970

			Align 5: 3034 8003 mira_c292 1 4970
				Negative gap (overlap) between this and next alignment: 8003 to 7910 (-93 bp)
				Next Alignment: 7910 13637 mira_c251 5728 1

			Previous gap was negative, modifying coordinates to ignore overlap
				Moving contig start from 5728 to 5634.
			Align 6: 8004 13637 mira_c251 5634 1
				Gap between this and next alignment: 13637 to 13854 (216 bp)
				Next Alignment: 13854 14828 mira_c522 1 975

			Align 7: 13854 14828 mira_c522 1 975
				Gap between this and next alignment: 14828 to 14871 (42 bp)
				Next Alignment: 14871 19021 mira_c143 1 4151

			Align 8: 14871 19021 mira_c143 1 4151
				Negative gap (overlap) between this and next alignment: 19021 to 18955 (-66 bp)
				Next Alignment: 18955 19886 mira_c402 1 932

			Previous gap was negative, modifying coordinates to ignore overlap
				Moving contig start from 1 to 68.
			Align 9: 19022 19886 mira_c402 68 932
				Negative gap (overlap) between this and next alignment: 19886 to 19857 (-29 bp)
				Next Alignment: 19857 20402 mira_c415 546 1

			Previous gap was negative, modifying coordinates to ignore overlap
				Moving contig start from 546 to 516.
			Align 10: 19887 20402 mira_c415 516 1
				Negative gap (overlap) between this and next alignment: 20402 to 20388 (-14 bp)
				Next Alignment: 20388 21137 mira_c480 1 750

			Previous gap was negative, modifying coordinates to ignore overlap
				Moving contig start from 1 to 16.
			Align 11: 20403 21137 mira_c480 16 750
				Gap between this and next alignment: 21137 to 21496 (358 bp)
				Next Alignment: 21496 22217 mira_c399 1 722

			Align 12: 21496 22217 mira_c399 1 722
				Negative gap (overlap) between this and next alignment: 22217 to 22126 (-91 bp)
				Next Alignment: 22126 22662 mira_c520 1 537

			Previous gap was negative, modifying coordinates to ignore overlap
				Moving contig start from 1 to 93.
			Align 13: 22218 22662 mira_c520 93 537
				Gap between this and next alignment: 22662 to 22682 (19 bp)
				Next Alignment: 22682 23630 mira_c246 1 949

			Align 14: 22682 23630 mira_c246 1 949
				Negative gap (overlap) between this and next alignment: 23630 to 23536 (-94 bp)
				Next Alignment: 23536 24096 mira_c376 561 1

			Previous gap was negative, modifying coordinates to ignore overlap
				Moving contig start from 561 to 466.
			Align 15: 23631 24096 mira_c376 466 1
				Gap between this and next alignment: 24096 to 24874 (777 bp)
				Next Alignment: 24874 30400 mira_c2 5527 1

			Align 16: 24874 30400 mira_c2 5527 1
				Negative gap (overlap) between this and next alignment: 30400 to 30308 (-92 bp)
				Next Alignment: 30308 30841 mira_c625 1 534

			Previous gap was negative, modifying coordinates to ignore overlap
				Moving contig start from 1 to 94.
			Align 17: 30401 30841 mira_c625 94 534
				Gap between this and next alignment: 30841 to 31892 (1050 bp)
				Next Alignment: 31892 34282 mira_c193 1 2391

			Align 18: 31892 34282 mira_c193 1 2391
				Negative gap (overlap) between this and next alignment: 34282 to 34199 (-83 bp)
				Next Alignment: 34199 35124 mira_c393 926 1

			Previous gap was negative, modifying coordinates to ignore overlap
				Moving contig start from 926 to 842.
			Align 19: 34283 35124 mira_c393 842 1
				Gap between this and next alignment: 35124 to 35479 (354 bp)
				Next Alignment: 35479 39886 mira_c284 4408 1

			Align 20: 35479 39886 mira_c284 4408 1
				Negative gap (overlap) between this and next alignment: 39886 to 39823 (-63 bp)
				Next Alignment: 39823 40374 mira_c439 1 552

			Previous gap was negative, modifying coordinates to ignore overlap
				Moving contig start from 1 to 65.
			Align 21: 39887 40374 mira_c439 65 552
				Negative gap (overlap) between this and next alignment: 40374 to 40335 (-39 bp)
				Next Alignment: 40335 42584 mira_c361 2250 1

			Previous gap was negative, modifying coordinates to ignore overlap
				Moving contig start from 2250 to 2210.
			Align 22: 40375 42584 mira_c361 2210 1
				Negative gap (overlap) between this and next alignment: 42584 to 42490 (-94 bp)
				Next Alignment: 42490 48018 mira_c303 1 5528

			Previous gap was negative, modifying coordinates to ignore overlap
				Moving contig start from 1 to 96.
			Align 23: 42585 48018 mira_c303 96 5528
				Gap between this and next alignment: 48018 to 48673 (654 bp)
				Next Alignment: 48673 49915 mira_c337 1243 1

			Align 24: 48673 49915 mira_c337 1243 1
				Gap between this and next alignment: 49915 to 50133 (217 bp)
				Next Alignment: 50133 51029 mira_c618 1 897

			Align 25: 50133 51029 mira_c618 1 897
				Negative gap (overlap) between this and next alignment: 51029 to 50995 (-34 bp)
				Next Alignment: 50995 54352 mira_c27 1 3358

			Previous gap was negative, modifying coordinates to ignore overlap
				Moving contig start from 1 to 36.
			Align 26: 51030 54352 mira_c27 36 3358
				Negative gap (overlap) between this and next alignment: 54352 to 54259 (-93 bp)
				Next Alignment: 54259 55497 mira_c426 1239 1

			Previous gap was negative, modifying coordinates to ignore overlap
				Moving contig start from 1239 to 1145.
			Align 27: 54353 55497 mira_c426 1145 1
				Negative gap (overlap) between this and next alignment: 55497 to 55459 (-38 bp)
				Next Alignment: 55459 56850 mira_c363 1 1392

			Previous gap was negative, modifying coordinates to ignore overlap
				Moving contig start from 1 to 40.
			Align 28: 55498 56850 mira_c363 40 1392
				Gap between this and next alignment: 56850 to 56934 (83 bp)
				Next Alignment: 56934 61828 mira_c227 4895 1

			Align 29: 56934 61828 mira_c227 4895 1
				Gap between this and next alignment: 61828 to 62374 (545 bp)
				Next Alignment: 62374 63567 mira_c565 1194 1

			Align 30: 62374 63567 mira_c565 1194 1
				Gap between this and next alignment: 63567 to 63601 (33 bp)
				Next Alignment: 63601 65295 mira_c247 1 1695

			Align 31: 63601 65295 mira_c247 1 1695
				Next Alignment: 65296 68338 mira_c226 1 3043

			Align 32: 65296 68338 mira_c226 1 3043
				Gap between this and next alignment: 68338 to 68559 (220 bp)
				Next Alignment: 68559 70310 mira_c343 1 1752

			Align 33: 68559 70310 mira_c343 1 1752
				Negative gap (overlap) between this and next alignment: 70310 to 70266 (-44 bp)
				Next Alignment: 70266 74188 mira_c241 3923 1

			Previous gap was negative, modifying coordinates to ignore overlap
				Moving contig start from 3923 to 3878.
			Align 34: 70311 74188 mira_c241 3878 1
				Negative gap (overlap) between this and next alignment: 74188 to 74115 (-73 bp)
				Next Alignment: 74115 76938 mira_c276 1 2824

			Previous gap was negative, modifying coordinates to ignore overlap
				Moving contig start from 1 to 75.
			Align 35: 74189 76938 mira_c276 75 2824
				Negative gap (overlap) between this and next alignment: 76938 to 76860 (-78 bp)
				Next Alignment: 76860 80657 mira_c322 1 3798

			Previous gap was negative, modifying coordinates to ignore overlap
				Moving contig start from 1 to 80.
			Align 36: 76939 80657 mira_c322 80 3798
				Negative gap (overlap) between this and next alignment: 80657 to 80598 (-59 bp)
				Next Alignment: 80598 82066 mira_c244 1 1469

			Previous gap was negative, modifying coordinates to ignore overlap
				Moving contig start from 1 to 61.
			Align 37: 80658 82066 mira_c244 61 1469
				Negative gap (overlap) between this and next alignment: 82066 to 81992 (-74 bp)
				Next Alignment: 81992 83467 mira_c446 1476 1

			Previous gap was negative, modifying coordinates to ignore overlap
				Moving contig start from 1476 to 1401.
			Align 38: 82067 83467 mira_c446 1401 1
				Negative gap (overlap) between this and next alignment: 83467 to 83453 (-14 bp)
				Next Alignment: 83453 84845 mira_c243 1393 1

			Previous gap was negative, modifying coordinates to ignore overlap
				Moving contig start from 1393 to 1378.
			Align 39: 83468 84845 mira_c243 1378 1
				Gap between this and next alignment: 84845 to 84951 (105 bp)
				Next Alignment: 84951 86246 mira_c333 1 1296

			Align 40: 84951 86246 mira_c333 1 1296
				Negative gap (overlap) between this and next alignment: 86246 to 86205 (-41 bp)
				Next Alignment: 86205 87791 mira_c311 1 1587

			Previous gap was negative, modifying coordinates to ignore overlap
				Moving contig start from 1 to 43.
			Align 41: 86247 87791 mira_c311 43 1587
				Negative gap (overlap) between this and next alignment: 87791 to 87762 (-29 bp)
				Next Alignment: 87762 89450 mira_c465 1689 1

			Previous gap was negative, modifying coordinates to ignore overlap
				Moving contig start from 1689 to 1659.
			Align 42: 87792 89450 mira_c465 1659 1
				Negative gap (overlap) between this and next alignment: 89450 to 89374 (-76 bp)
				Next Alignment: 89374 90195 mira_c541 1 822

			Previous gap was negative, modifying coordinates to ignore overlap
				Moving contig start from 1 to 78.
			Align 43: 89451 90195 mira_c541 78 822
				Gap between this and next alignment: 90195 to 90543 (347 bp)
				Next Alignment: 90543 93739 mira_c350 3197 1

			Align 44: 90543 93739 mira_c350 3197 1
				Negative gap (overlap) between this and next alignment: 93739 to 93681 (-58 bp)
				Next Alignment: 93681 97053 mira_c147 1 3373

			Previous gap was negative, modifying coordinates to ignore overlap
				Moving contig start from 1 to 60.
			Align 45: 93740 97053 mira_c147 60 3373
				Negative gap (overlap) between this and next alignment: 97053 to 97005 (-48 bp)
				Next Alignment: 97005 99355 mira_c316 2351 1

			Previous gap was negative, modifying coordinates to ignore overlap
				Moving contig start from 2351 to 2302.
			Align 46: 97054 99355 mira_c316 2302 1
				Negative gap (overlap) between this and next alignment: 99355 to 99314 (-41 bp)
				Next Alignment: 99314 100496 mira_c289 1 1183

			Previous gap was negative, modifying coordinates to ignore overlap
				Moving contig start from 1 to 43.
			Align 47: 99356 100496 mira_c289 43 1183
				Gap between this and next alignment: 100496 to 100695 (198 bp)
				Next Alignment: 100695 102294 mira_c425 1600 1

			Align 48: 100695 102294 mira_c425 1600 1
				Gap between this and next alignment: 102294 to 102359 (64 bp)
				Next Alignment: 102359 103556 mira_c306 1 1198

			Align 49: 102359 103556 mira_c306 1 1198
				Gap between this and next alignment: 103556 to 103855 (298 bp)
				Next Alignment: 103855 105298 mira_c610 1444 1

			Align 50: 103855 105298 mira_c610 1444 1
				Negative gap (overlap) between this and next alignment: 105298 to 105257 (-41 bp)
				Next Alignment: 105257 108768 mira_c181 1 3512

			Previous gap was negative, modifying coordinates to ignore overlap
				Moving contig start from 1 to 43.
			Align 51: 105299 108768 mira_c181 43 3512
				Negative gap (overlap) between this and next alignment: 108768 to 108685 (-83 bp)
				Next Alignment: 108685 109527 mira_c496 1 843

			Previous gap was negative, modifying coordinates to ignore overlap
				Moving contig start from 1 to 85.
			Align 52: 108769 109527 mira_c496 85 843
				Gap between this and next alignment: 109527 to 109607 (79 bp)
				Next Alignment: 109607 110837 mira_c268 1 1231

			Align 53: 109607 110837 mira_c268 1 1231
				Gap between this and next alignment: 110837 to 111422 (584 bp)
				Next Alignment: 111422 114177 mira_c164 1 2756

			Align 54: 111422 114177 mira_c164 1 2756
			END in gap: 114177 to 114179 (2 bp)

Analysis is finished!
Founded SNPs were written into /usit/invitro/data/galaxy/master/sabbai/galaxy-dist/database/job_working_directory/000/727/dataset_764_files/contigs_reports/nucmer_output/RS-H-Mira.used_snps

Results:
	Local Misassemblies: 0
	Misassemblies: 0
		Relocations: 0
		Translocations: 0
		Inversions: 0
	Misassembled Contigs: 0
	Misassembled Contig Bases: 0
	Misassmblies Inter-Contig Overlap: 0
Uncovered Regions: 0 (0)
Unaligned Contigs: 586 + 3 part
Partially Unaligned Contigs with Misassemblies: 0
Unaligned Contig Bases: 4384741

Ambiguously Mapped Contigs: 0
Total Bases in Ambiguously Mapped Contigs: 0
Note that --allow-ambiguity option was set to "one" and only first alignment per each contig was used.

	Covered Bases: 107532

	SNPs: 10
	Insertions: 1
	Deletions: 3

	Positive Gaps: 22
		Internal Gaps:  0
		External Gaps:  22
		External Gap Total:  6647
		External Gap Average: 302
	Negative Gaps: 30
		Internal Overlaps:  0
		External Overlaps:  30
		External Overlaps Total: -1871
		External Overlaps Average: -62
	Contigs with Redundant Alignments: 1 (94)
