/usit/invitro/data/galaxy/master/sabbai/galaxy-dist/tools/comparative_assembly_statistics/quast-2.2/quast.py -o /usit/invitro/data/galaxy/master/sabbai/galaxy-dist/database/job_working_directory/001/1800/dataset_1882_files/AH1 -R /usit/invitro/data/galaxy/master/sabbai/galaxy-dist/database/job_working_directory/001/1800/dataset_1882_files/AH1.fna -l cabog --scaffolds /usit/invitro/data/galaxy/master/sabbai/galaxy-dist/database/files/000/dataset_585.dat

Version 2.2, build 19.07.2013 21:21


System information:
  OS: Linux-2.6.18-371.el5-x86_64-with-redhat-5.10-Tikanga
  Python version: 2.7.0
  CPUs number: 64

Started: 2014-05-04 22:58:13

Logging to /usit/invitro/data/galaxy/master/sabbai/galaxy-dist/database/job_working_directory/001/1800/dataset_1882_files/AH1/quast.log

NOTICE: Output directory already exists. Existing Nucmer alignments can be used.

NOTICE: Maximum number of threads is set to 64 (use --threads option to set it manually)

Reference:
  /usit/invitro/data/galaxy/master/sabbai/galaxy-dist/database/job_working_directory/001/1800/dataset_1882_files/AH1.fna ==> AH1

Contigs:
  /usit/invitro/data/galaxy/master/sabbai/galaxy-dist/database/files/000/dataset_585.dat ==> cabog
  breaking scaffolds into contigs:
      2389 scaffolds (cabog) were broken into 167 contigs (cabog_broken)

2014-05-04 22:58:15
Running Basic statistics processor...
  Reference genome:
    AH1.fna, Reference length = 4742394, Reference GC % = 61.55
  Contig files: 
    1  cabog broken
    2  cabog
  Calculating N50 and L50...
    1  cabog broken, N50 = 237457, L50 = 7, Total length = 4967765, GC % = 61.54, # N's per 100 kbp =  0.02
    2  cabog, N50 = 268392, L50 = 6, Total length = 4969781, GC % = 61.53, # N's per 100 kbp =  9.88
  Drawing cumulative plot...
    saved to /usit/invitro/data/galaxy/master/sabbai/galaxy-dist/database/job_working_directory/001/1800/dataset_1882_files/AH1/basic_stats/cumulative_plot.pdf
  Drawing GC content plot...
    saved to /usit/invitro/data/galaxy/master/sabbai/galaxy-dist/database/job_working_directory/001/1800/dataset_1882_files/AH1/basic_stats/GC_content_plot.pdf
  Drawing Nx plot...
    saved to /usit/invitro/data/galaxy/master/sabbai/galaxy-dist/database/job_working_directory/001/1800/dataset_1882_files/AH1/basic_stats/Nx_plot.pdf
  Drawing NGx plot...
    saved to /usit/invitro/data/galaxy/master/sabbai/galaxy-dist/database/job_working_directory/001/1800/dataset_1882_files/AH1/basic_stats/NGx_plot.pdf
Done.

2014-05-04 22:58:18
Running Contig analyzer...
  1  cabog broken
  1  Logging to files /usit/invitro/data/galaxy/master/sabbai/galaxy-dist/database/job_working_directory/001/1800/dataset_1882_files/AH1/contigs_reports/contigs_report_cabog_broken.stdout and contigs_report_cabog_broken.stderr...
  2  cabog
  2  Logging to files /usit/invitro/data/galaxy/master/sabbai/galaxy-dist/database/job_working_directory/001/1800/dataset_1882_files/AH1/contigs_reports/contigs_report_cabog.stdout and contigs_report_cabog.stderr...
  1  Running Nucmer... 
  2  Running Nucmer... 
/usit/invitro/data/galaxy/master/sabbai/galaxy-dist/database/job_working_directory/001/1800/dataset_1882_files/AH1/contigs_reports/alignments_cabog.tsv
  2774 Analysis is finished.
/usit/invitro/data/galaxy/master/sabbai/galaxy-dist/database/job_working_directory/001/1800/dataset_1882_files/AH1/contigs_reports/alignments_cabog_broken.tsv
  20244 Analysis is finished.
  Creating total report...
    saved to /usit/invitro/data/galaxy/master/sabbai/galaxy-dist/database/job_working_directory/001/1800/dataset_1882_files/AH1/contigs_reports/misassemblies_report.txt, misassemblies_report.tsv, and misassemblies_report.tex
  Creating total report...
    saved to /usit/invitro/data/galaxy/master/sabbai/galaxy-dist/database/job_working_directory/001/1800/dataset_1882_files/AH1/contigs_reports/unaligned_report.txt, unaligned_report.tsv, and unaligned_report.tex
Done.

2014-05-04 22:59:12
Running NA-NGA calculation...
  Calculating NA50 and NGA50...
    1  cabog broken, Largest alignment = 52419, NA50 = None, NGA50 = None, LA50 = None, LGA50 = None
    2  cabog, Largest alignment = 52419, NA50 = None, NGA50 = None, LA50 = None, LGA50 = None
  Drawing cumulative plot...
    saved to /usit/invitro/data/galaxy/master/sabbai/galaxy-dist/database/job_working_directory/001/1800/dataset_1882_files/AH1/aligned_stats/cumulative_plot.pdf
  Drawing NAx plot...
    saved to /usit/invitro/data/galaxy/master/sabbai/galaxy-dist/database/job_working_directory/001/1800/dataset_1882_files/AH1/aligned_stats/NAx_plot.pdf
  Drawing NGAx plot...
    saved to /usit/invitro/data/galaxy/master/sabbai/galaxy-dist/database/job_working_directory/001/1800/dataset_1882_files/AH1/aligned_stats/NGAx_plot.pdf
  Done.

2014-05-04 22:59:13
Running Genome analyzer...
  NOTICE: Annotated genes file was not provided. Use -G option to specify it.
  NOTICE: Annotated operons file was not provided. Use -O option to specify it.
  1  cabog broken
  2  cabog
  Drawing Genome fraction, % histogram...
    saved to /usit/invitro/data/galaxy/master/sabbai/galaxy-dist/database/job_working_directory/001/1800/dataset_1882_files/AH1/genome_stats/genome_fraction_histogram.pdf
Done.

NOTICE: Genes are not predicted by default. Use --gene-finding option to enable it.

2014-05-04 22:59:16
Summarizing...
  Creating total report...
    saved to /usit/invitro/data/galaxy/master/sabbai/galaxy-dist/database/job_working_directory/001/1800/dataset_1882_files/AH1/report.txt, report.tsv, and report.tex
  Transposed version of total report...
    saved to /usit/invitro/data/galaxy/master/sabbai/galaxy-dist/database/job_working_directory/001/1800/dataset_1882_files/AH1/transposed_report.txt, transposed_report.tsv, and transposed_report.tex
  HTML version saved to /usit/invitro/data/galaxy/master/sabbai/galaxy-dist/database/job_working_directory/001/1800/dataset_1882_files/AH1/report.html
  All pdf files are merged to /usit/invitro/data/galaxy/master/sabbai/galaxy-dist/database/job_working_directory/001/1800/dataset_1882_files/AH1/plots.pdf
Log saved to /usit/invitro/data/galaxy/master/sabbai/galaxy-dist/database/job_working_directory/001/1800/dataset_1882_files/AH1/quast.log

Finished: 2014-05-04 22:59:16
Elapsed time: 0:01:02.571378
