Aligning contigs to reference...
	Running Nucmer...
Parsing coords...
Loading Assembly...
Loading reference...
	Loaded [gi|169627108|ref|NC_010397.1|_Mycobacterium_abscessus_chromosome__complete_sequence]
	Loaded [gi|169786809|ref|NC_010394.1|_Mycobacterium_abscessus_plasmid__complete_sequence]
Loading SNPs...
Loading regions...
	No regions given, using whole reference.
	Total Regions: 2
	Total Region Length: 5090491
Analyzing contigs...
CONTIG: scf7180000028453_1 (9661bp)
Top Length: 9661  Top ID: 100.0
		One align captures most of this contig: 1006964 1016624 | 1 9661 | 9661 9661 | 100.0 | gi|169627108|ref|NC_010397.1|_Mycobacterium_abscessus_chromosome__complete_sequence scf7180000028453_1

CONTIG: scf7180000028445_1 (71213bp)
Top Length: 71213  Top ID: 99.99
		One align captures most of this contig: 4963481 5034695 | 71213 1 | 71215 71213 | 99.99 | gi|169627108|ref|NC_010397.1|_Mycobacterium_abscessus_chromosome__complete_sequence scf7180000028445_1

CONTIG: scf7180000028500_1 (238341bp)
Top Length: 238341  Top ID: 99.99
		One align captures most of this contig: 1654745 1893092 | 238341 1 | 238348 238341 | 99.99 | gi|169627108|ref|NC_010397.1|_Mycobacterium_abscessus_chromosome__complete_sequence scf7180000028500_1

CONTIG: scf7180000028436_1 (4237bp)
Top Length: 4185  Top ID: 99.98
		This contig is partially unaligned. (4185 out of 4237)
		Alignment: 1016834 1021018 | 53 4237 | 4185 4185 | 99.98 | gi|169627108|ref|NC_010397.1|_Mycobacterium_abscessus_chromosome__complete_sequence scf7180000028436_1
		Unaligned bases: 1 to 52 (52)

CONTIG: scf7180000028491_1 (6127bp)
Top Length: 6087  Top ID: 100.0
		One align captures most of this contig: 490307 496393 | 1 6087 | 6087 6087 | 100.0 | gi|169627108|ref|NC_010397.1|_Mycobacterium_abscessus_chromosome__complete_sequence scf7180000028491_1

CONTIG: scf7180000028498_1 (15656bp)
Top Length: 15656  Top ID: 100.0
		One align captures most of this contig: 1020921 1036576 | 15656 1 | 15656 15656 | 100.0 | gi|169627108|ref|NC_010397.1|_Mycobacterium_abscessus_chromosome__complete_sequence scf7180000028498_1

CONTIG: scf7180000028523_1 (8519bp)
Top Length: 8519  Top ID: 100.0
		One align captures most of this contig: 1396052 1404570 | 1 8519 | 8519 8519 | 100.0 | gi|169627108|ref|NC_010397.1|_Mycobacterium_abscessus_chromosome__complete_sequence scf7180000028523_1

CONTIG: scf7180000028451_1 (68581bp)
Top Length: 68581  Top ID: 99.99
		One align captures most of this contig: 1972961 2041542 | 1 68581 | 68582 68581 | 99.99 | gi|169627108|ref|NC_010397.1|_Mycobacterium_abscessus_chromosome__complete_sequence scf7180000028451_1

CONTIG: scf7180000028447_1 (55395bp)
Top Length: 26354  Top ID: 99.99
		This contig is partially unaligned. (26354 out of 55395)
		Alignment: 1102713 1129068 | 29042 55395 | 26356 26354 | 99.99 | gi|169627108|ref|NC_010397.1|_Mycobacterium_abscessus_chromosome__complete_sequence scf7180000028447_1
		Unaligned bases: 1 to 29041 (29041)
		This contig has both significant aligned and unaligned parts (of length >= min-contig)!

CONTIG: scf7180000028457_1 (6812bp)
Top Length: 6811  Top ID: 100.0
		One align captures most of this contig: 2041450 2048260 | 1 6811 | 6811 6811 | 100.0 | gi|169627108|ref|NC_010397.1|_Mycobacterium_abscessus_chromosome__complete_sequence scf7180000028457_1

CONTIG: scf7180000028438_1 (11190bp)
Top Length: 11190  Top ID: 100.0
		One align captures most of this contig: 4249977 4261166 | 11190 1 | 11190 11190 | 100.0 | gi|169627108|ref|NC_010397.1|_Mycobacterium_abscessus_chromosome__complete_sequence scf7180000028438_1

CONTIG: scf7180000028457_2 (109060bp)
Top Length: 109060  Top ID: 99.99
		One align captures most of this contig: 2048244 2157307 | 1 109060 | 109064 109060 | 99.99 | gi|169627108|ref|NC_010397.1|_Mycobacterium_abscessus_chromosome__complete_sequence scf7180000028457_2

CONTIG: scf7180000028504_1 (155493bp)
Top Length: 122567  Top ID: 99.99
		This contig is misassembled. 2 total aligns.
			Real Alignment 1: 4373569 4394614 | 1 21045 | 21046 21045 | 99.99 | gi|169627108|ref|NC_010397.1|_Mycobacterium_abscessus_chromosome__complete_sequence scf7180000028504_1
			  Extensive misassembly ( relocation, inconsistency = -11926 ) between these two alignments
			Real Alignment 2: 4394570 4517138 | 32927 155493 | 122569 122567 | 99.99 | gi|169627108|ref|NC_010397.1|_Mycobacterium_abscessus_chromosome__complete_sequence scf7180000028504_1

CONTIG: scf7180000028510_1 (32309bp)
Top Length: 32309  Top ID: 99.99
		One align captures most of this contig: 1050881 1083192 | 32309 1 | 32312 32309 | 99.99 | gi|169627108|ref|NC_010397.1|_Mycobacterium_abscessus_chromosome__complete_sequence scf7180000028510_1

CONTIG: scf7180000028488_1 (110503bp)
Top Length: 110503  Top ID: 99.99
		One align captures most of this contig: 342896 453402 | 1 110503 | 110507 110503 | 99.99 | gi|169627108|ref|NC_010397.1|_Mycobacterium_abscessus_chromosome__complete_sequence scf7180000028488_1

CONTIG: scf7180000028523_2 (18162bp)
Top Length: 18162  Top ID: 100.0
		One align captures most of this contig: 848772 866933 | 1 18162 | 18162 18162 | 100.0 | gi|169627108|ref|NC_010397.1|_Mycobacterium_abscessus_chromosome__complete_sequence scf7180000028523_2

CONTIG: scf7180000028415_2 (86477bp)
Top Length: 45743  Top ID: 99.97
		This contig is misassembled. 2 total aligns.
			Real Alignment 1: 4867971 4913715 | 86477 40735 | 45745 45743 | 99.97 | gi|169627108|ref|NC_010397.1|_Mycobacterium_abscessus_chromosome__complete_sequence scf7180000028415_2
			  Gap between these two alignments (local misassembly). Inconsistency = 153
			Real Alignment 2: 4913627 4954546 | 40976 59 | 40920 40918 | 99.99 | gi|169627108|ref|NC_010397.1|_Mycobacterium_abscessus_chromosome__complete_sequence scf7180000028415_2

CONTIG: scf7180000028415_1 (4396bp)
Top Length: 4396  Top ID: 99.98
		One align captures most of this contig: 4954597 4958993 | 4396 1 | 4397 4396 | 99.98 | gi|169627108|ref|NC_010397.1|_Mycobacterium_abscessus_chromosome__complete_sequence scf7180000028415_1

CONTIG: scf7180000028494_1 (144815bp)
Top Length: 144815  Top ID: 99.99
		One align captures most of this contig: 4620266 4765089 | 1 144815 | 144824 144815 | 99.99 | gi|169627108|ref|NC_010397.1|_Mycobacterium_abscessus_chromosome__complete_sequence scf7180000028494_1

CONTIG: scf7180000028443_1 (106024bp)
Top Length: 76887  Top ID: 99.95
		Skipping redundant alignment 4066950 4067216 | 106024 105758 | 267 267 | 99.25 | gi|169627108|ref|NC_010397.1|_Mycobacterium_abscessus_chromosome__complete_sequence scf7180000028443_1
		This contig is misassembled. 3 total aligns.
			Real Alignment 1: 4067880 4144799 | 106024 29138 | 76920 76887 | 99.95 | gi|169627108|ref|NC_010397.1|_Mycobacterium_abscessus_chromosome__complete_sequence scf7180000028443_1
			  Extensive misassembly ( relocation, inconsistency = 2244 ) between these two alignments
			Real Alignment 2: 4147042 4176180 | 29139 1 | 29139 29139 | 100.0 | gi|169627108|ref|NC_010397.1|_Mycobacterium_abscessus_chromosome__complete_sequence scf7180000028443_1

CONTIG: scf7180000028428_2 (78165bp)
Top Length: 70470  Top ID: 99.97
		This contig is misassembled. 2 total aligns.
			Real Alignment 1: 1307548 1315415 | 78165 70298 | 7868 7868 | 99.95 | gi|169627108|ref|NC_010397.1|_Mycobacterium_abscessus_chromosome__complete_sequence scf7180000028428_2
			  Gap between these two alignments (local misassembly). Inconsistency = 231
			Real Alignment 2: 1315474 1385951 | 70470 1 | 70478 70470 | 99.97 | gi|169627108|ref|NC_010397.1|_Mycobacterium_abscessus_chromosome__complete_sequence scf7180000028428_2

CONTIG: scf7180000028428_1 (7185bp)
Top Length: 7185  Top ID: 100.0
		Marking as insignificant: 1385265 1385400 | 7185 7050 | 136 136 | 95.59 | gi|169627108|ref|NC_010397.1|_Mycobacterium_abscessus_chromosome__complete_sequence scf7180000028428_1
		One align captures most of this contig: 1386141 1393325 | 7185 1 | 7185 7185 | 100.0 | gi|169627108|ref|NC_010397.1|_Mycobacterium_abscessus_chromosome__complete_sequence scf7180000028428_1

CONTIG: scf7180000028506_1 (76685bp)
Top Length: 76684  Top ID: 99.99
		Marking as insignificant: 3251859 3252467 | 76077 76685 | 609 609 | 99.34 | gi|169627108|ref|NC_010397.1|_Mycobacterium_abscessus_chromosome__complete_sequence scf7180000028506_1
		One align captures most of this contig: 559983 636669 | 76684 1 | 76687 76684 | 99.99 | gi|169627108|ref|NC_010397.1|_Mycobacterium_abscessus_chromosome__complete_sequence scf7180000028506_1

CONTIG: scf7180000028493_1 (41696bp)
Top Length: 41651  Top ID: 99.99
		One align captures most of this contig: 924103 965757 | 41696 46 | 41655 41651 | 99.99 | gi|169627108|ref|NC_010397.1|_Mycobacterium_abscessus_chromosome__complete_sequence scf7180000028493_1

CONTIG: scf7180000028521_1 (42966bp)
Top Length: 11838  Top ID: 99.91
		This contig is misassembled. 2 total aligns.
			Warning! This contig is more unaligned than misassembled. Contig length is 42966 and total length of all aligns is 18440
		Alignment: 1083175 1095017 | 42966 31129 | 11843 11838 | 99.91 | gi|169627108|ref|NC_010397.1|_Mycobacterium_abscessus_chromosome__complete_sequence scf7180000028521_1
		Alignment: 1095576 1102750 | 31696 24527 | 7175 7170 | 99.67 | gi|169627108|ref|NC_010397.1|_Mycobacterium_abscessus_chromosome__complete_sequence scf7180000028521_1
		Unaligned bases: 24526
		This contig has both significant aligned and unaligned parts (of length >= min-contig)!
CONTIG: scf7180000028493_2 (57122bp)
Top Length: 57122  Top ID: 99.99
		One align captures most of this contig: 866978 924100 | 57122 1 | 57123 57122 | 99.99 | gi|169627108|ref|NC_010397.1|_Mycobacterium_abscessus_chromosome__complete_sequence scf7180000028493_2

CONTIG: scf7180000028425_1 (27402bp)
Top Length: 27345  Top ID: 99.99
		One align captures most of this contig: 2494022 2521366 | 27345 1 | 27345 27345 | 99.99 | gi|169627108|ref|NC_010397.1|_Mycobacterium_abscessus_chromosome__complete_sequence scf7180000028425_1

CONTIG: scf7180000028416_1 (103188bp)
Top Length: 103188  Top ID: 99.99
		One align captures most of this contig: 4517046 4620236 | 103188 1 | 103191 103188 | 99.99 | gi|169627108|ref|NC_010397.1|_Mycobacterium_abscessus_chromosome__complete_sequence scf7180000028416_1

CONTIG: scf7180000028486_1 (14468bp)
Top Length: 14468  Top ID: 100.0
		One align captures most of this contig: 1036673 1051140 | 1 14468 | 14468 14468 | 100.0 | gi|169627108|ref|NC_010397.1|_Mycobacterium_abscessus_chromosome__complete_sequence scf7180000028486_1

CONTIG: scf7180000028423_1 (6682bp)
Top Length: 6682  Top ID: 99.97
		One align captures most of this contig: 473645 480327 | 1 6682 | 6683 6682 | 99.97 | gi|169627108|ref|NC_010397.1|_Mycobacterium_abscessus_chromosome__complete_sequence scf7180000028423_1

CONTIG: scf7180000028423_2 (8071bp)
Top Length: 8071  Top ID: 100.0
		One align captures most of this contig: 480309 488379 | 1 8071 | 8071 8071 | 100.0 | gi|169627108|ref|NC_010397.1|_Mycobacterium_abscessus_chromosome__complete_sequence scf7180000028423_2

CONTIG: scf7180000028448_1 (16074bp)
Top Length: 16043  Top ID: 99.99
		One align captures most of this contig: 1128973 1145016 | 32 16074 | 16044 16043 | 99.99 | gi|169627108|ref|NC_010397.1|_Mycobacterium_abscessus_chromosome__complete_sequence scf7180000028448_1

CONTIG: scf7180000028459_1 (3570bp)
Top Length: 3524  Top ID: 99.97
		This contig is partially unaligned. (3524 out of 3570)
		Alignment: 4794093 4797617 | 3524 1 | 3525 3524 | 99.97 | gi|169627108|ref|NC_010397.1|_Mycobacterium_abscessus_chromosome__complete_sequence scf7180000028459_1
		Unaligned bases: 3525 to 3570 (46)

CONTIG: scf7180000028455_1 (4905bp)
Top Length: 4905  Top ID: 99.98
		One align captures most of this contig: 458953 463858 | 4905 1 | 4906 4905 | 99.98 | gi|169627108|ref|NC_010397.1|_Mycobacterium_abscessus_chromosome__complete_sequence scf7180000028455_1

CONTIG: scf7180000028478_1 (5748bp)
Top Length: 5748  Top ID: 100.0
		Marking as insignificant: 756323 756544 | 1 222 | 222 222 | 99.1 | gi|169627108|ref|NC_010397.1|_Mycobacterium_abscessus_chromosome__complete_sequence scf7180000028478_1
		One align captures most of this contig: 2597437 2603184 | 1 5748 | 5748 5748 | 100.0 | gi|169627108|ref|NC_010397.1|_Mycobacterium_abscessus_chromosome__complete_sequence scf7180000028478_1

CONTIG: scf7180000028418_1 (6640bp)
Top Length: 6640  Top ID: 100.0
		One align captures most of this contig: 829784 836423 | 6640 1 | 6640 6640 | 100.0 | gi|169627108|ref|NC_010397.1|_Mycobacterium_abscessus_chromosome__complete_sequence scf7180000028418_1

CONTIG: scf7180000028484_1 (40137bp)
Top Length: 40137  Top ID: 99.99
		One align captures most of this contig: 3042522 3082658 | 1 40137 | 40137 40137 | 99.99 | gi|169627108|ref|NC_010397.1|_Mycobacterium_abscessus_chromosome__complete_sequence scf7180000028484_1

CONTIG: scf7180000028435_1 (16939bp)
Top Length: 16939  Top ID: 99.99
		One align captures most of this contig: 4814810 4831748 | 16939 1 | 16939 16939 | 99.99 | gi|169627108|ref|NC_010397.1|_Mycobacterium_abscessus_chromosome__complete_sequence scf7180000028435_1

CONTIG: scf7180000028490_1 (63437bp)
Top Length: 63437  Top ID: 99.99
		One align captures most of this contig: 3181478 3244915 | 1 63437 | 63438 63437 | 99.99 | gi|169627108|ref|NC_010397.1|_Mycobacterium_abscessus_chromosome__complete_sequence scf7180000028490_1

CONTIG: scf7180000028456_1 (29490bp)
Top Length: 29490  Top ID: 99.99
		One align captures most of this contig: 3540631 3570121 | 29490 1 | 29491 29490 | 99.99 | gi|169627108|ref|NC_010397.1|_Mycobacterium_abscessus_chromosome__complete_sequence scf7180000028456_1

CONTIG: scf7180000028437_1 (2204bp)
Top Length: 2203  Top ID: 100.0
		Marking as insignificant: 4356676 4356996 | 321 1 | 321 321 | 96.57 | gi|169627108|ref|NC_010397.1|_Mycobacterium_abscessus_chromosome__complete_sequence scf7180000028437_1
		One align captures most of this contig: 4354667 4356869 | 2204 2 | 2203 2203 | 100.0 | gi|169627108|ref|NC_010397.1|_Mycobacterium_abscessus_chromosome__complete_sequence scf7180000028437_1

CONTIG: scf7180000028496_1 (94359bp)
Top Length: 94336  Top ID: 99.99
		Marking as insignificant: 46152 46412 | 94359 94099 | 261 261 | 99.23 | gi|169627108|ref|NC_010397.1|_Mycobacterium_abscessus_chromosome__complete_sequence scf7180000028496_1
		Marking as insignificant: 670225 670492 | 94359 94092 | 268 268 | 99.63 | gi|169627108|ref|NC_010397.1|_Mycobacterium_abscessus_chromosome__complete_sequence scf7180000028496_1
		One align captures most of this contig: 2157216 2251557 | 24 94359 | 94342 94336 | 99.99 | gi|169627108|ref|NC_010397.1|_Mycobacterium_abscessus_chromosome__complete_sequence scf7180000028496_1

CONTIG: scf7180000028431_1 (15717bp)
Top Length: 15717  Top ID: 99.99
		One align captures most of this contig: 1145001 1160718 | 15717 1 | 15718 15717 | 99.99 | gi|169627108|ref|NC_010397.1|_Mycobacterium_abscessus_chromosome__complete_sequence scf7180000028431_1

CONTIG: scf7180000028421_1 (5565bp)
Top Length: 5565  Top ID: 100.0
		One align captures most of this contig: 1635443 1641007 | 5565 1 | 5565 5565 | 100.0 | gi|169627108|ref|NC_010397.1|_Mycobacterium_abscessus_chromosome__complete_sequence scf7180000028421_1

CONTIG: scf7180000028429_1 (5864bp)
Top Length: 5864  Top ID: 100.0
		One align captures most of this contig: 836417 842280 | 1 5864 | 5864 5864 | 100.0 | gi|169627108|ref|NC_010397.1|_Mycobacterium_abscessus_chromosome__complete_sequence scf7180000028429_1

CONTIG: scf7180000028492_1 (9309bp)
Top Length: 9309  Top ID: 99.99
		One align captures most of this contig: 3734905 3744214 | 9309 1 | 9310 9309 | 99.99 | gi|169627108|ref|NC_010397.1|_Mycobacterium_abscessus_chromosome__complete_sequence scf7180000028492_1

CONTIG: scf7180000028492_2 (149342bp)
Top Length: 149342  Top ID: 99.99
		One align captures most of this contig: 3585542 3734892 | 149342 1 | 149351 149342 | 99.99 | gi|169627108|ref|NC_010397.1|_Mycobacterium_abscessus_chromosome__complete_sequence scf7180000028492_2

CONTIG: scf7180000028427_1 (7785bp)
Top Length: 7785  Top ID: 100.0
		One align captures most of this contig: 4831650 4839434 | 7785 1 | 7785 7785 | 100.0 | gi|169627108|ref|NC_010397.1|_Mycobacterium_abscessus_chromosome__complete_sequence scf7180000028427_1

CONTIG: scf7180000028502_1 (81416bp)
Top Length: 81416  Top ID: 99.93
		One align captures most of this contig: 2817213 2898577 | 1 81416 | 81365 81416 | 99.93 | gi|169627108|ref|NC_010397.1|_Mycobacterium_abscessus_chromosome__complete_sequence scf7180000028502_1

CONTIG: scf7180000028419_3 (46897bp)
Top Length: 46897  Top ID: 100.0
		Marking as insignificant: 2597376 2597658 | 46897 46615 | 283 283 | 99.29 | gi|169627108|ref|NC_010397.1|_Mycobacterium_abscessus_chromosome__complete_sequence scf7180000028419_3
		One align captures most of this contig: 756262 803158 | 46897 1 | 46897 46897 | 100.0 | gi|169627108|ref|NC_010397.1|_Mycobacterium_abscessus_chromosome__complete_sequence scf7180000028419_3

CONTIG: scf7180000028419_2 (23445bp)
Top Length: 23445  Top ID: 100.0
		One align captures most of this contig: 803155 826599 | 23445 1 | 23445 23445 | 100.0 | gi|169627108|ref|NC_010397.1|_Mycobacterium_abscessus_chromosome__complete_sequence scf7180000028419_2

CONTIG: scf7180000028419_1 (3291bp)
Top Length: 3291  Top ID: 100.0
		One align captures most of this contig: 826590 829880 | 3291 1 | 3291 3291 | 100.0 | gi|169627108|ref|NC_010397.1|_Mycobacterium_abscessus_chromosome__complete_sequence scf7180000028419_1

CONTIG: scf7180000028468_1 (94591bp)
Top Length: 94591  Top ID: 99.99
		Marking as insignificant: 43854 44279 | 94166 94591 | 426 426 | 98.83 | gi|169627108|ref|NC_010397.1|_Mycobacterium_abscessus_chromosome__complete_sequence scf7180000028468_1
		One align captures most of this contig: 2253464 2348056 | 94591 1 | 94593 94591 | 99.99 | gi|169627108|ref|NC_010397.1|_Mycobacterium_abscessus_chromosome__complete_sequence scf7180000028468_1

CONTIG: scf7180000028422_1 (1939bp)
Top Length: 1939  Top ID: 99.95
		One align captures most of this contig: 472032 473970 | 1 1939 | 1939 1939 | 99.95 | gi|169627108|ref|NC_010397.1|_Mycobacterium_abscessus_chromosome__complete_sequence scf7180000028422_1

CONTIG: scf7180000028439_1 (7346bp)
Top Length: 7346  Top ID: 100.0
		Marking as insignificant: 560286 560590 | 1 305 | 305 305 | 100.0 | gi|169627108|ref|NC_010397.1|_Mycobacterium_abscessus_chromosome__complete_sequence scf7180000028439_1
		One align captures most of this contig: 3244818 3252163 | 7346 1 | 7346 7346 | 100.0 | gi|169627108|ref|NC_010397.1|_Mycobacterium_abscessus_chromosome__complete_sequence scf7180000028439_1

CONTIG: scf7180000028454_1 (20227bp)
Top Length: 6521  Top ID: 99.98
		Skipping redundant alignment 2616696 2616860 | 1 165 | 165 165 | 95.15 | gi|169627108|ref|NC_010397.1|_Mycobacterium_abscessus_chromosome__complete_sequence scf7180000028454_1
		This contig is misassembled. 3 total aligns.
			Warning! This contig is more unaligned than misassembled. Contig length is 20227 and total length of all aligns is 8328
		Alignment: 463847 470368 | 20227 13707 | 6522 6521 | 99.98 | gi|169627108|ref|NC_010397.1|_Mycobacterium_abscessus_chromosome__complete_sequence scf7180000028454_1
		Alignment: 470367 472173 | 1807 1 | 1807 1807 | 100.0 | gi|169627108|ref|NC_010397.1|_Mycobacterium_abscessus_chromosome__complete_sequence scf7180000028454_1
		Unaligned bases: 11899
		This contig has both significant aligned and unaligned parts (of length >= min-contig)!
CONTIG: scf7180000028433_3 (6936bp)
Top Length: 6936  Top ID: 99.99
		One align captures most of this contig: 1965966 1972902 | 1 6936 | 6937 6936 | 99.99 | gi|169627108|ref|NC_010397.1|_Mycobacterium_abscessus_chromosome__complete_sequence scf7180000028433_3

CONTIG: scf7180000028433_2 (1330bp)
Top Length: 1330  Top ID: 100.0
		One align captures most of this contig: 1964548 1965877 | 1 1330 | 1330 1330 | 100.0 | gi|169627108|ref|NC_010397.1|_Mycobacterium_abscessus_chromosome__complete_sequence scf7180000028433_2

CONTIG: scf7180000028452_1 (2804bp)
Top Length: 2804  Top ID: 100.0
		One align captures most of this contig: 2594332 2597135 | 1 2804 | 2804 2804 | 100.0 | gi|169627108|ref|NC_010397.1|_Mycobacterium_abscessus_chromosome__complete_sequence scf7180000028452_1

CONTIG: scf7180000028507_2 (173282bp)
Top Length: 94859  Top ID: 99.93
		This contig is misassembled. 2 total aligns.
			Real Alignment 1: 220385 315223 | 78424 173282 | 94839 94859 | 99.93 | gi|169627108|ref|NC_010397.1|_Mycobacterium_abscessus_chromosome__complete_sequence scf7180000028507_2
			  Extensive misassembly ( relocation, inconsistency = 1358602 ) between these two alignments
			Real Alignment 2: 1500546 1580532 | 3 79972 | 79987 79970 | 99.95 | gi|169627108|ref|NC_010397.1|_Mycobacterium_abscessus_chromosome__complete_sequence scf7180000028507_2

CONTIG: scf7180000028462_1 (42892bp)
Top Length: 42892  Top ID: 99.99
		Marking as insignificant: 472009 472292 | 284 1 | 284 284 | 95.77 | gi|169627108|ref|NC_010397.1|_Mycobacterium_abscessus_chromosome__complete_sequence scf7180000028462_1
		One align captures most of this contig: 2616577 2659469 | 1 42892 | 42893 42892 | 99.99 | gi|169627108|ref|NC_010397.1|_Mycobacterium_abscessus_chromosome__complete_sequence scf7180000028462_1

CONTIG: scf7180000028508_1 (12581bp)
Top Length: 12581  Top ID: 99.98
		Marking as insignificant: 4814048 4814154 | 107 1 | 107 107 | 99.07 | gi|169627108|ref|NC_010397.1|_Mycobacterium_abscessus_chromosome__complete_sequence scf7180000028508_1
		One align captures most of this contig: 4798655 4811237 | 12581 1 | 12583 12581 | 99.98 | gi|169627108|ref|NC_010397.1|_Mycobacterium_abscessus_chromosome__complete_sequence scf7180000028508_1

CONTIG: scf7180000028430_1 (2404bp)
Top Length: 2404  Top ID: 100.0
		One align captures most of this contig: 1305237 1307640 | 1 2404 | 2404 2404 | 100.0 | gi|169627108|ref|NC_010397.1|_Mycobacterium_abscessus_chromosome__complete_sequence scf7180000028430_1

CONTIG: scf7180000028474_1 (25237bp)
Top Length: 25237  Top ID: 99.99
		One align captures most of this contig: 2898549 2923786 | 1 25237 | 25238 25237 | 99.99 | gi|169627108|ref|NC_010397.1|_Mycobacterium_abscessus_chromosome__complete_sequence scf7180000028474_1

CONTIG: scf7180000028460_1 (19127bp)
Top Length: 19127  Top ID: 99.99
		One align captures most of this contig: 4334819 4353946 | 19127 1 | 19128 19127 | 99.99 | gi|169627108|ref|NC_010397.1|_Mycobacterium_abscessus_chromosome__complete_sequence scf7180000028460_1

CONTIG: scf7180000028466_1 (2839bp)
Top Length: 2839  Top ID: 100.0
		Marking as insignificant: 3024322 3024415 | 2839 2746 | 94 94 | 97.87 | gi|169627108|ref|NC_010397.1|_Mycobacterium_abscessus_chromosome__complete_sequence scf7180000028466_1
		One align captures most of this contig: 3020705 3023543 | 2839 1 | 2839 2839 | 100.0 | gi|169627108|ref|NC_010397.1|_Mycobacterium_abscessus_chromosome__complete_sequence scf7180000028466_1

CONTIG: scf7180000028518_1 (39092bp)
Top Length: 38617  Top ID: 99.95
		Skipping redundant alignment 669878 670485 | 476 1082 | 608 607 | 97.7 | gi|169627108|ref|NC_010397.1|_Mycobacterium_abscessus_chromosome__complete_sequence scf7180000028518_1
		This contig is misassembled. 3 total aligns.
			Real Alignment 1: 45805 84424 | 476 39092 | 38620 38617 | 99.95 | gi|169627108|ref|NC_010397.1|_Mycobacterium_abscessus_chromosome__complete_sequence scf7180000028518_1
			  Extensive misassembly ( relocation, inconsistency = 2204883 ) between these two alignments
			Real Alignment 2: 2251297 2252379 | 1082 1 | 1083 1082 | 99.72 | gi|169627108|ref|NC_010397.1|_Mycobacterium_abscessus_chromosome__complete_sequence scf7180000028518_1

CONTIG: scf7180000028441_1 (13661bp)
Top Length: 13661  Top ID: 100.0
		One align captures most of this contig: 2803177 2816837 | 13661 1 | 13661 13661 | 100.0 | gi|169627108|ref|NC_010397.1|_Mycobacterium_abscessus_chromosome__complete_sequence scf7180000028441_1

CONTIG: scf7180000028420_1 (2789bp)
Top Length: 2789  Top ID: 99.57
		Marking as insignificant: 4811131 4811236 | 2684 2789 | 106 106 | 99.06 | gi|169627108|ref|NC_010397.1|_Mycobacterium_abscessus_chromosome__complete_sequence scf7180000028420_1
		Marking as insignificant: 4814281 4814544 | 1 263 | 264 263 | 97.73 | gi|169627108|ref|NC_010397.1|_Mycobacterium_abscessus_chromosome__complete_sequence scf7180000028420_1
		One align captures most of this contig: 4811364 4814153 | 1 2789 | 2790 2789 | 99.57 | gi|169627108|ref|NC_010397.1|_Mycobacterium_abscessus_chromosome__complete_sequence scf7180000028420_1

CONTIG: scf7180000028464_1 (2469bp)
Top Length: 2469  Top ID: 99.96
		Marking as insignificant: 4793679 4793786 | 2362 2469 | 108 108 | 100.0 | gi|169627108|ref|NC_010397.1|_Mycobacterium_abscessus_chromosome__complete_sequence scf7180000028464_1
		One align captures most of this contig: 4764993 4767462 | 1 2469 | 2470 2469 | 99.96 | gi|169627108|ref|NC_010397.1|_Mycobacterium_abscessus_chromosome__complete_sequence scf7180000028464_1

CONTIG: scf7180000028470_1 (24666bp)
Top Length: 18672  Top ID: 99.89
		Skipping redundant alignment 4796902 4797021 | 120 1 | 120 120 | 97.5 | gi|169627108|ref|NC_010397.1|_Mycobacterium_abscessus_chromosome__complete_sequence scf7180000028470_1
		This contig is misassembled. 3 total aligns.
			Real Alignment 1: 4767355 4773943 | 6587 1 | 6589 6587 | 99.29 | gi|169627108|ref|NC_010397.1|_Mycobacterium_abscessus_chromosome__complete_sequence scf7180000028470_1
			  Extensive misassembly ( relocation, inconsistency = 26321 ) between these two alignments
			Real Alignment 2: 4775599 4794271 | 24666 5995 | 18673 18672 | 99.89 | gi|169627108|ref|NC_010397.1|_Mycobacterium_abscessus_chromosome__complete_sequence scf7180000028470_1

CONTIG: scf7180000028513_1 (10121bp)
Top Length: 10077  Top ID: 100.0
		One align captures most of this contig: 2603843 2613919 | 10077 1 | 10077 10077 | 100.0 | gi|169627108|ref|NC_010397.1|_Mycobacterium_abscessus_chromosome__complete_sequence scf7180000028513_1

CONTIG: scf7180000028469_1 (50959bp)
Top Length: 50959  Top ID: 99.99
		One align captures most of this contig: 1893086 1944047 | 1 50959 | 50962 50959 | 99.99 | gi|169627108|ref|NC_010397.1|_Mycobacterium_abscessus_chromosome__complete_sequence scf7180000028469_1

CONTIG: scf7180000028472_1 (9783bp)
Top Length: 9777  Top ID: 98.99
		Marking as insignificant: 2658344 2659469 | 1126 1 | 1126 1126 | 97.07 | gi|169627108|ref|NC_010397.1|_Mycobacterium_abscessus_chromosome__complete_sequence scf7180000028472_1
		One align captures most of this contig: 3430228 3440004 | 9783 7 | 9777 9777 | 98.99 | gi|169627108|ref|NC_010397.1|_Mycobacterium_abscessus_chromosome__complete_sequence scf7180000028472_1

CONTIG: scf7180000028467_1 (28426bp)
Top Length: 28426  Top ID: 99.99
		One align captures most of this contig: 146561 174989 | 28426 1 | 28429 28426 | 99.99 | gi|169627108|ref|NC_010397.1|_Mycobacterium_abscessus_chromosome__complete_sequence scf7180000028467_1

CONTIG: scf7180000028511_1 (142752bp)
Top Length: 142752  Top ID: 99.99
		Marking as insignificant: 4067821 4068073 | 142500 142752 | 253 253 | 100.0 | gi|169627108|ref|NC_010397.1|_Mycobacterium_abscessus_chromosome__complete_sequence scf7180000028511_1
		One align captures most of this contig: 3924384 4067143 | 1 142752 | 142760 142752 | 99.99 | gi|169627108|ref|NC_010397.1|_Mycobacterium_abscessus_chromosome__complete_sequence scf7180000028511_1

CONTIG: scf7180000028517_1 (50722bp)
Top Length: 50722  Top ID: 99.99
		One align captures most of this contig: 3258730 3309452 | 50722 1 | 50723 50722 | 99.99 | gi|169627108|ref|NC_010397.1|_Mycobacterium_abscessus_chromosome__complete_sequence scf7180000028517_1

CONTIG: scf7180000028432_2 (80174bp)
Top Length: 80174  Top ID: 99.99
		One align captures most of this contig: 2394673 2474848 | 80174 1 | 80176 80174 | 99.99 | gi|169627108|ref|NC_010397.1|_Mycobacterium_abscessus_chromosome__complete_sequence scf7180000028432_2

CONTIG: scf7180000028432_3 (45845bp)
Top Length: 45845  Top ID: 99.99
		One align captures most of this contig: 2348845 2394692 | 45845 1 | 45848 45845 | 99.99 | gi|169627108|ref|NC_010397.1|_Mycobacterium_abscessus_chromosome__complete_sequence scf7180000028432_3

CONTIG: scf7180000028432_1 (17212bp)
Top Length: 17153  Top ID: 99.99
		Marking as insignificant: 695657 695722 | 1 66 | 66 66 | 100.0 | gi|169627108|ref|NC_010397.1|_Mycobacterium_abscessus_chromosome__complete_sequence scf7180000028432_1
		One align captures most of this contig: 2474853 2492006 | 17212 60 | 17154 17153 | 99.99 | gi|169627108|ref|NC_010397.1|_Mycobacterium_abscessus_chromosome__complete_sequence scf7180000028432_1

CONTIG: scf7180000028483_1 (9836bp)
Top Length: 9836  Top ID: 100.0
		One align captures most of this contig: 1580355 1590190 | 1 9836 | 9836 9836 | 100.0 | gi|169627108|ref|NC_010397.1|_Mycobacterium_abscessus_chromosome__complete_sequence scf7180000028483_1

CONTIG: scf7180000028476_2 (30442bp)
Top Length: 30442  Top ID: 99.99
		One align captures most of this contig: 726011 756452 | 1 30442 | 30442 30442 | 99.99 | gi|169627108|ref|NC_010397.1|_Mycobacterium_abscessus_chromosome__complete_sequence scf7180000028476_2

CONTIG: scf7180000028476_1 (53386bp)
Top Length: 43972  Top ID: 99.99
		Skipping redundant alignment 2251290 2251594 | 305 1 | 305 305 | 99.67 | gi|169627108|ref|NC_010397.1|_Mycobacterium_abscessus_chromosome__complete_sequence scf7180000028476_1
		Skipping redundant alignment 46115 46412 | 1 298 | 298 298 | 99.66 | gi|169627108|ref|NC_010397.1|_Mycobacterium_abscessus_chromosome__complete_sequence scf7180000028476_1
		This contig is misassembled. 4 total aligns.
			Real Alignment 1: 670188 679603 | 1 9416 | 9416 9416 | 99.99 | gi|169627108|ref|NC_010397.1|_Mycobacterium_abscessus_chromosome__complete_sequence scf7180000028476_1
			  Extensive misassembly ( relocation, inconsistency = 2429 ) between these two alignments
			Real Alignment 2: 682031 726003 | 9415 53386 | 43973 43972 | 99.99 | gi|169627108|ref|NC_010397.1|_Mycobacterium_abscessus_chromosome__complete_sequence scf7180000028476_1

CONTIG: scf7180000028434_1 (8864bp)
Top Length: 8825  Top ID: 100.0
		One align captures most of this contig: 3172256 3181080 | 8864 40 | 8825 8825 | 100.0 | gi|169627108|ref|NC_010397.1|_Mycobacterium_abscessus_chromosome__complete_sequence scf7180000028434_1

CONTIG: scf7180000028515_1 (31327bp)
Top Length: 31327  Top ID: 99.99
		One align captures most of this contig: 4303522 4334849 | 1 31327 | 31328 31327 | 99.99 | gi|169627108|ref|NC_010397.1|_Mycobacterium_abscessus_chromosome__complete_sequence scf7180000028515_1

CONTIG: scf7180000028479_1 (10150bp)
Top Length: 10150  Top ID: 99.98
		Marking as insignificant: 2251638 2251904 | 10150 9884 | 267 267 | 95.51 | gi|169627108|ref|NC_010397.1|_Mycobacterium_abscessus_chromosome__complete_sequence scf7180000028479_1
		Marking as insignificant: 45802 46071 | 9881 10150 | 270 270 | 99.26 | gi|169627108|ref|NC_010397.1|_Mycobacterium_abscessus_chromosome__complete_sequence scf7180000028479_1
		One align captures most of this contig: 659993 670144 | 1 10150 | 10152 10150 | 99.98 | gi|169627108|ref|NC_010397.1|_Mycobacterium_abscessus_chromosome__complete_sequence scf7180000028479_1

CONTIG: scf7180000028463_1 (72867bp)
Top Length: 72867  Top ID: 99.99
		One align captures most of this contig: 4176085 4248959 | 1 72867 | 72875 72867 | 99.99 | gi|169627108|ref|NC_010397.1|_Mycobacterium_abscessus_chromosome__complete_sequence scf7180000028463_1

CONTIG: scf7180000028507_1 (95927bp)
Top Length: 57634  Top ID: 99.98
		This contig is misassembled. 2 total aligns.
			Real Alignment 1: 1404474 1462113 | 1 57634 | 57640 57634 | 99.98 | gi|169627108|ref|NC_010397.1|_Mycobacterium_abscessus_chromosome__complete_sequence scf7180000028507_1
			  Gap between these two alignments (local misassembly). Inconsistency = 128
			Real Alignment 2: 1461978 1500538 | 57371 95927 | 38561 38557 | 99.94 | gi|169627108|ref|NC_010397.1|_Mycobacterium_abscessus_chromosome__complete_sequence scf7180000028507_1

CONTIG: scf7180000028444_1 (72848bp)
Top Length: 72848  Top ID: 99.99
		Marking as insignificant: 1963605 1963694 | 90 1 | 90 90 | 100.0 | gi|169627108|ref|NC_010397.1|_Mycobacterium_abscessus_chromosome__complete_sequence scf7180000028444_1
		One align captures most of this contig: 2521579 2594428 | 1 72848 | 72850 72848 | 99.99 | gi|169627108|ref|NC_010397.1|_Mycobacterium_abscessus_chromosome__complete_sequence scf7180000028444_1

CONTIG: scf7180000028450_1 (36723bp)
Top Length: 36663  Top ID: 99.99
		One align captures most of this contig: 109993 146656 | 61 36723 | 36664 36663 | 99.99 | gi|169627108|ref|NC_010397.1|_Mycobacterium_abscessus_chromosome__complete_sequence scf7180000028450_1

CONTIG: scf7180000028501_1 (18772bp)
Top Length: 18772  Top ID: 99.99
		One align captures most of this contig: 1944728 1963499 | 18772 1 | 18772 18772 | 99.99 | gi|169627108|ref|NC_010397.1|_Mycobacterium_abscessus_chromosome__complete_sequence scf7180000028501_1

CONTIG: scf7180000028461_1 (5441bp)
Top Length: 5441  Top ID: 100.0
		One align captures most of this contig: 3253235 3258675 | 5441 1 | 5441 5441 | 100.0 | gi|169627108|ref|NC_010397.1|_Mycobacterium_abscessus_chromosome__complete_sequence scf7180000028461_1

CONTIG: scf7180000028509_1 (116429bp)
Top Length: 110995  Top ID: 99.97
		This contig is misassembled. 2 total aligns.
			Real Alignment 1: 1160627 1166059 | 1 5433 | 5433 5433 | 100.0 | gi|169627108|ref|NC_010397.1|_Mycobacterium_abscessus_chromosome__complete_sequence scf7180000028509_1
			  Gap between these two alignments (local misassembly). Inconsistency = 315
			Real Alignment 2: 1166376 1277373 | 5435 116429 | 110998 110995 | 99.97 | gi|169627108|ref|NC_010397.1|_Mycobacterium_abscessus_chromosome__complete_sequence scf7180000028509_1

CONTIG: scf7180000028499_1 (9131bp)
Top Length: 9074  Top ID: 100.0
		One align captures most of this contig: 5034721 5043794 | 1 9074 | 9074 9074 | 100.0 | gi|169627108|ref|NC_010397.1|_Mycobacterium_abscessus_chromosome__complete_sequence scf7180000028499_1

CONTIG: scf7180000028446_1 (27794bp)
Top Length: 27794  Top ID: 99.99
		One align captures most of this contig: 315137 342931 | 1 27794 | 27795 27794 | 99.99 | gi|169627108|ref|NC_010397.1|_Mycobacterium_abscessus_chromosome__complete_sequence scf7180000028446_1

CONTIG: scf7180000028497_1 (44485bp)
Top Length: 23475  Top ID: 99.99
		This contig is misassembled. 2 total aligns.
			Real Alignment 2: 5043696 5067172 | 1 23475 | 23477 23475 | 99.99 | gi|169627108|ref|NC_010397.1|_Mycobacterium_abscessus_chromosome__complete_sequence scf7180000028497_1
			  Fake misassembly (caused by linear representation of circular genome) between these two alignments
			Real Alignment 1: 1 21013 | 23476 44485 | 21013 21010 | 99.99 | gi|169627108|ref|NC_010397.1|_Mycobacterium_abscessus_chromosome__complete_sequence scf7180000028497_1

CONTIG: scf7180000028489_1 (55849bp)
Top Length: 55849  Top ID: 99.99
		One align captures most of this contig: 3868625 3924480 | 1 55849 | 55856 55849 | 99.99 | gi|169627108|ref|NC_010397.1|_Mycobacterium_abscessus_chromosome__complete_sequence scf7180000028489_1

CONTIG: scf7180000028522_2 (43785bp)
Top Length: 43785  Top ID: 99.99
		One align captures most of this contig: 1590092 1633877 | 43785 1 | 43786 43785 | 99.99 | gi|169627108|ref|NC_010397.1|_Mycobacterium_abscessus_chromosome__complete_sequence scf7180000028522_2

CONTIG: scf7180000028497_2 (23204bp)
Top Length: 15830  Top ID: 100.0
		Skipping redundant alignment 2253464 2253889 | 23204 22779 | 426 426 | 98.36 | gi|169627108|ref|NC_010397.1|_Mycobacterium_abscessus_chromosome__complete_sequence scf7180000028497_2
		This contig is misassembled. 3 total aligns.
			Real Alignment 1: 21010 28508 | 1 7499 | 7499 7499 | 100.0 | gi|169627108|ref|NC_010397.1|_Mycobacterium_abscessus_chromosome__complete_sequence scf7180000028497_2
			  Gap between these two alignments (local misassembly). Inconsistency = 66
			Real Alignment 2: 28450 44279 | 7375 23204 | 15830 15830 | 100.0 | gi|169627108|ref|NC_010397.1|_Mycobacterium_abscessus_chromosome__complete_sequence scf7180000028497_2

CONTIG: scf7180000028440_1 (6682bp)
Top Length: 6682  Top ID: 100.0
		One align captures most of this contig: 842184 848865 | 6682 1 | 6682 6682 | 100.0 | gi|169627108|ref|NC_010397.1|_Mycobacterium_abscessus_chromosome__complete_sequence scf7180000028440_1

CONTIG: scf7180000028519_1 (60574bp)
Top Length: 42369  Top ID: 99.79
		This contig is misassembled. 2 total aligns.
			Real Alignment 1: 2978422 3020798 | 60574 18206 | 42377 42369 | 99.79 | gi|169627108|ref|NC_010397.1|_Mycobacterium_abscessus_chromosome__complete_sequence scf7180000028519_1
			  Extensive misassembly ( relocation, inconsistency = 3617 ) between these two alignments
			Real Alignment 2: 3023283 3042620 | 19338 1 | 19338 19338 | 99.82 | gi|169627108|ref|NC_010397.1|_Mycobacterium_abscessus_chromosome__complete_sequence scf7180000028519_1

CONTIG: scf7180000028505_1 (54807bp)
Top Length: 54807  Top ID: 99.99
		One align captures most of this contig: 2923691 2978502 | 54807 1 | 54812 54807 | 99.99 | gi|169627108|ref|NC_010397.1|_Mycobacterium_abscessus_chromosome__complete_sequence scf7180000028505_1

CONTIG: scf7180000028465_1 (89623bp)
Top Length: 89623  Top ID: 99.99
		One align captures most of this contig: 3082562 3172190 | 1 89623 | 89629 89623 | 99.99 | gi|169627108|ref|NC_010397.1|_Mycobacterium_abscessus_chromosome__complete_sequence scf7180000028465_1

CONTIG: scf7180000028495_1 (28721bp)
Top Length: 28721  Top ID: 99.99
		One align captures most of this contig: 4839339 4868061 | 28721 1 | 28723 28721 | 99.99 | gi|169627108|ref|NC_010397.1|_Mycobacterium_abscessus_chromosome__complete_sequence scf7180000028495_1

CONTIG: scf7180000028520_1 (16497bp)
Top Length: 16124  Top ID: 100.0
		This contig is misassembled. 2 total aligns.
			Real Alignment 1: 4356902 4357275 | 1 374 | 374 374 | 97.86 | gi|169627108|ref|NC_010397.1|_Mycobacterium_abscessus_chromosome__complete_sequence scf7180000028520_1
			  Gap between these two alignments (local misassembly). Inconsistency = 180
			Real Alignment 2: 4357455 4373578 | 374 16497 | 16124 16124 | 100.0 | gi|169627108|ref|NC_010397.1|_Mycobacterium_abscessus_chromosome__complete_sequence scf7180000028520_1

CONTIG: scf7180000028442_1 (13911bp)
Top Length: 13911  Top ID: 99.98
		One align captures most of this contig: 1640914 1654827 | 13911 1 | 13914 13911 | 99.98 | gi|169627108|ref|NC_010397.1|_Mycobacterium_abscessus_chromosome__complete_sequence scf7180000028442_1

CONTIG: scf7180000028426_1 (15008bp)
Top Length: 15008  Top ID: 99.97
		One align captures most of this contig: 3570927 3585937 | 15008 1 | 15011 15008 | 99.97 | gi|169627108|ref|NC_010397.1|_Mycobacterium_abscessus_chromosome__complete_sequence scf7180000028426_1

CONTIG: scf7180000028514_1 (120473bp)
Top Length: 120473  Top ID: 99.99
		One align captures most of this contig: 3310057 3430529 | 1 120473 | 120473 120473 | 99.99 | gi|169627108|ref|NC_010397.1|_Mycobacterium_abscessus_chromosome__complete_sequence scf7180000028514_1

CONTIG: scf7180000028522_1 (3814bp)
Top Length: 3814  Top ID: 99.97
		One align captures most of this contig: 4959756 4963570 | 1 3814 | 3815 3814 | 99.97 | gi|169627108|ref|NC_010397.1|_Mycobacterium_abscessus_chromosome__complete_sequence scf7180000028522_1

CONTIG: scf7180000028471_1 (22515bp)
Top Length: 22515  Top ID: 99.99
		One align captures most of this contig: 637040 659556 | 1 22515 | 22517 22515 | 99.99 | gi|169627108|ref|NC_010397.1|_Mycobacterium_abscessus_chromosome__complete_sequence scf7180000028471_1

CONTIG: scf7180000028487_1 (2448bp)
Top Length: 2448  Top ID: 99.96
		One align captures most of this contig: 2614390 2616837 | 1 2448 | 2448 2448 | 99.96 | gi|169627108|ref|NC_010397.1|_Mycobacterium_abscessus_chromosome__complete_sequence scf7180000028487_1

CONTIG: scf7180000028512_1 (144567bp)
Top Length: 144567  Top ID: 99.99
		One align captures most of this contig: 2658699 2803274 | 144567 1 | 144576 144567 | 99.99 | gi|169627108|ref|NC_010397.1|_Mycobacterium_abscessus_chromosome__complete_sequence scf7180000028512_1

CONTIG: scf7180000028449_1 (25428bp)
Top Length: 25428  Top ID: 99.98
		One align captures most of this contig: 84330 109761 | 1 25428 | 25432 25428 | 99.98 | gi|169627108|ref|NC_010397.1|_Mycobacterium_abscessus_chromosome__complete_sequence scf7180000028449_1

CONTIG: scf7180000028424_1 (1337bp)
Top Length: 1337  Top ID: 100.0
		One align captures most of this contig: 1633782 1635118 | 1 1337 | 1337 1337 | 100.0 | gi|169627108|ref|NC_010397.1|_Mycobacterium_abscessus_chromosome__complete_sequence scf7180000028424_1

CONTIG: scf7180000028458_1 (2659bp)
Top Length: 2659  Top ID: 100.0
		One align captures most of this contig: 455510 458168 | 2659 1 | 2659 2659 | 100.0 | gi|169627108|ref|NC_010397.1|_Mycobacterium_abscessus_chromosome__complete_sequence scf7180000028458_1

CONTIG: scf7180000028417_1 (6153bp)
Top Length: 6151  Top ID: 100.0
		One align captures most of this contig: 965665 971815 | 1 6151 | 6151 6151 | 100.0 | gi|169627108|ref|NC_010397.1|_Mycobacterium_abscessus_chromosome__complete_sequence scf7180000028417_1

CONTIG: scf7180000028481_1 (26442bp)
Top Length: 26442  Top ID: 99.97
		Marking as insignificant: 453445 454041 | 25846 26442 | 597 597 | 97.99 | gi|169627108|ref|NC_010397.1|_Mycobacterium_abscessus_chromosome__complete_sequence scf7180000028481_1
		One align captures most of this contig: 1278510 1304954 | 26442 1 | 26445 26442 | 99.97 | gi|169627108|ref|NC_010397.1|_Mycobacterium_abscessus_chromosome__complete_sequence scf7180000028481_1

CONTIG: scf7180000028417_2 (35237bp)
Top Length: 35237  Top ID: 99.99
		One align captures most of this contig: 971820 1007057 | 1 35237 | 35238 35237 | 99.99 | gi|169627108|ref|NC_010397.1|_Mycobacterium_abscessus_chromosome__complete_sequence scf7180000028417_2

CONTIG: scf7180000028473_2 (101463bp)
Top Length: 101463  Top ID: 99.99
		One align captures most of this contig: 3767254 3868723 | 1 101463 | 101470 101463 | 99.99 | gi|169627108|ref|NC_010397.1|_Mycobacterium_abscessus_chromosome__complete_sequence scf7180000028473_2

CONTIG: scf7180000028473_1 (22184bp)
Top Length: 22127  Top ID: 99.99
		One align captures most of this contig: 3745133 3767262 | 58 22184 | 22130 22127 | 99.99 | gi|169627108|ref|NC_010397.1|_Mycobacterium_abscessus_chromosome__complete_sequence scf7180000028473_1

CONTIG: scf7180000028480_1 (1196bp)
Top Length: 1196  Top ID: 100.0
		One align captures most of this contig: 2492256 2493451 | 1 1196 | 1196 1196 | 100.0 | gi|169627108|ref|NC_010397.1|_Mycobacterium_abscessus_chromosome__complete_sequence scf7180000028480_1

CONTIG: scf7180000028475_1 (2402bp)
Top Length: 2399  Top ID: 100.0
		One align captures most of this contig: 1393384 1395782 | 2399 1 | 2399 2399 | 100.0 | gi|169627108|ref|NC_010397.1|_Mycobacterium_abscessus_chromosome__complete_sequence scf7180000028475_1

CONTIG: scf7180000028503_1 (42542bp)
Top Length: 42542  Top ID: 99.99
		One align captures most of this contig: 4261070 4303613 | 42542 1 | 42544 42542 | 99.99 | gi|169627108|ref|NC_010397.1|_Mycobacterium_abscessus_chromosome__complete_sequence scf7180000028503_1

CONTIG: scf7180000028516_1 (101498bp)
Top Length: 101498  Top ID: 99.99
		One align captures most of this contig: 3439227 3540729 | 101498 1 | 101503 101498 | 99.99 | gi|169627108|ref|NC_010397.1|_Mycobacterium_abscessus_chromosome__complete_sequence scf7180000028516_1

CONTIG: scf7180000028485_1 (38766bp)
Top Length: 38766  Top ID: 99.99
		One align captures most of this contig: 496299 535066 | 1 38766 | 38768 38766 | 99.99 | gi|169627108|ref|NC_010397.1|_Mycobacterium_abscessus_chromosome__complete_sequence scf7180000028485_1

CONTIG: scf7180000028482_1 (45491bp)
Top Length: 45491  Top ID: 100.0
		Marking as insignificant: 1578971 1579065 | 95 1 | 95 95 | 98.95 | gi|169627108|ref|NC_010397.1|_Mycobacterium_abscessus_chromosome__complete_sequence scf7180000028482_1
		One align captures most of this contig: 174989 220479 | 45491 1 | 45491 45491 | 100.0 | gi|169627108|ref|NC_010397.1|_Mycobacterium_abscessus_chromosome__complete_sequence scf7180000028482_1

CONTIG: scf7180000028477_1 (25414bp)
Top Length: 25414  Top ID: 100.0
		Marking as insignificant: 3252064 3252466 | 25414 25012 | 403 403 | 99.01 | gi|169627108|ref|NC_010397.1|_Mycobacterium_abscessus_chromosome__complete_sequence scf7180000028477_1
		One align captures most of this contig: 534972 560385 | 1 25414 | 25414 25414 | 100.0 | gi|169627108|ref|NC_010397.1|_Mycobacterium_abscessus_chromosome__complete_sequence scf7180000028477_1

Analyzing coverage...
Writing SNPs into /usit/invitro/data/galaxy/master/sabbai/galaxy-dist/database/job_working_directory/001/1625/dataset_1707_files/Scaffold/contigs_reports/nucmer_output/MA-H-Cabog-Scaffold_broken.used_snps
	Reference gi|169627108|ref|NC_010397.1|_Mycobacterium_abscessus_chromosome__complete_sequence: 139 total alignments. 1 total regions.
		Region: 1 to 5067172 (5067172 bp)
			Align 1: 1 21013 scf7180000028497_1 23476 44485
				Negative gap (overlap) between this and next alignment: 21013 to 21010 (-3 bp)
				Next Alignment: 21010 28508 scf7180000028497_2 1 7499

			Previous gap was negative, modifying coordinates to ignore overlap
				Moving contig start from 1 to 5.
			Align 2: 21014 28508 scf7180000028497_2 5 7499
				Negative gap (overlap) between this and next alignment: 28508 to 28450 (-58 bp)
				Next Alignment: 28450 44279 scf7180000028497_2 7375 23204

			Previous gap was negative, modifying coordinates to ignore overlap
				Moving contig start from 7375 to 7434.
			Align 3: 28509 44279 scf7180000028497_2 7434 23204
				Gap between this and next alignment: 44279 to 45805 (1525 bp)
				Next Alignment: 45805 84424 scf7180000028518_1 476 39092

			Align 4: 45805 84424 scf7180000028518_1 476 39092
				Negative gap (overlap) between this and next alignment: 84424 to 84330 (-94 bp)
				Next Alignment: 84330 109761 scf7180000028449_1 1 25428

			Previous gap was negative, modifying coordinates to ignore overlap
				Moving contig start from 1 to 96.
			Align 5: 84425 109761 scf7180000028449_1 96 25428
				Gap between this and next alignment: 109761 to 109993 (231 bp)
				Next Alignment: 109993 146656 scf7180000028450_1 61 36723

			Align 6: 109993 146656 scf7180000028450_1 61 36723
				Negative gap (overlap) between this and next alignment: 146656 to 146561 (-95 bp)
				Next Alignment: 146561 174989 scf7180000028467_1 28426 1

			Previous gap was negative, modifying coordinates to ignore overlap
				Moving contig start from 28426 to 28330.
			Align 7: 146657 174989 scf7180000028467_1 28330 1
				Negative gap (overlap) between this and next alignment: 174989 to 174989 (0 bp)
				Next Alignment: 174989 220479 scf7180000028482_1 45491 1

			Previous gap was negative, modifying coordinates to ignore overlap
				Moving contig start from 45491 to 45490.
			Align 8: 174990 220479 scf7180000028482_1 45490 1
				Negative gap (overlap) between this and next alignment: 220479 to 220385 (-94 bp)
				Next Alignment: 220385 315223 scf7180000028507_2 78424 173282

			Previous gap was negative, modifying coordinates to ignore overlap
				Moving contig start from 78424 to 78519.
			Align 9: 220480 315223 scf7180000028507_2 78519 173282
				Negative gap (overlap) between this and next alignment: 315223 to 315137 (-86 bp)
				Next Alignment: 315137 342931 scf7180000028446_1 1 27794

			Previous gap was negative, modifying coordinates to ignore overlap
				Moving contig start from 1 to 88.
			Align 10: 315224 342931 scf7180000028446_1 88 27794
				Negative gap (overlap) between this and next alignment: 342931 to 342896 (-35 bp)
				Next Alignment: 342896 453402 scf7180000028488_1 1 110503

			Previous gap was negative, modifying coordinates to ignore overlap
				Moving contig start from 1 to 37.
			Align 11: 342932 453402 scf7180000028488_1 37 110503
				Gap between this and next alignment: 453402 to 455510 (2107 bp)
				Next Alignment: 455510 458168 scf7180000028458_1 2659 1

			Align 12: 455510 458168 scf7180000028458_1 2659 1
				Gap between this and next alignment: 458168 to 458953 (784 bp)
				Next Alignment: 458953 463858 scf7180000028455_1 4905 1

			Align 13: 458953 463858 scf7180000028455_1 4905 1
				Gap between this and next alignment: 463858 to 472032 (8173 bp)
				Next Alignment: 472032 473970 scf7180000028422_1 1 1939

			Align 14: 472032 473970 scf7180000028422_1 1 1939
				Negative gap (overlap) between this and next alignment: 473970 to 473645 (-325 bp)
				Next Alignment: 473645 480327 scf7180000028423_1 1 6682

			Previous gap was negative, modifying coordinates to ignore overlap
				Moving contig start from 1 to 327.
			Align 15: 473971 480327 scf7180000028423_1 327 6682
				Negative gap (overlap) between this and next alignment: 480327 to 480309 (-18 bp)
				Next Alignment: 480309 488379 scf7180000028423_2 1 8071

			Previous gap was negative, modifying coordinates to ignore overlap
				Moving contig start from 1 to 20.
			Align 16: 480328 488379 scf7180000028423_2 20 8071
				Gap between this and next alignment: 488379 to 490307 (1927 bp)
				Next Alignment: 490307 496393 scf7180000028491_1 1 6087

			Align 17: 490307 496393 scf7180000028491_1 1 6087
				Negative gap (overlap) between this and next alignment: 496393 to 496299 (-94 bp)
				Next Alignment: 496299 535066 scf7180000028485_1 1 38766

			Previous gap was negative, modifying coordinates to ignore overlap
				Moving contig start from 1 to 96.
			Align 18: 496394 535066 scf7180000028485_1 96 38766
				Negative gap (overlap) between this and next alignment: 535066 to 534972 (-94 bp)
				Next Alignment: 534972 560385 scf7180000028477_1 1 25414

			Previous gap was negative, modifying coordinates to ignore overlap
				Moving contig start from 1 to 96.
			Align 19: 535067 560385 scf7180000028477_1 96 25414
				Negative gap (overlap) between this and next alignment: 560385 to 559983 (-402 bp)
				Next Alignment: 559983 636669 scf7180000028506_1 76684 1

			Previous gap was negative, modifying coordinates to ignore overlap
				Moving contig start from 76684 to 76281.
			Align 20: 560386 636669 scf7180000028506_1 76281 1
				Gap between this and next alignment: 636669 to 637040 (370 bp)
				Next Alignment: 637040 659556 scf7180000028471_1 1 22515

			Align 21: 637040 659556 scf7180000028471_1 1 22515
				Gap between this and next alignment: 659556 to 659993 (436 bp)
				Next Alignment: 659993 670144 scf7180000028479_1 1 10150

			Align 22: 659993 670144 scf7180000028479_1 1 10150
				Gap between this and next alignment: 670144 to 670188 (43 bp)
				Next Alignment: 670188 679603 scf7180000028476_1 1 9416

			Align 23: 670188 679603 scf7180000028476_1 1 9416
				Gap between this and next alignment: 679603 to 682031 (2427 bp)
				Next Alignment: 682031 726003 scf7180000028476_1 9415 53386

			Align 24: 682031 726003 scf7180000028476_1 9415 53386
				Gap between this and next alignment: 726003 to 726011 (7 bp)
				Next Alignment: 726011 756452 scf7180000028476_2 1 30442

			Align 25: 726011 756452 scf7180000028476_2 1 30442
				Negative gap (overlap) between this and next alignment: 756452 to 756262 (-190 bp)
				Next Alignment: 756262 803158 scf7180000028419_3 46897 1

			Previous gap was negative, modifying coordinates to ignore overlap
				Moving contig start from 46897 to 46706.
			Align 26: 756453 803158 scf7180000028419_3 46706 1
				Negative gap (overlap) between this and next alignment: 803158 to 803155 (-3 bp)
				Next Alignment: 803155 826599 scf7180000028419_2 23445 1

			Previous gap was negative, modifying coordinates to ignore overlap
				Moving contig start from 23445 to 23441.
			Align 27: 803159 826599 scf7180000028419_2 23441 1
				Negative gap (overlap) between this and next alignment: 826599 to 826590 (-9 bp)
				Next Alignment: 826590 829880 scf7180000028419_1 3291 1

			Previous gap was negative, modifying coordinates to ignore overlap
				Moving contig start from 3291 to 3281.
			Align 28: 826600 829880 scf7180000028419_1 3281 1
				Negative gap (overlap) between this and next alignment: 829880 to 829784 (-96 bp)
				Next Alignment: 829784 836423 scf7180000028418_1 6640 1

			Previous gap was negative, modifying coordinates to ignore overlap
				Moving contig start from 6640 to 6543.
			Align 29: 829881 836423 scf7180000028418_1 6543 1
				Negative gap (overlap) between this and next alignment: 836423 to 836417 (-6 bp)
				Next Alignment: 836417 842280 scf7180000028429_1 1 5864

			Previous gap was negative, modifying coordinates to ignore overlap
				Moving contig start from 1 to 8.
			Align 30: 836424 842280 scf7180000028429_1 8 5864
				Negative gap (overlap) between this and next alignment: 842280 to 842184 (-96 bp)
				Next Alignment: 842184 848865 scf7180000028440_1 6682 1

			Previous gap was negative, modifying coordinates to ignore overlap
				Moving contig start from 6682 to 6585.
			Align 31: 842281 848865 scf7180000028440_1 6585 1
				Negative gap (overlap) between this and next alignment: 848865 to 848772 (-93 bp)
				Next Alignment: 848772 866933 scf7180000028523_2 1 18162

			Previous gap was negative, modifying coordinates to ignore overlap
				Moving contig start from 1 to 95.
			Align 32: 848866 866933 scf7180000028523_2 95 18162
				Gap between this and next alignment: 866933 to 866978 (44 bp)
				Next Alignment: 866978 924100 scf7180000028493_2 57122 1

			Align 33: 866978 924100 scf7180000028493_2 57122 1
				Gap between this and next alignment: 924100 to 924103 (2 bp)
				Next Alignment: 924103 965757 scf7180000028493_1 41696 46

			Align 34: 924103 965757 scf7180000028493_1 41696 46
				Negative gap (overlap) between this and next alignment: 965757 to 965665 (-92 bp)
				Next Alignment: 965665 971815 scf7180000028417_1 1 6151

			Previous gap was negative, modifying coordinates to ignore overlap
				Moving contig start from 1 to 94.
			Align 35: 965758 971815 scf7180000028417_1 94 6151
				Gap between this and next alignment: 971815 to 971820 (4 bp)
				Next Alignment: 971820 1007057 scf7180000028417_2 1 35237

			Align 36: 971820 1007057 scf7180000028417_2 1 35237
				Negative gap (overlap) between this and next alignment: 1007057 to 1006964 (-93 bp)
				Next Alignment: 1006964 1016624 scf7180000028453_1 1 9661

			Previous gap was negative, modifying coordinates to ignore overlap
				Moving contig start from 1 to 95.
			Align 37: 1007058 1016624 scf7180000028453_1 95 9661
				Gap between this and next alignment: 1016624 to 1016834 (209 bp)
				Next Alignment: 1016834 1021018 scf7180000028436_1 53 4237

			Align 38: 1016834 1021018 scf7180000028436_1 53 4237
				Negative gap (overlap) between this and next alignment: 1021018 to 1020921 (-97 bp)
				Next Alignment: 1020921 1036576 scf7180000028498_1 15656 1

			Previous gap was negative, modifying coordinates to ignore overlap
				Moving contig start from 15656 to 15558.
			Align 39: 1021019 1036576 scf7180000028498_1 15558 1
				Gap between this and next alignment: 1036576 to 1036673 (96 bp)
				Next Alignment: 1036673 1051140 scf7180000028486_1 1 14468

			Align 40: 1036673 1051140 scf7180000028486_1 1 14468
				Negative gap (overlap) between this and next alignment: 1051140 to 1050881 (-259 bp)
				Next Alignment: 1050881 1083192 scf7180000028510_1 32309 1

			Previous gap was negative, modifying coordinates to ignore overlap
				Moving contig start from 32309 to 32049.
			Align 41: 1051141 1083192 scf7180000028510_1 32049 1
				Gap between this and next alignment: 1083192 to 1102713 (19520 bp)
				Next Alignment: 1102713 1129068 scf7180000028447_1 29042 55395

			Align 42: 1102713 1129068 scf7180000028447_1 29042 55395
				Negative gap (overlap) between this and next alignment: 1129068 to 1128973 (-95 bp)
				Next Alignment: 1128973 1145016 scf7180000028448_1 32 16074

			Previous gap was negative, modifying coordinates to ignore overlap
				Moving contig start from 32 to 128.
			Align 43: 1129069 1145016 scf7180000028448_1 128 16074
				Negative gap (overlap) between this and next alignment: 1145016 to 1145001 (-15 bp)
				Next Alignment: 1145001 1160718 scf7180000028431_1 15717 1

			Previous gap was negative, modifying coordinates to ignore overlap
				Moving contig start from 15717 to 15701.
			Align 44: 1145017 1160718 scf7180000028431_1 15701 1
				Negative gap (overlap) between this and next alignment: 1160718 to 1160627 (-91 bp)
				Next Alignment: 1160627 1166059 scf7180000028509_1 1 5433

			Previous gap was negative, modifying coordinates to ignore overlap
				Moving contig start from 1 to 93.
			Align 45: 1160719 1166059 scf7180000028509_1 93 5433
				Gap between this and next alignment: 1166059 to 1166376 (316 bp)
				Next Alignment: 1166376 1277373 scf7180000028509_1 5435 116429

			Align 46: 1166376 1277373 scf7180000028509_1 5435 116429
				Gap between this and next alignment: 1277373 to 1278510 (1136 bp)
				Next Alignment: 1278510 1304954 scf7180000028481_1 26442 1

			Align 47: 1278510 1304954 scf7180000028481_1 26442 1
				Gap between this and next alignment: 1304954 to 1305237 (282 bp)
				Next Alignment: 1305237 1307640 scf7180000028430_1 1 2404

			Align 48: 1305237 1307640 scf7180000028430_1 1 2404
				Negative gap (overlap) between this and next alignment: 1307640 to 1307548 (-92 bp)
				Next Alignment: 1307548 1315415 scf7180000028428_2 78165 70298

			Previous gap was negative, modifying coordinates to ignore overlap
				Moving contig start from 78165 to 78072.
			Align 49: 1307641 1315415 scf7180000028428_2 78072 70298
				Gap between this and next alignment: 1315415 to 1315474 (58 bp)
				Next Alignment: 1315474 1385951 scf7180000028428_2 70470 1

			Align 50: 1315474 1385951 scf7180000028428_2 70470 1
				Gap between this and next alignment: 1385951 to 1386141 (189 bp)
				Next Alignment: 1386141 1393325 scf7180000028428_1 7185 1

			Align 51: 1386141 1393325 scf7180000028428_1 7185 1
				Gap between this and next alignment: 1393325 to 1393384 (58 bp)
				Next Alignment: 1393384 1395782 scf7180000028475_1 2399 1

			Align 52: 1393384 1395782 scf7180000028475_1 2399 1
				Gap between this and next alignment: 1395782 to 1396052 (269 bp)
				Next Alignment: 1396052 1404570 scf7180000028523_1 1 8519

			Align 53: 1396052 1404570 scf7180000028523_1 1 8519
				Negative gap (overlap) between this and next alignment: 1404570 to 1404474 (-96 bp)
				Next Alignment: 1404474 1462113 scf7180000028507_1 1 57634

			Previous gap was negative, modifying coordinates to ignore overlap
				Moving contig start from 1 to 98.
			Align 54: 1404571 1462113 scf7180000028507_1 98 57634
				Negative gap (overlap) between this and next alignment: 1462113 to 1461978 (-135 bp)
				Next Alignment: 1461978 1500538 scf7180000028507_1 57371 95927

			Previous gap was negative, modifying coordinates to ignore overlap
				Moving contig start from 57371 to 57507.
			Align 55: 1462114 1500538 scf7180000028507_1 57507 95927
				Gap between this and next alignment: 1500538 to 1500546 (7 bp)
				Next Alignment: 1500546 1580532 scf7180000028507_2 3 79972

			Align 56: 1500546 1580532 scf7180000028507_2 3 79972
				Negative gap (overlap) between this and next alignment: 1580532 to 1580355 (-177 bp)
				Next Alignment: 1580355 1590190 scf7180000028483_1 1 9836

			Previous gap was negative, modifying coordinates to ignore overlap
				Moving contig start from 1 to 179.
			Align 57: 1580533 1590190 scf7180000028483_1 179 9836
				Negative gap (overlap) between this and next alignment: 1590190 to 1590092 (-98 bp)
				Next Alignment: 1590092 1633877 scf7180000028522_2 43785 1

			Previous gap was negative, modifying coordinates to ignore overlap
				Moving contig start from 43785 to 43686.
			Align 58: 1590191 1633877 scf7180000028522_2 43686 1
				Negative gap (overlap) between this and next alignment: 1633877 to 1633782 (-95 bp)
				Next Alignment: 1633782 1635118 scf7180000028424_1 1 1337

			Previous gap was negative, modifying coordinates to ignore overlap
				Moving contig start from 1 to 97.
			Align 59: 1633878 1635118 scf7180000028424_1 97 1337
				Gap between this and next alignment: 1635118 to 1635443 (324 bp)
				Next Alignment: 1635443 1641007 scf7180000028421_1 5565 1

			Align 60: 1635443 1641007 scf7180000028421_1 5565 1
				Negative gap (overlap) between this and next alignment: 1641007 to 1640914 (-93 bp)
				Next Alignment: 1640914 1654827 scf7180000028442_1 13911 1

			Previous gap was negative, modifying coordinates to ignore overlap
				Moving contig start from 13911 to 13817.
			Align 61: 1641008 1654827 scf7180000028442_1 13817 1
				Negative gap (overlap) between this and next alignment: 1654827 to 1654745 (-82 bp)
				Next Alignment: 1654745 1893092 scf7180000028500_1 238341 1

			Previous gap was negative, modifying coordinates to ignore overlap
				Moving contig start from 238341 to 238258.
			Align 62: 1654828 1893092 scf7180000028500_1 238258 1
				Negative gap (overlap) between this and next alignment: 1893092 to 1893086 (-6 bp)
				Next Alignment: 1893086 1944047 scf7180000028469_1 1 50959

			Previous gap was negative, modifying coordinates to ignore overlap
				Moving contig start from 1 to 8.
			Align 63: 1893093 1944047 scf7180000028469_1 8 50959
				Gap between this and next alignment: 1944047 to 1944728 (680 bp)
				Next Alignment: 1944728 1963499 scf7180000028501_1 18772 1

			Align 64: 1944728 1963499 scf7180000028501_1 18772 1
				Gap between this and next alignment: 1963499 to 1964548 (1048 bp)
				Next Alignment: 1964548 1965877 scf7180000028433_2 1 1330

			Align 65: 1964548 1965877 scf7180000028433_2 1 1330
				Gap between this and next alignment: 1965877 to 1965966 (88 bp)
				Next Alignment: 1965966 1972902 scf7180000028433_3 1 6936

			Align 66: 1965966 1972902 scf7180000028433_3 1 6936
				Gap between this and next alignment: 1972902 to 1972961 (58 bp)
				Next Alignment: 1972961 2041542 scf7180000028451_1 1 68581

			Align 67: 1972961 2041542 scf7180000028451_1 1 68581
				Negative gap (overlap) between this and next alignment: 2041542 to 2041450 (-92 bp)
				Next Alignment: 2041450 2048260 scf7180000028457_1 1 6811

			Previous gap was negative, modifying coordinates to ignore overlap
				Moving contig start from 1 to 94.
			Align 68: 2041543 2048260 scf7180000028457_1 94 6811
				Negative gap (overlap) between this and next alignment: 2048260 to 2048244 (-16 bp)
				Next Alignment: 2048244 2157307 scf7180000028457_2 1 109060

			Previous gap was negative, modifying coordinates to ignore overlap
				Moving contig start from 1 to 18.
			Align 69: 2048261 2157307 scf7180000028457_2 18 109060
				Negative gap (overlap) between this and next alignment: 2157307 to 2157216 (-91 bp)
				Next Alignment: 2157216 2251557 scf7180000028496_1 24 94359

			Previous gap was negative, modifying coordinates to ignore overlap
				Moving contig start from 24 to 116.
			Align 70: 2157308 2251557 scf7180000028496_1 116 94359
				Negative gap (overlap) between this and next alignment: 2251557 to 2251297 (-260 bp)
				Next Alignment: 2251297 2252379 scf7180000028518_1 1082 1

			Previous gap was negative, modifying coordinates to ignore overlap
				Moving contig start from 1082 to 821.
			Align 71: 2251558 2252379 scf7180000028518_1 821 1
				Gap between this and next alignment: 2252379 to 2253464 (1084 bp)
				Next Alignment: 2253464 2348056 scf7180000028468_1 94591 1

			Align 72: 2253464 2348056 scf7180000028468_1 94591 1
				Gap between this and next alignment: 2348056 to 2348845 (788 bp)
				Next Alignment: 2348845 2394692 scf7180000028432_3 45845 1

			Align 73: 2348845 2394692 scf7180000028432_3 45845 1
				Negative gap (overlap) between this and next alignment: 2394692 to 2394673 (-19 bp)
				Next Alignment: 2394673 2474848 scf7180000028432_2 80174 1

			Previous gap was negative, modifying coordinates to ignore overlap
				Moving contig start from 80174 to 80154.
			Align 74: 2394693 2474848 scf7180000028432_2 80154 1
				Gap between this and next alignment: 2474848 to 2474853 (4 bp)
				Next Alignment: 2474853 2492006 scf7180000028432_1 17212 60

			Align 75: 2474853 2492006 scf7180000028432_1 17212 60
				Gap between this and next alignment: 2492006 to 2492256 (249 bp)
				Next Alignment: 2492256 2493451 scf7180000028480_1 1 1196

			Align 76: 2492256 2493451 scf7180000028480_1 1 1196
				Gap between this and next alignment: 2493451 to 2494022 (570 bp)
				Next Alignment: 2494022 2521366 scf7180000028425_1 27345 1

			Align 77: 2494022 2521366 scf7180000028425_1 27345 1
				Gap between this and next alignment: 2521366 to 2521579 (212 bp)
				Next Alignment: 2521579 2594428 scf7180000028444_1 1 72848

			Align 78: 2521579 2594428 scf7180000028444_1 1 72848
				Negative gap (overlap) between this and next alignment: 2594428 to 2594332 (-96 bp)
				Next Alignment: 2594332 2597135 scf7180000028452_1 1 2804

			Previous gap was negative, modifying coordinates to ignore overlap
				Moving contig start from 1 to 98.
			Align 79: 2594429 2597135 scf7180000028452_1 98 2804
				Gap between this and next alignment: 2597135 to 2597437 (301 bp)
				Next Alignment: 2597437 2603184 scf7180000028478_1 1 5748

			Align 80: 2597437 2603184 scf7180000028478_1 1 5748
				Gap between this and next alignment: 2603184 to 2603843 (658 bp)
				Next Alignment: 2603843 2613919 scf7180000028513_1 10077 1

			Align 81: 2603843 2613919 scf7180000028513_1 10077 1
				Gap between this and next alignment: 2613919 to 2614390 (470 bp)
				Next Alignment: 2614390 2616837 scf7180000028487_1 1 2448

			Align 82: 2614390 2616837 scf7180000028487_1 1 2448
				Negative gap (overlap) between this and next alignment: 2616837 to 2616577 (-260 bp)
				Next Alignment: 2616577 2659469 scf7180000028462_1 1 42892

			Previous gap was negative, modifying coordinates to ignore overlap
				Moving contig start from 1 to 262.
			Align 83: 2616838 2659469 scf7180000028462_1 262 42892
				Negative gap (overlap) between this and next alignment: 2659469 to 2658699 (-770 bp)
				Next Alignment: 2658699 2803274 scf7180000028512_1 144567 1

			Previous gap was negative, modifying coordinates to ignore overlap
				Moving contig start from 144567 to 143796.
			Align 84: 2659470 2803274 scf7180000028512_1 143796 1
				Negative gap (overlap) between this and next alignment: 2803274 to 2803177 (-97 bp)
				Next Alignment: 2803177 2816837 scf7180000028441_1 13661 1

			Previous gap was negative, modifying coordinates to ignore overlap
				Moving contig start from 13661 to 13563.
			Align 85: 2803275 2816837 scf7180000028441_1 13563 1
				Gap between this and next alignment: 2816837 to 2817213 (375 bp)
				Next Alignment: 2817213 2898577 scf7180000028502_1 1 81416

			Align 86: 2817213 2898577 scf7180000028502_1 1 81416
				Negative gap (overlap) between this and next alignment: 2898577 to 2898549 (-28 bp)
				Next Alignment: 2898549 2923786 scf7180000028474_1 1 25237

			Previous gap was negative, modifying coordinates to ignore overlap
				Moving contig start from 1 to 30.
			Align 87: 2898578 2923786 scf7180000028474_1 30 25237
				Negative gap (overlap) between this and next alignment: 2923786 to 2923691 (-95 bp)
				Next Alignment: 2923691 2978502 scf7180000028505_1 54807 1

			Previous gap was negative, modifying coordinates to ignore overlap
				Moving contig start from 54807 to 54711.
			Align 88: 2923787 2978502 scf7180000028505_1 54711 1
				Negative gap (overlap) between this and next alignment: 2978502 to 2978422 (-80 bp)
				Next Alignment: 2978422 3020798 scf7180000028519_1 60574 18206

			Previous gap was negative, modifying coordinates to ignore overlap
				Moving contig start from 60574 to 60493.
			Align 89: 2978503 3020798 scf7180000028519_1 60493 18206
				Negative gap (overlap) between this and next alignment: 3020798 to 3020705 (-93 bp)
				Next Alignment: 3020705 3023543 scf7180000028466_1 2839 1

			Previous gap was negative, modifying coordinates to ignore overlap
				Moving contig start from 2839 to 2745.
			Align 90: 3020799 3023543 scf7180000028466_1 2745 1
				Negative gap (overlap) between this and next alignment: 3023543 to 3023283 (-260 bp)
				Next Alignment: 3023283 3042620 scf7180000028519_1 19338 1

			Previous gap was negative, modifying coordinates to ignore overlap
				Moving contig start from 19338 to 19077.
			Align 91: 3023544 3042620 scf7180000028519_1 19077 1
				Negative gap (overlap) between this and next alignment: 3042620 to 3042522 (-98 bp)
				Next Alignment: 3042522 3082658 scf7180000028484_1 1 40137

			Previous gap was negative, modifying coordinates to ignore overlap
				Moving contig start from 1 to 100.
			Align 92: 3042621 3082658 scf7180000028484_1 100 40137
				Negative gap (overlap) between this and next alignment: 3082658 to 3082562 (-96 bp)
				Next Alignment: 3082562 3172190 scf7180000028465_1 1 89623

			Previous gap was negative, modifying coordinates to ignore overlap
				Moving contig start from 1 to 98.
			Align 93: 3082659 3172190 scf7180000028465_1 98 89623
				Gap between this and next alignment: 3172190 to 3172256 (65 bp)
				Next Alignment: 3172256 3181080 scf7180000028434_1 8864 40

			Align 94: 3172256 3181080 scf7180000028434_1 8864 40
				Gap between this and next alignment: 3181080 to 3181478 (397 bp)
				Next Alignment: 3181478 3244915 scf7180000028490_1 1 63437

			Align 95: 3181478 3244915 scf7180000028490_1 1 63437
				Negative gap (overlap) between this and next alignment: 3244915 to 3244818 (-97 bp)
				Next Alignment: 3244818 3252163 scf7180000028439_1 7346 1

			Previous gap was negative, modifying coordinates to ignore overlap
				Moving contig start from 7346 to 7248.
			Align 96: 3244916 3252163 scf7180000028439_1 7248 1
				Gap between this and next alignment: 3252163 to 3253235 (1071 bp)
				Next Alignment: 3253235 3258675 scf7180000028461_1 5441 1

			Align 97: 3253235 3258675 scf7180000028461_1 5441 1
				Gap between this and next alignment: 3258675 to 3258730 (54 bp)
				Next Alignment: 3258730 3309452 scf7180000028517_1 50722 1

			Align 98: 3258730 3309452 scf7180000028517_1 50722 1
				Gap between this and next alignment: 3309452 to 3310057 (604 bp)
				Next Alignment: 3310057 3430529 scf7180000028514_1 1 120473

			Align 99: 3310057 3430529 scf7180000028514_1 1 120473
				Negative gap (overlap) between this and next alignment: 3430529 to 3430228 (-301 bp)
				Next Alignment: 3430228 3440004 scf7180000028472_1 9783 7

			Previous gap was negative, modifying coordinates to ignore overlap
				Moving contig start from 9783 to 9481.
			Align 100: 3430530 3440004 scf7180000028472_1 9481 7
				Negative gap (overlap) between this and next alignment: 3440004 to 3439227 (-777 bp)
				Next Alignment: 3439227 3540729 scf7180000028516_1 101498 1

			Previous gap was negative, modifying coordinates to ignore overlap
				Moving contig start from 101498 to 100720.
			Align 101: 3440005 3540729 scf7180000028516_1 100720 1
				Negative gap (overlap) between this and next alignment: 3540729 to 3540631 (-98 bp)
				Next Alignment: 3540631 3570121 scf7180000028456_1 29490 1

			Previous gap was negative, modifying coordinates to ignore overlap
				Moving contig start from 29490 to 29391.
			Align 102: 3540730 3570121 scf7180000028456_1 29391 1
				Gap between this and next alignment: 3570121 to 3570927 (805 bp)
				Next Alignment: 3570927 3585937 scf7180000028426_1 15008 1

			Align 103: 3570927 3585937 scf7180000028426_1 15008 1
				Negative gap (overlap) between this and next alignment: 3585937 to 3585542 (-395 bp)
				Next Alignment: 3585542 3734892 scf7180000028492_2 149342 1

			Previous gap was negative, modifying coordinates to ignore overlap
				Moving contig start from 149342 to 148948.
			Align 104: 3585938 3734892 scf7180000028492_2 148948 1
				Gap between this and next alignment: 3734892 to 3734905 (12 bp)
				Next Alignment: 3734905 3744214 scf7180000028492_1 9309 1

			Align 105: 3734905 3744214 scf7180000028492_1 9309 1
				Gap between this and next alignment: 3744214 to 3745133 (918 bp)
				Next Alignment: 3745133 3767262 scf7180000028473_1 58 22184

			Align 106: 3745133 3767262 scf7180000028473_1 58 22184
				Negative gap (overlap) between this and next alignment: 3767262 to 3767254 (-8 bp)
				Next Alignment: 3767254 3868723 scf7180000028473_2 1 101463

			Previous gap was negative, modifying coordinates to ignore overlap
				Moving contig start from 1 to 10.
			Align 107: 3767263 3868723 scf7180000028473_2 10 101463
				Negative gap (overlap) between this and next alignment: 3868723 to 3868625 (-98 bp)
				Next Alignment: 3868625 3924480 scf7180000028489_1 1 55849

			Previous gap was negative, modifying coordinates to ignore overlap
				Moving contig start from 1 to 100.
			Align 108: 3868724 3924480 scf7180000028489_1 100 55849
				Negative gap (overlap) between this and next alignment: 3924480 to 3924384 (-96 bp)
				Next Alignment: 3924384 4067143 scf7180000028511_1 1 142752

			Previous gap was negative, modifying coordinates to ignore overlap
				Moving contig start from 1 to 98.
			Align 109: 3924481 4067143 scf7180000028511_1 98 142752
				Gap between this and next alignment: 4067143 to 4067880 (736 bp)
				Next Alignment: 4067880 4144799 scf7180000028443_1 106024 29138

			Align 110: 4067880 4144799 scf7180000028443_1 106024 29138
				Gap between this and next alignment: 4144799 to 4147042 (2242 bp)
				Next Alignment: 4147042 4176180 scf7180000028443_1 29139 1

			Align 111: 4147042 4176180 scf7180000028443_1 29139 1
				Negative gap (overlap) between this and next alignment: 4176180 to 4176085 (-95 bp)
				Next Alignment: 4176085 4248959 scf7180000028463_1 1 72867

			Previous gap was negative, modifying coordinates to ignore overlap
				Moving contig start from 1 to 97.
			Align 112: 4176181 4248959 scf7180000028463_1 97 72867
				Gap between this and next alignment: 4248959 to 4249977 (1017 bp)
				Next Alignment: 4249977 4261166 scf7180000028438_1 11190 1

			Align 113: 4249977 4261166 scf7180000028438_1 11190 1
				Negative gap (overlap) between this and next alignment: 4261166 to 4261070 (-96 bp)
				Next Alignment: 4261070 4303613 scf7180000028503_1 42542 1

			Previous gap was negative, modifying coordinates to ignore overlap
				Moving contig start from 42542 to 42445.
			Align 114: 4261167 4303613 scf7180000028503_1 42445 1
				Negative gap (overlap) between this and next alignment: 4303613 to 4303522 (-91 bp)
				Next Alignment: 4303522 4334849 scf7180000028515_1 1 31327

			Previous gap was negative, modifying coordinates to ignore overlap
				Moving contig start from 1 to 93.
			Align 115: 4303614 4334849 scf7180000028515_1 93 31327
				Negative gap (overlap) between this and next alignment: 4334849 to 4334819 (-30 bp)
				Next Alignment: 4334819 4353946 scf7180000028460_1 19127 1

			Previous gap was negative, modifying coordinates to ignore overlap
				Moving contig start from 19127 to 19096.
			Align 116: 4334850 4353946 scf7180000028460_1 19096 1
				Gap between this and next alignment: 4353946 to 4354667 (720 bp)
				Next Alignment: 4354667 4356869 scf7180000028437_1 2204 2

			Align 117: 4354667 4356869 scf7180000028437_1 2204 2
				Gap between this and next alignment: 4356869 to 4356902 (32 bp)
				Next Alignment: 4356902 4357275 scf7180000028520_1 1 374

			Align 118: 4356902 4357275 scf7180000028520_1 1 374
				Gap between this and next alignment: 4357275 to 4357455 (179 bp)
				Next Alignment: 4357455 4373578 scf7180000028520_1 374 16497

			Align 119: 4357455 4373578 scf7180000028520_1 374 16497
				Negative gap (overlap) between this and next alignment: 4373578 to 4373569 (-9 bp)
				Next Alignment: 4373569 4394614 scf7180000028504_1 1 21045

			Previous gap was negative, modifying coordinates to ignore overlap
				Moving contig start from 1 to 11.
			Align 120: 4373579 4394614 scf7180000028504_1 11 21045
				Negative gap (overlap) between this and next alignment: 4394614 to 4394570 (-44 bp)
				Next Alignment: 4394570 4517138 scf7180000028504_1 32927 155493

			Previous gap was negative, modifying coordinates to ignore overlap
				Moving contig start from 32927 to 32972.
			Align 121: 4394615 4517138 scf7180000028504_1 32972 155493
				Negative gap (overlap) between this and next alignment: 4517138 to 4517046 (-92 bp)
				Next Alignment: 4517046 4620236 scf7180000028416_1 103188 1

			Previous gap was negative, modifying coordinates to ignore overlap
				Moving contig start from 103188 to 103095.
			Align 122: 4517139 4620236 scf7180000028416_1 103095 1
				Gap between this and next alignment: 4620236 to 4620266 (29 bp)
				Next Alignment: 4620266 4765089 scf7180000028494_1 1 144815

			Align 123: 4620266 4765089 scf7180000028494_1 1 144815
				Negative gap (overlap) between this and next alignment: 4765089 to 4764993 (-96 bp)
				Next Alignment: 4764993 4767462 scf7180000028464_1 1 2469

			Previous gap was negative, modifying coordinates to ignore overlap
				Moving contig start from 1 to 98.
			Align 124: 4765090 4767462 scf7180000028464_1 98 2469
				Negative gap (overlap) between this and next alignment: 4767462 to 4767355 (-107 bp)
				Next Alignment: 4767355 4773943 scf7180000028470_1 6587 1

			Previous gap was negative, modifying coordinates to ignore overlap
				Moving contig start from 6587 to 6479.
			Align 125: 4767463 4773943 scf7180000028470_1 6479 1
				Gap between this and next alignment: 4773943 to 4775599 (1655 bp)
				Next Alignment: 4775599 4794271 scf7180000028470_1 24666 5995

			Align 126: 4775599 4794271 scf7180000028470_1 24666 5995
				Negative gap (overlap) between this and next alignment: 4794271 to 4794093 (-178 bp)
				Next Alignment: 4794093 4797617 scf7180000028459_1 3524 1

			Previous gap was negative, modifying coordinates to ignore overlap
				Moving contig start from 3524 to 3345.
			Align 127: 4794272 4797617 scf7180000028459_1 3345 1
				Gap between this and next alignment: 4797617 to 4798655 (1037 bp)
				Next Alignment: 4798655 4811237 scf7180000028508_1 12581 1

			Align 128: 4798655 4811237 scf7180000028508_1 12581 1
				Gap between this and next alignment: 4811237 to 4811364 (126 bp)
				Next Alignment: 4811364 4814153 scf7180000028420_1 1 2789

			Align 129: 4811364 4814153 scf7180000028420_1 1 2789
				Gap between this and next alignment: 4814153 to 4814810 (656 bp)
				Next Alignment: 4814810 4831748 scf7180000028435_1 16939 1

			Align 130: 4814810 4831748 scf7180000028435_1 16939 1
				Negative gap (overlap) between this and next alignment: 4831748 to 4831650 (-98 bp)
				Next Alignment: 4831650 4839434 scf7180000028427_1 7785 1

			Previous gap was negative, modifying coordinates to ignore overlap
				Moving contig start from 7785 to 7686.
			Align 131: 4831749 4839434 scf7180000028427_1 7686 1
				Negative gap (overlap) between this and next alignment: 4839434 to 4839339 (-95 bp)
				Next Alignment: 4839339 4868061 scf7180000028495_1 28721 1

			Previous gap was negative, modifying coordinates to ignore overlap
				Moving contig start from 28721 to 28625.
			Align 132: 4839435 4868061 scf7180000028495_1 28625 1
				Negative gap (overlap) between this and next alignment: 4868061 to 4867971 (-90 bp)
				Next Alignment: 4867971 4913715 scf7180000028415_2 86477 40735

			Previous gap was negative, modifying coordinates to ignore overlap
				Moving contig start from 86477 to 86386.
			Align 133: 4868062 4913715 scf7180000028415_2 86386 40735
				Negative gap (overlap) between this and next alignment: 4913715 to 4913627 (-88 bp)
				Next Alignment: 4913627 4954546 scf7180000028415_2 40976 59

			Previous gap was negative, modifying coordinates to ignore overlap
				Moving contig start from 40976 to 40887.
			Align 134: 4913716 4954546 scf7180000028415_2 40887 59
				Gap between this and next alignment: 4954546 to 4954597 (50 bp)
				Next Alignment: 4954597 4958993 scf7180000028415_1 4396 1

			Align 135: 4954597 4958993 scf7180000028415_1 4396 1
				Gap between this and next alignment: 4958993 to 4959756 (762 bp)
				Next Alignment: 4959756 4963570 scf7180000028522_1 1 3814

			Align 136: 4959756 4963570 scf7180000028522_1 1 3814
				Negative gap (overlap) between this and next alignment: 4963570 to 4963481 (-89 bp)
				Next Alignment: 4963481 5034695 scf7180000028445_1 71213 1

			Previous gap was negative, modifying coordinates to ignore overlap
				Moving contig start from 71213 to 71123.
			Align 137: 4963571 5034695 scf7180000028445_1 71123 1
				Gap between this and next alignment: 5034695 to 5034721 (25 bp)
				Next Alignment: 5034721 5043794 scf7180000028499_1 1 9074

			Align 138: 5034721 5043794 scf7180000028499_1 1 9074
				Negative gap (overlap) between this and next alignment: 5043794 to 5043696 (-98 bp)
				Next Alignment: 5043696 5067172 scf7180000028497_1 1 23475

			Previous gap was negative, modifying coordinates to ignore overlap
				Moving contig start from 1 to 100.
			Align 139: 5043795 5067172 scf7180000028497_1 100 23475
			END in current alignment.  Modifying 5067172 to 5067172.

ERROR: Reference [$ref] does not have any alignments!  Check that this is the same file used for alignment.
ERROR: Alignment Reference Headers: ['gi|169627108|ref|NC_010397.1|_Mycobacterium_abscessus_chromosome__complete_sequence']
Analysis is finished!
Founded SNPs were written into /usit/invitro/data/galaxy/master/sabbai/galaxy-dist/database/job_working_directory/001/1625/dataset_1707_files/Scaffold/contigs_reports/nucmer_output/MA-H-Cabog-Scaffold_broken.used_snps

Results:
	Local Misassemblies: 6
	Misassemblies: 7
		Relocations: 7
		Translocations: 0
		Inversions: 0
	Misassembled Contigs: 7
	Misassembled Contig Bases: 612517
	Misassmblies Inter-Contig Overlap: 4691
Uncovered Regions: 0 (0)
Unaligned Contigs: 0 + 5 part
Partially Unaligned Contigs with Misassemblies: 2
Unaligned Contig Bases: 65564

Ambiguously Mapped Contigs: 0
Total Bases in Ambiguously Mapped Contigs: 0
Note that --allow-ambiguity option was set to "one" and only first alignment per each contig was used.

	Covered Bases: 5006851

	SNPs: 428
	Insertions: 111
	Deletions: 316

	Positive Gaps: 62
		Internal Gaps:  6
		External Gaps:  56
		External Gap Total:  53444
		External Gap Average: 954
	Negative Gaps: 76
		Internal Overlaps:  4
		External Overlaps:  72
		External Overlaps Total: -8899
		External Overlaps Average: -124
	Contigs with Redundant Alignments: 0 (0)
