Aligning contigs to reference...
	Running Nucmer...
Parsing coords...
Loading Assembly...
Loading reference...
	Loaded [gi|117617447|ref|NC_008570.1|_Aeromonas_hydrophila_subsp._hydrophila_ATCC_7966_chromosome__complete_genome]
Loading SNPs...
Loading regions...
	No regions given, using whole reference.
	Total Regions: 1
	Total Region Length: 4744448
Analyzing contigs...
CONTIG: NODE_270_length_17027_cov_37.665531 (17075bp)
		This contig is unaligned. (17075 bp)
		Unaligned bases: 17075  total: 17075

CONTIG: NODE_22_length_2530_cov_37.303951 (2578bp)
		This contig is unaligned. (2578 bp)
		Unaligned bases: 2578  total: 19653

CONTIG: NODE_7_length_34439_cov_34.320160 (34487bp)
		This contig is unaligned. (34487 bp)
		Unaligned bases: 34487  total: 54140

CONTIG: NODE_260_length_2101_cov_33.191338 (2149bp)
		This contig is unaligned. (2149 bp)
		Unaligned bases: 2149  total: 56289

CONTIG: NODE_46_length_54882_cov_38.266899 (54930bp)
		This contig is unaligned. (54930 bp)
		Unaligned bases: 54930  total: 111219

CONTIG: NODE_142_length_15622_cov_36.702408 (15670bp)
		This contig is unaligned. (15670 bp)
		Unaligned bases: 15670  total: 126889

CONTIG: NODE_123_length_24986_cov_43.746098 (25034bp)
		This contig is unaligned. (25034 bp)
		Unaligned bases: 25034  total: 151923

CONTIG: NODE_5_length_95918_cov_36.744167 (95966bp)
		This contig is unaligned. (95966 bp)
		Unaligned bases: 95966  total: 247889

CONTIG: NODE_50_length_30999_cov_33.465176 (31047bp)
		This contig is unaligned. (31047 bp)
		Unaligned bases: 31047  total: 278936

CONTIG: NODE_13_length_85006_cov_35.482624 (85054bp)
		This contig is unaligned. (85054 bp)
		Unaligned bases: 85054  total: 363990

CONTIG: NODE_172_length_33040_cov_31.612591 (33088bp)
		This contig is unaligned. (33088 bp)
		Unaligned bases: 33088  total: 397078

CONTIG: NODE_226_length_1419_cov_43.031712 (1467bp)
		This contig is unaligned. (1467 bp)
		Unaligned bases: 1467  total: 398545

CONTIG: NODE_67_length_601_cov_33.191349 (649bp)
		This contig is unaligned. (649 bp)
		Unaligned bases: 649  total: 399194

CONTIG: NODE_133_length_8397_cov_40.314995 (8445bp)
		This contig is unaligned. (8445 bp)
		Unaligned bases: 8445  total: 407639

CONTIG: NODE_140_length_11959_cov_29.748642 (12007bp)
		This contig is unaligned. (12007 bp)
		Unaligned bases: 12007  total: 419646

CONTIG: NODE_20_length_3963_cov_41.374718 (4011bp)
		This contig is unaligned. (4011 bp)
		Unaligned bases: 4011  total: 423657

CONTIG: NODE_44_length_82563_cov_41.406696 (82611bp)
		This contig is unaligned. (82611 bp)
		Unaligned bases: 82611  total: 506268

CONTIG: NODE_265_length_3227_cov_47.328167 (3275bp)
		This contig is unaligned. (3275 bp)
		Unaligned bases: 3275  total: 509543

CONTIG: NODE_356_length_2228_cov_41.708706 (2276bp)
		This contig is unaligned. (2276 bp)
		Unaligned bases: 2276  total: 511819

CONTIG: NODE_27_length_75103_cov_36.006592 (75151bp)
		This contig is unaligned. (75151 bp)
		Unaligned bases: 75151  total: 586970

CONTIG: NODE_1_length_46298_cov_43.353905 (46346bp)
		This contig is unaligned. (46346 bp)
		Unaligned bases: 46346  total: 633316

CONTIG: NODE_399_length_3025_cov_30.774876 (3073bp)
		This contig is unaligned. (3073 bp)
		Unaligned bases: 3073  total: 636389

CONTIG: NODE_105_length_5917_cov_36.903500 (5965bp)
		This contig is unaligned. (5965 bp)
		Unaligned bases: 5965  total: 642354

CONTIG: NODE_137_length_3545_cov_35.880676 (3593bp)
		This contig is unaligned. (3593 bp)
		Unaligned bases: 3593  total: 645947

CONTIG: NODE_317_length_1966_cov_33.391659 (2014bp)
		This contig is unaligned. (2014 bp)
		Unaligned bases: 2014  total: 647961

CONTIG: NODE_139_length_25414_cov_50.113796 (25462bp)
Top Length: 75  Top ID: 100.0
		This contig is partially unaligned. (75 out of 25462)
		Alignment: 3414420 3414494 | 19875 19949 | 75 75 | 100.0 | gi|117617447|ref|NC_008570.1|_Aeromonas_hydrophila_subsp._hydrophila_ATCC_7966_chromosome__complete_genome NODE_139_length_25414_cov_50.113796
		Unaligned bases: 1 to 19874 (19874)
		Unaligned bases: 19950 to 25462 (5513)

CONTIG: NODE_134_length_35948_cov_33.646461 (35996bp)
		This contig is unaligned. (35996 bp)
		Unaligned bases: 35996  total: 683957

CONTIG: NODE_148_length_68856_cov_51.718803 (68904bp)
		This contig is unaligned. (68904 bp)
		Unaligned bases: 68904  total: 752861

CONTIG: NODE_75_length_19383_cov_37.085644 (19431bp)
		This contig is unaligned. (19431 bp)
		Unaligned bases: 19431  total: 772292

CONTIG: NODE_289_length_2828_cov_35.559761 (2876bp)
		This contig is unaligned. (2876 bp)
		Unaligned bases: 2876  total: 775168

CONTIG: NODE_163_length_2562_cov_35.950821 (2610bp)
		This contig is unaligned. (2610 bp)
		Unaligned bases: 2610  total: 777778

CONTIG: NODE_24_length_575_cov_128.582611 (623bp)
		This contig is unaligned. (623 bp)
		Unaligned bases: 623  total: 778401

CONTIG: NODE_85_length_18872_cov_33.201092 (18920bp)
		This contig is unaligned. (18920 bp)
		Unaligned bases: 18920  total: 797321

CONTIG: NODE_372_length_56528_cov_38.865307 (56576bp)
		This contig is unaligned. (56576 bp)
		Unaligned bases: 56576  total: 853897

CONTIG: NODE_29_length_9220_cov_46.010956 (9268bp)
		This contig is unaligned. (9268 bp)
		Unaligned bases: 9268  total: 863165

CONTIG: NODE_99_length_18147_cov_37.314541 (18195bp)
		This contig is unaligned. (18195 bp)
		Unaligned bases: 18195  total: 881360

CONTIG: NODE_329_length_4828_cov_29.889603 (4876bp)
		This contig is unaligned. (4876 bp)
		Unaligned bases: 4876  total: 886236

CONTIG: NODE_47_length_26546_cov_36.099300 (26594bp)
		This contig is unaligned. (26594 bp)
		Unaligned bases: 26594  total: 912830

CONTIG: NODE_88_length_18126_cov_42.462376 (18174bp)
		This contig is unaligned. (18174 bp)
		Unaligned bases: 18174  total: 931004

CONTIG: NODE_66_length_491_cov_143.158859 (539bp)
		This contig is unaligned. (539 bp)
		Unaligned bases: 539  total: 931543

CONTIG: NODE_234_length_1484_cov_20.839622 (1532bp)
		This contig is unaligned. (1532 bp)
		Unaligned bases: 1532  total: 933075

CONTIG: NODE_3_length_157783_cov_45.797924 (157831bp)
		This contig is unaligned. (157831 bp)
		Unaligned bases: 157831  total: 1090906

CONTIG: NODE_124_length_10193_cov_35.533504 (10241bp)
		This contig is unaligned. (10241 bp)
		Unaligned bases: 10241  total: 1101147

CONTIG: NODE_206_length_3338_cov_26.733074 (3386bp)
		This contig is unaligned. (3386 bp)
		Unaligned bases: 3386  total: 1104533

CONTIG: NODE_235_length_19422_cov_29.816341 (19470bp)
		This contig is unaligned. (19470 bp)
		Unaligned bases: 19470  total: 1124003

CONTIG: NODE_223_length_31721_cov_41.183571 (31769bp)
		This contig is unaligned. (31769 bp)
		Unaligned bases: 31769  total: 1155772

CONTIG: NODE_2_length_59253_cov_43.786171 (59301bp)
		This contig is unaligned. (59301 bp)
		Unaligned bases: 59301  total: 1215073

CONTIG: NODE_19_length_30703_cov_35.759144 (30751bp)
		This contig is unaligned. (30751 bp)
		Unaligned bases: 30751  total: 1245824

CONTIG: NODE_40_length_27891_cov_37.341255 (27939bp)
		This contig is unaligned. (27939 bp)
		Unaligned bases: 27939  total: 1273763

CONTIG: NODE_32_length_653_cov_85.041351 (701bp)
		This contig is unaligned. (701 bp)
		Unaligned bases: 701  total: 1274464

CONTIG: NODE_237_length_59585_cov_41.302341 (59633bp)
		This contig is unaligned. (59633 bp)
		Unaligned bases: 59633  total: 1334097

CONTIG: NODE_146_length_12194_cov_39.360752 (12242bp)
		This contig is unaligned. (12242 bp)
		Unaligned bases: 12242  total: 1346339

CONTIG: NODE_272_length_4173_cov_20.994488 (4221bp)
		This contig is unaligned. (4221 bp)
		Unaligned bases: 4221  total: 1350560

CONTIG: NODE_395_length_471_cov_39.566879 (519bp)
		This contig is unaligned. (519 bp)
		Unaligned bases: 519  total: 1351079

CONTIG: NODE_53_length_61617_cov_40.282681 (61665bp)
		This contig is unaligned. (61665 bp)
		Unaligned bases: 61665  total: 1412744

CONTIG: NODE_39_length_40877_cov_34.395798 (40925bp)
		This contig is unaligned. (40925 bp)
		Unaligned bases: 40925  total: 1453669

CONTIG: NODE_165_length_8617_cov_35.755600 (8665bp)
		This contig is unaligned. (8665 bp)
		Unaligned bases: 8665  total: 1462334

CONTIG: NODE_113_length_488_cov_95.829918 (536bp)
		This contig is unaligned. (536 bp)
		Unaligned bases: 536  total: 1462870

CONTIG: NODE_409_length_8354_cov_41.016758 (8402bp)
		This contig is unaligned. (8402 bp)
		Unaligned bases: 8402  total: 1471272

CONTIG: NODE_278_length_1790_cov_29.335196 (1838bp)
		This contig is unaligned. (1838 bp)
		Unaligned bases: 1838  total: 1473110

CONTIG: NODE_18_length_48726_cov_41.784798 (48774bp)
		This contig is unaligned. (48774 bp)
		Unaligned bases: 48774  total: 1521884

CONTIG: NODE_482_length_537_cov_63.931099 (585bp)
		This contig is unaligned. (585 bp)
		Unaligned bases: 585  total: 1522469

CONTIG: NODE_236_length_8645_cov_44.549797 (8693bp)
		This contig is unaligned. (8693 bp)
		Unaligned bases: 8693  total: 1531162

CONTIG: NODE_70_length_25840_cov_47.224457 (25888bp)
		This contig is unaligned. (25888 bp)
		Unaligned bases: 25888  total: 1557050

CONTIG: NODE_59_length_8349_cov_31.652533 (8397bp)
		This contig is unaligned. (8397 bp)
		Unaligned bases: 8397  total: 1565447

CONTIG: NODE_150_length_17441_cov_32.299294 (17489bp)
		This contig is unaligned. (17489 bp)
		Unaligned bases: 17489  total: 1582936

CONTIG: NODE_167_length_1460_cov_39.674656 (1508bp)
		This contig is unaligned. (1508 bp)
		Unaligned bases: 1508  total: 1584444

CONTIG: NODE_295_length_10994_cov_45.402218 (11042bp)
		This contig is unaligned. (11042 bp)
		Unaligned bases: 11042  total: 1595486

CONTIG: NODE_253_length_2057_cov_27.544968 (2105bp)
		This contig is unaligned. (2105 bp)
		Unaligned bases: 2105  total: 1597591

CONTIG: NODE_273_length_6039_cov_34.231663 (6087bp)
		This contig is unaligned. (6087 bp)
		Unaligned bases: 6087  total: 1603678

CONTIG: NODE_170_length_7894_cov_28.925261 (7942bp)
		This contig is unaligned. (7942 bp)
		Unaligned bases: 7942  total: 1611620

CONTIG: NODE_25_length_17103_cov_37.322342 (17151bp)
		This contig is unaligned. (17151 bp)
		Unaligned bases: 17151  total: 1628771

CONTIG: NODE_21_length_54768_cov_32.983749 (54816bp)
		This contig is unaligned. (54816 bp)
		Unaligned bases: 54816  total: 1683587

CONTIG: NODE_283_length_26151_cov_34.444115 (26199bp)
		This contig is unaligned. (26199 bp)
		Unaligned bases: 26199  total: 1709786

CONTIG: NODE_290_length_711_cov_70.510551 (759bp)
		This contig is unaligned. (759 bp)
		Unaligned bases: 759  total: 1710545

CONTIG: NODE_126_length_932_cov_70.850861 (980bp)
		This contig is unaligned. (980 bp)
		Unaligned bases: 980  total: 1711525

CONTIG: NODE_82_length_61172_cov_35.317123 (61220bp)
Top Length: 83  Top ID: 97.59
		Skipping redundant alignment 3414420 3414494 | 13080 13154 | 75 75 | 100.0 | gi|117617447|ref|NC_008570.1|_Aeromonas_hydrophila_subsp._hydrophila_ATCC_7966_chromosome__complete_genome NODE_82_length_61172_cov_35.317123
		This contig is partially unaligned. (83 out of 61220)
		Alignment: 4476056 4476138 | 13072 13154 | 83 83 | 97.59 | gi|117617447|ref|NC_008570.1|_Aeromonas_hydrophila_subsp._hydrophila_ATCC_7966_chromosome__complete_genome NODE_82_length_61172_cov_35.317123
		Unaligned bases: 1 to 13071 (13071)
		Unaligned bases: 13155 to 61220 (48066)

CONTIG: NODE_262_length_22590_cov_33.672287 (22638bp)
		This contig is unaligned. (22638 bp)
		Unaligned bases: 22638  total: 1734163

CONTIG: NODE_101_length_21151_cov_44.595764 (21199bp)
		This contig is unaligned. (21199 bp)
		Unaligned bases: 21199  total: 1755362

CONTIG: NODE_297_length_669_cov_40.481316 (717bp)
		This contig is unaligned. (717 bp)
		Unaligned bases: 717  total: 1756079

CONTIG: NODE_202_length_8771_cov_36.306919 (8819bp)
		This contig is unaligned. (8819 bp)
		Unaligned bases: 8819  total: 1764898

CONTIG: NODE_6_length_137030_cov_38.500736 (137078bp)
		This contig is unaligned. (137078 bp)
		Unaligned bases: 137078  total: 1901976

CONTIG: NODE_4_length_40037_cov_41.207207 (40085bp)
		This contig is unaligned. (40085 bp)
		Unaligned bases: 40085  total: 1942061

CONTIG: NODE_111_length_2285_cov_33.397812 (2333bp)
		This contig is unaligned. (2333 bp)
		Unaligned bases: 2333  total: 1944394

CONTIG: NODE_188_length_916_cov_27.708515 (964bp)
		This contig is unaligned. (964 bp)
		Unaligned bases: 964  total: 1945358

CONTIG: NODE_125_length_3128_cov_377.599731 (3176bp)
		This contig is unaligned. (3176 bp)
		Unaligned bases: 3176  total: 1948534

CONTIG: NODE_164_length_10445_cov_44.341408 (10493bp)
		This contig is unaligned. (10493 bp)
		Unaligned bases: 10493  total: 1959027

CONTIG: NODE_233_length_1749_cov_14.909091 (1797bp)
		This contig is unaligned. (1797 bp)
		Unaligned bases: 1797  total: 1960824

CONTIG: NODE_251_length_34894_cov_36.602280 (34942bp)
		This contig is unaligned. (34942 bp)
		Unaligned bases: 34942  total: 1995766

CONTIG: NODE_83_length_35130_cov_35.538059 (35178bp)
		This contig is unaligned. (35178 bp)
		Unaligned bases: 35178  total: 2030944

CONTIG: NODE_276_length_463_cov_39.678185 (511bp)
		This contig is unaligned. (511 bp)
		Unaligned bases: 511  total: 2031455

CONTIG: NODE_266_length_7118_cov_34.334225 (7166bp)
		This contig is unaligned. (7166 bp)
		Unaligned bases: 7166  total: 2038621

CONTIG: NODE_171_length_6765_cov_36.971176 (6813bp)
		This contig is unaligned. (6813 bp)
		Unaligned bases: 6813  total: 2045434

CONTIG: NODE_58_length_71547_cov_43.835060 (71595bp)
		This contig is unaligned. (71595 bp)
		Unaligned bases: 71595  total: 2117029

CONTIG: NODE_11_length_51171_cov_39.325615 (51219bp)
		This contig is unaligned. (51219 bp)
		Unaligned bases: 51219  total: 2168248

CONTIG: NODE_103_length_1543_cov_34.794556 (1591bp)
		This contig is unaligned. (1591 bp)
		Unaligned bases: 1591  total: 2169839

CONTIG: NODE_331_length_548_cov_62.226276 (596bp)
		This contig is unaligned. (596 bp)
		Unaligned bases: 596  total: 2170435

CONTIG: NODE_511_length_2185_cov_32.787186 (2233bp)
		This contig is unaligned. (2233 bp)
		Unaligned bases: 2233  total: 2172668

CONTIG: NODE_43_length_28703_cov_36.539455 (28751bp)
		This contig is unaligned. (28751 bp)
		Unaligned bases: 28751  total: 2201419

CONTIG: NODE_12_length_47042_cov_37.147930 (47090bp)
		This contig is unaligned. (47090 bp)
		Unaligned bases: 47090  total: 2248509

CONTIG: NODE_308_length_575_cov_33.389565 (623bp)
		This contig is unaligned. (623 bp)
		Unaligned bases: 623  total: 2249132

CONTIG: NODE_141_length_17954_cov_40.912998 (18002bp)
		This contig is unaligned. (18002 bp)
		Unaligned bases: 18002  total: 2267134

CONTIG: NODE_89_length_33679_cov_32.915318 (33727bp)
		This contig is unaligned. (33727 bp)
		Unaligned bases: 33727  total: 2300861

CONTIG: NODE_37_length_773_cov_35.557568 (821bp)
		This contig is unaligned. (821 bp)
		Unaligned bases: 821  total: 2301682

CONTIG: NODE_30_length_61058_cov_50.410725 (61106bp)
		This contig is unaligned. (61106 bp)
		Unaligned bases: 61106  total: 2362788

CONTIG: NODE_197_length_18890_cov_35.060879 (18938bp)
		This contig is unaligned. (18938 bp)
		Unaligned bases: 18938  total: 2381726

CONTIG: NODE_98_length_20283_cov_38.579105 (20331bp)
		This contig is unaligned. (20331 bp)
		Unaligned bases: 20331  total: 2402057

CONTIG: NODE_378_length_3229_cov_38.426140 (3277bp)
		This contig is unaligned. (3277 bp)
		Unaligned bases: 3277  total: 2405334

CONTIG: NODE_14_length_5041_cov_40.867485 (5089bp)
		This contig is unaligned. (5089 bp)
		Unaligned bases: 5089  total: 2410423

CONTIG: NODE_45_length_14698_cov_35.169819 (14746bp)
		This contig is unaligned. (14746 bp)
		Unaligned bases: 14746  total: 2425169

CONTIG: NODE_87_length_1402_cov_420.071320 (1450bp)
		This contig is unaligned. (1450 bp)
		Unaligned bases: 1450  total: 2426619

CONTIG: NODE_357_length_678_cov_39.750736 (726bp)
		This contig is unaligned. (726 bp)
		Unaligned bases: 726  total: 2427345

CONTIG: NODE_344_length_1863_cov_33.292538 (1911bp)
		This contig is unaligned. (1911 bp)
		Unaligned bases: 1911  total: 2429256

CONTIG: NODE_199_length_10769_cov_50.533752 (10817bp)
		This contig is unaligned. (10817 bp)
		Unaligned bases: 10817  total: 2440073

CONTIG: NODE_368_length_11662_cov_40.455326 (11710bp)
		This contig is unaligned. (11710 bp)
		Unaligned bases: 11710  total: 2451783

CONTIG: NODE_17_length_3017_cov_40.074245 (3065bp)
		This contig is unaligned. (3065 bp)
		Unaligned bases: 3065  total: 2454848

CONTIG: NODE_366_length_1166_cov_32.169811 (1214bp)
		This contig is unaligned. (1214 bp)
		Unaligned bases: 1214  total: 2456062

CONTIG: NODE_286_length_1559_cov_35.567032 (1607bp)
		This contig is unaligned. (1607 bp)
		Unaligned bases: 1607  total: 2457669

CONTIG: NODE_596_length_1968_cov_37.170223 (2016bp)
		This contig is unaligned. (2016 bp)
		Unaligned bases: 2016  total: 2459685

CONTIG: NODE_314_length_2208_cov_30.957428 (2256bp)
		This contig is unaligned. (2256 bp)
		Unaligned bases: 2256  total: 2461941

CONTIG: NODE_373_length_9198_cov_31.571972 (9246bp)
		This contig is unaligned. (9246 bp)
		Unaligned bases: 9246  total: 2471187

CONTIG: NODE_313_length_812_cov_29.320196 (860bp)
		This contig is unaligned. (860 bp)
		Unaligned bases: 860  total: 2472047

CONTIG: NODE_268_length_12763_cov_32.963566 (12811bp)
		This contig is unaligned. (12811 bp)
		Unaligned bases: 12811  total: 2484858

CONTIG: NODE_159_length_12913_cov_39.331760 (12961bp)
		This contig is unaligned. (12961 bp)
		Unaligned bases: 12961  total: 2497819

CONTIG: NODE_160_length_718_cov_39.980503 (766bp)
		This contig is unaligned. (766 bp)
		Unaligned bases: 766  total: 2498585

CONTIG: NODE_198_length_3933_cov_65.958809 (3981bp)
		This contig is unaligned. (3981 bp)
		Unaligned bases: 3981  total: 2502566

CONTIG: NODE_10_length_54119_cov_34.665184 (54167bp)
		This contig is unaligned. (54167 bp)
		Unaligned bases: 54167  total: 2556733

CONTIG: NODE_132_length_61605_cov_38.612659 (61653bp)
		This contig is unaligned. (61653 bp)
		Unaligned bases: 61653  total: 2618386

CONTIG: NODE_512_length_22520_cov_47.205196 (22568bp)
		This contig is unaligned. (22568 bp)
		Unaligned bases: 22568  total: 2640954

CONTIG: NODE_55_length_32635_cov_45.876022 (32683bp)
		This contig is unaligned. (32683 bp)
		Unaligned bases: 32683  total: 2673637

CONTIG: NODE_166_length_874_cov_49.557209 (922bp)
		This contig is unaligned. (922 bp)
		Unaligned bases: 922  total: 2674559

CONTIG: NODE_62_length_33082_cov_34.877396 (33130bp)
		This contig is unaligned. (33130 bp)
		Unaligned bases: 33130  total: 2707689

CONTIG: NODE_204_length_5590_cov_52.300716 (5638bp)
		This contig is unaligned. (5638 bp)
		Unaligned bases: 5638  total: 2713327

CONTIG: NODE_154_length_41325_cov_42.573746 (41373bp)
		This contig is unaligned. (41373 bp)
		Unaligned bases: 41373  total: 2754700

CONTIG: NODE_269_length_469_cov_62.876331 (517bp)
		This contig is unaligned. (517 bp)
		Unaligned bases: 517  total: 2755217

CONTIG: NODE_16_length_1135_cov_170.138321 (1183bp)
		This contig is unaligned. (1183 bp)
		Unaligned bases: 1183  total: 2756400

CONTIG: NODE_57_length_36795_cov_38.307407 (36843bp)
		This contig is unaligned. (36843 bp)
		Unaligned bases: 36843  total: 2793243

CONTIG: NODE_15_length_14786_cov_35.986813 (14834bp)
		This contig is unaligned. (14834 bp)
		Unaligned bases: 14834  total: 2808077

CONTIG: NODE_138_length_6055_cov_41.582493 (6103bp)
		This contig is unaligned. (6103 bp)
		Unaligned bases: 6103  total: 2814180

CONTIG: NODE_8_length_4946_cov_38.152649 (4994bp)
		This contig is unaligned. (4994 bp)
		Unaligned bases: 4994  total: 2819174

CONTIG: NODE_23_length_24355_cov_39.967934 (24403bp)
		This contig is unaligned. (24403 bp)
		Unaligned bases: 24403  total: 2843577

CONTIG: NODE_90_length_7543_cov_40.739758 (7591bp)
		This contig is unaligned. (7591 bp)
		Unaligned bases: 7591  total: 2851168

CONTIG: NODE_205_length_602_cov_51.870430 (650bp)
		This contig is unaligned. (650 bp)
		Unaligned bases: 650  total: 2851818

CONTIG: NODE_9_length_86683_cov_45.807079 (86731bp)
		This contig is unaligned. (86731 bp)
		Unaligned bases: 86731  total: 2938549

CONTIG: NODE_379_length_109294_cov_43.534065 (109342bp)
		This contig is unaligned. (109342 bp)
		Unaligned bases: 109342  total: 3047891

CONTIG: NODE_51_length_3544_cov_28.506771 (3592bp)
		This contig is unaligned. (3592 bp)
		Unaligned bases: 3592  total: 3051483

CONTIG: NODE_156_length_920_cov_39.267391 (968bp)
		This contig is unaligned. (968 bp)
		Unaligned bases: 968  total: 3052451

CONTIG: NODE_324_length_17314_cov_32.303394 (17362bp)
		This contig is unaligned. (17362 bp)
		Unaligned bases: 17362  total: 3069813

CONTIG: NODE_86_length_13146_cov_44.723946 (13194bp)
		This contig is unaligned. (13194 bp)
		Unaligned bases: 13194  total: 3083007

CONTIG: NODE_158_length_15909_cov_34.497833 (15957bp)
		This contig is unaligned. (15957 bp)
		Unaligned bases: 15957  total: 3098964

CONTIG: NODE_61_length_8700_cov_26.056322 (8748bp)
		This contig is unaligned. (8748 bp)
		Unaligned bases: 8748  total: 3107712

CONTIG: NODE_408_length_1160_cov_71.619827 (1208bp)
		This contig is unaligned. (1208 bp)
		Unaligned bases: 1208  total: 3108920

CONTIG: NODE_52_length_25597_cov_38.702545 (25645bp)
		This contig is unaligned. (25645 bp)
		Unaligned bases: 25645  total: 3134565

CONTIG: NODE_323_length_3991_cov_35.656227 (4039bp)
		This contig is unaligned. (4039 bp)
		Unaligned bases: 4039  total: 3138604

CONTIG: NODE_624_length_65736_cov_32.950134 (65784bp)
		This contig is unaligned. (65784 bp)
		Unaligned bases: 65784  total: 3204388

CONTIG: NODE_533_length_4316_cov_29.683966 (4364bp)
		This contig is unaligned. (4364 bp)
		Unaligned bases: 4364  total: 3208752

CONTIG: NODE_131_length_8514_cov_38.444798 (8562bp)
		This contig is unaligned. (8562 bp)
		Unaligned bases: 8562  total: 3217314

CONTIG: NODE_84_length_4678_cov_40.070541 (4726bp)
		This contig is unaligned. (4726 bp)
		Unaligned bases: 4726  total: 3222040

CONTIG: NODE_144_length_23656_cov_34.722820 (23704bp)
		This contig is unaligned. (23704 bp)
		Unaligned bases: 23704  total: 3245744

CONTIG: NODE_353_length_3511_cov_37.669609 (3559bp)
		This contig is unaligned. (3559 bp)
		Unaligned bases: 3559  total: 3249303

CONTIG: NODE_326_length_1896_cov_38.851791 (1944bp)
		This contig is unaligned. (1944 bp)
		Unaligned bases: 1944  total: 3251247

CONTIG: NODE_337_length_11382_cov_25.720436 (11430bp)
		This contig is unaligned. (11430 bp)
		Unaligned bases: 11430  total: 3262677

CONTIG: NODE_371_length_1709_cov_31.077824 (1757bp)
		This contig is unaligned. (1757 bp)
		Unaligned bases: 1757  total: 3264434

CONTIG: NODE_352_length_3740_cov_36.513371 (3788bp)
		This contig is unaligned. (3788 bp)
		Unaligned bases: 3788  total: 3268222

CONTIG: NODE_41_length_17292_cov_29.514111 (17340bp)
		This contig is unaligned. (17340 bp)
		Unaligned bases: 17340  total: 3285562

CONTIG: NODE_42_length_42760_cov_32.635944 (42808bp)
		This contig is unaligned. (42808 bp)
		Unaligned bases: 42808  total: 3328370

CONTIG: NODE_33_length_2851_cov_35.942825 (2899bp)
		This contig is unaligned. (2899 bp)
		Unaligned bases: 2899  total: 3331269

CONTIG: NODE_322_length_23353_cov_41.218174 (23401bp)
Top Length: 96  Top ID: 98.96
		This contig is partially unaligned. (96 out of 23401)
		Alignment: 809109 809204 | 106 201 | 96 96 | 98.96 | gi|117617447|ref|NC_008570.1|_Aeromonas_hydrophila_subsp._hydrophila_ATCC_7966_chromosome__complete_genome NODE_322_length_23353_cov_41.218174
		Unaligned bases: 1 to 105 (105)
		Unaligned bases: 202 to 23401 (23200)

CONTIG: NODE_436_length_560_cov_28.389286 (608bp)
		This contig is unaligned. (608 bp)
		Unaligned bases: 608  total: 3331877

CONTIG: NODE_532_length_5226_cov_35.693645 (5274bp)
		This contig is unaligned. (5274 bp)
		Unaligned bases: 5274  total: 3337151

CONTIG: NODE_252_length_30832_cov_49.199890 (30880bp)
		This contig is unaligned. (30880 bp)
		Unaligned bases: 30880  total: 3368031

CONTIG: NODE_418_length_4586_cov_60.508286 (4634bp)
		This contig is unaligned. (4634 bp)
		Unaligned bases: 4634  total: 3372665

CONTIG: NODE_151_length_1107_cov_299.857269 (1155bp)
		This contig is unaligned. (1155 bp)
		Unaligned bases: 1155  total: 3373820

CONTIG: NODE_483_length_3161_cov_30.379311 (3209bp)
		This contig is unaligned. (3209 bp)
		Unaligned bases: 3209  total: 3377029

CONTIG: NODE_34_length_18661_cov_30.930283 (18709bp)
		This contig is unaligned. (18709 bp)
		Unaligned bases: 18709  total: 3395738

CONTIG: NODE_346_length_566_cov_39.540634 (614bp)
		This contig is unaligned. (614 bp)
		Unaligned bases: 614  total: 3396352

CONTIG: NODE_230_length_487_cov_38.211498 (535bp)
		This contig is unaligned. (535 bp)
		Unaligned bases: 535  total: 3396887

CONTIG: NODE_97_length_10881_cov_35.564930 (10929bp)
		This contig is unaligned. (10929 bp)
		Unaligned bases: 10929  total: 3407816

CONTIG: NODE_250_length_686_cov_36.237610 (734bp)
		This contig is unaligned. (734 bp)
		Unaligned bases: 734  total: 3408550

CONTIG: NODE_494_length_1056_cov_28.446022 (1104bp)
		This contig is unaligned. (1104 bp)
		Unaligned bases: 1104  total: 3409654

CONTIG: NODE_232_length_5140_cov_41.606224 (5188bp)
		This contig is unaligned. (5188 bp)
		Unaligned bases: 5188  total: 3414842

CONTIG: NODE_293_length_2872_cov_48.915043 (2920bp)
		This contig is unaligned. (2920 bp)
		Unaligned bases: 2920  total: 3417762

CONTIG: NODE_100_length_1056_cov_69.939392 (1104bp)
		This contig is unaligned. (1104 bp)
		Unaligned bases: 1104  total: 3418866

CONTIG: NODE_267_length_452_cov_32.225662 (500bp)
		This contig is unaligned. (500 bp)
		Unaligned bases: 500  total: 3419366

CONTIG: NODE_231_length_2723_cov_26.372383 (2771bp)
		This contig is unaligned. (2771 bp)
		Unaligned bases: 2771  total: 3422137

CONTIG: NODE_433_length_7556_cov_39.679855 (7604bp)
		This contig is unaligned. (7604 bp)
		Unaligned bases: 7604  total: 3429741

CONTIG: NODE_112_length_5053_cov_32.921829 (5101bp)
		This contig is unaligned. (5101 bp)
		Unaligned bases: 5101  total: 3434842

CONTIG: NODE_169_length_56052_cov_42.365963 (56100bp)
		This contig is unaligned. (56100 bp)
		Unaligned bases: 56100  total: 3490942

CONTIG: NODE_54_length_22879_cov_42.039120 (22927bp)
		This contig is unaligned. (22927 bp)
		Unaligned bases: 22927  total: 3513869

CONTIG: NODE_65_length_12274_cov_39.591576 (12322bp)
		This contig is unaligned. (12322 bp)
		Unaligned bases: 12322  total: 3526191

CONTIG: NODE_26_length_4397_cov_31.404139 (4445bp)
		This contig is unaligned. (4445 bp)
		Unaligned bases: 4445  total: 3530636

CONTIG: NODE_207_length_1418_cov_36.854725 (1466bp)
		This contig is unaligned. (1466 bp)
		Unaligned bases: 1466  total: 3532102

CONTIG: NODE_38_length_6622_cov_54.197674 (6670bp)
		This contig is unaligned. (6670 bp)
		Unaligned bases: 6670  total: 3538772

CONTIG: NODE_380_length_51582_cov_41.381104 (51630bp)
		This contig is unaligned. (51630 bp)
		Unaligned bases: 51630  total: 3590402

CONTIG: NODE_107_length_3206_cov_36.779789 (3254bp)
		This contig is unaligned. (3254 bp)
		Unaligned bases: 3254  total: 3593656

CONTIG: NODE_550_length_17661_cov_41.587791 (17709bp)
		This contig is unaligned. (17709 bp)
		Unaligned bases: 17709  total: 3611365

CONTIG: NODE_410_length_2111_cov_40.792988 (2159bp)
		This contig is unaligned. (2159 bp)
		Unaligned bases: 2159  total: 3613524

CONTIG: NODE_168_length_501_cov_44.684631 (549bp)
		This contig is unaligned. (549 bp)
		Unaligned bases: 549  total: 3614073

CONTIG: NODE_201_length_20673_cov_32.433369 (20721bp)
		This contig is unaligned. (20721 bp)
		Unaligned bases: 20721  total: 3634794

CONTIG: NODE_277_length_11564_cov_35.397961 (11612bp)
		This contig is unaligned. (11612 bp)
		Unaligned bases: 11612  total: 3646406

CONTIG: NODE_56_length_10084_cov_33.973522 (10132bp)
		This contig is unaligned. (10132 bp)
		Unaligned bases: 10132  total: 3656538

CONTIG: NODE_81_length_32682_cov_48.297043 (32730bp)
		This contig is unaligned. (32730 bp)
		Unaligned bases: 32730  total: 3689268

CONTIG: NODE_616_length_48629_cov_46.892082 (48677bp)
		This contig is unaligned. (48677 bp)
		Unaligned bases: 48677  total: 3737945

CONTIG: NODE_36_length_30446_cov_50.539940 (30494bp)
		This contig is unaligned. (30494 bp)
		Unaligned bases: 30494  total: 3768439

CONTIG: NODE_325_length_11213_cov_53.384285 (11261bp)
		This contig is unaligned. (11261 bp)
		Unaligned bases: 11261  total: 3779700

Analyzing coverage...
Writing SNPs into /software/galaxy/master/sabbai/galaxy-dist/database/job_working_directory/002/2323/dataset_2405_files/Contig/contigs_reports/nucmer_output/Velvet_hiseq_ctg.used_snps
	Reference gi|117617447|ref|NC_008570.1|_Aeromonas_hydrophila_subsp._hydrophila_ATCC_7966_chromosome__complete_genome: 3 total alignments. 1 total regions.
		Region: 1 to 4744448 (4744448 bp)
			START in gap: 1 to 809109 (809108 bp)
			Align 1: 809109 809204 NODE_322_length_23353_cov_41.218174 106 201
				Gap between this and next alignment: 809204 to 3414420 (2605215 bp)
				Next Alignment: 3414420 3414494 NODE_139_length_25414_cov_50.113796 19875 19949

			Align 2: 3414420 3414494 NODE_139_length_25414_cov_50.113796 19875 19949
				Gap between this and next alignment: 3414494 to 4476056 (1061561 bp)
				Next Alignment: 4476056 4476138 NODE_82_length_61172_cov_35.317123 13072 13154

			Align 3: 4476056 4476138 NODE_82_length_61172_cov_35.317123 13072 13154
			END in gap: 4476138 to 4744448 (268310 bp)

Analysis is finished!
Founded SNPs were written into /software/galaxy/master/sabbai/galaxy-dist/database/job_working_directory/002/2323/dataset_2405_files/Contig/contigs_reports/nucmer_output/Velvet_hiseq_ctg.used_snps

Results:
	Local Misassemblies: 0
	Misassemblies: 0
		Relocations: 0
		Translocations: 0
		Inversions: 0
	Misassembled Contigs: 0
	Misassembled Contig Bases: 0
	Misassmblies Inter-Contig Overlap: 0
Uncovered Regions: 0 (0)
Unaligned Contigs: 202 + 3 part
Partially Unaligned Contigs with Misassemblies: 0
Unaligned Contig Bases: 3889529

Ambiguously Mapped Contigs: 0
Total Bases in Ambiguously Mapped Contigs: 0
Note that --allow-ambiguity option was set to "one" and only first alignment per each contig was used.

	Covered Bases: 254

	SNPs: 3
	Insertions: 0
	Deletions: 0

	Positive Gaps: 4
		Internal Gaps:  0
		External Gaps:  4
		External Gap Total:  4744194
		External Gap Average: 1186048
	Negative Gaps: 0
		Internal Overlaps:  0
		External Overlaps:  0
		External Overlaps Total:  0
		External Overlaps Average: 0
	Contigs with Redundant Alignments: 0 (0)
