Aligning contigs to reference...
	Running Nucmer...
Parsing coords...
Loading Assembly...
Loading reference...
	Loaded [gi|77404693|ref|NC_007489.1|_Rhodobacter_sphaeroides_2.4.1_plasmid_C__complete_sequence]
Loading SNPs...
Loading regions...
	No regions given, using whole reference.
	Total Regions: 1
	Total Region Length: 105284
Analyzing contigs...
CONTIG: ctg7180000003186 (39141bp)
		This contig is unaligned. (39141 bp)
		Unaligned bases: 39141  total: 39141

CONTIG: ctg7180000003187 (104542bp)
		This contig is unaligned. (104542 bp)
		Unaligned bases: 104542  total: 143683

CONTIG: ctg7180000003180 (1896bp)
		This contig is unaligned. (1896 bp)
		Unaligned bases: 1896  total: 145579

CONTIG: ctg7180000003181 (797bp)
		This contig is unaligned. (797 bp)
		Unaligned bases: 797  total: 146376

CONTIG: ctg7180000003188 (19077bp)
		This contig is unaligned. (19077 bp)
		Unaligned bases: 19077  total: 165453

CONTIG: ctg7180000003189 (142663bp)
		This contig is unaligned. (142663 bp)
		Unaligned bases: 142663  total: 308116

CONTIG: jtg7180000003184f_7180000003185f (136269bp)
		This contig is unaligned. (136269 bp)
		Unaligned bases: 136269  total: 444385

CONTIG: ctg7180000003108 (1547bp)
		This contig is unaligned. (1547 bp)
		Unaligned bases: 1547  total: 445932

CONTIG: ctg7180000003109 (839bp)
		This contig is unaligned. (839 bp)
		Unaligned bases: 839  total: 446771

CONTIG: ctg7180000003105 (515bp)
		This contig is unaligned. (515 bp)
		Unaligned bases: 515  total: 447286

CONTIG: ctg7180000003106 (3641bp)
		This contig is unaligned. (3641 bp)
		Unaligned bases: 3641  total: 450927

CONTIG: ctg7180000003100 (2255bp)
		This contig is unaligned. (2255 bp)
		Unaligned bases: 2255  total: 453182

CONTIG: ctg7180000003101 (2162bp)
		This contig is unaligned. (2162 bp)
		Unaligned bases: 2162  total: 455344

CONTIG: ctg7180000002758 (1169bp)
		This contig is unaligned. (1169 bp)
		Unaligned bases: 1169  total: 456513

CONTIG: ctg7180000003197 (6443bp)
		This contig is unaligned. (6443 bp)
		Unaligned bases: 6443  total: 462956

CONTIG: ctg7180000003196 (15571bp)
		This contig is unaligned. (15571 bp)
		Unaligned bases: 15571  total: 478527

CONTIG: ctg7180000003195 (11995bp)
		This contig is unaligned. (11995 bp)
		Unaligned bases: 11995  total: 490522

CONTIG: ctg7180000003194 (26396bp)
Top Length: 26323  Top ID: 99.9
		Marking as insignificant: 1 73 | 73 1 | 73 73 | 100.0 | gi|77404693|ref|NC_007489.1|_Rhodobacter_sphaeroides_2.4.1_plasmid_C__complete_sequence ctg7180000003194
		One align captures most of this contig: 78962 105284 | 26396 74 | 26323 26323 | 99.9 | gi|77404693|ref|NC_007489.1|_Rhodobacter_sphaeroides_2.4.1_plasmid_C__complete_sequence ctg7180000003194

CONTIG: ctg7180000003193 (176783bp)
		This contig is unaligned. (176783 bp)
		Unaligned bases: 176783  total: 667305

CONTIG: ctg7180000003192 (4634bp)
		This contig is unaligned. (4634 bp)
		Unaligned bases: 4634  total: 671939

CONTIG: ctg7180000003191 (581bp)
		This contig is unaligned. (581 bp)
		Unaligned bases: 581  total: 672520

CONTIG: ctg7180000003190 (25619bp)
		This contig is unaligned. (25619 bp)
		Unaligned bases: 25619  total: 698139

CONTIG: ctg7180000003199 (17862bp)
		This contig is unaligned. (17862 bp)
		Unaligned bases: 17862  total: 716001

CONTIG: ctg7180000003198 (1893bp)
		This contig is unaligned. (1893 bp)
		Unaligned bases: 1893  total: 717894

CONTIG: ctg7180000003119 (507bp)
		This contig is unaligned. (507 bp)
		Unaligned bases: 507  total: 718401

CONTIG: ctg7180000003118 (12938bp)
		This contig is unaligned. (12938 bp)
		Unaligned bases: 12938  total: 731339

CONTIG: ctg7180000003117 (557bp)
		This contig is unaligned. (557 bp)
		Unaligned bases: 557  total: 731896

CONTIG: ctg7180000003116 (28165bp)
		This contig is unaligned. (28165 bp)
		Unaligned bases: 28165  total: 760061

CONTIG: ctg7180000003113 (615bp)
Top Length: 615  Top ID: 97.07
		One align captures most of this contig: 78350 78964 | 1 615 | 615 615 | 97.07 | gi|77404693|ref|NC_007489.1|_Rhodobacter_sphaeroides_2.4.1_plasmid_C__complete_sequence ctg7180000003113

CONTIG: ctg7180000003112 (19348bp)
Top Length: 104  Top ID: 100.0
		This contig is partially unaligned. (104 out of 19348)
		Alignment: 105181 105284 | 19194 19297 | 104 104 | 100.0 | gi|77404693|ref|NC_007489.1|_Rhodobacter_sphaeroides_2.4.1_plasmid_C__complete_sequence ctg7180000003112
		Unaligned bases: 1 to 19193 (19193)
		Unaligned bases: 19298 to 19348 (51)

CONTIG: ctg7180000003110 (1164bp)
		This contig is unaligned. (1164 bp)
		Unaligned bases: 1164  total: 761225

CONTIG: jtg7180000003114r_7180000003138f (10126bp)
		This contig is unaligned. (10126 bp)
		Unaligned bases: 10126  total: 771351

CONTIG: ctg7180000003206 (57798bp)
Top Length: 179  Top ID: 100.0
		This contig is partially unaligned. (179 out of 57798)
		Alignment: 1327 1505 | 1 179 | 179 179 | 100.0 | gi|77404693|ref|NC_007489.1|_Rhodobacter_sphaeroides_2.4.1_plasmid_C__complete_sequence ctg7180000003206
		Unaligned bases: 180 to 57798 (57619)

CONTIG: ctg7180000003205 (21164bp)
		This contig is unaligned. (21164 bp)
		Unaligned bases: 21164  total: 792515

CONTIG: ctg7180000003204 (131520bp)
		This contig is unaligned. (131520 bp)
		Unaligned bases: 131520  total: 924035

CONTIG: ctg7180000003203 (47360bp)
		This contig is unaligned. (47360 bp)
		Unaligned bases: 47360  total: 971395

CONTIG: ctg7180000003202 (697bp)
		This contig is unaligned. (697 bp)
		Unaligned bases: 697  total: 972092

CONTIG: ctg7180000003201 (3618bp)
		This contig is unaligned. (3618 bp)
		Unaligned bases: 3618  total: 975710

CONTIG: ctg7180000003200 (3645bp)
		This contig is unaligned. (3645 bp)
		Unaligned bases: 3645  total: 979355

CONTIG: ctg7180000003209 (3478bp)
		This contig is unaligned. (3478 bp)
		Unaligned bases: 3478  total: 982833

CONTIG: ctg7180000003208 (102004bp)
		This contig is unaligned. (102004 bp)
		Unaligned bases: 102004  total: 1084837

CONTIG: ctg7180000003122 (3274bp)
		This contig is unaligned. (3274 bp)
		Unaligned bases: 3274  total: 1088111

CONTIG: ctg7180000003120 (2542bp)
		This contig is unaligned. (2542 bp)
		Unaligned bases: 2542  total: 1090653

CONTIG: ctg7180000003121 (1259bp)
		This contig is unaligned. (1259 bp)
		Unaligned bases: 1259  total: 1091912

CONTIG: ctg7180000003126 (2319bp)
		This contig is unaligned. (2319 bp)
		Unaligned bases: 2319  total: 1094231

CONTIG: ctg7180000003127 (3731bp)
		This contig is unaligned. (3731 bp)
		Unaligned bases: 3731  total: 1097962

CONTIG: ctg7180000003124 (525bp)
Top Length: 170  Top ID: 97.65
		This contig is partially unaligned. (170 out of 525)
		Alignment: 1366 1535 | 525 356 | 170 170 | 97.65 | gi|77404693|ref|NC_007489.1|_Rhodobacter_sphaeroides_2.4.1_plasmid_C__complete_sequence ctg7180000003124
		Unaligned bases: 1 to 355 (355)

CONTIG: ctg7180000003125 (947bp)
		This contig is unaligned. (947 bp)
		Unaligned bases: 947  total: 1098909

CONTIG: ctg7180000003128 (1501bp)
		This contig is unaligned. (1501 bp)
		Unaligned bases: 1501  total: 1100410

CONTIG: ctg7180000003129 (1171bp)
		This contig is unaligned. (1171 bp)
		Unaligned bases: 1171  total: 1101581

CONTIG: jtg7180000003172f_7180000003173f (326722bp)
		This contig is unaligned. (326722 bp)
		Unaligned bases: 326722  total: 1428303

CONTIG: ctg7180000002729 (1211bp)
		This contig is unaligned. (1211 bp)
		Unaligned bases: 1211  total: 1429514

CONTIG: ctg7180000003135 (3119bp)
		This contig is unaligned. (3119 bp)
		Unaligned bases: 3119  total: 1432633

CONTIG: ctg7180000003134 (1014bp)
		This contig is unaligned. (1014 bp)
		Unaligned bases: 1014  total: 1433647

CONTIG: ctg7180000003130 (2402bp)
		This contig is unaligned. (2402 bp)
		Unaligned bases: 2402  total: 1436049

CONTIG: ctg7180000003133 (528bp)
		This contig is unaligned. (528 bp)
		Unaligned bases: 528  total: 1436577

CONTIG: ctg7180000003132 (1534bp)
		This contig is unaligned. (1534 bp)
		Unaligned bases: 1534  total: 1438111

CONTIG: ctg7180000002794 (503bp)
		This contig is unaligned. (503 bp)
		Unaligned bases: 503  total: 1438614

CONTIG: jtg7180000002936f_7180000003123f (20361bp)
		This contig is unaligned. (20361 bp)
		Unaligned bases: 20361  total: 1458975

CONTIG: ctg7180000003141 (881bp)
		This contig is unaligned. (881 bp)
		Unaligned bases: 881  total: 1459856

CONTIG: ctg7180000003142 (1321bp)
Top Length: 1321  Top ID: 99.85
		One align captures most of this contig: 77673 78993 | 1 1321 | 1321 1321 | 99.85 | gi|77404693|ref|NC_007489.1|_Rhodobacter_sphaeroides_2.4.1_plasmid_C__complete_sequence ctg7180000003142

CONTIG: ctg7180000003143 (3766bp)
		This contig is unaligned. (3766 bp)
		Unaligned bases: 3766  total: 1463622

CONTIG: ctg7180000003145 (21032bp)
		This contig is unaligned. (21032 bp)
		Unaligned bases: 21032  total: 1484654

CONTIG: ctg7180000003146 (5512bp)
		This contig is unaligned. (5512 bp)
		Unaligned bases: 5512  total: 1490166

CONTIG: ctg7180000003148 (196511bp)
		This contig is unaligned. (196511 bp)
		Unaligned bases: 196511  total: 1686677

CONTIG: ctg7180000003149 (34460bp)
		This contig is unaligned. (34460 bp)
		Unaligned bases: 34460  total: 1721137

CONTIG: ctg7180000003099 (1520bp)
		This contig is unaligned. (1520 bp)
		Unaligned bases: 1520  total: 1722657

CONTIG: ctg7180000003091 (2327bp)
		This contig is unaligned. (2327 bp)
		Unaligned bases: 2327  total: 1724984

CONTIG: ctg7180000003095 (700bp)
Top Length: 700  Top ID: 97.86
		One align captures most of this contig: 77655 78354 | 700 1 | 700 700 | 97.86 | gi|77404693|ref|NC_007489.1|_Rhodobacter_sphaeroides_2.4.1_plasmid_C__complete_sequence ctg7180000003095

CONTIG: jtg7180000003182f_7180000003183f (198324bp)
Top Length: 103  Top ID: 100.0
		This contig is misassembled. 2 total aligns.
			Warning! This contig is more unaligned than misassembled. Contig length is 198324 and total length of all aligns is 192
		Alignment: 1 89 | 89 1 | 89 89 | 100.0 | gi|77404693|ref|NC_007489.1|_Rhodobacter_sphaeroides_2.4.1_plasmid_C__complete_sequence jtg7180000003182f_7180000003183f
		Alignment: 105181 105283 | 193 91 | 103 103 | 100.0 | gi|77404693|ref|NC_007489.1|_Rhodobacter_sphaeroides_2.4.1_plasmid_C__complete_sequence jtg7180000003182f_7180000003183f
		Unaligned bases: 198132
CONTIG: ctg7180000003153 (15233bp)
		This contig is unaligned. (15233 bp)
		Unaligned bases: 15233  total: 1740217

CONTIG: ctg7180000003152 (42200bp)
		This contig is unaligned. (42200 bp)
		Unaligned bases: 42200  total: 1782417

CONTIG: ctg7180000003151 (12529bp)
		This contig is unaligned. (12529 bp)
		Unaligned bases: 12529  total: 1794946

CONTIG: ctg7180000003150 (13667bp)
		This contig is unaligned. (13667 bp)
		Unaligned bases: 13667  total: 1808613

CONTIG: ctg7180000003156 (358962bp)
		This contig is unaligned. (358962 bp)
		Unaligned bases: 358962  total: 2167575

CONTIG: ctg7180000003155 (119429bp)
Top Length: 165  Top ID: 100.0
		This contig is partially unaligned. (165 out of 119429)
		Alignment: 1341 1505 | 1 165 | 165 165 | 100.0 | gi|77404693|ref|NC_007489.1|_Rhodobacter_sphaeroides_2.4.1_plasmid_C__complete_sequence ctg7180000003155
		Unaligned bases: 166 to 119429 (119264)

CONTIG: ctg7180000003154 (216717bp)
Top Length: 197  Top ID: 95.96
		This contig is partially unaligned. (197 out of 216717)
		Alignment: 1338 1534 | 1 197 | 197 197 | 95.96 | gi|77404693|ref|NC_007489.1|_Rhodobacter_sphaeroides_2.4.1_plasmid_C__complete_sequence ctg7180000003154
		Unaligned bases: 198 to 216717 (216520)

CONTIG: ctg7180000003159 (222851bp)
		This contig is unaligned. (222851 bp)
		Unaligned bases: 222851  total: 2390426

CONTIG: ctg7180000003214 (1281bp)
		This contig is unaligned. (1281 bp)
		Unaligned bases: 1281  total: 2391707

CONTIG: ctg7180000003215 (76502bp)
Top Length: 76502  Top ID: 99.89
		One align captures most of this contig: 1341 77840 | 76502 1 | 76500 76502 | 99.89 | gi|77404693|ref|NC_007489.1|_Rhodobacter_sphaeroides_2.4.1_plasmid_C__complete_sequence ctg7180000003215

CONTIG: ctg7180000003210 (2131bp)
		This contig is unaligned. (2131 bp)
		Unaligned bases: 2131  total: 2393838

CONTIG: ctg7180000003211 (901bp)
		This contig is unaligned. (901 bp)
		Unaligned bases: 901  total: 2394739

CONTIG: ctg7180000003166 (200886bp)
		This contig is unaligned. (200886 bp)
		Unaligned bases: 200886  total: 2595625

CONTIG: ctg7180000003167 (37027bp)
		This contig is unaligned. (37027 bp)
		Unaligned bases: 37027  total: 2632652

CONTIG: ctg7180000003164 (64104bp)
		This contig is unaligned. (64104 bp)
		Unaligned bases: 64104  total: 2696756

CONTIG: ctg7180000003165 (136553bp)
		This contig is unaligned. (136553 bp)
		Unaligned bases: 136553  total: 2833309

CONTIG: ctg7180000003162 (69776bp)
		This contig is unaligned. (69776 bp)
		Unaligned bases: 69776  total: 2903085

CONTIG: ctg7180000003163 (26219bp)
		This contig is unaligned. (26219 bp)
		Unaligned bases: 26219  total: 2929304

CONTIG: ctg7180000003160 (21678bp)
		This contig is unaligned. (21678 bp)
		Unaligned bases: 21678  total: 2950982

CONTIG: ctg7180000003161 (242553bp)
		This contig is unaligned. (242553 bp)
		Unaligned bases: 242553  total: 3193535

CONTIG: ctg7180000003213 (1008bp)
		This contig is unaligned. (1008 bp)
		Unaligned bases: 1008  total: 3194543

CONTIG: ctg7180000003168 (33668bp)
		This contig is unaligned. (33668 bp)
		Unaligned bases: 33668  total: 3228211

CONTIG: ctg7180000003169 (2374bp)
		This contig is unaligned. (2374 bp)
		Unaligned bases: 2374  total: 3230585

CONTIG: jtg7180000003139f_7180000003140f (133887bp)
		This contig is unaligned. (133887 bp)
		Unaligned bases: 133887  total: 3364472

CONTIG: jtg7180000003136f_7180000003137f (56722bp)
Top Length: 1491  Top ID: 99.67
		This contig is misassembled. 2 total aligns.
			Warning! This contig is more unaligned than misassembled. Contig length is 56722 and total length of all aligns is 1595
		Alignment: 1 1494 | 55232 56722 | 1494 1491 | 99.67 | gi|77404693|ref|NC_007489.1|_Rhodobacter_sphaeroides_2.4.1_plasmid_C__complete_sequence jtg7180000003136f_7180000003137f
		Alignment: 105181 105284 | 55128 55231 | 104 104 | 100.0 | gi|77404693|ref|NC_007489.1|_Rhodobacter_sphaeroides_2.4.1_plasmid_C__complete_sequence jtg7180000003136f_7180000003137f
		Unaligned bases: 55127
		This contig has both significant aligned and unaligned parts (of length >= min-contig)!
CONTIG: jtg7180000003111f_7180000003147f (26543bp)
		This contig is unaligned. (26543 bp)
		Unaligned bases: 26543  total: 3391015

CONTIG: jtg7180000003176f_7180000002927r_7180000002915r_7180000003177f (216462bp)
		This contig is unaligned. (216462 bp)
		Unaligned bases: 216462  total: 3607477

CONTIG: ctg7180000003179 (4441bp)
		This contig is unaligned. (4441 bp)
		Unaligned bases: 4441  total: 3611918

CONTIG: ctg7180000003178 (1322bp)
		This contig is unaligned. (1322 bp)
		Unaligned bases: 1322  total: 3613240

CONTIG: ctg7180000002942 (683bp)
		This contig is unaligned. (683 bp)
		Unaligned bases: 683  total: 3613923

CONTIG: ctg7180000003171 (9967bp)
		This contig is unaligned. (9967 bp)
		Unaligned bases: 9967  total: 3623890

CONTIG: ctg7180000003170 (24150bp)
		This contig is unaligned. (24150 bp)
		Unaligned bases: 24150  total: 3648040

CONTIG: ctg7180000002768 (515bp)
		This contig is unaligned. (515 bp)
		Unaligned bases: 515  total: 3648555

CONTIG: ctg7180000003175 (7178bp)
		This contig is unaligned. (7178 bp)
		Unaligned bases: 7178  total: 3655733

CONTIG: ctg7180000003174 (8613bp)
		This contig is unaligned. (8613 bp)
		Unaligned bases: 8613  total: 3664346

CONTIG: jtg7180000003157f_7180000003158f (40930bp)
		This contig is unaligned. (40930 bp)
		Unaligned bases: 40930  total: 3705276

Analyzing coverage...
Writing SNPs into /usit/invitro/data/galaxy/master/sabbai/galaxy-dist/database/job_working_directory/000/728/dataset_765_files/contigs_reports/nucmer_output/RS-H-Msrca.used_snps
	Reference gi|77404693|ref|NC_007489.1|_Rhodobacter_sphaeroides_2.4.1_plasmid_C__complete_sequence: 10 total alignments. 1 total regions.
		Region: 1 to 105284 (105284 bp)
			START in gap: 1 to 1327 (1326 bp)
			Align 1: 1327 1505 ctg7180000003206 1 179
				Negative gap (overlap) between this and next alignment: 1505 to 1338 (-167 bp)
				Next Alignment: 1338 1534 ctg7180000003154 1 197

			Previous gap was negative, modifying coordinates to ignore overlap
				Moving contig start from 1 to 169.
			Align 2: 1506 1534 ctg7180000003154 169 197
				The next alignment (1341 1505 ctg7180000003155 1 165) is redundant. Skipping.
				Negative gap (overlap) between this and next alignment: 1534 to 1341 (-193 bp)
				Next Alignment: 1341 77840 ctg7180000003215 76502 1

			Previous gap was negative, modifying coordinates to ignore overlap
				Moving contig start from 76502 to 76308.
			Align 4: 1535 77840 ctg7180000003215 76308 1
				The next alignment (1366 1535 ctg7180000003124 525 356) is redundant. Skipping.
				Negative gap (overlap) between this and next alignment: 77840 to 77655 (-185 bp)
				Next Alignment: 77655 78354 ctg7180000003095 700 1

			Previous gap was negative, modifying coordinates to ignore overlap
				Moving contig start from 700 to 514.
			Align 6: 77841 78354 ctg7180000003095 514 1
				Negative gap (overlap) between this and next alignment: 78354 to 77673 (-681 bp)
				Next Alignment: 77673 78993 ctg7180000003142 1 1321

			Previous gap was negative, modifying coordinates to ignore overlap
				Moving contig start from 1 to 683.
			Align 7: 78355 78993 ctg7180000003142 683 1321
				The next alignment (78350 78964 ctg7180000003113 1 615) is redundant. Skipping.
				Negative gap (overlap) between this and next alignment: 78993 to 78962 (-31 bp)
				Next Alignment: 78962 105284 ctg7180000003194 26396 74

			Previous gap was negative, modifying coordinates to ignore overlap
				Moving contig start from 26396 to 26364.
			Align 9: 78994 105284 ctg7180000003194 26364 74
			END in current alignment.  Modifying 105284 to 105284.

Analysis is finished!
Founded SNPs were written into /usit/invitro/data/galaxy/master/sabbai/galaxy-dist/database/job_working_directory/000/728/dataset_765_files/contigs_reports/nucmer_output/RS-H-Msrca.used_snps

Results:
	Local Misassemblies: 0
	Misassemblies: 0
		Relocations: 0
		Translocations: 0
		Inversions: 0
	Misassembled Contigs: 0
	Misassembled Contig Bases: 0
	Misassmblies Inter-Contig Overlap: 0
Uncovered Regions: 0 (0)
Unaligned Contigs: 94 + 7 part
Partially Unaligned Contigs with Misassemblies: 2
Unaligned Contig Bases: 4371537

Ambiguously Mapped Contigs: 0
Total Bases in Ambiguously Mapped Contigs: 0
Note that --allow-ambiguity option was set to "one" and only first alignment per each contig was used.

	Covered Bases: 103958

	SNPs: 131
	Insertions: 3
	Deletions: 1

	Positive Gaps: 1
		Internal Gaps:  0
		External Gaps:  1
		External Gap Total:  1326
		External Gap Average: 1326
	Negative Gaps: 5
		Internal Overlaps:  0
		External Overlaps:  5
		External Overlaps Total: -1257
		External Overlaps Average: -251
	Contigs with Redundant Alignments: 3 (950)
