/usit/invitro/data/galaxy/master/sabbai/galaxy-dist/tools/assembly_benchmark/quast/quast.py -o /usit/invitro/data/galaxy/master/sabbai/galaxy-dist/database/job_working_directory/000/724/dataset_761_files -R /usit/invitro/data/galaxy/master/sabbai/galaxy-dist/database/files/000/dataset_682.dat -l BF-H-Abyss, BF-H-Cabog, BF-H-Mira, BF-H-Msrca, BF-H-Sga, BF-H-Soap, BF-H-Spades, BF-H-Velvet -G /usit/invitro/data/galaxy/master/sabbai/galaxy-dist/database/files/000/dataset_683.dat /usit/invitro/data/galaxy/master/sabbai/galaxy-dist/database/files/000/dataset_505.dat /usit/invitro/data/galaxy/master/sabbai/galaxy-dist/database/files/000/dataset_506.dat /usit/invitro/data/galaxy/master/sabbai/galaxy-dist/database/files/000/dataset_507.dat /usit/invitro/data/galaxy/master/sabbai/galaxy-dist/database/files/000/dataset_508.dat /usit/invitro/data/galaxy/master/sabbai/galaxy-dist/database/files/000/dataset_509.dat /usit/invitro/data/galaxy/master/sabbai/galaxy-dist/database/files/000/dataset_510.dat /usit/invitro/data/galaxy/master/sabbai/galaxy-dist/database/files/000/dataset_511.dat /usit/invitro/data/galaxy/master/sabbai/galaxy-dist/database/files/000/dataset_512.dat

Version 2.2, build 19.07.2013 21:21


System information:
  OS: Linux-2.6.18-371.el5-x86_64-with-redhat-5.10-Tikanga
  Python version: 2.7.0
  CPUs number: 64

Started: 2014-02-26 05:52:30

Logging to /usit/invitro/data/galaxy/master/sabbai/galaxy-dist/database/job_working_directory/000/724/dataset_761_files/quast.log

NOTICE: Output directory already exists. Existing Nucmer alignments can be used.

NOTICE: Maximum number of threads is set to 64 (use --threads option to set it manually)

Reference:
  /usit/invitro/data/galaxy/master/sabbai/galaxy-dist/database/files/000/dataset_682.dat ==> dataset_682

Contigs:
  /usit/invitro/data/galaxy/master/sabbai/galaxy-dist/database/files/000/dataset_505.dat ==> BF-H-Abyss
  /usit/invitro/data/galaxy/master/sabbai/galaxy-dist/database/files/000/dataset_506.dat ==> BF-H-Cabog
  /usit/invitro/data/galaxy/master/sabbai/galaxy-dist/database/files/000/dataset_507.dat ==> BF-H-Mira
  /usit/invitro/data/galaxy/master/sabbai/galaxy-dist/database/files/000/dataset_508.dat ==> BF-H-Msrca
  /usit/invitro/data/galaxy/master/sabbai/galaxy-dist/database/files/000/dataset_509.dat ==> BF-H-Sga
  /usit/invitro/data/galaxy/master/sabbai/galaxy-dist/database/files/000/dataset_510.dat ==> BF-H-Soap
  /usit/invitro/data/galaxy/master/sabbai/galaxy-dist/database/files/000/dataset_511.dat ==> BF-H-Spades
  /usit/invitro/data/galaxy/master/sabbai/galaxy-dist/database/files/000/dataset_512.dat ==> BF-H-Velvet

2014-02-26 05:52:37
Running Basic statistics processor...
  Reference genome:
    dataset_682.dat, Reference length = 5373121, Reference GC % = 43.42
  Contig files: 
    1  BF-H-Abyss
    2  BF-H-Cabog
    3  BF-H-Mira
    4  BF-H-Msrca
    5  BF-H-Sga
    6  BF-H-Soap
    7  BF-H-Spades
    8  BF-H-Velvet
  Calculating N50 and L50...
    1  BF-H-Abyss, N50 = 106769, L50 = 19, Total length = 7036707, GC % = 43.43, # N's per 100 kbp =  3.40
    2  BF-H-Cabog, N50 = 95840, L50 = 18, Total length = 5213908, GC % = 43.41, # N's per 100 kbp =  0.00
    3  BF-H-Mira, N50 = 134263, L50 = 12, Total length = 5340833, GC % = 43.47, # N's per 100 kbp =  2.45
    4  BF-H-Msrca, N50 = 158716, L50 = 11, Total length = 5392427, GC % = 43.45, # N's per 100 kbp =  0.00
    5  BF-H-Sga, N50 = 45047, L50 = 38, Total length = 5209075, GC % = 43.45, # N's per 100 kbp =  0.00
    6  BF-H-Soap, N50 = 125627, L50 = 14, Total length = 5262789, GC % = 43.47, # N's per 100 kbp =  0.00
    7  BF-H-Spades, N50 = 157732, L50 = 10, Total length = 5319487, GC % = 43.47, # N's per 100 kbp =  8.25
    8  BF-H-Velvet, N50 = 125214, L50 = 14, Total length = 5261270, GC % = 43.46, # N's per 100 kbp =  0.00
  Drawing cumulative plot...
    saved to /usit/invitro/data/galaxy/master/sabbai/galaxy-dist/database/job_working_directory/000/724/dataset_761_files/basic_stats/cumulative_plot.pdf
  Drawing GC content plot...
    saved to /usit/invitro/data/galaxy/master/sabbai/galaxy-dist/database/job_working_directory/000/724/dataset_761_files/basic_stats/GC_content_plot.pdf
  Drawing Nx plot...
    saved to /usit/invitro/data/galaxy/master/sabbai/galaxy-dist/database/job_working_directory/000/724/dataset_761_files/basic_stats/Nx_plot.pdf
  Drawing NGx plot...
    saved to /usit/invitro/data/galaxy/master/sabbai/galaxy-dist/database/job_working_directory/000/724/dataset_761_files/basic_stats/NGx_plot.pdf
Done.

2014-02-26 05:52:42
Running Contig analyzer...
  1  BF-H-Abyss
  2  BF-H-Cabog
  1  Logging to files /usit/invitro/data/galaxy/master/sabbai/galaxy-dist/database/job_working_directory/000/724/dataset_761_files/contigs_reports/contigs_report_BF-H-Abyss.stdout and contigs_report_BF-H-Abyss.stderr...
  2  Logging to files /usit/invitro/data/galaxy/master/sabbai/galaxy-dist/database/job_working_directory/000/724/dataset_761_files/contigs_reports/contigs_report_BF-H-Cabog.stdout and contigs_report_BF-H-Cabog.stderr...
  1  Running Nucmer... 
  2  Running Nucmer... 
  3  BF-H-Mira
  3  Logging to files /usit/invitro/data/galaxy/master/sabbai/galaxy-dist/database/job_working_directory/000/724/dataset_761_files/contigs_reports/contigs_report_BF-H-Mira.stdout and contigs_report_BF-H-Mira.stderr...
  4  BF-H-Msrca
  3  Running Nucmer... 
  4  Logging to files /usit/invitro/data/galaxy/master/sabbai/galaxy-dist/database/job_working_directory/000/724/dataset_761_files/contigs_reports/contigs_report_BF-H-Msrca.stdout and contigs_report_BF-H-Msrca.stderr...
  4  Running Nucmer... 
  5  BF-H-Sga
  5  Logging to files /usit/invitro/data/galaxy/master/sabbai/galaxy-dist/database/job_working_directory/000/724/dataset_761_files/contigs_reports/contigs_report_BF-H-Sga.stdout and contigs_report_BF-H-Sga.stderr...
  5  Running Nucmer... 
  6  BF-H-Soap
  6  Logging to files /usit/invitro/data/galaxy/master/sabbai/galaxy-dist/database/job_working_directory/000/724/dataset_761_files/contigs_reports/contigs_report_BF-H-Soap.stdout and contigs_report_BF-H-Soap.stderr...
  6  Running Nucmer... 
  7  BF-H-Spades
  7  Logging to files /usit/invitro/data/galaxy/master/sabbai/galaxy-dist/database/job_working_directory/000/724/dataset_761_files/contigs_reports/contigs_report_BF-H-Spades.stdout and contigs_report_BF-H-Spades.stderr...
  7  Running Nucmer... 
  8  BF-H-Velvet
  8  Logging to files /usit/invitro/data/galaxy/master/sabbai/galaxy-dist/database/job_working_directory/000/724/dataset_761_files/contigs_reports/contigs_report_BF-H-Velvet.stdout and contigs_report_BF-H-Velvet.stderr...
  8  Running Nucmer... 
/usit/invitro/data/galaxy/master/sabbai/galaxy-dist/database/job_working_directory/000/724/dataset_761_files/contigs_reports/alignments_BF-H-Soap.tsv
  37256 Analysis is finished.
/usit/invitro/data/galaxy/master/sabbai/galaxy-dist/database/job_working_directory/000/724/dataset_761_files/contigs_reports/alignments_BF-H-Spades.tsv
  111760 Analysis is finished.
/usit/invitro/data/galaxy/master/sabbai/galaxy-dist/database/job_working_directory/000/724/dataset_761_files/contigs_reports/alignments_BF-H-Mira.tsv
  37375 Analysis is finished.
/usit/invitro/data/galaxy/master/sabbai/galaxy-dist/database/job_working_directory/000/724/dataset_761_files/contigs_reports/alignments_BF-H-Sga.tsv
  7795 Analysis is finished.
/usit/invitro/data/galaxy/master/sabbai/galaxy-dist/database/job_working_directory/000/724/dataset_761_files/contigs_reports/alignments_BF-H-Cabog.tsv
  37034 Analysis is finished.
/usit/invitro/data/galaxy/master/sabbai/galaxy-dist/database/job_working_directory/000/724/dataset_761_files/contigs_reports/alignments_BF-H-Abyss.tsv
  111341 Analysis is finished.
/usit/invitro/data/galaxy/master/sabbai/galaxy-dist/database/job_working_directory/000/724/dataset_761_files/contigs_reports/alignments_BF-H-Velvet.tsv
  111665 Analysis is finished.
/usit/invitro/data/galaxy/master/sabbai/galaxy-dist/database/job_working_directory/000/724/dataset_761_files/contigs_reports/alignments_BF-H-Msrca.tsv
  37379 Analysis is finished.
  Creating total report...
    saved to /usit/invitro/data/galaxy/master/sabbai/galaxy-dist/database/job_working_directory/000/724/dataset_761_files/contigs_reports/misassemblies_report.txt, misassemblies_report.tsv, and misassemblies_report.tex
  Creating total report...
    saved to /usit/invitro/data/galaxy/master/sabbai/galaxy-dist/database/job_working_directory/000/724/dataset_761_files/contigs_reports/unaligned_report.txt, unaligned_report.tsv, and unaligned_report.tex
Done.

2014-02-26 05:53:13
Running NA-NGA calculation...
  Calculating NA50 and NGA50...
    1  BF-H-Abyss, Largest alignment = 186153, NA50 = 38481, NGA50 = 50798, LA50 = 54, LGA50 = 35
    2  BF-H-Cabog, Largest alignment = 182457, NA50 = 33716, NGA50 = 30567, LA50 = 41, LGA50 = 44
    3  BF-H-Mira, Largest alignment = 188970, NA50 = 43533, NGA50 = 43533, LA50 = 36, LGA50 = 36
    4  BF-H-Msrca, Largest alignment = 185930, NA50 = 42218, NGA50 = 42218, LA50 = 37, LGA50 = 37
    5  BF-H-Sga, Largest alignment = 133449, NA50 = 27630, NGA50 = 27083, LA50 = 58, LGA50 = 61
    6  BF-H-Soap, Largest alignment = 185821, NA50 = 42686, NGA50 = 41464, LA50 = 38, LGA50 = 39
    7  BF-H-Spades, Largest alignment = 185423, NA50 = 43492, NGA50 = 42951, LA50 = 37, LGA50 = 38
    8  BF-H-Velvet, Largest alignment = 185610, NA50 = 42686, NGA50 = 41192, LA50 = 37, LGA50 = 39
  Drawing cumulative plot...
    saved to /usit/invitro/data/galaxy/master/sabbai/galaxy-dist/database/job_working_directory/000/724/dataset_761_files/aligned_stats/cumulative_plot.pdf
  Drawing NAx plot...
    saved to /usit/invitro/data/galaxy/master/sabbai/galaxy-dist/database/job_working_directory/000/724/dataset_761_files/aligned_stats/NAx_plot.pdf
  Drawing NGAx plot...
    saved to /usit/invitro/data/galaxy/master/sabbai/galaxy-dist/database/job_working_directory/000/724/dataset_761_files/aligned_stats/NGAx_plot.pdf
  Done.

2014-02-26 05:53:15
Running Genome analyzer...
  Loaded 4416 genes
  NOTICE: Annotated operons file was not provided. Use -O option to specify it.
  1  BF-H-Abyss
  2  BF-H-Cabog
  3  BF-H-Mira
  4  BF-H-Msrca
  5  BF-H-Sga
  6  BF-H-Soap
  7  BF-H-Spades
  8  BF-H-Velvet
  Drawing genes cumulative plot...
    saved to /usit/invitro/data/galaxy/master/sabbai/galaxy-dist/database/job_working_directory/000/724/dataset_761_files/genome_stats/genes_cumulative_plot.pdf
  Drawing # complete genes histogram...
    saved to /usit/invitro/data/galaxy/master/sabbai/galaxy-dist/database/job_working_directory/000/724/dataset_761_files/genome_stats/complete_genes_histogram.pdf
  Drawing Genome fraction, % histogram...
    saved to /usit/invitro/data/galaxy/master/sabbai/galaxy-dist/database/job_working_directory/000/724/dataset_761_files/genome_stats/genome_fraction_histogram.pdf
Done.

NOTICE: Genes are not predicted by default. Use --gene-finding option to enable it.

2014-02-26 05:53:46
Summarizing...
  Creating total report...
    saved to /usit/invitro/data/galaxy/master/sabbai/galaxy-dist/database/job_working_directory/000/724/dataset_761_files/report.txt, report.tsv, and report.tex
  Transposed version of total report...
    saved to /usit/invitro/data/galaxy/master/sabbai/galaxy-dist/database/job_working_directory/000/724/dataset_761_files/transposed_report.txt, transposed_report.tsv, and transposed_report.tex
  HTML version saved to /usit/invitro/data/galaxy/master/sabbai/galaxy-dist/database/job_working_directory/000/724/dataset_761_files/report.html
  All pdf files are merged to /usit/invitro/data/galaxy/master/sabbai/galaxy-dist/database/job_working_directory/000/724/dataset_761_files/plots.pdf
Log saved to /usit/invitro/data/galaxy/master/sabbai/galaxy-dist/database/job_working_directory/000/724/dataset_761_files/quast.log

Finished: 2014-02-26 05:53:46
Elapsed time: 0:01:16.408640
