Aligning contigs to reference...
	Running Nucmer...
Parsing coords...
Loading Assembly...
Loading reference...
	Loaded [gi|44004339|ref|NC_005707.1|_Bacillus_cereus_ATCC_10987_plasmid_pBc10987__complete_sequence]
Loading SNPs...
Loading regions...
	No regions given, using whole reference.
	Total Regions: 1
	Total Region Length: 208369
Analyzing contigs...
CONTIG: contig-3248_5586_0 (5586bp)
		This contig is unaligned. (5586 bp)
		Unaligned bases: 5586  total: 5586

CONTIG: contig-83_1070_0 (1070bp)
		This contig is unaligned. (1070 bp)
		Unaligned bases: 1070  total: 6656

CONTIG: contig-1769_635_0 (635bp)
		This contig is unaligned. (635 bp)
		Unaligned bases: 635  total: 7291

CONTIG: contig-639_21066_0 (21066bp)
Top Length: 21066  Top ID: 100.0
		One align captures most of this contig: 119389 140454 | 21066 1 | 21066 21066 | 100.0 | gi|44004339|ref|NC_005707.1|_Bacillus_cereus_ATCC_10987_plasmid_pBc10987__complete_sequence contig-639_21066_0

CONTIG: contig-1776_14901_0 (14901bp)
		This contig is unaligned. (14901 bp)
		Unaligned bases: 14901  total: 22192

CONTIG: contig-131_505_0 (505bp)
		This contig is unaligned. (505 bp)
		Unaligned bases: 505  total: 22697

CONTIG: contig-1007_11397_0 (11397bp)
Top Length: 240  Top ID: 100.0
		This contig is partially unaligned. (240 out of 11397)
		Alignment: 74781 75020 | 240 1 | 240 240 | 100.0 | gi|44004339|ref|NC_005707.1|_Bacillus_cereus_ATCC_10987_plasmid_pBc10987__complete_sequence contig-1007_11397_0
		Unaligned bases: 241 to 11397 (11157)

CONTIG: contig-736_32866_0 (32866bp)
		This contig is unaligned. (32866 bp)
		Unaligned bases: 32866  total: 55563

CONTIG: contig-82_37672_0 (37672bp)
		This contig is unaligned. (37672 bp)
		Unaligned bases: 37672  total: 93235

CONTIG: contig-1793_5032_0 (5032bp)
		This contig is unaligned. (5032 bp)
		Unaligned bases: 5032  total: 98267

CONTIG: contig-23_1246_0 (1246bp)
		This contig is unaligned. (1246 bp)
		Unaligned bases: 1246  total: 99513

CONTIG: contig-1928_5859_0 (5859bp)
		This contig is unaligned. (5859 bp)
		Unaligned bases: 5859  total: 105372

CONTIG: contig-1613_24083_0 (24083bp)
		This contig is unaligned. (24083 bp)
		Unaligned bases: 24083  total: 129455

CONTIG: contig-497_12095_0 (12095bp)
Top Length: 12095  Top ID: 100.0
		Marking as insignificant: 81384 81485 | 102 1 | 102 102 | 100.0 | gi|44004339|ref|NC_005707.1|_Bacillus_cereus_ATCC_10987_plasmid_pBc10987__complete_sequence contig-497_12095_0
		One align captures most of this contig: 38716 50810 | 1 12095 | 12095 12095 | 100.0 | gi|44004339|ref|NC_005707.1|_Bacillus_cereus_ATCC_10987_plasmid_pBc10987__complete_sequence contig-497_12095_0

CONTIG: contig-1105_7026_0 (7026bp)
		This contig is unaligned. (7026 bp)
		Unaligned bases: 7026  total: 136481

CONTIG: contig-1318_10678_0 (10678bp)
		This contig is unaligned. (10678 bp)
		Unaligned bases: 10678  total: 147159

CONTIG: contig-168_2393_0 (2393bp)
		This contig is unaligned. (2393 bp)
		Unaligned bases: 2393  total: 149552

CONTIG: contig-982_5685_0 (5685bp)
		This contig is unaligned. (5685 bp)
		Unaligned bases: 5685  total: 155237

CONTIG: contig-717_11067_0 (11067bp)
		This contig is unaligned. (11067 bp)
		Unaligned bases: 11067  total: 166304

CONTIG: contig-2775_7453_0 (7453bp)
		This contig is unaligned. (7453 bp)
		Unaligned bases: 7453  total: 173757

CONTIG: contig-218_8999_0 (8999bp)
		This contig is unaligned. (8999 bp)
		Unaligned bases: 8999  total: 182756

CONTIG: contig-1399_11504_0 (11504bp)
		This contig is unaligned. (11504 bp)
		Unaligned bases: 11504  total: 194260

CONTIG: contig-787_2772_0 (2772bp)
		This contig is unaligned. (2772 bp)
		Unaligned bases: 2772  total: 197032

CONTIG: contig-1567_39066_0 (39066bp)
		This contig is unaligned. (39066 bp)
		Unaligned bases: 39066  total: 236098

CONTIG: contig-1586_4404_0 (4404bp)
		This contig is unaligned. (4404 bp)
		Unaligned bases: 4404  total: 240502

CONTIG: contig-1826_2452_0 (2452bp)
		This contig is unaligned. (2452 bp)
		Unaligned bases: 2452  total: 242954

CONTIG: contig-1803_19565_0 (19565bp)
		This contig is unaligned. (19565 bp)
		Unaligned bases: 19565  total: 262519

CONTIG: contig-947_630_0 (630bp)
		This contig is unaligned. (630 bp)
		Unaligned bases: 630  total: 263149

CONTIG: contig-1434_45136_0 (45136bp)
		This contig is unaligned. (45136 bp)
		Unaligned bases: 45136  total: 308285

CONTIG: contig-2001_619_0 (619bp)
		This contig is unaligned. (619 bp)
		Unaligned bases: 619  total: 308904

CONTIG: contig-2568_21511_0 (21511bp)
		This contig is unaligned. (21511 bp)
		Unaligned bases: 21511  total: 330415

CONTIG: contig-1322_20564_0 (20564bp)
		This contig is unaligned. (20564 bp)
		Unaligned bases: 20564  total: 350979

CONTIG: contig-896_942_0 (942bp)
		This contig is unaligned. (942 bp)
		Unaligned bases: 942  total: 351921

CONTIG: contig-1494_9810_0 (9810bp)
		This contig is unaligned. (9810 bp)
		Unaligned bases: 9810  total: 361731

CONTIG: contig-817_4576_0 (4576bp)
Top Length: 4576  Top ID: 100.0
		Marking as insignificant: 38718 38817 | 1 100 | 100 100 | 100.0 | gi|44004339|ref|NC_005707.1|_Bacillus_cereus_ATCC_10987_plasmid_pBc10987__complete_sequence contig-817_4576_0
		One align captures most of this contig: 76908 81483 | 4576 1 | 4576 4576 | 100.0 | gi|44004339|ref|NC_005707.1|_Bacillus_cereus_ATCC_10987_plasmid_pBc10987__complete_sequence contig-817_4576_0

CONTIG: contig-1184_2496_0 (2496bp)
		This contig is unaligned. (2496 bp)
		Unaligned bases: 2496  total: 364227

CONTIG: contig-744_22044_0 (22044bp)
		This contig is unaligned. (22044 bp)
		Unaligned bases: 22044  total: 386271

CONTIG: contig-907_2374_0 (2374bp)
Top Length: 2374  Top ID: 99.96
		One align captures most of this contig: 74782 77155 | 2374 1 | 2374 2374 | 99.96 | gi|44004339|ref|NC_005707.1|_Bacillus_cereus_ATCC_10987_plasmid_pBc10987__complete_sequence contig-907_2374_0

CONTIG: contig-974_20862_0 (20862bp)
		This contig is unaligned. (20862 bp)
		Unaligned bases: 20862  total: 407133

CONTIG: contig-1088_44355_0 (44355bp)
		This contig is unaligned. (44355 bp)
		Unaligned bases: 44355  total: 451488

CONTIG: contig-2403_21517_0 (21517bp)
		This contig is unaligned. (21517 bp)
		Unaligned bases: 21517  total: 473005

CONTIG: contig-3020_1697_0 (1697bp)
		This contig is unaligned. (1697 bp)
		Unaligned bases: 1697  total: 474702

CONTIG: contig-206_8523_0 (8523bp)
		This contig is unaligned. (8523 bp)
		Unaligned bases: 8523  total: 483225

CONTIG: contig-2717_5282_0 (5282bp)
		This contig is unaligned. (5282 bp)
		Unaligned bases: 5282  total: 488507

CONTIG: contig-564_9226_0 (9226bp)
		This contig is unaligned. (9226 bp)
		Unaligned bases: 9226  total: 497733

CONTIG: contig-1437_19333_0 (19333bp)
		This contig is unaligned. (19333 bp)
		Unaligned bases: 19333  total: 517066

CONTIG: contig-1654_1506_0 (1506bp)
		This contig is unaligned. (1506 bp)
		Unaligned bases: 1506  total: 518572

CONTIG: contig-1389_5911_0 (5911bp)
		This contig is unaligned. (5911 bp)
		Unaligned bases: 5911  total: 524483

CONTIG: contig-237_26226_0 (26226bp)
		This contig is unaligned. (26226 bp)
		Unaligned bases: 26226  total: 550709

CONTIG: contig-1628_9229_0 (9229bp)
		This contig is unaligned. (9229 bp)
		Unaligned bases: 9229  total: 559938

CONTIG: contig-1728_6555_0 (6555bp)
		This contig is unaligned. (6555 bp)
		Unaligned bases: 6555  total: 566493

CONTIG: contig-1140_8577_0 (8577bp)
		This contig is unaligned. (8577 bp)
		Unaligned bases: 8577  total: 575070

CONTIG: contig-193_12372_0 (12372bp)
		This contig is unaligned. (12372 bp)
		Unaligned bases: 12372  total: 587442

CONTIG: contig-1416_36287_0 (36287bp)
		This contig is unaligned. (36287 bp)
		Unaligned bases: 36287  total: 623729

CONTIG: contig-2069_4766_0 (4766bp)
		This contig is unaligned. (4766 bp)
		Unaligned bases: 4766  total: 628495

CONTIG: contig-1076_47758_0 (47758bp)
		This contig is unaligned. (47758 bp)
		Unaligned bases: 47758  total: 676253

CONTIG: contig-105_16821_0 (16821bp)
		This contig is unaligned. (16821 bp)
		Unaligned bases: 16821  total: 693074

CONTIG: contig-2609_587_0 (587bp)
		This contig is unaligned. (587 bp)
		Unaligned bases: 587  total: 693661

CONTIG: contig-794_2032_0 (2032bp)
		This contig is unaligned. (2032 bp)
		Unaligned bases: 2032  total: 695693

CONTIG: contig-1569_35411_0 (35411bp)
		This contig is unaligned. (35411 bp)
		Unaligned bases: 35411  total: 731104

CONTIG: contig-132_19448_0 (19448bp)
		This contig is unaligned. (19448 bp)
		Unaligned bases: 19448  total: 750552

CONTIG: contig-141_1272_0 (1272bp)
		This contig is unaligned. (1272 bp)
		Unaligned bases: 1272  total: 751824

CONTIG: contig-905_6826_0 (6826bp)
		This contig is unaligned. (6826 bp)
		Unaligned bases: 6826  total: 758650

CONTIG: contig-1310_65187_0 (65187bp)
		This contig is unaligned. (65187 bp)
		Unaligned bases: 65187  total: 823837

CONTIG: contig-1468_10383_0 (10383bp)
		This contig is unaligned. (10383 bp)
		Unaligned bases: 10383  total: 834220

CONTIG: contig-1492_2710_0 (2710bp)
		This contig is unaligned. (2710 bp)
		Unaligned bases: 2710  total: 836930

CONTIG: contig-3150_16315_0 (16315bp)
		This contig is unaligned. (16315 bp)
		Unaligned bases: 16315  total: 853245

CONTIG: contig-2065_14225_0 (14225bp)
		This contig is unaligned. (14225 bp)
		Unaligned bases: 14225  total: 867470

CONTIG: contig-1681_31267_0 (31267bp)
		This contig is unaligned. (31267 bp)
		Unaligned bases: 31267  total: 898737

CONTIG: contig-192_1133_0 (1133bp)
Top Length: 1133  Top ID: 100.0
		Marking as insignificant: 38615 38763 | 985 1133 | 149 149 | 99.33 | gi|44004339|ref|NC_005707.1|_Bacillus_cereus_ATCC_10987_plasmid_pBc10987__complete_sequence contig-192_1133_0
		Marking as insignificant: 83188 83339 | 1133 982 | 152 152 | 98.68 | gi|44004339|ref|NC_005707.1|_Bacillus_cereus_ATCC_10987_plasmid_pBc10987__complete_sequence contig-192_1133_0
		One align captures most of this contig: 108306 109438 | 1133 1 | 1133 1133 | 100.0 | gi|44004339|ref|NC_005707.1|_Bacillus_cereus_ATCC_10987_plasmid_pBc10987__complete_sequence contig-192_1133_0

CONTIG: contig-1062_612_0 (612bp)
		This contig is unaligned. (612 bp)
		Unaligned bases: 612  total: 899349

CONTIG: contig-810_1074_0 (1074bp)
		This contig is unaligned. (1074 bp)
		Unaligned bases: 1074  total: 900423

CONTIG: contig-495_10732_0 (10732bp)
		This contig is unaligned. (10732 bp)
		Unaligned bases: 10732  total: 911155

CONTIG: contig-410_556_0 (556bp)
		This contig is unaligned. (556 bp)
		Unaligned bases: 556  total: 911711

CONTIG: contig-676_16763_0 (16763bp)
		This contig is unaligned. (16763 bp)
		Unaligned bases: 16763  total: 928474

CONTIG: contig-1266_8453_0 (8453bp)
Top Length: 8453  Top ID: 100.0
		One align captures most of this contig: 5691 14143 | 8453 1 | 8453 8453 | 100.0 | gi|44004339|ref|NC_005707.1|_Bacillus_cereus_ATCC_10987_plasmid_pBc10987__complete_sequence contig-1266_8453_0

CONTIG: contig-1641_3315_0 (3315bp)
		This contig is unaligned. (3315 bp)
		Unaligned bases: 3315  total: 931789

CONTIG: contig-1860_23043_0 (23043bp)
		This contig is unaligned. (23043 bp)
		Unaligned bases: 23043  total: 954832

CONTIG: contig-1135_653_0 (653bp)
		This contig is unaligned. (653 bp)
		Unaligned bases: 653  total: 955485

CONTIG: contig-3184_567_0 (567bp)
		This contig is unaligned. (567 bp)
		Unaligned bases: 567  total: 956052

CONTIG: contig-420_23728_0 (23728bp)
		This contig is unaligned. (23728 bp)
		Unaligned bases: 23728  total: 979780

CONTIG: contig-1485_31761_0 (31761bp)
		This contig is unaligned. (31761 bp)
		Unaligned bases: 31761  total: 1011541

CONTIG: contig-1229_21109_0 (21109bp)
		This contig is unaligned. (21109 bp)
		Unaligned bases: 21109  total: 1032650

CONTIG: contig-3065_698_0 (698bp)
		This contig is unaligned. (698 bp)
		Unaligned bases: 698  total: 1033348

CONTIG: contig-1610_11668_0 (11668bp)
		This contig is unaligned. (11668 bp)
		Unaligned bases: 11668  total: 1045016

CONTIG: contig-2236_592_0 (592bp)
		This contig is unaligned. (592 bp)
		Unaligned bases: 592  total: 1045608

CONTIG: contig-545_3040_0 (3040bp)
		This contig is unaligned. (3040 bp)
		Unaligned bases: 3040  total: 1048648

CONTIG: contig-1635_3798_0 (3798bp)
		This contig is unaligned. (3798 bp)
		Unaligned bases: 3798  total: 1052446

CONTIG: contig-1593_3358_0 (3358bp)
		This contig is unaligned. (3358 bp)
		Unaligned bases: 3358  total: 1055804

CONTIG: contig-61_3116_0 (3116bp)
		This contig is unaligned. (3116 bp)
		Unaligned bases: 3116  total: 1058920

CONTIG: contig-252_17428_0 (17428bp)
		This contig is unaligned. (17428 bp)
		Unaligned bases: 17428  total: 1076348

CONTIG: contig-417_42121_0 (42121bp)
		This contig is unaligned. (42121 bp)
		Unaligned bases: 42121  total: 1118469

CONTIG: contig-889_11823_0 (11823bp)
		This contig is unaligned. (11823 bp)
		Unaligned bases: 11823  total: 1130292

CONTIG: contig-1401_56549_0 (56549bp)
		This contig is unaligned. (56549 bp)
		Unaligned bases: 56549  total: 1186841

CONTIG: contig-1374_4134_0 (4134bp)
		This contig is unaligned. (4134 bp)
		Unaligned bases: 4134  total: 1190975

CONTIG: contig-1009_8520_0 (8520bp)
		This contig is unaligned. (8520 bp)
		Unaligned bases: 8520  total: 1199495

CONTIG: contig-98_19901_0 (19901bp)
		This contig is unaligned. (19901 bp)
		Unaligned bases: 19901  total: 1219396

CONTIG: contig-283_9005_0 (9005bp)
Top Length: 244  Top ID: 100.0
		This contig is partially unaligned. (244 out of 9005)
		Alignment: 50584 50827 | 244 1 | 244 244 | 100.0 | gi|44004339|ref|NC_005707.1|_Bacillus_cereus_ATCC_10987_plasmid_pBc10987__complete_sequence contig-283_9005_0
		Unaligned bases: 245 to 9005 (8761)

CONTIG: contig-470_43816_0 (43816bp)
		This contig is unaligned. (43816 bp)
		Unaligned bases: 43816  total: 1263212

CONTIG: contig-2232_20688_0 (20688bp)
		This contig is unaligned. (20688 bp)
		Unaligned bases: 20688  total: 1283900

CONTIG: contig-2937_1713_0 (1713bp)
		This contig is unaligned. (1713 bp)
		Unaligned bases: 1713  total: 1285613

CONTIG: contig-1352_2076_0 (2076bp)
		This contig is unaligned. (2076 bp)
		Unaligned bases: 2076  total: 1287689

CONTIG: contig-1578_4264_0 (4264bp)
		This contig is unaligned. (4264 bp)
		Unaligned bases: 4264  total: 1291953

CONTIG: contig-888_6735_0 (6735bp)
		This contig is unaligned. (6735 bp)
		Unaligned bases: 6735  total: 1298688

CONTIG: contig-2211_29311_0 (29311bp)
		This contig is unaligned. (29311 bp)
		Unaligned bases: 29311  total: 1327999

CONTIG: contig-298_42800_0 (42800bp)
		This contig is unaligned. (42800 bp)
		Unaligned bases: 42800  total: 1370799

CONTIG: contig-2622_5911_0 (5911bp)
		This contig is unaligned. (5911 bp)
		Unaligned bases: 5911  total: 1376710

CONTIG: contig-977_20404_0 (20404bp)
		This contig is unaligned. (20404 bp)
		Unaligned bases: 20404  total: 1397114

CONTIG: contig-1373_19408_0 (19408bp)
		This contig is unaligned. (19408 bp)
		Unaligned bases: 19408  total: 1416522

CONTIG: contig-1973_4113_0 (4113bp)
		This contig is unaligned. (4113 bp)
		Unaligned bases: 4113  total: 1420635

CONTIG: contig-712_11222_0 (11222bp)
		This contig is unaligned. (11222 bp)
		Unaligned bases: 11222  total: 1431857

CONTIG: contig-1061_37812_0 (37812bp)
		This contig is unaligned. (37812 bp)
		Unaligned bases: 37812  total: 1469669

CONTIG: contig-1987_3255_0 (3255bp)
		This contig is unaligned. (3255 bp)
		Unaligned bases: 3255  total: 1472924

CONTIG: contig-392_6677_0 (6677bp)
		This contig is unaligned. (6677 bp)
		Unaligned bases: 6677  total: 1479601

CONTIG: contig-2090_4339_0 (4339bp)
		This contig is unaligned. (4339 bp)
		Unaligned bases: 4339  total: 1483940

CONTIG: contig-766_18894_0 (18894bp)
		This contig is unaligned. (18894 bp)
		Unaligned bases: 18894  total: 1502834

CONTIG: contig-2248_531_0 (531bp)
		This contig is unaligned. (531 bp)
		Unaligned bases: 531  total: 1503365

CONTIG: contig-211_32720_0 (32720bp)
		This contig is unaligned. (32720 bp)
		Unaligned bases: 32720  total: 1536085

CONTIG: contig-2247_8108_0 (8108bp)
		This contig is unaligned. (8108 bp)
		Unaligned bases: 8108  total: 1544193

CONTIG: contig-1034_2069_0 (2069bp)
		This contig is unaligned. (2069 bp)
		Unaligned bases: 2069  total: 1546262

CONTIG: contig-1293_4496_0 (4496bp)
		This contig is unaligned. (4496 bp)
		Unaligned bases: 4496  total: 1550758

CONTIG: contig-951_18273_0 (18273bp)
		This contig is unaligned. (18273 bp)
		Unaligned bases: 18273  total: 1569031

CONTIG: contig-839_12894_0 (12894bp)
Top Length: 249  Top ID: 100.0
		This contig is partially unaligned. (249 out of 12894)
		Alignment: 51782 52030 | 12894 12646 | 249 249 | 100.0 | gi|44004339|ref|NC_005707.1|_Bacillus_cereus_ATCC_10987_plasmid_pBc10987__complete_sequence contig-839_12894_0
		Unaligned bases: 1 to 12645 (12645)

CONTIG: contig-1780_36994_0 (36994bp)
		This contig is unaligned. (36994 bp)
		Unaligned bases: 36994  total: 1606025

CONTIG: contig-1756_12075_0 (12075bp)
		This contig is unaligned. (12075 bp)
		Unaligned bases: 12075  total: 1618100

CONTIG: contig-2410_1445_0 (1445bp)
Top Length: 1445  Top ID: 100.0
		One align captures most of this contig: 50585 52029 | 1445 1 | 1445 1445 | 100.0 | gi|44004339|ref|NC_005707.1|_Bacillus_cereus_ATCC_10987_plasmid_pBc10987__complete_sequence contig-2410_1445_0

CONTIG: contig-773_31052_0 (31052bp)
		This contig is unaligned. (31052 bp)
		Unaligned bases: 31052  total: 1649152

CONTIG: contig-148_34892_0 (34892bp)
		This contig is unaligned. (34892 bp)
		Unaligned bases: 34892  total: 1684044

CONTIG: contig-1785_5441_0 (5441bp)
		This contig is unaligned. (5441 bp)
		Unaligned bases: 5441  total: 1689485

CONTIG: contig-553_1795_0 (1795bp)
		This contig is unaligned. (1795 bp)
		Unaligned bases: 1795  total: 1691280

CONTIG: contig-1929_22573_0 (22573bp)
		This contig is unaligned. (22573 bp)
		Unaligned bases: 22573  total: 1713853

CONTIG: contig-814_3645_0 (3645bp)
		This contig is unaligned. (3645 bp)
		Unaligned bases: 3645  total: 1717498

CONTIG: contig-2613_503_0 (503bp)
		This contig is unaligned. (503 bp)
		Unaligned bases: 503  total: 1718001

CONTIG: contig-3196_619_0 (619bp)
		This contig is unaligned. (619 bp)
		Unaligned bases: 619  total: 1718620

CONTIG: contig-1731_9627_0 (9627bp)
		This contig is unaligned. (9627 bp)
		Unaligned bases: 9627  total: 1728247

CONTIG: contig-1251_689_0 (689bp)
		This contig is unaligned. (689 bp)
		Unaligned bases: 689  total: 1728936

CONTIG: contig-1144_5924_0 (5924bp)
		This contig is unaligned. (5924 bp)
		Unaligned bases: 5924  total: 1734860

CONTIG: contig-1545_5614_0 (5614bp)
		This contig is unaligned. (5614 bp)
		Unaligned bases: 5614  total: 1740474

CONTIG: contig-240_5102_0 (5102bp)
		This contig is unaligned. (5102 bp)
		Unaligned bases: 5102  total: 1745576

CONTIG: contig-457_17811_0 (17811bp)
		This contig is unaligned. (17811 bp)
		Unaligned bases: 17811  total: 1763387

CONTIG: contig-741_2225_0 (2225bp)
		This contig is unaligned. (2225 bp)
		Unaligned bases: 2225  total: 1765612

CONTIG: contig-2173_2631_0 (2631bp)
		This contig is unaligned. (2631 bp)
		Unaligned bases: 2631  total: 1768243

CONTIG: contig-94_25425_0 (25425bp)
		This contig is unaligned. (25425 bp)
		Unaligned bases: 25425  total: 1793668

CONTIG: contig-2045_1172_0 (1172bp)
		This contig is unaligned. (1172 bp)
		Unaligned bases: 1172  total: 1794840

CONTIG: contig-2253_3200_0 (3200bp)
		This contig is unaligned. (3200 bp)
		Unaligned bases: 3200  total: 1798040

CONTIG: contig-71_15678_0 (15678bp)
		This contig is unaligned. (15678 bp)
		Unaligned bases: 15678  total: 1813718

CONTIG: contig-367_5314_0 (5314bp)
		This contig is unaligned. (5314 bp)
		Unaligned bases: 5314  total: 1819032

CONTIG: contig-356_57113_0 (57113bp)
		This contig is unaligned. (57113 bp)
		Unaligned bases: 57113  total: 1876145

CONTIG: contig-2190_20395_0 (20395bp)
		This contig is unaligned. (20395 bp)
		Unaligned bases: 20395  total: 1896540

CONTIG: contig-2767_32574_0 (32574bp)
		This contig is unaligned. (32574 bp)
		Unaligned bases: 32574  total: 1929114

CONTIG: contig-2685_901_0 (901bp)
		This contig is unaligned. (901 bp)
		Unaligned bases: 901  total: 1930015

CONTIG: contig-239_34761_0 (34761bp)
		This contig is unaligned. (34761 bp)
		Unaligned bases: 34761  total: 1964776

CONTIG: contig-1216_4815_0 (4815bp)
Top Length: 4815  Top ID: 99.81
		Marking as insignificant: 188934 189122 | 4815 4626 | 189 190 | 99.47 | gi|44004339|ref|NC_005707.1|_Bacillus_cereus_ATCC_10987_plasmid_pBc10987__complete_sequence contig-1216_4815_0
		One align captures most of this contig: 189125 193937 | 4815 1 | 4813 4815 | 99.81 | gi|44004339|ref|NC_005707.1|_Bacillus_cereus_ATCC_10987_plasmid_pBc10987__complete_sequence contig-1216_4815_0

CONTIG: contig-646_12408_0 (12408bp)
		This contig is unaligned. (12408 bp)
		Unaligned bases: 12408  total: 1977184

CONTIG: contig-293_14528_0 (14528bp)
		This contig is unaligned. (14528 bp)
		Unaligned bases: 14528  total: 1991712

CONTIG: contig-700_93548_0 (93548bp)
		This contig is unaligned. (93548 bp)
		Unaligned bases: 93548  total: 2085260

CONTIG: contig-1391_11723_0 (11723bp)
		This contig is unaligned. (11723 bp)
		Unaligned bases: 11723  total: 2096983

CONTIG: contig-338_18004_0 (18004bp)
		This contig is unaligned. (18004 bp)
		Unaligned bases: 18004  total: 2114987

CONTIG: contig-230_520_0 (520bp)
		This contig is unaligned. (520 bp)
		Unaligned bases: 520  total: 2115507

CONTIG: contig-60_51354_0 (51354bp)
		This contig is unaligned. (51354 bp)
		Unaligned bases: 51354  total: 2166861

CONTIG: contig-785_43186_0 (43186bp)
		This contig is unaligned. (43186 bp)
		Unaligned bases: 43186  total: 2210047

CONTIG: contig-1299_6370_0 (6370bp)
		This contig is unaligned. (6370 bp)
		Unaligned bases: 6370  total: 2216417

CONTIG: contig-1867_6007_0 (6007bp)
Top Length: 6007  Top ID: 100.0
		Marking as insignificant: 38615 38760 | 146 1 | 146 146 | 97.95 | gi|44004339|ref|NC_005707.1|_Bacillus_cereus_ATCC_10987_plasmid_pBc10987__complete_sequence contig-1867_6007_0
		Marking as insignificant: 81441 81591 | 1 151 | 151 151 | 97.35 | gi|44004339|ref|NC_005707.1|_Bacillus_cereus_ATCC_10987_plasmid_pBc10987__complete_sequence contig-1867_6007_0
		Marking as insignificant: 108309 108457 | 1 149 | 149 149 | 98.66 | gi|44004339|ref|NC_005707.1|_Bacillus_cereus_ATCC_10987_plasmid_pBc10987__complete_sequence contig-1867_6007_0
		One align captures most of this contig: 83191 89197 | 1 6007 | 6007 6007 | 100.0 | gi|44004339|ref|NC_005707.1|_Bacillus_cereus_ATCC_10987_plasmid_pBc10987__complete_sequence contig-1867_6007_0

CONTIG: contig-1944_14810_0 (14810bp)
		This contig is unaligned. (14810 bp)
		Unaligned bases: 14810  total: 2231227

CONTIG: contig-1036_85281_0 (85281bp)
		This contig is unaligned. (85281 bp)
		Unaligned bases: 85281  total: 2316508

CONTIG: contig-1054_16594_0 (16594bp)
		This contig is unaligned. (16594 bp)
		Unaligned bases: 16594  total: 2333102

CONTIG: contig-388_12322_0 (12322bp)
		This contig is unaligned. (12322 bp)
		Unaligned bases: 12322  total: 2345424

CONTIG: contig-754_2841_0 (2841bp)
		This contig is unaligned. (2841 bp)
		Unaligned bases: 2841  total: 2348265

CONTIG: contig-2570_4322_0 (4322bp)
		This contig is unaligned. (4322 bp)
		Unaligned bases: 4322  total: 2352587

CONTIG: contig-512_5864_0 (5864bp)
		This contig is unaligned. (5864 bp)
		Unaligned bases: 5864  total: 2358451

CONTIG: contig-1774_7580_0 (7580bp)
Top Length: 7580  Top ID: 99.99
		One align captures most of this contig: 111830 119408 | 1 7580 | 7579 7580 | 99.99 | gi|44004339|ref|NC_005707.1|_Bacillus_cereus_ATCC_10987_plasmid_pBc10987__complete_sequence contig-1774_7580_0

CONTIG: contig-65_28805_0 (28805bp)
		This contig is unaligned. (28805 bp)
		Unaligned bases: 28805  total: 2387256

CONTIG: contig-91_561_0 (561bp)
		This contig is unaligned. (561 bp)
		Unaligned bases: 561  total: 2387817

CONTIG: contig-110_21138_0 (21138bp)
		This contig is unaligned. (21138 bp)
		Unaligned bases: 21138  total: 2408955

CONTIG: contig-1921_3944_0 (3944bp)
		This contig is unaligned. (3944 bp)
		Unaligned bases: 3944  total: 2412899

CONTIG: contig-2616_1186_0 (1186bp)
		This contig is unaligned. (1186 bp)
		Unaligned bases: 1186  total: 2414085

CONTIG: contig-2219_38921_0 (38921bp)
		This contig is unaligned. (38921 bp)
		Unaligned bases: 38921  total: 2453006

CONTIG: contig-250_43183_0 (43183bp)
		This contig is unaligned. (43183 bp)
		Unaligned bases: 43183  total: 2496189

CONTIG: contig-2288_3820_0 (3820bp)
		This contig is unaligned. (3820 bp)
		Unaligned bases: 3820  total: 2500009

CONTIG: contig-1472_763_0 (763bp)
		This contig is unaligned. (763 bp)
		Unaligned bases: 763  total: 2500772

CONTIG: contig-2_9923_0 (9923bp)
		This contig is unaligned. (9923 bp)
		Unaligned bases: 9923  total: 2510695

CONTIG: contig-756_10880_0 (10880bp)
		This contig is unaligned. (10880 bp)
		Unaligned bases: 10880  total: 2521575

CONTIG: contig-315_13753_0 (13753bp)
		This contig is unaligned. (13753 bp)
		Unaligned bases: 13753  total: 2535328

CONTIG: contig-151_2950_0 (2950bp)
		This contig is unaligned. (2950 bp)
		Unaligned bases: 2950  total: 2538278

CONTIG: contig-1615_5625_0 (5625bp)
		This contig is unaligned. (5625 bp)
		Unaligned bases: 5625  total: 2543903

CONTIG: contig-774_5483_0 (5483bp)
		This contig is unaligned. (5483 bp)
		Unaligned bases: 5483  total: 2549386

CONTIG: contig-1689_993_0 (993bp)
		This contig is unaligned. (993 bp)
		Unaligned bases: 993  total: 2550379

CONTIG: contig-244_19695_0 (19695bp)
		This contig is unaligned. (19695 bp)
		Unaligned bases: 19695  total: 2570074

CONTIG: contig-914_4819_0 (4819bp)
		This contig is unaligned. (4819 bp)
		Unaligned bases: 4819  total: 2574893

CONTIG: contig-2032_2076_0 (2076bp)
		This contig is unaligned. (2076 bp)
		Unaligned bases: 2076  total: 2576969

CONTIG: contig-2299_28198_0 (28198bp)
		This contig is unaligned. (28198 bp)
		Unaligned bases: 28198  total: 2605167

CONTIG: contig-334_1033_0 (1033bp)
Top Length: 1033  Top ID: 100.0
		One align captures most of this contig: 4896 5928 | 1033 1 | 1033 1033 | 100.0 | gi|44004339|ref|NC_005707.1|_Bacillus_cereus_ATCC_10987_plasmid_pBc10987__complete_sequence contig-334_1033_0

CONTIG: contig-362_35905_0 (35905bp)
		This contig is unaligned. (35905 bp)
		Unaligned bases: 35905  total: 2641072

CONTIG: contig-679_520_0 (520bp)
		This contig is unaligned. (520 bp)
		Unaligned bases: 520  total: 2641592

CONTIG: contig-3304_15663_0 (15663bp)
		This contig is unaligned. (15663 bp)
		Unaligned bases: 15663  total: 2657255

CONTIG: contig-1853_8399_0 (8399bp)
		This contig is unaligned. (8399 bp)
		Unaligned bases: 8399  total: 2665654

CONTIG: contig-776_10677_0 (10677bp)
		This contig is unaligned. (10677 bp)
		Unaligned bases: 10677  total: 2676331

CONTIG: contig-862_6031_0 (6031bp)
		This contig is unaligned. (6031 bp)
		Unaligned bases: 6031  total: 2682362

CONTIG: contig-484_34840_0 (34840bp)
		This contig is unaligned. (34840 bp)
		Unaligned bases: 34840  total: 2717202

CONTIG: contig-217_9254_0 (9254bp)
		This contig is unaligned. (9254 bp)
		Unaligned bases: 9254  total: 2726456

CONTIG: contig-588_11737_0 (11737bp)
		This contig is unaligned. (11737 bp)
		Unaligned bases: 11737  total: 2738193

CONTIG: contig-2348_1146_0 (1146bp)
		This contig is unaligned. (1146 bp)
		Unaligned bases: 1146  total: 2739339

CONTIG: contig-50_10021_0 (10021bp)
		This contig is unaligned. (10021 bp)
		Unaligned bases: 10021  total: 2749360

CONTIG: contig-876_10127_0 (10127bp)
		This contig is unaligned. (10127 bp)
		Unaligned bases: 10127  total: 2759487

CONTIG: contig-1755_40397_0 (40397bp)
		This contig is unaligned. (40397 bp)
		Unaligned bases: 40397  total: 2799884

CONTIG: contig-1060_526_0 (526bp)
		This contig is unaligned. (526 bp)
		Unaligned bases: 526  total: 2800410

CONTIG: contig-249_5578_0 (5578bp)
		This contig is unaligned. (5578 bp)
		Unaligned bases: 5578  total: 2805988

CONTIG: contig-1163_19478_0 (19478bp)
		This contig is unaligned. (19478 bp)
		Unaligned bases: 19478  total: 2825466

CONTIG: contig-2096_989_0 (989bp)
		This contig is unaligned. (989 bp)
		Unaligned bases: 989  total: 2826455

CONTIG: contig-748_12617_0 (12617bp)
		This contig is unaligned. (12617 bp)
		Unaligned bases: 12617  total: 2839072

CONTIG: contig-58_13858_0 (13858bp)
		This contig is unaligned. (13858 bp)
		Unaligned bases: 13858  total: 2852930

CONTIG: contig-3256_28378_0 (28378bp)
		This contig is unaligned. (28378 bp)
		Unaligned bases: 28378  total: 2881308

CONTIG: contig-1690_10272_0 (10272bp)
		This contig is unaligned. (10272 bp)
		Unaligned bases: 10272  total: 2891580

CONTIG: contig-1183_6332_0 (6332bp)
		This contig is unaligned. (6332 bp)
		Unaligned bases: 6332  total: 2897912

CONTIG: contig-2796_2816_0 (2816bp)
Top Length: 2816  Top ID: 100.0
		Marking as insignificant: 14166 17026 | 2816 1 | 2861 2816 | 98.43 | gi|44004339|ref|NC_005707.1|_Bacillus_cereus_ATCC_10987_plasmid_pBc10987__complete_sequence contig-2796_2816_0
		One align captures most of this contig: 14166 16981 | 2816 1 | 2816 2816 | 100.0 | gi|44004339|ref|NC_005707.1|_Bacillus_cereus_ATCC_10987_plasmid_pBc10987__complete_sequence contig-2796_2816_0

CONTIG: contig-1479_13071_0 (13071bp)
Top Length: 260  Top ID: 98.85
		This contig is partially unaligned. (260 out of 13071)
		Alignment: 76914 77173 | 1 260 | 260 260 | 98.85 | gi|44004339|ref|NC_005707.1|_Bacillus_cereus_ATCC_10987_plasmid_pBc10987__complete_sequence contig-1479_13071_0
		Unaligned bases: 261 to 13071 (12811)

CONTIG: contig-372_8150_0 (8150bp)
		This contig is unaligned. (8150 bp)
		Unaligned bases: 8150  total: 2906062

CONTIG: contig-409_8174_0 (8174bp)
		This contig is unaligned. (8174 bp)
		Unaligned bases: 8174  total: 2914236

CONTIG: contig-1740_3106_0 (3106bp)
		This contig is unaligned. (3106 bp)
		Unaligned bases: 3106  total: 2917342

CONTIG: contig-248_17545_0 (17545bp)
		This contig is unaligned. (17545 bp)
		Unaligned bases: 17545  total: 2934887

CONTIG: contig-2490_31340_0 (31340bp)
		This contig is unaligned. (31340 bp)
		Unaligned bases: 31340  total: 2966227

CONTIG: contig-1542_568_0 (568bp)
		This contig is unaligned. (568 bp)
		Unaligned bases: 568  total: 2966795

CONTIG: contig-2056_556_0 (556bp)
		This contig is unaligned. (556 bp)
		Unaligned bases: 556  total: 2967351

CONTIG: contig-589_22358_0 (22358bp)
		This contig is unaligned. (22358 bp)
		Unaligned bases: 22358  total: 2989709

CONTIG: contig-2801_4808_0 (4808bp)
Top Length: 4808  Top ID: 100.0
		One align captures most of this contig: 94826 99633 | 4808 1 | 4808 4808 | 100.0 | gi|44004339|ref|NC_005707.1|_Bacillus_cereus_ATCC_10987_plasmid_pBc10987__complete_sequence contig-2801_4808_0

CONTIG: contig-687_51554_0 (51554bp)
		This contig is unaligned. (51554 bp)
		Unaligned bases: 51554  total: 3041263

CONTIG: contig-2205_10020_0 (10020bp)
		This contig is unaligned. (10020 bp)
		Unaligned bases: 10020  total: 3051283

CONTIG: contig-1235_870_0 (870bp)
		This contig is unaligned. (870 bp)
		Unaligned bases: 870  total: 3052153

CONTIG: contig-491_17088_0 (17088bp)
		This contig is unaligned. (17088 bp)
		Unaligned bases: 17088  total: 3069241

CONTIG: contig-2191_7026_0 (7026bp)
		This contig is unaligned. (7026 bp)
		Unaligned bases: 7026  total: 3076267

CONTIG: contig-2528_6530_0 (6530bp)
		This contig is unaligned. (6530 bp)
		Unaligned bases: 6530  total: 3082797

CONTIG: contig-1365_986_0 (986bp)
		This contig is unaligned. (986 bp)
		Unaligned bases: 986  total: 3083783

CONTIG: contig-3037_24172_0 (24172bp)
		This contig is unaligned. (24172 bp)
		Unaligned bases: 24172  total: 3107955

CONTIG: contig-1081_23012_0 (23012bp)
		This contig is unaligned. (23012 bp)
		Unaligned bases: 23012  total: 3130967

CONTIG: contig-1087_657_0 (657bp)
		This contig is unaligned. (657 bp)
		Unaligned bases: 657  total: 3131624

CONTIG: contig-2196_508_0 (508bp)
		This contig is unaligned. (508 bp)
		Unaligned bases: 508  total: 3132132

CONTIG: contig-210_3800_0 (3800bp)
		This contig is unaligned. (3800 bp)
		Unaligned bases: 3800  total: 3135932

CONTIG: contig-162_60113_0 (60113bp)
		This contig is unaligned. (60113 bp)
		Unaligned bases: 60113  total: 3196045

CONTIG: contig-1074_16185_0 (16185bp)
		This contig is unaligned. (16185 bp)
		Unaligned bases: 16185  total: 3212230

CONTIG: contig-797_19018_0 (19018bp)
		This contig is unaligned. (19018 bp)
		Unaligned bases: 19018  total: 3231248

CONTIG: contig-1849_891_0 (891bp)
		This contig is unaligned. (891 bp)
		Unaligned bases: 891  total: 3232139

CONTIG: contig-1117_13061_0 (13061bp)
		This contig is unaligned. (13061 bp)
		Unaligned bases: 13061  total: 3245200

CONTIG: contig-2067_2694_0 (2694bp)
		This contig is unaligned. (2694 bp)
		Unaligned bases: 2694  total: 3247894

CONTIG: contig-2013_8724_0 (8724bp)
Top Length: 8724  Top ID: 99.98
		Marking as insignificant: 83135 83286 | 153 1 | 152 153 | 95.42 | gi|44004339|ref|NC_005707.1|_Bacillus_cereus_ATCC_10987_plasmid_pBc10987__complete_sequence contig-2013_8724_0
		One align captures most of this contig: 99681 108404 | 8724 1 | 8724 8724 | 99.98 | gi|44004339|ref|NC_005707.1|_Bacillus_cereus_ATCC_10987_plasmid_pBc10987__complete_sequence contig-2013_8724_0

CONTIG: contig-559_14481_0 (14481bp)
		This contig is unaligned. (14481 bp)
		Unaligned bases: 14481  total: 3262375

CONTIG: contig-641_84687_0 (84687bp)
		This contig is unaligned. (84687 bp)
		Unaligned bases: 84687  total: 3347062

CONTIG: contig-473_106317_0 (106317bp)
		This contig is unaligned. (106317 bp)
		Unaligned bases: 106317  total: 3453379

CONTIG: contig-220_28594_0 (28594bp)
		This contig is unaligned. (28594 bp)
		Unaligned bases: 28594  total: 3481973

CONTIG: contig-1236_8184_0 (8184bp)
Top Length: 251  Top ID: 99.6
		This contig is partially unaligned. (251 out of 8184)
		Alignment: 109191 109441 | 251 1 | 251 251 | 99.6 | gi|44004339|ref|NC_005707.1|_Bacillus_cereus_ATCC_10987_plasmid_pBc10987__complete_sequence contig-1236_8184_0
		Unaligned bases: 252 to 8184 (7933)

CONTIG: contig-1047_21955_0 (21955bp)
Top Length: 249  Top ID: 100.0
		This contig is partially unaligned. (249 out of 21955)
		Alignment: 111831 112079 | 21955 21707 | 249 249 | 100.0 | gi|44004339|ref|NC_005707.1|_Bacillus_cereus_ATCC_10987_plasmid_pBc10987__complete_sequence contig-1047_21955_0
		Unaligned bases: 1 to 21706 (21706)

CONTIG: contig-987_5834_0 (5834bp)
Top Length: 5834  Top ID: 99.97
		One align captures most of this contig: 89236 95069 | 1 5834 | 5834 5834 | 99.97 | gi|44004339|ref|NC_005707.1|_Bacillus_cereus_ATCC_10987_plasmid_pBc10987__complete_sequence contig-987_5834_0

CONTIG: contig-713_885_0 (885bp)
		This contig is unaligned. (885 bp)
		Unaligned bases: 885  total: 3482858

CONTIG: contig-590_5191_0 (5191bp)
		This contig is unaligned. (5191 bp)
		Unaligned bases: 5191  total: 3488049

CONTIG: contig-1896_15094_0 (15094bp)
		This contig is unaligned. (15094 bp)
		Unaligned bases: 15094  total: 3503143

CONTIG: contig-1072_4912_0 (4912bp)
		This contig is unaligned. (4912 bp)
		Unaligned bases: 4912  total: 3508055

CONTIG: contig-622_13283_0 (13283bp)
		This contig is unaligned. (13283 bp)
		Unaligned bases: 13283  total: 3521338

CONTIG: contig-152_37479_0 (37479bp)
		This contig is unaligned. (37479 bp)
		Unaligned bases: 37479  total: 3558817

CONTIG: contig-115_12090_0 (12090bp)
		This contig is unaligned. (12090 bp)
		Unaligned bases: 12090  total: 3570907

CONTIG: contig-332_19187_0 (19187bp)
		This contig is unaligned. (19187 bp)
		Unaligned bases: 19187  total: 3590094

CONTIG: contig-2366_6188_0 (6188bp)
Top Length: 6188  Top ID: 99.98
		One align captures most of this contig: 193974 200161 | 1 6188 | 6188 6188 | 99.98 | gi|44004339|ref|NC_005707.1|_Bacillus_cereus_ATCC_10987_plasmid_pBc10987__complete_sequence contig-2366_6188_0

CONTIG: contig-1121_29064_0 (29064bp)
		This contig is unaligned. (29064 bp)
		Unaligned bases: 29064  total: 3619158

CONTIG: contig-2451_1540_0 (1540bp)
		This contig is unaligned. (1540 bp)
		Unaligned bases: 1540  total: 3620698

CONTIG: contig-2971_1361_0 (1361bp)
		This contig is unaligned. (1361 bp)
		Unaligned bases: 1361  total: 3622059

CONTIG: contig-871_5071_0 (5071bp)
		This contig is unaligned. (5071 bp)
		Unaligned bases: 5071  total: 3627130

CONTIG: contig-336_19287_0 (19287bp)
		This contig is unaligned. (19287 bp)
		Unaligned bases: 19287  total: 3646417

CONTIG: contig-258_26552_0 (26552bp)
		This contig is unaligned. (26552 bp)
		Unaligned bases: 26552  total: 3672969

CONTIG: contig-49_5111_0 (5111bp)
Top Length: 4471  Top ID: 100.0
		This contig is misassembled. 2 total aligns.
			Real Alignment 2: 207289 208369 | 5111 4031 | 1081 1081 | 100.0 | gi|44004339|ref|NC_005707.1|_Bacillus_cereus_ATCC_10987_plasmid_pBc10987__complete_sequence contig-49_5111_0
			  Fake misassembly (caused by linear representation of circular genome) between these two alignments
			Real Alignment 1: 1 4471 | 4471 1 | 4471 4471 | 100.0 | gi|44004339|ref|NC_005707.1|_Bacillus_cereus_ATCC_10987_plasmid_pBc10987__complete_sequence contig-49_5111_0

CONTIG: contig-350_21784_0 (21784bp)
		This contig is unaligned. (21784 bp)
		Unaligned bases: 21784  total: 3694753

CONTIG: contig-310_25512_0 (25512bp)
		This contig is unaligned. (25512 bp)
		Unaligned bases: 25512  total: 3720265

CONTIG: contig-668_25767_0 (25767bp)
		This contig is unaligned. (25767 bp)
		Unaligned bases: 25767  total: 3746032

CONTIG: contig-2278_14741_0 (14741bp)
		This contig is unaligned. (14741 bp)
		Unaligned bases: 14741  total: 3760773

CONTIG: contig-2518_54274_0 (54274bp)
		This contig is unaligned. (54274 bp)
		Unaligned bases: 54274  total: 3815047

CONTIG: contig-1449_937_0 (937bp)
		This contig is unaligned. (937 bp)
		Unaligned bases: 937  total: 3815984

CONTIG: contig-1702_5180_0 (5180bp)
		This contig is unaligned. (5180 bp)
		Unaligned bases: 5180  total: 3821164

CONTIG: contig-80_3931_0 (3931bp)
		This contig is unaligned. (3931 bp)
		Unaligned bases: 3931  total: 3825095

CONTIG: contig-272_521_0 (521bp)
		This contig is unaligned. (521 bp)
		Unaligned bases: 521  total: 3825616

CONTIG: contig-2555_7690_0 (7690bp)
		This contig is unaligned. (7690 bp)
		Unaligned bases: 7690  total: 3833306

CONTIG: contig-2513_46209_0 (46209bp)
		This contig is unaligned. (46209 bp)
		Unaligned bases: 46209  total: 3879515

CONTIG: contig-374_18413_0 (18413bp)
		This contig is unaligned. (18413 bp)
		Unaligned bases: 18413  total: 3897928

CONTIG: contig-568_5910_0 (5910bp)
		This contig is unaligned. (5910 bp)
		Unaligned bases: 5910  total: 3903838

CONTIG: contig-1130_25171_0 (25171bp)
		This contig is unaligned. (25171 bp)
		Unaligned bases: 25171  total: 3929009

CONTIG: contig-1663_29935_0 (29935bp)
		This contig is unaligned. (29935 bp)
		Unaligned bases: 29935  total: 3958944

CONTIG: contig-1794_519_0 (519bp)
		This contig is unaligned. (519 bp)
		Unaligned bases: 519  total: 3959463

CONTIG: contig-2094_23941_0 (23941bp)
		This contig is unaligned. (23941 bp)
		Unaligned bases: 23941  total: 3983404

CONTIG: contig-573_19255_0 (19255bp)
Top Length: 19255  Top ID: 99.99
		One align captures most of this contig: 55772 75026 | 19255 1 | 19255 19255 | 99.99 | gi|44004339|ref|NC_005707.1|_Bacillus_cereus_ATCC_10987_plasmid_pBc10987__complete_sequence contig-573_19255_0

CONTIG: contig-734_19667_0 (19667bp)
		This contig is unaligned. (19667 bp)
		Unaligned bases: 19667  total: 4003071

CONTIG: contig-969_703_0 (703bp)
		This contig is unaligned. (703 bp)
		Unaligned bases: 703  total: 4003774

CONTIG: contig-967_1016_0 (1016bp)
		This contig is unaligned. (1016 bp)
		Unaligned bases: 1016  total: 4004790

CONTIG: contig-838_8063_0 (8063bp)
		This contig is unaligned. (8063 bp)
		Unaligned bases: 8063  total: 4012853

CONTIG: contig-2755_593_0 (593bp)
		This contig is unaligned. (593 bp)
		Unaligned bases: 593  total: 4013446

CONTIG: contig-482_2168_0 (2168bp)
		This contig is unaligned. (2168 bp)
		Unaligned bases: 2168  total: 4015614

CONTIG: contig-837_2323_0 (2323bp)
		This contig is unaligned. (2323 bp)
		Unaligned bases: 2323  total: 4017937

CONTIG: contig-743_7261_0 (7261bp)
		This contig is unaligned. (7261 bp)
		Unaligned bases: 7261  total: 4025198

CONTIG: contig-1463_24576_0 (24576bp)
		This contig is unaligned. (24576 bp)
		Unaligned bases: 24576  total: 4049774

CONTIG: contig-855_20503_0 (20503bp)
		This contig is unaligned. (20503 bp)
		Unaligned bases: 20503  total: 4070277

CONTIG: contig-2531_16197_0 (16197bp)
		This contig is unaligned. (16197 bp)
		Unaligned bases: 16197  total: 4086474

CONTIG: contig-414_20010_0 (20010bp)
		This contig is unaligned. (20010 bp)
		Unaligned bases: 20010  total: 4106484

CONTIG: contig-309_40068_0 (40068bp)
		This contig is unaligned. (40068 bp)
		Unaligned bases: 40068  total: 4146552

CONTIG: contig-750_59418_0 (59418bp)
		This contig is unaligned. (59418 bp)
		Unaligned bases: 59418  total: 4205970

CONTIG: contig-613_2224_0 (2224bp)
		This contig is unaligned. (2224 bp)
		Unaligned bases: 2224  total: 4208194

CONTIG: contig-1025_23525_0 (23525bp)
		This contig is unaligned. (23525 bp)
		Unaligned bases: 23525  total: 4231719

CONTIG: contig-722_19834_0 (19834bp)
Top Length: 19834  Top ID: 100.0
		One align captures most of this contig: 16916 36749 | 19834 1 | 19834 19834 | 100.0 | gi|44004339|ref|NC_005707.1|_Bacillus_cereus_ATCC_10987_plasmid_pBc10987__complete_sequence contig-722_19834_0

CONTIG: contig-1614_20563_0 (20563bp)
		This contig is unaligned. (20563 bp)
		Unaligned bases: 20563  total: 4252282

CONTIG: contig-2960_2139_0 (2139bp)
		This contig is unaligned. (2139 bp)
		Unaligned bases: 2139  total: 4254421

CONTIG: contig-27_5643_0 (5643bp)
		This contig is unaligned. (5643 bp)
		Unaligned bases: 5643  total: 4260064

CONTIG: contig-640_1656_0 (1656bp)
		This contig is unaligned. (1656 bp)
		Unaligned bases: 1656  total: 4261720

CONTIG: contig-1818_11973_0 (11973bp)
		This contig is unaligned. (11973 bp)
		Unaligned bases: 11973  total: 4273693

CONTIG: contig-142_8529_0 (8529bp)
		This contig is unaligned. (8529 bp)
		Unaligned bases: 8529  total: 4282222

CONTIG: contig-2582_519_0 (519bp)
		This contig is unaligned. (519 bp)
		Unaligned bases: 519  total: 4282741

CONTIG: contig-557_32417_0 (32417bp)
		This contig is unaligned. (32417 bp)
		Unaligned bases: 32417  total: 4315158

CONTIG: contig-3092_634_0 (634bp)
		This contig is unaligned. (634 bp)
		Unaligned bases: 634  total: 4315792

CONTIG: contig-793_18759_0 (18759bp)
		This contig is unaligned. (18759 bp)
		Unaligned bases: 18759  total: 4334551

CONTIG: contig-62_20503_0 (20503bp)
		This contig is unaligned. (20503 bp)
		Unaligned bases: 20503  total: 4355054

CONTIG: contig-930_8543_0 (8543bp)
		This contig is unaligned. (8543 bp)
		Unaligned bases: 8543  total: 4363597

CONTIG: contig-537_12444_0 (12444bp)
		This contig is unaligned. (12444 bp)
		Unaligned bases: 12444  total: 4376041

CONTIG: contig-382_61116_0 (61116bp)
		This contig is unaligned. (61116 bp)
		Unaligned bases: 61116  total: 4437157

CONTIG: contig-579_14697_0 (14697bp)
		This contig is unaligned. (14697 bp)
		Unaligned bases: 14697  total: 4451854

CONTIG: contig-1180_2267_0 (2267bp)
		This contig is unaligned. (2267 bp)
		Unaligned bases: 2267  total: 4454121

CONTIG: contig-1707_9196_0 (9196bp)
		This contig is unaligned. (9196 bp)
		Unaligned bases: 9196  total: 4463317

CONTIG: contig-2454_9037_0 (9037bp)
		This contig is unaligned. (9037 bp)
		Unaligned bases: 9037  total: 4472354

CONTIG: contig-828_6086_0 (6086bp)
		This contig is unaligned. (6086 bp)
		Unaligned bases: 6086  total: 4478440

CONTIG: contig-303_45198_0 (45198bp)
		This contig is unaligned. (45198 bp)
		Unaligned bases: 45198  total: 4523638

CONTIG: contig-348_9680_0 (9680bp)
		This contig is unaligned. (9680 bp)
		Unaligned bases: 9680  total: 4533318

CONTIG: contig-570_14654_0 (14654bp)
		This contig is unaligned. (14654 bp)
		Unaligned bases: 14654  total: 4547972

CONTIG: contig-127_20719_0 (20719bp)
		This contig is unaligned. (20719 bp)
		Unaligned bases: 20719  total: 4568691

CONTIG: contig-66_7994_0 (7994bp)
		This contig is unaligned. (7994 bp)
		Unaligned bases: 7994  total: 4576685

CONTIG: contig-344_43091_0 (43091bp)
		This contig is unaligned. (43091 bp)
		Unaligned bases: 43091  total: 4619776

CONTIG: contig-1762_751_0 (751bp)
		This contig is unaligned. (751 bp)
		Unaligned bases: 751  total: 4620527

CONTIG: contig-483_1906_0 (1906bp)
Top Length: 245  Top ID: 100.0
		This contig is partially unaligned. (245 out of 1906)
		Alignment: 207285 207529 | 1662 1906 | 245 245 | 100.0 | gi|44004339|ref|NC_005707.1|_Bacillus_cereus_ATCC_10987_plasmid_pBc10987__complete_sequence contig-483_1906_0
		Unaligned bases: 1 to 1661 (1661)

CONTIG: contig-10_21204_0 (21204bp)
		This contig is unaligned. (21204 bp)
		Unaligned bases: 21204  total: 4641731

CONTIG: contig-1809_17410_0 (17410bp)
Top Length: 239  Top ID: 100.0
		This contig is partially unaligned. (239 out of 17410)
		Alignment: 5696 5934 | 1 239 | 239 239 | 100.0 | gi|44004339|ref|NC_005707.1|_Bacillus_cereus_ATCC_10987_plasmid_pBc10987__complete_sequence contig-1809_17410_0
		Unaligned bases: 240 to 17410 (17171)

CONTIG: contig-2681_15823_0 (15823bp)
		This contig is unaligned. (15823 bp)
		Unaligned bases: 15823  total: 4657554

CONTIG: contig-2162_25876_0 (25876bp)
		This contig is unaligned. (25876 bp)
		Unaligned bases: 25876  total: 4683430

CONTIG: contig-616_26572_0 (26572bp)
		This contig is unaligned. (26572 bp)
		Unaligned bases: 26572  total: 4710002

CONTIG: contig-34_2047_0 (2047bp)
Top Length: 2047  Top ID: 100.0
		Marking as insignificant: 108263 108454 | 7 196 | 192 190 | 96.35 | gi|44004339|ref|NC_005707.1|_Bacillus_cereus_ATCC_10987_plasmid_pBc10987__complete_sequence contig-34_2047_0
		Marking as insignificant: 83146 83336 | 7 196 | 191 190 | 97.91 | gi|44004339|ref|NC_005707.1|_Bacillus_cereus_ATCC_10987_plasmid_pBc10987__complete_sequence contig-34_2047_0
		Marking as insignificant: 81391 81586 | 1 196 | 196 196 | 96.94 | gi|44004339|ref|NC_005707.1|_Bacillus_cereus_ATCC_10987_plasmid_pBc10987__complete_sequence contig-34_2047_0
		One align captures most of this contig: 36764 38810 | 2047 1 | 2047 2047 | 100.0 | gi|44004339|ref|NC_005707.1|_Bacillus_cereus_ATCC_10987_plasmid_pBc10987__complete_sequence contig-34_2047_0

CONTIG: contig-1113_23756_0 (23756bp)
		This contig is unaligned. (23756 bp)
		Unaligned bases: 23756  total: 4733758

CONTIG: contig-1185_2883_0 (2883bp)
Top Length: 2883  Top ID: 100.0
		One align captures most of this contig: 109196 112078 | 2883 1 | 2883 2883 | 100.0 | gi|44004339|ref|NC_005707.1|_Bacillus_cereus_ATCC_10987_plasmid_pBc10987__complete_sequence contig-1185_2883_0

CONTIG: contig-1475_28593_0 (28593bp)
		This contig is unaligned. (28593 bp)
		Unaligned bases: 28593  total: 4762351

CONTIG: contig-59_11560_0 (11560bp)
		This contig is unaligned. (11560 bp)
		Unaligned bases: 11560  total: 4773911

CONTIG: contig-11_3982_0 (3982bp)
		This contig is unaligned. (3982 bp)
		Unaligned bases: 3982  total: 4777893

CONTIG: contig-138_7570_0 (7570bp)
		This contig is unaligned. (7570 bp)
		Unaligned bases: 7570  total: 4785463

CONTIG: contig-621_24304_0 (24304bp)
		This contig is unaligned. (24304 bp)
		Unaligned bases: 24304  total: 4809767

CONTIG: contig-12_10446_0 (10446bp)
		This contig is unaligned. (10446 bp)
		Unaligned bases: 10446  total: 4820213

CONTIG: contig-752_39546_0 (39546bp)
		This contig is unaligned. (39546 bp)
		Unaligned bases: 39546  total: 4859759

CONTIG: contig-1682_1638_0 (1638bp)
		This contig is unaligned. (1638 bp)
		Unaligned bases: 1638  total: 4861397

CONTIG: contig-1892_7263_0 (7263bp)
Top Length: 7263  Top ID: 100.0
		One align captures most of this contig: 200241 207503 | 1 7263 | 7263 7263 | 100.0 | gi|44004339|ref|NC_005707.1|_Bacillus_cereus_ATCC_10987_plasmid_pBc10987__complete_sequence contig-1892_7263_0

CONTIG: contig-897_23440_0 (23440bp)
		This contig is unaligned. (23440 bp)
		Unaligned bases: 23440  total: 4884837

CONTIG: contig-1159_42182_0 (42182bp)
		This contig is unaligned. (42182 bp)
		Unaligned bases: 42182  total: 4927019

CONTIG: contig-1834_1904_0 (1904bp)
Top Length: 1904  Top ID: 100.0
		Marking as insignificant: 108252 108405 | 153 1 | 154 153 | 95.45 | gi|44004339|ref|NC_005707.1|_Bacillus_cereus_ATCC_10987_plasmid_pBc10987__complete_sequence contig-1834_1904_0
		Marking as insignificant: 38664 38816 | 1 154 | 153 154 | 96.75 | gi|44004339|ref|NC_005707.1|_Bacillus_cereus_ATCC_10987_plasmid_pBc10987__complete_sequence contig-1834_1904_0
		Marking as insignificant: 38615 38817 | 1702 1904 | 203 203 | 97.04 | gi|44004339|ref|NC_005707.1|_Bacillus_cereus_ATCC_10987_plasmid_pBc10987__complete_sequence contig-1834_1904_0
		Marking as insignificant: 83134 83341 | 1903 1697 | 208 207 | 96.15 | gi|44004339|ref|NC_005707.1|_Bacillus_cereus_ATCC_10987_plasmid_pBc10987__complete_sequence contig-1834_1904_0
		One align captures most of this contig: 81384 83287 | 1904 1 | 1904 1904 | 100.0 | gi|44004339|ref|NC_005707.1|_Bacillus_cereus_ATCC_10987_plasmid_pBc10987__complete_sequence contig-1834_1904_0

CONTIG: contig-1697_513_0 (513bp)
		This contig is unaligned. (513 bp)
		Unaligned bases: 513  total: 4927532

CONTIG: contig-670_32764_0 (32764bp)
		This contig is unaligned. (32764 bp)
		Unaligned bases: 32764  total: 4960296

CONTIG: contig-134_7623_0 (7623bp)
		This contig is unaligned. (7623 bp)
		Unaligned bases: 7623  total: 4967919

CONTIG: contig-437_31261_0 (31261bp)
		This contig is unaligned. (31261 bp)
		Unaligned bases: 31261  total: 4999180

CONTIG: contig-843_2761_0 (2761bp)
		This contig is unaligned. (2761 bp)
		Unaligned bases: 2761  total: 5001941

CONTIG: contig-2016_5671_0 (5671bp)
		This contig is unaligned. (5671 bp)
		Unaligned bases: 5671  total: 5007612

CONTIG: contig-146_13704_0 (13704bp)
		This contig is unaligned. (13704 bp)
		Unaligned bases: 13704  total: 5021316

CONTIG: contig-2337_3791_0 (3791bp)
Top Length: 3791  Top ID: 100.0
		One align captures most of this contig: 51788 55578 | 1 3791 | 3791 3791 | 100.0 | gi|44004339|ref|NC_005707.1|_Bacillus_cereus_ATCC_10987_plasmid_pBc10987__complete_sequence contig-2337_3791_0

CONTIG: contig-90_48739_0 (48739bp)
Top Length: 48739  Top ID: 99.99
		Marking as insignificant: 189123 189309 | 48551 48739 | 187 189 | 96.83 | gi|44004339|ref|NC_005707.1|_Bacillus_cereus_ATCC_10987_plasmid_pBc10987__complete_sequence contig-90_48739_0
		One align captures most of this contig: 140381 189119 | 1 48739 | 48739 48739 | 99.99 | gi|44004339|ref|NC_005707.1|_Bacillus_cereus_ATCC_10987_plasmid_pBc10987__complete_sequence contig-90_48739_0

CONTIG: contig-1832_16762_0 (16762bp)
		This contig is unaligned. (16762 bp)
		Unaligned bases: 16762  total: 5038078

CONTIG: contig-2795_2471_0 (2471bp)
		This contig is unaligned. (2471 bp)
		Unaligned bases: 2471  total: 5040549

CONTIG: contig-846_21917_0 (21917bp)
		This contig is unaligned. (21917 bp)
		Unaligned bases: 21917  total: 5062466

Analyzing coverage...
Writing SNPs into /usit/invitro/data/galaxy/master/sabbai/galaxy-dist/database/job_working_directory/000/722/dataset_759_files/contigs_reports/nucmer_output/BC-M-Sga.used_snps
	Reference gi|44004339|ref|NC_005707.1|_Bacillus_cereus_ATCC_10987_plasmid_pBc10987__complete_sequence: 34 total alignments. 1 total regions.
		Region: 1 to 208369 (208369 bp)
			Align 1: 1 4471 contig-49_5111_0 4471 1
				Gap between this and next alignment: 4471 to 4896 (424 bp)
				Next Alignment: 4896 5928 contig-334_1033_0 1033 1

			Align 2: 4896 5928 contig-334_1033_0 1033 1
				Negative gap (overlap) between this and next alignment: 5928 to 5691 (-237 bp)
				Next Alignment: 5691 14143 contig-1266_8453_0 8453 1

			Previous gap was negative, modifying coordinates to ignore overlap
				Moving contig start from 8453 to 8215.
			Align 3: 5929 14143 contig-1266_8453_0 8215 1
				The next alignment (5696 5934 contig-1809_17410_0 1 239) is redundant. Skipping.
				Gap between this and next alignment: 14143 to 14166 (22 bp)
				Next Alignment: 14166 16981 contig-2796_2816_0 2816 1

			Align 5: 14166 16981 contig-2796_2816_0 2816 1
				Negative gap (overlap) between this and next alignment: 16981 to 16916 (-65 bp)
				Next Alignment: 16916 36749 contig-722_19834_0 19834 1

			Previous gap was negative, modifying coordinates to ignore overlap
				Moving contig start from 19834 to 19768.
			Align 6: 16982 36749 contig-722_19834_0 19768 1
				Gap between this and next alignment: 36749 to 36764 (14 bp)
				Next Alignment: 36764 38810 contig-34_2047_0 2047 1

			Align 7: 36764 38810 contig-34_2047_0 2047 1
				Negative gap (overlap) between this and next alignment: 38810 to 38716 (-94 bp)
				Next Alignment: 38716 50810 contig-497_12095_0 1 12095

			Previous gap was negative, modifying coordinates to ignore overlap
				Moving contig start from 1 to 96.
			Align 8: 38811 50810 contig-497_12095_0 96 12095
				Negative gap (overlap) between this and next alignment: 50810 to 50584 (-226 bp)
				Next Alignment: 50584 50827 contig-283_9005_0 244 1

			Previous gap was negative, modifying coordinates to ignore overlap
				Moving contig start from 244 to 17.
			Align 9: 50811 50827 contig-283_9005_0 17 1
				Negative gap (overlap) between this and next alignment: 50827 to 50585 (-242 bp)
				Next Alignment: 50585 52029 contig-2410_1445_0 1445 1

			Previous gap was negative, modifying coordinates to ignore overlap
				Moving contig start from 1445 to 1202.
			Align 10: 50828 52029 contig-2410_1445_0 1202 1
				Negative gap (overlap) between this and next alignment: 52029 to 51782 (-247 bp)
				Next Alignment: 51782 52030 contig-839_12894_0 12894 12646

			Previous gap was negative, modifying coordinates to ignore overlap
				Moving contig start from 12894 to 12646.
			Align 11: 52030 52030 contig-839_12894_0 12646 12646
				Negative gap (overlap) between this and next alignment: 52030 to 51788 (-242 bp)
				Next Alignment: 51788 55578 contig-2337_3791_0 1 3791

			Previous gap was negative, modifying coordinates to ignore overlap
				Moving contig start from 1 to 244.
			Align 12: 52031 55578 contig-2337_3791_0 244 3791
				Gap between this and next alignment: 55578 to 55772 (193 bp)
				Next Alignment: 55772 75026 contig-573_19255_0 19255 1

			Align 13: 55772 75026 contig-573_19255_0 19255 1
				The next alignment (74781 75020 contig-1007_11397_0 240 1) is redundant. Skipping.
				Negative gap (overlap) between this and next alignment: 75026 to 74782 (-244 bp)
				Next Alignment: 74782 77155 contig-907_2374_0 2374 1

			Previous gap was negative, modifying coordinates to ignore overlap
				Moving contig start from 2374 to 2129.
			Align 15: 75027 77155 contig-907_2374_0 2129 1
				Negative gap (overlap) between this and next alignment: 77155 to 76908 (-247 bp)
				Next Alignment: 76908 81483 contig-817_4576_0 4576 1

			Previous gap was negative, modifying coordinates to ignore overlap
				Moving contig start from 4576 to 4328.
			Align 16: 77156 81483 contig-817_4576_0 4328 1
				The next alignment (76914 77173 contig-1479_13071_0 1 260) is redundant. Skipping.
				Negative gap (overlap) between this and next alignment: 81483 to 81384 (-99 bp)
				Next Alignment: 81384 83287 contig-1834_1904_0 1904 1

			Previous gap was negative, modifying coordinates to ignore overlap
				Moving contig start from 1904 to 1804.
			Align 18: 81484 83287 contig-1834_1904_0 1804 1
				Negative gap (overlap) between this and next alignment: 83287 to 83191 (-96 bp)
				Next Alignment: 83191 89197 contig-1867_6007_0 1 6007

			Previous gap was negative, modifying coordinates to ignore overlap
				Moving contig start from 1 to 98.
			Align 19: 83288 89197 contig-1867_6007_0 98 6007
				Gap between this and next alignment: 89197 to 89236 (38 bp)
				Next Alignment: 89236 95069 contig-987_5834_0 1 5834

			Align 20: 89236 95069 contig-987_5834_0 1 5834
				Negative gap (overlap) between this and next alignment: 95069 to 94826 (-243 bp)
				Next Alignment: 94826 99633 contig-2801_4808_0 4808 1

			Previous gap was negative, modifying coordinates to ignore overlap
				Moving contig start from 4808 to 4564.
			Align 21: 95070 99633 contig-2801_4808_0 4564 1
				Gap between this and next alignment: 99633 to 99681 (47 bp)
				Next Alignment: 99681 108404 contig-2013_8724_0 8724 1

			Align 22: 99681 108404 contig-2013_8724_0 8724 1
				Negative gap (overlap) between this and next alignment: 108404 to 108306 (-98 bp)
				Next Alignment: 108306 109438 contig-192_1133_0 1133 1

			Previous gap was negative, modifying coordinates to ignore overlap
				Moving contig start from 1133 to 1034.
			Align 23: 108405 109438 contig-192_1133_0 1034 1
				Negative gap (overlap) between this and next alignment: 109438 to 109191 (-247 bp)
				Next Alignment: 109191 109441 contig-1236_8184_0 251 1

			Previous gap was negative, modifying coordinates to ignore overlap
				Moving contig start from 251 to 3.
			Align 24: 109439 109441 contig-1236_8184_0 3 1
				Negative gap (overlap) between this and next alignment: 109441 to 109196 (-245 bp)
				Next Alignment: 109196 112078 contig-1185_2883_0 2883 1

			Previous gap was negative, modifying coordinates to ignore overlap
				Moving contig start from 2883 to 2637.
			Align 25: 109442 112078 contig-1185_2883_0 2637 1
				Negative gap (overlap) between this and next alignment: 112078 to 111830 (-248 bp)
				Next Alignment: 111830 119408 contig-1774_7580_0 1 7580

			Previous gap was negative, modifying coordinates to ignore overlap
				Moving contig start from 1 to 250.
			Align 26: 112079 119408 contig-1774_7580_0 250 7580
				The next alignment (111831 112079 contig-1047_21955_0 21955 21707) is redundant. Skipping.
				Negative gap (overlap) between this and next alignment: 119408 to 119389 (-19 bp)
				Next Alignment: 119389 140454 contig-639_21066_0 21066 1

			Previous gap was negative, modifying coordinates to ignore overlap
				Moving contig start from 21066 to 21046.
			Align 28: 119409 140454 contig-639_21066_0 21046 1
				Negative gap (overlap) between this and next alignment: 140454 to 140381 (-73 bp)
				Next Alignment: 140381 189119 contig-90_48739_0 1 48739

			Previous gap was negative, modifying coordinates to ignore overlap
				Moving contig start from 1 to 75.
			Align 29: 140455 189119 contig-90_48739_0 75 48739
				Gap between this and next alignment: 189119 to 189125 (5 bp)
				Next Alignment: 189125 193937 contig-1216_4815_0 4815 1

			Align 30: 189125 193937 contig-1216_4815_0 4815 1
				Gap between this and next alignment: 193937 to 193974 (36 bp)
				Next Alignment: 193974 200161 contig-2366_6188_0 1 6188

			Align 31: 193974 200161 contig-2366_6188_0 1 6188
				Gap between this and next alignment: 200161 to 200241 (79 bp)
				Next Alignment: 200241 207503 contig-1892_7263_0 1 7263

			Align 32: 200241 207503 contig-1892_7263_0 1 7263
				Negative gap (overlap) between this and next alignment: 207503 to 207285 (-218 bp)
				Next Alignment: 207285 207529 contig-483_1906_0 1662 1906

			Previous gap was negative, modifying coordinates to ignore overlap
				Moving contig start from 1662 to 1881.
			Align 33: 207504 207529 contig-483_1906_0 1881 1906
				Negative gap (overlap) between this and next alignment: 207529 to 207289 (-240 bp)
				Next Alignment: 207289 208369 contig-49_5111_0 5111 4031

			Previous gap was negative, modifying coordinates to ignore overlap
				Moving contig start from 5111 to 4870.
			Align 34: 207530 208369 contig-49_5111_0 4870 4031
			END in current alignment.  Modifying 208369 to 208369.

Analysis is finished!
Founded SNPs were written into /usit/invitro/data/galaxy/master/sabbai/galaxy-dist/database/job_working_directory/000/722/dataset_759_files/contigs_reports/nucmer_output/BC-M-Sga.used_snps

Results:
	Local Misassemblies: 0
	Misassemblies: 0
		Relocations: 0
		Translocations: 0
		Inversions: 0
	Misassembled Contigs: 0
	Misassembled Contig Bases: 0
	Misassmblies Inter-Contig Overlap: 0
Uncovered Regions: 0 (0)
Unaligned Contigs: 328 + 8 part
Partially Unaligned Contigs with Misassemblies: 0
Unaligned Contig Bases: 5156311

Ambiguously Mapped Contigs: 0
Total Bases in Ambiguously Mapped Contigs: 0
Note that --allow-ambiguity option was set to "one" and only first alignment per each contig was used.

	Covered Bases: 207511

	SNPs: 2
	Insertions: 4
	Deletions: 46

	Positive Gaps: 9
		Internal Gaps:  0
		External Gaps:  9
		External Gap Total:  858
		External Gap Average: 95
	Negative Gaps: 20
		Internal Overlaps:  0
		External Overlaps:  20
		External Overlaps Total: -3670
		External Overlaps Average: -184
	Contigs with Redundant Alignments: 4 (988)
