ERROR: Could not parse delta file, /usit/invitro/data/galaxy/master/sabbai/galaxy-dist/database/job_working_directory/001/1929/dataset_2011_files/Combined_dataset/contigs_reports/nucmer_output/R.S.-M-Newbler2.delta
error no: 400
ERROR: Could not parse delta file, /usit/invitro/data/galaxy/master/sabbai/galaxy-dist/database/job_working_directory/001/1929/dataset_2011_files/Combined_dataset/contigs_reports/nucmer_output/R.S.-M-Newbler2.delta
error no: 402
...............................................................................................
# CONSTRUCTIONTIME /usit/invitro/data/galaxy/master/sabbai/galaxy-dist/tools/comparative_assembly_statistics/quast-2.2/libs/MUMmer3.23-linux/mummer /usit/invitro/data/galaxy/master/sabbai/galaxy-dist/database/job_working_directory/001/1929/dataset_2011_files/Combined_dataset/contigs_reports/nucmer_output/R.S.-M-Newbler2.ntref 2.19
# reading input file "/usit/invitro/data/galaxy/master/sabbai/galaxy-dist/database/job_working_directory/001/1929/dataset_2011_files/Combined_dataset/corrected_input/R.S.-M-Newbler2.8_raw_ctg" of length 4558969
# matching query-file "/usit/invitro/data/galaxy/master/sabbai/galaxy-dist/database/job_working_directory/001/1929/dataset_2011_files/Combined_dataset/corrected_input/R.S.-M-Newbler2.8_raw_ctg"
# against subject-file "/usit/invitro/data/galaxy/master/sabbai/galaxy-dist/database/job_working_directory/001/1929/dataset_2011_files/Combined_dataset/contigs_reports/nucmer_output/R.S.-M-Newbler2.ntref"
1: PREPARING DATA
ERROR: mummer and/or mgaps returned non-zero
2,3: RUNNING mummer AND CREATING CLUSTERS
# reading input file "/usit/invitro/data/galaxy/master/sabbai/galaxy-dist/database/job_working_directory/001/1929/dataset_2011_files/Combined_dataset/contigs_reports/nucmer_output/R.S.-M-Newbler2.ntref" of length 4602984
# construct suffix tree for sequence of length 4602984
# (maximum reference length is 536870908)
# (maximum query length is 4294967295)
# process 46029 characters per dot
#....................................................................................................
# CONSTRUCTIONTIME /usit/invitro/data/galaxy/master/sabbai/galaxy-dist/tools/comparative_assembly_statistics/quast-2.2/libs/MUMmer3.23-linux/mummer /usit/invitro/data/galaxy/master/sabbai/galaxy-dist/database/job_working_directory/001/1929/dataset_2011_files/Combined_dataset/contigs_reports/nucmer_output/R.S.-M-Newbler2.ntref 2.19
# reading input file "/usit/invitro/data/galaxy/master/sabbai/galaxy-dist/database/job_working_directory/001/1929/dataset_2011_files/Combined_dataset/corrected_input/R.S.-M-Newbler2.8_raw_scf" of length 4655477
# matching query-file "/usit/invitro/data/galaxy/master/sabbai/galaxy-dist/database/job_working_directory/001/1929/dataset_2011_files/Combined_dataset/corrected_input/R.S.-M-Newbler2.8_raw_scf"
# against subject-file "/usit/invitro/data/galaxy/master/sabbai/galaxy-dist/database/job_working_directory/001/1929/dataset_2011_files/Combined_dataset/contigs_reports/nucmer_output/R.S.-M-Newbler2.ntref"
# COMPLETETIME /usit/invitro/data/galaxy/master/sabbai/galaxy-dist/tools/comparative_assembly_statistics/quast-2.2/libs/MUMmer3.23-linux/mummer /usit/invitro/data/galaxy/master/sabbai/galaxy-dist/database/job_working_directory/001/1929/dataset_2011_files/Combined_dataset/contigs_reports/nucmer_output/R.S.-M-Newbler2.ntref 7.45
# SPACE /usit/invitro/data/galaxy/master/sabbai/galaxy-dist/tools/comparative_assembly_statistics/quast-2.2/libs/MUMmer3.23-linux/mummer /usit/invitro/data/galaxy/master/sabbai/galaxy-dist/database/job_working_directory/001/1929/dataset_2011_files/Combined_dataset/contigs_reports/nucmer_output/R.S.-M-Newbler2.ntref 8.98
4: FINISHING DATA
