Aligning contigs to reference...
	Running Nucmer...
Parsing coords...
Loading Assembly...
Loading reference...
	Loaded [gi|225631039|ref|NC_012417.1|_Staphylococcus_aureus_subsp._aureus_USA300_TCH1516_plasmid_pUSA01-HOU__complete_sequence]
Loading SNPs...
Loading regions...
	No regions given, using whole reference.
	Total Regions: 1
	Total Region Length: 3125
Analyzing contigs...
CONTIG: mira_c85 (1136bp)
		This contig is unaligned. (1136 bp)
		Unaligned bases: 1136  total: 1136

CONTIG: mira_c82 (850bp)
		This contig is unaligned. (850 bp)
		Unaligned bases: 850  total: 1986

CONTIG: mira_rep_c118 (669bp)
		This contig is unaligned. (669 bp)
		Unaligned bases: 669  total: 2655

CONTIG: mira_rep_c121 (753bp)
		This contig is unaligned. (753 bp)
		Unaligned bases: 753  total: 3408

CONTIG: mira_c32 (21685bp)
		This contig is unaligned. (21685 bp)
		Unaligned bases: 21685  total: 25093

CONTIG: mira_c33 (5089bp)
		This contig is unaligned. (5089 bp)
		Unaligned bases: 5089  total: 30182

CONTIG: mira_c30 (35233bp)
		This contig is unaligned. (35233 bp)
		Unaligned bases: 35233  total: 65415

CONTIG: mira_c31 (38412bp)
		This contig is unaligned. (38412 bp)
		Unaligned bases: 38412  total: 103827

CONTIG: mira_c36 (5759bp)
		This contig is unaligned. (5759 bp)
		Unaligned bases: 5759  total: 109586

CONTIG: mira_c37 (11300bp)
		This contig is unaligned. (11300 bp)
		Unaligned bases: 11300  total: 120886

CONTIG: mira_c34 (5791bp)
		This contig is unaligned. (5791 bp)
		Unaligned bases: 5791  total: 126677

CONTIG: mira_c35 (33397bp)
		This contig is unaligned. (33397 bp)
		Unaligned bases: 33397  total: 160074

CONTIG: mira_rep_c170 (576bp)
		This contig is unaligned. (576 bp)
		Unaligned bases: 576  total: 160650

CONTIG: mira_rep_c171 (1189bp)
		This contig is unaligned. (1189 bp)
		Unaligned bases: 1189  total: 161839

CONTIG: mira_c38 (2847bp)
		This contig is unaligned. (2847 bp)
		Unaligned bases: 2847  total: 164686

CONTIG: mira_c39 (22489bp)
		This contig is unaligned. (22489 bp)
		Unaligned bases: 22489  total: 187175

CONTIG: mira_rep_c177 (579bp)
		This contig is unaligned. (579 bp)
		Unaligned bases: 579  total: 187754

CONTIG: mira_rep_c129 (538bp)
		This contig is unaligned. (538 bp)
		Unaligned bases: 538  total: 188292

CONTIG: mira_c25 (12763bp)
		This contig is unaligned. (12763 bp)
		Unaligned bases: 12763  total: 201055

CONTIG: mira_c24 (20432bp)
		This contig is unaligned. (20432 bp)
		Unaligned bases: 20432  total: 221487

CONTIG: mira_c27 (43846bp)
		This contig is unaligned. (43846 bp)
		Unaligned bases: 43846  total: 265333

CONTIG: mira_c26 (62510bp)
		This contig is unaligned. (62510 bp)
		Unaligned bases: 62510  total: 327843

CONTIG: mira_c21 (34929bp)
		This contig is unaligned. (34929 bp)
		Unaligned bases: 34929  total: 362772

CONTIG: mira_c20 (104736bp)
		This contig is unaligned. (104736 bp)
		Unaligned bases: 104736  total: 467508

CONTIG: mira_c23 (58097bp)
		This contig is unaligned. (58097 bp)
		Unaligned bases: 58097  total: 525605

CONTIG: mira_c22 (16126bp)
		This contig is unaligned. (16126 bp)
		Unaligned bases: 16126  total: 541731

CONTIG: mira_c29 (34946bp)
		This contig is unaligned. (34946 bp)
		Unaligned bases: 34946  total: 576677

CONTIG: mira_c28 (89249bp)
		This contig is unaligned. (89249 bp)
		Unaligned bases: 89249  total: 665926

CONTIG: mira_rep_c109 (608bp)
		This contig is unaligned. (608 bp)
		Unaligned bases: 608  total: 666534

CONTIG: mira_rep_c108 (602bp)
		This contig is unaligned. (602 bp)
		Unaligned bases: 602  total: 667136

CONTIG: mira_rep_c105 (863bp)
		This contig is unaligned. (863 bp)
		Unaligned bases: 863  total: 667999

CONTIG: mira_rep_c104 (1094bp)
		This contig is unaligned. (1094 bp)
		Unaligned bases: 1094  total: 669093

CONTIG: mira_rep_c107 (1211bp)
		This contig is unaligned. (1211 bp)
		Unaligned bases: 1211  total: 670304

CONTIG: mira_rep_c106 (895bp)
Top Length: 177  Top ID: 95.48
		This contig is misassembled. 2 total aligns.
			Warning! This contig is more unaligned than misassembled. Contig length is 895 and total length of all aligns is 293
		Alignment: 1 116 | 482 367 | 116 116 | 100.0 | gi|225631039|ref|NC_012417.1|_Staphylococcus_aureus_subsp._aureus_USA300_TCH1516_plasmid_pUSA01-HOU__complete_sequence mira_rep_c106
		Alignment: 1910 2086 | 22 198 | 177 177 | 95.48 | gi|225631039|ref|NC_012417.1|_Staphylococcus_aureus_subsp._aureus_USA300_TCH1516_plasmid_pUSA01-HOU__complete_sequence mira_rep_c106
		Unaligned bases: 602
CONTIG: mira_rep_c101 (1403bp)
		This contig is unaligned. (1403 bp)
		Unaligned bases: 1403  total: 671707

CONTIG: mira_rep_c100 (808bp)
		This contig is unaligned. (808 bp)
		Unaligned bases: 808  total: 672515

CONTIG: mira_rep_c103 (1035bp)
		This contig is unaligned. (1035 bp)
		Unaligned bases: 1035  total: 673550

CONTIG: mira_rep_c102 (510bp)
		This contig is unaligned. (510 bp)
		Unaligned bases: 510  total: 674060

CONTIG: mira_c50 (689bp)
		This contig is unaligned. (689 bp)
		Unaligned bases: 689  total: 674749

CONTIG: mira_c51 (893bp)
		This contig is unaligned. (893 bp)
		Unaligned bases: 893  total: 675642

CONTIG: mira_c52 (853bp)
		This contig is unaligned. (853 bp)
		Unaligned bases: 853  total: 676495

CONTIG: mira_c53 (2574bp)
		This contig is unaligned. (2574 bp)
		Unaligned bases: 2574  total: 679069

CONTIG: mira_c54 (553bp)
		This contig is unaligned. (553 bp)
		Unaligned bases: 553  total: 679622

CONTIG: mira_rep_c91 (1671bp)
		This contig is unaligned. (1671 bp)
		Unaligned bases: 1671  total: 681293

CONTIG: mira_rep_c92 (5185bp)
		This contig is unaligned. (5185 bp)
		Unaligned bases: 5185  total: 686478

CONTIG: mira_c57 (662bp)
		This contig is unaligned. (662 bp)
		Unaligned bases: 662  total: 687140

CONTIG: mira_c58 (1109bp)
		This contig is unaligned. (1109 bp)
		Unaligned bases: 1109  total: 688249

CONTIG: mira_c59 (1227bp)
		This contig is unaligned. (1227 bp)
		Unaligned bases: 1227  total: 689476

CONTIG: mira_rep_c115 (519bp)
		This contig is unaligned. (519 bp)
		Unaligned bases: 519  total: 689995

CONTIG: mira_rep_c98 (1768bp)
		This contig is unaligned. (1768 bp)
		Unaligned bases: 1768  total: 691763

CONTIG: mira_rep_c99 (613bp)
		This contig is unaligned. (613 bp)
		Unaligned bases: 613  total: 692376

CONTIG: mira_rep_c110 (523bp)
		This contig is unaligned. (523 bp)
		Unaligned bases: 523  total: 692899

CONTIG: mira_rep_c111 (611bp)
		This contig is unaligned. (611 bp)
		Unaligned bases: 611  total: 693510

CONTIG: mira_rep_c94 (6722bp)
		This contig is unaligned. (6722 bp)
		Unaligned bases: 6722  total: 700232

CONTIG: mira_rep_c95 (7545bp)
		This contig is unaligned. (7545 bp)
		Unaligned bases: 7545  total: 707777

CONTIG: mira_rep_c96 (1177bp)
		This contig is unaligned. (1177 bp)
		Unaligned bases: 1177  total: 708954

CONTIG: mira_c8 (232112bp)
		This contig is unaligned. (232112 bp)
		Unaligned bases: 232112  total: 941066

CONTIG: mira_rep_c97 (1503bp)
		This contig is unaligned. (1503 bp)
		Unaligned bases: 1503  total: 942569

CONTIG: mira_c2 (93030bp)
		This contig is unaligned. (93030 bp)
		Unaligned bases: 93030  total: 1035599

CONTIG: mira_rep_c90 (5679bp)
		This contig is unaligned. (5679 bp)
		Unaligned bases: 5679  total: 1041278

CONTIG: mira_c1 (379101bp)
		This contig is unaligned. (379101 bp)
		Unaligned bases: 379101  total: 1420379

CONTIG: mira_c6 (132448bp)
		This contig is unaligned. (132448 bp)
		Unaligned bases: 132448  total: 1552827

CONTIG: mira_c7 (49571bp)
		This contig is unaligned. (49571 bp)
		Unaligned bases: 49571  total: 1602398

CONTIG: mira_c4 (155512bp)
		This contig is unaligned. (155512 bp)
		Unaligned bases: 155512  total: 1757910

CONTIG: mira_c55 (665bp)
		This contig is unaligned. (665 bp)
		Unaligned bases: 665  total: 1758575

CONTIG: mira_c56 (964bp)
		This contig is unaligned. (964 bp)
		Unaligned bases: 964  total: 1759539

CONTIG: mira_rep_c93 (1470bp)
		This contig is unaligned. (1470 bp)
		Unaligned bases: 1470  total: 1761009

CONTIG: mira_c43 (9838bp)
		This contig is unaligned. (9838 bp)
		Unaligned bases: 9838  total: 1770847

CONTIG: mira_c42 (4674bp)
		This contig is unaligned. (4674 bp)
		Unaligned bases: 4674  total: 1775521

CONTIG: mira_c41 (3868bp)
		This contig is unaligned. (3868 bp)
		Unaligned bases: 3868  total: 1779389

CONTIG: mira_c40 (2394bp)
		This contig is unaligned. (2394 bp)
		Unaligned bases: 2394  total: 1781783

CONTIG: mira_c47 (2060bp)
		This contig is unaligned. (2060 bp)
		Unaligned bases: 2060  total: 1783843

CONTIG: mira_c46 (1212bp)
		This contig is unaligned. (1212 bp)
		Unaligned bases: 1212  total: 1785055

CONTIG: mira_c45 (4220bp)
		This contig is unaligned. (4220 bp)
		Unaligned bases: 4220  total: 1789275

CONTIG: mira_c44 (1054bp)
		This contig is unaligned. (1054 bp)
		Unaligned bases: 1054  total: 1790329

CONTIG: mira_c49 (608bp)
		This contig is unaligned. (608 bp)
		Unaligned bases: 608  total: 1790937

CONTIG: mira_c48 (1636bp)
		This contig is unaligned. (1636 bp)
		Unaligned bases: 1636  total: 1792573

CONTIG: mira_rep_c124 (640bp)
		This contig is unaligned. (640 bp)
		Unaligned bases: 640  total: 1793213

CONTIG: mira_rep_c113 (500bp)
		This contig is unaligned. (500 bp)
		Unaligned bases: 500  total: 1793713

CONTIG: mira_c74 (764bp)
		This contig is unaligned. (764 bp)
		Unaligned bases: 764  total: 1794477

CONTIG: mira_c75 (1089bp)
		This contig is unaligned. (1089 bp)
		Unaligned bases: 1089  total: 1795566

CONTIG: mira_c73 (575bp)
		This contig is unaligned. (575 bp)
		Unaligned bases: 575  total: 1796141

CONTIG: mira_c71 (691bp)
		This contig is unaligned. (691 bp)
		Unaligned bases: 691  total: 1796832

CONTIG: mira_c78 (504bp)
		This contig is unaligned. (504 bp)
		Unaligned bases: 504  total: 1797336

CONTIG: mira_c79 (500bp)
		This contig is unaligned. (500 bp)
		Unaligned bases: 500  total: 1797836

CONTIG: mira_c69 (697bp)
		This contig is unaligned. (697 bp)
		Unaligned bases: 697  total: 1798533

CONTIG: mira_c68 (1219bp)
Top Length: 177  Top ID: 96.61
		This contig is partially unaligned. (177 out of 1219)
		Alignment: 1910 2086 | 1008 1184 | 177 177 | 96.61 | gi|225631039|ref|NC_012417.1|_Staphylococcus_aureus_subsp._aureus_USA300_TCH1516_plasmid_pUSA01-HOU__complete_sequence mira_c68
		Unaligned bases: 1 to 1007 (1007)
		Unaligned bases: 1185 to 1219 (35)

CONTIG: mira_c61 (812bp)
		This contig is unaligned. (812 bp)
		Unaligned bases: 812  total: 1799345

CONTIG: mira_c60 (609bp)
		This contig is unaligned. (609 bp)
		Unaligned bases: 609  total: 1799954

CONTIG: mira_c63 (743bp)
Top Length: 242  Top ID: 97.52
		This contig is partially unaligned. (242 out of 743)
		Alignment: 1846 2086 | 743 502 | 241 242 | 97.52 | gi|225631039|ref|NC_012417.1|_Staphylococcus_aureus_subsp._aureus_USA300_TCH1516_plasmid_pUSA01-HOU__complete_sequence mira_c63
		Unaligned bases: 1 to 501 (501)

CONTIG: mira_c62 (632bp)
		This contig is unaligned. (632 bp)
		Unaligned bases: 632  total: 1800586

CONTIG: mira_c65 (672bp)
		This contig is unaligned. (672 bp)
		Unaligned bases: 672  total: 1801258

CONTIG: mira_c64 (651bp)
		This contig is unaligned. (651 bp)
		Unaligned bases: 651  total: 1801909

CONTIG: mira_c67 (563bp)
		This contig is unaligned. (563 bp)
		Unaligned bases: 563  total: 1802472

CONTIG: mira_c66 (679bp)
		This contig is unaligned. (679 bp)
		Unaligned bases: 679  total: 1803151

CONTIG: mira_c211 (655bp)
		This contig is unaligned. (655 bp)
		Unaligned bases: 655  total: 1803806

CONTIG: mira_c9 (50006bp)
		This contig is unaligned. (50006 bp)
		Unaligned bases: 50006  total: 1853812

CONTIG: mira_c213 (657bp)
		This contig is unaligned. (657 bp)
		Unaligned bases: 657  total: 1854469

CONTIG: mira_c18 (50093bp)
		This contig is unaligned. (50093 bp)
		Unaligned bases: 50093  total: 1904562

CONTIG: mira_c19 (146765bp)
		This contig is unaligned. (146765 bp)
		Unaligned bases: 146765  total: 2051327

CONTIG: mira_c14 (10464bp)
		This contig is unaligned. (10464 bp)
		Unaligned bases: 10464  total: 2061791

CONTIG: mira_c15 (56772bp)
		This contig is unaligned. (56772 bp)
		Unaligned bases: 56772  total: 2118563

CONTIG: mira_c16 (40383bp)
		This contig is unaligned. (40383 bp)
		Unaligned bases: 40383  total: 2158946

CONTIG: mira_c17 (38702bp)
		This contig is unaligned. (38702 bp)
		Unaligned bases: 38702  total: 2197648

CONTIG: mira_c10 (90933bp)
		This contig is unaligned. (90933 bp)
		Unaligned bases: 90933  total: 2288581

CONTIG: mira_c11 (32356bp)
		This contig is unaligned. (32356 bp)
		Unaligned bases: 32356  total: 2320937

CONTIG: mira_c12 (244003bp)
		This contig is unaligned. (244003 bp)
		Unaligned bases: 244003  total: 2564940

CONTIG: mira_c13 (38961bp)
		This contig is unaligned. (38961 bp)
		Unaligned bases: 38961  total: 2603901

CONTIG: mira_c3 (4929bp)
		This contig is unaligned. (4929 bp)
		Unaligned bases: 4929  total: 2608830

CONTIG: mira_c5 (242255bp)
		This contig is unaligned. (242255 bp)
		Unaligned bases: 242255  total: 2851085

Analyzing coverage...
Writing SNPs into /usit/invitro/data/galaxy/master/sabbai/galaxy-dist/database/job_working_directory/000/736/dataset_773_files/contigs_reports/nucmer_output/SA-H-Mira.used_snps
	Reference gi|225631039|ref|NC_012417.1|_Staphylococcus_aureus_subsp._aureus_USA300_TCH1516_plasmid_pUSA01-HOU__complete_sequence: 2 total alignments. 1 total regions.
		Region: 1 to 3125 (3125 bp)
			START in gap: 1 to 1846 (1845 bp)
			Align 1: 1846 2086 mira_c63 743 502
				The next alignment (1910 2086 mira_c68 1008 1184) is redundant. Skipping.

Analysis is finished!
Founded SNPs were written into /usit/invitro/data/galaxy/master/sabbai/galaxy-dist/database/job_working_directory/000/736/dataset_773_files/contigs_reports/nucmer_output/SA-H-Mira.used_snps

Results:
	Local Misassemblies: 0
	Misassemblies: 0
		Relocations: 0
		Translocations: 0
		Inversions: 0
	Misassembled Contigs: 0
	Misassembled Contig Bases: 0
	Misassmblies Inter-Contig Overlap: 0
Uncovered Regions: 0 (0)
Unaligned Contigs: 107 + 3 part
Partially Unaligned Contigs with Misassemblies: 1
Unaligned Contig Bases: 2853230

Ambiguously Mapped Contigs: 0
Total Bases in Ambiguously Mapped Contigs: 0
Note that --allow-ambiguity option was set to "one" and only first alignment per each contig was used.

	Covered Bases: 241

	SNPs: 5
	Insertions: 1
	Deletions: 0

	Positive Gaps: 1
		Internal Gaps:  0
		External Gaps:  1
		External Gap Total:  1845
		External Gap Average: 1845
	Negative Gaps: 0
		Internal Overlaps:  0
		External Overlaps:  0
		External Overlaps Total:  0
		External Overlaps Average: 0
	Contigs with Redundant Alignments: 1 (177)
