Aligning contigs to reference...
	Running Nucmer...
Parsing coords...
Loading Assembly...
Loading reference...
	Loaded [gi|225631039|ref|NC_012417.1|_Staphylococcus_aureus_subsp._aureus_USA300_TCH1516_plasmid_pUSA01-HOU__complete_sequence]
Loading SNPs...
Loading regions...
	No regions given, using whole reference.
	Total Regions: 1
	Total Region Length: 3125
Analyzing contigs...
CONTIG: contig28 (105387bp)
		This contig is unaligned. (105387 bp)
		Unaligned bases: 105387  total: 105387

CONTIG: contig29 (26716bp)
		This contig is unaligned. (26716 bp)
		Unaligned bases: 26716  total: 132103

CONTIG: contig22 (3933bp)
		This contig is unaligned. (3933 bp)
		Unaligned bases: 3933  total: 136036

CONTIG: contig23 (32598bp)
		This contig is unaligned. (32598 bp)
		Unaligned bases: 32598  total: 168634

CONTIG: contig20 (4404bp)
		This contig is unaligned. (4404 bp)
		Unaligned bases: 4404  total: 173038

CONTIG: contig21 (4836bp)
		This contig is unaligned. (4836 bp)
		Unaligned bases: 4836  total: 177874

CONTIG: contig26 (3284bp)
		This contig is unaligned. (3284 bp)
		Unaligned bases: 3284  total: 181158

CONTIG: contig27 (27314bp)
Top Length: 145  Top ID: 97.24
		This contig is misassembled. 3 total aligns.
			Warning! This contig is more unaligned than misassembled. Contig length is 27314 and total length of all aligns is 354
		Alignment: 1 116 | 377 262 | 116 116 | 100.0 | gi|225631039|ref|NC_012417.1|_Staphylococcus_aureus_subsp._aureus_USA300_TCH1516_plasmid_pUSA01-HOU__complete_sequence contig27
		Alignment: 1910 2054 | 27170 27314 | 145 145 | 97.24 | gi|225631039|ref|NC_012417.1|_Staphylococcus_aureus_subsp._aureus_USA300_TCH1516_plasmid_pUSA01-HOU__complete_sequence contig27
		Alignment: 1994 2086 | 1 93 | 93 93 | 97.85 | gi|225631039|ref|NC_012417.1|_Staphylococcus_aureus_subsp._aureus_USA300_TCH1516_plasmid_pUSA01-HOU__complete_sequence contig27
		Unaligned bases: 26960
CONTIG: contig259 (513bp)
		This contig is unaligned. (513 bp)
		Unaligned bases: 513  total: 181671

CONTIG: contig265 (6647bp)
		This contig is unaligned. (6647 bp)
		Unaligned bases: 6647  total: 188318

CONTIG: contig264 (4696bp)
		This contig is unaligned. (4696 bp)
		Unaligned bases: 4696  total: 193014

CONTIG: contig267 (16925bp)
		This contig is unaligned. (16925 bp)
		Unaligned bases: 16925  total: 209939

CONTIG: contig266 (11203bp)
		This contig is unaligned. (11203 bp)
		Unaligned bases: 11203  total: 221142

CONTIG: contig261 (1093bp)
		This contig is unaligned. (1093 bp)
		Unaligned bases: 1093  total: 222235

CONTIG: contig260 (792bp)
		This contig is unaligned. (792 bp)
		Unaligned bases: 792  total: 223027

CONTIG: contig263 (1160bp)
		This contig is unaligned. (1160 bp)
		Unaligned bases: 1160  total: 224187

CONTIG: contig262 (3099bp)
		This contig is unaligned. (3099 bp)
		Unaligned bases: 3099  total: 227286

CONTIG: contig269 (21807bp)
		This contig is unaligned. (21807 bp)
		Unaligned bases: 21807  total: 249093

CONTIG: contig268 (18391bp)
		This contig is unaligned. (18391 bp)
		Unaligned bases: 18391  total: 267484

CONTIG: contig34 (92436bp)
		This contig is unaligned. (92436 bp)
		Unaligned bases: 92436  total: 359920

CONTIG: contig31 (127282bp)
		This contig is unaligned. (127282 bp)
		Unaligned bases: 127282  total: 487202

CONTIG: contig30 (95780bp)
		This contig is unaligned. (95780 bp)
		Unaligned bases: 95780  total: 582982

CONTIG: contig33 (169908bp)
		This contig is unaligned. (169908 bp)
		Unaligned bases: 169908  total: 752890

CONTIG: contig32 (50426bp)
		This contig is unaligned. (50426 bp)
		Unaligned bases: 50426  total: 803316

CONTIG: contig17 (49886bp)
		This contig is unaligned. (49886 bp)
		Unaligned bases: 49886  total: 853202

CONTIG: contig16 (12378bp)
		This contig is unaligned. (12378 bp)
		Unaligned bases: 12378  total: 865580

CONTIG: contig15 (2596bp)
		This contig is unaligned. (2596 bp)
		Unaligned bases: 2596  total: 868176

CONTIG: contig14 (2202bp)
		This contig is unaligned. (2202 bp)
		Unaligned bases: 2202  total: 870378

CONTIG: contig13 (26453bp)
		This contig is unaligned. (26453 bp)
		Unaligned bases: 26453  total: 896831

CONTIG: contig12 (38235bp)
		This contig is unaligned. (38235 bp)
		Unaligned bases: 38235  total: 935066

CONTIG: contig52 (146332bp)
		This contig is unaligned. (146332 bp)
		Unaligned bases: 146332  total: 1081398

CONTIG: contig19 (3660bp)
		This contig is unaligned. (3660 bp)
		Unaligned bases: 3660  total: 1085058

CONTIG: contig18 (2865bp)
		This contig is unaligned. (2865 bp)
		Unaligned bases: 2865  total: 1087923

CONTIG: contig3 (583bp)
		This contig is unaligned. (583 bp)
		Unaligned bases: 583  total: 1088506

CONTIG: contig2 (713bp)
		This contig is unaligned. (713 bp)
		Unaligned bases: 713  total: 1089219

CONTIG: contig7 (39309bp)
		This contig is unaligned. (39309 bp)
		Unaligned bases: 39309  total: 1128528

CONTIG: contig6 (3707bp)
		This contig is unaligned. (3707 bp)
		Unaligned bases: 3707  total: 1132235

CONTIG: contig5 (4288bp)
		This contig is unaligned. (4288 bp)
		Unaligned bases: 4288  total: 1136523

CONTIG: contig4 (20200bp)
		This contig is unaligned. (20200 bp)
		Unaligned bases: 20200  total: 1156723

CONTIG: contig9 (53313bp)
		This contig is unaligned. (53313 bp)
		Unaligned bases: 53313  total: 1210036

CONTIG: contig8 (2436bp)
		This contig is unaligned. (2436 bp)
		Unaligned bases: 2436  total: 1212472

CONTIG: contig144 (159642bp)
		This contig is unaligned. (159642 bp)
		Unaligned bases: 159642  total: 1372114

CONTIG: contig147 (106654bp)
		This contig is unaligned. (106654 bp)
		Unaligned bases: 106654  total: 1478768

CONTIG: contig276 (243928bp)
		This contig is unaligned. (243928 bp)
		Unaligned bases: 243928  total: 1722696

CONTIG: contig277 (241958bp)
		This contig is unaligned. (241958 bp)
		Unaligned bases: 241958  total: 1964654

CONTIG: contig274 (186946bp)
		This contig is unaligned. (186946 bp)
		Unaligned bases: 186946  total: 2151600

CONTIG: contig275 (129802bp)
		This contig is unaligned. (129802 bp)
		Unaligned bases: 129802  total: 2281402

CONTIG: contig272 (34536bp)
		This contig is unaligned. (34536 bp)
		Unaligned bases: 34536  total: 2315938

CONTIG: contig273 (47457bp)
		This contig is unaligned. (47457 bp)
		Unaligned bases: 47457  total: 2363395

CONTIG: contig270 (33220bp)
		This contig is unaligned. (33220 bp)
		Unaligned bases: 33220  total: 2396615

CONTIG: contig271 (34818bp)
		This contig is unaligned. (34818 bp)
		Unaligned bases: 34818  total: 2431433

CONTIG: contig278 (364183bp)
		This contig is unaligned. (364183 bp)
		Unaligned bases: 364183  total: 2795616

Analyzing coverage...
Writing SNPs into /usit/invitro/data/galaxy/master/sabbai/galaxy-dist/database/job_working_directory/000/736/dataset_773_files/contigs_reports/nucmer_output/SA-H-Soap.used_snps
ERROR: Reference [$ref] does not have any alignments!  Check that this is the same file used for alignment.
ERROR: Alignment Reference Headers: []
Analysis is finished!
Founded SNPs were written into /usit/invitro/data/galaxy/master/sabbai/galaxy-dist/database/job_working_directory/000/736/dataset_773_files/contigs_reports/nucmer_output/SA-H-Soap.used_snps

Results:
	Local Misassemblies: 0
	Misassemblies: 0
		Relocations: 0
		Translocations: 0
		Inversions: 0
	Misassembled Contigs: 0
	Misassembled Contig Bases: 0
	Misassmblies Inter-Contig Overlap: 0
Uncovered Regions: 0 (0)
Unaligned Contigs: 51 + 1 part
Partially Unaligned Contigs with Misassemblies: 1
Unaligned Contig Bases: 2822576

Ambiguously Mapped Contigs: 0
Total Bases in Ambiguously Mapped Contigs: 0
Note that --allow-ambiguity option was set to "one" and only first alignment per each contig was used.

	Covered Bases: 0

	SNPs: 0
	Insertions: 0
	Deletions: 0

	Positive Gaps: 0
		Internal Gaps:  0
		External Gaps:  0
		External Gap Total:  0
		External Gap Average: 0
	Negative Gaps: 0
		Internal Overlaps:  0
		External Overlaps:  0
		External Overlaps Total:  0
		External Overlaps Average: 0
	Contigs with Redundant Alignments: 0 (0)
