Aligning contigs to reference...
	Running Nucmer...
Parsing coords...
Loading Assembly...
Loading reference...
	Loaded [gi|169627108|ref|NC_010397.1|_Mycobacterium_abscessus_chromosome__complete_sequence]
Loading SNPs...
Loading regions...
	No regions given, using whole reference.
	Total Regions: 1
	Total Region Length: 5067172
Analyzing contigs...
CONTIG: NODE_17_length_70342_cov_36.757130_2 (27213bp)
Top Length: 27209  Top ID: 100.0
		One align captures most of this contig: 775934 803142 | 27209 1 | 27209 27209 | 100.0 | gi|169627108|ref|NC_010397.1|_Mycobacterium_abscessus_chromosome__complete_sequence NODE_17_length_70342_cov_36.757130_2

CONTIG: NODE_17_length_70342_cov_36.757130_3 (19368bp)
Top Length: 19368  Top ID: 100.0
		One align captures most of this contig: 756465 775832 | 19368 1 | 19368 19368 | 100.0 | gi|169627108|ref|NC_010397.1|_Mycobacterium_abscessus_chromosome__complete_sequence NODE_17_length_70342_cov_36.757130_3

CONTIG: NODE_17_length_70342_cov_36.757130_1 (23445bp)
Top Length: 23445  Top ID: 100.0
		One align captures most of this contig: 803155 826599 | 23445 1 | 23445 23445 | 100.0 | gi|169627108|ref|NC_010397.1|_Mycobacterium_abscessus_chromosome__complete_sequence NODE_17_length_70342_cov_36.757130_1

CONTIG: NODE_35_length_150304_cov_38.287159_1 (23333bp)
Top Length: 23333  Top ID: 100.0
		One align captures most of this contig: 993318 1016650 | 23333 1 | 23333 23333 | 100.0 | gi|169627108|ref|NC_010397.1|_Mycobacterium_abscessus_chromosome__complete_sequence NODE_35_length_150304_cov_38.287159_1

CONTIG: NODE_35_length_150304_cov_38.287159_3 (24412bp)
Top Length: 24412  Top ID: 100.0
		One align captures most of this contig: 947360 971771 | 24412 1 | 24412 24412 | 100.0 | gi|169627108|ref|NC_010397.1|_Mycobacterium_abscessus_chromosome__complete_sequence NODE_35_length_150304_cov_38.287159_3

CONTIG: NODE_35_length_150304_cov_38.287159_2 (21401bp)
Top Length: 21401  Top ID: 99.99
		One align captures most of this contig: 971809 993209 | 21401 1 | 21401 21401 | 99.99 | gi|169627108|ref|NC_010397.1|_Mycobacterium_abscessus_chromosome__complete_sequence NODE_35_length_150304_cov_38.287159_2

CONTIG: NODE_35_length_150304_cov_38.287159_5 (57109bp)
Top Length: 57109  Top ID: 99.99
		One align captures most of this contig: 866962 924070 | 57109 1 | 57109 57109 | 99.99 | gi|169627108|ref|NC_010397.1|_Mycobacterium_abscessus_chromosome__complete_sequence NODE_35_length_150304_cov_38.287159_5

CONTIG: NODE_35_length_150304_cov_38.287159_4 (23255bp)
Top Length: 23255  Top ID: 100.0
		One align captures most of this contig: 924095 947349 | 23255 1 | 23255 23255 | 100.0 | gi|169627108|ref|NC_010397.1|_Mycobacterium_abscessus_chromosome__complete_sequence NODE_35_length_150304_cov_38.287159_4

CONTIG: NODE_111_length_530_cov_90.718864_1 (578bp)
Top Length: 578  Top ID: 100.0
		This contig has 2 significant alignments. [An ambiguously mapped contig]
		Using only first of these alignment (option --ambiguity-usage is set to "one"):
		Alignment: 560013 560590 | 578 1 | 578 578 | 100.0 | gi|169627108|ref|NC_010397.1|_Mycobacterium_abscessus_chromosome__complete_sequence NODE_111_length_530_cov_90.718864_1
		Skipping alignment  3251859 3252436 | 1 578 | 578 578 | 99.48 | gi|169627108|ref|NC_010397.1|_Mycobacterium_abscessus_chromosome__complete_sequence NODE_111_length_530_cov_90.718864_1

CONTIG: NODE_11_length_8905_cov_40.894665_1 (8953bp)
Top Length: 8953  Top ID: 100.0
		One align captures most of this contig: 1963950 1972902 | 8953 1 | 8953 8953 | 100.0 | gi|169627108|ref|NC_010397.1|_Mycobacterium_abscessus_chromosome__complete_sequence NODE_11_length_8905_cov_40.894665_1

CONTIG: NODE_57_length_5538_cov_34.549477_1 (5586bp)
Top Length: 5555  Top ID: 99.96
		One align captures most of this contig: 458295 463848 | 5555 1 | 5554 5555 | 99.96 | gi|169627108|ref|NC_010397.1|_Mycobacterium_abscessus_chromosome__complete_sequence NODE_57_length_5538_cov_34.549477_1

CONTIG: NODE_26_length_121228_cov_39.501816_1 (40847bp)
Top Length: 40806  Top ID: 99.99
		One align captures most of this contig: 4913738 4954544 | 1 40806 | 40807 40806 | 99.99 | gi|169627108|ref|NC_010397.1|_Mycobacterium_abscessus_chromosome__complete_sequence NODE_26_length_121228_cov_39.501816_1

CONTIG: NODE_26_length_121228_cov_39.501816_2 (69846bp)
Top Length: 69846  Top ID: 99.99
		One align captures most of this contig: 4954641 5024486 | 1 69846 | 69846 69846 | 99.99 | gi|169627108|ref|NC_010397.1|_Mycobacterium_abscessus_chromosome__complete_sequence NODE_26_length_121228_cov_39.501816_2

CONTIG: NODE_26_length_121228_cov_39.501816_3 (10186bp)
Top Length: 10186  Top ID: 99.99
		One align captures most of this contig: 5024536 5034721 | 1 10186 | 10186 10186 | 99.99 | gi|169627108|ref|NC_010397.1|_Mycobacterium_abscessus_chromosome__complete_sequence NODE_26_length_121228_cov_39.501816_3

CONTIG: NODE_6_length_95112_cov_37.751839_1 (95160bp)
Top Length: 95160  Top ID: 99.99
		Marking as insignificant: 43854 44146 | 293 1 | 293 293 | 97.95 | gi|169627108|ref|NC_010397.1|_Mycobacterium_abscessus_chromosome__complete_sequence NODE_6_length_95112_cov_37.751839_1
		One align captures most of this contig: 2253597 2348756 | 1 95160 | 95160 95160 | 99.99 | gi|169627108|ref|NC_010397.1|_Mycobacterium_abscessus_chromosome__complete_sequence NODE_6_length_95112_cov_37.751839_1

CONTIG: NODE_29_length_6254_cov_32.485767_1 (6302bp)
Top Length: 6302  Top ID: 100.0
		One align captures most of this contig: 3252389 3258690 | 6302 1 | 6302 6302 | 100.0 | gi|169627108|ref|NC_010397.1|_Mycobacterium_abscessus_chromosome__complete_sequence NODE_29_length_6254_cov_32.485767_1

CONTIG: NODE_16_length_18569_cov_38.692013_1 (18617bp)
Top Length: 18617  Top ID: 100.0
		One align captures most of this contig: 2474852 2493468 | 1 18617 | 18617 18617 | 100.0 | gi|169627108|ref|NC_010397.1|_Mycobacterium_abscessus_chromosome__complete_sequence NODE_16_length_18569_cov_38.692013_1

CONTIG: NODE_110_length_46505_cov_39.433414_2 (32194bp)
Top Length: 32194  Top ID: 99.99
		One align captures most of this contig: 1050970 1083163 | 1 32194 | 32194 32194 | 99.99 | gi|169627108|ref|NC_010397.1|_Mycobacterium_abscessus_chromosome__complete_sequence NODE_110_length_46505_cov_39.433414_2

CONTIG: NODE_110_length_46505_cov_39.433414_1 (14258bp)
Top Length: 14258  Top ID: 100.0
		One align captures most of this contig: 1036668 1050925 | 1 14258 | 14258 14258 | 100.0 | gi|169627108|ref|NC_010397.1|_Mycobacterium_abscessus_chromosome__complete_sequence NODE_110_length_46505_cov_39.433414_1

CONTIG: NODE_109_length_622909_cov_38.455921_3 (60267bp)
Top Length: 60267  Top ID: 99.99
		One align captures most of this contig: 220715 280981 | 1 60267 | 60267 60267 | 99.99 | gi|169627108|ref|NC_010397.1|_Mycobacterium_abscessus_chromosome__complete_sequence NODE_109_length_622909_cov_38.455921_3

CONTIG: NODE_109_length_622909_cov_38.455921_2 (78822bp)
Top Length: 78822  Top ID: 99.99
		Marking as insignificant: 220385 220795 | 78412 78822 | 411 411 | 97.81 | gi|169627108|ref|NC_010397.1|_Mycobacterium_abscessus_chromosome__complete_sequence NODE_109_length_622909_cov_38.455921_2
		One align captures most of this contig: 1500560 1579381 | 1 78822 | 78822 78822 | 99.99 | gi|169627108|ref|NC_010397.1|_Mycobacterium_abscessus_chromosome__complete_sequence NODE_109_length_622909_cov_38.455921_2

CONTIG: NODE_109_length_622909_cov_38.455921_1 (106904bp)
Top Length: 68597  Top ID: 99.99
		This contig is misassembled. 2 total aligns.
			Real Alignment 1: 1393516 1462113 | 1 68597 | 68598 68597 | 99.99 | gi|169627108|ref|NC_010397.1|_Mycobacterium_abscessus_chromosome__complete_sequence NODE_109_length_622909_cov_38.455921_1
			  Gap between these two alignments (local misassembly). Inconsistency = 127
			Real Alignment 2: 1461978 1500549 | 68335 106904 | 38572 38570 | 99.96 | gi|169627108|ref|NC_010397.1|_Mycobacterium_abscessus_chromosome__complete_sequence NODE_109_length_622909_cov_38.455921_1

CONTIG: NODE_44_length_286691_cov_39.499229_4 (19261bp)
Top Length: 19261  Top ID: 99.99
		One align captures most of this contig: 4226370 4245631 | 1 19261 | 19262 19261 | 99.99 | gi|169627108|ref|NC_010397.1|_Mycobacterium_abscessus_chromosome__complete_sequence NODE_44_length_286691_cov_39.499229_4

CONTIG: NODE_44_length_286691_cov_39.499229_5 (12532bp)
Top Length: 12532  Top ID: 100.0
		One align captures most of this contig: 4245634 4258165 | 1 12532 | 12532 12532 | 100.0 | gi|169627108|ref|NC_010397.1|_Mycobacterium_abscessus_chromosome__complete_sequence NODE_44_length_286691_cov_39.499229_5

CONTIG: NODE_44_length_286691_cov_39.499229_6 (88552bp)
Top Length: 88552  Top ID: 99.99
		One align captures most of this contig: 4258165 4346716 | 1 88552 | 88552 88552 | 99.99 | gi|169627108|ref|NC_010397.1|_Mycobacterium_abscessus_chromosome__complete_sequence NODE_44_length_286691_cov_39.499229_6

CONTIG: NODE_44_length_286691_cov_39.499229_7 (9983bp)
Top Length: 9983  Top ID: 100.0
		Marking as insignificant: 4356676 4356832 | 9825 9981 | 157 157 | 95.54 | gi|169627108|ref|NC_010397.1|_Mycobacterium_abscessus_chromosome__complete_sequence NODE_44_length_286691_cov_39.499229_7
		Marking as insignificant: 4356802 4356958 | 9825 9981 | 157 157 | 96.18 | gi|169627108|ref|NC_010397.1|_Mycobacterium_abscessus_chromosome__complete_sequence NODE_44_length_286691_cov_39.499229_7
		One align captures most of this contig: 4346726 4356708 | 1 9983 | 9983 9983 | 100.0 | gi|169627108|ref|NC_010397.1|_Mycobacterium_abscessus_chromosome__complete_sequence NODE_44_length_286691_cov_39.499229_7

CONTIG: NODE_34_length_110775_cov_39.253639_3 (14593bp)
Top Length: 14593  Top ID: 100.0
		One align captures most of this contig: 438804 453396 | 1 14593 | 14593 14593 | 100.0 | gi|169627108|ref|NC_010397.1|_Mycobacterium_abscessus_chromosome__complete_sequence NODE_34_length_110775_cov_39.253639_3

CONTIG: NODE_44_length_286691_cov_39.499229_1 (51427bp)
Top Length: 26194  Top ID: 100.0
		This contig is misassembled. 2 total aligns.
			Real Alignment 1: 4068309 4093606 | 1 25299 | 25298 25299 | 99.98 | gi|169627108|ref|NC_010397.1|_Mycobacterium_abscessus_chromosome__complete_sequence NODE_44_length_286691_cov_39.499229_1
			  Gap between these two alignments (local misassembly). Inconsistency = 60
			Real Alignment 2: 4093601 4119794 | 25234 51427 | 26194 26194 | 100.0 | gi|169627108|ref|NC_010397.1|_Mycobacterium_abscessus_chromosome__complete_sequence NODE_44_length_286691_cov_39.499229_1

CONTIG: NODE_44_length_286691_cov_39.499229_2 (26646bp)
Top Length: 25003  Top ID: 100.0
		This contig is misassembled. 2 total aligns.
			Real Alignment 1: 4119797 4144799 | 1 25003 | 25003 25003 | 100.0 | gi|169627108|ref|NC_010397.1|_Mycobacterium_abscessus_chromosome__complete_sequence NODE_44_length_286691_cov_39.499229_2
			  Extensive misassembly ( relocation, inconsistency = 2244 ) between these two alignments
			Real Alignment 2: 4147042 4148686 | 25002 26646 | 1645 1645 | 100.0 | gi|169627108|ref|NC_010397.1|_Mycobacterium_abscessus_chromosome__complete_sequence NODE_44_length_286691_cov_39.499229_2

CONTIG: NODE_44_length_286691_cov_39.499229_3 (77521bp)
Top Length: 77521  Top ID: 99.96
		One align captures most of this contig: 4148806 4226359 | 1 77521 | 77554 77521 | 99.96 | gi|169627108|ref|NC_010397.1|_Mycobacterium_abscessus_chromosome__complete_sequence NODE_44_length_286691_cov_39.499229_3

CONTIG: NODE_13_length_10786_cov_42.077229_1 (10834bp)
Top Length: 10834  Top ID: 100.0
		One align captures most of this contig: 4609403 4620236 | 10834 1 | 10834 10834 | 100.0 | gi|169627108|ref|NC_010397.1|_Mycobacterium_abscessus_chromosome__complete_sequence NODE_13_length_10786_cov_42.077229_1

CONTIG: NODE_39_length_19826_cov_38.036064_1 (19874bp)
Top Length: 19874  Top ID: 99.99
		One align captures most of this contig: 1016698 1036571 | 1 19874 | 19874 19874 | 99.99 | gi|169627108|ref|NC_010397.1|_Mycobacterium_abscessus_chromosome__complete_sequence NODE_39_length_19826_cov_38.036064_1

CONTIG: NODE_109_length_622909_cov_38.455921_6 (119367bp)
Top Length: 119367  Top ID: 100.0
		One align captures most of this contig: 1579393 1698759 | 1 119367 | 119367 119367 | 100.0 | gi|169627108|ref|NC_010397.1|_Mycobacterium_abscessus_chromosome__complete_sequence NODE_109_length_622909_cov_38.455921_6

CONTIG: NODE_108_length_6850_cov_37.149925_1 (6898bp)
Top Length: 6898  Top ID: 100.0
		Marking as insignificant: 4796902 4797073 | 684 513 | 172 172 | 96.51 | gi|169627108|ref|NC_010397.1|_Mycobacterium_abscessus_chromosome__complete_sequence NODE_108_length_6850_cov_37.149925_1
		Marking as insignificant: 4797224 4797424 | 362 162 | 201 201 | 97.01 | gi|169627108|ref|NC_010397.1|_Mycobacterium_abscessus_chromosome__complete_sequence NODE_108_length_6850_cov_37.149925_1
		One align captures most of this contig: 4767610 4774507 | 6898 1 | 6898 6898 | 100.0 | gi|169627108|ref|NC_010397.1|_Mycobacterium_abscessus_chromosome__complete_sequence NODE_108_length_6850_cov_37.149925_1

CONTIG: NODE_109_length_622909_cov_38.455921_11 (24755bp)
Top Length: 24755  Top ID: 99.99
		One align captures most of this contig: 1868357 1893110 | 1 24755 | 24754 24755 | 99.99 | gi|169627108|ref|NC_010397.1|_Mycobacterium_abscessus_chromosome__complete_sequence NODE_109_length_622909_cov_38.455921_11

CONTIG: NODE_109_length_622909_cov_38.455921_10 (44671bp)
Top Length: 44671  Top ID: 100.0
		One align captures most of this contig: 1823598 1868268 | 1 44671 | 44671 44671 | 100.0 | gi|169627108|ref|NC_010397.1|_Mycobacterium_abscessus_chromosome__complete_sequence NODE_109_length_622909_cov_38.455921_10

CONTIG: NODE_49_length_39371_cov_41.336315_2 (6320bp)
Top Length: 6320  Top ID: 99.98
		One align captures most of this contig: 630683 637002 | 6320 1 | 6320 6320 | 99.98 | gi|169627108|ref|NC_010397.1|_Mycobacterium_abscessus_chromosome__complete_sequence NODE_49_length_39371_cov_41.336315_2

CONTIG: NODE_49_length_39371_cov_41.336315_1 (32884bp)
Top Length: 32881  Top ID: 100.0
		One align captures most of this contig: 637042 669922 | 32881 1 | 32881 32881 | 100.0 | gi|169627108|ref|NC_010397.1|_Mycobacterium_abscessus_chromosome__complete_sequence NODE_49_length_39371_cov_41.336315_1

CONTIG: NODE_2_length_18928_cov_41.174767_1 (18976bp)
Top Length: 18976  Top ID: 100.0
		One align captures most of this contig: 4774751 4793726 | 1 18976 | 18976 18976 | 100.0 | gi|169627108|ref|NC_010397.1|_Mycobacterium_abscessus_chromosome__complete_sequence NODE_2_length_18928_cov_41.174767_1

CONTIG: NODE_25_length_61030_cov_38.703262_1 (7422bp)
Top Length: 7422  Top ID: 100.0
		One align captures most of this contig: 21010 28431 | 7422 1 | 7422 7422 | 100.0 | gi|169627108|ref|NC_010397.1|_Mycobacterium_abscessus_chromosome__complete_sequence NODE_25_length_61030_cov_38.703262_1

CONTIG: NODE_25_length_61030_cov_38.703262_2 (53445bp)
Top Length: 32465  Top ID: 100.0
		This contig is misassembled. 2 total aligns.
			Real Alignment 2: 5034708 5067172 | 53445 20981 | 32465 32465 | 100.0 | gi|169627108|ref|NC_010397.1|_Mycobacterium_abscessus_chromosome__complete_sequence NODE_25_length_61030_cov_38.703262_2
			  Fake misassembly (caused by linear representation of circular genome) between these two alignments
			Real Alignment 1: 1 20980 | 20980 1 | 20980 20980 | 100.0 | gi|169627108|ref|NC_010397.1|_Mycobacterium_abscessus_chromosome__complete_sequence NODE_25_length_61030_cov_38.703262_2

CONTIG: NODE_48_length_606_cov_30.706270_1 (654bp)
Top Length: 654  Top ID: 100.0
		One align captures most of this contig: 2252462 2253115 | 1 654 | 654 654 | 100.0 | gi|169627108|ref|NC_010397.1|_Mycobacterium_abscessus_chromosome__complete_sequence NODE_48_length_606_cov_30.706270_1

CONTIG: NODE_43_length_63522_cov_41.730816_2 (53663bp)
Top Length: 53663  Top ID: 99.99
		One align captures most of this contig: 56105 109766 | 1 53663 | 53662 53663 | 99.99 | gi|169627108|ref|NC_010397.1|_Mycobacterium_abscessus_chromosome__complete_sequence NODE_43_length_63522_cov_41.730816_2

CONTIG: NODE_43_length_63522_cov_41.730816_1 (9737bp)
Top Length: 9737  Top ID: 100.0
		One align captures most of this contig: 46365 56101 | 1 9737 | 9737 9737 | 100.0 | gi|169627108|ref|NC_010397.1|_Mycobacterium_abscessus_chromosome__complete_sequence NODE_43_length_63522_cov_41.730816_1

CONTIG: NODE_33_length_261986_cov_39.690506_1 (24053bp)
Top Length: 24053  Top ID: 100.0
		One align captures most of this contig: 3805825 3829877 | 1 24053 | 24053 24053 | 100.0 | gi|169627108|ref|NC_010397.1|_Mycobacterium_abscessus_chromosome__complete_sequence NODE_33_length_261986_cov_39.690506_1

CONTIG: NODE_33_length_261986_cov_39.690506_3 (191465bp)
Top Length: 141468  Top ID: 99.98
		This contig is misassembled. 2 total aligns.
			Real Alignment 1: 3846180 3987677 | 1 141468 | 141498 141468 | 99.98 | gi|169627108|ref|NC_010397.1|_Mycobacterium_abscessus_chromosome__complete_sequence NODE_33_length_261986_cov_39.690506_3
			  Overlap between these two alignments (local misassembly). Inconsistency = -30
			Real Alignment 2: 3967646 4037674 | 121467 191465 | 70029 69999 | 99.96 | gi|169627108|ref|NC_010397.1|_Mycobacterium_abscessus_chromosome__complete_sequence NODE_33_length_261986_cov_39.690506_3

CONTIG: NODE_33_length_261986_cov_39.690506_2 (16292bp)
Top Length: 16292  Top ID: 99.99
		One align captures most of this contig: 3829883 3846174 | 1 16292 | 16292 16292 | 99.99 | gi|169627108|ref|NC_010397.1|_Mycobacterium_abscessus_chromosome__complete_sequence NODE_33_length_261986_cov_39.690506_2

CONTIG: NODE_15_length_2743_cov_36.428726_1 (2791bp)
Top Length: 2791  Top ID: 100.0
		One align captures most of this contig: 455320 458110 | 2791 1 | 2791 2791 | 100.0 | gi|169627108|ref|NC_010397.1|_Mycobacterium_abscessus_chromosome__complete_sequence NODE_15_length_2743_cov_36.428726_1

CONTIG: NODE_33_length_261986_cov_39.690506_4 (29731bp)
Top Length: 29532  Top ID: 99.99
		Marking as insignificant: 4067821 4068345 | 29207 29731 | 525 525 | 100.0 | gi|169627108|ref|NC_010397.1|_Mycobacterium_abscessus_chromosome__complete_sequence NODE_33_length_261986_cov_39.690506_4
		One align captures most of this contig: 4037685 4067216 | 1 29532 | 29532 29532 | 99.99 | gi|169627108|ref|NC_010397.1|_Mycobacterium_abscessus_chromosome__complete_sequence NODE_33_length_261986_cov_39.690506_4

CONTIG: NODE_84_length_3595_cov_36.152435_1 (3643bp)
Top Length: 3643  Top ID: 100.0
		Marking as insignificant: 4773824 4773995 | 675 504 | 172 172 | 96.51 | gi|169627108|ref|NC_010397.1|_Mycobacterium_abscessus_chromosome__complete_sequence NODE_84_length_3595_cov_36.152435_1
		Marking as insignificant: 4774146 4774346 | 353 153 | 201 201 | 97.01 | gi|169627108|ref|NC_010397.1|_Mycobacterium_abscessus_chromosome__complete_sequence NODE_84_length_3595_cov_36.152435_1
		One align captures most of this contig: 4793934 4797576 | 3643 1 | 3643 3643 | 100.0 | gi|169627108|ref|NC_010397.1|_Mycobacterium_abscessus_chromosome__complete_sequence NODE_84_length_3595_cov_36.152435_1

CONTIG: NODE_22_length_83422_cov_39.738392_1 (53142bp)
Top Length: 43985  Top ID: 100.0
		This contig is misassembled. 2 total aligns.
			Real Alignment 1: 670445 679603 | 1 9159 | 9159 9159 | 99.99 | gi|169627108|ref|NC_010397.1|_Mycobacterium_abscessus_chromosome__complete_sequence NODE_22_length_83422_cov_39.738392_1
			  Extensive misassembly ( relocation, inconsistency = 2429 ) between these two alignments
			Real Alignment 2: 682031 726015 | 9158 53142 | 43985 43985 | 100.0 | gi|169627108|ref|NC_010397.1|_Mycobacterium_abscessus_chromosome__complete_sequence NODE_22_length_83422_cov_39.738392_1

CONTIG: NODE_34_length_110775_cov_39.253639_2 (58337bp)
Top Length: 58337  Top ID: 99.99
		One align captures most of this contig: 380447 438783 | 1 58337 | 58337 58337 | 99.99 | gi|169627108|ref|NC_010397.1|_Mycobacterium_abscessus_chromosome__complete_sequence NODE_34_length_110775_cov_39.253639_2

CONTIG: NODE_34_length_110775_cov_39.253639_1 (37549bp)
Top Length: 37547  Top ID: 99.99
		One align captures most of this contig: 342896 380442 | 1 37547 | 37547 37547 | 99.99 | gi|169627108|ref|NC_010397.1|_Mycobacterium_abscessus_chromosome__complete_sequence NODE_34_length_110775_cov_39.253639_1

CONTIG: NODE_41_length_70278_cov_39.967060_1 (6568bp)
Top Length: 6568  Top ID: 100.0
		One align captures most of this contig: 560543 567110 | 1 6568 | 6568 6568 | 100.0 | gi|169627108|ref|NC_010397.1|_Mycobacterium_abscessus_chromosome__complete_sequence NODE_41_length_70278_cov_39.967060_1

CONTIG: NODE_41_length_70278_cov_39.967060_2 (63596bp)
Top Length: 63596  Top ID: 100.0
		One align captures most of this contig: 567116 630711 | 1 63596 | 63596 63596 | 100.0 | gi|169627108|ref|NC_010397.1|_Mycobacterium_abscessus_chromosome__complete_sequence NODE_41_length_70278_cov_39.967060_2

CONTIG: NODE_30_length_248261_cov_38.973003_1 (131995bp)
Top Length: 99051  Top ID: 99.99
		This contig is misassembled. 2 total aligns.
			Real Alignment 1: 4373552 4394614 | 1 21063 | 21063 21063 | 100.0 | gi|169627108|ref|NC_010397.1|_Mycobacterium_abscessus_chromosome__complete_sequence NODE_30_length_248261_cov_38.973003_1
			  Extensive misassembly ( relocation, inconsistency = -11926 ) between these two alignments
			Real Alignment 2: 4394570 4493619 | 32945 131995 | 99050 99051 | 99.99 | gi|169627108|ref|NC_010397.1|_Mycobacterium_abscessus_chromosome__complete_sequence NODE_30_length_248261_cov_38.973003_1

CONTIG: NODE_30_length_248261_cov_38.973003_2 (56584bp)
Top Length: 56584  Top ID: 99.99
		One align captures most of this contig: 4493630 4550213 | 1 56584 | 56584 56584 | 99.99 | gi|169627108|ref|NC_010397.1|_Mycobacterium_abscessus_chromosome__complete_sequence NODE_30_length_248261_cov_38.973003_2

CONTIG: NODE_30_length_248261_cov_38.973003_3 (16180bp)
Top Length: 16180  Top ID: 100.0
		One align captures most of this contig: 4550212 4566391 | 1 16180 | 16180 16180 | 100.0 | gi|169627108|ref|NC_010397.1|_Mycobacterium_abscessus_chromosome__complete_sequence NODE_30_length_248261_cov_38.973003_3

CONTIG: NODE_30_length_248261_cov_38.973003_4 (43055bp)
Top Length: 43055  Top ID: 100.0
		One align captures most of this contig: 4566393 4609447 | 1 43055 | 43055 43055 | 100.0 | gi|169627108|ref|NC_010397.1|_Mycobacterium_abscessus_chromosome__complete_sequence NODE_30_length_248261_cov_38.973003_4

CONTIG: NODE_83_length_1113_cov_80.387245_1 (1161bp)
Top Length: 1161  Top ID: 99.83
		This contig has 2 significant alignments. [An ambiguously mapped contig]
		Using only first of these alignment (option --ambiguity-usage is set to "one"):
		Alignment: 1277874 1279034 | 1161 1 | 1161 1161 | 99.83 | gi|169627108|ref|NC_010397.1|_Mycobacterium_abscessus_chromosome__complete_sequence NODE_83_length_1113_cov_80.387245_1
		Skipping alignment  453517 454677 | 1 1161 | 1161 1161 | 99.22 | gi|169627108|ref|NC_010397.1|_Mycobacterium_abscessus_chromosome__complete_sequence NODE_83_length_1113_cov_80.387245_1

CONTIG: NODE_8_length_65078_cov_41.416115_1 (65126bp)
Top Length: 65126  Top ID: 99.99
		One align captures most of this contig: 109871 174997 | 65126 1 | 65127 65126 | 99.99 | gi|169627108|ref|NC_010397.1|_Mycobacterium_abscessus_chromosome__complete_sequence NODE_8_length_65078_cov_41.416115_1

CONTIG: NODE_96_length_120341_cov_36.492981_3 (3516bp)
Top Length: 3516  Top ID: 100.0
		One align captures most of this contig: 1092126 1095641 | 3516 1 | 3516 3516 | 100.0 | gi|169627108|ref|NC_010397.1|_Mycobacterium_abscessus_chromosome__complete_sequence NODE_96_length_120341_cov_36.492981_3

CONTIG: NODE_96_length_120341_cov_36.492981_2 (103563bp)
Top Length: 42275  Top ID: 100.0
		This contig is misassembled. 2 total aligns.
			Warning! This contig is more unaligned than misassembled. Contig length is 103563 and total length of all aligns is 49350
		Alignment: 1095644 1102750 | 103563 96489 | 7107 7075 | 99.54 | gi|169627108|ref|NC_010397.1|_Mycobacterium_abscessus_chromosome__complete_sequence NODE_96_length_120341_cov_36.492981_2
		Alignment: 1102713 1144987 | 42275 1 | 42275 42275 | 100.0 | gi|169627108|ref|NC_010397.1|_Mycobacterium_abscessus_chromosome__complete_sequence NODE_96_length_120341_cov_36.492981_2
		Unaligned bases: 54213
		This contig has both significant aligned and unaligned parts (of length >= min-contig)!
CONTIG: NODE_96_length_120341_cov_36.492981_1 (3967bp)
Top Length: 3967  Top ID: 100.0
		One align captures most of this contig: 1145020 1148986 | 3967 1 | 3967 3967 | 100.0 | gi|169627108|ref|NC_010397.1|_Mycobacterium_abscessus_chromosome__complete_sequence NODE_96_length_120341_cov_36.492981_1

CONTIG: NODE_28_length_33603_cov_37.313423_1 (33651bp)
Top Length: 33651  Top ID: 100.0
		One align captures most of this contig: 1893079 1926729 | 1 33651 | 33651 33651 | 100.0 | gi|169627108|ref|NC_010397.1|_Mycobacterium_abscessus_chromosome__complete_sequence NODE_28_length_33603_cov_37.313423_1

CONTIG: NODE_96_length_120341_cov_36.492981_4 (8974bp)
Top Length: 8974  Top ID: 100.0
		One align captures most of this contig: 1083149 1092122 | 8974 1 | 8974 8974 | 100.0 | gi|169627108|ref|NC_010397.1|_Mycobacterium_abscessus_chromosome__complete_sequence NODE_96_length_120341_cov_36.492981_4

CONTIG: NODE_1_length_270508_cov_38.406601_3 (82976bp)
Top Length: 43116  Top ID: 99.98
		This contig is misassembled. 2 total aligns.
			Real Alignment 1: 3024359 3067471 | 82976 39861 | 43113 43116 | 99.98 | gi|169627108|ref|NC_010397.1|_Mycobacterium_abscessus_chromosome__complete_sequence NODE_1_length_270508_cov_38.406601_3
			  Gap between these two alignments (local misassembly). Inconsistency = 57
			Real Alignment 2: 3067434 3107388 | 39955 1 | 39955 39955 | 99.99 | gi|169627108|ref|NC_010397.1|_Mycobacterium_abscessus_chromosome__complete_sequence NODE_1_length_270508_cov_38.406601_3

CONTIG: NODE_37_length_79931_cov_38.131252_1 (52005bp)
Top Length: 52005  Top ID: 100.0
		One align captures most of this contig: 3199902 3251906 | 52005 1 | 52005 52005 | 100.0 | gi|169627108|ref|NC_010397.1|_Mycobacterium_abscessus_chromosome__complete_sequence NODE_37_length_79931_cov_38.131252_1

CONTIG: NODE_37_length_79931_cov_38.131252_2 (18424bp)
Top Length: 18422  Top ID: 100.0
		One align captures most of this contig: 3181468 3199889 | 18422 1 | 18422 18422 | 100.0 | gi|169627108|ref|NC_010397.1|_Mycobacterium_abscessus_chromosome__complete_sequence NODE_37_length_79931_cov_38.131252_2

CONTIG: NODE_37_length_79931_cov_38.131252_3 (9220bp)
Top Length: 9220  Top ID: 100.0
		One align captures most of this contig: 3172229 3181448 | 9220 1 | 9220 9220 | 100.0 | gi|169627108|ref|NC_010397.1|_Mycobacterium_abscessus_chromosome__complete_sequence NODE_37_length_79931_cov_38.131252_3

CONTIG: NODE_1_length_270508_cov_38.406601_5 (85029bp)
Top Length: 85029  Top ID: 99.96
		One align captures most of this contig: 2898549 2983613 | 85029 1 | 85065 85029 | 99.96 | gi|169627108|ref|NC_010397.1|_Mycobacterium_abscessus_chromosome__complete_sequence NODE_1_length_270508_cov_38.406601_5

CONTIG: NODE_1_length_270508_cov_38.406601_4 (37031bp)
Top Length: 36936  Top ID: 99.87
		Marking as insignificant: 3023283 3024261 | 979 1 | 979 979 | 96.23 | gi|169627108|ref|NC_010397.1|_Mycobacterium_abscessus_chromosome__complete_sequence NODE_1_length_270508_cov_38.406601_4
		One align captures most of this contig: 2983608 3020543 | 37031 96 | 36936 36936 | 99.87 | gi|169627108|ref|NC_010397.1|_Mycobacterium_abscessus_chromosome__complete_sequence NODE_1_length_270508_cov_38.406601_4

CONTIG: NODE_152_length_524196_cov_38.227577_2 (83565bp)
Top Length: 83565  Top ID: 99.99
		One align captures most of this contig: 3683640 3767205 | 83565 1 | 83566 83565 | 99.99 | gi|169627108|ref|NC_010397.1|_Mycobacterium_abscessus_chromosome__complete_sequence NODE_152_length_524196_cov_38.227577_2

CONTIG: NODE_152_length_524196_cov_38.227577_3 (136358bp)
Top Length: 136358  Top ID: 99.99
		One align captures most of this contig: 3547277 3683634 | 136358 1 | 136358 136358 | 99.99 | gi|169627108|ref|NC_010397.1|_Mycobacterium_abscessus_chromosome__complete_sequence NODE_152_length_524196_cov_38.227577_3

CONTIG: NODE_152_length_524196_cov_38.227577_1 (38642bp)
Top Length: 38642  Top ID: 99.99
		One align captures most of this contig: 3767226 3805867 | 38642 1 | 38642 38642 | 99.99 | gi|169627108|ref|NC_010397.1|_Mycobacterium_abscessus_chromosome__complete_sequence NODE_152_length_524196_cov_38.227577_1

CONTIG: NODE_152_length_524196_cov_38.227577_6 (62827bp)
Top Length: 62827  Top ID: 100.0
		One align captures most of this contig: 3439597 3502423 | 62827 1 | 62827 62827 | 100.0 | gi|169627108|ref|NC_010397.1|_Mycobacterium_abscessus_chromosome__complete_sequence NODE_152_length_524196_cov_38.227577_6

CONTIG: NODE_152_length_524196_cov_38.227577_7 (46315bp)
Top Length: 33694  Top ID: 99.91
		This contig is misassembled. 2 total aligns.
			Real Alignment 1: 3393150 3426873 | 46313 12620 | 33724 33694 | 99.91 | gi|169627108|ref|NC_010397.1|_Mycobacterium_abscessus_chromosome__complete_sequence NODE_152_length_524196_cov_38.227577_7
			  Overlap between these two alignments (local misassembly). Inconsistency = -30
			Real Alignment 2: 3406829 3439492 | 32634 1 | 32664 32634 | 99.91 | gi|169627108|ref|NC_010397.1|_Mycobacterium_abscessus_chromosome__complete_sequence NODE_152_length_524196_cov_38.227577_7

CONTIG: NODE_152_length_524196_cov_38.227577_4 (4571bp)
Top Length: 4571  Top ID: 100.0
		One align captures most of this contig: 3542680 3547250 | 4571 1 | 4571 4571 | 100.0 | gi|169627108|ref|NC_010397.1|_Mycobacterium_abscessus_chromosome__complete_sequence NODE_152_length_524196_cov_38.227577_4

CONTIG: NODE_152_length_524196_cov_38.227577_5 (40241bp)
Top Length: 40241  Top ID: 100.0
		One align captures most of this contig: 3502426 3542666 | 40241 1 | 40241 40241 | 100.0 | gi|169627108|ref|NC_010397.1|_Mycobacterium_abscessus_chromosome__complete_sequence NODE_152_length_524196_cov_38.227577_5

CONTIG: NODE_152_length_524196_cov_38.227577_8 (15927bp)
Top Length: 15927  Top ID: 100.0
		One align captures most of this contig: 3377193 3393119 | 15927 1 | 15927 15927 | 100.0 | gi|169627108|ref|NC_010397.1|_Mycobacterium_abscessus_chromosome__complete_sequence NODE_152_length_524196_cov_38.227577_8

CONTIG: NODE_152_length_524196_cov_38.227577_9 (12431bp)
Top Length: 12431  Top ID: 100.0
		One align captures most of this contig: 3364771 3377201 | 12431 1 | 12431 12431 | 100.0 | gi|169627108|ref|NC_010397.1|_Mycobacterium_abscessus_chromosome__complete_sequence NODE_152_length_524196_cov_38.227577_9

CONTIG: NODE_4_length_48356_cov_39.997643_1 (48404bp)
Top Length: 48404  Top ID: 100.0
		One align captures most of this contig: 511657 560060 | 1 48404 | 48404 48404 | 100.0 | gi|169627108|ref|NC_010397.1|_Mycobacterium_abscessus_chromosome__complete_sequence NODE_4_length_48356_cov_39.997643_1

CONTIG: NODE_9_length_88232_cov_39.588303_1 (80675bp)
Top Length: 80675  Top ID: 99.99
		One align captures most of this contig: 1305227 1385901 | 1 80675 | 80675 80675 | 99.99 | gi|169627108|ref|NC_010397.1|_Mycobacterium_abscessus_chromosome__complete_sequence NODE_9_length_88232_cov_39.588303_1

CONTIG: NODE_9_length_88232_cov_39.588303_2 (7389bp)
Top Length: 7389  Top ID: 100.0
		One align captures most of this contig: 1385970 1393358 | 1 7389 | 7389 7389 | 100.0 | gi|169627108|ref|NC_010397.1|_Mycobacterium_abscessus_chromosome__complete_sequence NODE_9_length_88232_cov_39.588303_2

CONTIG: NODE_109_length_622909_cov_38.455921_7 (37676bp)
Top Length: 37676  Top ID: 100.0
		One align captures most of this contig: 1698825 1736500 | 1 37676 | 37676 37676 | 100.0 | gi|169627108|ref|NC_010397.1|_Mycobacterium_abscessus_chromosome__complete_sequence NODE_109_length_622909_cov_38.455921_7

CONTIG: NODE_60_length_501_cov_133.972061_1 (549bp)
Top Length: 549  Top ID: 100.0
		This contig has 3 significant alignments. [An ambiguously mapped contig]
		Using only first of these alignment (option --ambiguity-usage is set to "one"):
		Alignment: 669937 670485 | 1 549 | 549 549 | 100.0 | gi|169627108|ref|NC_010397.1|_Mycobacterium_abscessus_chromosome__complete_sequence NODE_60_length_501_cov_133.972061_1
		Skipping alignment  45864 46412 | 1 549 | 549 549 | 99.45 | gi|169627108|ref|NC_010397.1|_Mycobacterium_abscessus_chromosome__complete_sequence NODE_60_length_501_cov_133.972061_1
		Skipping alignment  2251297 2251845 | 549 1 | 549 549 | 99.45 | gi|169627108|ref|NC_010397.1|_Mycobacterium_abscessus_chromosome__complete_sequence NODE_60_length_501_cov_133.972061_1

CONTIG: NODE_109_length_622909_cov_38.455921_5 (38197bp)
Top Length: 38197  Top ID: 100.0
		One align captures most of this contig: 304738 342934 | 1 38197 | 38197 38197 | 100.0 | gi|169627108|ref|NC_010397.1|_Mycobacterium_abscessus_chromosome__complete_sequence NODE_109_length_622909_cov_38.455921_5

CONTIG: NODE_109_length_622909_cov_38.455921_4 (23736bp)
Top Length: 23733  Top ID: 100.0
		One align captures most of this contig: 280984 304716 | 1 23733 | 23733 23733 | 100.0 | gi|169627108|ref|NC_010397.1|_Mycobacterium_abscessus_chromosome__complete_sequence NODE_109_length_622909_cov_38.455921_4

CONTIG: NODE_122_length_919_cov_28.576714_1 (967bp)
Top Length: 768  Top ID: 99.87
		This contig is misassembled. 2 total aligns.
			Real Alignment 1: 4066891 4067415 | 525 1 | 525 525 | 100.0 | gi|169627108|ref|NC_010397.1|_Mycobacterium_abscessus_chromosome__complete_sequence NODE_122_length_919_cov_28.576714_1
			  Gap between these two alignments (local misassembly). Inconsistency = 930
			Real Alignment 2: 4067379 4068146 | 967 200 | 768 768 | 99.87 | gi|169627108|ref|NC_010397.1|_Mycobacterium_abscessus_chromosome__complete_sequence NODE_122_length_919_cov_28.576714_1

CONTIG: NODE_109_length_622909_cov_38.455921_9 (69936bp)
Top Length: 69936  Top ID: 100.0
		One align captures most of this contig: 1753651 1823586 | 1 69936 | 69936 69936 | 100.0 | gi|169627108|ref|NC_010397.1|_Mycobacterium_abscessus_chromosome__complete_sequence NODE_109_length_622909_cov_38.455921_9

CONTIG: NODE_109_length_622909_cov_38.455921_8 (17035bp)
Top Length: 17035  Top ID: 99.99
		One align captures most of this contig: 1736506 1753540 | 1 17035 | 17035 17035 | 99.99 | gi|169627108|ref|NC_010397.1|_Mycobacterium_abscessus_chromosome__complete_sequence NODE_109_length_622909_cov_38.455921_8

CONTIG: NODE_20_length_3623_cov_32.898426_1 (3671bp)
Top Length: 3469  Top ID: 99.68
		This contig is misassembled. 2 total aligns.
			Real Alignment 1: 3019660 3020403 | 744 1 | 744 744 | 95.44 | gi|169627108|ref|NC_010397.1|_Mycobacterium_abscessus_chromosome__complete_sequence NODE_20_length_3623_cov_32.898426_1
			  Extensive misassembly ( relocation, inconsistency = 3623 ) between these two alignments
			Real Alignment 2: 3020356 3023824 | 3671 203 | 3469 3469 | 99.68 | gi|169627108|ref|NC_010397.1|_Mycobacterium_abscessus_chromosome__complete_sequence NODE_20_length_3623_cov_32.898426_1

CONTIG: NODE_40_length_279333_cov_38.238724_8 (37038bp)
Top Length: 37038  Top ID: 100.0
		One align captures most of this contig: 2214300 2251337 | 1 37038 | 37038 37038 | 100.0 | gi|169627108|ref|NC_010397.1|_Mycobacterium_abscessus_chromosome__complete_sequence NODE_40_length_279333_cov_38.238724_8

CONTIG: NODE_125_length_75805_cov_37.540665_1 (75253bp)
Top Length: 75253  Top ID: 99.99
		One align captures most of this contig: 2521621 2596873 | 1 75253 | 75253 75253 | 99.99 | gi|169627108|ref|NC_010397.1|_Mycobacterium_abscessus_chromosome__complete_sequence NODE_125_length_75805_cov_37.540665_1

CONTIG: NODE_40_length_279333_cov_38.238724_3 (61615bp)
Top Length: 61574  Top ID: 99.99
		One align captures most of this contig: 2048319 2109892 | 1 61574 | 61574 61574 | 99.99 | gi|169627108|ref|NC_010397.1|_Mycobacterium_abscessus_chromosome__complete_sequence NODE_40_length_279333_cov_38.238724_3

CONTIG: NODE_40_length_279333_cov_38.238724_2 (34078bp)
Top Length: 34078  Top ID: 99.99
		One align captures most of this contig: 2014188 2048265 | 1 34078 | 34078 34078 | 99.99 | gi|169627108|ref|NC_010397.1|_Mycobacterium_abscessus_chromosome__complete_sequence NODE_40_length_279333_cov_38.238724_2

CONTIG: NODE_40_length_279333_cov_38.238724_1 (41223bp)
Top Length: 41223  Top ID: 99.99
		One align captures most of this contig: 1972961 2014183 | 1 41223 | 41223 41223 | 99.99 | gi|169627108|ref|NC_010397.1|_Mycobacterium_abscessus_chromosome__complete_sequence NODE_40_length_279333_cov_38.238724_1

CONTIG: NODE_40_length_279333_cov_38.238724_7 (60955bp)
Top Length: 60955  Top ID: 100.0
		One align captures most of this contig: 2153338 2214292 | 1 60955 | 60955 60955 | 100.0 | gi|169627108|ref|NC_010397.1|_Mycobacterium_abscessus_chromosome__complete_sequence NODE_40_length_279333_cov_38.238724_7

CONTIG: NODE_40_length_279333_cov_38.238724_6 (35836bp)
Top Length: 35836  Top ID: 100.0
		One align captures most of this contig: 2117411 2153246 | 1 35836 | 35836 35836 | 100.0 | gi|169627108|ref|NC_010397.1|_Mycobacterium_abscessus_chromosome__complete_sequence NODE_40_length_279333_cov_38.238724_6

CONTIG: NODE_40_length_279333_cov_38.238724_5 (4054bp)
Top Length: 4054  Top ID: 100.0
		One align captures most of this contig: 2113348 2117401 | 1 4054 | 4054 4054 | 100.0 | gi|169627108|ref|NC_010397.1|_Mycobacterium_abscessus_chromosome__complete_sequence NODE_40_length_279333_cov_38.238724_5

CONTIG: NODE_40_length_279333_cov_38.238724_4 (3354bp)
Top Length: 3354  Top ID: 100.0
		One align captures most of this contig: 2109978 2113331 | 1 3354 | 3354 3354 | 100.0 | gi|169627108|ref|NC_010397.1|_Mycobacterium_abscessus_chromosome__complete_sequence NODE_40_length_279333_cov_38.238724_4

CONTIG: NODE_19_length_125981_cov_38.855843_1 (45616bp)
Top Length: 45616  Top ID: 100.0
		One align captures most of this contig: 2349086 2394701 | 1 45616 | 45616 45616 | 100.0 | gi|169627108|ref|NC_010397.1|_Mycobacterium_abscessus_chromosome__complete_sequence NODE_19_length_125981_cov_38.855843_1

CONTIG: NODE_19_length_125981_cov_38.855843_3 (63925bp)
Top Length: 63925  Top ID: 100.0
		One align captures most of this contig: 2410855 2474779 | 1 63925 | 63925 63925 | 100.0 | gi|169627108|ref|NC_010397.1|_Mycobacterium_abscessus_chromosome__complete_sequence NODE_19_length_125981_cov_38.855843_3

CONTIG: NODE_19_length_125981_cov_38.855843_2 (16140bp)
Top Length: 16140  Top ID: 100.0
		One align captures most of this contig: 2394714 2410853 | 1 16140 | 16140 16140 | 100.0 | gi|169627108|ref|NC_010397.1|_Mycobacterium_abscessus_chromosome__complete_sequence NODE_19_length_125981_cov_38.855843_2

CONTIG: NODE_38_length_26142_cov_36.364815_1 (26190bp)
Top Length: 26190  Top ID: 100.0
		One align captures most of this contig: 1278987 1305176 | 26190 1 | 26190 26190 | 100.0 | gi|169627108|ref|NC_010397.1|_Mycobacterium_abscessus_chromosome__complete_sequence NODE_38_length_26142_cov_36.364815_1

CONTIG: NODE_72_length_301799_cov_37.836655_1 (86139bp)
Top Length: 62029  Top ID: 99.86
		This contig is misassembled. 2 total aligns.
			Real Alignment 1: 2812465 2856604 | 86139 42032 | 44140 44108 | 99.93 | gi|169627108|ref|NC_010397.1|_Mycobacterium_abscessus_chromosome__complete_sequence NODE_72_length_301799_cov_37.836655_1
			  Overlap between these two alignments (local misassembly). Inconsistency = -32
			Real Alignment 2: 2836575 2898579 | 62029 1 | 62005 62029 | 99.86 | gi|169627108|ref|NC_010397.1|_Mycobacterium_abscessus_chromosome__complete_sequence NODE_72_length_301799_cov_37.836655_1

CONTIG: NODE_72_length_301799_cov_37.836655_2 (44290bp)
Top Length: 44290  Top ID: 100.0
		One align captures most of this contig: 2768163 2812452 | 44290 1 | 44290 44290 | 100.0 | gi|169627108|ref|NC_010397.1|_Mycobacterium_abscessus_chromosome__complete_sequence NODE_72_length_301799_cov_37.836655_2

CONTIG: NODE_72_length_301799_cov_37.836655_3 (81408bp)
Top Length: 52338  Top ID: 99.94
		This contig is misassembled. 2 total aligns.
			Real Alignment 1: 2686723 2735833 | 81406 32326 | 49111 49081 | 99.94 | gi|169627108|ref|NC_010397.1|_Mycobacterium_abscessus_chromosome__complete_sequence NODE_72_length_301799_cov_37.836655_3
			  Overlap between these two alignments (local misassembly). Inconsistency = -30
			Real Alignment 2: 2715791 2768158 | 52338 1 | 52368 52338 | 99.94 | gi|169627108|ref|NC_010397.1|_Mycobacterium_abscessus_chromosome__complete_sequence NODE_72_length_301799_cov_37.836655_3

CONTIG: NODE_72_length_301799_cov_37.836655_4 (2718bp)
Top Length: 2718  Top ID: 100.0
		One align captures most of this contig: 2683986 2686703 | 2718 1 | 2718 2718 | 100.0 | gi|169627108|ref|NC_010397.1|_Mycobacterium_abscessus_chromosome__complete_sequence NODE_72_length_301799_cov_37.836655_4

CONTIG: NODE_72_length_301799_cov_37.836655_5 (24777bp)
Top Length: 24777  Top ID: 100.0
		One align captures most of this contig: 2659163 2683939 | 24777 1 | 24777 24777 | 100.0 | gi|169627108|ref|NC_010397.1|_Mycobacterium_abscessus_chromosome__complete_sequence NODE_72_length_301799_cov_37.836655_5

CONTIG: NODE_72_length_301799_cov_37.836655_6 (58186bp)
Top Length: 58186  Top ID: 99.99
		One align captures most of this contig: 2600972 2659158 | 58186 1 | 58187 58186 | 99.99 | gi|169627108|ref|NC_010397.1|_Mycobacterium_abscessus_chromosome__complete_sequence NODE_72_length_301799_cov_37.836655_6

CONTIG: NODE_72_length_301799_cov_37.836655_7 (3337bp)
Top Length: 3337  Top ID: 100.0
		One align captures most of this contig: 2597579 2600915 | 3337 1 | 3337 3337 | 100.0 | gi|169627108|ref|NC_010397.1|_Mycobacterium_abscessus_chromosome__complete_sequence NODE_72_length_301799_cov_37.836655_7

CONTIG: NODE_130_length_59722_cov_38.838100_4 (31094bp)
Top Length: 31094  Top ID: 100.0
		One align captures most of this contig: 480355 511448 | 1 31094 | 31094 31094 | 100.0 | gi|169627108|ref|NC_010397.1|_Mycobacterium_abscessus_chromosome__complete_sequence NODE_130_length_59722_cov_38.838100_4

CONTIG: NODE_130_length_59722_cov_38.838100_3 (7850bp)
Top Length: 7846  Top ID: 100.0
		One align captures most of this contig: 472478 480323 | 1 7846 | 7846 7846 | 100.0 | gi|169627108|ref|NC_010397.1|_Mycobacterium_abscessus_chromosome__complete_sequence NODE_130_length_59722_cov_38.838100_3

CONTIG: NODE_130_length_59722_cov_38.838100_2 (20097bp)
Top Length: 6109  Top ID: 100.0
		This contig is misassembled. 2 total aligns.
			Warning! This contig is more unaligned than misassembled. Contig length is 20097 and total length of all aligns is 8198
		Alignment: 464260 470368 | 1 6109 | 6109 6109 | 100.0 | gi|169627108|ref|NC_010397.1|_Mycobacterium_abscessus_chromosome__complete_sequence NODE_130_length_59722_cov_38.838100_2
		Alignment: 470367 472455 | 18009 20097 | 2089 2089 | 100.0 | gi|169627108|ref|NC_010397.1|_Mycobacterium_abscessus_chromosome__complete_sequence NODE_130_length_59722_cov_38.838100_2
		Unaligned bases: 11899
		This contig has both significant aligned and unaligned parts (of length >= min-contig)!
CONTIG: NODE_24_length_30588_cov_39.253891_1 (19497bp)
Top Length: 19494  Top ID: 100.0
		One align captures most of this contig: 847399 866892 | 19494 1 | 19494 19494 | 100.0 | gi|169627108|ref|NC_010397.1|_Mycobacterium_abscessus_chromosome__complete_sequence NODE_24_length_30588_cov_39.253891_1

CONTIG: NODE_24_length_30588_cov_39.253891_2 (10977bp)
Top Length: 10977  Top ID: 100.0
		One align captures most of this contig: 836417 847393 | 10977 1 | 10977 10977 | 100.0 | gi|169627108|ref|NC_010397.1|_Mycobacterium_abscessus_chromosome__complete_sequence NODE_24_length_30588_cov_39.253891_2

CONTIG: NODE_1_length_270508_cov_38.406601_2 (56720bp)
Top Length: 56720  Top ID: 99.99
		One align captures most of this contig: 3107397 3164116 | 56720 1 | 56720 56720 | 99.99 | gi|169627108|ref|NC_010397.1|_Mycobacterium_abscessus_chromosome__complete_sequence NODE_1_length_270508_cov_38.406601_2

CONTIG: NODE_1_length_270508_cov_38.406601_1 (8059bp)
Top Length: 8059  Top ID: 100.0
		One align captures most of this contig: 3164132 3172190 | 8059 1 | 8059 8059 | 100.0 | gi|169627108|ref|NC_010397.1|_Mycobacterium_abscessus_chromosome__complete_sequence NODE_1_length_270508_cov_38.406601_1

CONTIG: NODE_7_length_27813_cov_37.120052_1 (27861bp)
Top Length: 27861  Top ID: 99.99
		One align captures most of this contig: 2493463 2521323 | 27861 1 | 27861 27861 | 99.99 | gi|169627108|ref|NC_010397.1|_Mycobacterium_abscessus_chromosome__complete_sequence NODE_7_length_27813_cov_37.120052_1

CONTIG: NODE_10_length_147100_cov_40.162033_1 (147148bp)
Top Length: 147148  Top ID: 99.99
		One align captures most of this contig: 4620255 4767402 | 1 147148 | 147148 147148 | 99.99 | gi|169627108|ref|NC_010397.1|_Mycobacterium_abscessus_chromosome__complete_sequence NODE_10_length_147100_cov_40.162033_1

CONTIG: NODE_152_length_524196_cov_38.227577_10 (30205bp)
Top Length: 30205  Top ID: 99.97
		Marking as insignificant: 3334548 3349503 | 30205 15244 | 14956 14962 | 99.95 | gi|169627108|ref|NC_010397.1|_Mycobacterium_abscessus_chromosome__complete_sequence NODE_152_length_524196_cov_38.227577_10
		One align captures most of this contig: 3334548 3364746 | 30205 1 | 30199 30205 | 99.97 | gi|169627108|ref|NC_010397.1|_Mycobacterium_abscessus_chromosome__complete_sequence NODE_152_length_524196_cov_38.227577_10

CONTIG: NODE_152_length_524196_cov_38.227577_11 (24492bp)
Top Length: 24492  Top ID: 100.0
		One align captures most of this contig: 3310049 3334540 | 24492 1 | 24492 24492 | 100.0 | gi|169627108|ref|NC_010397.1|_Mycobacterium_abscessus_chromosome__complete_sequence NODE_152_length_524196_cov_38.227577_11

CONTIG: NODE_152_length_524196_cov_38.227577_12 (26988bp)
Top Length: 26916  Top ID: 100.0
		One align captures most of this contig: 3283095 3310010 | 26916 1 | 26916 26916 | 100.0 | gi|169627108|ref|NC_010397.1|_Mycobacterium_abscessus_chromosome__complete_sequence NODE_152_length_524196_cov_38.227577_12

CONTIG: NODE_31_length_24152_cov_38.225075_1 (24200bp)
Top Length: 24200  Top ID: 100.0
		One align captures most of this contig: 3258920 3283119 | 24200 1 | 24200 24200 | 100.0 | gi|169627108|ref|NC_010397.1|_Mycobacterium_abscessus_chromosome__complete_sequence NODE_31_length_24152_cov_38.225075_1

CONTIG: NODE_22_length_83422_cov_39.738392_2 (30081bp)
Top Length: 30081  Top ID: 99.98
		One align captures most of this contig: 726115 756195 | 1 30081 | 30081 30081 | 99.98 | gi|169627108|ref|NC_010397.1|_Mycobacterium_abscessus_chromosome__complete_sequence NODE_22_length_83422_cov_39.738392_2

CONTIG: NODE_46_length_16257_cov_36.706097_1 (3937bp)
Top Length: 3935  Top ID: 100.0
		One align captures most of this contig: 4369646 4373580 | 3935 1 | 3935 3935 | 100.0 | gi|169627108|ref|NC_010397.1|_Mycobacterium_abscessus_chromosome__complete_sequence NODE_46_length_16257_cov_36.706097_1

CONTIG: NODE_46_length_16257_cov_36.706097_2 (12181bp)
Top Length: 12181  Top ID: 100.0
		One align captures most of this contig: 4357451 4369631 | 12181 1 | 12181 12181 | 100.0 | gi|169627108|ref|NC_010397.1|_Mycobacterium_abscessus_chromosome__complete_sequence NODE_46_length_16257_cov_36.706097_2

CONTIG: NODE_141_length_115654_cov_39.587166_1 (115702bp)
Top Length: 115702  Top ID: 99.99
		One align captures most of this contig: 4797820 4913521 | 115702 1 | 115702 115702 | 99.99 | gi|169627108|ref|NC_010397.1|_Mycobacterium_abscessus_chromosome__complete_sequence NODE_141_length_115654_cov_39.587166_1

CONTIG: NODE_56_length_18913_cov_36.184319_1 (2440bp)
Top Length: 2440  Top ID: 99.96
		One align captures most of this contig: 1961077 1963516 | 2440 1 | 2440 2440 | 99.96 | gi|169627108|ref|NC_010397.1|_Mycobacterium_abscessus_chromosome__complete_sequence NODE_56_length_18913_cov_36.184319_1

CONTIG: NODE_56_length_18913_cov_36.184319_2 (16349bp)
Top Length: 16349  Top ID: 100.0
		One align captures most of this contig: 1944726 1961074 | 16349 1 | 16349 16349 | 100.0 | gi|169627108|ref|NC_010397.1|_Mycobacterium_abscessus_chromosome__complete_sequence NODE_56_length_18913_cov_36.184319_2

CONTIG: NODE_5_length_127586_cov_39.063503_1 (127634bp)
Top Length: 110889  Top ID: 99.98
		This contig is misassembled. 2 total aligns.
			Real Alignment 1: 1149316 1166059 | 127634 110891 | 16744 16744 | 99.99 | gi|169627108|ref|NC_010397.1|_Mycobacterium_abscessus_chromosome__complete_sequence NODE_5_length_127586_cov_39.063503_1
			  Gap between these two alignments (local misassembly). Inconsistency = 315
			Real Alignment 2: 1166376 1277264 | 110889 1 | 110889 110889 | 99.98 | gi|169627108|ref|NC_010397.1|_Mycobacterium_abscessus_chromosome__complete_sequence NODE_5_length_127586_cov_39.063503_1

CONTIG: NODE_92_length_506_cov_29.430830_1 (554bp)
Top Length: 554  Top ID: 100.0
		One align captures most of this contig: 2251798 2252351 | 1 554 | 554 554 | 100.0 | gi|169627108|ref|NC_010397.1|_Mycobacterium_abscessus_chromosome__complete_sequence NODE_92_length_506_cov_29.430830_1

CONTIG: NODE_71_length_755_cov_31.288742_1 (803bp)
Top Length: 803  Top ID: 100.0
		Marking as insignificant: 2252304 2252460 | 1 157 | 157 157 | 100.0 | gi|169627108|ref|NC_010397.1|_Mycobacterium_abscessus_chromosome__complete_sequence NODE_71_length_755_cov_31.288742_1
		One align captures most of this contig: 44628 45430 | 803 1 | 803 803 | 100.0 | gi|169627108|ref|NC_010397.1|_Mycobacterium_abscessus_chromosome__complete_sequence NODE_71_length_755_cov_31.288742_1

CONTIG: NODE_14_length_17336_cov_37.585835_1 (17384bp)
Top Length: 17384  Top ID: 100.0
		One align captures most of this contig: 1926682 1944065 | 1 17384 | 17384 17384 | 100.0 | gi|169627108|ref|NC_010397.1|_Mycobacterium_abscessus_chromosome__complete_sequence NODE_14_length_17336_cov_37.585835_1

CONTIG: NODE_70_length_45564_cov_39.074314_1 (45612bp)
Top Length: 45612  Top ID: 100.0
		Marking as insignificant: 1578971 1579186 | 45397 45612 | 216 216 | 97.69 | gi|169627108|ref|NC_010397.1|_Mycobacterium_abscessus_chromosome__complete_sequence NODE_70_length_45564_cov_39.074314_1
		One align captures most of this contig: 174989 220600 | 1 45612 | 45612 45612 | 100.0 | gi|169627108|ref|NC_010397.1|_Mycobacterium_abscessus_chromosome__complete_sequence NODE_70_length_45564_cov_39.074314_1

CONTIG: NODE_69_length_9750_cov_38.504719_1 (9798bp)
Top Length: 9798  Top ID: 100.0
		One align captures most of this contig: 826590 836387 | 1 9798 | 9798 9798 | 100.0 | gi|169627108|ref|NC_010397.1|_Mycobacterium_abscessus_chromosome__complete_sequence NODE_69_length_9750_cov_38.504719_1

CONTIG: NODE_12_length_15572_cov_39.832199_1 (15620bp)
Top Length: 15620  Top ID: 100.0
		Marking as insignificant: 2253597 2253889 | 1 293 | 293 293 | 97.95 | gi|169627108|ref|NC_010397.1|_Mycobacterium_abscessus_chromosome__complete_sequence NODE_12_length_15572_cov_39.832199_1
		One align captures most of this contig: 28527 44146 | 15620 1 | 15620 15620 | 100.0 | gi|169627108|ref|NC_010397.1|_Mycobacterium_abscessus_chromosome__complete_sequence NODE_12_length_15572_cov_39.832199_1

Analyzing coverage...
Writing SNPs into /usit/invitro/data/galaxy/master/sabbai/galaxy-dist/database/job_working_directory/000/726/dataset_763_files/contigs_reports/nucmer_output/MA-H-Velvet.used_snps
	Reference gi|169627108|ref|NC_010397.1|_Mycobacterium_abscessus_chromosome__complete_sequence: 150 total alignments. 1 total regions.
		Region: 1 to 5067172 (5067172 bp)
			Align 1: 1 20980 NODE_25_length_61030_cov_38.703262_2 20980 1
				Gap between this and next alignment: 20980 to 21010 (29 bp)
				Next Alignment: 21010 28431 NODE_25_length_61030_cov_38.703262_1 7422 1

			Align 2: 21010 28431 NODE_25_length_61030_cov_38.703262_1 7422 1
				Gap between this and next alignment: 28431 to 28527 (95 bp)
				Next Alignment: 28527 44146 NODE_12_length_15572_cov_39.832199_1 15620 1

			Align 3: 28527 44146 NODE_12_length_15572_cov_39.832199_1 15620 1
				Gap between this and next alignment: 44146 to 44628 (481 bp)
				Next Alignment: 44628 45430 NODE_71_length_755_cov_31.288742_1 803 1

			Align 4: 44628 45430 NODE_71_length_755_cov_31.288742_1 803 1
				Gap between this and next alignment: 45430 to 46365 (934 bp)
				Next Alignment: 46365 56101 NODE_43_length_63522_cov_41.730816_1 1 9737

			Align 5: 46365 56101 NODE_43_length_63522_cov_41.730816_1 1 9737
				Gap between this and next alignment: 56101 to 56105 (3 bp)
				Next Alignment: 56105 109766 NODE_43_length_63522_cov_41.730816_2 1 53663

			Align 6: 56105 109766 NODE_43_length_63522_cov_41.730816_2 1 53663
				Gap between this and next alignment: 109766 to 109871 (104 bp)
				Next Alignment: 109871 174997 NODE_8_length_65078_cov_41.416115_1 65126 1

			Align 7: 109871 174997 NODE_8_length_65078_cov_41.416115_1 65126 1
				Negative gap (overlap) between this and next alignment: 174997 to 174989 (-8 bp)
				Next Alignment: 174989 220600 NODE_70_length_45564_cov_39.074314_1 1 45612

			Previous gap was negative, modifying coordinates to ignore overlap
				Moving contig start from 1 to 10.
			Align 8: 174998 220600 NODE_70_length_45564_cov_39.074314_1 10 45612
				Gap between this and next alignment: 220600 to 220715 (114 bp)
				Next Alignment: 220715 280981 NODE_109_length_622909_cov_38.455921_3 1 60267

			Align 9: 220715 280981 NODE_109_length_622909_cov_38.455921_3 1 60267
				Gap between this and next alignment: 280981 to 280984 (2 bp)
				Next Alignment: 280984 304716 NODE_109_length_622909_cov_38.455921_4 1 23733

			Align 10: 280984 304716 NODE_109_length_622909_cov_38.455921_4 1 23733
				Gap between this and next alignment: 304716 to 304738 (21 bp)
				Next Alignment: 304738 342934 NODE_109_length_622909_cov_38.455921_5 1 38197

			Align 11: 304738 342934 NODE_109_length_622909_cov_38.455921_5 1 38197
				Negative gap (overlap) between this and next alignment: 342934 to 342896 (-38 bp)
				Next Alignment: 342896 380442 NODE_34_length_110775_cov_39.253639_1 1 37547

			Previous gap was negative, modifying coordinates to ignore overlap
				Moving contig start from 1 to 40.
			Align 12: 342935 380442 NODE_34_length_110775_cov_39.253639_1 40 37547
				Gap between this and next alignment: 380442 to 380447 (4 bp)
				Next Alignment: 380447 438783 NODE_34_length_110775_cov_39.253639_2 1 58337

			Align 13: 380447 438783 NODE_34_length_110775_cov_39.253639_2 1 58337
				Gap between this and next alignment: 438783 to 438804 (20 bp)
				Next Alignment: 438804 453396 NODE_34_length_110775_cov_39.253639_3 1 14593

			Align 14: 438804 453396 NODE_34_length_110775_cov_39.253639_3 1 14593
				Gap between this and next alignment: 453396 to 455320 (1923 bp)
				Next Alignment: 455320 458110 NODE_15_length_2743_cov_36.428726_1 2791 1

			Align 15: 455320 458110 NODE_15_length_2743_cov_36.428726_1 2791 1
				Gap between this and next alignment: 458110 to 458295 (184 bp)
				Next Alignment: 458295 463848 NODE_57_length_5538_cov_34.549477_1 5555 1

			Align 16: 458295 463848 NODE_57_length_5538_cov_34.549477_1 5555 1
				Gap between this and next alignment: 463848 to 472478 (8629 bp)
				Next Alignment: 472478 480323 NODE_130_length_59722_cov_38.838100_3 1 7846

			Align 17: 472478 480323 NODE_130_length_59722_cov_38.838100_3 1 7846
				Gap between this and next alignment: 480323 to 480355 (31 bp)
				Next Alignment: 480355 511448 NODE_130_length_59722_cov_38.838100_4 1 31094

			Align 18: 480355 511448 NODE_130_length_59722_cov_38.838100_4 1 31094
				Gap between this and next alignment: 511448 to 511657 (208 bp)
				Next Alignment: 511657 560060 NODE_4_length_48356_cov_39.997643_1 1 48404

			Align 19: 511657 560060 NODE_4_length_48356_cov_39.997643_1 1 48404
				Negative gap (overlap) between this and next alignment: 560060 to 560013 (-47 bp)
				Next Alignment: 560013 560590 NODE_111_length_530_cov_90.718864_1 578 1

			Previous gap was negative, modifying coordinates to ignore overlap
				Moving contig start from 578 to 530.
			Align 20: 560061 560590 NODE_111_length_530_cov_90.718864_1 530 1
				Negative gap (overlap) between this and next alignment: 560590 to 560543 (-47 bp)
				Next Alignment: 560543 567110 NODE_41_length_70278_cov_39.967060_1 1 6568

			Previous gap was negative, modifying coordinates to ignore overlap
				Moving contig start from 1 to 49.
			Align 21: 560591 567110 NODE_41_length_70278_cov_39.967060_1 49 6568
				Gap between this and next alignment: 567110 to 567116 (5 bp)
				Next Alignment: 567116 630711 NODE_41_length_70278_cov_39.967060_2 1 63596

			Align 22: 567116 630711 NODE_41_length_70278_cov_39.967060_2 1 63596
				Negative gap (overlap) between this and next alignment: 630711 to 630683 (-28 bp)
				Next Alignment: 630683 637002 NODE_49_length_39371_cov_41.336315_2 6320 1

			Previous gap was negative, modifying coordinates to ignore overlap
				Moving contig start from 6320 to 6291.
			Align 23: 630712 637002 NODE_49_length_39371_cov_41.336315_2 6291 1
				Gap between this and next alignment: 637002 to 637042 (39 bp)
				Next Alignment: 637042 669922 NODE_49_length_39371_cov_41.336315_1 32881 1

			Align 24: 637042 669922 NODE_49_length_39371_cov_41.336315_1 32881 1
				Gap between this and next alignment: 669922 to 669937 (14 bp)
				Next Alignment: 669937 670485 NODE_60_length_501_cov_133.972061_1 1 549

			Align 25: 669937 670485 NODE_60_length_501_cov_133.972061_1 1 549
				Negative gap (overlap) between this and next alignment: 670485 to 670445 (-40 bp)
				Next Alignment: 670445 679603 NODE_22_length_83422_cov_39.738392_1 1 9159

			Previous gap was negative, modifying coordinates to ignore overlap
				Moving contig start from 1 to 42.
			Align 26: 670486 679603 NODE_22_length_83422_cov_39.738392_1 42 9159
				Gap between this and next alignment: 679603 to 682031 (2427 bp)
				Next Alignment: 682031 726015 NODE_22_length_83422_cov_39.738392_1 9158 53142

			Align 27: 682031 726015 NODE_22_length_83422_cov_39.738392_1 9158 53142
				Gap between this and next alignment: 726015 to 726115 (99 bp)
				Next Alignment: 726115 756195 NODE_22_length_83422_cov_39.738392_2 1 30081

			Align 28: 726115 756195 NODE_22_length_83422_cov_39.738392_2 1 30081
				Gap between this and next alignment: 756195 to 756465 (269 bp)
				Next Alignment: 756465 775832 NODE_17_length_70342_cov_36.757130_3 19368 1

			Align 29: 756465 775832 NODE_17_length_70342_cov_36.757130_3 19368 1
				Gap between this and next alignment: 775832 to 775934 (101 bp)
				Next Alignment: 775934 803142 NODE_17_length_70342_cov_36.757130_2 27209 1

			Align 30: 775934 803142 NODE_17_length_70342_cov_36.757130_2 27209 1
				Gap between this and next alignment: 803142 to 803155 (12 bp)
				Next Alignment: 803155 826599 NODE_17_length_70342_cov_36.757130_1 23445 1

			Align 31: 803155 826599 NODE_17_length_70342_cov_36.757130_1 23445 1
				Negative gap (overlap) between this and next alignment: 826599 to 826590 (-9 bp)
				Next Alignment: 826590 836387 NODE_69_length_9750_cov_38.504719_1 1 9798

			Previous gap was negative, modifying coordinates to ignore overlap
				Moving contig start from 1 to 11.
			Align 32: 826600 836387 NODE_69_length_9750_cov_38.504719_1 11 9798
				Gap between this and next alignment: 836387 to 836417 (29 bp)
				Next Alignment: 836417 847393 NODE_24_length_30588_cov_39.253891_2 10977 1

			Align 33: 836417 847393 NODE_24_length_30588_cov_39.253891_2 10977 1
				Gap between this and next alignment: 847393 to 847399 (5 bp)
				Next Alignment: 847399 866892 NODE_24_length_30588_cov_39.253891_1 19494 1

			Align 34: 847399 866892 NODE_24_length_30588_cov_39.253891_1 19494 1
				Gap between this and next alignment: 866892 to 866962 (69 bp)
				Next Alignment: 866962 924070 NODE_35_length_150304_cov_38.287159_5 57109 1

			Align 35: 866962 924070 NODE_35_length_150304_cov_38.287159_5 57109 1
				Gap between this and next alignment: 924070 to 924095 (24 bp)
				Next Alignment: 924095 947349 NODE_35_length_150304_cov_38.287159_4 23255 1

			Align 36: 924095 947349 NODE_35_length_150304_cov_38.287159_4 23255 1
				Gap between this and next alignment: 947349 to 947360 (10 bp)
				Next Alignment: 947360 971771 NODE_35_length_150304_cov_38.287159_3 24412 1

			Align 37: 947360 971771 NODE_35_length_150304_cov_38.287159_3 24412 1
				Gap between this and next alignment: 971771 to 971809 (37 bp)
				Next Alignment: 971809 993209 NODE_35_length_150304_cov_38.287159_2 21401 1

			Align 38: 971809 993209 NODE_35_length_150304_cov_38.287159_2 21401 1
				Gap between this and next alignment: 993209 to 993318 (108 bp)
				Next Alignment: 993318 1016650 NODE_35_length_150304_cov_38.287159_1 23333 1

			Align 39: 993318 1016650 NODE_35_length_150304_cov_38.287159_1 23333 1
				Gap between this and next alignment: 1016650 to 1016698 (47 bp)
				Next Alignment: 1016698 1036571 NODE_39_length_19826_cov_38.036064_1 1 19874

			Align 40: 1016698 1036571 NODE_39_length_19826_cov_38.036064_1 1 19874
				Gap between this and next alignment: 1036571 to 1036668 (96 bp)
				Next Alignment: 1036668 1050925 NODE_110_length_46505_cov_39.433414_1 1 14258

			Align 41: 1036668 1050925 NODE_110_length_46505_cov_39.433414_1 1 14258
				Gap between this and next alignment: 1050925 to 1050970 (44 bp)
				Next Alignment: 1050970 1083163 NODE_110_length_46505_cov_39.433414_2 1 32194

			Align 42: 1050970 1083163 NODE_110_length_46505_cov_39.433414_2 1 32194
				Negative gap (overlap) between this and next alignment: 1083163 to 1083149 (-14 bp)
				Next Alignment: 1083149 1092122 NODE_96_length_120341_cov_36.492981_4 8974 1

			Previous gap was negative, modifying coordinates to ignore overlap
				Moving contig start from 8974 to 8959.
			Align 43: 1083164 1092122 NODE_96_length_120341_cov_36.492981_4 8959 1
				Gap between this and next alignment: 1092122 to 1092126 (3 bp)
				Next Alignment: 1092126 1095641 NODE_96_length_120341_cov_36.492981_3 3516 1

			Align 44: 1092126 1095641 NODE_96_length_120341_cov_36.492981_3 3516 1
				Gap between this and next alignment: 1095641 to 1145020 (49378 bp)
				Next Alignment: 1145020 1148986 NODE_96_length_120341_cov_36.492981_1 3967 1

			Align 45: 1145020 1148986 NODE_96_length_120341_cov_36.492981_1 3967 1
				Gap between this and next alignment: 1148986 to 1149316 (329 bp)
				Next Alignment: 1149316 1166059 NODE_5_length_127586_cov_39.063503_1 127634 110891

			Align 46: 1149316 1166059 NODE_5_length_127586_cov_39.063503_1 127634 110891
				Gap between this and next alignment: 1166059 to 1166376 (316 bp)
				Next Alignment: 1166376 1277264 NODE_5_length_127586_cov_39.063503_1 110889 1

			Align 47: 1166376 1277264 NODE_5_length_127586_cov_39.063503_1 110889 1
				Gap between this and next alignment: 1277264 to 1277874 (609 bp)
				Next Alignment: 1277874 1279034 NODE_83_length_1113_cov_80.387245_1 1161 1

			Align 48: 1277874 1279034 NODE_83_length_1113_cov_80.387245_1 1161 1
				Negative gap (overlap) between this and next alignment: 1279034 to 1278987 (-47 bp)
				Next Alignment: 1278987 1305176 NODE_38_length_26142_cov_36.364815_1 26190 1

			Previous gap was negative, modifying coordinates to ignore overlap
				Moving contig start from 26190 to 26142.
			Align 49: 1279035 1305176 NODE_38_length_26142_cov_36.364815_1 26142 1
				Gap between this and next alignment: 1305176 to 1305227 (50 bp)
				Next Alignment: 1305227 1385901 NODE_9_length_88232_cov_39.588303_1 1 80675

			Align 50: 1305227 1385901 NODE_9_length_88232_cov_39.588303_1 1 80675
				Gap between this and next alignment: 1385901 to 1385970 (68 bp)
				Next Alignment: 1385970 1393358 NODE_9_length_88232_cov_39.588303_2 1 7389

			Align 51: 1385970 1393358 NODE_9_length_88232_cov_39.588303_2 1 7389
				Gap between this and next alignment: 1393358 to 1393516 (157 bp)
				Next Alignment: 1393516 1462113 NODE_109_length_622909_cov_38.455921_1 1 68597

			Align 52: 1393516 1462113 NODE_109_length_622909_cov_38.455921_1 1 68597
				Negative gap (overlap) between this and next alignment: 1462113 to 1461978 (-135 bp)
				Next Alignment: 1461978 1500549 NODE_109_length_622909_cov_38.455921_1 68335 106904

			Previous gap was negative, modifying coordinates to ignore overlap
				Moving contig start from 68335 to 68470.
			Align 53: 1462114 1500549 NODE_109_length_622909_cov_38.455921_1 68470 106904
				Gap between this and next alignment: 1500549 to 1500560 (10 bp)
				Next Alignment: 1500560 1579381 NODE_109_length_622909_cov_38.455921_2 1 78822

			Align 54: 1500560 1579381 NODE_109_length_622909_cov_38.455921_2 1 78822
				Gap between this and next alignment: 1579381 to 1579393 (11 bp)
				Next Alignment: 1579393 1698759 NODE_109_length_622909_cov_38.455921_6 1 119367

			Align 55: 1579393 1698759 NODE_109_length_622909_cov_38.455921_6 1 119367
				Gap between this and next alignment: 1698759 to 1698825 (65 bp)
				Next Alignment: 1698825 1736500 NODE_109_length_622909_cov_38.455921_7 1 37676

			Align 56: 1698825 1736500 NODE_109_length_622909_cov_38.455921_7 1 37676
				Gap between this and next alignment: 1736500 to 1736506 (5 bp)
				Next Alignment: 1736506 1753540 NODE_109_length_622909_cov_38.455921_8 1 17035

			Align 57: 1736506 1753540 NODE_109_length_622909_cov_38.455921_8 1 17035
				Gap between this and next alignment: 1753540 to 1753651 (110 bp)
				Next Alignment: 1753651 1823586 NODE_109_length_622909_cov_38.455921_9 1 69936

			Align 58: 1753651 1823586 NODE_109_length_622909_cov_38.455921_9 1 69936
				Gap between this and next alignment: 1823586 to 1823598 (11 bp)
				Next Alignment: 1823598 1868268 NODE_109_length_622909_cov_38.455921_10 1 44671

			Align 59: 1823598 1868268 NODE_109_length_622909_cov_38.455921_10 1 44671
				Gap between this and next alignment: 1868268 to 1868357 (88 bp)
				Next Alignment: 1868357 1893110 NODE_109_length_622909_cov_38.455921_11 1 24755

			Align 60: 1868357 1893110 NODE_109_length_622909_cov_38.455921_11 1 24755
				Negative gap (overlap) between this and next alignment: 1893110 to 1893079 (-31 bp)
				Next Alignment: 1893079 1926729 NODE_28_length_33603_cov_37.313423_1 1 33651

			Previous gap was negative, modifying coordinates to ignore overlap
				Moving contig start from 1 to 33.
			Align 61: 1893111 1926729 NODE_28_length_33603_cov_37.313423_1 33 33651
				Negative gap (overlap) between this and next alignment: 1926729 to 1926682 (-47 bp)
				Next Alignment: 1926682 1944065 NODE_14_length_17336_cov_37.585835_1 1 17384

			Previous gap was negative, modifying coordinates to ignore overlap
				Moving contig start from 1 to 49.
			Align 62: 1926730 1944065 NODE_14_length_17336_cov_37.585835_1 49 17384
				Gap between this and next alignment: 1944065 to 1944726 (660 bp)
				Next Alignment: 1944726 1961074 NODE_56_length_18913_cov_36.184319_2 16349 1

			Align 63: 1944726 1961074 NODE_56_length_18913_cov_36.184319_2 16349 1
				Gap between this and next alignment: 1961074 to 1961077 (2 bp)
				Next Alignment: 1961077 1963516 NODE_56_length_18913_cov_36.184319_1 2440 1

			Align 64: 1961077 1963516 NODE_56_length_18913_cov_36.184319_1 2440 1
				Gap between this and next alignment: 1963516 to 1963950 (433 bp)
				Next Alignment: 1963950 1972902 NODE_11_length_8905_cov_40.894665_1 8953 1

			Align 65: 1963950 1972902 NODE_11_length_8905_cov_40.894665_1 8953 1
				Gap between this and next alignment: 1972902 to 1972961 (58 bp)
				Next Alignment: 1972961 2014183 NODE_40_length_279333_cov_38.238724_1 1 41223

			Align 66: 1972961 2014183 NODE_40_length_279333_cov_38.238724_1 1 41223
				Gap between this and next alignment: 2014183 to 2014188 (4 bp)
				Next Alignment: 2014188 2048265 NODE_40_length_279333_cov_38.238724_2 1 34078

			Align 67: 2014188 2048265 NODE_40_length_279333_cov_38.238724_2 1 34078
				Gap between this and next alignment: 2048265 to 2048319 (53 bp)
				Next Alignment: 2048319 2109892 NODE_40_length_279333_cov_38.238724_3 1 61574

			Align 68: 2048319 2109892 NODE_40_length_279333_cov_38.238724_3 1 61574
				Gap between this and next alignment: 2109892 to 2109978 (85 bp)
				Next Alignment: 2109978 2113331 NODE_40_length_279333_cov_38.238724_4 1 3354

			Align 69: 2109978 2113331 NODE_40_length_279333_cov_38.238724_4 1 3354
				Gap between this and next alignment: 2113331 to 2113348 (16 bp)
				Next Alignment: 2113348 2117401 NODE_40_length_279333_cov_38.238724_5 1 4054

			Align 70: 2113348 2117401 NODE_40_length_279333_cov_38.238724_5 1 4054
				Gap between this and next alignment: 2117401 to 2117411 (9 bp)
				Next Alignment: 2117411 2153246 NODE_40_length_279333_cov_38.238724_6 1 35836

			Align 71: 2117411 2153246 NODE_40_length_279333_cov_38.238724_6 1 35836
				Gap between this and next alignment: 2153246 to 2153338 (91 bp)
				Next Alignment: 2153338 2214292 NODE_40_length_279333_cov_38.238724_7 1 60955

			Align 72: 2153338 2214292 NODE_40_length_279333_cov_38.238724_7 1 60955
				Gap between this and next alignment: 2214292 to 2214300 (7 bp)
				Next Alignment: 2214300 2251337 NODE_40_length_279333_cov_38.238724_8 1 37038

			Align 73: 2214300 2251337 NODE_40_length_279333_cov_38.238724_8 1 37038
				Gap between this and next alignment: 2251337 to 2251798 (460 bp)
				Next Alignment: 2251798 2252351 NODE_92_length_506_cov_29.430830_1 1 554

			Align 74: 2251798 2252351 NODE_92_length_506_cov_29.430830_1 1 554
				Gap between this and next alignment: 2252351 to 2252462 (110 bp)
				Next Alignment: 2252462 2253115 NODE_48_length_606_cov_30.706270_1 1 654

			Align 75: 2252462 2253115 NODE_48_length_606_cov_30.706270_1 1 654
				Gap between this and next alignment: 2253115 to 2253597 (481 bp)
				Next Alignment: 2253597 2348756 NODE_6_length_95112_cov_37.751839_1 1 95160

			Align 76: 2253597 2348756 NODE_6_length_95112_cov_37.751839_1 1 95160
				Gap between this and next alignment: 2348756 to 2349086 (329 bp)
				Next Alignment: 2349086 2394701 NODE_19_length_125981_cov_38.855843_1 1 45616

			Align 77: 2349086 2394701 NODE_19_length_125981_cov_38.855843_1 1 45616
				Gap between this and next alignment: 2394701 to 2394714 (12 bp)
				Next Alignment: 2394714 2410853 NODE_19_length_125981_cov_38.855843_2 1 16140

			Align 78: 2394714 2410853 NODE_19_length_125981_cov_38.855843_2 1 16140
				Gap between this and next alignment: 2410853 to 2410855 (1 bp)
				Next Alignment: 2410855 2474779 NODE_19_length_125981_cov_38.855843_3 1 63925

			Align 79: 2410855 2474779 NODE_19_length_125981_cov_38.855843_3 1 63925
				Gap between this and next alignment: 2474779 to 2474852 (72 bp)
				Next Alignment: 2474852 2493468 NODE_16_length_18569_cov_38.692013_1 1 18617

			Align 80: 2474852 2493468 NODE_16_length_18569_cov_38.692013_1 1 18617
				Negative gap (overlap) between this and next alignment: 2493468 to 2493463 (-5 bp)
				Next Alignment: 2493463 2521323 NODE_7_length_27813_cov_37.120052_1 27861 1

			Previous gap was negative, modifying coordinates to ignore overlap
				Moving contig start from 27861 to 27855.
			Align 81: 2493469 2521323 NODE_7_length_27813_cov_37.120052_1 27855 1
				Gap between this and next alignment: 2521323 to 2521621 (297 bp)
				Next Alignment: 2521621 2596873 NODE_125_length_75805_cov_37.540665_1 1 75253

			Align 82: 2521621 2596873 NODE_125_length_75805_cov_37.540665_1 1 75253
				Gap between this and next alignment: 2596873 to 2597579 (705 bp)
				Next Alignment: 2597579 2600915 NODE_72_length_301799_cov_37.836655_7 3337 1

			Align 83: 2597579 2600915 NODE_72_length_301799_cov_37.836655_7 3337 1
				Gap between this and next alignment: 2600915 to 2600972 (56 bp)
				Next Alignment: 2600972 2659158 NODE_72_length_301799_cov_37.836655_6 58186 1

			Align 84: 2600972 2659158 NODE_72_length_301799_cov_37.836655_6 58186 1
				Gap between this and next alignment: 2659158 to 2659163 (4 bp)
				Next Alignment: 2659163 2683939 NODE_72_length_301799_cov_37.836655_5 24777 1

			Align 85: 2659163 2683939 NODE_72_length_301799_cov_37.836655_5 24777 1
				Gap between this and next alignment: 2683939 to 2683986 (46 bp)
				Next Alignment: 2683986 2686703 NODE_72_length_301799_cov_37.836655_4 2718 1

			Align 86: 2683986 2686703 NODE_72_length_301799_cov_37.836655_4 2718 1
				Gap between this and next alignment: 2686703 to 2686723 (19 bp)
				Next Alignment: 2686723 2735833 NODE_72_length_301799_cov_37.836655_3 81406 32326

			Align 87: 2686723 2735833 NODE_72_length_301799_cov_37.836655_3 81406 32326
				Negative gap (overlap) between this and next alignment: 2735833 to 2715791 (-20042 bp)
				Next Alignment: 2715791 2768158 NODE_72_length_301799_cov_37.836655_3 52338 1

			Previous gap was negative, modifying coordinates to ignore overlap
				Moving contig start from 52338 to 32355.
			Align 88: 2735834 2768158 NODE_72_length_301799_cov_37.836655_3 32355 1
				Gap between this and next alignment: 2768158 to 2768163 (4 bp)
				Next Alignment: 2768163 2812452 NODE_72_length_301799_cov_37.836655_2 44290 1

			Align 89: 2768163 2812452 NODE_72_length_301799_cov_37.836655_2 44290 1
				Gap between this and next alignment: 2812452 to 2812465 (12 bp)
				Next Alignment: 2812465 2856604 NODE_72_length_301799_cov_37.836655_1 86139 42032

			Align 90: 2812465 2856604 NODE_72_length_301799_cov_37.836655_1 86139 42032
				Negative gap (overlap) between this and next alignment: 2856604 to 2836575 (-20029 bp)
				Next Alignment: 2836575 2898579 NODE_72_length_301799_cov_37.836655_1 62029 1

			Previous gap was negative, modifying coordinates to ignore overlap
				Moving contig start from 62029 to 42063.
			Align 91: 2856605 2898579 NODE_72_length_301799_cov_37.836655_1 42063 1
				Negative gap (overlap) between this and next alignment: 2898579 to 2898549 (-30 bp)
				Next Alignment: 2898549 2983613 NODE_1_length_270508_cov_38.406601_5 85029 1

			Previous gap was negative, modifying coordinates to ignore overlap
				Moving contig start from 85029 to 84998.
			Align 92: 2898580 2983613 NODE_1_length_270508_cov_38.406601_5 84998 1
				Negative gap (overlap) between this and next alignment: 2983613 to 2983608 (-5 bp)
				Next Alignment: 2983608 3020543 NODE_1_length_270508_cov_38.406601_4 37031 96

			Previous gap was negative, modifying coordinates to ignore overlap
				Moving contig start from 37031 to 37025.
			Align 93: 2983614 3020543 NODE_1_length_270508_cov_38.406601_4 37025 96
				The next alignment (3019660 3020403 NODE_20_length_3623_cov_32.898426_1 744 1) is redundant. Skipping.
				Negative gap (overlap) between this and next alignment: 3020543 to 3020356 (-187 bp)
				Next Alignment: 3020356 3023824 NODE_20_length_3623_cov_32.898426_1 3671 203

			Previous gap was negative, modifying coordinates to ignore overlap
				Moving contig start from 3671 to 3483.
			Align 95: 3020544 3023824 NODE_20_length_3623_cov_32.898426_1 3483 203
				Gap between this and next alignment: 3023824 to 3024359 (534 bp)
				Next Alignment: 3024359 3067471 NODE_1_length_270508_cov_38.406601_3 82976 39861

			Align 96: 3024359 3067471 NODE_1_length_270508_cov_38.406601_3 82976 39861
				Negative gap (overlap) between this and next alignment: 3067471 to 3067434 (-37 bp)
				Next Alignment: 3067434 3107388 NODE_1_length_270508_cov_38.406601_3 39955 1

			Previous gap was negative, modifying coordinates to ignore overlap
				Moving contig start from 39955 to 39914.
			Align 97: 3067472 3107388 NODE_1_length_270508_cov_38.406601_3 39914 1
				Gap between this and next alignment: 3107388 to 3107397 (8 bp)
				Next Alignment: 3107397 3164116 NODE_1_length_270508_cov_38.406601_2 56720 1

			Align 98: 3107397 3164116 NODE_1_length_270508_cov_38.406601_2 56720 1
				Gap between this and next alignment: 3164116 to 3164132 (15 bp)
				Next Alignment: 3164132 3172190 NODE_1_length_270508_cov_38.406601_1 8059 1

			Align 99: 3164132 3172190 NODE_1_length_270508_cov_38.406601_1 8059 1
				Gap between this and next alignment: 3172190 to 3172229 (38 bp)
				Next Alignment: 3172229 3181448 NODE_37_length_79931_cov_38.131252_3 9220 1

			Align 100: 3172229 3181448 NODE_37_length_79931_cov_38.131252_3 9220 1
				Gap between this and next alignment: 3181448 to 3181468 (19 bp)
				Next Alignment: 3181468 3199889 NODE_37_length_79931_cov_38.131252_2 18422 1

			Align 101: 3181468 3199889 NODE_37_length_79931_cov_38.131252_2 18422 1
				Gap between this and next alignment: 3199889 to 3199902 (12 bp)
				Next Alignment: 3199902 3251906 NODE_37_length_79931_cov_38.131252_1 52005 1

			Align 102: 3199902 3251906 NODE_37_length_79931_cov_38.131252_1 52005 1
				Gap between this and next alignment: 3251906 to 3252389 (482 bp)
				Next Alignment: 3252389 3258690 NODE_29_length_6254_cov_32.485767_1 6302 1

			Align 103: 3252389 3258690 NODE_29_length_6254_cov_32.485767_1 6302 1
				Gap between this and next alignment: 3258690 to 3258920 (229 bp)
				Next Alignment: 3258920 3283119 NODE_31_length_24152_cov_38.225075_1 24200 1

			Align 104: 3258920 3283119 NODE_31_length_24152_cov_38.225075_1 24200 1
				Negative gap (overlap) between this and next alignment: 3283119 to 3283095 (-24 bp)
				Next Alignment: 3283095 3310010 NODE_152_length_524196_cov_38.227577_12 26916 1

			Previous gap was negative, modifying coordinates to ignore overlap
				Moving contig start from 26916 to 26891.
			Align 105: 3283120 3310010 NODE_152_length_524196_cov_38.227577_12 26891 1
				Gap between this and next alignment: 3310010 to 3310049 (38 bp)
				Next Alignment: 3310049 3334540 NODE_152_length_524196_cov_38.227577_11 24492 1

			Align 106: 3310049 3334540 NODE_152_length_524196_cov_38.227577_11 24492 1
				Gap between this and next alignment: 3334540 to 3334548 (7 bp)
				Next Alignment: 3334548 3364746 NODE_152_length_524196_cov_38.227577_10 30205 1

			Align 107: 3334548 3364746 NODE_152_length_524196_cov_38.227577_10 30205 1
				Gap between this and next alignment: 3364746 to 3364771 (24 bp)
				Next Alignment: 3364771 3377201 NODE_152_length_524196_cov_38.227577_9 12431 1

			Align 108: 3364771 3377201 NODE_152_length_524196_cov_38.227577_9 12431 1
				Negative gap (overlap) between this and next alignment: 3377201 to 3377193 (-8 bp)
				Next Alignment: 3377193 3393119 NODE_152_length_524196_cov_38.227577_8 15927 1

			Previous gap was negative, modifying coordinates to ignore overlap
				Moving contig start from 15927 to 15918.
			Align 109: 3377202 3393119 NODE_152_length_524196_cov_38.227577_8 15918 1
				Gap between this and next alignment: 3393119 to 3393150 (30 bp)
				Next Alignment: 3393150 3426873 NODE_152_length_524196_cov_38.227577_7 46313 12620

			Align 110: 3393150 3426873 NODE_152_length_524196_cov_38.227577_7 46313 12620
				Negative gap (overlap) between this and next alignment: 3426873 to 3406829 (-20044 bp)
				Next Alignment: 3406829 3439492 NODE_152_length_524196_cov_38.227577_7 32634 1

			Previous gap was negative, modifying coordinates to ignore overlap
				Moving contig start from 32634 to 12649.
			Align 111: 3426874 3439492 NODE_152_length_524196_cov_38.227577_7 12649 1
				Gap between this and next alignment: 3439492 to 3439597 (104 bp)
				Next Alignment: 3439597 3502423 NODE_152_length_524196_cov_38.227577_6 62827 1

			Align 112: 3439597 3502423 NODE_152_length_524196_cov_38.227577_6 62827 1
				Gap between this and next alignment: 3502423 to 3502426 (2 bp)
				Next Alignment: 3502426 3542666 NODE_152_length_524196_cov_38.227577_5 40241 1

			Align 113: 3502426 3542666 NODE_152_length_524196_cov_38.227577_5 40241 1
				Gap between this and next alignment: 3542666 to 3542680 (13 bp)
				Next Alignment: 3542680 3547250 NODE_152_length_524196_cov_38.227577_4 4571 1

			Align 114: 3542680 3547250 NODE_152_length_524196_cov_38.227577_4 4571 1
				Gap between this and next alignment: 3547250 to 3547277 (26 bp)
				Next Alignment: 3547277 3683634 NODE_152_length_524196_cov_38.227577_3 136358 1

			Align 115: 3547277 3683634 NODE_152_length_524196_cov_38.227577_3 136358 1
				Gap between this and next alignment: 3683634 to 3683640 (5 bp)
				Next Alignment: 3683640 3767205 NODE_152_length_524196_cov_38.227577_2 83565 1

			Align 116: 3683640 3767205 NODE_152_length_524196_cov_38.227577_2 83565 1
				Gap between this and next alignment: 3767205 to 3767226 (20 bp)
				Next Alignment: 3767226 3805867 NODE_152_length_524196_cov_38.227577_1 38642 1

			Align 117: 3767226 3805867 NODE_152_length_524196_cov_38.227577_1 38642 1
				Negative gap (overlap) between this and next alignment: 3805867 to 3805825 (-42 bp)
				Next Alignment: 3805825 3829877 NODE_33_length_261986_cov_39.690506_1 1 24053

			Previous gap was negative, modifying coordinates to ignore overlap
				Moving contig start from 1 to 44.
			Align 118: 3805868 3829877 NODE_33_length_261986_cov_39.690506_1 44 24053
				Gap between this and next alignment: 3829877 to 3829883 (5 bp)
				Next Alignment: 3829883 3846174 NODE_33_length_261986_cov_39.690506_2 1 16292

			Align 119: 3829883 3846174 NODE_33_length_261986_cov_39.690506_2 1 16292
				Gap between this and next alignment: 3846174 to 3846180 (5 bp)
				Next Alignment: 3846180 3987677 NODE_33_length_261986_cov_39.690506_3 1 141468

			Align 120: 3846180 3987677 NODE_33_length_261986_cov_39.690506_3 1 141468
				Negative gap (overlap) between this and next alignment: 3987677 to 3967646 (-20031 bp)
				Next Alignment: 3967646 4037674 NODE_33_length_261986_cov_39.690506_3 121467 191465

			Previous gap was negative, modifying coordinates to ignore overlap
				Moving contig start from 121467 to 141439.
			Align 121: 3987678 4037674 NODE_33_length_261986_cov_39.690506_3 141439 191465
				Gap between this and next alignment: 4037674 to 4037685 (10 bp)
				Next Alignment: 4037685 4067216 NODE_33_length_261986_cov_39.690506_4 1 29532

			Align 122: 4037685 4067216 NODE_33_length_261986_cov_39.690506_4 1 29532
				Negative gap (overlap) between this and next alignment: 4067216 to 4066891 (-325 bp)
				Next Alignment: 4066891 4067415 NODE_122_length_919_cov_28.576714_1 525 1

			Previous gap was negative, modifying coordinates to ignore overlap
				Moving contig start from 525 to 199.
			Align 123: 4067217 4067415 NODE_122_length_919_cov_28.576714_1 199 1
				Negative gap (overlap) between this and next alignment: 4067415 to 4067379 (-36 bp)
				Next Alignment: 4067379 4068146 NODE_122_length_919_cov_28.576714_1 967 200

			Previous gap was negative, modifying coordinates to ignore overlap
				Moving contig start from 967 to 930.
			Align 124: 4067416 4068146 NODE_122_length_919_cov_28.576714_1 930 200
				Gap between this and next alignment: 4068146 to 4068309 (162 bp)
				Next Alignment: 4068309 4093606 NODE_44_length_286691_cov_39.499229_1 1 25299

			Align 125: 4068309 4093606 NODE_44_length_286691_cov_39.499229_1 1 25299
				Negative gap (overlap) between this and next alignment: 4093606 to 4093601 (-5 bp)
				Next Alignment: 4093601 4119794 NODE_44_length_286691_cov_39.499229_1 25234 51427

			Previous gap was negative, modifying coordinates to ignore overlap
				Moving contig start from 25234 to 25240.
			Align 126: 4093607 4119794 NODE_44_length_286691_cov_39.499229_1 25240 51427
				Gap between this and next alignment: 4119794 to 4119797 (2 bp)
				Next Alignment: 4119797 4144799 NODE_44_length_286691_cov_39.499229_2 1 25003

			Align 127: 4119797 4144799 NODE_44_length_286691_cov_39.499229_2 1 25003
				Gap between this and next alignment: 4144799 to 4147042 (2242 bp)
				Next Alignment: 4147042 4148686 NODE_44_length_286691_cov_39.499229_2 25002 26646

			Align 128: 4147042 4148686 NODE_44_length_286691_cov_39.499229_2 25002 26646
				Gap between this and next alignment: 4148686 to 4148806 (119 bp)
				Next Alignment: 4148806 4226359 NODE_44_length_286691_cov_39.499229_3 1 77521

			Align 129: 4148806 4226359 NODE_44_length_286691_cov_39.499229_3 1 77521
				Gap between this and next alignment: 4226359 to 4226370 (10 bp)
				Next Alignment: 4226370 4245631 NODE_44_length_286691_cov_39.499229_4 1 19261

			Align 130: 4226370 4245631 NODE_44_length_286691_cov_39.499229_4 1 19261
				Gap between this and next alignment: 4245631 to 4245634 (2 bp)
				Next Alignment: 4245634 4258165 NODE_44_length_286691_cov_39.499229_5 1 12532

			Align 131: 4245634 4258165 NODE_44_length_286691_cov_39.499229_5 1 12532
				Negative gap (overlap) between this and next alignment: 4258165 to 4258165 (0 bp)
				Next Alignment: 4258165 4346716 NODE_44_length_286691_cov_39.499229_6 1 88552

			Previous gap was negative, modifying coordinates to ignore overlap
				Moving contig start from 1 to 2.
			Align 132: 4258166 4346716 NODE_44_length_286691_cov_39.499229_6 2 88552
				Gap between this and next alignment: 4346716 to 4346726 (9 bp)
				Next Alignment: 4346726 4356708 NODE_44_length_286691_cov_39.499229_7 1 9983

			Align 133: 4346726 4356708 NODE_44_length_286691_cov_39.499229_7 1 9983
				Gap between this and next alignment: 4356708 to 4357451 (742 bp)
				Next Alignment: 4357451 4369631 NODE_46_length_16257_cov_36.706097_2 12181 1

			Align 134: 4357451 4369631 NODE_46_length_16257_cov_36.706097_2 12181 1
				Gap between this and next alignment: 4369631 to 4369646 (14 bp)
				Next Alignment: 4369646 4373580 NODE_46_length_16257_cov_36.706097_1 3935 1

			Align 135: 4369646 4373580 NODE_46_length_16257_cov_36.706097_1 3935 1
				Negative gap (overlap) between this and next alignment: 4373580 to 4373552 (-28 bp)
				Next Alignment: 4373552 4394614 NODE_30_length_248261_cov_38.973003_1 1 21063

			Previous gap was negative, modifying coordinates to ignore overlap
				Moving contig start from 1 to 30.
			Align 136: 4373581 4394614 NODE_30_length_248261_cov_38.973003_1 30 21063
				Negative gap (overlap) between this and next alignment: 4394614 to 4394570 (-44 bp)
				Next Alignment: 4394570 4493619 NODE_30_length_248261_cov_38.973003_1 32945 131995

			Previous gap was negative, modifying coordinates to ignore overlap
				Moving contig start from 32945 to 32990.
			Align 137: 4394615 4493619 NODE_30_length_248261_cov_38.973003_1 32990 131995
				Gap between this and next alignment: 4493619 to 4493630 (10 bp)
				Next Alignment: 4493630 4550213 NODE_30_length_248261_cov_38.973003_2 1 56584

			Align 138: 4493630 4550213 NODE_30_length_248261_cov_38.973003_2 1 56584
				Negative gap (overlap) between this and next alignment: 4550213 to 4550212 (-1 bp)
				Next Alignment: 4550212 4566391 NODE_30_length_248261_cov_38.973003_3 1 16180

			Previous gap was negative, modifying coordinates to ignore overlap
				Moving contig start from 1 to 3.
			Align 139: 4550214 4566391 NODE_30_length_248261_cov_38.973003_3 3 16180
				Gap between this and next alignment: 4566391 to 4566393 (1 bp)
				Next Alignment: 4566393 4609447 NODE_30_length_248261_cov_38.973003_4 1 43055

			Align 140: 4566393 4609447 NODE_30_length_248261_cov_38.973003_4 1 43055
				Negative gap (overlap) between this and next alignment: 4609447 to 4609403 (-44 bp)
				Next Alignment: 4609403 4620236 NODE_13_length_10786_cov_42.077229_1 10834 1

			Previous gap was negative, modifying coordinates to ignore overlap
				Moving contig start from 10834 to 10789.
			Align 141: 4609448 4620236 NODE_13_length_10786_cov_42.077229_1 10789 1
				Gap between this and next alignment: 4620236 to 4620255 (18 bp)
				Next Alignment: 4620255 4767402 NODE_10_length_147100_cov_40.162033_1 1 147148

			Align 142: 4620255 4767402 NODE_10_length_147100_cov_40.162033_1 1 147148
				Gap between this and next alignment: 4767402 to 4767610 (207 bp)
				Next Alignment: 4767610 4774507 NODE_108_length_6850_cov_37.149925_1 6898 1

			Align 143: 4767610 4774507 NODE_108_length_6850_cov_37.149925_1 6898 1
				Gap between this and next alignment: 4774507 to 4774751 (243 bp)
				Next Alignment: 4774751 4793726 NODE_2_length_18928_cov_41.174767_1 1 18976

			Align 144: 4774751 4793726 NODE_2_length_18928_cov_41.174767_1 1 18976
				Gap between this and next alignment: 4793726 to 4793934 (207 bp)
				Next Alignment: 4793934 4797576 NODE_84_length_3595_cov_36.152435_1 3643 1

			Align 145: 4793934 4797576 NODE_84_length_3595_cov_36.152435_1 3643 1
				Gap between this and next alignment: 4797576 to 4797820 (243 bp)
				Next Alignment: 4797820 4913521 NODE_141_length_115654_cov_39.587166_1 115702 1

			Align 146: 4797820 4913521 NODE_141_length_115654_cov_39.587166_1 115702 1
				Gap between this and next alignment: 4913521 to 4913738 (216 bp)
				Next Alignment: 4913738 4954544 NODE_26_length_121228_cov_39.501816_1 1 40806

			Align 147: 4913738 4954544 NODE_26_length_121228_cov_39.501816_1 1 40806
				Gap between this and next alignment: 4954544 to 4954641 (96 bp)
				Next Alignment: 4954641 5024486 NODE_26_length_121228_cov_39.501816_2 1 69846

			Align 148: 4954641 5024486 NODE_26_length_121228_cov_39.501816_2 1 69846
				Gap between this and next alignment: 5024486 to 5024536 (49 bp)
				Next Alignment: 5024536 5034721 NODE_26_length_121228_cov_39.501816_3 1 10186

			Align 149: 5024536 5034721 NODE_26_length_121228_cov_39.501816_3 1 10186
				Negative gap (overlap) between this and next alignment: 5034721 to 5034708 (-13 bp)
				Next Alignment: 5034708 5067172 NODE_25_length_61030_cov_38.703262_2 53445 20981

			Previous gap was negative, modifying coordinates to ignore overlap
				Moving contig start from 53445 to 53431.
			Align 150: 5034722 5067172 NODE_25_length_61030_cov_38.703262_2 53431 20981
			END in current alignment.  Modifying 5067172 to 5067172.

Analysis is finished!
Founded SNPs were written into /usit/invitro/data/galaxy/master/sabbai/galaxy-dist/database/job_working_directory/000/726/dataset_763_files/contigs_reports/nucmer_output/MA-H-Velvet.used_snps

Results:
	Local Misassemblies: 9
	Misassemblies: 4
		Relocations: 4
		Translocations: 0
		Inversions: 0
	Misassembled Contigs: 4
	Misassembled Contig Bases: 215454
	Misassmblies Inter-Contig Overlap: 81324
Uncovered Regions: 0 (0)
Unaligned Contigs: 0 + 2 part
Partially Unaligned Contigs with Misassemblies: 2
Unaligned Contig Bases: 66112

Ambiguously Mapped Contigs: 3
Total Bases in Ambiguously Mapped Contigs: 2288
Note that --allow-ambiguity option was set to "one" and only first alignment per each contig was used.

	Covered Bases: 4989501

	SNPs: 152
	Insertions: 23
	Deletions: 214

	Positive Gaps: 115
		Internal Gaps:  3
		External Gaps:  112
		External Gap Total:  72686
		External Gap Average: 649
	Negative Gaps: 33
		Internal Overlaps:  9
		External Overlaps:  24
		External Overlaps Total: -1068
		External Overlaps Average: -44
	Contigs with Redundant Alignments: 1 (744)
