Contig Stats
Total units: 142
Reference: 4033464
BasesInFasta: 3848582
Min: 1104
Max: 224340
N10: 148496 COUNT: 3
N25: 112316 COUNT: 7
N50: 55585 COUNT: 22
N75: 25091 COUNT: 49
E-size:69781.63

Genome Size: 4033464
Assembly Size: 3848582
Chaff bases: 0
Missing Reference Bases: 148446(3.68%)
Missing Assembly Bases: 143(0.00%)
Missing Assembly Contigs: 0(0.00%)
Duplicated Reference Bases: 529
Compressed Reference Bases: 49626
Bad Trim: 143
Avg Idy: 99.98
SNPs: 159
Indels < 5bp: 222
Indels >= 5: 9
Inversions: 1
Relocation: 10
Translocation: 2

Corrected Contig Stats
Total units: 162
Reference: 4033464
BasesInFasta: 3849787
Min: 554
Max: 206196
N10: 148507 COUNT: 3
N25: 93899 COUNT: 8
N50: 50679 COUNT: 23
N75: 24037 COUNT: 52
E-size:66138.38

