Aligning contigs to reference...
	Running Nucmer...
Parsing coords...
Loading Assembly...
Loading reference...
	Loaded [gi|169627108|ref|NC_010397.1|_Mycobacterium_abscessus_chromosome__complete_sequence]
	Loaded [gi|169786809|ref|NC_010394.1|_Mycobacterium_abscessus_plasmid__complete_sequence]
Loading SNPs...
Loading regions...
	No regions given, using whole reference.
	Total Regions: 2
	Total Region Length: 5090491
Analyzing contigs...
CONTIG: NODE_892_length_28178_cov_24.6737 (28178bp)
Top Length: 28178  Top ID: 99.99
		One align captures most of this contig: 2493491 2521668 | 28178 1 | 28178 28178 | 99.99 | gi|169627108|ref|NC_010397.1|_Mycobacterium_abscessus_chromosome__complete_sequence NODE_892_length_28178_cov_24.6737

CONTIG: NODE_907_length_5485_cov_107.055 (5485bp)
		This contig is unaligned. (5485 bp)
		Unaligned bases: 5485  total: 5485

CONTIG: NODE_855_length_2744_cov_22.9206 (2744bp)
Top Length: 2744  Top ID: 100.0
		One align captures most of this contig: 455500 458243 | 1 2744 | 2744 2744 | 100.0 | gi|169627108|ref|NC_010397.1|_Mycobacterium_abscessus_chromosome__complete_sequence NODE_855_length_2744_cov_22.9206

CONTIG: NODE_893_length_75804_cov_24.5157 (75804bp)
Top Length: 75804  Top ID: 99.94
		Marking as insignificant: 1963605 1963703 | 75706 75804 | 99 99 | 100.0 | gi|169627108|ref|NC_010397.1|_Mycobacterium_abscessus_chromosome__complete_sequence NODE_893_length_75804_cov_24.5157
		One align captures most of this contig: 2521570 2597367 | 75804 1 | 75798 75804 | 99.94 | gi|169627108|ref|NC_010397.1|_Mycobacterium_abscessus_chromosome__complete_sequence NODE_893_length_75804_cov_24.5157

CONTIG: NODE_901_length_301294_cov_25.0535 (301294bp)
Top Length: 301294  Top ID: 99.98
		Marking as insignificant: 756205 756544 | 1 340 | 340 340 | 99.41 | gi|169627108|ref|NC_010397.1|_Mycobacterium_abscessus_chromosome__complete_sequence NODE_901_length_301294_cov_25.0535
		One align captures most of this contig: 2597319 2898557 | 1 301294 | 301239 301294 | 99.98 | gi|169627108|ref|NC_010397.1|_Mycobacterium_abscessus_chromosome__complete_sequence NODE_901_length_301294_cov_25.0535

CONTIG: NODE_719_length_712_cov_1.16966 (712bp)
		This contig is unaligned. (712 bp)
		Unaligned bases: 712  total: 6197

CONTIG: NODE_871_length_5676_cov_25.1852 (5676bp)
Top Length: 5577  Top ID: 99.98
		This contig is misassembled. 2 total aligns.
			Real Alignment 1: 416315 416413 | 99 1 | 99 99 | 100.0 | gi|169627108|ref|NC_010397.1|_Mycobacterium_abscessus_chromosome__complete_sequence NODE_871_length_5676_cov_25.1852
			  Extensive misassembly ( relocation, inconsistency = 47500 ) between these two alignments
			Real Alignment 2: 458238 463814 | 5676 100 | 5577 5577 | 99.98 | gi|169627108|ref|NC_010397.1|_Mycobacterium_abscessus_chromosome__complete_sequence NODE_871_length_5676_cov_25.1852

CONTIG: NODE_880_length_1082_cov_21.8444 (1082bp)
Top Length: 1082  Top ID: 99.45
		Marking as insignificant: 45805 46412 | 608 1 | 608 608 | 97.2 | gi|169627108|ref|NC_010397.1|_Mycobacterium_abscessus_chromosome__complete_sequence NODE_880_length_1082_cov_21.8444
		Marking as insignificant: 669878 670485 | 608 1 | 608 608 | 97.37 | gi|169627108|ref|NC_010397.1|_Mycobacterium_abscessus_chromosome__complete_sequence NODE_880_length_1082_cov_21.8444
		One align captures most of this contig: 2251297 2252378 | 1 1082 | 1082 1082 | 99.45 | gi|169627108|ref|NC_010397.1|_Mycobacterium_abscessus_chromosome__complete_sequence NODE_880_length_1082_cov_21.8444

CONTIG: NODE_870_length_19952_cov_25.3936 (19952bp)
Top Length: 19856  Top ID: 99.99
		Marking as insignificant: 285675 285773 | 99 1 | 99 99 | 100.0 | gi|169627108|ref|NC_010397.1|_Mycobacterium_abscessus_chromosome__complete_sequence NODE_870_length_19952_cov_25.3936
		One align captures most of this contig: 1016660 1036515 | 19952 97 | 19856 19856 | 99.99 | gi|169627108|ref|NC_010397.1|_Mycobacterium_abscessus_chromosome__complete_sequence NODE_870_length_19952_cov_25.3936

CONTIG: NODE_894_length_83438_cov_26.7147 (83438bp)
Top Length: 74223  Top ID: 99.97
		Skipping redundant alignment 2251290 2251395 | 83333 83438 | 106 106 | 100.0 | gi|169627108|ref|NC_010397.1|_Mycobacterium_abscessus_chromosome__complete_sequence NODE_894_length_83438_cov_26.7147
		Skipping redundant alignment 46314 46412 | 83438 83340 | 99 99 | 100.0 | gi|169627108|ref|NC_010397.1|_Mycobacterium_abscessus_chromosome__complete_sequence NODE_894_length_83438_cov_26.7147
		This contig is misassembled. 4 total aligns.
			Real Alignment 1: 670387 679603 | 83438 74222 | 9217 9217 | 99.99 | gi|169627108|ref|NC_010397.1|_Mycobacterium_abscessus_chromosome__complete_sequence NODE_894_length_83438_cov_26.7147
			  Extensive misassembly ( relocation, inconsistency = 2429 ) between these two alignments
			Real Alignment 2: 682031 756253 | 74223 1 | 74223 74223 | 99.97 | gi|169627108|ref|NC_010397.1|_Mycobacterium_abscessus_chromosome__complete_sequence NODE_894_length_83438_cov_26.7147

CONTIG: NODE_899_length_3669_cov_26.6443 (3669bp)
Top Length: 3669  Top ID: 100.0
		Marking as insignificant: 4774146 4774269 | 3546 3669 | 124 124 | 95.97 | gi|169627108|ref|NC_010397.1|_Mycobacterium_abscessus_chromosome__complete_sequence NODE_899_length_3669_cov_26.6443
		Marking as insignificant: 4773824 4773995 | 3224 3395 | 172 172 | 96.51 | gi|169627108|ref|NC_010397.1|_Mycobacterium_abscessus_chromosome__complete_sequence NODE_899_length_3669_cov_26.6443
		One align captures most of this contig: 4793679 4797347 | 1 3669 | 3669 3669 | 100.0 | gi|169627108|ref|NC_010397.1|_Mycobacterium_abscessus_chromosome__complete_sequence NODE_899_length_3669_cov_26.6443

CONTIG: NODE_868_length_63555_cov_28.1635 (63555bp)
Top Length: 63472  Top ID: 99.99
		Marking as insignificant: 2251297 2251395 | 63457 63555 | 99 99 | 100.0 | gi|169627108|ref|NC_010397.1|_Mycobacterium_abscessus_chromosome__complete_sequence NODE_868_length_63555_cov_28.1635
		Marking as insignificant: 1334524 1334622 | 99 1 | 99 99 | 100.0 | gi|169627108|ref|NC_010397.1|_Mycobacterium_abscessus_chromosome__complete_sequence NODE_868_length_63555_cov_28.1635
		Marking as insignificant: 670387 670485 | 63555 63457 | 99 99 | 100.0 | gi|169627108|ref|NC_010397.1|_Mycobacterium_abscessus_chromosome__complete_sequence NODE_868_length_63555_cov_28.1635
		One align captures most of this contig: 46314 109787 | 63555 84 | 63474 63472 | 99.99 | gi|169627108|ref|NC_010397.1|_Mycobacterium_abscessus_chromosome__complete_sequence NODE_868_length_63555_cov_28.1635

CONTIG: NODE_857_length_26233_cov_24.9937 (26233bp)
Top Length: 26233  Top ID: 100.0
		One align captures most of this contig: 1278936 1305168 | 1 26233 | 26233 26233 | 100.0 | gi|169627108|ref|NC_010397.1|_Mycobacterium_abscessus_chromosome__complete_sequence NODE_857_length_26233_cov_24.9937

CONTIG: NODE_856_length_70997_cov_26.7453 (70997bp)
Top Length: 70997  Top ID: 100.0
		One align captures most of this contig: 1206088 1277084 | 1 70997 | 70997 70997 | 100.0 | gi|169627108|ref|NC_010397.1|_Mycobacterium_abscessus_chromosome__complete_sequence NODE_856_length_70997_cov_26.7453

CONTIG: NODE_863_length_147859_cov_25.6842 (147859bp)
Top Length: 147859  Top ID: 99.99
		Marking as insignificant: 3020691 3020798 | 147859 147752 | 108 108 | 98.15 | gi|169627108|ref|NC_010397.1|_Mycobacterium_abscessus_chromosome__complete_sequence NODE_863_length_147859_cov_25.6842
		One align captures most of this contig: 3024308 3172166 | 147859 1 | 147859 147859 | 99.99 | gi|169627108|ref|NC_010397.1|_Mycobacterium_abscessus_chromosome__complete_sequence NODE_863_length_147859_cov_25.6842

CONTIG: NODE_735_length_528_cov_1.14918 (528bp)
		This contig is unaligned. (528 bp)
		Unaligned bases: 528  total: 6725

CONTIG: NODE_889_length_1579_cov_16.0365 (1579bp)
Top Length: 1579  Top ID: 97.72
		Marking as insignificant: 45274 45430 | 1421 1577 | 157 157 | 100.0 | gi|169627108|ref|NC_010397.1|_Mycobacterium_abscessus_chromosome__complete_sequence NODE_889_length_1579_cov_16.0365
		One align captures most of this contig: 2252302 2253880 | 1579 1 | 1579 1579 | 97.72 | gi|169627108|ref|NC_010397.1|_Mycobacterium_abscessus_chromosome__complete_sequence NODE_889_length_1579_cov_16.0365

CONTIG: NODE_895_length_245724_cov_25.4117 (245724bp)
Top Length: 245724  Top ID: 99.99
		Marking as insignificant: 46314 46412 | 1 99 | 99 99 | 100.0 | gi|169627108|ref|NC_010397.1|_Mycobacterium_abscessus_chromosome__complete_sequence NODE_895_length_245724_cov_25.4117
		Marking as insignificant: 670387 670492 | 1 106 | 106 106 | 100.0 | gi|169627108|ref|NC_010397.1|_Mycobacterium_abscessus_chromosome__complete_sequence NODE_895_length_245724_cov_25.4117
		One align captures most of this contig: 2005672 2251395 | 245724 1 | 245724 245724 | 99.99 | gi|169627108|ref|NC_010397.1|_Mycobacterium_abscessus_chromosome__complete_sequence NODE_895_length_245724_cov_25.4117

CONTIG: NODE_876_length_19607_cov_27.8025 (19607bp)
Top Length: 19607  Top ID: 100.0
		Marking as insignificant: 4767355 4767453 | 19509 19607 | 99 99 | 100.0 | gi|169627108|ref|NC_010397.1|_Mycobacterium_abscessus_chromosome__complete_sequence NODE_876_length_19607_cov_27.8025
		One align captures most of this contig: 4774171 4793777 | 1 19607 | 19607 19607 | 100.0 | gi|169627108|ref|NC_010397.1|_Mycobacterium_abscessus_chromosome__complete_sequence NODE_876_length_19607_cov_27.8025

CONTIG: NODE_706_length_507_cov_1.12255 (507bp)
		This contig is unaligned. (507 bp)
		Unaligned bases: 507  total: 7232

CONTIG: NODE_897_length_166697_cov_24.9692 (166697bp)
Top Length: 66087  Top ID: 99.99
		This contig is misassembled. 2 total aligns.
			Real Alignment 1: 1036664 1102750 | 166697 100611 | 66087 66087 | 99.99 | gi|169627108|ref|NC_010397.1|_Mycobacterium_abscessus_chromosome__complete_sequence NODE_897_length_166697_cov_24.9692
			  Extensive misassembly ( relocation, inconsistency = -54251 ) between these two alignments
			Real Alignment 2: 1102713 1149109 | 46397 1 | 46397 46397 | 100.0 | gi|169627108|ref|NC_010397.1|_Mycobacterium_abscessus_chromosome__complete_sequence NODE_897_length_166697_cov_24.9692

CONTIG: NODE_900_length_6915_cov_25.5688 (6915bp)
Top Length: 6915  Top ID: 99.99
		Marking as insignificant: 4797224 4797347 | 6792 6915 | 124 124 | 95.97 | gi|169627108|ref|NC_010397.1|_Mycobacterium_abscessus_chromosome__complete_sequence NODE_900_length_6915_cov_25.5688
		Marking as insignificant: 4796902 4797073 | 6470 6641 | 172 172 | 96.51 | gi|169627108|ref|NC_010397.1|_Mycobacterium_abscessus_chromosome__complete_sequence NODE_900_length_6915_cov_25.5688
		One align captures most of this contig: 4767355 4774269 | 1 6915 | 6915 6915 | 99.99 | gi|169627108|ref|NC_010397.1|_Mycobacterium_abscessus_chromosome__complete_sequence NODE_900_length_6915_cov_25.5688

CONTIG: NODE_878_length_1058_cov_19.9447 (1058bp)
Top Length: 1058  Top ID: 99.34
		Marking as insignificant: 2251297 2251904 | 1 608 | 608 608 | 97.37 | gi|169627108|ref|NC_010397.1|_Mycobacterium_abscessus_chromosome__complete_sequence NODE_878_length_1058_cov_19.9447
		Marking as insignificant: 669875 670485 | 611 1 | 611 611 | 99.02 | gi|169627108|ref|NC_010397.1|_Mycobacterium_abscessus_chromosome__complete_sequence NODE_878_length_1058_cov_19.9447
		One align captures most of this contig: 45355 46412 | 1058 1 | 1058 1058 | 99.34 | gi|169627108|ref|NC_010397.1|_Mycobacterium_abscessus_chromosome__complete_sequence NODE_878_length_1058_cov_19.9447

CONTIG: NODE_97_length_544_cov_1.32584 (544bp)
		This contig is unaligned. (544 bp)
		Unaligned bases: 544  total: 7776

CONTIG: NODE_770_length_631_cov_0.934211 (631bp)
		This contig is unaligned. (631 bp)
		Unaligned bases: 631  total: 8407

CONTIG: NODE_884_length_79875_cov_26.4282 (79875bp)
Top Length: 79875  Top ID: 99.97
		One align captures most of this contig: 1305219 1385093 | 79875 1 | 79875 79875 | 99.97 | gi|169627108|ref|NC_010397.1|_Mycobacterium_abscessus_chromosome__complete_sequence NODE_884_length_79875_cov_26.4282

CONTIG: NODE_873_length_2049_cov_31.5754 (2049bp)
Top Length: 2049  Top ID: 98.0
		Marking as insignificant: 453517 455598 | 1 2049 | 2082 2049 | 96.21 | gi|169627108|ref|NC_010397.1|_Mycobacterium_abscessus_chromosome__complete_sequence NODE_873_length_2049_cov_31.5754
		One align captures most of this contig: 1276986 1279034 | 2049 1 | 2049 2049 | 98.0 | gi|169627108|ref|NC_010397.1|_Mycobacterium_abscessus_chromosome__complete_sequence NODE_873_length_2049_cov_31.5754

CONTIG: NODE_835_length_514_cov_0.819277 (514bp)
		This contig is unaligned. (514 bp)
		Unaligned bases: 514  total: 8921

CONTIG: NODE_898_length_80216_cov_25.05 (80216bp)
Top Length: 80216  Top ID: 99.99
		Marking as insignificant: 560013 560590 | 1 578 | 578 578 | 99.48 | gi|169627108|ref|NC_010397.1|_Mycobacterium_abscessus_chromosome__complete_sequence NODE_898_length_80216_cov_25.05
		One align captures most of this contig: 3172221 3252436 | 80216 1 | 80216 80216 | 99.99 | gi|169627108|ref|NC_010397.1|_Mycobacterium_abscessus_chromosome__complete_sequence NODE_898_length_80216_cov_25.05

CONTIG: NODE_862_length_108178_cov_26.4115 (108178bp)
Top Length: 89745  Top ID: 100.0
		Skipping redundant alignment 3252338 3252466 | 1 129 | 129 129 | 99.22 | gi|169627108|ref|NC_010397.1|_Mycobacterium_abscessus_chromosome__complete_sequence NODE_862_length_108178_cov_26.4115
		This contig is misassembled. 3 total aligns.
			Real Alignment 1: 463835 470368 | 108178 101645 | 6534 6534 | 100.0 | gi|169627108|ref|NC_010397.1|_Mycobacterium_abscessus_chromosome__complete_sequence NODE_862_length_108178_cov_26.4115
			  Extensive misassembly ( relocation, inconsistency = -11901 ) between these two alignments
			Real Alignment 2: 470367 560111 | 89745 1 | 89745 89745 | 100.0 | gi|169627108|ref|NC_010397.1|_Mycobacterium_abscessus_chromosome__complete_sequence NODE_862_length_108178_cov_26.4115

CONTIG: NODE_858_length_32774_cov_25.6062 (32774bp)
Top Length: 32774  Top ID: 100.0
		One align captures most of this contig: 1972929 2005702 | 1 32774 | 32774 32774 | 100.0 | gi|169627108|ref|NC_010397.1|_Mycobacterium_abscessus_chromosome__complete_sequence NODE_858_length_32774_cov_25.6062

CONTIG: NODE_865_length_274731_cov_25.9193 (274731bp)
Top Length: 225649  Top ID: 99.99
		This contig is misassembled. 2 total aligns.
			Real Alignment 1: 4357414 4394614 | 274731 237531 | 37201 37201 | 100.0 | gi|169627108|ref|NC_010397.1|_Mycobacterium_abscessus_chromosome__complete_sequence NODE_865_length_274731_cov_25.9193
			  Extensive misassembly ( relocation, inconsistency = -11926 ) between these two alignments
			Real Alignment 2: 4394570 4620217 | 225649 1 | 225648 225649 | 99.99 | gi|169627108|ref|NC_010397.1|_Mycobacterium_abscessus_chromosome__complete_sequence NODE_865_length_274731_cov_25.9193

CONTIG: NODE_561_length_593_cov_1.17206 (593bp)
		This contig is unaligned. (593 bp)
		Unaligned bases: 593  total: 9514

CONTIG: NODE_882_length_3722_cov_22.7668 (3722bp)
Top Length: 3722  Top ID: 99.03
		One align captures most of this contig: 3020691 3024406 | 3722 1 | 3716 3722 | 99.03 | gi|169627108|ref|NC_010397.1|_Mycobacterium_abscessus_chromosome__complete_sequence NODE_882_length_3722_cov_22.7668

CONTIG: NODE_811_length_511_cov_0.890777 (511bp)
		This contig is unaligned. (511 bp)
		Unaligned bases: 511  total: 10025

CONTIG: NODE_887_length_215400_cov_25.5327 (215400bp)
Top Length: 215399  Top ID: 99.99
		One align captures most of this contig: 3377220 3592618 | 215400 2 | 215399 215399 | 99.99 | gi|169627108|ref|NC_010397.1|_Mycobacterium_abscessus_chromosome__complete_sequence NODE_887_length_215400_cov_25.5327

CONTIG: NODE_771_length_503_cov_1.15099 (503bp)
		This contig is unaligned. (503 bp)
		Unaligned bases: 503  total: 10528

CONTIG: NODE_902_length_33766_cov_25.9277 (33766bp)
Top Length: 33766  Top ID: 99.99
		Marking as insignificant: 2597319 2597658 | 1 340 | 340 340 | 99.41 | gi|169627108|ref|NC_010397.1|_Mycobacterium_abscessus_chromosome__complete_sequence NODE_902_length_33766_cov_25.9277
		One align captures most of this contig: 756205 789970 | 1 33766 | 33766 33766 | 99.99 | gi|169627108|ref|NC_010397.1|_Mycobacterium_abscessus_chromosome__complete_sequence NODE_902_length_33766_cov_25.9277

CONTIG: NODE_891_length_9298_cov_26.261 (9298bp)
Top Length: 9298  Top ID: 100.0
		One align captures most of this contig: 1963605 1972902 | 1 9298 | 9298 9298 | 100.0 | gi|169627108|ref|NC_010397.1|_Mycobacterium_abscessus_chromosome__complete_sequence NODE_891_length_9298_cov_26.261

CONTIG: NODE_872_length_286874_cov_26.2457 (286874bp)
Top Length: 209896  Top ID: 99.99
		Skipping redundant alignment 4066891 4067216 | 1 326 | 326 326 | 99.69 | gi|169627108|ref|NC_010397.1|_Mycobacterium_abscessus_chromosome__complete_sequence NODE_872_length_286874_cov_26.2457
		This contig is misassembled. 3 total aligns.
			Real Alignment 1: 4067821 4144799 | 1 76980 | 76979 76980 | 99.99 | gi|169627108|ref|NC_010397.1|_Mycobacterium_abscessus_chromosome__complete_sequence NODE_872_length_286874_cov_26.2457
			  Extensive misassembly ( relocation, inconsistency = 2244 ) between these two alignments
			Real Alignment 2: 4147042 4356938 | 76979 286874 | 209897 209896 | 99.99 | gi|169627108|ref|NC_010397.1|_Mycobacterium_abscessus_chromosome__complete_sequence NODE_872_length_286874_cov_26.2457

CONTIG: NODE_866_length_124927_cov_24.8411 (124927bp)
Top Length: 97172  Top ID: 99.99
		Skipping redundant alignment 559983 560111 | 129 1 | 129 129 | 99.22 | gi|169627108|ref|NC_010397.1|_Mycobacterium_abscessus_chromosome__complete_sequence NODE_866_length_124927_cov_24.8411
		This contig is misassembled. 3 total aligns.
			Real Alignment 1: 3252338 3349503 | 1 97172 | 97166 97172 | 99.99 | gi|169627108|ref|NC_010397.1|_Mycobacterium_abscessus_chromosome__complete_sequence NODE_866_length_124927_cov_24.8411
			  Gap between these two alignments (local misassembly). Inconsistency = 6
			Real Alignment 2: 3329503 3377258 | 77166 124927 | 47756 47762 | 99.98 | gi|169627108|ref|NC_010397.1|_Mycobacterium_abscessus_chromosome__complete_sequence NODE_866_length_124927_cov_24.8411

CONTIG: NODE_883_length_122266_cov_25.5818 (122266bp)
Top Length: 122226  Top ID: 99.99
		One align captures most of this contig: 2898561 3020789 | 122226 1 | 122229 122226 | 99.99 | gi|169627108|ref|NC_010397.1|_Mycobacterium_abscessus_chromosome__complete_sequence NODE_883_length_122266_cov_25.5818

CONTIG: NODE_905_length_179738_cov_25.9188 (179738bp)
Top Length: 150520  Top ID: 99.98
		This contig is misassembled. 2 total aligns.
			Real Alignment 1: 836433 986952 | 1 150520 | 150520 150520 | 99.98 | gi|169627108|ref|NC_010397.1|_Mycobacterium_abscessus_chromosome__complete_sequence NODE_905_length_179738_cov_25.9188
			  Gap between these two alignments (local misassembly). Inconsistency = 483
			Real Alignment 2: 987107 1016653 | 150192 179738 | 29547 29547 | 99.99 | gi|169627108|ref|NC_010397.1|_Mycobacterium_abscessus_chromosome__complete_sequence NODE_905_length_179738_cov_25.9188

CONTIG: NODE_860_length_144526_cov_25.9225 (144526bp)
Top Length: 144431  Top ID: 100.0
		Marking as insignificant: 676400 676507 | 144419 144526 | 108 108 | 98.15 | gi|169627108|ref|NC_010397.1|_Mycobacterium_abscessus_chromosome__complete_sequence NODE_860_length_144526_cov_25.9225
		One align captures most of this contig: 2348963 2493393 | 1 144431 | 144431 144431 | 100.0 | gi|169627108|ref|NC_010397.1|_Mycobacterium_abscessus_chromosome__complete_sequence NODE_860_length_144526_cov_25.9225

CONTIG: NODE_626_length_551_cov_1.24115 (551bp)
		This contig is unaligned. (551 bp)
		Unaligned bases: 551  total: 11079

CONTIG: NODE_861_length_46484_cov_23.7405 (46484bp)
Top Length: 46484  Top ID: 100.0
		One align captures most of this contig: 789956 836439 | 46484 1 | 46484 46484 | 100.0 | gi|169627108|ref|NC_010397.1|_Mycobacterium_abscessus_chromosome__complete_sequence NODE_861_length_46484_cov_23.7405

CONTIG: NODE_867_length_474384_cov_26.0135 (474384bp)
Top Length: 474384  Top ID: 99.99
		Marking as insignificant: 4067821 4067919 | 474286 474384 | 99 99 | 100.0 | gi|169627108|ref|NC_010397.1|_Mycobacterium_abscessus_chromosome__complete_sequence NODE_867_length_474384_cov_26.0135
		One align captures most of this contig: 3592605 4066989 | 1 474384 | 474385 474384 | 99.99 | gi|169627108|ref|NC_010397.1|_Mycobacterium_abscessus_chromosome__complete_sequence NODE_867_length_474384_cov_26.0135

CONTIG: NODE_886_length_95280_cov_25.5385 (95280bp)
Top Length: 95280  Top ID: 99.99
		Marking as insignificant: 43854 43961 | 95173 95280 | 108 108 | 98.15 | gi|169627108|ref|NC_010397.1|_Mycobacterium_abscessus_chromosome__complete_sequence NODE_886_length_95280_cov_25.5385
		Marking as insignificant: 1149011 1149409 | 1 399 | 399 399 | 97.24 | gi|169627108|ref|NC_010397.1|_Mycobacterium_abscessus_chromosome__complete_sequence NODE_886_length_95280_cov_25.5385
		One align captures most of this contig: 2253782 2349061 | 95280 1 | 95280 95280 | 99.99 | gi|169627108|ref|NC_010397.1|_Mycobacterium_abscessus_chromosome__complete_sequence NODE_886_length_95280_cov_25.5385

CONTIG: NODE_896_length_3016_cov_21.2736 (3016bp)
Top Length: 3016  Top ID: 99.7
		One align captures most of this contig: 4811515 4814530 | 3016 1 | 3016 3016 | 99.7 | gi|169627108|ref|NC_010397.1|_Mycobacterium_abscessus_chromosome__complete_sequence NODE_896_length_3016_cov_21.2736

CONTIG: NODE_879_length_110473_cov_26.9801 (110473bp)
Top Length: 110473  Top ID: 99.99
		Marking as insignificant: 3251859 3252436 | 109896 110473 | 578 578 | 99.48 | gi|169627108|ref|NC_010397.1|_Mycobacterium_abscessus_chromosome__complete_sequence NODE_879_length_110473_cov_26.9801
		Marking as insignificant: 2251297 2251904 | 1 608 | 608 608 | 97.53 | gi|169627108|ref|NC_010397.1|_Mycobacterium_abscessus_chromosome__complete_sequence NODE_879_length_110473_cov_26.9801
		Marking as insignificant: 45802 46412 | 611 1 | 611 611 | 99.02 | gi|169627108|ref|NC_010397.1|_Mycobacterium_abscessus_chromosome__complete_sequence NODE_879_length_110473_cov_26.9801
		One align captures most of this contig: 560013 670485 | 110473 1 | 110473 110473 | 99.99 | gi|169627108|ref|NC_010397.1|_Mycobacterium_abscessus_chromosome__complete_sequence NODE_879_length_110473_cov_26.9801

CONTIG: NODE_890_length_1570_cov_31.2692 (1570bp)
Top Length: 1568  Top ID: 98.34
		Marking as insignificant: 2252302 2252460 | 1570 1412 | 159 159 | 100.0 | gi|169627108|ref|NC_010397.1|_Mycobacterium_abscessus_chromosome__complete_sequence NODE_890_length_1570_cov_31.2692
		One align captures most of this contig: 43863 45430 | 1 1568 | 1568 1568 | 98.34 | gi|169627108|ref|NC_010397.1|_Mycobacterium_abscessus_chromosome__complete_sequence NODE_890_length_1570_cov_31.2692

CONTIG: NODE_908_length_498363_cov_25.4339 (498363bp)
Top Length: 498363  Top ID: 99.99
		One align captures most of this contig: 1394747 1893110 | 1 498363 | 498364 498363 | 99.99 | gi|169627108|ref|NC_010397.1|_Mycobacterium_abscessus_chromosome__complete_sequence NODE_908_length_498363_cov_25.4339

CONTIG: NODE_909_length_76416_cov_26.1629 (76416bp)
Top Length: 43961  Top ID: 100.0
		Skipping redundant alignment 2253782 2253889 | 76416 76309 | 108 108 | 98.15 | gi|169627108|ref|NC_010397.1|_Mycobacterium_abscessus_chromosome__complete_sequence NODE_909_length_76416_cov_26.1629
		This contig is misassembled. 3 total aligns.
			Real Alignment 2: 5034718 5067172 | 1 32455 | 32455 32455 | 100.0 | gi|169627108|ref|NC_010397.1|_Mycobacterium_abscessus_chromosome__complete_sequence NODE_909_length_76416_cov_26.1629
			  Fake misassembly (caused by linear representation of circular genome) between these two alignments
			Real Alignment 1: 1 43961 | 32456 76416 | 43961 43961 | 100.0 | gi|169627108|ref|NC_010397.1|_Mycobacterium_abscessus_chromosome__complete_sequence NODE_909_length_76416_cov_26.1629

CONTIG: NODE_853_length_8900_cov_26.8296 (8900bp)
Top Length: 8900  Top ID: 100.0
		One align captures most of this contig: 1385871 1394770 | 1 8900 | 8900 8900 | 100.0 | gi|169627108|ref|NC_010397.1|_Mycobacterium_abscessus_chromosome__complete_sequence NODE_853_length_8900_cov_26.8296

CONTIG: NODE_586_length_604_cov_1.02772 (604bp)
		This contig is unaligned. (604 bp)
		Unaligned bases: 604  total: 11683

CONTIG: NODE_699_length_746_cov_0.854714 (746bp)
		This contig is unaligned. (746 bp)
		Unaligned bases: 746  total: 12429

CONTIG: NODE_153_length_580_cov_1.22037 (580bp)
		This contig is unaligned. (580 bp)
		Unaligned bases: 580  total: 13009

CONTIG: NODE_877_length_343770_cov_26.3575 (343770bp)
Top Length: 343725  Top ID: 99.99
		One align captures most of this contig: 109890 453615 | 343725 1 | 343726 343725 | 99.99 | gi|169627108|ref|NC_010397.1|_Mycobacterium_abscessus_chromosome__complete_sequence NODE_877_length_343770_cov_26.3575

CONTIG: NODE_784_length_525_cov_1.23005 (525bp)
		This contig is unaligned. (525 bp)
		Unaligned bases: 525  total: 13534

CONTIG: NODE_874_length_2082_cov_27.1291 (2082bp)
Top Length: 2082  Top ID: 99.14
		Marking as insignificant: 1276986 1279034 | 2082 1 | 2049 2082 | 95.1 | gi|169627108|ref|NC_010397.1|_Mycobacterium_abscessus_chromosome__complete_sequence NODE_874_length_2082_cov_27.1291
		One align captures most of this contig: 453517 455598 | 1 2082 | 2082 2082 | 99.14 | gi|169627108|ref|NC_010397.1|_Mycobacterium_abscessus_chromosome__complete_sequence NODE_874_length_2082_cov_27.1291

CONTIG: NODE_854_length_19020_cov_24.6698 (19020bp)
Top Length: 18969  Top ID: 99.99
		Marking as insignificant: 2521570 2521668 | 19020 18922 | 99 99 | 100.0 | gi|169627108|ref|NC_010397.1|_Mycobacterium_abscessus_chromosome__complete_sequence NODE_854_length_19020_cov_24.6698
		One align captures most of this contig: 1944735 1963703 | 52 19020 | 18969 18969 | 99.99 | gi|169627108|ref|NC_010397.1|_Mycobacterium_abscessus_chromosome__complete_sequence NODE_854_length_19020_cov_24.6698

CONTIG: NODE_746_length_787_cov_1.2282 (787bp)
		This contig is unaligned. (787 bp)
		Unaligned bases: 787  total: 14321

CONTIG: NODE_642_length_723_cov_0.794872 (723bp)
		This contig is unaligned. (723 bp)
		Unaligned bases: 723  total: 15044

CONTIG: NODE_885_length_56778_cov_25.7045 (56778bp)
Top Length: 39728  Top ID: 99.99
		Skipping redundant alignment 2348663 2349061 | 399 1 | 399 399 | 97.74 | gi|169627108|ref|NC_010397.1|_Mycobacterium_abscessus_chromosome__complete_sequence NODE_885_length_56778_cov_25.7045
		This contig is misassembled. 3 total aligns.
			Real Alignment 1: 1149011 1166059 | 1 17049 | 17049 17049 | 99.97 | gi|169627108|ref|NC_010397.1|_Mycobacterium_abscessus_chromosome__complete_sequence NODE_885_length_56778_cov_25.7045
			  Gap between these two alignments (local misassembly). Inconsistency = 315
			Real Alignment 2: 1166376 1206103 | 17051 56778 | 39728 39728 | 99.99 | gi|169627108|ref|NC_010397.1|_Mycobacterium_abscessus_chromosome__complete_sequence NODE_885_length_56778_cov_25.7045

CONTIG: NODE_641_length_530_cov_1.15777 (530bp)
		This contig is unaligned. (530 bp)
		Unaligned bases: 530  total: 15574

CONTIG: NODE_864_length_147305_cov_26.4957 (147305bp)
Top Length: 147222  Top ID: 99.99
		Marking as insignificant: 3167463 3167549 | 147219 147305 | 87 87 | 98.85 | gi|169627108|ref|NC_010397.1|_Mycobacterium_abscessus_chromosome__complete_sequence NODE_864_length_147305_cov_26.4957
		Marking as insignificant: 4793679 4793777 | 99 1 | 99 99 | 100.0 | gi|169627108|ref|NC_010397.1|_Mycobacterium_abscessus_chromosome__complete_sequence NODE_864_length_147305_cov_26.4957
		One align captures most of this contig: 4620232 4767453 | 147222 1 | 147222 147222 | 99.99 | gi|169627108|ref|NC_010397.1|_Mycobacterium_abscessus_chromosome__complete_sequence NODE_864_length_147305_cov_26.4957

CONTIG: NODE_875_length_14373_cov_23.8324 (14373bp)
Top Length: 14373  Top ID: 99.53
		Marking as insignificant: 4814048 4814530 | 13891 14373 | 483 483 | 95.65 | gi|169627108|ref|NC_010397.1|_Mycobacterium_abscessus_chromosome__complete_sequence NODE_875_length_14373_cov_23.8324
		Marking as insignificant: 4774171 4774798 | 1 628 | 628 628 | 100.0 | gi|169627108|ref|NC_010397.1|_Mycobacterium_abscessus_chromosome__complete_sequence NODE_875_length_14373_cov_23.8324
		One align captures most of this contig: 4797249 4811613 | 1 14373 | 14365 14373 | 99.53 | gi|169627108|ref|NC_010397.1|_Mycobacterium_abscessus_chromosome__complete_sequence NODE_875_length_14373_cov_23.8324

CONTIG: NODE_881_length_1029_cov_25.3968 (1029bp)
Top Length: 1029  Top ID: 100.0
		Marking as insignificant: 4067821 4068146 | 1 326 | 326 326 | 99.69 | gi|169627108|ref|NC_010397.1|_Mycobacterium_abscessus_chromosome__complete_sequence NODE_881_length_1029_cov_25.3968
		One align captures most of this contig: 4066891 4067919 | 1 1029 | 1029 1029 | 100.0 | gi|169627108|ref|NC_010397.1|_Mycobacterium_abscessus_chromosome__complete_sequence NODE_881_length_1029_cov_25.3968

CONTIG: NODE_904_length_220161_cov_26.0166 (220161bp)
Top Length: 121118  Top ID: 99.99
		Skipping redundant alignment 4811515 4811627 | 220161 220049 | 113 113 | 96.46 | gi|169627108|ref|NC_010397.1|_Mycobacterium_abscessus_chromosome__complete_sequence NODE_904_length_220161_cov_26.0166
		This contig is misassembled. 3 total aligns.
			Real Alignment 1: 4814432 4913715 | 220161 120877 | 99284 99285 | 99.99 | gi|169627108|ref|NC_010397.1|_Mycobacterium_abscessus_chromosome__complete_sequence NODE_904_length_220161_cov_26.0166
			  Gap between these two alignments (local misassembly). Inconsistency = 153
			Real Alignment 2: 4913627 5034745 | 121118 1 | 121119 121118 | 99.99 | gi|169627108|ref|NC_010397.1|_Mycobacterium_abscessus_chromosome__complete_sequence NODE_904_length_220161_cov_26.0166

CONTIG: NODE_859_length_51245_cov_26.1465 (51245bp)
Top Length: 51245  Top ID: 100.0
		One align captures most of this contig: 1893079 1944323 | 1 51245 | 51245 51245 | 100.0 | gi|169627108|ref|NC_010397.1|_Mycobacterium_abscessus_chromosome__complete_sequence NODE_859_length_51245_cov_26.1465

CONTIG: NODE_838_length_503_cov_1.21287 (503bp)
		This contig is unaligned. (503 bp)
		Unaligned bases: 503  total: 16077

CONTIG: NODE_212_length_514_cov_1.0747 (514bp)
		This contig is unaligned. (514 bp)
		Unaligned bases: 514  total: 16591

CONTIG: NODE_888_length_975_cov_23.9692 (975bp)
Top Length: 975  Top ID: 98.67
		One align captures most of this contig: 1384995 1385969 | 975 1 | 975 975 | 98.67 | gi|169627108|ref|NC_010397.1|_Mycobacterium_abscessus_chromosome__complete_sequence NODE_888_length_975_cov_23.9692

Analyzing coverage...
Writing SNPs into /software/galaxy/master/sabbai/galaxy-dist/database/job_working_directory/002/2352/dataset_2434_files/Contig/contigs_reports/nucmer_output/MA-M-Spades-Contig.used_snps
	Reference gi|169627108|ref|NC_010397.1|_Mycobacterium_abscessus_chromosome__complete_sequence: 64 total alignments. 1 total regions.
		Region: 1 to 5067172 (5067172 bp)
			Align 1: 1 43961 NODE_909_length_76416_cov_26.1629 32456 76416
				Negative gap (overlap) between this and next alignment: 43961 to 43863 (-98 bp)
				Next Alignment: 43863 45430 NODE_890_length_1570_cov_31.2692 1 1568

			Previous gap was negative, modifying coordinates to ignore overlap
				Moving contig start from 1 to 100.
			Align 2: 43962 45430 NODE_890_length_1570_cov_31.2692 100 1568
				Negative gap (overlap) between this and next alignment: 45430 to 45355 (-75 bp)
				Next Alignment: 45355 46412 NODE_878_length_1058_cov_19.9447 1058 1

			Previous gap was negative, modifying coordinates to ignore overlap
				Moving contig start from 1058 to 982.
			Align 3: 45431 46412 NODE_878_length_1058_cov_19.9447 982 1
				Negative gap (overlap) between this and next alignment: 46412 to 46314 (-98 bp)
				Next Alignment: 46314 109787 NODE_868_length_63555_cov_28.1635 63555 84

			Previous gap was negative, modifying coordinates to ignore overlap
				Moving contig start from 63555 to 63456.
			Align 4: 46413 109787 NODE_868_length_63555_cov_28.1635 63456 84
				Gap between this and next alignment: 109787 to 109890 (102 bp)
				Next Alignment: 109890 453615 NODE_877_length_343770_cov_26.3575 343725 1

			Align 5: 109890 453615 NODE_877_length_343770_cov_26.3575 343725 1
				The next alignment (416315 416413 NODE_871_length_5676_cov_25.1852 99 1) is redundant. Skipping.
				Negative gap (overlap) between this and next alignment: 453615 to 453517 (-98 bp)
				Next Alignment: 453517 455598 NODE_874_length_2082_cov_27.1291 1 2082

			Previous gap was negative, modifying coordinates to ignore overlap
				Moving contig start from 1 to 100.
			Align 7: 453616 455598 NODE_874_length_2082_cov_27.1291 100 2082
				Negative gap (overlap) between this and next alignment: 455598 to 455500 (-98 bp)
				Next Alignment: 455500 458243 NODE_855_length_2744_cov_22.9206 1 2744

			Previous gap was negative, modifying coordinates to ignore overlap
				Moving contig start from 1 to 100.
			Align 8: 455599 458243 NODE_855_length_2744_cov_22.9206 100 2744
				Negative gap (overlap) between this and next alignment: 458243 to 458238 (-5 bp)
				Next Alignment: 458238 463814 NODE_871_length_5676_cov_25.1852 5676 100

			Previous gap was negative, modifying coordinates to ignore overlap
				Moving contig start from 5676 to 5670.
			Align 9: 458244 463814 NODE_871_length_5676_cov_25.1852 5670 100
				Gap between this and next alignment: 463814 to 463835 (20 bp)
				Next Alignment: 463835 470368 NODE_862_length_108178_cov_26.4115 108178 101645

			Align 10: 463835 470368 NODE_862_length_108178_cov_26.4115 108178 101645
				Negative gap (overlap) between this and next alignment: 470368 to 470367 (-1 bp)
				Next Alignment: 470367 560111 NODE_862_length_108178_cov_26.4115 89745 1

			Previous gap was negative, modifying coordinates to ignore overlap
				Moving contig start from 89745 to 89743.
			Align 11: 470369 560111 NODE_862_length_108178_cov_26.4115 89743 1
				Negative gap (overlap) between this and next alignment: 560111 to 560013 (-98 bp)
				Next Alignment: 560013 670485 NODE_879_length_110473_cov_26.9801 110473 1

			Previous gap was negative, modifying coordinates to ignore overlap
				Moving contig start from 110473 to 110374.
			Align 12: 560112 670485 NODE_879_length_110473_cov_26.9801 110374 1
				Negative gap (overlap) between this and next alignment: 670485 to 670387 (-98 bp)
				Next Alignment: 670387 679603 NODE_894_length_83438_cov_26.7147 83438 74222

			Previous gap was negative, modifying coordinates to ignore overlap
				Moving contig start from 83438 to 83339.
			Align 13: 670486 679603 NODE_894_length_83438_cov_26.7147 83339 74222
				Gap between this and next alignment: 679603 to 682031 (2427 bp)
				Next Alignment: 682031 756253 NODE_894_length_83438_cov_26.7147 74223 1

			Align 14: 682031 756253 NODE_894_length_83438_cov_26.7147 74223 1
				Negative gap (overlap) between this and next alignment: 756253 to 756205 (-48 bp)
				Next Alignment: 756205 789970 NODE_902_length_33766_cov_25.9277 1 33766

			Previous gap was negative, modifying coordinates to ignore overlap
				Moving contig start from 1 to 50.
			Align 15: 756254 789970 NODE_902_length_33766_cov_25.9277 50 33766
				Negative gap (overlap) between this and next alignment: 789970 to 789956 (-14 bp)
				Next Alignment: 789956 836439 NODE_861_length_46484_cov_23.7405 46484 1

			Previous gap was negative, modifying coordinates to ignore overlap
				Moving contig start from 46484 to 46469.
			Align 16: 789971 836439 NODE_861_length_46484_cov_23.7405 46469 1
				Negative gap (overlap) between this and next alignment: 836439 to 836433 (-6 bp)
				Next Alignment: 836433 986952 NODE_905_length_179738_cov_25.9188 1 150520

			Previous gap was negative, modifying coordinates to ignore overlap
				Moving contig start from 1 to 8.
			Align 17: 836440 986952 NODE_905_length_179738_cov_25.9188 8 150520
				Gap between this and next alignment: 986952 to 987107 (154 bp)
				Next Alignment: 987107 1016653 NODE_905_length_179738_cov_25.9188 150192 179738

			Align 18: 987107 1016653 NODE_905_length_179738_cov_25.9188 150192 179738
				Gap between this and next alignment: 1016653 to 1016660 (6 bp)
				Next Alignment: 1016660 1036515 NODE_870_length_19952_cov_25.3936 19952 97

			Align 19: 1016660 1036515 NODE_870_length_19952_cov_25.3936 19952 97
				Gap between this and next alignment: 1036515 to 1036664 (148 bp)
				Next Alignment: 1036664 1102750 NODE_897_length_166697_cov_24.9692 166697 100611

			Align 20: 1036664 1102750 NODE_897_length_166697_cov_24.9692 166697 100611
				Negative gap (overlap) between this and next alignment: 1102750 to 1102713 (-37 bp)
				Next Alignment: 1102713 1149109 NODE_897_length_166697_cov_24.9692 46397 1

			Previous gap was negative, modifying coordinates to ignore overlap
				Moving contig start from 46397 to 46359.
			Align 21: 1102751 1149109 NODE_897_length_166697_cov_24.9692 46359 1
				Negative gap (overlap) between this and next alignment: 1149109 to 1149011 (-98 bp)
				Next Alignment: 1149011 1166059 NODE_885_length_56778_cov_25.7045 1 17049

			Previous gap was negative, modifying coordinates to ignore overlap
				Moving contig start from 1 to 100.
			Align 22: 1149110 1166059 NODE_885_length_56778_cov_25.7045 100 17049
				Gap between this and next alignment: 1166059 to 1166376 (316 bp)
				Next Alignment: 1166376 1206103 NODE_885_length_56778_cov_25.7045 17051 56778

			Align 23: 1166376 1206103 NODE_885_length_56778_cov_25.7045 17051 56778
				Negative gap (overlap) between this and next alignment: 1206103 to 1206088 (-15 bp)
				Next Alignment: 1206088 1277084 NODE_856_length_70997_cov_26.7453 1 70997

			Previous gap was negative, modifying coordinates to ignore overlap
				Moving contig start from 1 to 17.
			Align 24: 1206104 1277084 NODE_856_length_70997_cov_26.7453 17 70997
				Negative gap (overlap) between this and next alignment: 1277084 to 1276986 (-98 bp)
				Next Alignment: 1276986 1279034 NODE_873_length_2049_cov_31.5754 2049 1

			Previous gap was negative, modifying coordinates to ignore overlap
				Moving contig start from 2049 to 1950.
			Align 25: 1277085 1279034 NODE_873_length_2049_cov_31.5754 1950 1
				Negative gap (overlap) between this and next alignment: 1279034 to 1278936 (-98 bp)
				Next Alignment: 1278936 1305168 NODE_857_length_26233_cov_24.9937 1 26233

			Previous gap was negative, modifying coordinates to ignore overlap
				Moving contig start from 1 to 100.
			Align 26: 1279035 1305168 NODE_857_length_26233_cov_24.9937 100 26233
				Gap between this and next alignment: 1305168 to 1305219 (50 bp)
				Next Alignment: 1305219 1385093 NODE_884_length_79875_cov_26.4282 79875 1

			Align 27: 1305219 1385093 NODE_884_length_79875_cov_26.4282 79875 1
				Negative gap (overlap) between this and next alignment: 1385093 to 1384995 (-98 bp)
				Next Alignment: 1384995 1385969 NODE_888_length_975_cov_23.9692 975 1

			Previous gap was negative, modifying coordinates to ignore overlap
				Moving contig start from 975 to 876.
			Align 28: 1385094 1385969 NODE_888_length_975_cov_23.9692 876 1
				Negative gap (overlap) between this and next alignment: 1385969 to 1385871 (-98 bp)
				Next Alignment: 1385871 1394770 NODE_853_length_8900_cov_26.8296 1 8900

			Previous gap was negative, modifying coordinates to ignore overlap
				Moving contig start from 1 to 100.
			Align 29: 1385970 1394770 NODE_853_length_8900_cov_26.8296 100 8900
				Negative gap (overlap) between this and next alignment: 1394770 to 1394747 (-23 bp)
				Next Alignment: 1394747 1893110 NODE_908_length_498363_cov_25.4339 1 498363

			Previous gap was negative, modifying coordinates to ignore overlap
				Moving contig start from 1 to 25.
			Align 30: 1394771 1893110 NODE_908_length_498363_cov_25.4339 25 498363
				Negative gap (overlap) between this and next alignment: 1893110 to 1893079 (-31 bp)
				Next Alignment: 1893079 1944323 NODE_859_length_51245_cov_26.1465 1 51245

			Previous gap was negative, modifying coordinates to ignore overlap
				Moving contig start from 1 to 33.
			Align 31: 1893111 1944323 NODE_859_length_51245_cov_26.1465 33 51245
				Gap between this and next alignment: 1944323 to 1944735 (411 bp)
				Next Alignment: 1944735 1963703 NODE_854_length_19020_cov_24.6698 52 19020

			Align 32: 1944735 1963703 NODE_854_length_19020_cov_24.6698 52 19020
				Negative gap (overlap) between this and next alignment: 1963703 to 1963605 (-98 bp)
				Next Alignment: 1963605 1972902 NODE_891_length_9298_cov_26.261 1 9298

			Previous gap was negative, modifying coordinates to ignore overlap
				Moving contig start from 1 to 100.
			Align 33: 1963704 1972902 NODE_891_length_9298_cov_26.261 100 9298
				Gap between this and next alignment: 1972902 to 1972929 (26 bp)
				Next Alignment: 1972929 2005702 NODE_858_length_32774_cov_25.6062 1 32774

			Align 34: 1972929 2005702 NODE_858_length_32774_cov_25.6062 1 32774
				Negative gap (overlap) between this and next alignment: 2005702 to 2005672 (-30 bp)
				Next Alignment: 2005672 2251395 NODE_895_length_245724_cov_25.4117 245724 1

			Previous gap was negative, modifying coordinates to ignore overlap
				Moving contig start from 245724 to 245693.
			Align 35: 2005703 2251395 NODE_895_length_245724_cov_25.4117 245693 1
				Negative gap (overlap) between this and next alignment: 2251395 to 2251297 (-98 bp)
				Next Alignment: 2251297 2252378 NODE_880_length_1082_cov_21.8444 1 1082

			Previous gap was negative, modifying coordinates to ignore overlap
				Moving contig start from 1 to 100.
			Align 36: 2251396 2252378 NODE_880_length_1082_cov_21.8444 100 1082
				Negative gap (overlap) between this and next alignment: 2252378 to 2252302 (-76 bp)
				Next Alignment: 2252302 2253880 NODE_889_length_1579_cov_16.0365 1579 1

			Previous gap was negative, modifying coordinates to ignore overlap
				Moving contig start from 1579 to 1502.
			Align 37: 2252379 2253880 NODE_889_length_1579_cov_16.0365 1502 1
				Negative gap (overlap) between this and next alignment: 2253880 to 2253782 (-98 bp)
				Next Alignment: 2253782 2349061 NODE_886_length_95280_cov_25.5385 95280 1

			Previous gap was negative, modifying coordinates to ignore overlap
				Moving contig start from 95280 to 95181.
			Align 38: 2253881 2349061 NODE_886_length_95280_cov_25.5385 95181 1
				Negative gap (overlap) between this and next alignment: 2349061 to 2348963 (-98 bp)
				Next Alignment: 2348963 2493393 NODE_860_length_144526_cov_25.9225 1 144431

			Previous gap was negative, modifying coordinates to ignore overlap
				Moving contig start from 1 to 100.
			Align 39: 2349062 2493393 NODE_860_length_144526_cov_25.9225 100 144431
				Gap between this and next alignment: 2493393 to 2493491 (97 bp)
				Next Alignment: 2493491 2521668 NODE_892_length_28178_cov_24.6737 28178 1

			Align 40: 2493491 2521668 NODE_892_length_28178_cov_24.6737 28178 1
				Negative gap (overlap) between this and next alignment: 2521668 to 2521570 (-98 bp)
				Next Alignment: 2521570 2597367 NODE_893_length_75804_cov_24.5157 75804 1

			Previous gap was negative, modifying coordinates to ignore overlap
				Moving contig start from 75804 to 75705.
			Align 41: 2521669 2597367 NODE_893_length_75804_cov_24.5157 75705 1
				Negative gap (overlap) between this and next alignment: 2597367 to 2597319 (-48 bp)
				Next Alignment: 2597319 2898557 NODE_901_length_301294_cov_25.0535 1 301294

			Previous gap was negative, modifying coordinates to ignore overlap
				Moving contig start from 1 to 50.
			Align 42: 2597368 2898557 NODE_901_length_301294_cov_25.0535 50 301294
				Gap between this and next alignment: 2898557 to 2898561 (3 bp)
				Next Alignment: 2898561 3020789 NODE_883_length_122266_cov_25.5818 122226 1

			Align 43: 2898561 3020789 NODE_883_length_122266_cov_25.5818 122226 1
				Negative gap (overlap) between this and next alignment: 3020789 to 3020691 (-98 bp)
				Next Alignment: 3020691 3024406 NODE_882_length_3722_cov_22.7668 3722 1

			Previous gap was negative, modifying coordinates to ignore overlap
				Moving contig start from 3722 to 3623.
			Align 44: 3020790 3024406 NODE_882_length_3722_cov_22.7668 3623 1
				Negative gap (overlap) between this and next alignment: 3024406 to 3024308 (-98 bp)
				Next Alignment: 3024308 3172166 NODE_863_length_147859_cov_25.6842 147859 1

			Previous gap was negative, modifying coordinates to ignore overlap
				Moving contig start from 147859 to 147760.
			Align 45: 3024407 3172166 NODE_863_length_147859_cov_25.6842 147760 1
				Gap between this and next alignment: 3172166 to 3172221 (54 bp)
				Next Alignment: 3172221 3252436 NODE_898_length_80216_cov_25.05 80216 1

			Align 46: 3172221 3252436 NODE_898_length_80216_cov_25.05 80216 1
				Negative gap (overlap) between this and next alignment: 3252436 to 3252338 (-98 bp)
				Next Alignment: 3252338 3349503 NODE_866_length_124927_cov_24.8411 1 97172

			Previous gap was negative, modifying coordinates to ignore overlap
				Moving contig start from 1 to 100.
			Align 47: 3252437 3349503 NODE_866_length_124927_cov_24.8411 100 97172
				Negative gap (overlap) between this and next alignment: 3349503 to 3329503 (-20000 bp)
				Next Alignment: 3329503 3377258 NODE_866_length_124927_cov_24.8411 77166 124927

			Previous gap was negative, modifying coordinates to ignore overlap
				Moving contig start from 77166 to 97179.
			Align 48: 3349504 3377258 NODE_866_length_124927_cov_24.8411 97179 124927
				Negative gap (overlap) between this and next alignment: 3377258 to 3377220 (-38 bp)
				Next Alignment: 3377220 3592618 NODE_887_length_215400_cov_25.5327 215400 2

			Previous gap was negative, modifying coordinates to ignore overlap
				Moving contig start from 215400 to 215361.
			Align 49: 3377259 3592618 NODE_887_length_215400_cov_25.5327 215361 2
				Negative gap (overlap) between this and next alignment: 3592618 to 3592605 (-13 bp)
				Next Alignment: 3592605 4066989 NODE_867_length_474384_cov_26.0135 1 474384

			Previous gap was negative, modifying coordinates to ignore overlap
				Moving contig start from 1 to 15.
			Align 50: 3592619 4066989 NODE_867_length_474384_cov_26.0135 15 474384
				Negative gap (overlap) between this and next alignment: 4066989 to 4066891 (-98 bp)
				Next Alignment: 4066891 4067919 NODE_881_length_1029_cov_25.3968 1 1029

			Previous gap was negative, modifying coordinates to ignore overlap
				Moving contig start from 1 to 100.
			Align 51: 4066990 4067919 NODE_881_length_1029_cov_25.3968 100 1029
				Negative gap (overlap) between this and next alignment: 4067919 to 4067821 (-98 bp)
				Next Alignment: 4067821 4144799 NODE_872_length_286874_cov_26.2457 1 76980

			Previous gap was negative, modifying coordinates to ignore overlap
				Moving contig start from 1 to 100.
			Align 52: 4067920 4144799 NODE_872_length_286874_cov_26.2457 100 76980
				Gap between this and next alignment: 4144799 to 4147042 (2242 bp)
				Next Alignment: 4147042 4356938 NODE_872_length_286874_cov_26.2457 76979 286874

			Align 53: 4147042 4356938 NODE_872_length_286874_cov_26.2457 76979 286874
				Gap between this and next alignment: 4356938 to 4357414 (475 bp)
				Next Alignment: 4357414 4394614 NODE_865_length_274731_cov_25.9193 274731 237531

			Align 54: 4357414 4394614 NODE_865_length_274731_cov_25.9193 274731 237531
				Negative gap (overlap) between this and next alignment: 4394614 to 4394570 (-44 bp)
				Next Alignment: 4394570 4620217 NODE_865_length_274731_cov_25.9193 225649 1

			Previous gap was negative, modifying coordinates to ignore overlap
				Moving contig start from 225649 to 225604.
			Align 55: 4394615 4620217 NODE_865_length_274731_cov_25.9193 225604 1
				Gap between this and next alignment: 4620217 to 4620232 (14 bp)
				Next Alignment: 4620232 4767453 NODE_864_length_147305_cov_26.4957 147222 1

			Align 56: 4620232 4767453 NODE_864_length_147305_cov_26.4957 147222 1
				Negative gap (overlap) between this and next alignment: 4767453 to 4767355 (-98 bp)
				Next Alignment: 4767355 4774269 NODE_900_length_6915_cov_25.5688 1 6915

			Previous gap was negative, modifying coordinates to ignore overlap
				Moving contig start from 1 to 100.
			Align 57: 4767454 4774269 NODE_900_length_6915_cov_25.5688 100 6915
				Negative gap (overlap) between this and next alignment: 4774269 to 4774171 (-98 bp)
				Next Alignment: 4774171 4793777 NODE_876_length_19607_cov_27.8025 1 19607

			Previous gap was negative, modifying coordinates to ignore overlap
				Moving contig start from 1 to 100.
			Align 58: 4774270 4793777 NODE_876_length_19607_cov_27.8025 100 19607
				Negative gap (overlap) between this and next alignment: 4793777 to 4793679 (-98 bp)
				Next Alignment: 4793679 4797347 NODE_899_length_3669_cov_26.6443 1 3669

			Previous gap was negative, modifying coordinates to ignore overlap
				Moving contig start from 1 to 100.
			Align 59: 4793778 4797347 NODE_899_length_3669_cov_26.6443 100 3669
				Negative gap (overlap) between this and next alignment: 4797347 to 4797249 (-98 bp)
				Next Alignment: 4797249 4811613 NODE_875_length_14373_cov_23.8324 1 14373

			Previous gap was negative, modifying coordinates to ignore overlap
				Moving contig start from 1 to 100.
			Align 60: 4797348 4811613 NODE_875_length_14373_cov_23.8324 100 14373
				Negative gap (overlap) between this and next alignment: 4811613 to 4811515 (-98 bp)
				Next Alignment: 4811515 4814530 NODE_896_length_3016_cov_21.2736 3016 1

			Previous gap was negative, modifying coordinates to ignore overlap
				Moving contig start from 3016 to 2917.
			Align 61: 4811614 4814530 NODE_896_length_3016_cov_21.2736 2917 1
				Negative gap (overlap) between this and next alignment: 4814530 to 4814432 (-98 bp)
				Next Alignment: 4814432 4913715 NODE_904_length_220161_cov_26.0166 220161 120877

			Previous gap was negative, modifying coordinates to ignore overlap
				Moving contig start from 220161 to 220062.
			Align 62: 4814531 4913715 NODE_904_length_220161_cov_26.0166 220062 120877
				Negative gap (overlap) between this and next alignment: 4913715 to 4913627 (-88 bp)
				Next Alignment: 4913627 5034745 NODE_904_length_220161_cov_26.0166 121118 1

			Previous gap was negative, modifying coordinates to ignore overlap
				Moving contig start from 121118 to 121029.
			Align 63: 4913716 5034745 NODE_904_length_220161_cov_26.0166 121029 1
				Negative gap (overlap) between this and next alignment: 5034745 to 5034718 (-27 bp)
				Next Alignment: 5034718 5067172 NODE_909_length_76416_cov_26.1629 1 32455

			Previous gap was negative, modifying coordinates to ignore overlap
				Moving contig start from 1 to 29.
			Align 64: 5034746 5067172 NODE_909_length_76416_cov_26.1629 29 32455
			END in current alignment.  Modifying 5067172 to 5067172.

ERROR: Reference [$ref] does not have any alignments!  Check that this is the same file used for alignment.
ERROR: Alignment Reference Headers: ['gi|169627108|ref|NC_010397.1|_Mycobacterium_abscessus_chromosome__complete_sequence']
Analysis is finished!
Founded SNPs were written into /software/galaxy/master/sabbai/galaxy-dist/database/job_working_directory/002/2352/dataset_2434_files/Contig/contigs_reports/nucmer_output/MA-M-Spades-Contig.used_snps

Results:
	Local Misassemblies: 4
	Misassemblies: 6
		Relocations: 6
		Translocations: 0
		Inversions: 0
	Misassembled Contigs: 6
	Misassembled Contig Bases: 925594
	Misassmblies Inter-Contig Overlap: 20582
Uncovered Regions: 0 (0)
Unaligned Contigs: 20 + 0 part
Partially Unaligned Contigs with Misassemblies: 0
Unaligned Contig Bases: 16591

Ambiguously Mapped Contigs: 0
Total Bases in Ambiguously Mapped Contigs: 0
Note that --allow-ambiguity option was set to "one" and only first alignment per each contig was used.

	Covered Bases: 5060627

	SNPs: 237
	Insertions: 102
	Deletions: 25

	Positive Gaps: 16
		Internal Gaps:  4
		External Gaps:  12
		External Gap Total:  1406
		External Gap Average: 117
	Negative Gaps: 46
		Internal Overlaps:  5
		External Overlaps:  41
		External Overlaps Total: -3095
		External Overlaps Average: -75
	Contigs with Redundant Alignments: 1 (99)
