Aligning contigs to reference...
	Running Nucmer...
Parsing coords...
Loading Assembly...
Loading reference...
	Loaded [gi|125654605|ref|NC_009007.1|_Rhodobacter_sphaeroides_2.4.1_plasmid_A__partial_sequence]
Loading SNPs...
Loading regions...
	No regions given, using whole reference.
	Total Regions: 1
	Total Region Length: 114045
Analyzing contigs...
CONTIG: contig625 (2085bp)
Top Length: 2085  Top ID: 100.0
		One align captures most of this contig: 25143 27227 | 1 2085 | 2085 2085 | 100.0 | gi|125654605|ref|NC_009007.1|_Rhodobacter_sphaeroides_2.4.1_plasmid_A__partial_sequence contig625

CONTIG: contig28 (46959bp)
		This contig is unaligned. (46959 bp)
		Unaligned bases: 46959  total: 46959

CONTIG: contig29 (37869bp)
		This contig is unaligned. (37869 bp)
		Unaligned bases: 37869  total: 84828

CONTIG: contig429 (1718bp)
		This contig is unaligned. (1718 bp)
		Unaligned bases: 1718  total: 86546

CONTIG: contig428 (916bp)
Top Length: 916  Top ID: 98.91
		One align captures most of this contig: 71653 72568 | 1 916 | 916 916 | 98.91 | gi|125654605|ref|NC_009007.1|_Rhodobacter_sphaeroides_2.4.1_plasmid_A__partial_sequence contig428

CONTIG: contig22 (3323bp)
		This contig is unaligned. (3323 bp)
		Unaligned bases: 3323  total: 89869

CONTIG: contig23 (5384bp)
		This contig is unaligned. (5384 bp)
		Unaligned bases: 5384  total: 95253

CONTIG: contig20 (8356bp)
		This contig is unaligned. (8356 bp)
		Unaligned bases: 8356  total: 103609

CONTIG: contig21 (2324bp)
		This contig is unaligned. (2324 bp)
		Unaligned bases: 2324  total: 105933

CONTIG: contig27 (20153bp)
		This contig is unaligned. (20153 bp)
		Unaligned bases: 20153  total: 126086

CONTIG: contig24 (6997bp)
		This contig is unaligned. (6997 bp)
		Unaligned bases: 6997  total: 133083

CONTIG: contig321 (4524bp)
		This contig is unaligned. (4524 bp)
		Unaligned bases: 4524  total: 137607

CONTIG: contig289 (8417bp)
		This contig is unaligned. (8417 bp)
		Unaligned bases: 8417  total: 146024

CONTIG: contig388 (2283bp)
		This contig is unaligned. (2283 bp)
		Unaligned bases: 2283  total: 148307

CONTIG: contig389 (18478bp)
		This contig is unaligned. (18478 bp)
		Unaligned bases: 18478  total: 166785

CONTIG: contig386 (2803bp)
Top Length: 2803  Top ID: 100.0
		One align captures most of this contig: 91609 94411 | 1 2803 | 2803 2803 | 100.0 | gi|125654605|ref|NC_009007.1|_Rhodobacter_sphaeroides_2.4.1_plasmid_A__partial_sequence contig386

CONTIG: contig387 (2351bp)
		This contig is unaligned. (2351 bp)
		Unaligned bases: 2351  total: 169136

CONTIG: contig288 (9871bp)
		This contig is unaligned. (9871 bp)
		Unaligned bases: 9871  total: 179007

CONTIG: contig382 (19927bp)
		This contig is unaligned. (19927 bp)
		Unaligned bases: 19927  total: 198934

CONTIG: contig383 (32897bp)
		This contig is unaligned. (32897 bp)
		Unaligned bases: 32897  total: 231831

CONTIG: contig380 (3395bp)
		This contig is unaligned. (3395 bp)
		Unaligned bases: 3395  total: 235226

CONTIG: contig381 (36308bp)
		This contig is unaligned. (36308 bp)
		Unaligned bases: 36308  total: 271534

CONTIG: contig282 (11588bp)
		This contig is unaligned. (11588 bp)
		Unaligned bases: 11588  total: 283122

CONTIG: contig349 (2473bp)
		This contig is unaligned. (2473 bp)
		Unaligned bases: 2473  total: 285595

CONTIG: contig393 (4825bp)
		This contig is unaligned. (4825 bp)
		Unaligned bases: 4825  total: 290420

CONTIG: contig320 (15523bp)
		This contig is unaligned. (15523 bp)
		Unaligned bases: 15523  total: 305943

CONTIG: contig362 (633bp)
		This contig is unaligned. (633 bp)
		Unaligned bases: 633  total: 306576

CONTIG: contig157 (10237bp)
		This contig is unaligned. (10237 bp)
		Unaligned bases: 10237  total: 316813

CONTIG: contig156 (6040bp)
		This contig is unaligned. (6040 bp)
		Unaligned bases: 6040  total: 322853

CONTIG: contig155 (7146bp)
		This contig is unaligned. (7146 bp)
		Unaligned bases: 7146  total: 329999

CONTIG: contig154 (3240bp)
		This contig is unaligned. (3240 bp)
		Unaligned bases: 3240  total: 333239

CONTIG: contig153 (36708bp)
		This contig is unaligned. (36708 bp)
		Unaligned bases: 36708  total: 369947

CONTIG: contig152 (6659bp)
		This contig is unaligned. (6659 bp)
		Unaligned bases: 6659  total: 376606

CONTIG: contig151 (58477bp)
		This contig is unaligned. (58477 bp)
		Unaligned bases: 58477  total: 435083

CONTIG: contig150 (1634bp)
		This contig is unaligned. (1634 bp)
		Unaligned bases: 1634  total: 436717

CONTIG: contig221 (5470bp)
		This contig is unaligned. (5470 bp)
		Unaligned bases: 5470  total: 442187

CONTIG: contig220 (873bp)
		This contig is unaligned. (873 bp)
		Unaligned bases: 873  total: 443060

CONTIG: contig551 (1578bp)
		This contig is unaligned. (1578 bp)
		Unaligned bases: 1578  total: 444638

CONTIG: contig94 (2659bp)
Top Length: 2659  Top ID: 99.89
		One align captures most of this contig: 72926 75584 | 2659 1 | 2659 2659 | 99.89 | gi|125654605|ref|NC_009007.1|_Rhodobacter_sphaeroides_2.4.1_plasmid_A__partial_sequence contig94

CONTIG: contig225 (64489bp)
		This contig is unaligned. (64489 bp)
		Unaligned bases: 64489  total: 509127

CONTIG: contig224 (2175bp)
		This contig is unaligned. (2175 bp)
		Unaligned bases: 2175  total: 511302

CONTIG: contig159 (15923bp)
		This contig is unaligned. (15923 bp)
		Unaligned bases: 15923  total: 527225

CONTIG: contig158 (7193bp)
		This contig is unaligned. (7193 bp)
		Unaligned bases: 7193  total: 534418

CONTIG: contig539 (13842bp)
		This contig is unaligned. (13842 bp)
		Unaligned bases: 13842  total: 548260

CONTIG: contig425 (1719bp)
		This contig is unaligned. (1719 bp)
		Unaligned bases: 1719  total: 549979

CONTIG: contig433 (8288bp)
		This contig is unaligned. (8288 bp)
		Unaligned bases: 8288  total: 558267

CONTIG: contig434 (18207bp)
		This contig is unaligned. (18207 bp)
		Unaligned bases: 18207  total: 576474

CONTIG: contig435 (32610bp)
		This contig is unaligned. (32610 bp)
		Unaligned bases: 32610  total: 609084

CONTIG: contig437 (657bp)
		This contig is unaligned. (657 bp)
		Unaligned bases: 657  total: 609741

CONTIG: contig438 (17841bp)
		This contig is unaligned. (17841 bp)
		Unaligned bases: 17841  total: 627582

CONTIG: contig439 (5391bp)
		This contig is unaligned. (5391 bp)
		Unaligned bases: 5391  total: 632973

CONTIG: contig367 (16567bp)
		This contig is unaligned. (16567 bp)
		Unaligned bases: 16567  total: 649540

CONTIG: contig326 (24434bp)
		This contig is unaligned. (24434 bp)
		Unaligned bases: 24434  total: 673974

CONTIG: contig536 (3504bp)
		This contig is unaligned. (3504 bp)
		Unaligned bases: 3504  total: 677478

CONTIG: contig368 (6531bp)
		This contig is unaligned. (6531 bp)
		Unaligned bases: 6531  total: 684009

CONTIG: contig369 (3601bp)
		This contig is unaligned. (3601 bp)
		Unaligned bases: 3601  total: 687610

CONTIG: contig464 (23747bp)
		This contig is unaligned. (23747 bp)
		Unaligned bases: 23747  total: 711357

CONTIG: contig148 (1024bp)
		This contig is unaligned. (1024 bp)
		Unaligned bases: 1024  total: 712381

CONTIG: contig149 (12324bp)
		This contig is unaligned. (12324 bp)
		Unaligned bases: 12324  total: 724705

CONTIG: contig339 (3422bp)
Top Length: 3422  Top ID: 100.0
		One align captures most of this contig: 94485 97906 | 1 3422 | 3422 3422 | 100.0 | gi|125654605|ref|NC_009007.1|_Rhodobacter_sphaeroides_2.4.1_plasmid_A__partial_sequence contig339

CONTIG: contig338 (46096bp)
		This contig is unaligned. (46096 bp)
		Unaligned bases: 46096  total: 770801

CONTIG: contig140 (1686bp)
		This contig is unaligned. (1686 bp)
		Unaligned bases: 1686  total: 772487

CONTIG: contig332 (24347bp)
		This contig is unaligned. (24347 bp)
		Unaligned bases: 24347  total: 796834

CONTIG: contig142 (2725bp)
		This contig is unaligned. (2725 bp)
		Unaligned bases: 2725  total: 799559

CONTIG: contig330 (4986bp)
		This contig is unaligned. (4986 bp)
		Unaligned bases: 4986  total: 804545

CONTIG: contig337 (22500bp)
		This contig is unaligned. (22500 bp)
		Unaligned bases: 22500  total: 827045

CONTIG: contig336 (5752bp)
		This contig is unaligned. (5752 bp)
		Unaligned bases: 5752  total: 832797

CONTIG: contig146 (35820bp)
		This contig is unaligned. (35820 bp)
		Unaligned bases: 35820  total: 868617

CONTIG: contig333 (33352bp)
		This contig is unaligned. (33352 bp)
		Unaligned bases: 33352  total: 901969

CONTIG: contig238 (30258bp)
		This contig is unaligned. (30258 bp)
		Unaligned bases: 30258  total: 932227

CONTIG: contig239 (1016bp)
		This contig is unaligned. (1016 bp)
		Unaligned bases: 1016  total: 933243

CONTIG: contig486 (17966bp)
		This contig is unaligned. (17966 bp)
		Unaligned bases: 17966  total: 951209

CONTIG: contig232 (18503bp)
		This contig is unaligned. (18503 bp)
		Unaligned bases: 18503  total: 969712

CONTIG: contig233 (44348bp)
		This contig is unaligned. (44348 bp)
		Unaligned bases: 44348  total: 1014060

CONTIG: contig230 (2003bp)
		This contig is unaligned. (2003 bp)
		Unaligned bases: 2003  total: 1016063

CONTIG: contig231 (47671bp)
		This contig is unaligned. (47671 bp)
		Unaligned bases: 47671  total: 1063734

CONTIG: contig236 (50428bp)
		This contig is unaligned. (50428 bp)
		Unaligned bases: 50428  total: 1114162

CONTIG: contig237 (1925bp)
		This contig is unaligned. (1925 bp)
		Unaligned bases: 1925  total: 1116087

CONTIG: contig234 (29099bp)
		This contig is unaligned. (29099 bp)
		Unaligned bases: 29099  total: 1145186

CONTIG: contig235 (21999bp)
		This contig is unaligned. (21999 bp)
		Unaligned bases: 21999  total: 1167185

CONTIG: contig445 (6915bp)
		This contig is unaligned. (6915 bp)
		Unaligned bases: 6915  total: 1174100

CONTIG: contig444 (20694bp)
		This contig is unaligned. (20694 bp)
		Unaligned bases: 20694  total: 1194794

CONTIG: contig528 (636bp)
		This contig is unaligned. (636 bp)
		Unaligned bases: 636  total: 1195430

CONTIG: contig328 (16727bp)
		This contig is unaligned. (16727 bp)
		Unaligned bases: 16727  total: 1212157

CONTIG: contig441 (19363bp)
		This contig is unaligned. (19363 bp)
		Unaligned bases: 19363  total: 1231520

CONTIG: contig278 (9640bp)
		This contig is unaligned. (9640 bp)
		Unaligned bases: 9640  total: 1241160

CONTIG: contig443 (7171bp)
		This contig is unaligned. (7171 bp)
		Unaligned bases: 7171  total: 1248331

CONTIG: contig442 (46867bp)
		This contig is unaligned. (46867 bp)
		Unaligned bases: 46867  total: 1295198

CONTIG: contig309 (3141bp)
		This contig is unaligned. (3141 bp)
		Unaligned bases: 3141  total: 1298339

CONTIG: contig520 (629bp)
		This contig is unaligned. (629 bp)
		Unaligned bases: 629  total: 1298968

CONTIG: contig478 (1186bp)
		This contig is unaligned. (1186 bp)
		Unaligned bases: 1186  total: 1300154

CONTIG: contig449 (1377bp)
		This contig is unaligned. (1377 bp)
		Unaligned bases: 1377  total: 1301531

CONTIG: contig527 (14044bp)
		This contig is unaligned. (14044 bp)
		Unaligned bases: 14044  total: 1315575

CONTIG: contig317 (28685bp)
		This contig is unaligned. (28685 bp)
		Unaligned bases: 28685  total: 1344260

CONTIG: contig525 (1936bp)
		This contig is unaligned. (1936 bp)
		Unaligned bases: 1936  total: 1346196

CONTIG: contig479 (29326bp)
		This contig is unaligned. (29326 bp)
		Unaligned bases: 29326  total: 1375522

CONTIG: contig40 (2037bp)
		This contig is unaligned. (2037 bp)
		Unaligned bases: 2037  total: 1377559

CONTIG: contig398 (1025bp)
Top Length: 1025  Top ID: 99.12
		One align captures most of this contig: 79889 80913 | 1 1025 | 1025 1025 | 99.12 | gi|125654605|ref|NC_009007.1|_Rhodobacter_sphaeroides_2.4.1_plasmid_A__partial_sequence contig398

CONTIG: contig451 (7785bp)
		This contig is unaligned. (7785 bp)
		Unaligned bases: 7785  total: 1385344

CONTIG: contig453 (2869bp)
Top Length: 2869  Top ID: 100.0
		One align captures most of this contig: 42335 45203 | 1 2869 | 2869 2869 | 100.0 | gi|125654605|ref|NC_009007.1|_Rhodobacter_sphaeroides_2.4.1_plasmid_A__partial_sequence contig453

CONTIG: contig287 (1652bp)
		This contig is unaligned. (1652 bp)
		Unaligned bases: 1652  total: 1386996

CONTIG: contig286 (14612bp)
		This contig is unaligned. (14612 bp)
		Unaligned bases: 14612  total: 1401608

CONTIG: contig285 (9319bp)
		This contig is unaligned. (9319 bp)
		Unaligned bases: 9319  total: 1410927

CONTIG: contig284 (4725bp)
		This contig is unaligned. (4725 bp)
		Unaligned bases: 4725  total: 1415652

CONTIG: contig139 (2959bp)
		This contig is unaligned. (2959 bp)
		Unaligned bases: 2959  total: 1418611

CONTIG: contig138 (8965bp)
		This contig is unaligned. (8965 bp)
		Unaligned bases: 8965  total: 1427576

CONTIG: contig281 (11047bp)
		This contig is unaligned. (11047 bp)
		Unaligned bases: 11047  total: 1438623

CONTIG: contig280 (3489bp)
		This contig is unaligned. (3489 bp)
		Unaligned bases: 3489  total: 1442112

CONTIG: contig135 (4477bp)
		This contig is unaligned. (4477 bp)
		Unaligned bases: 4477  total: 1446589

CONTIG: contig134 (4148bp)
		This contig is unaligned. (4148 bp)
		Unaligned bases: 4148  total: 1450737

CONTIG: contig137 (26045bp)
		This contig is unaligned. (26045 bp)
		Unaligned bases: 26045  total: 1476782

CONTIG: contig327 (20002bp)
		This contig is unaligned. (20002 bp)
		Unaligned bases: 20002  total: 1496784

CONTIG: contig131 (42942bp)
		This contig is unaligned. (42942 bp)
		Unaligned bases: 42942  total: 1539726

CONTIG: contig130 (13128bp)
		This contig is unaligned. (13128 bp)
		Unaligned bases: 13128  total: 1552854

CONTIG: contig133 (23146bp)
		This contig is unaligned. (23146 bp)
		Unaligned bases: 23146  total: 1576000

CONTIG: contig132 (5648bp)
		This contig is unaligned. (5648 bp)
		Unaligned bases: 5648  total: 1581648

CONTIG: contig540 (1026bp)
		This contig is unaligned. (1026 bp)
		Unaligned bases: 1026  total: 1582674

CONTIG: contig468 (35963bp)
		This contig is unaligned. (35963 bp)
		Unaligned bases: 35963  total: 1618637

CONTIG: contig208 (24248bp)
		This contig is unaligned. (24248 bp)
		Unaligned bases: 24248  total: 1642885

CONTIG: contig207 (25243bp)
		This contig is unaligned. (25243 bp)
		Unaligned bases: 25243  total: 1668128

CONTIG: contig206 (21487bp)
		This contig is unaligned. (21487 bp)
		Unaligned bases: 21487  total: 1689615

CONTIG: contig205 (7625bp)
		This contig is unaligned. (7625 bp)
		Unaligned bases: 7625  total: 1697240

CONTIG: contig204 (11548bp)
		This contig is unaligned. (11548 bp)
		Unaligned bases: 11548  total: 1708788

CONTIG: contig203 (2233bp)
Top Length: 2229  Top ID: 99.82
		One align captures most of this contig: 299 2527 | 2229 1 | 2229 2229 | 99.82 | gi|125654605|ref|NC_009007.1|_Rhodobacter_sphaeroides_2.4.1_plasmid_A__partial_sequence contig203

CONTIG: contig469 (22557bp)
		This contig is unaligned. (22557 bp)
		Unaligned bases: 22557  total: 1731345

CONTIG: contig273 (3974bp)
		This contig is unaligned. (3974 bp)
		Unaligned bases: 3974  total: 1735319

CONTIG: contig457 (5007bp)
		This contig is unaligned. (5007 bp)
		Unaligned bases: 5007  total: 1740326

CONTIG: contig454 (809bp)
		This contig is unaligned. (809 bp)
		Unaligned bases: 809  total: 1741135

CONTIG: contig518 (13131bp)
		This contig is unaligned. (13131 bp)
		Unaligned bases: 13131  total: 1754266

CONTIG: contig452 (9808bp)
		This contig is unaligned. (9808 bp)
		Unaligned bases: 9808  total: 1764074

CONTIG: contig379 (11001bp)
		This contig is unaligned. (11001 bp)
		Unaligned bases: 11001  total: 1775075

CONTIG: contig450 (3761bp)
		This contig is unaligned. (3761 bp)
		Unaligned bases: 3761  total: 1778836

CONTIG: contig306 (39659bp)
		This contig is unaligned. (39659 bp)
		Unaligned bases: 39659  total: 1818495

CONTIG: contig517 (930bp)
		This contig is unaligned. (930 bp)
		Unaligned bases: 930  total: 1819425

CONTIG: contig515 (1294bp)
		This contig is unaligned. (1294 bp)
		Unaligned bases: 1294  total: 1820719

CONTIG: contig513 (3413bp)
		This contig is unaligned. (3413 bp)
		Unaligned bases: 3413  total: 1824132

CONTIG: contig458 (1447bp)
		This contig is unaligned. (1447 bp)
		Unaligned bases: 1447  total: 1825579

CONTIG: contig459 (16654bp)
		This contig is unaligned. (16654 bp)
		Unaligned bases: 16654  total: 1842233

CONTIG: contig440 (7836bp)
		This contig is unaligned. (7836 bp)
		Unaligned bases: 7836  total: 1850069

CONTIG: contig544 (710bp)
		This contig is unaligned. (710 bp)
		Unaligned bases: 710  total: 1850779

CONTIG: contig59 (868bp)
		This contig is unaligned. (868 bp)
		Unaligned bases: 868  total: 1851647

CONTIG: contig370 (11759bp)
		This contig is unaligned. (11759 bp)
		Unaligned bases: 11759  total: 1863406

CONTIG: contig290 (29395bp)
		This contig is unaligned. (29395 bp)
		Unaligned bases: 29395  total: 1892801

CONTIG: contig124 (19177bp)
Top Length: 696  Top ID: 95.41
		This contig is misassembled. 2 total aligns.
			Warning! This contig is more unaligned than misassembled. Contig length is 19177 and total length of all aligns is 1301
		Alignment: 65018 65626 | 605 1 | 609 605 | 99.18 | gi|125654605|ref|NC_009007.1|_Rhodobacter_sphaeroides_2.4.1_plasmid_A__partial_sequence contig124
		Alignment: 90262 90927 | 19177 18482 | 666 696 | 95.41 | gi|125654605|ref|NC_009007.1|_Rhodobacter_sphaeroides_2.4.1_plasmid_A__partial_sequence contig124
		Unaligned bases: 17876
		This contig has both significant aligned and unaligned parts (of length >= min-contig)!
CONTIG: contig292 (2191bp)
		This contig is unaligned. (2191 bp)
		Unaligned bases: 2191  total: 1894992

CONTIG: contig293 (4907bp)
Top Length: 4907  Top ID: 100.0
		One align captures most of this contig: 65687 70593 | 4907 1 | 4907 4907 | 100.0 | gi|125654605|ref|NC_009007.1|_Rhodobacter_sphaeroides_2.4.1_plasmid_A__partial_sequence contig293

CONTIG: contig57 (570bp)
		This contig is unaligned. (570 bp)
		Unaligned bases: 570  total: 1895562

CONTIG: contig295 (5223bp)
		This contig is unaligned. (5223 bp)
		Unaligned bases: 5223  total: 1900785

CONTIG: contig296 (3822bp)
		This contig is unaligned. (3822 bp)
		Unaligned bases: 3822  total: 1904607

CONTIG: contig3 (14354bp)
		This contig is unaligned. (14354 bp)
		Unaligned bases: 14354  total: 1918961

CONTIG: contig2 (1606bp)
Top Length: 657  Top ID: 99.85
		This contig is partially unaligned. (657 out of 1606)
		Alignment: 90982 91637 | 950 1606 | 656 657 | 99.85 | gi|125654605|ref|NC_009007.1|_Rhodobacter_sphaeroides_2.4.1_plasmid_A__partial_sequence contig2
		Unaligned bases: 1 to 949 (949)
		This contig has both significant aligned and unaligned parts (of length >= min-contig)!

CONTIG: contig1 (5577bp)
		This contig is unaligned. (5577 bp)
		Unaligned bases: 5577  total: 1924538

CONTIG: contig374 (1411bp)
		This contig is unaligned. (1411 bp)
		Unaligned bases: 1411  total: 1925949

CONTIG: contig7 (42054bp)
Top Length: 503  Top ID: 97.42
		This contig is partially unaligned. (503 out of 42054)
		Alignment: 64464 64967 | 21821 21319 | 504 503 | 97.42 | gi|125654605|ref|NC_009007.1|_Rhodobacter_sphaeroides_2.4.1_plasmid_A__partial_sequence contig7
		Unaligned bases: 1 to 21318 (21318)
		Unaligned bases: 21822 to 42054 (20233)
		This contig has both significant aligned and unaligned parts (of length >= min-contig)!

CONTIG: contig6 (12735bp)
		This contig is unaligned. (12735 bp)
		Unaligned bases: 12735  total: 1938684

CONTIG: contig128 (24300bp)
		This contig is unaligned. (24300 bp)
		Unaligned bases: 24300  total: 1962984

CONTIG: contig129 (9976bp)
		This contig is unaligned. (9976 bp)
		Unaligned bases: 9976  total: 1972960

CONTIG: contig126 (19948bp)
		This contig is unaligned. (19948 bp)
		Unaligned bases: 19948  total: 1992908

CONTIG: contig127 (1562bp)
Top Length: 1562  Top ID: 100.0
		One align captures most of this contig: 81416 82977 | 1 1562 | 1562 1562 | 100.0 | gi|125654605|ref|NC_009007.1|_Rhodobacter_sphaeroides_2.4.1_plasmid_A__partial_sequence contig127

CONTIG: contig9 (14804bp)
		This contig is unaligned. (14804 bp)
		Unaligned bases: 14804  total: 2007712

CONTIG: contig8 (11246bp)
		This contig is unaligned. (11246 bp)
		Unaligned bases: 11246  total: 2018958

CONTIG: contig122 (17565bp)
		This contig is unaligned. (17565 bp)
		Unaligned bases: 17565  total: 2036523

CONTIG: contig123 (13396bp)
Top Length: 13396  Top ID: 100.0
		One align captures most of this contig: 2622 16017 | 1 13396 | 13396 13396 | 100.0 | gi|125654605|ref|NC_009007.1|_Rhodobacter_sphaeroides_2.4.1_plasmid_A__partial_sequence contig123

CONTIG: contig120 (25396bp)
		This contig is unaligned. (25396 bp)
		Unaligned bases: 25396  total: 2061919

CONTIG: contig121 (1172bp)
		This contig is unaligned. (1172 bp)
		Unaligned bases: 1172  total: 2063091

CONTIG: contig210 (13663bp)
Top Length: 13663  Top ID: 100.0
		One align captures most of this contig: 28677 42339 | 13663 1 | 13663 13663 | 100.0 | gi|125654605|ref|NC_009007.1|_Rhodobacter_sphaeroides_2.4.1_plasmid_A__partial_sequence contig210

CONTIG: contig211 (1881bp)
		This contig is unaligned. (1881 bp)
		Unaligned bases: 1881  total: 2064972

CONTIG: contig212 (11718bp)
		This contig is unaligned. (11718 bp)
		Unaligned bases: 11718  total: 2076690

CONTIG: contig213 (6764bp)
		This contig is unaligned. (6764 bp)
		Unaligned bases: 6764  total: 2083454

CONTIG: contig214 (16486bp)
		This contig is unaligned. (16486 bp)
		Unaligned bases: 16486  total: 2099940

CONTIG: contig215 (22109bp)
		This contig is unaligned. (22109 bp)
		Unaligned bases: 22109  total: 2122049

CONTIG: contig216 (33548bp)
		This contig is unaligned. (33548 bp)
		Unaligned bases: 33548  total: 2155597

CONTIG: contig217 (23542bp)
		This contig is unaligned. (23542 bp)
		Unaligned bases: 23542  total: 2179139

CONTIG: contig218 (9692bp)
		This contig is unaligned. (9692 bp)
		Unaligned bases: 9692  total: 2188831

CONTIG: contig219 (5226bp)
		This contig is unaligned. (5226 bp)
		Unaligned bases: 5226  total: 2194057

CONTIG: contig279 (18509bp)
		This contig is unaligned. (18509 bp)
		Unaligned bases: 18509  total: 2212566

CONTIG: contig355 (4955bp)
		This contig is unaligned. (4955 bp)
		Unaligned bases: 4955  total: 2217521

CONTIG: contig354 (9532bp)
		This contig is unaligned. (9532 bp)
		Unaligned bases: 9532  total: 2227053

CONTIG: contig357 (15318bp)
		This contig is unaligned. (15318 bp)
		Unaligned bases: 15318  total: 2242371

CONTIG: contig356 (12687bp)
		This contig is unaligned. (12687 bp)
		Unaligned bases: 12687  total: 2255058

CONTIG: contig501 (1112bp)
		This contig is unaligned. (1112 bp)
		Unaligned bases: 1112  total: 2256170

CONTIG: contig502 (1854bp)
		This contig is unaligned. (1854 bp)
		Unaligned bases: 1854  total: 2258024

CONTIG: contig474 (7195bp)
		This contig is unaligned. (7195 bp)
		Unaligned bases: 7195  total: 2265219

CONTIG: contig553 (7954bp)
		This contig is unaligned. (7954 bp)
		Unaligned bases: 7954  total: 2273173

CONTIG: contig543 (14931bp)
		This contig is unaligned. (14931 bp)
		Unaligned bases: 14931  total: 2288104

CONTIG: contig394 (70664bp)
		This contig is unaligned. (70664 bp)
		Unaligned bases: 70664  total: 2358768

CONTIG: contig446 (6900bp)
		This contig is unaligned. (6900 bp)
		Unaligned bases: 6900  total: 2365668

CONTIG: contig291 (7018bp)
		This contig is unaligned. (7018 bp)
		Unaligned bases: 7018  total: 2372686

CONTIG: contig532 (784bp)
		This contig is unaligned. (784 bp)
		Unaligned bases: 784  total: 2373470

CONTIG: contig67 (2193bp)
		This contig is unaligned. (2193 bp)
		Unaligned bases: 2193  total: 2375663

CONTIG: contig496 (556bp)
		This contig is unaligned. (556 bp)
		Unaligned bases: 556  total: 2376219

CONTIG: contig60 (524bp)
		This contig is unaligned. (524 bp)
		Unaligned bases: 524  total: 2376743

CONTIG: contig376 (20978bp)
		This contig is unaligned. (20978 bp)
		Unaligned bases: 20978  total: 2397721

CONTIG: contig112 (1310bp)
		This contig is unaligned. (1310 bp)
		Unaligned bases: 1310  total: 2399031

CONTIG: contig117 (21712bp)
Top Length: 19145  Top ID: 100.0
		This contig is partially unaligned. (19145 out of 21712)
		Alignment: 45319 64463 | 1 19145 | 19145 19145 | 100.0 | gi|125654605|ref|NC_009007.1|_Rhodobacter_sphaeroides_2.4.1_plasmid_A__partial_sequence contig117
		Unaligned bases: 19146 to 21712 (2567)
		This contig has both significant aligned and unaligned parts (of length >= min-contig)!

CONTIG: contig116 (5664bp)
		This contig is unaligned. (5664 bp)
		Unaligned bases: 5664  total: 2404695

CONTIG: contig228 (26047bp)
		This contig is unaligned. (26047 bp)
		Unaligned bases: 26047  total: 2430742

CONTIG: contig294 (1866bp)
		This contig is unaligned. (1866 bp)
		Unaligned bases: 1866  total: 2432608

CONTIG: contig119 (8566bp)
		This contig is unaligned. (8566 bp)
		Unaligned bases: 8566  total: 2441174

CONTIG: contig118 (23798bp)
		This contig is unaligned. (23798 bp)
		Unaligned bases: 23798  total: 2464972

CONTIG: contig304 (22305bp)
		This contig is unaligned. (22305 bp)
		Unaligned bases: 22305  total: 2487277

CONTIG: contig466 (3917bp)
		This contig is unaligned. (3917 bp)
		Unaligned bases: 3917  total: 2491194

CONTIG: contig475 (4861bp)
		This contig is unaligned. (4861 bp)
		Unaligned bases: 4861  total: 2496055

CONTIG: contig467 (12261bp)
		This contig is unaligned. (12261 bp)
		Unaligned bases: 12261  total: 2508316

CONTIG: contig267 (25053bp)
		This contig is unaligned. (25053 bp)
		Unaligned bases: 25053  total: 2533369

CONTIG: contig198 (16131bp)
Top Length: 16129  Top ID: 100.0
		One align captures most of this contig: 97901 114029 | 16131 3 | 16129 16129 | 100.0 | gi|125654605|ref|NC_009007.1|_Rhodobacter_sphaeroides_2.4.1_plasmid_A__partial_sequence contig198

CONTIG: contig261 (504bp)
Top Length: 504  Top ID: 100.0
		One align captures most of this contig: 21790 22293 | 1 504 | 504 504 | 100.0 | gi|125654605|ref|NC_009007.1|_Rhodobacter_sphaeroides_2.4.1_plasmid_A__partial_sequence contig261

CONTIG: contig260 (1349bp)
		This contig is unaligned. (1349 bp)
		Unaligned bases: 1349  total: 2534718

CONTIG: contig322 (9930bp)
		This contig is unaligned. (9930 bp)
		Unaligned bases: 9930  total: 2544648

CONTIG: contig262 (6568bp)
		This contig is unaligned. (6568 bp)
		Unaligned bases: 6568  total: 2551216

CONTIG: contig193 (528bp)
		This contig is unaligned. (528 bp)
		Unaligned bases: 528  total: 2551744

CONTIG: contig192 (4284bp)
		This contig is unaligned. (4284 bp)
		Unaligned bases: 4284  total: 2556028

CONTIG: contig191 (18548bp)
		This contig is unaligned. (18548 bp)
		Unaligned bases: 18548  total: 2574576

CONTIG: contig341 (7084bp)
		This contig is unaligned. (7084 bp)
		Unaligned bases: 7084  total: 2581660

CONTIG: contig269 (3442bp)
		This contig is unaligned. (3442 bp)
		Unaligned bases: 3442  total: 2585102

CONTIG: contig268 (4072bp)
		This contig is unaligned. (4072 bp)
		Unaligned bases: 4072  total: 2589174

CONTIG: contig344 (13495bp)
		This contig is unaligned. (13495 bp)
		Unaligned bases: 13495  total: 2602669

CONTIG: contig303 (31012bp)
		This contig is unaligned. (31012 bp)
		Unaligned bases: 31012  total: 2633681

CONTIG: contig526 (41186bp)
		This contig is unaligned. (41186 bp)
		Unaligned bases: 41186  total: 2674867

CONTIG: contig578 (511bp)
		This contig is unaligned. (511 bp)
		Unaligned bases: 511  total: 2675378

CONTIG: contig342 (12570bp)
		This contig is unaligned. (12570 bp)
		Unaligned bases: 12570  total: 2687948

CONTIG: contig75 (2513bp)
Top Length: 2513  Top ID: 100.0
		One align captures most of this contig: 75652 78164 | 1 2513 | 2513 2513 | 100.0 | gi|125654605|ref|NC_009007.1|_Rhodobacter_sphaeroides_2.4.1_plasmid_A__partial_sequence contig75

CONTIG: contig524 (6099bp)
		This contig is unaligned. (6099 bp)
		Unaligned bases: 6099  total: 2694047

CONTIG: contig343 (15637bp)
		This contig is unaligned. (15637 bp)
		Unaligned bases: 15637  total: 2709684

CONTIG: contig340 (1694bp)
		This contig is unaligned. (1694 bp)
		Unaligned bases: 1694  total: 2711378

CONTIG: contig105 (2384bp)
		This contig is unaligned. (2384 bp)
		Unaligned bases: 2384  total: 2713762

CONTIG: contig5 (30207bp)
		This contig is unaligned. (30207 bp)
		Unaligned bases: 30207  total: 2743969

CONTIG: contig580 (3112bp)
		This contig is unaligned. (3112 bp)
		Unaligned bases: 3112  total: 2747081

CONTIG: contig4 (32776bp)
		This contig is unaligned. (32776 bp)
		Unaligned bases: 32776  total: 2779857

CONTIG: contig461 (4717bp)
		This contig is unaligned. (4717 bp)
		Unaligned bases: 4717  total: 2784574

CONTIG: contig647 (1037bp)
Top Length: 1037  Top ID: 100.0
		One align captures most of this contig: 84608 85644 | 1037 1 | 1037 1037 | 100.0 | gi|125654605|ref|NC_009007.1|_Rhodobacter_sphaeroides_2.4.1_plasmid_A__partial_sequence contig647

CONTIG: contig276 (2507bp)
		This contig is unaligned. (2507 bp)
		Unaligned bases: 2507  total: 2787081

CONTIG: contig277 (8133bp)
		This contig is unaligned. (8133 bp)
		Unaligned bases: 8133  total: 2795214

CONTIG: contig274 (13887bp)
		This contig is unaligned. (13887 bp)
		Unaligned bases: 13887  total: 2809101

CONTIG: contig275 (12146bp)
		This contig is unaligned. (12146 bp)
		Unaligned bases: 12146  total: 2821247

CONTIG: contig272 (5479bp)
		This contig is unaligned. (5479 bp)
		Unaligned bases: 5479  total: 2826726

CONTIG: contig227 (19971bp)
		This contig is unaligned. (19971 bp)
		Unaligned bases: 19971  total: 2846697

CONTIG: contig270 (47486bp)
		This contig is unaligned. (47486 bp)
		Unaligned bases: 47486  total: 2894183

CONTIG: contig271 (3235bp)
		This contig is unaligned. (3235 bp)
		Unaligned bases: 3235  total: 2897418

CONTIG: contig463 (23762bp)
		This contig is unaligned. (23762 bp)
		Unaligned bases: 23762  total: 2921180

CONTIG: contig363 (8562bp)
		This contig is unaligned. (8562 bp)
		Unaligned bases: 8562  total: 2929742

CONTIG: contig375 (10803bp)
		This contig is unaligned. (10803 bp)
		Unaligned bases: 10803  total: 2940545

CONTIG: contig226 (50143bp)
		This contig is unaligned. (50143 bp)
		Unaligned bases: 50143  total: 2990688

CONTIG: contig373 (10964bp)
		This contig is unaligned. (10964 bp)
		Unaligned bases: 10964  total: 3001652

CONTIG: contig181 (702bp)
		This contig is unaligned. (702 bp)
		Unaligned bases: 702  total: 3002354

CONTIG: contig182 (693bp)
		This contig is unaligned. (693 bp)
		Unaligned bases: 693  total: 3003047

CONTIG: contig183 (1484bp)
		This contig is unaligned. (1484 bp)
		Unaligned bases: 1484  total: 3004531

CONTIG: contig482 (7261bp)
		This contig is unaligned. (7261 bp)
		Unaligned bases: 7261  total: 3011792

CONTIG: contig125 (71713bp)
		This contig is unaligned. (71713 bp)
		Unaligned bases: 71713  total: 3083505

CONTIG: contig649 (639bp)
Top Length: 639  Top ID: 100.0
		One align captures most of this contig: 86619 87257 | 639 1 | 639 639 | 100.0 | gi|125654605|ref|NC_009007.1|_Rhodobacter_sphaeroides_2.4.1_plasmid_A__partial_sequence contig649

CONTIG: contig561 (526bp)
		This contig is unaligned. (526 bp)
		Unaligned bases: 526  total: 3084031

CONTIG: contig401 (39468bp)
		This contig is unaligned. (39468 bp)
		Unaligned bases: 39468  total: 3123499

CONTIG: contig400 (7346bp)
		This contig is unaligned. (7346 bp)
		Unaligned bases: 7346  total: 3130845

CONTIG: contig402 (2978bp)
		This contig is unaligned. (2978 bp)
		Unaligned bases: 2978  total: 3133823

CONTIG: contig462 (29565bp)
		This contig is unaligned. (29565 bp)
		Unaligned bases: 29565  total: 3163388

CONTIG: contig542 (5191bp)
		This contig is unaligned. (5191 bp)
		Unaligned bases: 5191  total: 3168579

CONTIG: contig491 (2708bp)
		This contig is unaligned. (2708 bp)
		Unaligned bases: 2708  total: 3171287

CONTIG: contig484 (2169bp)
		This contig is unaligned. (2169 bp)
		Unaligned bases: 2169  total: 3173456

CONTIG: contig481 (1440bp)
		This contig is unaligned. (1440 bp)
		Unaligned bases: 1440  total: 3174896

CONTIG: contig249 (26634bp)
		This contig is unaligned. (26634 bp)
		Unaligned bases: 26634  total: 3201530

CONTIG: contig331 (4673bp)
		This contig is unaligned. (4673 bp)
		Unaligned bases: 4673  total: 3206203

CONTIG: contig358 (21554bp)
		This contig is unaligned. (21554 bp)
		Unaligned bases: 21554  total: 3227757

CONTIG: contig243 (14708bp)
		This contig is unaligned. (14708 bp)
		Unaligned bases: 14708  total: 3242465

CONTIG: contig240 (52650bp)
		This contig is unaligned. (52650 bp)
		Unaligned bases: 52650  total: 3295115

CONTIG: contig247 (2255bp)
		This contig is unaligned. (2255 bp)
		Unaligned bases: 2255  total: 3297370

CONTIG: contig246 (6602bp)
		This contig is unaligned. (6602 bp)
		Unaligned bases: 6602  total: 3303972

CONTIG: contig245 (19042bp)
		This contig is unaligned. (19042 bp)
		Unaligned bases: 19042  total: 3323014

CONTIG: contig244 (48910bp)
		This contig is unaligned. (48910 bp)
		Unaligned bases: 48910  total: 3371924

CONTIG: contig531 (18869bp)
		This contig is unaligned. (18869 bp)
		Unaligned bases: 18869  total: 3390793

CONTIG: contig324 (6541bp)
		This contig is unaligned. (6541 bp)
		Unaligned bases: 6541  total: 3397334

CONTIG: contig316 (5184bp)
Top Length: 5184  Top ID: 100.0
		One align captures most of this contig: 15989 21172 | 1 5184 | 5184 5184 | 100.0 | gi|125654605|ref|NC_009007.1|_Rhodobacter_sphaeroides_2.4.1_plasmid_A__partial_sequence contig316

CONTIG: contig364 (35087bp)
		This contig is unaligned. (35087 bp)
		Unaligned bases: 35087  total: 3432421

CONTIG: contig365 (5140bp)
		This contig is unaligned. (5140 bp)
		Unaligned bases: 5140  total: 3437561

CONTIG: contig366 (3985bp)
		This contig is unaligned. (3985 bp)
		Unaligned bases: 3985  total: 3441546

CONTIG: contig229 (6662bp)
		This contig is unaligned. (6662 bp)
		Unaligned bases: 6662  total: 3448208

CONTIG: contig179 (2965bp)
		This contig is unaligned. (2965 bp)
		Unaligned bases: 2965  total: 3451173

CONTIG: contig178 (9246bp)
		This contig is unaligned. (9246 bp)
		Unaligned bases: 9246  total: 3460419

CONTIG: contig470 (1191bp)
		This contig is unaligned. (1191 bp)
		Unaligned bases: 1191  total: 3461610

CONTIG: contig471 (12649bp)
		This contig is unaligned. (12649 bp)
		Unaligned bases: 12649  total: 3474259

CONTIG: contig472 (23979bp)
		This contig is unaligned. (23979 bp)
		Unaligned bases: 23979  total: 3498238

CONTIG: contig473 (2336bp)
		This contig is unaligned. (2336 bp)
		Unaligned bases: 2336  total: 3500574

CONTIG: contig650 (948bp)
Top Length: 948  Top ID: 100.0
		One align captures most of this contig: 87388 88335 | 948 1 | 948 948 | 100.0 | gi|125654605|ref|NC_009007.1|_Rhodobacter_sphaeroides_2.4.1_plasmid_A__partial_sequence contig650

CONTIG: contig480 (26426bp)
		This contig is unaligned. (26426 bp)
		Unaligned bases: 26426  total: 3527000

CONTIG: contig465 (2306bp)
		This contig is unaligned. (2306 bp)
		Unaligned bases: 2306  total: 3529306

CONTIG: contig313 (1042bp)
		This contig is unaligned. (1042 bp)
		Unaligned bases: 1042  total: 3530348

CONTIG: contig392 (3586bp)
		This contig is unaligned. (3586 bp)
		Unaligned bases: 3586  total: 3533934

CONTIG: contig523 (3380bp)
		This contig is unaligned. (3380 bp)
		Unaligned bases: 3380  total: 3537314

CONTIG: contig460 (3072bp)
		This contig is unaligned. (3072 bp)
		Unaligned bases: 3072  total: 3540386

CONTIG: contig323 (8062bp)
		This contig is unaligned. (8062 bp)
		Unaligned bases: 8062  total: 3548448

CONTIG: contig415 (1835bp)
		This contig is unaligned. (1835 bp)
		Unaligned bases: 1835  total: 3550283

CONTIG: contig17 (22495bp)
		This contig is unaligned. (22495 bp)
		Unaligned bases: 22495  total: 3572778

CONTIG: contig351 (48695bp)
		This contig is unaligned. (48695 bp)
		Unaligned bases: 48695  total: 3621473

CONTIG: contig15 (25676bp)
		This contig is unaligned. (25676 bp)
		Unaligned bases: 25676  total: 3647149

CONTIG: contig14 (5275bp)
		This contig is unaligned. (5275 bp)
		Unaligned bases: 5275  total: 3652424

CONTIG: contig13 (23233bp)
		This contig is unaligned. (23233 bp)
		Unaligned bases: 23233  total: 3675657

CONTIG: contig12 (39660bp)
		This contig is unaligned. (39660 bp)
		Unaligned bases: 39660  total: 3715317

CONTIG: contig11 (20501bp)
		This contig is unaligned. (20501 bp)
		Unaligned bases: 20501  total: 3735818

CONTIG: contig10 (4938bp)
		This contig is unaligned. (4938 bp)
		Unaligned bases: 4938  total: 3740756

CONTIG: contig395 (70228bp)
		This contig is unaligned. (70228 bp)
		Unaligned bases: 70228  total: 3810984

CONTIG: contig283 (19837bp)
		This contig is unaligned. (19837 bp)
		Unaligned bases: 19837  total: 3830821

CONTIG: contig396 (44745bp)
		This contig is unaligned. (44745 bp)
		Unaligned bases: 44745  total: 3875566

CONTIG: contig391 (13982bp)
		This contig is unaligned. (13982 bp)
		Unaligned bases: 13982  total: 3889548

CONTIG: contig390 (3491bp)
		This contig is unaligned. (3491 bp)
		Unaligned bases: 3491  total: 3893039

CONTIG: contig19 (712bp)
		This contig is unaligned. (712 bp)
		Unaligned bases: 712  total: 3893751

CONTIG: contig18 (15528bp)
		This contig is unaligned. (15528 bp)
		Unaligned bases: 15528  total: 3909279

CONTIG: contig483 (983bp)
		This contig is unaligned. (983 bp)
		Unaligned bases: 983  total: 3910262

CONTIG: contig352 (32812bp)
		This contig is unaligned. (32812 bp)
		Unaligned bases: 32812  total: 3943074

CONTIG: contig258 (3975bp)
		This contig is unaligned. (3975 bp)
		Unaligned bases: 3975  total: 3947049

CONTIG: contig259 (45852bp)
		This contig is unaligned. (45852 bp)
		Unaligned bases: 45852  total: 3992901

CONTIG: contig254 (40533bp)
		This contig is unaligned. (40533 bp)
		Unaligned bases: 40533  total: 4033434

CONTIG: contig255 (35067bp)
		This contig is unaligned. (35067 bp)
		Unaligned bases: 35067  total: 4068501

CONTIG: contig256 (23735bp)
		This contig is unaligned. (23735 bp)
		Unaligned bases: 23735  total: 4092236

CONTIG: contig257 (12517bp)
		This contig is unaligned. (12517 bp)
		Unaligned bases: 12517  total: 4104753

CONTIG: contig250 (26032bp)
		This contig is unaligned. (26032 bp)
		Unaligned bases: 26032  total: 4130785

CONTIG: contig251 (6239bp)
		This contig is unaligned. (6239 bp)
		Unaligned bases: 6239  total: 4137024

CONTIG: contig252 (10816bp)
		This contig is unaligned. (10816 bp)
		Unaligned bases: 10816  total: 4147840

CONTIG: contig253 (2040bp)
		This contig is unaligned. (2040 bp)
		Unaligned bases: 2040  total: 4149880

CONTIG: contig329 (14689bp)
		This contig is unaligned. (14689 bp)
		Unaligned bases: 14689  total: 4164569

CONTIG: contig163 (1752bp)
		This contig is unaligned. (1752 bp)
		Unaligned bases: 1752  total: 4166321

CONTIG: contig160 (20265bp)
		This contig is unaligned. (20265 bp)
		Unaligned bases: 20265  total: 4186586

CONTIG: contig161 (18363bp)
		This contig is unaligned. (18363 bp)
		Unaligned bases: 18363  total: 4204949

CONTIG: contig485 (41327bp)
		This contig is unaligned. (41327 bp)
		Unaligned bases: 41327  total: 4246276

CONTIG: contig310 (6873bp)
		This contig is unaligned. (6873 bp)
		Unaligned bases: 6873  total: 4253149

CONTIG: contig164 (1322bp)
Top Length: 1322  Top ID: 100.0
		One align captures most of this contig: 78585 79906 | 1322 1 | 1322 1322 | 100.0 | gi|125654605|ref|NC_009007.1|_Rhodobacter_sphaeroides_2.4.1_plasmid_A__partial_sequence contig164

CONTIG: contig325 (18153bp)
		This contig is unaligned. (18153 bp)
		Unaligned bases: 18153  total: 4271302

CONTIG: contig84 (1681bp)
		This contig is unaligned. (1681 bp)
		Unaligned bases: 1681  total: 4272983

CONTIG: contig530 (688bp)
		This contig is unaligned. (688 bp)
		Unaligned bases: 688  total: 4273671

CONTIG: contig87 (2144bp)
		This contig is unaligned. (2144 bp)
		Unaligned bases: 2144  total: 4275815

CONTIG: contig319 (20330bp)
		This contig is unaligned. (20330 bp)
		Unaligned bases: 20330  total: 4296145

CONTIG: contig318 (5938bp)
		This contig is unaligned. (5938 bp)
		Unaligned bases: 5938  total: 4302083

CONTIG: contig350 (17587bp)
		This contig is unaligned. (17587 bp)
		Unaligned bases: 17587  total: 4319670

CONTIG: contig83 (1477bp)
		This contig is unaligned. (1477 bp)
		Unaligned bases: 1477  total: 4321147

Analyzing coverage...
Writing SNPs into /usit/invitro/data/galaxy/master/sabbai/galaxy-dist/database/job_working_directory/000/732/dataset_769_files/contigs_reports/nucmer_output/RS-M-Velvet.used_snps
	Reference gi|125654605|ref|NC_009007.1|_Rhodobacter_sphaeroides_2.4.1_plasmid_A__partial_sequence: 23 total alignments. 1 total regions.
		Region: 1 to 114045 (114045 bp)
			START in gap: 1 to 299 (298 bp)
			Align 1: 299 2527 contig203 2229 1
				Gap between this and next alignment: 2527 to 2622 (94 bp)
				Next Alignment: 2622 16017 contig123 1 13396

			Align 2: 2622 16017 contig123 1 13396
				Negative gap (overlap) between this and next alignment: 16017 to 15989 (-28 bp)
				Next Alignment: 15989 21172 contig316 1 5184

			Previous gap was negative, modifying coordinates to ignore overlap
				Moving contig start from 1 to 30.
			Align 3: 16018 21172 contig316 30 5184
				Gap between this and next alignment: 21172 to 21790 (617 bp)
				Next Alignment: 21790 22293 contig261 1 504

			Align 4: 21790 22293 contig261 1 504
				Gap between this and next alignment: 22293 to 25143 (2849 bp)
				Next Alignment: 25143 27227 contig625 1 2085

			Align 5: 25143 27227 contig625 1 2085
				Gap between this and next alignment: 27227 to 28677 (1449 bp)
				Next Alignment: 28677 42339 contig210 13663 1

			Align 6: 28677 42339 contig210 13663 1
				Negative gap (overlap) between this and next alignment: 42339 to 42335 (-4 bp)
				Next Alignment: 42335 45203 contig453 1 2869

			Previous gap was negative, modifying coordinates to ignore overlap
				Moving contig start from 1 to 6.
			Align 7: 42340 45203 contig453 6 2869
				Gap between this and next alignment: 45203 to 45319 (115 bp)
				Next Alignment: 45319 64463 contig117 1 19145

			Align 8: 45319 64463 contig117 1 19145
				Next Alignment: 64464 64967 contig7 21821 21319

			Align 9: 64464 64967 contig7 21821 21319
				Gap between this and next alignment: 64967 to 65687 (719 bp)
				Next Alignment: 65687 70593 contig293 4907 1

			Align 10: 65687 70593 contig293 4907 1
				Gap between this and next alignment: 70593 to 71653 (1059 bp)
				Next Alignment: 71653 72568 contig428 1 916

			Align 11: 71653 72568 contig428 1 916
				Gap between this and next alignment: 72568 to 72926 (357 bp)
				Next Alignment: 72926 75584 contig94 2659 1

			Align 12: 72926 75584 contig94 2659 1
				Gap between this and next alignment: 75584 to 75652 (67 bp)
				Next Alignment: 75652 78164 contig75 1 2513

			Align 13: 75652 78164 contig75 1 2513
				Gap between this and next alignment: 78164 to 78585 (420 bp)
				Next Alignment: 78585 79906 contig164 1322 1

			Align 14: 78585 79906 contig164 1322 1
				Negative gap (overlap) between this and next alignment: 79906 to 79889 (-17 bp)
				Next Alignment: 79889 80913 contig398 1 1025

			Previous gap was negative, modifying coordinates to ignore overlap
				Moving contig start from 1 to 19.
			Align 15: 79907 80913 contig398 19 1025
				Gap between this and next alignment: 80913 to 81416 (502 bp)
				Next Alignment: 81416 82977 contig127 1 1562

			Align 16: 81416 82977 contig127 1 1562
				Gap between this and next alignment: 82977 to 84608 (1630 bp)
				Next Alignment: 84608 85644 contig647 1037 1

			Align 17: 84608 85644 contig647 1037 1
				Gap between this and next alignment: 85644 to 86619 (974 bp)
				Next Alignment: 86619 87257 contig649 639 1

			Align 18: 86619 87257 contig649 639 1
				Gap between this and next alignment: 87257 to 87388 (130 bp)
				Next Alignment: 87388 88335 contig650 948 1

			Align 19: 87388 88335 contig650 948 1
				Gap between this and next alignment: 88335 to 90982 (2646 bp)
				Next Alignment: 90982 91637 contig2 950 1606

			Align 20: 90982 91637 contig2 950 1606
				Negative gap (overlap) between this and next alignment: 91637 to 91609 (-28 bp)
				Next Alignment: 91609 94411 contig386 1 2803

			Previous gap was negative, modifying coordinates to ignore overlap
				Moving contig start from 1 to 30.
			Align 21: 91638 94411 contig386 30 2803
				Gap between this and next alignment: 94411 to 94485 (73 bp)
				Next Alignment: 94485 97906 contig339 1 3422

			Align 22: 94485 97906 contig339 1 3422
				Negative gap (overlap) between this and next alignment: 97906 to 97901 (-5 bp)
				Next Alignment: 97901 114029 contig198 16131 3

			Previous gap was negative, modifying coordinates to ignore overlap
				Moving contig start from 16131 to 16125.
			Align 23: 97907 114029 contig198 16125 3
			END in gap: 114029 to 114045 (16 bp)

Analysis is finished!
Founded SNPs were written into /usit/invitro/data/galaxy/master/sabbai/galaxy-dist/database/job_working_directory/000/732/dataset_769_files/contigs_reports/nucmer_output/RS-M-Velvet.used_snps

Results:
	Local Misassemblies: 0
	Misassemblies: 0
		Relocations: 0
		Translocations: 0
		Inversions: 0
	Misassembled Contigs: 0
	Misassembled Contig Bases: 0
	Misassmblies Inter-Contig Overlap: 0
Uncovered Regions: 0 (0)
Unaligned Contigs: 308 + 4 part
Partially Unaligned Contigs with Misassemblies: 1
Unaligned Contig Bases: 4384090

Ambiguously Mapped Contigs: 0
Total Bases in Ambiguously Mapped Contigs: 0
Note that --allow-ambiguity option was set to "one" and only first alignment per each contig was used.

	Covered Bases: 100030

	SNPs: 36
	Insertions: 2
	Deletions: 2

	Positive Gaps: 18
		Internal Gaps:  0
		External Gaps:  18
		External Gap Total:  14015
		External Gap Average: 779
	Negative Gaps: 5
		Internal Overlaps:  0
		External Overlaps:  5
		External Overlaps Total: -82
		External Overlaps Average: -16
	Contigs with Redundant Alignments: 0 (0)
