Aligning contigs to reference...
	Running Nucmer...
Parsing coords...
Loading Assembly...
Loading reference...
	Loaded [gi|42779081|ref|NC_003909.8|_Bacillus_cereus_ATCC_10987__complete_genome]
	Loaded [gi|44004339|ref|NC_005707.1|_Bacillus_cereus_ATCC_10987_plasmid_pBc10987__complete_sequence]
Loading SNPs...
Loading regions...
	No regions given, using whole reference.
	Total Regions: 2
	Total Region Length: 5432652
Analyzing contigs...
CONTIG: scaffold-42_6256 (6256bp)
		This contig is unaligned. (6256 bp)
		Unaligned bases: 6256  total: 6256

CONTIG: scaffold-358_678 (678bp)
		This contig is unaligned. (678 bp)
		Unaligned bases: 678  total: 6934

CONTIG: scaffold-175_7678 (7678bp)
		This contig is unaligned. (7678 bp)
		Unaligned bases: 7678  total: 14612

CONTIG: scaffold-226_5086 (5086bp)
		This contig is unaligned. (5086 bp)
		Unaligned bases: 5086  total: 19698

CONTIG: scaffold-215_3609 (3609bp)
		This contig is unaligned. (3609 bp)
		Unaligned bases: 3609  total: 23307

CONTIG: scaffold-88_6058 (6058bp)
		This contig is unaligned. (6058 bp)
		Unaligned bases: 6058  total: 29365

CONTIG: scaffold-126_1839 (1839bp)
		This contig is unaligned. (1839 bp)
		Unaligned bases: 1839  total: 31204

CONTIG: scaffold-203_2761 (2761bp)
		This contig is unaligned. (2761 bp)
		Unaligned bases: 2761  total: 33965

CONTIG: scaffold-190_1606 (1606bp)
		This contig is unaligned. (1606 bp)
		Unaligned bases: 1606  total: 35571

CONTIG: scaffold-163_6163 (6163bp)
		This contig is unaligned. (6163 bp)
		Unaligned bases: 6163  total: 41734

CONTIG: scaffold-180_4086 (4086bp)
		This contig is unaligned. (4086 bp)
		Unaligned bases: 4086  total: 45820

CONTIG: scaffold-258_23397 (23397bp)
		This contig is unaligned. (23397 bp)
		Unaligned bases: 23397  total: 69217

CONTIG: scaffold-248_6074 (6074bp)
		This contig is unaligned. (6074 bp)
		Unaligned bases: 6074  total: 75291

CONTIG: scaffold-13_2216 (2216bp)
		This contig is unaligned. (2216 bp)
		Unaligned bases: 2216  total: 77507

CONTIG: scaffold-92_4926 (4926bp)
		This contig is unaligned. (4926 bp)
		Unaligned bases: 4926  total: 82433

CONTIG: scaffold-12_8196 (8196bp)
		This contig is unaligned. (8196 bp)
		Unaligned bases: 8196  total: 90629

CONTIG: scaffold-367_2506 (2506bp)
		This contig is unaligned. (2506 bp)
		Unaligned bases: 2506  total: 93135

CONTIG: scaffold-139_5405 (5405bp)
		This contig is unaligned. (5405 bp)
		Unaligned bases: 5405  total: 98540

CONTIG: scaffold-259_1226 (1226bp)
		This contig is unaligned. (1226 bp)
		Unaligned bases: 1226  total: 99766

CONTIG: scaffold-191_7204 (7204bp)
		This contig is unaligned. (7204 bp)
		Unaligned bases: 7204  total: 106970

CONTIG: scaffold-252_5420 (5420bp)
		This contig is unaligned. (5420 bp)
		Unaligned bases: 5420  total: 112390

CONTIG: scaffold-24_3090 (3090bp)
		This contig is unaligned. (3090 bp)
		Unaligned bases: 3090  total: 115480

CONTIG: scaffold-120_1765 (1765bp)
		This contig is unaligned. (1765 bp)
		Unaligned bases: 1765  total: 117245

CONTIG: scaffold-79_890 (890bp)
		This contig is unaligned. (890 bp)
		Unaligned bases: 890  total: 118135

CONTIG: scaffold-287_37136 (37136bp)
		This contig is unaligned. (37136 bp)
		Unaligned bases: 37136  total: 155271

CONTIG: scaffold-149_1619 (1619bp)
		This contig is unaligned. (1619 bp)
		Unaligned bases: 1619  total: 156890

CONTIG: scaffold-47_42348 (42348bp)
		This contig is unaligned. (42348 bp)
		Unaligned bases: 42348  total: 199238

CONTIG: scaffold-64_18048 (18048bp)
		This contig is unaligned. (18048 bp)
		Unaligned bases: 18048  total: 217286

CONTIG: scaffold-255_6086 (6086bp)
		This contig is unaligned. (6086 bp)
		Unaligned bases: 6086  total: 223372

CONTIG: scaffold-61_9281 (9281bp)
		This contig is unaligned. (9281 bp)
		Unaligned bases: 9281  total: 232653

CONTIG: scaffold-162_1057 (1057bp)
		This contig is unaligned. (1057 bp)
		Unaligned bases: 1057  total: 233710

CONTIG: scaffold-78_2676 (2676bp)
		This contig is unaligned. (2676 bp)
		Unaligned bases: 2676  total: 236386

CONTIG: scaffold-121_2033 (2033bp)
		This contig is unaligned. (2033 bp)
		Unaligned bases: 2033  total: 238419

CONTIG: scaffold-312_796 (796bp)
		This contig is unaligned. (796 bp)
		Unaligned bases: 796  total: 239215

CONTIG: scaffold-142_5469 (5469bp)
		This contig is unaligned. (5469 bp)
		Unaligned bases: 5469  total: 244684

CONTIG: scaffold-158_2911 (2911bp)
		This contig is unaligned. (2911 bp)
		Unaligned bases: 2911  total: 247595

CONTIG: scaffold-245_13976 (13976bp)
		This contig is unaligned. (13976 bp)
		Unaligned bases: 13976  total: 261571

CONTIG: scaffold-131_16431 (16431bp)
		This contig is unaligned. (16431 bp)
		Unaligned bases: 16431  total: 278002

CONTIG: scaffold-10_8265 (8265bp)
		This contig is unaligned. (8265 bp)
		Unaligned bases: 8265  total: 286267

CONTIG: scaffold-172_12700 (12700bp)
		This contig is unaligned. (12700 bp)
		Unaligned bases: 12700  total: 298967

CONTIG: scaffold-361_3508 (3508bp)
		This contig is unaligned. (3508 bp)
		Unaligned bases: 3508  total: 302475

CONTIG: scaffold-322_29913 (29913bp)
		This contig is unaligned. (29913 bp)
		Unaligned bases: 29913  total: 332388

CONTIG: scaffold-178_591 (591bp)
		This contig is unaligned. (591 bp)
		Unaligned bases: 591  total: 332979

CONTIG: scaffold-313_661 (661bp)
		This contig is unaligned. (661 bp)
		Unaligned bases: 661  total: 333640

CONTIG: scaffold-138_5007 (5007bp)
		This contig is unaligned. (5007 bp)
		Unaligned bases: 5007  total: 338647

CONTIG: scaffold-38_2106 (2106bp)
		This contig is unaligned. (2106 bp)
		Unaligned bases: 2106  total: 340753

CONTIG: scaffold-339_8883 (8883bp)
		This contig is unaligned. (8883 bp)
		Unaligned bases: 8883  total: 349636

CONTIG: scaffold-171_3618 (3618bp)
		This contig is unaligned. (3618 bp)
		Unaligned bases: 3618  total: 353254

CONTIG: scaffold-174_2541 (2541bp)
		This contig is unaligned. (2541 bp)
		Unaligned bases: 2541  total: 355795

CONTIG: scaffold-271_4010 (4010bp)
		This contig is unaligned. (4010 bp)
		Unaligned bases: 4010  total: 359805

CONTIG: scaffold-221_7708 (7708bp)
		This contig is unaligned. (7708 bp)
		Unaligned bases: 7708  total: 367513

CONTIG: scaffold-4_2406 (2406bp)
		This contig is unaligned. (2406 bp)
		Unaligned bases: 2406  total: 369919

CONTIG: scaffold-87_2870 (2870bp)
		This contig is unaligned. (2870 bp)
		Unaligned bases: 2870  total: 372789

CONTIG: scaffold-119_1500 (1500bp)
		This contig is unaligned. (1500 bp)
		Unaligned bases: 1500  total: 374289

CONTIG: scaffold-76_22086 (22086bp)
		This contig is unaligned. (22086 bp)
		Unaligned bases: 22086  total: 396375

CONTIG: scaffold-192_9201 (9201bp)
		This contig is unaligned. (9201 bp)
		Unaligned bases: 9201  total: 405576

CONTIG: scaffold-46_8596 (8596bp)
		This contig is unaligned. (8596 bp)
		Unaligned bases: 8596  total: 414172

CONTIG: scaffold-74_4457 (4457bp)
		This contig is unaligned. (4457 bp)
		Unaligned bases: 4457  total: 418629

CONTIG: scaffold-71_899 (899bp)
		This contig is unaligned. (899 bp)
		Unaligned bases: 899  total: 419528

CONTIG: scaffold-159_1434 (1434bp)
		This contig is unaligned. (1434 bp)
		Unaligned bases: 1434  total: 420962

CONTIG: scaffold-100_9025 (9025bp)
		This contig is unaligned. (9025 bp)
		Unaligned bases: 9025  total: 429987

CONTIG: scaffold-324_750 (750bp)
		This contig is unaligned. (750 bp)
		Unaligned bases: 750  total: 430737

CONTIG: scaffold-306_35365 (35365bp)
		This contig is unaligned. (35365 bp)
		Unaligned bases: 35365  total: 466102

CONTIG: scaffold-340_4502 (4502bp)
		This contig is unaligned. (4502 bp)
		Unaligned bases: 4502  total: 470604

CONTIG: scaffold-327_1008 (1008bp)
		This contig is unaligned. (1008 bp)
		Unaligned bases: 1008  total: 471612

CONTIG: scaffold-280_1994 (1994bp)
		This contig is unaligned. (1994 bp)
		Unaligned bases: 1994  total: 473606

CONTIG: scaffold-52_7716 (7716bp)
		This contig is unaligned. (7716 bp)
		Unaligned bases: 7716  total: 481322

CONTIG: scaffold-195_3355 (3355bp)
		This contig is unaligned. (3355 bp)
		Unaligned bases: 3355  total: 484677

CONTIG: scaffold-210_50376 (50376bp)
		This contig is unaligned. (50376 bp)
		Unaligned bases: 50376  total: 535053

CONTIG: scaffold-115_3340 (3340bp)
		This contig is unaligned. (3340 bp)
		Unaligned bases: 3340  total: 538393

CONTIG: scaffold-273_8547 (8547bp)
		This contig is unaligned. (8547 bp)
		Unaligned bases: 8547  total: 546940

CONTIG: scaffold-136_14062 (14062bp)
		This contig is unaligned. (14062 bp)
		Unaligned bases: 14062  total: 561002

CONTIG: scaffold-57_1867 (1867bp)
		This contig is unaligned. (1867 bp)
		Unaligned bases: 1867  total: 562869

CONTIG: scaffold-32_31713 (31713bp)
		This contig is unaligned. (31713 bp)
		Unaligned bases: 31713  total: 594582

CONTIG: scaffold-202_4715 (4715bp)
		This contig is unaligned. (4715 bp)
		Unaligned bases: 4715  total: 599297

CONTIG: scaffold-285_45240 (45240bp)
		This contig is unaligned. (45240 bp)
		Unaligned bases: 45240  total: 644537

CONTIG: scaffold-173_6628 (6628bp)
		This contig is unaligned. (6628 bp)
		Unaligned bases: 6628  total: 651165

CONTIG: scaffold-91_602 (602bp)
		This contig is unaligned. (602 bp)
		Unaligned bases: 602  total: 651767

CONTIG: scaffold-176_28154 (28154bp)
		This contig is unaligned. (28154 bp)
		Unaligned bases: 28154  total: 679921

CONTIG: scaffold-118_3174 (3174bp)
		This contig is unaligned. (3174 bp)
		Unaligned bases: 3174  total: 683095

CONTIG: scaffold-90_1156 (1156bp)
		This contig is unaligned. (1156 bp)
		Unaligned bases: 1156  total: 684251

CONTIG: scaffold-165_28503 (28503bp)
		This contig is unaligned. (28503 bp)
		Unaligned bases: 28503  total: 712754

CONTIG: scaffold-201_1545 (1545bp)
		This contig is unaligned. (1545 bp)
		Unaligned bases: 1545  total: 714299

CONTIG: scaffold-188_501 (501bp)
		This contig is unaligned. (501 bp)
		Unaligned bases: 501  total: 714800

CONTIG: scaffold-66_7739 (7739bp)
		This contig is unaligned. (7739 bp)
		Unaligned bases: 7739  total: 722539

CONTIG: scaffold-208_7470 (7470bp)
		This contig is unaligned. (7470 bp)
		Unaligned bases: 7470  total: 730009

CONTIG: scaffold-1_7084 (7084bp)
		This contig is unaligned. (7084 bp)
		Unaligned bases: 7084  total: 737093

CONTIG: scaffold-9_45624 (45624bp)
		This contig is unaligned. (45624 bp)
		Unaligned bases: 45624  total: 782717

CONTIG: scaffold-239_17166 (17166bp)
		This contig is unaligned. (17166 bp)
		Unaligned bases: 17166  total: 799883

CONTIG: scaffold-254_14552 (14552bp)
		This contig is unaligned. (14552 bp)
		Unaligned bases: 14552  total: 814435

CONTIG: scaffold-68_11148 (11148bp)
		This contig is unaligned. (11148 bp)
		Unaligned bases: 11148  total: 825583

CONTIG: scaffold-105_542 (542bp)
		This contig is unaligned. (542 bp)
		Unaligned bases: 542  total: 826125

CONTIG: scaffold-334_753 (753bp)
		This contig is unaligned. (753 bp)
		Unaligned bases: 753  total: 826878

CONTIG: scaffold-93_15281 (15281bp)
		This contig is unaligned. (15281 bp)
		Unaligned bases: 15281  total: 842159

CONTIG: scaffold-23_2414 (2414bp)
		This contig is unaligned. (2414 bp)
		Unaligned bases: 2414  total: 844573

CONTIG: scaffold-372_27680 (27680bp)
		This contig is unaligned. (27680 bp)
		Unaligned bases: 27680  total: 872253

CONTIG: scaffold-110_10992 (10992bp)
		This contig is unaligned. (10992 bp)
		Unaligned bases: 10992  total: 883245

CONTIG: scaffold-250_9464 (9464bp)
		This contig is unaligned. (9464 bp)
		Unaligned bases: 9464  total: 892709

CONTIG: scaffold-338_15923 (15923bp)
		This contig is unaligned. (15923 bp)
		Unaligned bases: 15923  total: 908632

CONTIG: scaffold-73_655 (655bp)
		This contig is unaligned. (655 bp)
		Unaligned bases: 655  total: 909287

CONTIG: scaffold-283_1095 (1095bp)
		This contig is unaligned. (1095 bp)
		Unaligned bases: 1095  total: 910382

CONTIG: scaffold-261_552 (552bp)
		This contig is unaligned. (552 bp)
		Unaligned bases: 552  total: 910934

CONTIG: scaffold-251_674 (674bp)
		This contig is unaligned. (674 bp)
		Unaligned bases: 674  total: 911608

CONTIG: scaffold-233_7992 (7992bp)
		This contig is unaligned. (7992 bp)
		Unaligned bases: 7992  total: 919600

CONTIG: scaffold-227_7985 (7985bp)
		This contig is unaligned. (7985 bp)
		Unaligned bases: 7985  total: 927585

CONTIG: scaffold-183_59512 (59512bp)
		This contig is unaligned. (59512 bp)
		Unaligned bases: 59512  total: 987097

CONTIG: scaffold-302_9101 (9101bp)
		This contig is unaligned. (9101 bp)
		Unaligned bases: 9101  total: 996198

CONTIG: scaffold-264_1143 (1143bp)
		This contig is unaligned. (1143 bp)
		Unaligned bases: 1143  total: 997341

CONTIG: scaffold-132_2138 (2138bp)
		This contig is unaligned. (2138 bp)
		Unaligned bases: 2138  total: 999479

CONTIG: scaffold-146_11530 (11530bp)
		This contig is unaligned. (11530 bp)
		Unaligned bases: 11530  total: 1011009

CONTIG: scaffold-344_616 (616bp)
		This contig is unaligned. (616 bp)
		Unaligned bases: 616  total: 1011625

CONTIG: scaffold-270_2357 (2357bp)
		This contig is unaligned. (2357 bp)
		Unaligned bases: 2357  total: 1013982

CONTIG: scaffold-238_1636 (1636bp)
		This contig is unaligned. (1636 bp)
		Unaligned bases: 1636  total: 1015618

CONTIG: scaffold-21_30646 (30646bp)
		This contig is unaligned. (30646 bp)
		Unaligned bases: 30646  total: 1046264

CONTIG: scaffold-20_7665 (7665bp)
		This contig is unaligned. (7665 bp)
		Unaligned bases: 7665  total: 1053929

CONTIG: scaffold-274_1932 (1932bp)
		This contig is unaligned. (1932 bp)
		Unaligned bases: 1932  total: 1055861

CONTIG: scaffold-69_11075 (11075bp)
		This contig is unaligned. (11075 bp)
		Unaligned bases: 11075  total: 1066936

CONTIG: scaffold-357_23414 (23414bp)
		This contig is unaligned. (23414 bp)
		Unaligned bases: 23414  total: 1090350

CONTIG: scaffold-112_1709 (1709bp)
		This contig is unaligned. (1709 bp)
		Unaligned bases: 1709  total: 1092059

CONTIG: scaffold-27_513 (513bp)
		This contig is unaligned. (513 bp)
		Unaligned bases: 513  total: 1092572

CONTIG: scaffold-161_16733 (16733bp)
		This contig is unaligned. (16733 bp)
		Unaligned bases: 16733  total: 1109305

CONTIG: scaffold-34_10868 (10868bp)
		This contig is unaligned. (10868 bp)
		Unaligned bases: 10868  total: 1120173

CONTIG: scaffold-224_4773 (4773bp)
		This contig is unaligned. (4773 bp)
		Unaligned bases: 4773  total: 1124946

CONTIG: scaffold-257_1529 (1529bp)
		This contig is unaligned. (1529 bp)
		Unaligned bases: 1529  total: 1126475

CONTIG: scaffold-214_29729 (29729bp)
		This contig is unaligned. (29729 bp)
		Unaligned bases: 29729  total: 1156204

CONTIG: scaffold-113_1606 (1606bp)
		This contig is unaligned. (1606 bp)
		Unaligned bases: 1606  total: 1157810

CONTIG: scaffold-103_3311 (3311bp)
		This contig is unaligned. (3311 bp)
		Unaligned bases: 3311  total: 1161121

CONTIG: scaffold-19_69838 (69838bp)
		This contig is unaligned. (69838 bp)
		Unaligned bases: 69838  total: 1230959

CONTIG: scaffold-299_5766 (5766bp)
		This contig is unaligned. (5766 bp)
		Unaligned bases: 5766  total: 1236725

CONTIG: scaffold-348_4582 (4582bp)
		This contig is unaligned. (4582 bp)
		Unaligned bases: 4582  total: 1241307

CONTIG: scaffold-29_616 (616bp)
		This contig is unaligned. (616 bp)
		Unaligned bases: 616  total: 1241923

CONTIG: scaffold-268_6956 (6956bp)
		This contig is unaligned. (6956 bp)
		Unaligned bases: 6956  total: 1248879

CONTIG: scaffold-368_8475 (8475bp)
		This contig is unaligned. (8475 bp)
		Unaligned bases: 8475  total: 1257354

CONTIG: scaffold-22_2198 (2198bp)
		This contig is unaligned. (2198 bp)
		Unaligned bases: 2198  total: 1259552

CONTIG: scaffold-130_3134 (3134bp)
		This contig is unaligned. (3134 bp)
		Unaligned bases: 3134  total: 1262686

CONTIG: scaffold-167_2672 (2672bp)
Top Length: 83  Top ID: 98.8
		Skipping redundant alignments after choosing the best set of alignments
		Skipping [5140981][5141063] redundant alignment 5140981 5141063 | 83 1 | 83 83 | 98.8 | gi|42779081|ref|NC_003909.8|_Bacillus_cereus_ATCC_10987__complete_genome scaffold-167_2672
		This contig is partially unaligned. (83 out of 2672)
		Alignment: 2565773 2565855 | 1 83 | 83 83 | 98.8 | gi|42779081|ref|NC_003909.8|_Bacillus_cereus_ATCC_10987__complete_genome scaffold-167_2672
		Unaligned bases: 84 to 2672 (2589)

CONTIG: scaffold-26_4395 (4395bp)
		This contig is unaligned. (4395 bp)
		Unaligned bases: 4395  total: 1267081

CONTIG: scaffold-237_3416 (3416bp)
		This contig is unaligned. (3416 bp)
		Unaligned bases: 3416  total: 1270497

CONTIG: scaffold-2_1236 (1236bp)
		This contig is unaligned. (1236 bp)
		Unaligned bases: 1236  total: 1271733

CONTIG: scaffold-314_2158 (2158bp)
		This contig is unaligned. (2158 bp)
		Unaligned bases: 2158  total: 1273891

CONTIG: scaffold-277_4388 (4388bp)
		This contig is unaligned. (4388 bp)
		Unaligned bases: 4388  total: 1278279

CONTIG: scaffold-211_23901 (23901bp)
		This contig is unaligned. (23901 bp)
		Unaligned bases: 23901  total: 1302180

CONTIG: scaffold-267_5974 (5974bp)
		This contig is unaligned. (5974 bp)
		Unaligned bases: 5974  total: 1308154

CONTIG: scaffold-157_5210 (5210bp)
		This contig is unaligned. (5210 bp)
		Unaligned bases: 5210  total: 1313364

CONTIG: scaffold-317_48605 (48605bp)
		This contig is unaligned. (48605 bp)
		Unaligned bases: 48605  total: 1361969

CONTIG: scaffold-230_3077 (3077bp)
Top Length: 187  Top ID: 96.79
		This contig is partially unaligned. (187 out of 3077)
		Alignment: 3127237 3127421 | 2891 3077 | 185 187 | 96.79 | gi|42779081|ref|NC_003909.8|_Bacillus_cereus_ATCC_10987__complete_genome scaffold-230_3077
		Unaligned bases: 1 to 2890 (2890)

CONTIG: scaffold-62_588 (588bp)
		This contig is unaligned. (588 bp)
		Unaligned bases: 588  total: 1362557

CONTIG: scaffold-213_7978 (7978bp)
		This contig is unaligned. (7978 bp)
		Unaligned bases: 7978  total: 1370535

CONTIG: scaffold-260_1371 (1371bp)
		This contig is unaligned. (1371 bp)
		Unaligned bases: 1371  total: 1371906

CONTIG: scaffold-15_6059 (6059bp)
		This contig is unaligned. (6059 bp)
		Unaligned bases: 6059  total: 1377965

CONTIG: scaffold-291_2569 (2569bp)
		This contig is unaligned. (2569 bp)
		Unaligned bases: 2569  total: 1380534

CONTIG: scaffold-374_1690 (1690bp)
		This contig is unaligned. (1690 bp)
		Unaligned bases: 1690  total: 1382224

CONTIG: scaffold-85_1838 (1838bp)
		This contig is unaligned. (1838 bp)
		Unaligned bases: 1838  total: 1384062

CONTIG: scaffold-63_5161 (5161bp)
		This contig is unaligned. (5161 bp)
		Unaligned bases: 5161  total: 1389223

CONTIG: scaffold-244_12536 (12536bp)
		This contig is unaligned. (12536 bp)
		Unaligned bases: 12536  total: 1401759

CONTIG: scaffold-187_33399 (33399bp)
		This contig is unaligned. (33399 bp)
		Unaligned bases: 33399  total: 1435158

CONTIG: scaffold-308_8073 (8073bp)
		This contig is unaligned. (8073 bp)
		Unaligned bases: 8073  total: 1443231

CONTIG: scaffold-246_16323 (16323bp)
		This contig is unaligned. (16323 bp)
		Unaligned bases: 16323  total: 1459554

CONTIG: scaffold-352_2707 (2707bp)
		This contig is unaligned. (2707 bp)
		Unaligned bases: 2707  total: 1462261

CONTIG: scaffold-170_9369 (9369bp)
		This contig is unaligned. (9369 bp)
		Unaligned bases: 9369  total: 1471630

CONTIG: scaffold-304_5479 (5479bp)
		This contig is unaligned. (5479 bp)
		Unaligned bases: 5479  total: 1477109

CONTIG: scaffold-298_1452 (1452bp)
		This contig is unaligned. (1452 bp)
		Unaligned bases: 1452  total: 1478561

CONTIG: scaffold-346_2587 (2587bp)
		This contig is unaligned. (2587 bp)
		Unaligned bases: 2587  total: 1481148

CONTIG: scaffold-44_1066 (1066bp)
		This contig is unaligned. (1066 bp)
		Unaligned bases: 1066  total: 1482214

CONTIG: scaffold-284_10730 (10730bp)
		This contig is unaligned. (10730 bp)
		Unaligned bases: 10730  total: 1492944

CONTIG: scaffold-234_4379 (4379bp)
Top Length: 691  Top ID: 95.37
		This contig is partially unaligned. (691 out of 4379)
		Alignment: 2599598 2600288 | 4267 3577 | 691 691 | 95.37 | gi|42779081|ref|NC_003909.8|_Bacillus_cereus_ATCC_10987__complete_genome scaffold-234_4379
		Unaligned bases: 1 to 3576 (3576)
		Unaligned bases: 4268 to 4379 (112)
		This contig has both significant aligned and unaligned parts (of length >= min-contig)!

CONTIG: scaffold-330_1000 (1000bp)
		This contig is unaligned. (1000 bp)
		Unaligned bases: 1000  total: 1493944

CONTIG: scaffold-77_6692 (6692bp)
		This contig is unaligned. (6692 bp)
		Unaligned bases: 6692  total: 1500636

CONTIG: scaffold-40_2252 (2252bp)
		This contig is unaligned. (2252 bp)
		Unaligned bases: 2252  total: 1502888

CONTIG: scaffold-75_4222 (4222bp)
		This contig is unaligned. (4222 bp)
		Unaligned bases: 4222  total: 1507110

CONTIG: scaffold-3_3993 (3993bp)
		This contig is unaligned. (3993 bp)
		Unaligned bases: 3993  total: 1511103

CONTIG: scaffold-328_26031 (26031bp)
		This contig is unaligned. (26031 bp)
		Unaligned bases: 26031  total: 1537134

CONTIG: scaffold-311_1728 (1728bp)
		This contig is unaligned. (1728 bp)
		Unaligned bases: 1728  total: 1538862

CONTIG: scaffold-177_5950 (5950bp)
		This contig is unaligned. (5950 bp)
		Unaligned bases: 5950  total: 1544812

CONTIG: scaffold-198_15858 (15858bp)
		This contig is unaligned. (15858 bp)
		Unaligned bases: 15858  total: 1560670

CONTIG: scaffold-186_10746 (10746bp)
		This contig is unaligned. (10746 bp)
		Unaligned bases: 10746  total: 1571416

CONTIG: scaffold-356_8223 (8223bp)
		This contig is unaligned. (8223 bp)
		Unaligned bases: 8223  total: 1579639

CONTIG: scaffold-50_5203 (5203bp)
		This contig is unaligned. (5203 bp)
		Unaligned bases: 5203  total: 1584842

CONTIG: scaffold-123_5624 (5624bp)
		This contig is unaligned. (5624 bp)
		Unaligned bases: 5624  total: 1590466

CONTIG: scaffold-225_1213 (1213bp)
		This contig is unaligned. (1213 bp)
		Unaligned bases: 1213  total: 1591679

CONTIG: scaffold-355_18908 (18908bp)
		This contig is unaligned. (18908 bp)
		Unaligned bases: 18908  total: 1610587

CONTIG: scaffold-216_934 (934bp)
		This contig is unaligned. (934 bp)
		Unaligned bases: 934  total: 1611521

CONTIG: scaffold-307_1943 (1943bp)
		This contig is unaligned. (1943 bp)
		Unaligned bases: 1943  total: 1613464

CONTIG: scaffold-209_18662 (18662bp)
		This contig is unaligned. (18662 bp)
		Unaligned bases: 18662  total: 1632126

CONTIG: scaffold-154_3165 (3165bp)
		This contig is unaligned. (3165 bp)
		Unaligned bases: 3165  total: 1635291

CONTIG: scaffold-117_769 (769bp)
		This contig is unaligned. (769 bp)
		Unaligned bases: 769  total: 1636060

CONTIG: scaffold-265_999 (999bp)
		This contig is unaligned. (999 bp)
		Unaligned bases: 999  total: 1637059

CONTIG: scaffold-72_4850 (4850bp)
		This contig is unaligned. (4850 bp)
		Unaligned bases: 4850  total: 1641909

CONTIG: scaffold-134_140984 (140984bp)
		This contig is unaligned. (140984 bp)
		Unaligned bases: 140984  total: 1782893

CONTIG: scaffold-7_3844 (3844bp)
		This contig is unaligned. (3844 bp)
		Unaligned bases: 3844  total: 1786737

CONTIG: scaffold-60_34507 (34507bp)
		This contig is unaligned. (34507 bp)
		Unaligned bases: 34507  total: 1821244

CONTIG: scaffold-153_612 (612bp)
		This contig is unaligned. (612 bp)
		Unaligned bases: 612  total: 1821856

CONTIG: scaffold-114_16616 (16616bp)
		This contig is unaligned. (16616 bp)
		Unaligned bases: 16616  total: 1838472

CONTIG: scaffold-200_1614 (1614bp)
		This contig is unaligned. (1614 bp)
		Unaligned bases: 1614  total: 1840086

CONTIG: scaffold-150_2293 (2293bp)
		This contig is unaligned. (2293 bp)
		Unaligned bases: 2293  total: 1842379

CONTIG: scaffold-25_50100 (50100bp)
Top Length: 2675  Top ID: 97.38
		This contig is partially unaligned. (2675 out of 50100)
		Alignment: 3015458 3018132 | 3759 1085 | 2675 2675 | 97.38 | gi|42779081|ref|NC_003909.8|_Bacillus_cereus_ATCC_10987__complete_genome scaffold-25_50100
		Unaligned bases: 1 to 1084 (1084)
		Unaligned bases: 3760 to 50100 (46341)
		This contig has both significant aligned and unaligned parts (of length >= min-contig)!

CONTIG: scaffold-125_1868 (1868bp)
		This contig is unaligned. (1868 bp)
		Unaligned bases: 1868  total: 1844247

CONTIG: scaffold-269_658 (658bp)
		This contig is unaligned. (658 bp)
		Unaligned bases: 658  total: 1844905

CONTIG: scaffold-43_25789 (25789bp)
		This contig is unaligned. (25789 bp)
		Unaligned bases: 25789  total: 1870694

CONTIG: scaffold-286_1883 (1883bp)
		This contig is unaligned. (1883 bp)
		Unaligned bases: 1883  total: 1872577

CONTIG: scaffold-289_44437 (44437bp)
		This contig is unaligned. (44437 bp)
		Unaligned bases: 44437  total: 1917014

CONTIG: scaffold-236_6478 (6478bp)
		This contig is unaligned. (6478 bp)
		Unaligned bases: 6478  total: 1923492

CONTIG: scaffold-82_12848 (12848bp)
		This contig is unaligned. (12848 bp)
		Unaligned bases: 12848  total: 1936340

CONTIG: scaffold-124_15350 (15350bp)
		This contig is unaligned. (15350 bp)
		Unaligned bases: 15350  total: 1951690

CONTIG: scaffold-278_11799 (11799bp)
Top Length: 95  Top ID: 100.0
		This contig is partially unaligned. (95 out of 11799)
		Alignment: 1490631 1490725 | 11705 11799 | 95 95 | 100.0 | gi|42779081|ref|NC_003909.8|_Bacillus_cereus_ATCC_10987__complete_genome scaffold-278_11799
		Unaligned bases: 1 to 11704 (11704)

CONTIG: scaffold-141_580 (580bp)
		This contig is unaligned. (580 bp)
		Unaligned bases: 580  total: 1952270

CONTIG: scaffold-354_4719 (4719bp)
		This contig is unaligned. (4719 bp)
		Unaligned bases: 4719  total: 1956989

CONTIG: scaffold-371_18549 (18549bp)
		This contig is unaligned. (18549 bp)
		Unaligned bases: 18549  total: 1975538

CONTIG: scaffold-58_2892 (2892bp)
		This contig is unaligned. (2892 bp)
		Unaligned bases: 2892  total: 1978430

CONTIG: scaffold-196_3364 (3364bp)
		This contig is unaligned. (3364 bp)
		Unaligned bases: 3364  total: 1981794

CONTIG: scaffold-205_13871 (13871bp)
		This contig is unaligned. (13871 bp)
		Unaligned bases: 13871  total: 1995665

CONTIG: scaffold-362_8897 (8897bp)
		This contig is unaligned. (8897 bp)
		Unaligned bases: 8897  total: 2004562

CONTIG: scaffold-137_995 (995bp)
		This contig is unaligned. (995 bp)
		Unaligned bases: 995  total: 2005557

CONTIG: scaffold-249_12541 (12541bp)
		This contig is unaligned. (12541 bp)
		Unaligned bases: 12541  total: 2018098

CONTIG: scaffold-35_896 (896bp)
		This contig is unaligned. (896 bp)
		Unaligned bases: 896  total: 2018994

CONTIG: scaffold-11_4700 (4700bp)
		This contig is unaligned. (4700 bp)
		Unaligned bases: 4700  total: 2023694

CONTIG: scaffold-155_20096 (20096bp)
		This contig is unaligned. (20096 bp)
		Unaligned bases: 20096  total: 2043790

CONTIG: scaffold-336_943 (943bp)
		This contig is unaligned. (943 bp)
		Unaligned bases: 943  total: 2044733

CONTIG: scaffold-106_5657 (5657bp)
		This contig is unaligned. (5657 bp)
		Unaligned bases: 5657  total: 2050390

CONTIG: scaffold-17_4717 (4717bp)
		This contig is unaligned. (4717 bp)
		Unaligned bases: 4717  total: 2055107

CONTIG: scaffold-128_22419 (22419bp)
		This contig is unaligned. (22419 bp)
		Unaligned bases: 22419  total: 2077526

CONTIG: scaffold-315_3957 (3957bp)
		This contig is unaligned. (3957 bp)
		Unaligned bases: 3957  total: 2081483

CONTIG: scaffold-366_3844 (3844bp)
		This contig is unaligned. (3844 bp)
		Unaligned bases: 3844  total: 2085327

CONTIG: scaffold-256_1000 (1000bp)
		This contig is unaligned. (1000 bp)
		Unaligned bases: 1000  total: 2086327

CONTIG: scaffold-331_11094 (11094bp)
		This contig is unaligned. (11094 bp)
		Unaligned bases: 11094  total: 2097421

CONTIG: scaffold-342_1748 (1748bp)
		This contig is unaligned. (1748 bp)
		Unaligned bases: 1748  total: 2099169

CONTIG: scaffold-96_16373 (16373bp)
		This contig is unaligned. (16373 bp)
		Unaligned bases: 16373  total: 2115542

CONTIG: scaffold-101_87004 (87004bp)
		This contig is unaligned. (87004 bp)
		Unaligned bases: 87004  total: 2202546

CONTIG: scaffold-363_2667 (2667bp)
		This contig is unaligned. (2667 bp)
		Unaligned bases: 2667  total: 2205213

CONTIG: scaffold-343_575 (575bp)
		This contig is unaligned. (575 bp)
		Unaligned bases: 575  total: 2205788

CONTIG: scaffold-41_7110 (7110bp)
		This contig is unaligned. (7110 bp)
		Unaligned bases: 7110  total: 2212898

CONTIG: scaffold-337_1651 (1651bp)
		This contig is unaligned. (1651 bp)
		Unaligned bases: 1651  total: 2214549

CONTIG: scaffold-16_3110 (3110bp)
		This contig is unaligned. (3110 bp)
		Unaligned bases: 3110  total: 2217659

CONTIG: scaffold-243_6959 (6959bp)
		This contig is unaligned. (6959 bp)
		Unaligned bases: 6959  total: 2224618

CONTIG: scaffold-288_33789 (33789bp)
		This contig is unaligned. (33789 bp)
		Unaligned bases: 33789  total: 2258407

CONTIG: scaffold-241_36507 (36507bp)
		This contig is unaligned. (36507 bp)
		Unaligned bases: 36507  total: 2294914

CONTIG: scaffold-70_7818 (7818bp)
		This contig is unaligned. (7818 bp)
		Unaligned bases: 7818  total: 2302732

CONTIG: scaffold-65_7270 (7270bp)
		This contig is unaligned. (7270 bp)
		Unaligned bases: 7270  total: 2310002

CONTIG: scaffold-305_32177 (32177bp)
		This contig is unaligned. (32177 bp)
		Unaligned bases: 32177  total: 2342179

CONTIG: scaffold-301_14428 (14428bp)
		This contig is unaligned. (14428 bp)
		Unaligned bases: 14428  total: 2356607

CONTIG: scaffold-365_8057 (8057bp)
		This contig is unaligned. (8057 bp)
		Unaligned bases: 8057  total: 2364664

CONTIG: scaffold-341_6007 (6007bp)
		This contig is unaligned. (6007 bp)
		Unaligned bases: 6007  total: 2370671

CONTIG: scaffold-281_3931 (3931bp)
		This contig is unaligned. (3931 bp)
		Unaligned bases: 3931  total: 2374602

CONTIG: scaffold-359_1863 (1863bp)
		This contig is unaligned. (1863 bp)
		Unaligned bases: 1863  total: 2376465

CONTIG: scaffold-111_1474 (1474bp)
		This contig is unaligned. (1474 bp)
		Unaligned bases: 1474  total: 2377939

CONTIG: scaffold-156_15525 (15525bp)
		This contig is unaligned. (15525 bp)
		Unaligned bases: 15525  total: 2393464

CONTIG: scaffold-166_518 (518bp)
		This contig is unaligned. (518 bp)
		Unaligned bases: 518  total: 2393982

CONTIG: scaffold-218_4635 (4635bp)
		This contig is unaligned. (4635 bp)
		Unaligned bases: 4635  total: 2398617

CONTIG: scaffold-247_574 (574bp)
		This contig is unaligned. (574 bp)
		Unaligned bases: 574  total: 2399191

CONTIG: scaffold-59_20517 (20517bp)
		This contig is unaligned. (20517 bp)
		Unaligned bases: 20517  total: 2419708

CONTIG: scaffold-83_1279 (1279bp)
		This contig is unaligned. (1279 bp)
		Unaligned bases: 1279  total: 2420987

CONTIG: scaffold-5_3503 (3503bp)
		This contig is unaligned. (3503 bp)
		Unaligned bases: 3503  total: 2424490

CONTIG: scaffold-152_5681 (5681bp)
		This contig is unaligned. (5681 bp)
		Unaligned bases: 5681  total: 2430171

CONTIG: scaffold-181_14211 (14211bp)
		This contig is unaligned. (14211 bp)
		Unaligned bases: 14211  total: 2444382

CONTIG: scaffold-179_1991 (1991bp)
		This contig is unaligned. (1991 bp)
		Unaligned bases: 1991  total: 2446373

CONTIG: scaffold-8_3333 (3333bp)
		This contig is unaligned. (3333 bp)
		Unaligned bases: 3333  total: 2449706

CONTIG: scaffold-335_1312 (1312bp)
		This contig is unaligned. (1312 bp)
		Unaligned bases: 1312  total: 2451018

CONTIG: scaffold-54_1820 (1820bp)
		This contig is unaligned. (1820 bp)
		Unaligned bases: 1820  total: 2452838

CONTIG: scaffold-48_1091 (1091bp)
		This contig is unaligned. (1091 bp)
		Unaligned bases: 1091  total: 2453929

CONTIG: scaffold-275_640 (640bp)
		This contig is unaligned. (640 bp)
		Unaligned bases: 640  total: 2454569

CONTIG: scaffold-148_12099 (12099bp)
		This contig is unaligned. (12099 bp)
		Unaligned bases: 12099  total: 2466668

CONTIG: scaffold-67_15780 (15780bp)
		This contig is unaligned. (15780 bp)
		Unaligned bases: 15780  total: 2482448

CONTIG: scaffold-94_15464 (15464bp)
		This contig is unaligned. (15464 bp)
		Unaligned bases: 15464  total: 2497912

CONTIG: scaffold-97_3596 (3596bp)
		This contig is unaligned. (3596 bp)
		Unaligned bases: 3596  total: 2501508

CONTIG: scaffold-116_6496 (6496bp)
		This contig is unaligned. (6496 bp)
		Unaligned bases: 6496  total: 2508004

CONTIG: scaffold-297_13776 (13776bp)
		This contig is unaligned. (13776 bp)
		Unaligned bases: 13776  total: 2521780

CONTIG: scaffold-219_7153 (7153bp)
		This contig is unaligned. (7153 bp)
		Unaligned bases: 7153  total: 2528933

CONTIG: scaffold-135_1035 (1035bp)
		This contig is unaligned. (1035 bp)
		Unaligned bases: 1035  total: 2529968

CONTIG: scaffold-333_22083 (22083bp)
		This contig is unaligned. (22083 bp)
		Unaligned bases: 22083  total: 2552051

CONTIG: scaffold-294_25682 (25682bp)
		This contig is unaligned. (25682 bp)
		Unaligned bases: 25682  total: 2577733

CONTIG: scaffold-290_2869 (2869bp)
		This contig is unaligned. (2869 bp)
		Unaligned bases: 2869  total: 2580602

CONTIG: scaffold-89_15376 (15376bp)
		This contig is unaligned. (15376 bp)
		Unaligned bases: 15376  total: 2595978

CONTIG: scaffold-14_52522 (52522bp)
		This contig is unaligned. (52522 bp)
		Unaligned bases: 52522  total: 2648500

CONTIG: scaffold-319_5885 (5885bp)
		This contig is unaligned. (5885 bp)
		Unaligned bases: 5885  total: 2654385

CONTIG: scaffold-212_3851 (3851bp)
		This contig is unaligned. (3851 bp)
		Unaligned bases: 3851  total: 2658236

CONTIG: scaffold-95_811 (811bp)
		This contig is unaligned. (811 bp)
		Unaligned bases: 811  total: 2659047

CONTIG: scaffold-31_6614 (6614bp)
		This contig is unaligned. (6614 bp)
		Unaligned bases: 6614  total: 2665661

CONTIG: scaffold-309_8798 (8798bp)
		This contig is unaligned. (8798 bp)
		Unaligned bases: 8798  total: 2674459

CONTIG: scaffold-169_2768 (2768bp)
		This contig is unaligned. (2768 bp)
		Unaligned bases: 2768  total: 2677227

CONTIG: scaffold-182_5546 (5546bp)
		This contig is unaligned. (5546 bp)
		Unaligned bases: 5546  total: 2682773

CONTIG: scaffold-279_22278 (22278bp)
		This contig is unaligned. (22278 bp)
		Unaligned bases: 22278  total: 2705051

CONTIG: scaffold-133_2761 (2761bp)
		This contig is unaligned. (2761 bp)
		Unaligned bases: 2761  total: 2707812

CONTIG: scaffold-232_10130 (10130bp)
		This contig is unaligned. (10130 bp)
		Unaligned bases: 10130  total: 2717942

Analyzing coverage...
Writing SNPs into /usit/invitro/data/galaxy/master/sabbai/galaxy-dist/database/job_working_directory/001/1807/dataset_1889_files/Scaffold/contigs_reports/nucmer_output/BC-H-Sga-Scaffold.used_snps
	Reference gi|42779081|ref|NC_003909.8|_Bacillus_cereus_ATCC_10987__complete_genome: 5 total alignments. 1 total regions.
		Region: 1 to 5224283 (5224283 bp)
			START in gap: 1 to 1490631 (1490630 bp)
			Align 1: 1490631 1490725 scaffold-278_11799 11705 11799
				Gap between this and next alignment: 1490725 to 2565773 (1075047 bp)
				Next Alignment: 2565773 2565855 scaffold-167_2672 1 83

			Align 2: 2565773 2565855 scaffold-167_2672 1 83
				Gap between this and next alignment: 2565855 to 2599598 (33742 bp)
				Next Alignment: 2599598 2600288 scaffold-234_4379 4267 3577

			Align 3: 2599598 2600288 scaffold-234_4379 4267 3577
				Gap between this and next alignment: 2600288 to 3015458 (415169 bp)
				Next Alignment: 3015458 3018132 scaffold-25_50100 3759 1085

			Align 4: 3015458 3018132 scaffold-25_50100 3759 1085
				Gap between this and next alignment: 3018132 to 3127237 (109104 bp)
				Next Alignment: 3127237 3127421 scaffold-230_3077 2891 3077

			Align 5: 3127237 3127421 scaffold-230_3077 2891 3077
			END in gap: 3127421 to 5224283 (2096862 bp)

ERROR: Reference [$ref] does not have any alignments!  Check that this is the same file used for alignment.
ERROR: Alignment Reference Headers: ['gi|42779081|ref|NC_003909.8|_Bacillus_cereus_ATCC_10987__complete_genome']
Analysis is finished!
Founded SNPs were written into /usit/invitro/data/galaxy/master/sabbai/galaxy-dist/database/job_working_directory/001/1807/dataset_1889_files/Scaffold/contigs_reports/nucmer_output/BC-H-Sga-Scaffold.used_snps

Results:
	Local Misassemblies: 0
	Misassemblies: 0
		Relocations: 0
		Translocations: 0
		Inversions: 0
	Misassembled Contigs: 0
	Misassembled Contig Bases: 0
	Misassmblies Inter-Contig Overlap: 0
Uncovered Regions: 0 (0)
Unaligned Contigs: 278 + 5 part
Partially Unaligned Contigs with Misassemblies: 0
Unaligned Contig Bases: 2786238

Ambiguously Mapped Contigs: 0
Total Bases in Ambiguously Mapped Contigs: 0
Note that --allow-ambiguity option was set to "one" and only first alignment per each contig was used.

	Covered Bases: 3729

	SNPs: 105
	Insertions: 2
	Deletions: 0

	Positive Gaps: 6
		Internal Gaps:  0
		External Gaps:  6
		External Gap Total:  5220554
		External Gap Average: 870092
	Negative Gaps: 0
		Internal Overlaps:  0
		External Overlaps:  0
		External Overlaps Total:  0
		External Overlaps Average: 0
	Contigs with Redundant Alignments: 0 (0)
