Aligning contigs to reference...
	Running Nucmer...
Parsing coords...
Loading Assembly...
Loading reference...
	Loaded [gi|42779081|ref|NC_003909.8|_Bacillus_cereus_ATCC_10987__complete_genome]
	Loaded [gi|44004339|ref|NC_005707.1|_Bacillus_cereus_ATCC_10987_plasmid_pBc10987__complete_sequence]
Loading SNPs...
Loading regions...
	No regions given, using whole reference.
	Total Regions: 2
	Total Region Length: 5432652
Analyzing contigs...
CONTIG: NODE_439_length_33941_cov_138.703629 (34003bp)
		This contig is unaligned. (34003 bp)
		Unaligned bases: 34003  total: 34003

CONTIG: NODE_378_length_267097_cov_66.815758 (267159bp)
		This contig is unaligned. (267159 bp)
		Unaligned bases: 267159  total: 301162

CONTIG: NODE_459_length_6902_cov_38.438568 (6964bp)
		This contig is unaligned. (6964 bp)
		Unaligned bases: 6964  total: 308126

CONTIG: NODE_260_length_31920_cov_80.077377 (31982bp)
		This contig is unaligned. (31982 bp)
		Unaligned bases: 31982  total: 340108

CONTIG: NODE_787_length_25935_cov_60.209602 (25997bp)
		This contig is unaligned. (25997 bp)
		Unaligned bases: 25997  total: 366105

CONTIG: NODE_124_length_23039_cov_117.697250 (23101bp)
Top Length: 145  Top ID: 95.86
		This contig is partially unaligned. (145 out of 23101)
		Alignment: 4648835 4648978 | 22957 23101 | 144 145 | 95.86 | gi|42779081|ref|NC_003909.8|_Bacillus_cereus_ATCC_10987__complete_genome NODE_124_length_23039_cov_117.697250
		Unaligned bases: 1 to 22956 (22956)

CONTIG: NODE_389_length_83970_cov_82.417366 (84032bp)
		This contig is unaligned. (84032 bp)
		Unaligned bases: 84032  total: 450137

CONTIG: NODE_277_length_56304_cov_39.796711 (56366bp)
Top Length: 2675  Top ID: 97.38
		This contig is partially unaligned. (2675 out of 56366)
		Alignment: 3015458 3018132 | 50352 53026 | 2675 2675 | 97.38 | gi|42779081|ref|NC_003909.8|_Bacillus_cereus_ATCC_10987__complete_genome NODE_277_length_56304_cov_39.796711
		Unaligned bases: 1 to 50351 (50351)
		Unaligned bases: 53027 to 56366 (3340)
		This contig has both significant aligned and unaligned parts (of length >= min-contig)!

CONTIG: NODE_16_length_46549_cov_134.577332 (46611bp)
Top Length: 1141  Top ID: 95.72
		This contig is partially unaligned. (1141 out of 46611)
		Alignment: 227899 229043 | 6373 5233 | 1145 1141 | 95.72 | gi|42779081|ref|NC_003909.8|_Bacillus_cereus_ATCC_10987__complete_genome NODE_16_length_46549_cov_134.577332
		Unaligned bases: 1 to 5232 (5232)
		Unaligned bases: 6374 to 46611 (40238)
		This contig has both significant aligned and unaligned parts (of length >= min-contig)!

CONTIG: NODE_189_length_37668_cov_111.638206 (37730bp)
		This contig is unaligned. (37730 bp)
		Unaligned bases: 37730  total: 487867

CONTIG: NODE_418_length_1072_cov_411.438446 (1134bp)
		This contig is unaligned. (1134 bp)
		Unaligned bases: 1134  total: 489001

CONTIG: NODE_423_length_22959_cov_121.919640 (23021bp)
		This contig is unaligned. (23021 bp)
		Unaligned bases: 23021  total: 512022

CONTIG: NODE_532_length_9187_cov_79.414825 (9249bp)
		This contig is unaligned. (9249 bp)
		Unaligned bases: 9249  total: 521271

CONTIG: NODE_470_length_19796_cov_73.753586 (19858bp)
		This contig is unaligned. (19858 bp)
		Unaligned bases: 19858  total: 541129

CONTIG: NODE_163_length_67101_cov_121.538902 (67163bp)
Top Length: 2830  Top ID: 95.38
		This contig is partially unaligned. (2830 out of 67163)
		Alignment: 453071 455896 | 60185 57356 | 2826 2830 | 95.38 | gi|42779081|ref|NC_003909.8|_Bacillus_cereus_ATCC_10987__complete_genome NODE_163_length_67101_cov_121.538902
		Unaligned bases: 1 to 57355 (57355)
		Unaligned bases: 60186 to 67163 (6978)
		This contig has both significant aligned and unaligned parts (of length >= min-contig)!

CONTIG: NODE_238_length_4610_cov_70.646637 (4672bp)
		This contig is unaligned. (4672 bp)
		Unaligned bases: 4672  total: 545801

CONTIG: NODE_550_length_727_cov_73.004128 (789bp)
		This contig is unaligned. (789 bp)
		Unaligned bases: 789  total: 546590

CONTIG: NODE_448_length_8713_cov_74.013199 (8775bp)
		This contig is unaligned. (8775 bp)
		Unaligned bases: 8775  total: 555365

CONTIG: NODE_120_length_19394_cov_134.635757 (19456bp)
		This contig is unaligned. (19456 bp)
		Unaligned bases: 19456  total: 574821

CONTIG: NODE_739_length_5705_cov_66.615425 (5767bp)
		This contig is unaligned. (5767 bp)
		Unaligned bases: 5767  total: 580588

CONTIG: NODE_352_length_8790_cov_46.478271 (8852bp)
		This contig is unaligned. (8852 bp)
		Unaligned bases: 8852  total: 589440

CONTIG: NODE_240_length_30167_cov_87.656944 (30229bp)
		This contig is unaligned. (30229 bp)
		Unaligned bases: 30229  total: 619669

CONTIG: NODE_497_length_544_cov_877.977966 (606bp)
Top Length: 606  Top ID: 98.84
		This contig has 2 significant alignments. [An ambiguously mapped contig]
		Using only first of these alignment (option --ambiguity-usage is set to "one"):
		Alignment: 2565055 2565660 | 1 606 | 606 606 | 98.84 | gi|42779081|ref|NC_003909.8|_Bacillus_cereus_ATCC_10987__complete_genome NODE_497_length_544_cov_877.977966
		Skipping alignment  5141176 5141781 | 606 1 | 606 606 | 98.84 | gi|42779081|ref|NC_003909.8|_Bacillus_cereus_ATCC_10987__complete_genome NODE_497_length_544_cov_877.977966

CONTIG: NODE_52_length_2197_cov_115.345016 (2259bp)
		This contig is unaligned. (2259 bp)
		Unaligned bases: 2259  total: 621928

CONTIG: NODE_829_length_2454_cov_189.824783 (2516bp)
		This contig is unaligned. (2516 bp)
		Unaligned bases: 2516  total: 624444

CONTIG: NODE_292_length_31311_cov_114.941780 (31373bp)
		This contig is unaligned. (31373 bp)
		Unaligned bases: 31373  total: 655817

CONTIG: NODE_597_length_2076_cov_47.819363 (2138bp)
		This contig is unaligned. (2138 bp)
		Unaligned bases: 2138  total: 657955

CONTIG: NODE_718_length_672_cov_70.636902 (734bp)
		This contig is unaligned. (734 bp)
		Unaligned bases: 734  total: 658689

CONTIG: NODE_610_length_900_cov_369.957764 (962bp)
		This contig is unaligned. (962 bp)
		Unaligned bases: 962  total: 659651

CONTIG: NODE_280_length_13191_cov_39.641045 (13253bp)
		This contig is unaligned. (13253 bp)
		Unaligned bases: 13253  total: 672904

CONTIG: NODE_321_length_2274_cov_78.340813 (2336bp)
Top Length: 570  Top ID: 97.02
		This contig is partially unaligned. (570 out of 2336)
		Alignment: 3119145 3119714 | 2336 1767 | 570 570 | 97.02 | gi|42779081|ref|NC_003909.8|_Bacillus_cereus_ATCC_10987__complete_genome NODE_321_length_2274_cov_78.340813
		Unaligned bases: 1 to 1766 (1766)
		This contig has both significant aligned and unaligned parts (of length >= min-contig)!

CONTIG: NODE_236_length_18967_cov_89.454529 (19029bp)
		This contig is unaligned. (19029 bp)
		Unaligned bases: 19029  total: 691933

CONTIG: NODE_731_length_25854_cov_69.454475 (25916bp)
		This contig is unaligned. (25916 bp)
		Unaligned bases: 25916  total: 717849

CONTIG: NODE_789_length_3700_cov_39.222431 (3762bp)
		This contig is unaligned. (3762 bp)
		Unaligned bases: 3762  total: 721611

CONTIG: NODE_792_length_460_cov_72.584785 (522bp)
		This contig is unaligned. (522 bp)
		Unaligned bases: 522  total: 722133

CONTIG: NODE_335_length_8646_cov_83.461250 (8708bp)
		This contig is unaligned. (8708 bp)
		Unaligned bases: 8708  total: 730841

CONTIG: NODE_320_length_13132_cov_41.929485 (13194bp)
		This contig is unaligned. (13194 bp)
		Unaligned bases: 13194  total: 744035

CONTIG: NODE_413_length_1610_cov_73.636024 (1672bp)
		This contig is unaligned. (1672 bp)
		Unaligned bases: 1672  total: 745707

CONTIG: NODE_690_length_5267_cov_87.350487 (5329bp)
		This contig is unaligned. (5329 bp)
		Unaligned bases: 5329  total: 751036

CONTIG: NODE_821_length_3037_cov_51.863022 (3099bp)
		This contig is unaligned. (3099 bp)
		Unaligned bases: 3099  total: 754135

CONTIG: NODE_412_length_99917_cov_95.917358 (99979bp)
Top Length: 75  Top ID: 100.0
		Skipping redundant alignment 4649263 4649335 | 69060 69132 | 73 73 | 100.0 | gi|42779081|ref|NC_003909.8|_Bacillus_cereus_ATCC_10987__complete_genome NODE_412_length_99917_cov_95.917358
		Skipping redundant alignment 279452 279522 | 69130 69060 | 71 71 | 100.0 | gi|42779081|ref|NC_003909.8|_Bacillus_cereus_ATCC_10987__complete_genome NODE_412_length_99917_cov_95.917358
		This contig is partially unaligned. (75 out of 99979)
		Alignment: 615178 615252 | 69131 69057 | 75 75 | 100.0 | gi|42779081|ref|NC_003909.8|_Bacillus_cereus_ATCC_10987__complete_genome NODE_412_length_99917_cov_95.917358
		Unaligned bases: 1 to 69056 (69056)
		Unaligned bases: 69132 to 99979 (30848)

CONTIG: NODE_157_length_5953_cov_136.400131 (6015bp)
		This contig is unaligned. (6015 bp)
		Unaligned bases: 6015  total: 760150

CONTIG: NODE_455_length_9440_cov_66.025848 (9502bp)
		This contig is unaligned. (9502 bp)
		Unaligned bases: 9502  total: 769652

CONTIG: NODE_208_length_80943_cov_110.347977 (81005bp)
		This contig is unaligned. (81005 bp)
		Unaligned bases: 81005  total: 850657

CONTIG: NODE_874_length_2075_cov_47.511326 (2137bp)
		This contig is unaligned. (2137 bp)
		Unaligned bases: 2137  total: 852794

CONTIG: NODE_154_length_21153_cov_130.845276 (21215bp)
Top Length: 258  Top ID: 98.45
		Skipping redundant alignments after choosing the best set of alignments
		Skipping [2995387][2995644] redundant alignment 2995387 2995644 | 1 258 | 258 258 | 98.45 | gi|42779081|ref|NC_003909.8|_Bacillus_cereus_ATCC_10987__complete_genome NODE_154_length_21153_cov_130.845276
		Skipping [3235135][3235390] redundant alignment 3235135 3235390 | 1 256 | 256 256 | 98.44 | gi|42779081|ref|NC_003909.8|_Bacillus_cereus_ATCC_10987__complete_genome NODE_154_length_21153_cov_130.845276
		This contig is partially unaligned. (258 out of 21215)
		Alignment: 1109642 1109897 | 1 256 | 256 256 | 98.44 | gi|42779081|ref|NC_003909.8|_Bacillus_cereus_ATCC_10987__complete_genome NODE_154_length_21153_cov_130.845276
		Unaligned bases: 257 to 21215 (20959)

CONTIG: NODE_54_length_58222_cov_149.010834 (58284bp)
		This contig is unaligned. (58284 bp)
		Unaligned bases: 58284  total: 911078

CONTIG: NODE_876_length_723_cov_68.251732 (785bp)
		This contig is unaligned. (785 bp)
		Unaligned bases: 785  total: 911863

CONTIG: NODE_305_length_4321_cov_44.530895 (4383bp)
Top Length: 691  Top ID: 95.37
		This contig is partially unaligned. (691 out of 4383)
		Alignment: 2599598 2600288 | 113 803 | 691 691 | 95.37 | gi|42779081|ref|NC_003909.8|_Bacillus_cereus_ATCC_10987__complete_genome NODE_305_length_4321_cov_44.530895
		Unaligned bases: 1 to 112 (112)
		Unaligned bases: 804 to 4383 (3580)
		This contig has both significant aligned and unaligned parts (of length >= min-contig)!

CONTIG: NODE_444_length_39700_cov_131.203369 (39762bp)
		This contig is unaligned. (39762 bp)
		Unaligned bases: 39762  total: 951625

CONTIG: NODE_331_length_809_cov_115.813347 (871bp)
		This contig is unaligned. (871 bp)
		Unaligned bases: 871  total: 952496

CONTIG: NODE_295_length_1096_cov_39.632298 (1158bp)
		This contig is unaligned. (1158 bp)
		Unaligned bases: 1158  total: 953654

CONTIG: NODE_288_length_5251_cov_120.732239 (5313bp)
		This contig is unaligned. (5313 bp)
		Unaligned bases: 5313  total: 958967

CONTIG: NODE_385_length_159970_cov_75.634666 (160032bp)
		This contig is unaligned. (160032 bp)
		Unaligned bases: 160032  total: 1118999

CONTIG: NODE_641_length_763_cov_80.698555 (825bp)
		This contig is unaligned. (825 bp)
		Unaligned bases: 825  total: 1119824

CONTIG: NODE_324_length_5981_cov_67.637352 (6043bp)
Top Length: 576  Top ID: 95.49
		This contig is partially unaligned. (576 out of 6043)
		Alignment: 3119139 3119714 | 6043 5468 | 576 576 | 95.49 | gi|42779081|ref|NC_003909.8|_Bacillus_cereus_ATCC_10987__complete_genome NODE_324_length_5981_cov_67.637352
		Unaligned bases: 1 to 5467 (5467)
		This contig has both significant aligned and unaligned parts (of length >= min-contig)!

CONTIG: NODE_375_length_34511_cov_52.937180 (34573bp)
		This contig is unaligned. (34573 bp)
		Unaligned bases: 34573  total: 1154397

CONTIG: NODE_521_length_6725_cov_70.976059 (6787bp)
		This contig is unaligned. (6787 bp)
		Unaligned bases: 6787  total: 1161184

CONTIG: NODE_688_length_4687_cov_88.592278 (4749bp)
		This contig is unaligned. (4749 bp)
		Unaligned bases: 4749  total: 1165933

CONTIG: NODE_575_length_40306_cov_84.106163 (40368bp)
		This contig is unaligned. (40368 bp)
		Unaligned bases: 40368  total: 1206301

CONTIG: NODE_709_length_2836_cov_76.105782 (2898bp)
		This contig is unaligned. (2898 bp)
		Unaligned bases: 2898  total: 1209199

CONTIG: NODE_654_length_14935_cov_75.928154 (14997bp)
		This contig is unaligned. (14997 bp)
		Unaligned bases: 14997  total: 1224196

CONTIG: NODE_569_length_1388_cov_190.678680 (1450bp)
		This contig is unaligned. (1450 bp)
		Unaligned bases: 1450  total: 1225646

CONTIG: NODE_388_length_1343_cov_357.618774 (1405bp)
		This contig is unaligned. (1405 bp)
		Unaligned bases: 1405  total: 1227051

CONTIG: NODE_43_length_6629_cov_125.235176 (6691bp)
		This contig is unaligned. (6691 bp)
		Unaligned bases: 6691  total: 1233742

CONTIG: NODE_71_length_78732_cov_130.021469 (78794bp)
Top Length: 9186  Top ID: 95.27
		This contig is misassembled. 2 total aligns.
			Warning! This contig is more unaligned than misassembled. Contig length is 78794 and total length of all aligns is 10326
		Alignment: 4827374 4828515 | 46466 45327 | 1142 1140 | 95.8 | gi|42779081|ref|NC_003909.8|_Bacillus_cereus_ATCC_10987__complete_genome NODE_71_length_78732_cov_130.021469
		Alignment: 4834673 4843859 | 39398 30213 | 9187 9186 | 95.27 | gi|42779081|ref|NC_003909.8|_Bacillus_cereus_ATCC_10987__complete_genome NODE_71_length_78732_cov_130.021469
		Unaligned bases: 68468
		This contig has both significant aligned and unaligned parts (of length >= min-contig)!
CONTIG: NODE_531_length_917_cov_88.239914 (979bp)
		This contig is unaligned. (979 bp)
		Unaligned bases: 979  total: 1234721

CONTIG: NODE_274_length_26102_cov_43.539997 (26164bp)
		This contig is unaligned. (26164 bp)
		Unaligned bases: 26164  total: 1260885

CONTIG: NODE_95_length_771_cov_70.341118 (833bp)
Top Length: 513  Top ID: 97.08
		Skipping redundant alignment 823721 823874 | 1 153 | 154 153 | 98.7 | gi|42779081|ref|NC_003909.8|_Bacillus_cereus_ATCC_10987__complete_genome NODE_95_length_771_cov_70.341118
		Skipping redundant alignment 11071 11149 | 69 147 | 79 79 | 98.73 | gi|42779081|ref|NC_003909.8|_Bacillus_cereus_ATCC_10987__complete_genome NODE_95_length_771_cov_70.341118
		Skipping redundant alignment 30845 30923 | 69 147 | 79 79 | 98.73 | gi|42779081|ref|NC_003909.8|_Bacillus_cereus_ATCC_10987__complete_genome NODE_95_length_771_cov_70.341118
		Skipping redundant alignment 151066 151138 | 74 146 | 73 73 | 100.0 | gi|42779081|ref|NC_003909.8|_Bacillus_cereus_ATCC_10987__complete_genome NODE_95_length_771_cov_70.341118
		Skipping redundant alignment 64437 64512 | 165 240 | 76 76 | 100.0 | gi|42779081|ref|NC_003909.8|_Bacillus_cereus_ATCC_10987__complete_genome NODE_95_length_771_cov_70.341118
		Skipping redundant alignment 824031 824203 | 341 513 | 173 173 | 98.27 | gi|42779081|ref|NC_003909.8|_Bacillus_cereus_ATCC_10987__complete_genome NODE_95_length_771_cov_70.341118
		Skipping redundant alignment 21771 21863 | 341 433 | 93 93 | 97.85 | gi|42779081|ref|NC_003909.8|_Bacillus_cereus_ATCC_10987__complete_genome NODE_95_length_771_cov_70.341118
		Skipping redundant alignment 5203673 5203746 | 741 668 | 74 74 | 100.0 | gi|42779081|ref|NC_003909.8|_Bacillus_cereus_ATCC_10987__complete_genome NODE_95_length_771_cov_70.341118
		This contig is misassembled. 10 total aligns.
			Real Alignment 1: 4649433 4649609 | 833 657 | 177 177 | 99.44 | gi|42779081|ref|NC_003909.8|_Bacillus_cereus_ATCC_10987__complete_genome NODE_95_length_771_cov_70.341118
			  Overlap between these two alignments (local misassembly). Inconsistency = -41
			Real Alignment 2: 4649712 4650225 | 513 1 | 514 513 | 97.08 | gi|42779081|ref|NC_003909.8|_Bacillus_cereus_ATCC_10987__complete_genome NODE_95_length_771_cov_70.341118

CONTIG: NODE_567_length_12589_cov_82.053696 (12651bp)
		This contig is unaligned. (12651 bp)
		Unaligned bases: 12651  total: 1273536

CONTIG: NODE_258_length_20457_cov_52.032654 (20519bp)
		This contig is unaligned. (20519 bp)
		Unaligned bases: 20519  total: 1294055

CONTIG: NODE_183_length_9730_cov_121.288284 (9792bp)
		This contig is unaligned. (9792 bp)
		Unaligned bases: 9792  total: 1303847

CONTIG: NODE_554_length_12153_cov_73.285858 (12215bp)
		This contig is unaligned. (12215 bp)
		Unaligned bases: 12215  total: 1316062

CONTIG: NODE_354_length_3819_cov_45.516365 (3881bp)
		This contig is unaligned. (3881 bp)
		Unaligned bases: 3881  total: 1319943

CONTIG: NODE_420_length_6325_cov_117.395889 (6387bp)
		This contig is unaligned. (6387 bp)
		Unaligned bases: 6387  total: 1326330

CONTIG: NODE_746_length_3012_cov_69.063080 (3074bp)
		This contig is unaligned. (3074 bp)
		Unaligned bases: 3074  total: 1329404

CONTIG: NODE_72_length_7874_cov_1161.538696 (7936bp)
		This contig is unaligned. (7936 bp)
		Unaligned bases: 7936  total: 1337340

CONTIG: NODE_392_length_992_cov_124.439514 (1054bp)
		This contig is unaligned. (1054 bp)
		Unaligned bases: 1054  total: 1338394

CONTIG: NODE_481_length_1618_cov_631.571045 (1680bp)
		This contig is unaligned. (1680 bp)
		Unaligned bases: 1680  total: 1340074

CONTIG: NODE_264_length_2696_cov_48.976261 (2758bp)
		This contig is unaligned. (2758 bp)
		Unaligned bases: 2758  total: 1342832

CONTIG: NODE_403_length_39448_cov_99.415886 (39510bp)
		This contig is unaligned. (39510 bp)
		Unaligned bases: 39510  total: 1382342

CONTIG: NODE_210_length_47075_cov_104.465302 (47137bp)
		This contig is unaligned. (47137 bp)
		Unaligned bases: 47137  total: 1429479

CONTIG: NODE_153_length_6200_cov_116.829674 (6262bp)
		This contig is unaligned. (6262 bp)
		Unaligned bases: 6262  total: 1435741

CONTIG: NODE_207_length_54305_cov_101.483475 (54367bp)
Top Length: 5197  Top ID: 95.56
		This contig is partially unaligned. (5197 out of 54367)
		Alignment: 4375336 4380532 | 23717 28913 | 5197 5197 | 95.56 | gi|42779081|ref|NC_003909.8|_Bacillus_cereus_ATCC_10987__complete_genome NODE_207_length_54305_cov_101.483475
		Unaligned bases: 1 to 23716 (23716)
		Unaligned bases: 28914 to 54367 (25454)
		This contig has both significant aligned and unaligned parts (of length >= min-contig)!

CONTIG: NODE_827_length_16081_cov_43.180584 (16143bp)
		This contig is unaligned. (16143 bp)
		Unaligned bases: 16143  total: 1451884

CONTIG: NODE_233_length_25133_cov_85.110336 (25195bp)
		This contig is unaligned. (25195 bp)
		Unaligned bases: 25195  total: 1477079

CONTIG: NODE_547_length_8031_cov_76.210182 (8093bp)
		This contig is unaligned. (8093 bp)
		Unaligned bases: 8093  total: 1485172

CONTIG: NODE_762_length_1125_cov_87.760002 (1187bp)
		This contig is unaligned. (1187 bp)
		Unaligned bases: 1187  total: 1486359

CONTIG: NODE_461_length_10926_cov_42.790226 (10988bp)
		This contig is unaligned. (10988 bp)
		Unaligned bases: 10988  total: 1497347

CONTIG: NODE_509_length_3677_cov_81.063911 (3739bp)
		This contig is unaligned. (3739 bp)
		Unaligned bases: 3739  total: 1501086

CONTIG: NODE_336_length_726_cov_143.420105 (788bp)
		This contig is unaligned. (788 bp)
		Unaligned bases: 788  total: 1501874

CONTIG: NODE_402_length_4661_cov_66.750916 (4723bp)
		This contig is unaligned. (4723 bp)
		Unaligned bases: 4723  total: 1506597

CONTIG: NODE_160_length_14928_cov_121.950363 (14990bp)
		This contig is unaligned. (14990 bp)
		Unaligned bases: 14990  total: 1521587

CONTIG: NODE_844_length_70752_cov_64.803734 (70814bp)
		This contig is unaligned. (70814 bp)
		Unaligned bases: 70814  total: 1592401

CONTIG: NODE_174_length_41325_cov_49.437702 (41387bp)
Top Length: 69  Top ID: 100.0
		This contig is partially unaligned. (69 out of 41387)
		Alignment: 1080080 1080148 | 35945 35877 | 69 69 | 100.0 | gi|42779081|ref|NC_003909.8|_Bacillus_cereus_ATCC_10987__complete_genome NODE_174_length_41325_cov_49.437702
		Unaligned bases: 1 to 35876 (35876)
		Unaligned bases: 35946 to 41387 (5442)

CONTIG: NODE_839_length_4602_cov_56.602783 (4664bp)
		This contig is unaligned. (4664 bp)
		Unaligned bases: 4664  total: 1597065

CONTIG: NODE_237_length_12345_cov_75.342079 (12407bp)
		This contig is unaligned. (12407 bp)
		Unaligned bases: 12407  total: 1609472

CONTIG: NODE_533_length_2743_cov_75.557053 (2805bp)
		This contig is unaligned. (2805 bp)
		Unaligned bases: 2805  total: 1612277

CONTIG: NODE_630_length_1705_cov_88.888565 (1767bp)
		This contig is unaligned. (1767 bp)
		Unaligned bases: 1767  total: 1614044

CONTIG: NODE_231_length_20847_cov_44.544971 (20909bp)
		This contig is unaligned. (20909 bp)
		Unaligned bases: 20909  total: 1634953

CONTIG: NODE_24_length_9458_cov_47.853245 (9520bp)
		This contig is unaligned. (9520 bp)
		Unaligned bases: 9520  total: 1644473

CONTIG: NODE_275_length_10132_cov_42.131069 (10194bp)
		This contig is unaligned. (10194 bp)
		Unaligned bases: 10194  total: 1654667

CONTIG: NODE_435_length_26895_cov_134.517044 (26957bp)
		This contig is unaligned. (26957 bp)
		Unaligned bases: 26957  total: 1681624

CONTIG: NODE_504_length_15961_cov_67.949440 (16023bp)
		This contig is unaligned. (16023 bp)
		Unaligned bases: 16023  total: 1697647

CONTIG: NODE_499_length_9819_cov_120.411247 (9881bp)
		This contig is unaligned. (9881 bp)
		Unaligned bases: 9881  total: 1707528

CONTIG: NODE_202_length_29147_cov_105.890900 (29209bp)
		This contig is unaligned. (29209 bp)
		Unaligned bases: 29209  total: 1736737

CONTIG: NODE_409_length_15926_cov_104.826195 (15988bp)
		This contig is unaligned. (15988 bp)
		Unaligned bases: 15988  total: 1752725

CONTIG: NODE_458_length_53916_cov_40.955395 (53978bp)
		This contig is unaligned. (53978 bp)
		Unaligned bases: 53978  total: 1806703

CONTIG: NODE_252_length_88168_cov_65.292976 (88230bp)
		This contig is unaligned. (88230 bp)
		Unaligned bases: 88230  total: 1894933

CONTIG: NODE_704_length_19458_cov_77.770020 (19520bp)
		This contig is unaligned. (19520 bp)
		Unaligned bases: 19520  total: 1914453

CONTIG: NODE_620_length_1848_cov_73.434525 (1910bp)
		This contig is unaligned. (1910 bp)
		Unaligned bases: 1910  total: 1916363

CONTIG: NODE_343_length_11684_cov_39.686752 (11746bp)
		This contig is unaligned. (11746 bp)
		Unaligned bases: 11746  total: 1928109

CONTIG: NODE_51_length_1631_cov_97.351318 (1693bp)
		This contig is unaligned. (1693 bp)
		Unaligned bases: 1693  total: 1929802

CONTIG: NODE_791_length_978_cov_48.224949 (1040bp)
		This contig is unaligned. (1040 bp)
		Unaligned bases: 1040  total: 1930842

CONTIG: NODE_66_length_44295_cov_120.106918 (44357bp)
Top Length: 772  Top ID: 95.12
		This contig is partially unaligned. (772 out of 44357)
		Alignment: 603265 604041 | 42764 43535 | 777 772 | 95.12 | gi|42779081|ref|NC_003909.8|_Bacillus_cereus_ATCC_10987__complete_genome NODE_66_length_44295_cov_120.106918
		Unaligned bases: 1 to 42763 (42763)
		Unaligned bases: 43536 to 44357 (822)
		This contig has both significant aligned and unaligned parts (of length >= min-contig)!

CONTIG: NODE_451_length_567_cov_88.594353 (629bp)
		This contig is unaligned. (629 bp)
		Unaligned bases: 629  total: 1931471

CONTIG: NODE_23_length_2928_cov_1946.552246 (2990bp)
Top Length: 2990  Top ID: 99.26
		This contig has 12 significant alignments. [An ambiguously mapped contig]
		Using only first of these alignment (option --ambiguity-usage is set to "one"):
		Alignment: 315501 318489 | 2990 1 | 2989 2990 | 99.26 | gi|42779081|ref|NC_003909.8|_Bacillus_cereus_ATCC_10987__complete_genome NODE_23_length_2928_cov_1946.552246
		Skipping alignment  332419 335408 | 2990 1 | 2990 2990 | 99.26 | gi|42779081|ref|NC_003909.8|_Bacillus_cereus_ATCC_10987__complete_genome NODE_23_length_2928_cov_1946.552246
		Skipping alignment  4651092 4654081 | 1 2990 | 2990 2990 | 99.26 | gi|42779081|ref|NC_003909.8|_Bacillus_cereus_ATCC_10987__complete_genome NODE_23_length_2928_cov_1946.552246
		Skipping alignment  147136 150125 | 2990 1 | 2990 2990 | 99.23 | gi|42779081|ref|NC_003909.8|_Bacillus_cereus_ATCC_10987__complete_genome NODE_23_length_2928_cov_1946.552246
		Skipping alignment  281240 284229 | 2990 1 | 2990 2990 | 99.23 | gi|42779081|ref|NC_003909.8|_Bacillus_cereus_ATCC_10987__complete_genome NODE_23_length_2928_cov_1946.552246
		Skipping alignment  30950 33939 | 2990 1 | 2990 2990 | 99.2 | gi|42779081|ref|NC_003909.8|_Bacillus_cereus_ATCC_10987__complete_genome NODE_23_length_2928_cov_1946.552246
		Skipping alignment  819779 822768 | 2990 1 | 2990 2990 | 99.2 | gi|42779081|ref|NC_003909.8|_Bacillus_cereus_ATCC_10987__complete_genome NODE_23_length_2928_cov_1946.552246
		Skipping alignment  11176 14165 | 2990 1 | 2990 2990 | 99.16 | gi|42779081|ref|NC_003909.8|_Bacillus_cereus_ATCC_10987__complete_genome NODE_23_length_2928_cov_1946.552246
		Skipping alignment  606572 609561 | 2990 1 | 2990 2990 | 99.16 | gi|42779081|ref|NC_003909.8|_Bacillus_cereus_ATCC_10987__complete_genome NODE_23_length_2928_cov_1946.552246
		Skipping alignment  84067 87056 | 2990 1 | 2990 2990 | 99.1 | gi|42779081|ref|NC_003909.8|_Bacillus_cereus_ATCC_10987__complete_genome NODE_23_length_2928_cov_1946.552246
		Skipping alignment  302291 305281 | 2990 1 | 2991 2990 | 99.06 | gi|42779081|ref|NC_003909.8|_Bacillus_cereus_ATCC_10987__complete_genome NODE_23_length_2928_cov_1946.552246
		Skipping alignment  324601 327590 | 2990 1 | 2990 2990 | 99.06 | gi|42779081|ref|NC_003909.8|_Bacillus_cereus_ATCC_10987__complete_genome NODE_23_length_2928_cov_1946.552246

CONTIG: NODE_298_length_1731_cov_95.409012 (1793bp)
		This contig is unaligned. (1793 bp)
		Unaligned bases: 1793  total: 1933264

CONTIG: NODE_427_length_1711_cov_135.055527 (1773bp)
		This contig is unaligned. (1773 bp)
		Unaligned bases: 1773  total: 1935037

CONTIG: NODE_259_length_3652_cov_48.595016 (3714bp)
		This contig is unaligned. (3714 bp)
		Unaligned bases: 3714  total: 1938751

CONTIG: NODE_401_length_4696_cov_82.483391 (4758bp)
		This contig is unaligned. (4758 bp)
		Unaligned bases: 4758  total: 1943509

CONTIG: NODE_177_length_20488_cov_130.011520 (20550bp)
		This contig is unaligned. (20550 bp)
		Unaligned bases: 20550  total: 1964059

CONTIG: NODE_341_length_52219_cov_138.163269 (52281bp)
		This contig is unaligned. (52281 bp)
		Unaligned bases: 52281  total: 2016340

CONTIG: NODE_318_length_607_cov_280.304779 (669bp)
		This contig is unaligned. (669 bp)
		Unaligned bases: 669  total: 2017009

CONTIG: NODE_284_length_13686_cov_130.221542 (13748bp)
		This contig is unaligned. (13748 bp)
		Unaligned bases: 13748  total: 2030757

CONTIG: NODE_450_length_9446_cov_71.077919 (9508bp)
		This contig is unaligned. (9508 bp)
		Unaligned bases: 9508  total: 2040265

CONTIG: NODE_287_length_51217_cov_122.061310 (51279bp)
		This contig is unaligned. (51279 bp)
		Unaligned bases: 51279  total: 2091544

CONTIG: NODE_35_length_15645_cov_139.402298 (15707bp)
		This contig is unaligned. (15707 bp)
		Unaligned bases: 15707  total: 2107251

CONTIG: NODE_407_length_23957_cov_63.436783 (24019bp)
		This contig is unaligned. (24019 bp)
		Unaligned bases: 24019  total: 2131270

CONTIG: NODE_644_length_61476_cov_69.429062 (61538bp)
		This contig is unaligned. (61538 bp)
		Unaligned bases: 61538  total: 2192808

CONTIG: NODE_232_length_44064_cov_92.194832 (44126bp)
		This contig is unaligned. (44126 bp)
		Unaligned bases: 44126  total: 2236934

CONTIG: NODE_114_length_19289_cov_130.286484 (19351bp)
		This contig is unaligned. (19351 bp)
		Unaligned bases: 19351  total: 2256285

CONTIG: NODE_347_length_11130_cov_42.353729 (11192bp)
		This contig is unaligned. (11192 bp)
		Unaligned bases: 11192  total: 2267477

CONTIG: NODE_143_length_46313_cov_58.000648 (46375bp)
		This contig is unaligned. (46375 bp)
		Unaligned bases: 46375  total: 2313852

CONTIG: NODE_591_length_3520_cov_78.338638 (3582bp)
		This contig is unaligned. (3582 bp)
		Unaligned bases: 3582  total: 2317434

CONTIG: NODE_294_length_48590_cov_52.089977 (48652bp)
		This contig is unaligned. (48652 bp)
		Unaligned bases: 48652  total: 2366086

CONTIG: NODE_281_length_5517_cov_39.973537 (5579bp)
		This contig is unaligned. (5579 bp)
		Unaligned bases: 5579  total: 2371665

CONTIG: NODE_344_length_1491_cov_44.038898 (1553bp)
		This contig is unaligned. (1553 bp)
		Unaligned bases: 1553  total: 2373218

CONTIG: NODE_244_length_233680_cov_77.283653 (233742bp)
Top Length: 1789  Top ID: 95.47
		This contig is misassembled. 3 total aligns.
			Warning! This contig is more unaligned than misassembled. Contig length is 233742 and total length of all aligns is 2005
		Alignment: 319525 321313 | 157265 159053 | 1789 1789 | 95.47 | gi|42779081|ref|NC_003909.8|_Bacillus_cereus_ATCC_10987__complete_genome NODE_244_length_233680_cov_77.283653
		Alignment: 1080078 1080148 | 213504 213574 | 71 71 | 100.0 | gi|42779081|ref|NC_003909.8|_Bacillus_cereus_ATCC_10987__complete_genome NODE_244_length_233680_cov_77.283653
		Alignment: 1490631 1490775 | 233467 233611 | 145 145 | 97.93 | gi|42779081|ref|NC_003909.8|_Bacillus_cereus_ATCC_10987__complete_genome NODE_244_length_233680_cov_77.283653
		Unaligned bases: 231737
		This contig has both significant aligned and unaligned parts (of length >= min-contig)!
CONTIG: NODE_453_length_4196_cov_70.604385 (4258bp)
		This contig is unaligned. (4258 bp)
		Unaligned bases: 4258  total: 2377476

CONTIG: NODE_1_length_29561_cov_141.273666 (29623bp)
		This contig is unaligned. (29623 bp)
		Unaligned bases: 29623  total: 2407099

CONTIG: NODE_834_length_27209_cov_45.571465 (27271bp)
		This contig is unaligned. (27271 bp)
		Unaligned bases: 27271  total: 2434370

CONTIG: NODE_256_length_33812_cov_53.114693 (33874bp)
		This contig is unaligned. (33874 bp)
		Unaligned bases: 33874  total: 2468244

CONTIG: NODE_745_length_5054_cov_76.009300 (5116bp)
		This contig is unaligned. (5116 bp)
		Unaligned bases: 5116  total: 2473360

CONTIG: NODE_519_length_758_cov_49.246700 (820bp)
		This contig is unaligned. (820 bp)
		Unaligned bases: 820  total: 2474180

CONTIG: NODE_44_length_7495_cov_146.289261 (7557bp)
		This contig is unaligned. (7557 bp)
		Unaligned bases: 7557  total: 2481737

CONTIG: NODE_342_length_3552_cov_39.464809 (3614bp)
		This contig is unaligned. (3614 bp)
		Unaligned bases: 3614  total: 2485351

CONTIG: NODE_563_length_4418_cov_38.645313 (4480bp)
		This contig is unaligned. (4480 bp)
		Unaligned bases: 4480  total: 2489831

CONTIG: NODE_508_length_460_cov_81.371742 (522bp)
		This contig is unaligned. (522 bp)
		Unaligned bases: 522  total: 2490353

CONTIG: NODE_253_length_67703_cov_54.905647 (67765bp)
		This contig is unaligned. (67765 bp)
		Unaligned bases: 67765  total: 2558118

CONTIG: NODE_209_length_59636_cov_106.046837 (59698bp)
Top Length: 3516  Top ID: 95.05
		This contig is partially unaligned. (3516 out of 59698)
		Alignment: 4539765 4543280 | 22758 19243 | 3516 3516 | 95.05 | gi|42779081|ref|NC_003909.8|_Bacillus_cereus_ATCC_10987__complete_genome NODE_209_length_59636_cov_106.046837
		Unaligned bases: 1 to 19242 (19242)
		Unaligned bases: 22759 to 59698 (36940)
		This contig has both significant aligned and unaligned parts (of length >= min-contig)!

CONTIG: NODE_810_length_126297_cov_45.923496 (126359bp)
		This contig is unaligned. (126359 bp)
		Unaligned bases: 126359  total: 2684477

CONTIG: NODE_178_length_5266_cov_110.975502 (5328bp)
		This contig is unaligned. (5328 bp)
		Unaligned bases: 5328  total: 2689805

CONTIG: NODE_680_length_2470_cov_118.416191 (2532bp)
		This contig is unaligned. (2532 bp)
		Unaligned bases: 2532  total: 2692337

CONTIG: NODE_666_length_1822_cov_55.707466 (1884bp)
		This contig is unaligned. (1884 bp)
		Unaligned bases: 1884  total: 2694221

CONTIG: NODE_613_length_48685_cov_40.365841 (48747bp)
		This contig is unaligned. (48747 bp)
		Unaligned bases: 48747  total: 2742968

CONTIG: NODE_520_length_43183_cov_72.995949 (43245bp)
		This contig is unaligned. (43245 bp)
		Unaligned bases: 43245  total: 2786213

CONTIG: NODE_184_length_43372_cov_100.069565 (43434bp)
Top Length: 161  Top ID: 98.16
		Skipping redundant alignment 5203884 5203957 | 43123 43196 | 74 74 | 100.0 | gi|42779081|ref|NC_003909.8|_Bacillus_cereus_ATCC_10987__complete_genome NODE_184_length_43372_cov_100.069565
		Skipping redundant alignment 150500 150572 | 43196 43124 | 73 73 | 100.0 | gi|42779081|ref|NC_003909.8|_Bacillus_cereus_ATCC_10987__complete_genome NODE_184_length_43372_cov_100.069565
		Skipping redundant alignment 278580 278652 | 43196 43124 | 73 73 | 100.0 | gi|42779081|ref|NC_003909.8|_Bacillus_cereus_ATCC_10987__complete_genome NODE_184_length_43372_cov_100.069565
		Skipping redundant alignment 609960 610032 | 43196 43124 | 73 73 | 100.0 | gi|42779081|ref|NC_003909.8|_Bacillus_cereus_ATCC_10987__complete_genome NODE_184_length_43372_cov_100.069565
		Skipping redundant alignment 150322 150400 | 43274 43196 | 79 79 | 100.0 | gi|42779081|ref|NC_003909.8|_Bacillus_cereus_ATCC_10987__complete_genome NODE_184_length_43372_cov_100.069565
		Skipping redundant alignment 278401 278479 | 43274 43196 | 79 79 | 100.0 | gi|42779081|ref|NC_003909.8|_Bacillus_cereus_ATCC_10987__complete_genome NODE_184_length_43372_cov_100.069565
		Skipping redundant alignments after choosing the best set of alignments
		Skipping [10977][11069] redundant alignment 10977 11069 | 43367 43275 | 93 93 | 96.77 | gi|42779081|ref|NC_003909.8|_Bacillus_cereus_ATCC_10987__complete_genome NODE_184_length_43372_cov_100.069565
		This contig is misassembled. 10 total aligns.
			Warning! This contig is more unaligned than misassembled. Contig length is 43434 and total length of all aligns is 254
		Alignment: 30751 30843 | 43367 43275 | 93 93 | 96.77 | gi|42779081|ref|NC_003909.8|_Bacillus_cereus_ATCC_10987__complete_genome NODE_184_length_43372_cov_100.069565
		Alignment: 64526 64607 | 43195 43114 | 82 82 | 97.56 | gi|42779081|ref|NC_003909.8|_Bacillus_cereus_ATCC_10987__complete_genome NODE_184_length_43372_cov_100.069565
		Alignment: 4649093 4649255 | 43196 43356 | 163 161 | 98.16 | gi|42779081|ref|NC_003909.8|_Bacillus_cereus_ATCC_10987__complete_genome NODE_184_length_43372_cov_100.069565
		Unaligned bases: 43180
CONTIG: NODE_33_length_30524_cov_135.764847 (30586bp)
Top Length: 76  Top ID: 100.0
		This contig is partially unaligned. (76 out of 30586)
		Alignment: 4649986 4650061 | 76 151 | 76 76 | 100.0 | gi|42779081|ref|NC_003909.8|_Bacillus_cereus_ATCC_10987__complete_genome NODE_33_length_30524_cov_135.764847
		Unaligned bases: 1 to 75 (75)
		Unaligned bases: 152 to 30586 (30435)

CONTIG: NODE_414_length_27253_cov_110.581993 (27315bp)
		This contig is unaligned. (27315 bp)
		Unaligned bases: 27315  total: 2813528

CONTIG: NODE_346_length_4455_cov_40.483051 (4517bp)
		This contig is unaligned. (4517 bp)
		Unaligned bases: 4517  total: 2818045

CONTIG: NODE_350_length_16474_cov_44.145927 (16536bp)
Top Length: 825  Top ID: 95.88
		This contig is partially unaligned. (825 out of 16536)
		Alignment: 3166751 3167574 | 3068 3892 | 824 825 | 95.88 | gi|42779081|ref|NC_003909.8|_Bacillus_cereus_ATCC_10987__complete_genome NODE_350_length_16474_cov_44.145927
		Unaligned bases: 1 to 3067 (3067)
		Unaligned bases: 3893 to 16536 (12644)
		This contig has both significant aligned and unaligned parts (of length >= min-contig)!

CONTIG: NODE_452_length_7845_cov_73.076485 (7907bp)
		This contig is unaligned. (7907 bp)
		Unaligned bases: 7907  total: 2825952

CONTIG: NODE_811_length_4543_cov_41.231125 (4605bp)
		This contig is unaligned. (4605 bp)
		Unaligned bases: 4605  total: 2830557

CONTIG: NODE_503_length_2103_cov_89.546364 (2165bp)
		This contig is unaligned. (2165 bp)
		Unaligned bases: 2165  total: 2832722

CONTIG: NODE_296_length_10179_cov_38.823952 (10241bp)
		This contig is unaligned. (10241 bp)
		Unaligned bases: 10241  total: 2842963

CONTIG: NODE_212_length_12944_cov_81.904976 (13006bp)
		This contig is unaligned. (13006 bp)
		Unaligned bases: 13006  total: 2855969

CONTIG: NODE_812_length_7715_cov_67.137138 (7777bp)
		This contig is unaligned. (7777 bp)
		Unaligned bases: 7777  total: 2863746

CONTIG: NODE_293_length_9746_cov_41.285862 (9808bp)
		This contig is unaligned. (9808 bp)
		Unaligned bases: 9808  total: 2873554

CONTIG: NODE_814_length_3905_cov_77.061974 (3967bp)
		This contig is unaligned. (3967 bp)
		Unaligned bases: 3967  total: 2877521

CONTIG: NODE_345_length_13435_cov_38.622627 (13497bp)
		This contig is unaligned. (13497 bp)
		Unaligned bases: 13497  total: 2891018

CONTIG: NODE_627_length_10049_cov_69.054237 (10111bp)
		This contig is unaligned. (10111 bp)
		Unaligned bases: 10111  total: 2901129

CONTIG: NODE_411_length_14572_cov_111.355270 (14634bp)
		This contig is unaligned. (14634 bp)
		Unaligned bases: 14634  total: 2915763

CONTIG: NODE_496_length_2225_cov_64.433258 (2287bp)
		This contig is unaligned. (2287 bp)
		Unaligned bases: 2287  total: 2918050

CONTIG: NODE_425_length_29659_cov_122.477699 (29721bp)
		This contig is unaligned. (29721 bp)
		Unaligned bases: 29721  total: 2947771

CONTIG: NODE_395_length_167625_cov_90.757416 (167687bp)
Top Length: 194  Top ID: 97.42
		Skipping redundant alignments after choosing the best set of alignments
		Skipping [2995449][2995642] redundant alignment 2995449 2995642 | 146112 145919 | 194 194 | 97.42 | gi|42779081|ref|NC_003909.8|_Bacillus_cereus_ATCC_10987__complete_genome NODE_395_length_167625_cov_90.757416
		Skipping [3235197][3235390] redundant alignment 3235197 3235390 | 146112 145919 | 194 194 | 97.42 | gi|42779081|ref|NC_003909.8|_Bacillus_cereus_ATCC_10987__complete_genome NODE_395_length_167625_cov_90.757416
		This contig is partially unaligned. (194 out of 167687)
		Alignment: 1109704 1109897 | 146112 145919 | 194 194 | 97.42 | gi|42779081|ref|NC_003909.8|_Bacillus_cereus_ATCC_10987__complete_genome NODE_395_length_167625_cov_90.757416
		Unaligned bases: 1 to 145918 (145918)
		Unaligned bases: 146113 to 167687 (21575)

CONTIG: NODE_351_length_35474_cov_48.209309 (35536bp)
		This contig is unaligned. (35536 bp)
		Unaligned bases: 35536  total: 2983307

CONTIG: NODE_571_length_1458_cov_59.263374 (1520bp)
		This contig is unaligned. (1520 bp)
		Unaligned bases: 1520  total: 2984827

CONTIG: NODE_723_length_498_cov_40.010040 (560bp)
		This contig is unaligned. (560 bp)
		Unaligned bases: 560  total: 2985387

CONTIG: NODE_89_length_1695_cov_57.938053 (1757bp)
		This contig is unaligned. (1757 bp)
		Unaligned bases: 1757  total: 2987144

CONTIG: NODE_511_length_6816_cov_70.239586 (6878bp)
		This contig is unaligned. (6878 bp)
		Unaligned bases: 6878  total: 2994022

CONTIG: NODE_234_length_14633_cov_68.991524 (14695bp)
		This contig is unaligned. (14695 bp)
		Unaligned bases: 14695  total: 3008717

CONTIG: NODE_449_length_12148_cov_75.811821 (12210bp)
		This contig is unaligned. (12210 bp)
		Unaligned bases: 12210  total: 3020927

CONTIG: NODE_311_length_1722_cov_79.251450 (1784bp)
		This contig is unaligned. (1784 bp)
		Unaligned bases: 1784  total: 3022711

CONTIG: NODE_270_length_16721_cov_48.127922 (16783bp)
		This contig is unaligned. (16783 bp)
		Unaligned bases: 16783  total: 3039494

CONTIG: NODE_759_length_882_cov_43.918365 (944bp)
		This contig is unaligned. (944 bp)
		Unaligned bases: 944  total: 3040438

CONTIG: NODE_483_length_1440_cov_40.249306 (1502bp)
Top Length: 153  Top ID: 98.04
		Skipping redundant alignment 5142494 5142636 | 1 143 | 143 143 | 99.3 | gi|42779081|ref|NC_003909.8|_Bacillus_cereus_ATCC_10987__complete_genome NODE_483_length_1440_cov_40.249306
		This contig is partially unaligned. (153 out of 1502)
		Alignment: 2564190 2564342 | 153 1 | 153 153 | 98.04 | gi|42779081|ref|NC_003909.8|_Bacillus_cereus_ATCC_10987__complete_genome NODE_483_length_1440_cov_40.249306
		Unaligned bases: 154 to 1502 (1349)

CONTIG: NODE_73_length_6170_cov_753.995300 (6232bp)
		This contig is unaligned. (6232 bp)
		Unaligned bases: 6232  total: 3046670

CONTIG: NODE_669_length_865_cov_74.682083 (927bp)
		This contig is unaligned. (927 bp)
		Unaligned bases: 927  total: 3047597

CONTIG: NODE_384_length_11452_cov_77.142685 (11514bp)
		This contig is unaligned. (11514 bp)
		Unaligned bases: 11514  total: 3059111

CONTIG: NODE_228_length_15342_cov_133.701080 (15404bp)
		This contig is unaligned. (15404 bp)
		Unaligned bases: 15404  total: 3074515

CONTIG: NODE_500_length_3577_cov_41.799831 (3639bp)
		This contig is unaligned. (3639 bp)
		Unaligned bases: 3639  total: 3078154

CONTIG: NODE_393_length_1914_cov_112.638977 (1976bp)
		This contig is unaligned. (1976 bp)
		Unaligned bases: 1976  total: 3080130

CONTIG: NODE_254_length_2803_cov_52.337139 (2865bp)
		This contig is unaligned. (2865 bp)
		Unaligned bases: 2865  total: 3082995

CONTIG: NODE_112_length_1036_cov_103.652512 (1098bp)
		This contig is unaligned. (1098 bp)
		Unaligned bases: 1098  total: 3084093

CONTIG: NODE_261_length_9635_cov_53.160767 (9697bp)
		This contig is unaligned. (9697 bp)
		Unaligned bases: 9697  total: 3093790

CONTIG: NODE_468_length_32939_cov_45.052765 (33001bp)
		This contig is unaligned. (33001 bp)
		Unaligned bases: 33001  total: 3126791

CONTIG: NODE_518_length_6944_cov_71.842308 (7006bp)
		This contig is unaligned. (7006 bp)
		Unaligned bases: 7006  total: 3133797

CONTIG: NODE_273_length_6328_cov_39.497314 (6390bp)
		This contig is unaligned. (6390 bp)
		Unaligned bases: 6390  total: 3140187

CONTIG: NODE_241_length_25245_cov_43.745773 (25307bp)
		This contig is unaligned. (25307 bp)
		Unaligned bases: 25307  total: 3165494

CONTIG: NODE_115_length_1432_cov_114.920387 (1494bp)
		This contig is unaligned. (1494 bp)
		Unaligned bases: 1494  total: 3166988

CONTIG: NODE_257_length_3427_cov_50.003792 (3489bp)
		This contig is unaligned. (3489 bp)
		Unaligned bases: 3489  total: 3170477

CONTIG: NODE_148_length_15457_cov_131.798538 (15519bp)
		This contig is unaligned. (15519 bp)
		Unaligned bases: 15519  total: 3185996

CONTIG: NODE_348_length_4283_cov_87.518097 (4345bp)
		This contig is unaligned. (4345 bp)
		Unaligned bases: 4345  total: 3190341

CONTIG: NODE_155_length_882_cov_295.173462 (944bp)
Top Length: 944  Top ID: 95.77
		This contig has 2 significant alignments. [An ambiguously mapped contig]
		Using only first of these alignment (option --ambiguity-usage is set to "one"):
		Alignment: 3233471 3234415 | 944 1 | 945 944 | 95.77 | gi|42779081|ref|NC_003909.8|_Bacillus_cereus_ATCC_10987__complete_genome NODE_155_length_882_cov_295.173462
		Skipping alignment  1107979 1108922 | 944 1 | 944 944 | 95.02 | gi|42779081|ref|NC_003909.8|_Bacillus_cereus_ATCC_10987__complete_genome NODE_155_length_882_cov_295.173462

CONTIG: NODE_230_length_67950_cov_82.857819 (68012bp)
		This contig is unaligned. (68012 bp)
		Unaligned bases: 68012  total: 3258353

CONTIG: NODE_478_length_89711_cov_98.397430 (89773bp)
Top Length: 1404  Top ID: 95.3
		This contig is partially unaligned. (1404 out of 89773)
		Alignment: 4190254 4191657 | 64876 66279 | 1404 1404 | 95.3 | gi|42779081|ref|NC_003909.8|_Bacillus_cereus_ATCC_10987__complete_genome NODE_478_length_89711_cov_98.397430
		Unaligned bases: 1 to 64875 (64875)
		Unaligned bases: 66280 to 89773 (23494)
		This contig has both significant aligned and unaligned parts (of length >= min-contig)!

CONTIG: NODE_268_length_38868_cov_46.256302 (38930bp)
Top Length: 69  Top ID: 100.0
		This contig is partially unaligned. (69 out of 38930)
		Alignment: 1080080 1080148 | 10758 10826 | 69 69 | 100.0 | gi|42779081|ref|NC_003909.8|_Bacillus_cereus_ATCC_10987__complete_genome NODE_268_length_38868_cov_46.256302
		Unaligned bases: 1 to 10757 (10757)
		Unaligned bases: 10827 to 38930 (28104)

CONTIG: NODE_166_length_582_cov_63.347080 (644bp)
		This contig is unaligned. (644 bp)
		Unaligned bases: 644  total: 3258997

CONTIG: NODE_767_length_498_cov_40.600403 (560bp)
		This contig is unaligned. (560 bp)
		Unaligned bases: 560  total: 3259557

CONTIG: NODE_565_length_11260_cov_70.410301 (11322bp)
		This contig is unaligned. (11322 bp)
		Unaligned bases: 11322  total: 3270879

CONTIG: NODE_442_length_1358_cov_65.513252 (1420bp)
		This contig is unaligned. (1420 bp)
		Unaligned bases: 1420  total: 3272299

CONTIG: NODE_269_length_31676_cov_49.810299 (31738bp)
		This contig is unaligned. (31738 bp)
		Unaligned bases: 31738  total: 3304037

CONTIG: NODE_724_length_11013_cov_72.245804 (11075bp)
		This contig is unaligned. (11075 bp)
		Unaligned bases: 11075  total: 3315112

CONTIG: NODE_289_length_11069_cov_129.932159 (11131bp)
		This contig is unaligned. (11131 bp)
		Unaligned bases: 11131  total: 3326243

CONTIG: NODE_56_length_7269_cov_141.620575 (7331bp)
		This contig is unaligned. (7331 bp)
		Unaligned bases: 7331  total: 3333574

CONTIG: NODE_784_length_603_cov_124.356552 (665bp)
		This contig is unaligned. (665 bp)
		Unaligned bases: 665  total: 3334239

CONTIG: NODE_428_length_19551_cov_140.841690 (19613bp)
		This contig is unaligned. (19613 bp)
		Unaligned bases: 19613  total: 3353852

CONTIG: NODE_623_length_1500_cov_151.234665 (1562bp)
		This contig is unaligned. (1562 bp)
		Unaligned bases: 1562  total: 3355414

CONTIG: NODE_582_length_573_cov_173.020935 (635bp)
		This contig is unaligned. (635 bp)
		Unaligned bases: 635  total: 3356049

CONTIG: NODE_853_length_24387_cov_73.421944 (24449bp)
		This contig is unaligned. (24449 bp)
		Unaligned bases: 24449  total: 3380498

CONTIG: NODE_267_length_2996_cov_48.299400 (3058bp)
		This contig is unaligned. (3058 bp)
		Unaligned bases: 3058  total: 3383556

CONTIG: NODE_109_length_5428_cov_76.228264 (5490bp)
		This contig is unaligned. (5490 bp)
		Unaligned bases: 5490  total: 3389046

CONTIG: NODE_408_length_2243_cov_105.016495 (2305bp)
		This contig is unaligned. (2305 bp)
		Unaligned bases: 2305  total: 3391351

CONTIG: NODE_693_length_774_cov_76.971573 (836bp)
		This contig is unaligned. (836 bp)
		Unaligned bases: 836  total: 3392187

CONTIG: NODE_642_length_3899_cov_87.719925 (3961bp)
		This contig is unaligned. (3961 bp)
		Unaligned bases: 3961  total: 3396148

CONTIG: NODE_665_length_8813_cov_69.211960 (8875bp)
		This contig is unaligned. (8875 bp)
		Unaligned bases: 8875  total: 3405023

CONTIG: NODE_127_length_16494_cov_101.052078 (16556bp)
Top Length: 228  Top ID: 95.71
		Skipping redundant alignment 4649263 4649334 | 11424 11495 | 72 72 | 100.0 | gi|42779081|ref|NC_003909.8|_Bacillus_cereus_ATCC_10987__complete_genome NODE_127_length_16494_cov_101.052078
		Skipping redundant alignment 279452 279522 | 11494 11424 | 71 71 | 100.0 | gi|42779081|ref|NC_003909.8|_Bacillus_cereus_ATCC_10987__complete_genome NODE_127_length_16494_cov_101.052078
		Skipping redundant alignment 823159 823235 | 15667 15591 | 77 77 | 100.0 | gi|42779081|ref|NC_003909.8|_Bacillus_cereus_ATCC_10987__complete_genome NODE_127_length_16494_cov_101.052078
		Skipping redundant alignment 5203673 5203746 | 16132 16205 | 74 74 | 100.0 | gi|42779081|ref|NC_003909.8|_Bacillus_cereus_ATCC_10987__complete_genome NODE_127_length_16494_cov_101.052078
		Skipping redundant alignments after choosing the best set of alignments
		Skipping [4650429][4650510] redundant alignment 4650429 4650510 | 15509 15589 | 82 81 | 98.78 | gi|42779081|ref|NC_003909.8|_Bacillus_cereus_ATCC_10987__complete_genome NODE_127_length_16494_cov_101.052078
		This contig is misassembled. 10 total aligns.
			Warning! This contig is more unaligned than misassembled. Contig length is 16556 and total length of all aligns is 629
		Alignment: 278940 279022 | 15672 15590 | 83 83 | 98.8 | gi|42779081|ref|NC_003909.8|_Bacillus_cereus_ATCC_10987__complete_genome NODE_127_length_16494_cov_101.052078
		Alignment: 610058 610219 | 16556 16395 | 162 162 | 98.15 | gi|42779081|ref|NC_003909.8|_Bacillus_cereus_ATCC_10987__complete_genome NODE_127_length_16494_cov_101.052078
		Alignment: 823436 823517 | 15589 15509 | 82 81 | 98.78 | gi|42779081|ref|NC_003909.8|_Bacillus_cereus_ATCC_10987__complete_genome NODE_127_length_16494_cov_101.052078
		Alignment: 4248301 4248375 | 11421 11495 | 75 75 | 100.0 | gi|42779081|ref|NC_003909.8|_Bacillus_cereus_ATCC_10987__complete_genome NODE_127_length_16494_cov_101.052078
		Alignment: 4649436 4649666 | 16043 16270 | 231 228 | 95.71 | gi|42779081|ref|NC_003909.8|_Bacillus_cereus_ATCC_10987__complete_genome NODE_127_length_16494_cov_101.052078
		Unaligned bases: 15927
		This contig has both significant aligned and unaligned parts (of length >= min-contig)!
CONTIG: NODE_182_length_26536_cov_120.943810 (26598bp)
		This contig is unaligned. (26598 bp)
		Unaligned bases: 26598  total: 3431621

CONTIG: NODE_158_length_13172_cov_135.246429 (13234bp)
		This contig is unaligned. (13234 bp)
		Unaligned bases: 13234  total: 3444855

CONTIG: NODE_61_length_17750_cov_138.308167 (17812bp)
Top Length: 116  Top ID: 96.55
		This contig is partially unaligned. (116 out of 17812)
		Alignment: 4655825 4655940 | 1 116 | 116 116 | 96.55 | gi|42779081|ref|NC_003909.8|_Bacillus_cereus_ATCC_10987__complete_genome NODE_61_length_17750_cov_138.308167
		Unaligned bases: 117 to 17812 (17696)

CONTIG: NODE_386_length_1602_cov_74.360176 (1664bp)
		This contig is unaligned. (1664 bp)
		Unaligned bases: 1664  total: 3446519

CONTIG: NODE_168_length_10018_cov_132.057999 (10080bp)
		This contig is unaligned. (10080 bp)
		Unaligned bases: 10080  total: 3456599

CONTIG: NODE_355_length_21972_cov_47.212543 (22034bp)
		This contig is unaligned. (22034 bp)
		Unaligned bases: 22034  total: 3478633

CONTIG: NODE_353_length_71409_cov_52.204105 (71471bp)
		This contig is unaligned. (71471 bp)
		Unaligned bases: 71471  total: 3550104

CONTIG: NODE_667_length_2447_cov_38.067429 (2509bp)
		This contig is unaligned. (2509 bp)
		Unaligned bases: 2509  total: 3552613

CONTIG: NODE_456_length_1442_cov_61.978500 (1504bp)
		This contig is unaligned. (1504 bp)
		Unaligned bases: 1504  total: 3554117

CONTIG: NODE_480_length_5441_cov_57.641243 (5503bp)
		This contig is unaligned. (5503 bp)
		Unaligned bases: 5503  total: 3559620

CONTIG: NODE_633_length_4439_cov_85.289482 (4501bp)
		This contig is unaligned. (4501 bp)
		Unaligned bases: 4501  total: 3564121

CONTIG: NODE_399_length_1151_cov_413.599487 (1213bp)
		This contig is unaligned. (1213 bp)
		Unaligned bases: 1213  total: 3565334

CONTIG: NODE_349_length_14053_cov_45.773075 (14115bp)
Top Length: 258  Top ID: 98.06
		Skipping redundant alignments after choosing the best set of alignments
		Skipping [1109642][1109899] redundant alignment 1109642 1109899 | 1 258 | 258 258 | 98.06 | gi|42779081|ref|NC_003909.8|_Bacillus_cereus_ATCC_10987__complete_genome NODE_349_length_14053_cov_45.773075
		Skipping [3235135][3235391] redundant alignment 3235135 3235391 | 1 257 | 257 257 | 98.05 | gi|42779081|ref|NC_003909.8|_Bacillus_cereus_ATCC_10987__complete_genome NODE_349_length_14053_cov_45.773075
		This contig is partially unaligned. (258 out of 14115)
		Alignment: 1109642 1109899 | 1 258 | 258 258 | 98.06 | gi|42779081|ref|NC_003909.8|_Bacillus_cereus_ATCC_10987__complete_genome NODE_349_length_14053_cov_45.773075
		Unaligned bases: 259 to 14115 (13857)

CONTIG: NODE_443_length_32617_cov_139.520706 (32679bp)
		This contig is unaligned. (32679 bp)
		Unaligned bases: 32679  total: 3598013

CONTIG: NODE_262_length_36652_cov_110.876511 (36714bp)
		This contig is unaligned. (36714 bp)
		Unaligned bases: 36714  total: 3634727

CONTIG: NODE_622_length_2569_cov_49.202801 (2631bp)
		This contig is unaligned. (2631 bp)
		Unaligned bases: 2631  total: 3637358

CONTIG: NODE_495_length_1245_cov_87.075500 (1307bp)
		This contig is unaligned. (1307 bp)
		Unaligned bases: 1307  total: 3638665

CONTIG: NODE_561_length_5075_cov_82.820885 (5137bp)
		This contig is unaligned. (5137 bp)
		Unaligned bases: 5137  total: 3643802

CONTIG: NODE_271_length_2631_cov_83.678833 (2693bp)
		This contig is unaligned. (2693 bp)
		Unaligned bases: 2693  total: 3646495

CONTIG: NODE_45_length_2002_cov_108.993507 (2064bp)
		This contig is unaligned. (2064 bp)
		Unaligned bases: 2064  total: 3648559

CONTIG: NODE_76_length_14717_cov_122.396072 (14779bp)
		This contig is unaligned. (14779 bp)
		Unaligned bases: 14779  total: 3663338

CONTIG: NODE_479_length_1093_cov_81.617569 (1155bp)
		This contig is unaligned. (1155 bp)
		Unaligned bases: 1155  total: 3664493

CONTIG: NODE_4_length_1548_cov_1928.573608 (1610bp)
Top Length: 1610  Top ID: 99.44
		This contig has 12 significant alignments. [An ambiguously mapped contig]
		Using only first of these alignment (option --ambiguity-usage is set to "one"):
		Alignment: 313822 315429 | 1610 1 | 1608 1610 | 99.44 | gi|42779081|ref|NC_003909.8|_Bacillus_cereus_ATCC_10987__complete_genome NODE_4_length_1548_cov_1928.573608
		Skipping alignment  279561 281168 | 1610 1 | 1608 1610 | 99.38 | gi|42779081|ref|NC_003909.8|_Bacillus_cereus_ATCC_10987__complete_genome NODE_4_length_1548_cov_1928.573608
		Skipping alignment  322921 324529 | 1610 1 | 1609 1610 | 99.38 | gi|42779081|ref|NC_003909.8|_Bacillus_cereus_ATCC_10987__complete_genome NODE_4_length_1548_cov_1928.573608
		Skipping alignment  330739 332347 | 1610 1 | 1609 1610 | 99.38 | gi|42779081|ref|NC_003909.8|_Bacillus_cereus_ATCC_10987__complete_genome NODE_4_length_1548_cov_1928.573608
		Skipping alignment  9270 10877 | 1610 1 | 1608 1610 | 99.32 | gi|42779081|ref|NC_003909.8|_Bacillus_cereus_ATCC_10987__complete_genome NODE_4_length_1548_cov_1928.573608
		Skipping alignment  29043 30651 | 1610 1 | 1609 1610 | 99.32 | gi|42779081|ref|NC_003909.8|_Bacillus_cereus_ATCC_10987__complete_genome NODE_4_length_1548_cov_1928.573608
		Skipping alignment  82387 83995 | 1610 1 | 1609 1610 | 99.32 | gi|42779081|ref|NC_003909.8|_Bacillus_cereus_ATCC_10987__complete_genome NODE_4_length_1548_cov_1928.573608
		Skipping alignment  145456 147064 | 1610 1 | 1609 1610 | 99.32 | gi|42779081|ref|NC_003909.8|_Bacillus_cereus_ATCC_10987__complete_genome NODE_4_length_1548_cov_1928.573608
		Skipping alignment  300611 302219 | 1610 1 | 1609 1610 | 99.32 | gi|42779081|ref|NC_003909.8|_Bacillus_cereus_ATCC_10987__complete_genome NODE_4_length_1548_cov_1928.573608
		Skipping alignment  818100 819707 | 1610 1 | 1608 1610 | 99.32 | gi|42779081|ref|NC_003909.8|_Bacillus_cereus_ATCC_10987__complete_genome NODE_4_length_1548_cov_1928.573608
		Skipping alignment  4654153 4655761 | 1 1610 | 1609 1610 | 99.32 | gi|42779081|ref|NC_003909.8|_Bacillus_cereus_ATCC_10987__complete_genome NODE_4_length_1548_cov_1928.573608
		Skipping alignment  604893 606500 | 1610 1 | 1608 1610 | 99.25 | gi|42779081|ref|NC_003909.8|_Bacillus_cereus_ATCC_10987__complete_genome NODE_4_length_1548_cov_1928.573608

CONTIG: NODE_272_length_22140_cov_47.609936 (22202bp)
		This contig is unaligned. (22202 bp)
		Unaligned bases: 22202  total: 3686695

CONTIG: NODE_307_length_2063_cov_74.482307 (2125bp)
Top Length: 552  Top ID: 95.32
		This contig is partially unaligned. (552 out of 2125)
		Alignment: 3118082 3118636 | 1574 2125 | 555 552 | 95.32 | gi|42779081|ref|NC_003909.8|_Bacillus_cereus_ATCC_10987__complete_genome NODE_307_length_2063_cov_74.482307
		Unaligned bases: 1 to 1573 (1573)
		This contig has both significant aligned and unaligned parts (of length >= min-contig)!

Analyzing coverage...
Writing SNPs into /usit/invitro/data/galaxy/master/sabbai/galaxy-dist/database/job_working_directory/001/1807/dataset_1889_files/Scaffold/contigs_reports/nucmer_output/BC-H-Velvet-Scaffold.used_snps
	Reference gi|42779081|ref|NC_003909.8|_Bacillus_cereus_ATCC_10987__complete_genome: 28 total alignments. 1 total regions.
		Region: 1 to 5224283 (5224283 bp)
			START in gap: 1 to 227899 (227898 bp)
			Align 1: 227899 229043 NODE_16_length_46549_cov_134.577332 6373 5233
				Gap between this and next alignment: 229043 to 313822 (84778 bp)
				Next Alignment: 313822 315429 NODE_4_length_1548_cov_1928.573608 1610 1

			Align 2: 313822 315429 NODE_4_length_1548_cov_1928.573608 1610 1
				Gap between this and next alignment: 315429 to 315501 (71 bp)
				Next Alignment: 315501 318489 NODE_23_length_2928_cov_1946.552246 2990 1

			Align 3: 315501 318489 NODE_23_length_2928_cov_1946.552246 2990 1
				Gap between this and next alignment: 318489 to 453071 (134581 bp)
				Next Alignment: 453071 455896 NODE_163_length_67101_cov_121.538902 60185 57356

			Align 4: 453071 455896 NODE_163_length_67101_cov_121.538902 60185 57356
				Gap between this and next alignment: 455896 to 603265 (147368 bp)
				Next Alignment: 603265 604041 NODE_66_length_44295_cov_120.106918 42764 43535

			Align 5: 603265 604041 NODE_66_length_44295_cov_120.106918 42764 43535
				Gap between this and next alignment: 604041 to 615178 (11136 bp)
				Next Alignment: 615178 615252 NODE_412_length_99917_cov_95.917358 69131 69057

			Align 6: 615178 615252 NODE_412_length_99917_cov_95.917358 69131 69057
				Gap between this and next alignment: 615252 to 1080080 (464827 bp)
				Next Alignment: 1080080 1080148 NODE_174_length_41325_cov_49.437702 35945 35877

			Align 7: 1080080 1080148 NODE_174_length_41325_cov_49.437702 35945 35877
				The next alignment (1080080 1080148 NODE_268_length_38868_cov_46.256302 10758 10826) is redundant. Skipping.
				Gap between this and next alignment: 1080148 to 1109642 (29493 bp)
				Next Alignment: 1109642 1109897 NODE_154_length_21153_cov_130.845276 1 256

			Align 9: 1109642 1109897 NODE_154_length_21153_cov_130.845276 1 256
				Negative gap (overlap) between this and next alignment: 1109897 to 1109642 (-255 bp)
				Next Alignment: 1109642 1109899 NODE_349_length_14053_cov_45.773075 1 258

			Previous gap was negative, modifying coordinates to ignore overlap
				Moving contig start from 1 to 257.
			Align 10: 1109898 1109899 NODE_349_length_14053_cov_45.773075 257 258
				The next alignment (1109704 1109897 NODE_395_length_167625_cov_90.757416 146112 145919) is redundant. Skipping.
				Gap between this and next alignment: 1109899 to 2564190 (1454290 bp)
				Next Alignment: 2564190 2564342 NODE_483_length_1440_cov_40.249306 153 1

			Align 12: 2564190 2564342 NODE_483_length_1440_cov_40.249306 153 1
				Gap between this and next alignment: 2564342 to 2565055 (712 bp)
				Next Alignment: 2565055 2565660 NODE_497_length_544_cov_877.977966 1 606

			Align 13: 2565055 2565660 NODE_497_length_544_cov_877.977966 1 606
				Gap between this and next alignment: 2565660 to 2599598 (33937 bp)
				Next Alignment: 2599598 2600288 NODE_305_length_4321_cov_44.530895 113 803

			Align 14: 2599598 2600288 NODE_305_length_4321_cov_44.530895 113 803
				Gap between this and next alignment: 2600288 to 3015458 (415169 bp)
				Next Alignment: 3015458 3018132 NODE_277_length_56304_cov_39.796711 50352 53026

			Align 15: 3015458 3018132 NODE_277_length_56304_cov_39.796711 50352 53026
				Gap between this and next alignment: 3018132 to 3118082 (99949 bp)
				Next Alignment: 3118082 3118636 NODE_307_length_2063_cov_74.482307 1574 2125

			Align 16: 3118082 3118636 NODE_307_length_2063_cov_74.482307 1574 2125
				Gap between this and next alignment: 3118636 to 3119139 (502 bp)
				Next Alignment: 3119139 3119714 NODE_324_length_5981_cov_67.637352 6043 5468

			Align 17: 3119139 3119714 NODE_324_length_5981_cov_67.637352 6043 5468
				The next alignment (3119145 3119714 NODE_321_length_2274_cov_78.340813 2336 1767) is redundant. Skipping.
				Gap between this and next alignment: 3119714 to 3166751 (47036 bp)
				Next Alignment: 3166751 3167574 NODE_350_length_16474_cov_44.145927 3068 3892

			Align 19: 3166751 3167574 NODE_350_length_16474_cov_44.145927 3068 3892
				Gap between this and next alignment: 3167574 to 3233471 (65896 bp)
				Next Alignment: 3233471 3234415 NODE_155_length_882_cov_295.173462 944 1

			Align 20: 3233471 3234415 NODE_155_length_882_cov_295.173462 944 1
				Gap between this and next alignment: 3234415 to 4190254 (955838 bp)
				Next Alignment: 4190254 4191657 NODE_478_length_89711_cov_98.397430 64876 66279

			Align 21: 4190254 4191657 NODE_478_length_89711_cov_98.397430 64876 66279
				Gap between this and next alignment: 4191657 to 4375336 (183678 bp)
				Next Alignment: 4375336 4380532 NODE_207_length_54305_cov_101.483475 23717 28913

			Align 22: 4375336 4380532 NODE_207_length_54305_cov_101.483475 23717 28913
				Gap between this and next alignment: 4380532 to 4539765 (159232 bp)
				Next Alignment: 4539765 4543280 NODE_209_length_59636_cov_106.046837 22758 19243

			Align 23: 4539765 4543280 NODE_209_length_59636_cov_106.046837 22758 19243
				Gap between this and next alignment: 4543280 to 4648835 (105554 bp)
				Next Alignment: 4648835 4648978 NODE_124_length_23039_cov_117.697250 22957 23101

			Align 24: 4648835 4648978 NODE_124_length_23039_cov_117.697250 22957 23101
				Gap between this and next alignment: 4648978 to 4649433 (454 bp)
				Next Alignment: 4649433 4649609 NODE_95_length_771_cov_70.341118 833 657

			Align 25: 4649433 4649609 NODE_95_length_771_cov_70.341118 833 657
				Gap between this and next alignment: 4649609 to 4649712 (102 bp)
				Next Alignment: 4649712 4650225 NODE_95_length_771_cov_70.341118 513 1

			Align 26: 4649712 4650225 NODE_95_length_771_cov_70.341118 513 1
				The next alignment (4649986 4650061 NODE_33_length_30524_cov_135.764847 76 151) is redundant. Skipping.
				Gap between this and next alignment: 4650225 to 4655825 (5599 bp)
				Next Alignment: 4655825 4655940 NODE_61_length_17750_cov_138.308167 1 116

			Align 28: 4655825 4655940 NODE_61_length_17750_cov_138.308167 1 116
			END in gap: 4655940 to 5224283 (568343 bp)

ERROR: Reference [$ref] does not have any alignments!  Check that this is the same file used for alignment.
ERROR: Alignment Reference Headers: ['gi|42779081|ref|NC_003909.8|_Bacillus_cereus_ATCC_10987__complete_genome']
Analysis is finished!
Founded SNPs were written into /usit/invitro/data/galaxy/master/sabbai/galaxy-dist/database/job_working_directory/001/1807/dataset_1889_files/Scaffold/contigs_reports/nucmer_output/BC-H-Velvet-Scaffold.used_snps

Results:
	Local Misassemblies: 1
	Misassemblies: 0
		Relocations: 0
		Translocations: 0
		Inversions: 0
	Misassembled Contigs: 0
	Misassembled Contig Bases: 0
	Misassmblies Inter-Contig Overlap: 0
Uncovered Regions: 0 (0)
Unaligned Contigs: 222 + 26 part
Partially Unaligned Contigs with Misassemblies: 4
Unaligned Contig Bases: 4929919

Ambiguously Mapped Contigs: 4
Total Bases in Ambiguously Mapped Contigs: 6150
Note that --allow-ambiguity option was set to "one" and only first alignment per each contig was used.

	Covered Bases: 27840

	SNPs: 947
	Insertions: 17
	Deletions: 22

	Positive Gaps: 24
		Internal Gaps:  1
		External Gaps:  23
		External Gap Total:  5196341
		External Gap Average: 225928
	Negative Gaps: 1
		Internal Overlaps:  0
		External Overlaps:  1
		External Overlaps Total: -255
		External Overlaps Average: -255
	Contigs with Redundant Alignments: 4 (909)
