Aligning contigs to reference...
	Running Nucmer...
Parsing coords...
Loading Assembly...
Loading reference...
	Loaded [gi|346722940|ref|NC_016010.1|_Xanthomonas_axonopodis_pv._citrumelo_F1_chromosome__complete_genome]
Loading SNPs...
Loading regions...
	No regions given, using whole reference.
	Total Regions: 1
	Total Region Length: 4967469
Analyzing contigs...
CONTIG: 3851_171940_16147764_2723+_..._3294- (171940bp)
Top Length: 18494  Top ID: 95.43
		This contig is misassembled. 5 total aligns.
			Warning! This contig is more unaligned than misassembled. Contig length is 171940 and total length of all aligns is 38332
		Alignment: 420242 427775 | 129589 122058 | 7534 7532 | 95.22 | gi|346722940|ref|NC_016010.1|_Xanthomonas_axonopodis_pv._citrumelo_F1_chromosome__complete_genome 3851_171940_16147764_2723+_..._3294-
		Alignment: 466789 485278 | 83696 65203 | 18490 18494 | 95.43 | gi|346722940|ref|NC_016010.1|_Xanthomonas_axonopodis_pv._citrumelo_F1_chromosome__complete_genome 3851_171940_16147764_2723+_..._3294-
		Alignment: 509016 513400 | 41263 36858 | 4385 4406 | 95.39 | gi|346722940|ref|NC_016010.1|_Xanthomonas_axonopodis_pv._citrumelo_F1_chromosome__complete_genome 3851_171940_16147764_2723+_..._3294-
		Alignment: 517079 523410 | 32879 26549 | 6332 6331 | 95.28 | gi|346722940|ref|NC_016010.1|_Xanthomonas_axonopodis_pv._citrumelo_F1_chromosome__complete_genome 3851_171940_16147764_2723+_..._3294-
		Alignment: 530754 532323 | 19467 17899 | 1570 1569 | 95.68 | gi|346722940|ref|NC_016010.1|_Xanthomonas_axonopodis_pv._citrumelo_F1_chromosome__complete_genome 3851_171940_16147764_2723+_..._3294-
		Unaligned bases: 133608
		This contig has both significant aligned and unaligned parts (of length >= min-contig)!
CONTIG: 3805_11616_1856151_749+_539+ (11616bp)
Top Length: 11131  Top ID: 96.95
		Skipping redundant alignment 4379204 4384878 | 11291 5575 | 5675 5717 | 98.57 | gi|346722940|ref|NC_016010.1|_Xanthomonas_axonopodis_pv._citrumelo_F1_chromosome__complete_genome 3805_11616_1856151_749+_539+
		This contig is partially unaligned. (11131 out of 11616)
		Alignment: 4842349 4853431 | 11291 161 | 11083 11131 | 96.95 | gi|346722940|ref|NC_016010.1|_Xanthomonas_axonopodis_pv._citrumelo_F1_chromosome__complete_genome 3805_11616_1856151_749+_539+
		Unaligned bases: 1 to 160 (160)
		Unaligned bases: 11292 to 11616 (325)

CONTIG: 3883_3079_323661_3769+_2143+_1067+ (3079bp)
Top Length: 2901  Top ID: 95.31
		This contig is partially unaligned. (2901 out of 3079)
		Alignment: 2015692 2018591 | 1 2901 | 2900 2901 | 95.31 | gi|346722940|ref|NC_016010.1|_Xanthomonas_axonopodis_pv._citrumelo_F1_chromosome__complete_genome 3883_3079_323661_3769+_2143+_1067+
		Unaligned bases: 2902 to 3079 (178)

CONTIG: 3903_828_73675_2468-_98N_3784- (828bp)
		This contig is unaligned. (828 bp)
		Unaligned bases: 828  total: 828

CONTIG: 25_2687_286838 (2687bp)
		This contig is unaligned. (2687 bp)
		Unaligned bases: 2687  total: 3515

CONTIG: 1423_11117_963476 (11117bp)
		This contig is unaligned. (11117 bp)
		Unaligned bases: 11117  total: 14632

CONTIG: 1899_7826_727443 (7826bp)
		This contig is unaligned. (7826 bp)
		Unaligned bases: 7826  total: 22458

CONTIG: 3891_68640_5604822_129+_..._2266+ (68640bp)
Top Length: 14947  Top ID: 95.65
		This contig is misassembled. 4 total aligns.
			Warning! This contig is more unaligned than misassembled. Contig length is 68640 and total length of all aligns is 32040
		Alignment: 2239830 2240060 | 9158 8925 | 231 234 | 95.73 | gi|346722940|ref|NC_016010.1|_Xanthomonas_axonopodis_pv._citrumelo_F1_chromosome__complete_genome 3891_68640_5604822_129+_..._2266+
		Alignment: 2794345 2800714 | 9403 15773 | 6370 6371 | 96.11 | gi|346722940|ref|NC_016010.1|_Xanthomonas_axonopodis_pv._citrumelo_F1_chromosome__complete_genome 3891_68640_5604822_129+_..._2266+
		Alignment: 2803151 2818080 | 23537 38483 | 14930 14947 | 95.65 | gi|346722940|ref|NC_016010.1|_Xanthomonas_axonopodis_pv._citrumelo_F1_chromosome__complete_genome 3891_68640_5604822_129+_..._2266+
		Alignment: 2820017 2830519 | 47470 57957 | 10503 10488 | 96.08 | gi|346722940|ref|NC_016010.1|_Xanthomonas_axonopodis_pv._citrumelo_F1_chromosome__complete_genome 3891_68640_5604822_129+_..._2266+
		Unaligned bases: 36600
		This contig has both significant aligned and unaligned parts (of length >= min-contig)!
CONTIG: 3913_131754_10965929_3795+_98N_3892+ (131754bp)
Top Length: 20563  Top ID: 95.43
		This contig is misassembled. 4 total aligns.
			Warning! This contig is more unaligned than misassembled. Contig length is 131754 and total length of all aligns is 39776
		Alignment: 2134364 2154923 | 54211 74773 | 20560 20563 | 95.43 | gi|346722940|ref|NC_016010.1|_Xanthomonas_axonopodis_pv._citrumelo_F1_chromosome__complete_genome 3913_131754_10965929_3795+_98N_3892+
		Alignment: 2155110 2165182 | 75294 85354 | 10073 10061 | 95.38 | gi|346722940|ref|NC_016010.1|_Xanthomonas_axonopodis_pv._citrumelo_F1_chromosome__complete_genome 3913_131754_10965929_3795+_98N_3892+
		Alignment: 2200309 2206488 | 117983 124163 | 6180 6181 | 96.02 | gi|346722940|ref|NC_016010.1|_Xanthomonas_axonopodis_pv._citrumelo_F1_chromosome__complete_genome 3913_131754_10965929_3795+_98N_3892+
		Alignment: 2206182 2209380 | 123938 127134 | 3199 3197 | 95.47 | gi|346722940|ref|NC_016010.1|_Xanthomonas_axonopodis_pv._citrumelo_F1_chromosome__complete_genome 3913_131754_10965929_3795+_98N_3892+
		Unaligned bases: 91978
		This contig has both significant aligned and unaligned parts (of length >= min-contig)!
CONTIG: 3921_245883_22078527_3880-_3881+_3882+ (245883bp)
Top Length: 23205  Top ID: 95.39
		Skipping redundant alignment 4010987 4011718 | 245152 245883 | 732 732 | 95.49 | gi|346722940|ref|NC_016010.1|_Xanthomonas_axonopodis_pv._citrumelo_F1_chromosome__complete_genome 3921_245883_22078527_3880-_3881+_3882+
		This contig is misassembled. 9 total aligns.
			Warning! This contig is more unaligned than misassembled. Contig length is 245883 and total length of all aligns is 81131
		Alignment: 1005166 1005675 | 1 510 | 510 510 | 98.04 | gi|346722940|ref|NC_016010.1|_Xanthomonas_axonopodis_pv._citrumelo_F1_chromosome__complete_genome 3921_245883_22078527_3880-_3881+_3882+
		Alignment: 3818626 3819498 | 73170 74042 | 873 873 | 95.07 | gi|346722940|ref|NC_016010.1|_Xanthomonas_axonopodis_pv._citrumelo_F1_chromosome__complete_genome 3921_245883_22078527_3880-_3881+_3882+
		Alignment: 3819628 3825150 | 74406 79907 | 5523 5502 | 95.75 | gi|346722940|ref|NC_016010.1|_Xanthomonas_axonopodis_pv._citrumelo_F1_chromosome__complete_genome 3921_245883_22078527_3880-_3881+_3882+
		Alignment: 3852200 3870992 | 106437 125250 | 18793 18814 | 95.22 | gi|346722940|ref|NC_016010.1|_Xanthomonas_axonopodis_pv._citrumelo_F1_chromosome__complete_genome 3921_245883_22078527_3880-_3881+_3882+
		Alignment: 3871192 3877464 | 125452 131717 | 6273 6266 | 95.27 | gi|346722940|ref|NC_016010.1|_Xanthomonas_axonopodis_pv._citrumelo_F1_chromosome__complete_genome 3921_245883_22078527_3880-_3881+_3882+
		Alignment: 3877734 3890054 | 133007 145301 | 12321 12295 | 95.51 | gi|346722940|ref|NC_016010.1|_Xanthomonas_axonopodis_pv._citrumelo_F1_chromosome__complete_genome 3921_245883_22078527_3880-_3881+_3882+
		Alignment: 3961991 3985177 | 205278 228482 | 23187 23205 | 95.39 | gi|346722940|ref|NC_016010.1|_Xanthomonas_axonopodis_pv._citrumelo_F1_chromosome__complete_genome 3921_245883_22078527_3880-_3881+_3882+
		Alignment: 3988448 4002120 | 232218 245883 | 13673 13666 | 95.7 | gi|346722940|ref|NC_016010.1|_Xanthomonas_axonopodis_pv._citrumelo_F1_chromosome__complete_genome 3921_245883_22078527_3880-_3881+_3882+
		Unaligned bases: 164752
		This contig has both significant aligned and unaligned parts (of length >= min-contig)!
CONTIG: 3846_1003_100889_2600+_491+ (1003bp)
Top Length: 205  Top ID: 100.0
		This contig is partially unaligned. (205 out of 1003)
		Alignment: 2478029 2478233 | 1003 799 | 205 205 | 100.0 | gi|346722940|ref|NC_016010.1|_Xanthomonas_axonopodis_pv._citrumelo_F1_chromosome__complete_genome 3846_1003_100889_2600+_491+
		Unaligned bases: 1 to 798 (798)

CONTIG: 3920_3051_996515_3847-_98N_3858+ (3051bp)
		This contig is unaligned. (3051 bp)
		Unaligned bases: 3051  total: 25509

CONTIG: 1427_9009_844339 (9009bp)
		This contig is unaligned. (9009 bp)
		Unaligned bases: 9009  total: 34518

CONTIG: 3854_576_247348_2959+_3767- (576bp)
		This contig is unaligned. (576 bp)
		Unaligned bases: 576  total: 35094

CONTIG: 1449_21850_1980151 (21850bp)
		This contig is unaligned. (21850 bp)
		Unaligned bases: 21850  total: 56944

CONTIG: 1785_34027_2971116 (34027bp)
Top Length: 5517  Top ID: 95.13
		This contig is misassembled. 2 total aligns.
			Warning! This contig is more unaligned than misassembled. Contig length is 34027 and total length of all aligns is 7803
		Alignment: 560681 566198 | 7311 12827 | 5518 5517 | 95.13 | gi|346722940|ref|NC_016010.1|_Xanthomonas_axonopodis_pv._citrumelo_F1_chromosome__complete_genome 1785_34027_2971116
		Alignment: 566234 568519 | 12986 15271 | 2286 2286 | 96.15 | gi|346722940|ref|NC_016010.1|_Xanthomonas_axonopodis_pv._citrumelo_F1_chromosome__complete_genome 1785_34027_2971116
		Unaligned bases: 26224
		This contig has both significant aligned and unaligned parts (of length >= min-contig)!
CONTIG: 924_26598_2474291 (26598bp)
		This contig is unaligned. (26598 bp)
		Unaligned bases: 26598  total: 83542

CONTIG: 3865_15609_1514450_3397-_1385-_2896+ (15609bp)
Top Length: 2502  Top ID: 95.13
		This contig is misassembled. 2 total aligns.
			Warning! This contig is more unaligned than misassembled. Contig length is 15609 and total length of all aligns is 3395
		Alignment: 4243318 4245820 | 47 2548 | 2503 2502 | 95.13 | gi|346722940|ref|NC_016010.1|_Xanthomonas_axonopodis_pv._citrumelo_F1_chromosome__complete_genome 3865_15609_1514450_3397-_1385-_2896+
		Alignment: 4246145 4247032 | 7122 8014 | 888 893 | 95.86 | gi|346722940|ref|NC_016010.1|_Xanthomonas_axonopodis_pv._citrumelo_F1_chromosome__complete_genome 3865_15609_1514450_3397-_1385-_2896+
		Unaligned bases: 12214
		This contig has both significant aligned and unaligned parts (of length >= min-contig)!
CONTIG: 3871_65965_5858269_3679+_..._3233+ (65965bp)
Top Length: 33153  Top ID: 95.19
		This contig is misassembled. 2 total aligns.
			Real Alignment 1: 1336744 1369823 | 65839 32687 | 33080 33153 | 95.19 | gi|346722940|ref|NC_016010.1|_Xanthomonas_axonopodis_pv._citrumelo_F1_chromosome__complete_genome 3871_65965_5858269_3679+_..._3233+
			  Gap between these two alignments (local misassembly). Inconsistency = 14
			Real Alignment 2: 1369935 1377159 | 32589 25379 | 7225 7211 | 95.24 | gi|346722940|ref|NC_016010.1|_Xanthomonas_axonopodis_pv._citrumelo_F1_chromosome__complete_genome 3871_65965_5858269_3679+_..._3233+

CONTIG: 3819_4529_502956_1460+_..._1460+ (4529bp)
		This contig is unaligned. (4529 bp)
		Unaligned bases: 4529  total: 88071

CONTIG: 3904_1804_1217032_2475+_..._3833- (1804bp)
		This contig is unaligned. (1804 bp)
		Unaligned bases: 1804  total: 89875

CONTIG: 3910_115219_10921251_3496+_98N_3862- (115219bp)
Top Length: 9986  Top ID: 95.37
		This contig is misassembled. 3 total aligns.
			Warning! This contig is more unaligned than misassembled. Contig length is 115219 and total length of all aligns is 15845
		Alignment: 1 2807 | 50214 47410 | 2807 2805 | 95.8 | gi|346722940|ref|NC_016010.1|_Xanthomonas_axonopodis_pv._citrumelo_F1_chromosome__complete_genome 3910_115219_10921251_3496+_98N_3862-
		Alignment: 3469 13466 | 46761 36776 | 9998 9986 | 95.37 | gi|346722940|ref|NC_016010.1|_Xanthomonas_axonopodis_pv._citrumelo_F1_chromosome__complete_genome 3910_115219_10921251_3496+_98N_3862-
		Alignment: 4951594 4954637 | 66529 63476 | 3044 3054 | 95.01 | gi|346722940|ref|NC_016010.1|_Xanthomonas_axonopodis_pv._citrumelo_F1_chromosome__complete_genome 3910_115219_10921251_3496+_98N_3862-
		Unaligned bases: 99374
		This contig has both significant aligned and unaligned parts (of length >= min-contig)!
CONTIG: 3790_43700_3713068_227+_2774+_1514- (43700bp)
Top Length: 10717  Top ID: 95.21
		This contig is partially unaligned. (10717 out of 43700)
		Alignment: 2043966 2054683 | 20811 10095 | 10718 10717 | 95.21 | gi|346722940|ref|NC_016010.1|_Xanthomonas_axonopodis_pv._citrumelo_F1_chromosome__complete_genome 3790_43700_3713068_227+_2774+_1514-
		Unaligned bases: 1 to 10094 (10094)
		Unaligned bases: 20812 to 43700 (22889)
		This contig has both significant aligned and unaligned parts (of length >= min-contig)!

CONTIG: 3909_87974_7158701_3424+_98N_3797- (87974bp)
Top Length: 236  Top ID: 99.58
		This contig is partially unaligned. (236 out of 87974)
		Alignment: 2477998 2478233 | 87739 87974 | 236 236 | 99.58 | gi|346722940|ref|NC_016010.1|_Xanthomonas_axonopodis_pv._citrumelo_F1_chromosome__complete_genome 3909_87974_7158701_3424+_98N_3797-
		Unaligned bases: 1 to 87738 (87738)

CONTIG: 3902_7806_3361294_2153-_98N_3876- (7806bp)
		This contig is unaligned. (7806 bp)
		Unaligned bases: 7806  total: 97681

CONTIG: 4_572_50400 (572bp)
		This contig is unaligned. (572 bp)
		Unaligned bases: 572  total: 98253

CONTIG: 3828_43920_4258053_1710+_2758- (43920bp)
		This contig is unaligned. (43920 bp)
		Unaligned bases: 43920  total: 142173

CONTIG: 3899_61912_5803193_1316-_..._3785+ (61912bp)
Top Length: 3488  Top ID: 95.02
		This contig is misassembled. 3 total aligns.
			Warning! This contig is more unaligned than misassembled. Contig length is 61912 and total length of all aligns is 7013
		Alignment: 115874 119364 | 28103 24616 | 3491 3488 | 95.02 | gi|346722940|ref|NC_016010.1|_Xanthomonas_axonopodis_pv._citrumelo_F1_chromosome__complete_genome 3899_61912_5803193_1316-_..._3785+
		Alignment: 124901 126114 | 20815 19601 | 1214 1215 | 96.13 | gi|346722940|ref|NC_016010.1|_Xanthomonas_axonopodis_pv._citrumelo_F1_chromosome__complete_genome 3899_61912_5803193_1316-_..._3785+
		Alignment: 128387 130696 | 19502 17193 | 2310 2310 | 96.15 | gi|346722940|ref|NC_016010.1|_Xanthomonas_axonopodis_pv._citrumelo_F1_chromosome__complete_genome 3899_61912_5803193_1316-_..._3785+
		Unaligned bases: 54899
		This contig has both significant aligned and unaligned parts (of length >= min-contig)!
CONTIG: 3848_1516_276662_2687+_1584+ (1516bp)
		This contig is unaligned. (1516 bp)
		Unaligned bases: 1516  total: 143689

CONTIG: 3809_87649_8122147_816+_..._2522- (87649bp)
Top Length: 27004  Top ID: 95.4
		This contig is misassembled. 4 total aligns.
			Real Alignment 1: 4269027 4277360 | 85581 77249 | 8334 8333 | 95.39 | gi|346722940|ref|NC_016010.1|_Xanthomonas_axonopodis_pv._citrumelo_F1_chromosome__complete_genome 3809_87649_8122147_816+_..._2522-
			  Gap between these two alignments (local misassembly). Inconsistency = 88
			Real Alignment 2: 4277516 4285130 | 77181 69568 | 7615 7614 | 95.33 | gi|346722940|ref|NC_016010.1|_Xanthomonas_axonopodis_pv._citrumelo_F1_chromosome__complete_genome 3809_87649_8122147_816+_..._2522-
			  Gap between these two alignments (local misassembly). Inconsistency = 150
			Real Alignment 3: 4307976 4311308 | 46872 43535 | 3333 3338 | 95.78 | gi|346722940|ref|NC_016010.1|_Xanthomonas_axonopodis_pv._citrumelo_F1_chromosome__complete_genome 3809_87649_8122147_816+_..._2522-
			  Overlap between these two alignments (local misassembly). Inconsistency = -323
			Real Alignment 4: 4311317 4338319 | 43203 16200 | 27003 27004 | 95.4 | gi|346722940|ref|NC_016010.1|_Xanthomonas_axonopodis_pv._citrumelo_F1_chromosome__complete_genome 3809_87649_8122147_816+_..._2522-

CONTIG: 3623_63665_5729651 (63665bp)
Top Length: 1534  Top ID: 96.48
		This contig is partially unaligned. (1534 out of 63665)
		Alignment: 587163 588696 | 1 1534 | 1534 1534 | 96.48 | gi|346722940|ref|NC_016010.1|_Xanthomonas_axonopodis_pv._citrumelo_F1_chromosome__complete_genome 3623_63665_5729651
		Unaligned bases: 1535 to 63665 (62131)
		This contig has both significant aligned and unaligned parts (of length >= min-contig)!

CONTIG: 3810_661_191424_865+_1040- (661bp)
		This contig is unaligned. (661 bp)
		Unaligned bases: 661  total: 144350

CONTIG: 3782_121831_9786568_86+_..._2540+ (121831bp)
Top Length: 8368  Top ID: 95.27
		This contig is misassembled. 4 total aligns.
			Warning! This contig is more unaligned than misassembled. Contig length is 121831 and total length of all aligns is 18521
		Alignment: 2655181 2663546 | 2792 11159 | 8366 8368 | 95.27 | gi|346722940|ref|NC_016010.1|_Xanthomonas_axonopodis_pv._citrumelo_F1_chromosome__complete_genome 3782_121831_9786568_86+_..._2540+
		Alignment: 2688993 2692396 | 36876 40278 | 3404 3403 | 96.5 | gi|346722940|ref|NC_016010.1|_Xanthomonas_axonopodis_pv._citrumelo_F1_chromosome__complete_genome 3782_121831_9786568_86+_..._2540+
		Alignment: 2692646 2694370 | 41024 42746 | 1725 1723 | 96.35 | gi|346722940|ref|NC_016010.1|_Xanthomonas_axonopodis_pv._citrumelo_F1_chromosome__complete_genome 3782_121831_9786568_86+_..._2540+
		Alignment: 2712969 2718011 | 60793 65819 | 5043 5027 | 95.62 | gi|346722940|ref|NC_016010.1|_Xanthomonas_axonopodis_pv._citrumelo_F1_chromosome__complete_genome 3782_121831_9786568_86+_..._2540+
		Unaligned bases: 103310
		This contig has both significant aligned and unaligned parts (of length >= min-contig)!
CONTIG: 3459_54711_5298290 (54711bp)
Top Length: 3908  Top ID: 95.37
		This contig is misassembled. 3 total aligns.
			Warning! This contig is more unaligned than misassembled. Contig length is 54711 and total length of all aligns is 7110
		Alignment: 256967 258416 | 26693 25243 | 1450 1451 | 96.49 | gi|346722940|ref|NC_016010.1|_Xanthomonas_axonopodis_pv._citrumelo_F1_chromosome__complete_genome 3459_54711_5298290
		Alignment: 259783 263693 | 24336 20429 | 3911 3908 | 95.37 | gi|346722940|ref|NC_016010.1|_Xanthomonas_axonopodis_pv._citrumelo_F1_chromosome__complete_genome 3459_54711_5298290
		Alignment: 263822 265571 | 19927 18177 | 1750 1751 | 95.89 | gi|346722940|ref|NC_016010.1|_Xanthomonas_axonopodis_pv._citrumelo_F1_chromosome__complete_genome 3459_54711_5298290
		Unaligned bases: 47601
		This contig has both significant aligned and unaligned parts (of length >= min-contig)!
CONTIG: 3849_2724_520065_2687-_3460+_3770- (2724bp)
		This contig is unaligned. (2724 bp)
		Unaligned bases: 2724  total: 147074

CONTIG: 3822_611_257996_1486-_150+_3767- (611bp)
		This contig is unaligned. (611 bp)
		Unaligned bases: 611  total: 147685

CONTIG: 3907_126554_12226916_3306-_..._3788+ (126554bp)
Top Length: 9946  Top ID: 95.29
		This contig is misassembled. 8 total aligns.
			Warning! This contig is more unaligned than misassembled. Contig length is 126554 and total length of all aligns is 26891
		Alignment: 2015692 2016935 | 125311 126554 | 1244 1244 | 95.02 | gi|346722940|ref|NC_016010.1|_Xanthomonas_axonopodis_pv._citrumelo_F1_chromosome__complete_genome 3907_126554_12226916_3306-_..._3788+
		Alignment: 4674097 4674759 | 38738 39400 | 663 663 | 95.93 | gi|346722940|ref|NC_016010.1|_Xanthomonas_axonopodis_pv._citrumelo_F1_chromosome__complete_genome 3907_126554_12226916_3306-_..._3788+
		Alignment: 4681129 4687890 | 50165 56926 | 6762 6762 | 96.38 | gi|346722940|ref|NC_016010.1|_Xanthomonas_axonopodis_pv._citrumelo_F1_chromosome__complete_genome 3907_126554_12226916_3306-_..._3788+
		Alignment: 4698290 4700937 | 67128 69774 | 2648 2647 | 95.17 | gi|346722940|ref|NC_016010.1|_Xanthomonas_axonopodis_pv._citrumelo_F1_chromosome__complete_genome 3907_126554_12226916_3306-_..._3788+
		Alignment: 4701110 4701957 | 72642 73490 | 848 849 | 95.76 | gi|346722940|ref|NC_016010.1|_Xanthomonas_axonopodis_pv._citrumelo_F1_chromosome__complete_genome 3907_126554_12226916_3306-_..._3788+
		Alignment: 4716372 4726317 | 87905 97850 | 9946 9946 | 95.29 | gi|346722940|ref|NC_016010.1|_Xanthomonas_axonopodis_pv._citrumelo_F1_chromosome__complete_genome 3907_126554_12226916_3306-_..._3788+
		Alignment: 4731890 4734725 | 102139 104975 | 2836 2837 | 95.56 | gi|346722940|ref|NC_016010.1|_Xanthomonas_axonopodis_pv._citrumelo_F1_chromosome__complete_genome 3907_126554_12226916_3306-_..._3788+
		Alignment: 4760404 4762345 | 122893 124835 | 1942 1943 | 95.16 | gi|346722940|ref|NC_016010.1|_Xanthomonas_axonopodis_pv._citrumelo_F1_chromosome__complete_genome 3907_126554_12226916_3306-_..._3788+
		Unaligned bases: 99663
		This contig has both significant aligned and unaligned parts (of length >= min-contig)!
CONTIG: 3816_151260_12679369_1272-_..._2687- (151260bp)
Top Length: 17230  Top ID: 95.64
		This contig is misassembled. 5 total aligns.
			Warning! This contig is more unaligned than misassembled. Contig length is 151260 and total length of all aligns is 31997
		Alignment: 2239535 2239691 | 46 204 | 157 159 | 98.11 | gi|346722940|ref|NC_016010.1|_Xanthomonas_axonopodis_pv._citrumelo_F1_chromosome__complete_genome 3816_151260_12679369_1272-_..._2687-
		Alignment: 2264824 2282054 | 22725 39954 | 17231 17230 | 95.64 | gi|346722940|ref|NC_016010.1|_Xanthomonas_axonopodis_pv._citrumelo_F1_chromosome__complete_genome 3816_151260_12679369_1272-_..._2687-
		Alignment: 2282718 2286450 | 40597 44330 | 3733 3734 | 96.76 | gi|346722940|ref|NC_016010.1|_Xanthomonas_axonopodis_pv._citrumelo_F1_chromosome__complete_genome 3816_151260_12679369_1272-_..._2687-
		Alignment: 2286726 2290794 | 44587 48665 | 4069 4079 | 96.1 | gi|346722940|ref|NC_016010.1|_Xanthomonas_axonopodis_pv._citrumelo_F1_chromosome__complete_genome 3816_151260_12679369_1272-_..._2687-
		Alignment: 2290868 2297661 | 48805 55599 | 6794 6795 | 96.26 | gi|346722940|ref|NC_016010.1|_Xanthomonas_axonopodis_pv._citrumelo_F1_chromosome__complete_genome 3816_151260_12679369_1272-_..._2687-
		Unaligned bases: 119263
		This contig has both significant aligned and unaligned parts (of length >= min-contig)!
CONTIG: 3895_23610_9651183_169+_..._2616+ (23610bp)
		This contig is unaligned. (23610 bp)
		Unaligned bases: 23610  total: 171295

CONTIG: 1453_4502_1143579 (4502bp)
		This contig is unaligned. (4502 bp)
		Unaligned bases: 4502  total: 175797

CONTIG: 3806_34891_3087314_785+_..._3070+ (34891bp)
		This contig is unaligned. (34891 bp)
		Unaligned bases: 34891  total: 210688

CONTIG: 3820_15036_1438857_1460+_3101+ (15036bp)
		This contig is unaligned. (15036 bp)
		Unaligned bases: 15036  total: 225724

CONTIG: 2714_20310_1646026 (20310bp)
Top Length: 5571  Top ID: 95.2
		This contig is partially unaligned. (5571 out of 20310)
		Alignment: 2774182 2779750 | 10 5580 | 5569 5571 | 95.2 | gi|346722940|ref|NC_016010.1|_Xanthomonas_axonopodis_pv._citrumelo_F1_chromosome__complete_genome 2714_20310_1646026
		Unaligned bases: 1 to 9 (9)
		Unaligned bases: 5581 to 20310 (14730)
		This contig has both significant aligned and unaligned parts (of length >= min-contig)!

CONTIG: 3800_120486_10295411_621+_3366-_1561+ (120486bp)
Top Length: 13583  Top ID: 95.09
		This contig is misassembled. 2 total aligns.
			Warning! This contig is more unaligned than misassembled. Contig length is 120486 and total length of all aligns is 17896
		Alignment: 3401352 3414935 | 67088 53506 | 13584 13583 | 95.09 | gi|346722940|ref|NC_016010.1|_Xanthomonas_axonopodis_pv._citrumelo_F1_chromosome__complete_genome 3800_120486_10295411_621+_3366-_1561+
		Alignment: 3417658 3421969 | 50710 46398 | 4312 4313 | 95.39 | gi|346722940|ref|NC_016010.1|_Xanthomonas_axonopodis_pv._citrumelo_F1_chromosome__complete_genome 3800_120486_10295411_621+_3366-_1561+
		Unaligned bases: 102590
		This contig has both significant aligned and unaligned parts (of length >= min-contig)!
CONTIG: 3855_12012_1051585_3019+_2605+ (12012bp)
Top Length: 7656  Top ID: 95.95
		This contig is misassembled. 2 total aligns.
			Real Alignment 1: 1782000 1783944 | 2242 4186 | 1945 1945 | 95.42 | gi|346722940|ref|NC_016010.1|_Xanthomonas_axonopodis_pv._citrumelo_F1_chromosome__complete_genome 3855_12012_1051585_3019+_2605+
			  Overlap between these two alignments (local misassembly). Inconsistency = -50
			Real Alignment 2: 1784065 1791719 | 4357 12012 | 7655 7656 | 95.95 | gi|346722940|ref|NC_016010.1|_Xanthomonas_axonopodis_pv._citrumelo_F1_chromosome__complete_genome 3855_12012_1051585_3019+_2605+

CONTIG: 3896_4082_330198_533-_98N_3829- (4082bp)
		This contig is unaligned. (4082 bp)
		Unaligned bases: 4082  total: 229806

CONTIG: 3834_4829_2680155_2202+_1891+_3764+ (4829bp)
		This contig is unaligned. (4829 bp)
		Unaligned bases: 4829  total: 234635

CONTIG: 2255_1805_223014 (1805bp)
		This contig is unaligned. (1805 bp)
		Unaligned bases: 1805  total: 236440

CONTIG: 3897_5777_511412_768+_..._3723+ (5777bp)
Top Length: 4231  Top ID: 96.2
		This contig is misassembled. 2 total aligns.
			Real Alignment 1: 548551 549315 | 5733 4968 | 765 766 | 95.83 | gi|346722940|ref|NC_016010.1|_Xanthomonas_axonopodis_pv._citrumelo_F1_chromosome__complete_genome 3897_5777_511412_768+_..._3723+
			  Overlap between these two alignments (local misassembly). Inconsistency = -722
			Real Alignment 2: 549330 553557 | 4231 1 | 4228 4231 | 96.2 | gi|346722940|ref|NC_016010.1|_Xanthomonas_axonopodis_pv._citrumelo_F1_chromosome__complete_genome 3897_5777_511412_768+_..._3723+

CONTIG: 3824_120035_10461746_1572-_..._3678- (120035bp)
Top Length: 15452  Top ID: 95.2
		This contig is misassembled. 3 total aligns.
			Warning! This contig is more unaligned than misassembled. Contig length is 120035 and total length of all aligns is 20347
		Alignment: 1511099 1512619 | 77049 78567 | 1521 1519 | 95.66 | gi|346722940|ref|NC_016010.1|_Xanthomonas_axonopodis_pv._citrumelo_F1_chromosome__complete_genome 3824_120035_10461746_1572-_..._3678-
		Alignment: 1520203 1535656 | 86346 101797 | 15454 15452 | 95.2 | gi|346722940|ref|NC_016010.1|_Xanthomonas_axonopodis_pv._citrumelo_F1_chromosome__complete_genome 3824_120035_10461746_1572-_..._3678-
		Alignment: 1550742 1554120 | 116607 119982 | 3379 3376 | 95.15 | gi|346722940|ref|NC_016010.1|_Xanthomonas_axonopodis_pv._citrumelo_F1_chromosome__complete_genome 3824_120035_10461746_1572-_..._3678-
		Unaligned bases: 99688
		This contig has both significant aligned and unaligned parts (of length >= min-contig)!
CONTIG: 3872_61796_5014574_3718-_..._2405+ (61796bp)
Top Length: 8896  Top ID: 95.56
		This contig is partially unaligned. (8896 out of 61796)
		Alignment: 2478186 2487081 | 61796 52901 | 8896 8896 | 95.56 | gi|346722940|ref|NC_016010.1|_Xanthomonas_axonopodis_pv._citrumelo_F1_chromosome__complete_genome 3872_61796_5014574_3718-_..._2405+
		Unaligned bases: 1 to 52900 (52900)
		This contig has both significant aligned and unaligned parts (of length >= min-contig)!

CONTIG: 2785_759_65476 (759bp)
		This contig is unaligned. (759 bp)
		Unaligned bases: 759  total: 237199

CONTIG: 3811_666_108956_1040+_675+ (666bp)
		This contig is unaligned. (666 bp)
		Unaligned bases: 666  total: 237865

CONTIG: 3901_1135_513104_1798-_98N_3813- (1135bp)
		This contig is unaligned. (1135 bp)
		Unaligned bases: 1135  total: 239000

CONTIG: 3840_9391_877305_2329-_2848+_3771+ (9391bp)
Top Length: 732  Top ID: 95.49
		This contig is partially unaligned. (732 out of 9391)
		Alignment: 4001389 4002120 | 732 1 | 732 732 | 95.49 | gi|346722940|ref|NC_016010.1|_Xanthomonas_axonopodis_pv._citrumelo_F1_chromosome__complete_genome 3840_9391_877305_2329-_2848+_3771+
		Unaligned bases: 733 to 9391 (8659)
		This contig has both significant aligned and unaligned parts (of length >= min-contig)!

CONTIG: 21_25548_2275319 (25548bp)
Top Length: 5678  Top ID: 95.97
		This contig is partially unaligned. (5678 out of 25548)
		Alignment: 3626659 3632331 | 13024 18701 | 5673 5678 | 95.97 | gi|346722940|ref|NC_016010.1|_Xanthomonas_axonopodis_pv._citrumelo_F1_chromosome__complete_genome 21_25548_2275319
		Unaligned bases: 1 to 13023 (13023)
		Unaligned bases: 18702 to 25548 (6847)
		This contig has both significant aligned and unaligned parts (of length >= min-contig)!

CONTIG: 3868_1141_284824_3581-_3770+ (1141bp)
		This contig is unaligned. (1141 bp)
		Unaligned bases: 1141  total: 240141

CONTIG: 108_5472_535243 (5472bp)
		This contig is unaligned. (5472 bp)
		Unaligned bases: 5472  total: 245613

CONTIG: 3919_12015_1137585_3842-_98N_3889- (12015bp)
		This contig is unaligned. (12015 bp)
		Unaligned bases: 12015  total: 257628

CONTIG: 3827_823_92213_1696+_3774+ (823bp)
		This contig is unaligned. (823 bp)
		Unaligned bases: 823  total: 258451

CONTIG: 3860_4607_1649719_3207+_2074+ (4607bp)
		This contig is unaligned. (4607 bp)
		Unaligned bases: 4607  total: 263058

CONTIG: 3491_19354_1818146 (19354bp)
		This contig is unaligned. (19354 bp)
		Unaligned bases: 19354  total: 282412

CONTIG: 2722_1782_466973 (1782bp)
		This contig is unaligned. (1782 bp)
		Unaligned bases: 1782  total: 284194

CONTIG: 2601_27801_2689014 (27801bp)
		This contig is unaligned. (27801 bp)
		Unaligned bases: 27801  total: 311995

CONTIG: 3859_94163_8174530_3146-_2345+_664+ (94163bp)
Top Length: 4041  Top ID: 95.4
		This contig is misassembled. 2 total aligns.
			Warning! This contig is more unaligned than misassembled. Contig length is 94163 and total length of all aligns is 6770
		Alignment: 3596172 3598896 | 17326 14598 | 2725 2729 | 95.6 | gi|346722940|ref|NC_016010.1|_Xanthomonas_axonopodis_pv._citrumelo_F1_chromosome__complete_genome 3859_94163_8174530_3146-_2345+_664+
		Alignment: 3609265 3613306 | 4565 525 | 4042 4041 | 95.4 | gi|346722940|ref|NC_016010.1|_Xanthomonas_axonopodis_pv._citrumelo_F1_chromosome__complete_genome 3859_94163_8174530_3146-_2345+_664+
		Unaligned bases: 87393
		This contig has both significant aligned and unaligned parts (of length >= min-contig)!
CONTIG: 3857_2109_722369_3080+_1920+_3080- (2109bp)
		This contig is unaligned. (2109 bp)
		Unaligned bases: 2109  total: 314104

CONTIG: 3915_72799_6779628_3804-_98N_3853+ (72799bp)
Top Length: 13055  Top ID: 95.24
		This contig is misassembled. 8 total aligns.
			Warning! This contig is more unaligned than misassembled. Contig length is 72799 and total length of all aligns is 30210
		Alignment: 179136 180200 | 51066 50004 | 1065 1063 | 95.02 | gi|346722940|ref|NC_016010.1|_Xanthomonas_axonopodis_pv._citrumelo_F1_chromosome__complete_genome 3915_72799_6779628_3804-_98N_3853+
		Alignment: 180331 181114 | 49882 49099 | 784 784 | 96.05 | gi|346722940|ref|NC_016010.1|_Xanthomonas_axonopodis_pv._citrumelo_F1_chromosome__complete_genome 3915_72799_6779628_3804-_98N_3853+
		Alignment: 181323 181999 | 48815 48139 | 677 677 | 96.9 | gi|346722940|ref|NC_016010.1|_Xanthomonas_axonopodis_pv._citrumelo_F1_chromosome__complete_genome 3915_72799_6779628_3804-_98N_3853+
		Alignment: 188739 189744 | 40866 39861 | 1006 1006 | 96.33 | gi|346722940|ref|NC_016010.1|_Xanthomonas_axonopodis_pv._citrumelo_F1_chromosome__complete_genome 3915_72799_6779628_3804-_98N_3853+
		Alignment: 201503 214543 | 28986 15932 | 13041 13055 | 95.24 | gi|346722940|ref|NC_016010.1|_Xanthomonas_axonopodis_pv._citrumelo_F1_chromosome__complete_genome 3915_72799_6779628_3804-_98N_3853+
		Alignment: 214914 219878 | 15911 10938 | 4965 4974 | 95.48 | gi|346722940|ref|NC_016010.1|_Xanthomonas_axonopodis_pv._citrumelo_F1_chromosome__complete_genome 3915_72799_6779628_3804-_98N_3853+
		Alignment: 220005 227290 | 10778 3489 | 7286 7290 | 96.35 | gi|346722940|ref|NC_016010.1|_Xanthomonas_axonopodis_pv._citrumelo_F1_chromosome__complete_genome 3915_72799_6779628_3804-_98N_3853+
		Alignment: 227594 228954 | 3106 1746 | 1361 1361 | 96.4 | gi|346722940|ref|NC_016010.1|_Xanthomonas_axonopodis_pv._citrumelo_F1_chromosome__complete_genome 3915_72799_6779628_3804-_98N_3853+
		Unaligned bases: 42589
		This contig has both significant aligned and unaligned parts (of length >= min-contig)!
CONTIG: 3789_114940_9974018_199+_..._1672- (114940bp)
Top Length: 17829  Top ID: 95.22
		This contig is misassembled. 5 total aligns.
			Warning! This contig is more unaligned than misassembled. Contig length is 114940 and total length of all aligns is 42005
		Alignment: 1613078 1613164 | 51197 51111 | 87 87 | 98.85 | gi|346722940|ref|NC_016010.1|_Xanthomonas_axonopodis_pv._citrumelo_F1_chromosome__complete_genome 3789_114940_9974018_199+_..._1672-
		Alignment: 1672976 1679981 | 107345 100341 | 7006 7005 | 95.98 | gi|346722940|ref|NC_016010.1|_Xanthomonas_axonopodis_pv._citrumelo_F1_chromosome__complete_genome 3789_114940_9974018_199+_..._1672-
		Alignment: 1682541 1700373 | 97672 79844 | 17833 17829 | 95.22 | gi|346722940|ref|NC_016010.1|_Xanthomonas_axonopodis_pv._citrumelo_F1_chromosome__complete_genome 3789_114940_9974018_199+_..._1672-
		Alignment: 1708606 1713473 | 72233 67360 | 4868 4874 | 96.92 | gi|346722940|ref|NC_016010.1|_Xanthomonas_axonopodis_pv._citrumelo_F1_chromosome__complete_genome 3789_114940_9974018_199+_..._1672-
		Alignment: 1768028 1780242 | 12298 89 | 12215 12210 | 95.12 | gi|346722940|ref|NC_016010.1|_Xanthomonas_axonopodis_pv._citrumelo_F1_chromosome__complete_genome 3789_114940_9974018_199+_..._1672-
		Unaligned bases: 72935
		This contig has both significant aligned and unaligned parts (of length >= min-contig)!
CONTIG: 3898_2230_225528_929-_98N_1675+ (2230bp)
		This contig is unaligned. (2230 bp)
		Unaligned bases: 2230  total: 316334

CONTIG: 657_659_61545 (659bp)
		This contig is unaligned. (659 bp)
		Unaligned bases: 659  total: 316993

CONTIG: 2305_2856_268376 (2856bp)
		This contig is unaligned. (2856 bp)
		Unaligned bases: 2856  total: 319849

CONTIG: 2371_1962_197962 (1962bp)
		This contig is unaligned. (1962 bp)
		Unaligned bases: 1962  total: 321811

CONTIG: 3729_21217_2080729 (21217bp)
Top Length: 2027  Top ID: 96.69
		This contig is partially unaligned. (2027 out of 21217)
		Alignment: 60467 62492 | 7063 9089 | 2026 2027 | 96.69 | gi|346722940|ref|NC_016010.1|_Xanthomonas_axonopodis_pv._citrumelo_F1_chromosome__complete_genome 3729_21217_2080729
		Unaligned bases: 1 to 7062 (7062)
		Unaligned bases: 9090 to 21217 (12128)
		This contig has both significant aligned and unaligned parts (of length >= min-contig)!

CONTIG: 3885_1482_175746_3771+_2166+_2329- (1482bp)
Top Length: 727  Top ID: 96.29
		Skipping redundant alignments after choosing the best set of alignments
		Skipping [4011022][4011748] redundant alignment 4011022 4011748 | 1482 756 | 727 727 | 96.15 | gi|346722940|ref|NC_016010.1|_Xanthomonas_axonopodis_pv._citrumelo_F1_chromosome__complete_genome 3885_1482_175746_3771+_2166+_2329-
		This contig is partially unaligned. (727 out of 1482)
		Alignment: 4001424 4002150 | 1482 756 | 727 727 | 96.29 | gi|346722940|ref|NC_016010.1|_Xanthomonas_axonopodis_pv._citrumelo_F1_chromosome__complete_genome 3885_1482_175746_3771+_2166+_2329-
		Unaligned bases: 1 to 755 (755)
		This contig has both significant aligned and unaligned parts (of length >= min-contig)!

CONTIG: 3799_13493_1098460_543+_3037-_2313- (13493bp)
		This contig is unaligned. (13493 bp)
		Unaligned bases: 13493  total: 335304

CONTIG: 3873_1419_265519_3737+_2687+ (1419bp)
		This contig is unaligned. (1419 bp)
		Unaligned bases: 1419  total: 336723

CONTIG: 587_547_46608 (547bp)
		This contig is unaligned. (547 bp)
		Unaligned bases: 547  total: 337270

CONTIG: 3836_1506_422677_2286+_..._2403+ (1506bp)
		This contig is unaligned. (1506 bp)
		Unaligned bases: 1506  total: 338776

CONTIG: 3841_51530_4776415_2386+_2781+_1960+ (51530bp)
Top Length: 3173  Top ID: 96.03
		This contig is misassembled. 2 total aligns.
			Warning! This contig is more unaligned than misassembled. Contig length is 51530 and total length of all aligns is 4016
		Alignment: 687125 687966 | 36746 37588 | 842 843 | 95.97 | gi|346722940|ref|NC_016010.1|_Xanthomonas_axonopodis_pv._citrumelo_F1_chromosome__complete_genome 3841_51530_4776415_2386+_2781+_1960+
		Alignment: 694699 697869 | 44805 47977 | 3171 3173 | 96.03 | gi|346722940|ref|NC_016010.1|_Xanthomonas_axonopodis_pv._citrumelo_F1_chromosome__complete_genome 3841_51530_4776415_2386+_2781+_1960+
		Unaligned bases: 47514
		This contig has both significant aligned and unaligned parts (of length >= min-contig)!
CONTIG: 3887_18565_1926760_3773-_3240+_3773- (18565bp)
Top Length: 18565  Top ID: 97.22
		Marking as insignificant: 1055941 1057089 | 17417 18565 | 1149 1149 | 97.82 | gi|346722940|ref|NC_016010.1|_Xanthomonas_axonopodis_pv._citrumelo_F1_chromosome__complete_genome 3887_18565_1926760_3773-_3240+_3773-
		Marking as insignificant: 1073301 1074493 | 1 1193 | 1193 1193 | 97.82 | gi|346722940|ref|NC_016010.1|_Xanthomonas_axonopodis_pv._citrumelo_F1_chromosome__complete_genome 3887_18565_1926760_3773-_3240+_3773-
		One align captures most of this contig: 1055941 1074449 | 1 18565 | 18509 18565 | 97.22 | gi|346722940|ref|NC_016010.1|_Xanthomonas_axonopodis_pv._citrumelo_F1_chromosome__complete_genome 3887_18565_1926760_3773-_3240+_3773-

CONTIG: 3908_2038_969731_3311-_98N_3878- (2038bp)
		This contig is unaligned. (2038 bp)
		Unaligned bases: 2038  total: 340814

CONTIG: 3021_74135_6050441 (74135bp)
		This contig is unaligned. (74135 bp)
		Unaligned bases: 74135  total: 414949

CONTIG: 3861_33759_3282313_3270+_1608+_1716+ (33759bp)
		This contig is unaligned. (33759 bp)
		Unaligned bases: 33759  total: 448708

CONTIG: 513_91167_8503550 (91167bp)
Top Length: 2775  Top ID: 95.07
		This contig is partially unaligned. (2775 out of 91167)
		Alignment: 4144575 4147351 | 91167 88393 | 2777 2775 | 95.07 | gi|346722940|ref|NC_016010.1|_Xanthomonas_axonopodis_pv._citrumelo_F1_chromosome__complete_genome 513_91167_8503550
		Unaligned bases: 1 to 88392 (88392)
		This contig has both significant aligned and unaligned parts (of length >= min-contig)!

CONTIG: 3886_11685_1131624_3773+_606+ (11685bp)
Top Length: 11642  Top ID: 95.9
		Marking as insignificant: 1073301 1074449 | 1149 1 | 1149 1149 | 97.74 | gi|346722940|ref|NC_016010.1|_Xanthomonas_axonopodis_pv._citrumelo_F1_chromosome__complete_genome 3886_11685_1131624_3773+_606+
		One align captures most of this contig: 1045445 1057089 | 11642 1 | 11645 11642 | 95.9 | gi|346722940|ref|NC_016010.1|_Xanthomonas_axonopodis_pv._citrumelo_F1_chromosome__complete_genome 3886_11685_1131624_3773+_606+

CONTIG: 3870_5078_1502300_3627+_2202- (5078bp)
		This contig is unaligned. (5078 bp)
		Unaligned bases: 5078  total: 453786

CONTIG: 3888_106328_9908015_3773-_..._575+ (106328bp)
Top Length: 14786  Top ID: 96.98
		This contig is misassembled. 4 total aligns.
			Warning! This contig is more unaligned than misassembled. Contig length is 106328 and total length of all aligns is 26320
		Alignment: 1055941 1057133 | 1 1193 | 1193 1193 | 97.82 | gi|346722940|ref|NC_016010.1|_Xanthomonas_axonopodis_pv._citrumelo_F1_chromosome__complete_genome 3888_106328_9908015_3773-_..._575+
		Alignment: 1075980 1090792 | 2967 17752 | 14813 14786 | 96.98 | gi|346722940|ref|NC_016010.1|_Xanthomonas_axonopodis_pv._citrumelo_F1_chromosome__complete_genome 3888_106328_9908015_3773-_..._575+
		Alignment: 1121266 1128926 | 48547 56215 | 7661 7669 | 95.43 | gi|346722940|ref|NC_016010.1|_Xanthomonas_axonopodis_pv._citrumelo_F1_chromosome__complete_genome 3888_106328_9908015_3773-_..._575+
		Alignment: 1149625 1152285 | 77787 80458 | 2661 2672 | 95.41 | gi|346722940|ref|NC_016010.1|_Xanthomonas_axonopodis_pv._citrumelo_F1_chromosome__complete_genome 3888_106328_9908015_3773-_..._575+
		Unaligned bases: 80008
		This contig has both significant aligned and unaligned parts (of length >= min-contig)!
CONTIG: 3912_57434_5144085_3783+_98N_3850- (57434bp)
Top Length: 5377  Top ID: 95.76
		This contig is partially unaligned. (5377 out of 57434)
		Alignment: 1224540 1229916 | 41425 46801 | 5377 5377 | 95.76 | gi|346722940|ref|NC_016010.1|_Xanthomonas_axonopodis_pv._citrumelo_F1_chromosome__complete_genome 3912_57434_5144085_3783+_98N_3850-
		Unaligned bases: 1 to 41424 (41424)
		Unaligned bases: 46802 to 57434 (10633)
		This contig has both significant aligned and unaligned parts (of length >= min-contig)!

CONTIG: 3922_4723_1765786_3893+_98N_3832+ (4723bp)
		This contig is unaligned. (4723 bp)
		Unaligned bases: 4723  total: 458509

CONTIG: 392_15178_1403999 (15178bp)
Top Length: 1514  Top ID: 97.16
		This contig is partially unaligned. (1514 out of 15178)
		Alignment: 1245121 1246634 | 15079 13566 | 1514 1514 | 97.16 | gi|346722940|ref|NC_016010.1|_Xanthomonas_axonopodis_pv._citrumelo_F1_chromosome__complete_genome 392_15178_1403999
		Unaligned bases: 1 to 13565 (13565)
		Unaligned bases: 15080 to 15178 (99)
		This contig has both significant aligned and unaligned parts (of length >= min-contig)!

CONTIG: 2992_21751_1981139 (21751bp)
		This contig is unaligned. (21751 bp)
		Unaligned bases: 21751  total: 480260

CONTIG: 563_1654_156960 (1654bp)
		This contig is unaligned. (1654 bp)
		Unaligned bases: 1654  total: 481914

CONTIG: 3280_2138_209495 (2138bp)
		This contig is unaligned. (2138 bp)
		Unaligned bases: 2138  total: 484052

CONTIG: 3815_118052_10812343_1270-_..._332+ (118052bp)
Top Length: 3973  Top ID: 96.58
		This contig is misassembled. 4 total aligns.
			Warning! This contig is more unaligned than misassembled. Contig length is 118052 and total length of all aligns is 10629
		Alignment: 767426 770037 | 108126 105537 | 2612 2590 | 95.22 | gi|346722940|ref|NC_016010.1|_Xanthomonas_axonopodis_pv._citrumelo_F1_chromosome__complete_genome 3815_118052_10812343_1270-_..._332+
		Alignment: 831652 835623 | 45363 41391 | 3972 3973 | 96.58 | gi|346722940|ref|NC_016010.1|_Xanthomonas_axonopodis_pv._citrumelo_F1_chromosome__complete_genome 3815_118052_10812343_1270-_..._332+
		Alignment: 866436 869798 | 11104 7742 | 3363 3363 | 96.49 | gi|346722940|ref|NC_016010.1|_Xanthomonas_axonopodis_pv._citrumelo_F1_chromosome__complete_genome 3815_118052_10812343_1270-_..._332+
		Alignment: 874893 875596 | 1407 705 | 704 703 | 95.46 | gi|346722940|ref|NC_016010.1|_Xanthomonas_axonopodis_pv._citrumelo_F1_chromosome__complete_genome 3815_118052_10812343_1270-_..._332+
		Unaligned bases: 107423
		This contig has both significant aligned and unaligned parts (of length >= min-contig)!
CONTIG: 3866_6848_1958874_3507+_3770- (6848bp)
		This contig is unaligned. (6848 bp)
		Unaligned bases: 6848  total: 490900

CONTIG: 3826_41730_3706074_1645+_..._1719- (41730bp)
		This contig is unaligned. (41730 bp)
		Unaligned bases: 41730  total: 532630

CONTIG: 3794_44031_4163977_323+_..._1679+ (44031bp)
		This contig is unaligned. (44031 bp)
		Unaligned bases: 44031  total: 576661

CONTIG: 3392_646_64395 (646bp)
		This contig is unaligned. (646 bp)
		Unaligned bases: 646  total: 577307

CONTIG: 3918_64843_6060906_3823-_98N_3894+ (64843bp)
Top Length: 7468  Top ID: 96.16
		This contig is misassembled. 3 total aligns.
			Warning! This contig is more unaligned than misassembled. Contig length is 64843 and total length of all aligns is 15616
		Alignment: 4022614 4026417 | 11113 14916 | 3804 3804 | 96.85 | gi|346722940|ref|NC_016010.1|_Xanthomonas_axonopodis_pv._citrumelo_F1_chromosome__complete_genome 3918_64843_6060906_3823-_98N_3894+
		Alignment: 4040472 4047944 | 29319 36786 | 7473 7468 | 96.16 | gi|346722940|ref|NC_016010.1|_Xanthomonas_axonopodis_pv._citrumelo_F1_chromosome__complete_genome 3918_64843_6060906_3823-_98N_3894+
		Alignment: 4053776 4058118 | 41877 46220 | 4343 4344 | 95.7 | gi|346722940|ref|NC_016010.1|_Xanthomonas_axonopodis_pv._citrumelo_F1_chromosome__complete_genome 3918_64843_6060906_3823-_98N_3894+
		Unaligned bases: 49227
		This contig has both significant aligned and unaligned parts (of length >= min-contig)!
CONTIG: 2391_2097_282586 (2097bp)
		This contig is unaligned. (2097 bp)
		Unaligned bases: 2097  total: 579404

CONTIG: 3906_104049_8627473_2674-_98N_3837- (104049bp)
Top Length: 20473  Top ID: 95.15
		This contig is misassembled. 2 total aligns.
			Warning! This contig is more unaligned than misassembled. Contig length is 104049 and total length of all aligns is 25288
		Alignment: 2934072 2954550 | 65897 86369 | 20479 20473 | 95.15 | gi|346722940|ref|NC_016010.1|_Xanthomonas_axonopodis_pv._citrumelo_F1_chromosome__complete_genome 3906_104049_8627473_2674-_98N_3837-
		Alignment: 2954705 2959501 | 86598 91412 | 4797 4815 | 95.95 | gi|346722940|ref|NC_016010.1|_Xanthomonas_axonopodis_pv._citrumelo_F1_chromosome__complete_genome 3906_104049_8627473_2674-_98N_3837-
		Unaligned bases: 78761
		This contig has both significant aligned and unaligned parts (of length >= min-contig)!
CONTIG: 2256_42096_3590146 (42096bp)
Top Length: 30714  Top ID: 95.61
		This contig is misassembled. 2 total aligns.
			Real Alignment 1: 3012543 3016714 | 6800 10971 | 4172 4172 | 96.86 | gi|346722940|ref|NC_016010.1|_Xanthomonas_axonopodis_pv._citrumelo_F1_chromosome__complete_genome 2256_42096_3590146
			  Overlap between these two alignments (local misassembly). Inconsistency = -30
			Real Alignment 2: 3016821 3047541 | 11108 41821 | 30721 30714 | 95.61 | gi|346722940|ref|NC_016010.1|_Xanthomonas_axonopodis_pv._citrumelo_F1_chromosome__complete_genome 2256_42096_3590146

CONTIG: 3839_1434_171584_2329+_502+_3771- (1434bp)
		This contig is unaligned. (1434 bp)
		Unaligned bases: 1434  total: 580838

CONTIG: 3126_25388_2118686 (25388bp)
		This contig is unaligned. (25388 bp)
		Unaligned bases: 25388  total: 606226

CONTIG: 3414_10324_914011 (10324bp)
		This contig is unaligned. (10324 bp)
		Unaligned bases: 10324  total: 616550

CONTIG: 2573_504_55725 (504bp)
		This contig is unaligned. (504 bp)
		Unaligned bases: 504  total: 617054

CONTIG: 3917_1909_572484_3821-_98N_3867- (1909bp)
		This contig is unaligned. (1909 bp)
		Unaligned bases: 1909  total: 618963

CONTIG: 542_2019_171296 (2019bp)
		This contig is unaligned. (2019 bp)
		Unaligned bases: 2019  total: 620982

CONTIG: 3856_196813_16497058_3078+_..._1083- (196813bp)
Top Length: 14646  Top ID: 95.48
		This contig is misassembled. 6 total aligns.
			Warning! This contig is more unaligned than misassembled. Contig length is 196813 and total length of all aligns is 25073
		Alignment: 3186735 3187111 | 161058 160681 | 377 378 | 98.68 | gi|346722940|ref|NC_016010.1|_Xanthomonas_axonopodis_pv._citrumelo_F1_chromosome__complete_genome 3856_196813_16497058_3078+_..._1083-
		Alignment: 3225677 3240310 | 123079 108434 | 14634 14646 | 95.48 | gi|346722940|ref|NC_016010.1|_Xanthomonas_axonopodis_pv._citrumelo_F1_chromosome__complete_genome 3856_196813_16497058_3078+_..._1083-
		Alignment: 3296033 3299284 | 51229 47978 | 3252 3252 | 95.17 | gi|346722940|ref|NC_016010.1|_Xanthomonas_axonopodis_pv._citrumelo_F1_chromosome__complete_genome 3856_196813_16497058_3078+_..._1083-
		Alignment: 3316428 3320536 | 30945 26837 | 4109 4109 | 95.4 | gi|346722940|ref|NC_016010.1|_Xanthomonas_axonopodis_pv._citrumelo_F1_chromosome__complete_genome 3856_196813_16497058_3078+_..._1083-
		Alignment: 3320834 3320999 | 26546 26381 | 166 166 | 95.78 | gi|346722940|ref|NC_016010.1|_Xanthomonas_axonopodis_pv._citrumelo_F1_chromosome__complete_genome 3856_196813_16497058_3078+_..._1083-
		Alignment: 3334014 3336535 | 12649 10128 | 2522 2522 | 96.59 | gi|346722940|ref|NC_016010.1|_Xanthomonas_axonopodis_pv._citrumelo_F1_chromosome__complete_genome 3856_196813_16497058_3078+_..._1083-
		Unaligned bases: 171740
		This contig has both significant aligned and unaligned parts (of length >= min-contig)!
CONTIG: 3830_3181_1588410_1881+_481+ (3181bp)
		This contig is unaligned. (3181 bp)
		Unaligned bases: 3181  total: 624163

CONTIG: 965_21715_2049064 (21715bp)
Top Length: 12644  Top ID: 96.29
		This contig is partially unaligned. (12644 out of 21715)
		Alignment: 4131890 4144539 | 12645 2 | 12650 12644 | 96.29 | gi|346722940|ref|NC_016010.1|_Xanthomonas_axonopodis_pv._citrumelo_F1_chromosome__complete_genome 965_21715_2049064
		Unaligned bases: 1 to 1 (1)
		Unaligned bases: 12646 to 21715 (9070)
		This contig has both significant aligned and unaligned parts (of length >= min-contig)!

CONTIG: 3808_38248_3411623_804+_3766- (38248bp)
Top Length: 17051  Top ID: 95.27
		This contig is misassembled. 2 total aligns.
			Warning! This contig is more unaligned than misassembled. Contig length is 38248 and total length of all aligns is 17558
		Alignment: 1026916 1043989 | 18611 1561 | 17074 17051 | 95.27 | gi|346722940|ref|NC_016010.1|_Xanthomonas_axonopodis_pv._citrumelo_F1_chromosome__complete_genome 3808_38248_3411623_804+_3766-
		Alignment: 3752868 3753377 | 38248 37742 | 510 507 | 96.47 | gi|346722940|ref|NC_016010.1|_Xanthomonas_axonopodis_pv._citrumelo_F1_chromosome__complete_genome 3808_38248_3411623_804+_3766-
		Unaligned bases: 20690
		This contig has both significant aligned and unaligned parts (of length >= min-contig)!
CONTIG: 240_1174_134282 (1174bp)
		This contig is unaligned. (1174 bp)
		Unaligned bases: 1174  total: 625337

CONTIG: 0_50268_4452520 (50268bp)
Top Length: 4197  Top ID: 95.43
		This contig is partially unaligned. (4197 out of 50268)
		Alignment: 1295461 1299651 | 19665 15469 | 4191 4197 | 95.43 | gi|346722940|ref|NC_016010.1|_Xanthomonas_axonopodis_pv._citrumelo_F1_chromosome__complete_genome 0_50268_4452520
		Unaligned bases: 1 to 15468 (15468)
		Unaligned bases: 19666 to 50268 (30603)
		This contig has both significant aligned and unaligned parts (of length >= min-contig)!

CONTIG: 3914_21035_1611722_3801-_..._3802- (21035bp)
Top Length: 9947  Top ID: 95.65
		This contig is misassembled. 3 total aligns.
			Real Alignment 1: 2219314 2225573 | 20917 14653 | 6260 6265 | 95.73 | gi|346722940|ref|NC_016010.1|_Xanthomonas_axonopodis_pv._citrumelo_F1_chromosome__complete_genome 3914_21035_1611722_3801-_..._3802-
			  Overlap between these two alignments (local misassembly). Inconsistency = -400
			Real Alignment 2: 2226076 2229383 | 13750 10443 | 3308 3308 | 96.74 | gi|346722940|ref|NC_016010.1|_Xanthomonas_axonopodis_pv._citrumelo_F1_chromosome__complete_genome 3914_21035_1611722_3801-_..._3802-
			  Overlap between these two alignments (local misassembly). Inconsistency = -173
			Real Alignment 3: 2229439 2239388 | 10214 268 | 9950 9947 | 95.65 | gi|346722940|ref|NC_016010.1|_Xanthomonas_axonopodis_pv._citrumelo_F1_chromosome__complete_genome 3914_21035_1611722_3801-_..._3802-

CONTIG: 727_3460_931628 (3460bp)
		This contig is unaligned. (3460 bp)
		Unaligned bases: 3460  total: 628797

CONTIG: 3884_89864_8498918_3769+_..._1170- (89864bp)
Top Length: 15174  Top ID: 95.69
		This contig is misassembled. 2 total aligns.
			Warning! This contig is more unaligned than misassembled. Contig length is 89864 and total length of all aligns is 16515
		Alignment: 2015692 2017032 | 1 1341 | 1341 1341 | 95.0 | gi|346722940|ref|NC_016010.1|_Xanthomonas_axonopodis_pv._citrumelo_F1_chromosome__complete_genome 3884_89864_8498918_3769+_..._1170-
		Alignment: 4814451 4829650 | 50516 65689 | 15200 15174 | 95.69 | gi|346722940|ref|NC_016010.1|_Xanthomonas_axonopodis_pv._citrumelo_F1_chromosome__complete_genome 3884_89864_8498918_3769+_..._1170-
		Unaligned bases: 73349
		This contig has both significant aligned and unaligned parts (of length >= min-contig)!
CONTIG: 3890_848_85261_3774-_2607+ (848bp)
		This contig is unaligned. (848 bp)
		Unaligned bases: 848  total: 629645

CONTIG: 2555_5337_531812 (5337bp)
		This contig is unaligned. (5337 bp)
		Unaligned bases: 5337  total: 634982

CONTIG: 583_2066_218260 (2066bp)
		This contig is unaligned. (2066 bp)
		Unaligned bases: 2066  total: 637048

CONTIG: 3812_1661_212102_1040-_2175+ (1661bp)
		This contig is unaligned. (1661 bp)
		Unaligned bases: 1661  total: 638709

CONTIG: 3838_117236_10236331_2314+_..._2490+ (117236bp)
Top Length: 16758  Top ID: 96.13
		This contig is misassembled. 5 total aligns.
			Warning! This contig is more unaligned than misassembled. Contig length is 117236 and total length of all aligns is 35430
		Alignment: 1554133 1555587 | 117191 115740 | 1455 1452 | 96.01 | gi|346722940|ref|NC_016010.1|_Xanthomonas_axonopodis_pv._citrumelo_F1_chromosome__complete_genome 3838_117236_10236331_2314+_..._2490+
		Alignment: 1563506 1580304 | 107588 90831 | 16799 16758 | 96.13 | gi|346722940|ref|NC_016010.1|_Xanthomonas_axonopodis_pv._citrumelo_F1_chromosome__complete_genome 3838_117236_10236331_2314+_..._2490+
		Alignment: 1580416 1596331 | 90647 74749 | 15916 15899 | 95.17 | gi|346722940|ref|NC_016010.1|_Xanthomonas_axonopodis_pv._citrumelo_F1_chromosome__complete_genome 3838_117236_10236331_2314+_..._2490+
		Alignment: 1632437 1633668 | 37909 36676 | 1232 1234 | 95.54 | gi|346722940|ref|NC_016010.1|_Xanthomonas_axonopodis_pv._citrumelo_F1_chromosome__complete_genome 3838_117236_10236331_2314+_..._2490+
		Alignment: 1730566 1730652 | 57527 57441 | 87 87 | 98.85 | gi|346722940|ref|NC_016010.1|_Xanthomonas_axonopodis_pv._citrumelo_F1_chromosome__complete_genome 3838_117236_10236331_2314+_..._2490+
		Unaligned bases: 81806
		This contig has both significant aligned and unaligned parts (of length >= min-contig)!
CONTIG: 3807_130190_11645513_799+_..._3766+ (130190bp)
Top Length: 8448  Top ID: 95.21
		Skipping redundant alignment 3752834 3753157 | 129868 130190 | 324 323 | 97.53 | gi|346722940|ref|NC_016010.1|_Xanthomonas_axonopodis_pv._citrumelo_F1_chromosome__complete_genome 3807_130190_11645513_799+_..._3766+
		This contig is misassembled. 3 total aligns.
			Warning! This contig is more unaligned than misassembled. Contig length is 130190 and total length of all aligns is 11907
		Alignment: 879480 887918 | 2842 11289 | 8439 8448 | 95.21 | gi|346722940|ref|NC_016010.1|_Xanthomonas_axonopodis_pv._citrumelo_F1_chromosome__complete_genome 3807_130190_11645513_799+_..._3766+
		Alignment: 1001997 1005455 | 126732 130190 | 3459 3459 | 96.5 | gi|346722940|ref|NC_016010.1|_Xanthomonas_axonopodis_pv._citrumelo_F1_chromosome__complete_genome 3807_130190_11645513_799+_..._3766+
		Unaligned bases: 118283
		This contig has both significant aligned and unaligned parts (of length >= min-contig)!
CONTIG: 3791_130313_11244952_238+_..._3769+ (130313bp)
Top Length: 10034  Top ID: 95.4
		This contig is misassembled. 3 total aligns.
			Warning! This contig is more unaligned than misassembled. Contig length is 130313 and total length of all aligns is 20576
		Alignment: 1936224 1946261 | 49145 59178 | 10038 10034 | 95.4 | gi|346722940|ref|NC_016010.1|_Xanthomonas_axonopodis_pv._citrumelo_F1_chromosome__complete_genome 3791_130313_11244952_238+_..._3769+
		Alignment: 1946554 1948911 | 59536 61893 | 2358 2358 | 95.76 | gi|346722940|ref|NC_016010.1|_Xanthomonas_axonopodis_pv._citrumelo_F1_chromosome__complete_genome 3791_130313_11244952_238+_..._3769+
		Alignment: 2008752 2016935 | 122130 130313 | 8184 8184 | 95.08 | gi|346722940|ref|NC_016010.1|_Xanthomonas_axonopodis_pv._citrumelo_F1_chromosome__complete_genome 3791_130313_11244952_238+_..._3769+
		Unaligned bases: 109737
		This contig has both significant aligned and unaligned parts (of length >= min-contig)!
CONTIG: 2279_11570_963366 (11570bp)
		This contig is unaligned. (11570 bp)
		Unaligned bases: 11570  total: 650279

CONTIG: 3803_979_81880_723+_3295- (979bp)
		This contig is unaligned. (979 bp)
		Unaligned bases: 979  total: 651258

CONTIG: 3874_55842_4838996_3739-_..._1124+ (55842bp)
Top Length: 16890  Top ID: 95.16
		This contig is partially unaligned. (16890 out of 55842)
		Alignment: 3471297 3488215 | 346 17235 | 16919 16890 | 95.16 | gi|346722940|ref|NC_016010.1|_Xanthomonas_axonopodis_pv._citrumelo_F1_chromosome__complete_genome 3874_55842_4838996_3739-_..._1124+
		Unaligned bases: 1 to 345 (345)
		Unaligned bases: 17236 to 55842 (38607)
		This contig has both significant aligned and unaligned parts (of length >= min-contig)!

CONTIG: 57_58221_5293030 (58221bp)
Top Length: 7777  Top ID: 95.35
		This contig is misassembled. 4 total aligns.
			Warning! This contig is more unaligned than misassembled. Contig length is 58221 and total length of all aligns is 22314
		Alignment: 710132 716297 | 213 6392 | 6166 6180 | 95.84 | gi|346722940|ref|NC_016010.1|_Xanthomonas_axonopodis_pv._citrumelo_F1_chromosome__complete_genome 57_58221_5293030
		Alignment: 716489 717418 | 6777 7706 | 930 930 | 97.1 | gi|346722940|ref|NC_016010.1|_Xanthomonas_axonopodis_pv._citrumelo_F1_chromosome__complete_genome 57_58221_5293030
		Alignment: 732575 740352 | 24039 31815 | 7778 7777 | 95.35 | gi|346722940|ref|NC_016010.1|_Xanthomonas_axonopodis_pv._citrumelo_F1_chromosome__complete_genome 57_58221_5293030
		Alignment: 754151 761571 | 48290 55716 | 7421 7427 | 96.14 | gi|346722940|ref|NC_016010.1|_Xanthomonas_axonopodis_pv._citrumelo_F1_chromosome__complete_genome 57_58221_5293030
		Unaligned bases: 35907
		This contig has both significant aligned and unaligned parts (of length >= min-contig)!
CONTIG: 3916_123415_11515181_3814-_145N_3845- (123415bp)
Top Length: 13506  Top ID: 96.32
		This contig is misassembled. 7 total aligns.
			Warning! This contig is more unaligned than misassembled. Contig length is 123415 and total length of all aligns is 42426
		Alignment: 4508117 4509827 | 123371 121661 | 1711 1711 | 95.73 | gi|346722940|ref|NC_016010.1|_Xanthomonas_axonopodis_pv._citrumelo_F1_chromosome__complete_genome 3916_123415_11515181_3814-_145N_3845-
		Alignment: 4536512 4544756 | 93244 85003 | 8245 8242 | 96.4 | gi|346722940|ref|NC_016010.1|_Xanthomonas_axonopodis_pv._citrumelo_F1_chromosome__complete_genome 3916_123415_11515181_3814-_145N_3845-
		Alignment: 4545633 4547216 | 84952 83367 | 1584 1586 | 95.78 | gi|346722940|ref|NC_016010.1|_Xanthomonas_axonopodis_pv._citrumelo_F1_chromosome__complete_genome 3916_123415_11515181_3814-_145N_3845-
		Alignment: 4547468 4550447 | 83159 80191 | 2980 2969 | 95.27 | gi|346722940|ref|NC_016010.1|_Xanthomonas_axonopodis_pv._citrumelo_F1_chromosome__complete_genome 3916_123415_11515181_3814-_145N_3845-
		Alignment: 4556885 4570368 | 79601 66096 | 13484 13506 | 96.32 | gi|346722940|ref|NC_016010.1|_Xanthomonas_axonopodis_pv._citrumelo_F1_chromosome__complete_genome 3916_123415_11515181_3814-_145N_3845-
		Alignment: 4570532 4573781 | 65908 62659 | 3250 3250 | 95.76 | gi|346722940|ref|NC_016010.1|_Xanthomonas_axonopodis_pv._citrumelo_F1_chromosome__complete_genome 3916_123415_11515181_3814-_145N_3845-
		Alignment: 4574024 4585154 | 62560 51399 | 11131 11162 | 95.06 | gi|346722940|ref|NC_016010.1|_Xanthomonas_axonopodis_pv._citrumelo_F1_chromosome__complete_genome 3916_123415_11515181_3814-_145N_3845-
		Unaligned bases: 80989
		This contig has both significant aligned and unaligned parts (of length >= min-contig)!
CONTIG: 1673_16075_1297466 (16075bp)
		This contig is unaligned. (16075 bp)
		Unaligned bases: 16075  total: 667333

CONTIG: 3852_49035_5321607_2759+_539+ (49035bp)
Top Length: 36657  Top ID: 95.35
		Skipping redundant alignment 4842349 4848025 | 48710 42992 | 5677 5719 | 98.57 | gi|346722940|ref|NC_016010.1|_Xanthomonas_axonopodis_pv._citrumelo_F1_chromosome__complete_genome 3852_49035_5321607_2759+_539+
		This contig is partially unaligned. (36657 out of 49035)
		Alignment: 4379204 4415772 | 48710 12054 | 36569 36657 | 95.35 | gi|346722940|ref|NC_016010.1|_Xanthomonas_axonopodis_pv._citrumelo_F1_chromosome__complete_genome 3852_49035_5321607_2759+_539+
		Unaligned bases: 1 to 12053 (12053)
		Unaligned bases: 48711 to 49035 (325)
		This contig has both significant aligned and unaligned parts (of length >= min-contig)!

CONTIG: 2893_5932_518588 (5932bp)
		This contig is unaligned. (5932 bp)
		Unaligned bases: 5932  total: 673265

CONTIG: 3879_67195_5989201_3766-_824+_2963- (67195bp)
Top Length: 1732  Top ID: 95.1
		Skipping redundant alignment 1005133 1005455 | 322 1 | 323 322 | 96.9 | gi|346722940|ref|NC_016010.1|_Xanthomonas_axonopodis_pv._citrumelo_F1_chromosome__complete_genome 3879_67195_5989201_3766-_824+_2963-
		This contig is partially unaligned. (1732 out of 67195)
		Alignment: 3751427 3753157 | 1732 1 | 1731 1732 | 95.1 | gi|346722940|ref|NC_016010.1|_Xanthomonas_axonopodis_pv._citrumelo_F1_chromosome__complete_genome 3879_67195_5989201_3766-_824+_2963-
		Unaligned bases: 1733 to 67195 (65463)
		This contig has both significant aligned and unaligned parts (of length >= min-contig)!

CONTIG: 8_4084_1479955 (4084bp)
		This contig is unaligned. (4084 bp)
		Unaligned bases: 4084  total: 677349

CONTIG: 2839_66728_6390443 (66728bp)
		This contig is unaligned. (66728 bp)
		Unaligned bases: 66728  total: 744077

CONTIG: 2237_724_334162 (724bp)
		This contig is unaligned. (724 bp)
		Unaligned bases: 724  total: 744801

Analyzing coverage...
Writing SNPs into /usit/invitro/data/galaxy/master/sabbai/galaxy-dist/database/job_working_directory/001/1640/dataset_1722_files/Scaffold/contigs_reports/nucmer_output/XA-H-Abyss-Scaffold.used_snps
	Reference gi|346722940|ref|NC_016010.1|_Xanthomonas_axonopodis_pv._citrumelo_F1_chromosome__complete_genome: 37 total alignments. 1 total regions.
		Region: 1 to 4967469 (4967469 bp)
			START in gap: 1 to 60467 (60466 bp)
			Align 1: 60467 62492 3729_21217_2080729 7063 9089
				Gap between this and next alignment: 62492 to 548551 (486058 bp)
				Next Alignment: 548551 549315 3897_5777_511412_768+_..._3723+ 5733 4968

			Align 2: 548551 549315 3897_5777_511412_768+_..._3723+ 5733 4968
				Gap between this and next alignment: 549315 to 549330 (14 bp)
				Next Alignment: 549330 553557 3897_5777_511412_768+_..._3723+ 4231 1

			Align 3: 549330 553557 3897_5777_511412_768+_..._3723+ 4231 1
				Gap between this and next alignment: 553557 to 587163 (33605 bp)
				Next Alignment: 587163 588696 3623_63665_5729651 1 1534

			Align 4: 587163 588696 3623_63665_5729651 1 1534
				Gap between this and next alignment: 588696 to 1045445 (456748 bp)
				Next Alignment: 1045445 1057089 3886_11685_1131624_3773+_606+ 11642 1

			Align 5: 1045445 1057089 3886_11685_1131624_3773+_606+ 11642 1
				Negative gap (overlap) between this and next alignment: 1057089 to 1055941 (-1148 bp)
				Next Alignment: 1055941 1074449 3887_18565_1926760_3773-_3240+_3773- 1 18565

			Previous gap was negative, modifying coordinates to ignore overlap
				Moving contig start from 1 to 1150.
			Align 6: 1057090 1074449 3887_18565_1926760_3773-_3240+_3773- 1150 18565
				Gap between this and next alignment: 1074449 to 1224540 (150090 bp)
				Next Alignment: 1224540 1229916 3912_57434_5144085_3783+_98N_3850- 41425 46801

			Align 7: 1224540 1229916 3912_57434_5144085_3783+_98N_3850- 41425 46801
				Gap between this and next alignment: 1229916 to 1245121 (15204 bp)
				Next Alignment: 1245121 1246634 392_15178_1403999 15079 13566

			Align 8: 1245121 1246634 392_15178_1403999 15079 13566
				Gap between this and next alignment: 1246634 to 1295461 (48826 bp)
				Next Alignment: 1295461 1299651 0_50268_4452520 19665 15469

			Align 9: 1295461 1299651 0_50268_4452520 19665 15469
				Gap between this and next alignment: 1299651 to 1336744 (37092 bp)
				Next Alignment: 1336744 1369823 3871_65965_5858269_3679+_..._3233+ 65839 32687

			Align 10: 1336744 1369823 3871_65965_5858269_3679+_..._3233+ 65839 32687
				Gap between this and next alignment: 1369823 to 1369935 (111 bp)
				Next Alignment: 1369935 1377159 3871_65965_5858269_3679+_..._3233+ 32589 25379

			Align 11: 1369935 1377159 3871_65965_5858269_3679+_..._3233+ 32589 25379
				Gap between this and next alignment: 1377159 to 1782000 (404840 bp)
				Next Alignment: 1782000 1783944 3855_12012_1051585_3019+_2605+ 2242 4186

			Align 12: 1782000 1783944 3855_12012_1051585_3019+_2605+ 2242 4186
				Gap between this and next alignment: 1783944 to 1784065 (120 bp)
				Next Alignment: 1784065 1791719 3855_12012_1051585_3019+_2605+ 4357 12012

			Align 13: 1784065 1791719 3855_12012_1051585_3019+_2605+ 4357 12012
				Gap between this and next alignment: 1791719 to 2015692 (223972 bp)
				Next Alignment: 2015692 2018591 3883_3079_323661_3769+_2143+_1067+ 1 2901

			Align 14: 2015692 2018591 3883_3079_323661_3769+_2143+_1067+ 1 2901
				Gap between this and next alignment: 2018591 to 2043966 (25374 bp)
				Next Alignment: 2043966 2054683 3790_43700_3713068_227+_2774+_1514- 20811 10095

			Align 15: 2043966 2054683 3790_43700_3713068_227+_2774+_1514- 20811 10095
				Gap between this and next alignment: 2054683 to 2219314 (164630 bp)
				Next Alignment: 2219314 2225573 3914_21035_1611722_3801-_..._3802- 20917 14653

			Align 16: 2219314 2225573 3914_21035_1611722_3801-_..._3802- 20917 14653
				Gap between this and next alignment: 2225573 to 2226076 (502 bp)
				Next Alignment: 2226076 2229383 3914_21035_1611722_3801-_..._3802- 13750 10443

			Align 17: 2226076 2229383 3914_21035_1611722_3801-_..._3802- 13750 10443
				Gap between this and next alignment: 2229383 to 2229439 (55 bp)
				Next Alignment: 2229439 2239388 3914_21035_1611722_3801-_..._3802- 10214 268

			Align 18: 2229439 2239388 3914_21035_1611722_3801-_..._3802- 10214 268
				Gap between this and next alignment: 2239388 to 2477998 (238609 bp)
				Next Alignment: 2477998 2478233 3909_87974_7158701_3424+_98N_3797- 87739 87974

			Align 19: 2477998 2478233 3909_87974_7158701_3424+_98N_3797- 87739 87974
				The next alignment (2478029 2478233 3846_1003_100889_2600+_491+ 1003 799) is redundant. Skipping.
				Negative gap (overlap) between this and next alignment: 2478233 to 2478186 (-47 bp)
				Next Alignment: 2478186 2487081 3872_61796_5014574_3718-_..._2405+ 61796 52901

			Previous gap was negative, modifying coordinates to ignore overlap
				Moving contig start from 61796 to 61748.
			Align 21: 2478234 2487081 3872_61796_5014574_3718-_..._2405+ 61748 52901
				Gap between this and next alignment: 2487081 to 2774182 (287100 bp)
				Next Alignment: 2774182 2779750 2714_20310_1646026 10 5580

			Align 22: 2774182 2779750 2714_20310_1646026 10 5580
				Gap between this and next alignment: 2779750 to 3012543 (232792 bp)
				Next Alignment: 3012543 3016714 2256_42096_3590146 6800 10971

			Align 23: 3012543 3016714 2256_42096_3590146 6800 10971
				Gap between this and next alignment: 3016714 to 3016821 (106 bp)
				Next Alignment: 3016821 3047541 2256_42096_3590146 11108 41821

			Align 24: 3016821 3047541 2256_42096_3590146 11108 41821
				Gap between this and next alignment: 3047541 to 3471297 (423755 bp)
				Next Alignment: 3471297 3488215 3874_55842_4838996_3739-_..._1124+ 346 17235

			Align 25: 3471297 3488215 3874_55842_4838996_3739-_..._1124+ 346 17235
				Gap between this and next alignment: 3488215 to 3626659 (138443 bp)
				Next Alignment: 3626659 3632331 21_25548_2275319 13024 18701

			Align 26: 3626659 3632331 21_25548_2275319 13024 18701
				Gap between this and next alignment: 3632331 to 3751427 (119095 bp)
				Next Alignment: 3751427 3753157 3879_67195_5989201_3766-_824+_2963- 1732 1

			Align 27: 3751427 3753157 3879_67195_5989201_3766-_824+_2963- 1732 1
				Gap between this and next alignment: 3753157 to 4001389 (248231 bp)
				Next Alignment: 4001389 4002120 3840_9391_877305_2329-_2848+_3771+ 732 1

			Align 28: 4001389 4002120 3840_9391_877305_2329-_2848+_3771+ 732 1
				Negative gap (overlap) between this and next alignment: 4002120 to 4001424 (-696 bp)
				Next Alignment: 4001424 4002150 3885_1482_175746_3771+_2166+_2329- 1482 756

			Previous gap was negative, modifying coordinates to ignore overlap
				Moving contig start from 1482 to 785.
			Align 29: 4002121 4002150 3885_1482_175746_3771+_2166+_2329- 785 756
				Gap between this and next alignment: 4002150 to 4131890 (129739 bp)
				Next Alignment: 4131890 4144539 965_21715_2049064 12645 2

			Align 30: 4131890 4144539 965_21715_2049064 12645 2
				Gap between this and next alignment: 4144539 to 4144575 (35 bp)
				Next Alignment: 4144575 4147351 513_91167_8503550 91167 88393

			Align 31: 4144575 4147351 513_91167_8503550 91167 88393
				Gap between this and next alignment: 4147351 to 4269027 (121675 bp)
				Next Alignment: 4269027 4277360 3809_87649_8122147_816+_..._2522- 85581 77249

			Align 32: 4269027 4277360 3809_87649_8122147_816+_..._2522- 85581 77249
				Gap between this and next alignment: 4277360 to 4277516 (155 bp)
				Next Alignment: 4277516 4285130 3809_87649_8122147_816+_..._2522- 77181 69568

			Align 33: 4277516 4285130 3809_87649_8122147_816+_..._2522- 77181 69568
				Gap between this and next alignment: 4285130 to 4307976 (22845 bp)
				Next Alignment: 4307976 4311308 3809_87649_8122147_816+_..._2522- 46872 43535

			Align 34: 4307976 4311308 3809_87649_8122147_816+_..._2522- 46872 43535
				Gap between this and next alignment: 4311308 to 4311317 (8 bp)
				Next Alignment: 4311317 4338319 3809_87649_8122147_816+_..._2522- 43203 16200

			Align 35: 4311317 4338319 3809_87649_8122147_816+_..._2522- 43203 16200
				Gap between this and next alignment: 4338319 to 4379204 (40884 bp)
				Next Alignment: 4379204 4415772 3852_49035_5321607_2759+_539+ 48710 12054

			Align 36: 4379204 4415772 3852_49035_5321607_2759+_539+ 48710 12054
				Gap between this and next alignment: 4415772 to 4842349 (426576 bp)
				Next Alignment: 4842349 4853431 3805_11616_1856151_749+_539+ 11291 161

			Align 37: 4842349 4853431 3805_11616_1856151_749+_539+ 11291 161
			END in gap: 4853431 to 4967469 (114038 bp)

Analysis is finished!
Founded SNPs were written into /usit/invitro/data/galaxy/master/sabbai/galaxy-dist/database/job_working_directory/001/1640/dataset_1722_files/Scaffold/contigs_reports/nucmer_output/XA-H-Abyss-Scaffold.used_snps

Results:
	Local Misassemblies: 9
	Misassemblies: 0
		Relocations: 0
		Translocations: 0
		Inversions: 0
	Misassembled Contigs: 0
	Misassembled Contig Bases: 0
	Misassmblies Inter-Contig Overlap: 0
Uncovered Regions: 0 (0)
Unaligned Contigs: 78 + 50 part
Partially Unaligned Contigs with Misassemblies: 30
Unaligned Contig Bases: 3821390

Ambiguously Mapped Contigs: 0
Total Bases in Ambiguously Mapped Contigs: 0
Note that --allow-ambiguity option was set to "one" and only first alignment per each contig was used.

	Covered Bases: 315676

	SNPs: 12842
	Insertions: 512
	Deletions: 282

	Positive Gaps: 34
		Internal Gaps:  9
		External Gaps:  25
		External Gap Total:  4627877
		External Gap Average: 185115
	Negative Gaps: 3
		Internal Overlaps:  0
		External Overlaps:  3
		External Overlaps Total: -1891
		External Overlaps Average: -630
	Contigs with Redundant Alignments: 1 (205)
