Aligning contigs to reference...
	Running Nucmer...
Parsing coords...
Loading Assembly...
Loading reference...
	Loaded [gi|15640032|ref|NC_002505.1|_Vibrio_cholerae_O1_biovar_El_Tor_str._N16961_chromosome_I__complete_sequence]
Loading SNPs...
Loading regions...
	No regions given, using whole reference.
	Total Regions: 1
	Total Region Length: 2961149
Analyzing contigs...
CONTIG: 723_18563_1043819 (18563bp)
Top Length: 18563  Top ID: 100.0
		One align captures most of this contig: 382884 401446 | 1 18563 | 18563 18563 | 100.0 | gi|15640032|ref|NC_002505.1|_Vibrio_cholerae_O1_biovar_El_Tor_str._N16961_chromosome_I__complete_sequence 723_18563_1043819

CONTIG: 774_30358_1261438 (30358bp)
		This contig is unaligned. (30358 bp)
		Unaligned bases: 30358  total: 30358

CONTIG: 779_1389_401859_192+_739+_754- (1389bp)
Top Length: 1389  Top ID: 100.0
		This contig has 2 significant alignments. [An ambiguously mapped contig]
		Using only first of these alignment (option --ambiguity-usage is set to "one"):
		Alignment: 1564486 1565874 | 1 1389 | 1389 1389 | 100.0 | gi|15640032|ref|NC_002505.1|_Vibrio_cholerae_O1_biovar_El_Tor_str._N16961_chromosome_I__complete_sequence 779_1389_401859_192+_739+_754-
		Skipping alignment  1571399 1572790 | 1 1389 | 1392 1389 | 99.28 | gi|15640032|ref|NC_002505.1|_Vibrio_cholerae_O1_biovar_El_Tor_str._N16961_chromosome_I__complete_sequence 779_1389_401859_192+_739+_754-

CONTIG: 277_5952_263477 (5952bp)
Top Length: 5952  Top ID: 100.0
		One align captures most of this contig: 1047962 1053913 | 5952 1 | 5952 5952 | 100.0 | gi|15640032|ref|NC_002505.1|_Vibrio_cholerae_O1_biovar_El_Tor_str._N16961_chromosome_I__complete_sequence 277_5952_263477

CONTIG: 135_1940_61111 (1940bp)
		This contig is unaligned. (1940 bp)
		Unaligned bases: 1940  total: 32298

CONTIG: 175_1360_625497 (1360bp)
Top Length: 1360  Top ID: 100.0
		This contig has 8 significant alignments. [An ambiguously mapped contig]
		Using only first of these alignment (option --ambiguity-usage is set to "one"):
		Alignment: 54004 55363 | 1 1360 | 1360 1360 | 100.0 | gi|15640032|ref|NC_002505.1|_Vibrio_cholerae_O1_biovar_El_Tor_str._N16961_chromosome_I__complete_sequence 175_1360_625497
		Skipping alignment  324328 325687 | 1 1360 | 1360 1360 | 100.0 | gi|15640032|ref|NC_002505.1|_Vibrio_cholerae_O1_biovar_El_Tor_str._N16961_chromosome_I__complete_sequence 175_1360_625497
		Skipping alignment  2931739 2933098 | 1360 1 | 1360 1360 | 100.0 | gi|15640032|ref|NC_002505.1|_Vibrio_cholerae_O1_biovar_El_Tor_str._N16961_chromosome_I__complete_sequence 175_1360_625497
		Skipping alignment  151240 152599 | 1 1360 | 1360 1360 | 99.93 | gi|15640032|ref|NC_002505.1|_Vibrio_cholerae_O1_biovar_El_Tor_str._N16961_chromosome_I__complete_sequence 175_1360_625497
		Skipping alignment  762956 764315 | 1 1360 | 1360 1360 | 99.93 | gi|15640032|ref|NC_002505.1|_Vibrio_cholerae_O1_biovar_El_Tor_str._N16961_chromosome_I__complete_sequence 175_1360_625497
		Skipping alignment  2937460 2938820 | 1360 1 | 1361 1360 | 99.93 | gi|15640032|ref|NC_002505.1|_Vibrio_cholerae_O1_biovar_El_Tor_str._N16961_chromosome_I__complete_sequence 175_1360_625497
		Skipping alignment  2679878 2681237 | 1360 1 | 1360 1360 | 99.85 | gi|15640032|ref|NC_002505.1|_Vibrio_cholerae_O1_biovar_El_Tor_str._N16961_chromosome_I__complete_sequence 175_1360_625497
		Skipping alignment  401932 403292 | 1 1360 | 1361 1360 | 99.04 | gi|15640032|ref|NC_002505.1|_Vibrio_cholerae_O1_biovar_El_Tor_str._N16961_chromosome_I__complete_sequence 175_1360_625497

CONTIG: 384_82027_4801332 (82027bp)
Top Length: 82027  Top ID: 99.99
		One align captures most of this contig: 58962 140994 | 1 82027 | 82033 82027 | 99.99 | gi|15640032|ref|NC_002505.1|_Vibrio_cholerae_O1_biovar_El_Tor_str._N16961_chromosome_I__complete_sequence 384_82027_4801332

CONTIG: 297_505_17240 (505bp)
		This contig is unaligned. (505 bp)
		Unaligned bases: 505  total: 32803

CONTIG: 494_44303_2156825 (44303bp)
Top Length: 44303  Top ID: 99.99
		One align captures most of this contig: 638820 683122 | 44303 1 | 44303 44303 | 99.99 | gi|15640032|ref|NC_002505.1|_Vibrio_cholerae_O1_biovar_El_Tor_str._N16961_chromosome_I__complete_sequence 494_44303_2156825

CONTIG: 591_525_20701 (525bp)
		This contig is unaligned. (525 bp)
		Unaligned bases: 525  total: 33328

CONTIG: 280_121183_5657961 (121183bp)
Top Length: 121183  Top ID: 99.99
		One align captures most of this contig: 2199514 2320697 | 121183 1 | 121184 121183 | 99.99 | gi|15640032|ref|NC_002505.1|_Vibrio_cholerae_O1_biovar_El_Tor_str._N16961_chromosome_I__complete_sequence 280_121183_5657961

CONTIG: 336_18904_926102 (18904bp)
Top Length: 18904  Top ID: 99.99
		One align captures most of this contig: 362930 381833 | 1 18904 | 18904 18904 | 99.99 | gi|15640032|ref|NC_002505.1|_Vibrio_cholerae_O1_biovar_El_Tor_str._N16961_chromosome_I__complete_sequence 336_18904_926102

CONTIG: 484_773_49425 (773bp)
		This contig is unaligned. (773 bp)
		Unaligned bases: 773  total: 34101

CONTIG: 604_6951_141772 (6951bp)
Top Length: 6951  Top ID: 100.0
		One align captures most of this contig: 881434 888384 | 1 6951 | 6951 6951 | 100.0 | gi|15640032|ref|NC_002505.1|_Vibrio_cholerae_O1_biovar_El_Tor_str._N16961_chromosome_I__complete_sequence 604_6951_141772

CONTIG: 534_1029_64557 (1029bp)
		This contig is unaligned. (1029 bp)
		Unaligned bases: 1029  total: 35130

CONTIG: 202_1474_41912 (1474bp)
		This contig is unaligned. (1474 bp)
		Unaligned bases: 1474  total: 36604

CONTIG: 411_870_18287 (870bp)
		This contig is unaligned. (870 bp)
		Unaligned bases: 870  total: 37474

CONTIG: 20_811_16620 (811bp)
		This contig is unaligned. (811 bp)
		Unaligned bases: 811  total: 38285

CONTIG: 228_13155_477750 (13155bp)
		This contig is unaligned. (13155 bp)
		Unaligned bases: 13155  total: 51440

CONTIG: 180_16466_727791 (16466bp)
Top Length: 16466  Top ID: 99.99
		One align captures most of this contig: 1083626 1100090 | 16466 1 | 16465 16466 | 99.99 | gi|15640032|ref|NC_002505.1|_Vibrio_cholerae_O1_biovar_El_Tor_str._N16961_chromosome_I__complete_sequence 180_16466_727791

CONTIG: 278_16574_704913 (16574bp)
		This contig is unaligned. (16574 bp)
		Unaligned bases: 16574  total: 68014

CONTIG: 102_38096_1479541 (38096bp)
		This contig is unaligned. (38096 bp)
		Unaligned bases: 38096  total: 106110

CONTIG: 181_44584_2103836 (44584bp)
Top Length: 44584  Top ID: 99.99
		One align captures most of this contig: 2375640 2420223 | 1 44584 | 44584 44584 | 99.99 | gi|15640032|ref|NC_002505.1|_Vibrio_cholerae_O1_biovar_El_Tor_str._N16961_chromosome_I__complete_sequence 181_44584_2103836

CONTIG: 488_781_37872 (781bp)
		This contig is unaligned. (781 bp)
		Unaligned bases: 781  total: 106891

CONTIG: 544_512_16162 (512bp)
		This contig is unaligned. (512 bp)
		Unaligned bases: 512  total: 107403

CONTIG: 601_2676_128603 (2676bp)
Top Length: 2676  Top ID: 100.0
		One align captures most of this contig: 2476142 2478817 | 1 2676 | 2676 2676 | 100.0 | gi|15640032|ref|NC_002505.1|_Vibrio_cholerae_O1_biovar_El_Tor_str._N16961_chromosome_I__complete_sequence 601_2676_128603

CONTIG: 363_1279_50723 (1279bp)
		This contig is unaligned. (1279 bp)
		Unaligned bases: 1279  total: 108682

CONTIG: 782_9109_338558_337+_743-_426- (9109bp)
Top Length: 9109  Top ID: 100.0
		One align captures most of this contig: 1951843 1960951 | 9109 1 | 9109 9109 | 100.0 | gi|15640032|ref|NC_002505.1|_Vibrio_cholerae_O1_biovar_El_Tor_str._N16961_chromosome_I__complete_sequence 782_9109_338558_337+_743-_426-

CONTIG: 472_1272_22493 (1272bp)
Top Length: 1272  Top ID: 100.0
		One align captures most of this contig: 900749 902020 | 1 1272 | 1272 1272 | 100.0 | gi|15640032|ref|NC_002505.1|_Vibrio_cholerae_O1_biovar_El_Tor_str._N16961_chromosome_I__complete_sequence 472_1272_22493

CONTIG: 693_1897_85165 (1897bp)
Top Length: 1897  Top ID: 100.0
		One align captures most of this contig: 952713 954609 | 1 1897 | 1897 1897 | 100.0 | gi|15640032|ref|NC_002505.1|_Vibrio_cholerae_O1_biovar_El_Tor_str._N16961_chromosome_I__complete_sequence 693_1897_85165

CONTIG: 61_14101_418962 (14101bp)
Top Length: 14101  Top ID: 99.99
		One align captures most of this contig: 865681 879782 | 1 14101 | 14102 14101 | 99.99 | gi|15640032|ref|NC_002505.1|_Vibrio_cholerae_O1_biovar_El_Tor_str._N16961_chromosome_I__complete_sequence 61_14101_418962

CONTIG: 103_60473_2406006 (60473bp)
Top Length: 60473  Top ID: 99.99
		One align captures most of this contig: 1310992 1371465 | 60473 1 | 60474 60473 | 99.99 | gi|15640032|ref|NC_002505.1|_Vibrio_cholerae_O1_biovar_El_Tor_str._N16961_chromosome_I__complete_sequence 103_60473_2406006

CONTIG: 554_43062_1990450 (43062bp)
Top Length: 43062  Top ID: 99.99
		One align captures most of this contig: 2332626 2375685 | 1 43062 | 43060 43062 | 99.99 | gi|15640032|ref|NC_002505.1|_Vibrio_cholerae_O1_biovar_El_Tor_str._N16961_chromosome_I__complete_sequence 554_43062_1990450

CONTIG: 529_654_26609 (654bp)
		This contig is unaligned. (654 bp)
		Unaligned bases: 654  total: 109336

CONTIG: 213_568_26204 (568bp)
		This contig is unaligned. (568 bp)
		Unaligned bases: 568  total: 109904

CONTIG: 27_3981_291231 (3981bp)
Top Length: 3981  Top ID: 99.97
		This contig has 2 significant alignments. [An ambiguously mapped contig]
		Using only first of these alignment (option --ambiguity-usage is set to "one"):
		Alignment: 1574293 1578273 | 3981 1 | 3981 3981 | 99.97 | gi|15640032|ref|NC_002505.1|_Vibrio_cholerae_O1_biovar_El_Tor_str._N16961_chromosome_I__complete_sequence 27_3981_291231
		Skipping alignment  1579144 1583124 | 3981 1 | 3981 3981 | 99.97 | gi|15640032|ref|NC_002505.1|_Vibrio_cholerae_O1_biovar_El_Tor_str._N16961_chromosome_I__complete_sequence 27_3981_291231

CONTIG: 62_17442_764619 (17442bp)
Top Length: 17442  Top ID: 99.99
		One align captures most of this contig: 525033 542475 | 17442 1 | 17443 17442 | 99.99 | gi|15640032|ref|NC_002505.1|_Vibrio_cholerae_O1_biovar_El_Tor_str._N16961_chromosome_I__complete_sequence 62_17442_764619

CONTIG: 775_23143_1156959 (23143bp)
Top Length: 23143  Top ID: 99.96
		One align captures most of this contig: 546581 569714 | 1 23143 | 23134 23143 | 99.96 | gi|15640032|ref|NC_002505.1|_Vibrio_cholerae_O1_biovar_El_Tor_str._N16961_chromosome_I__complete_sequence 775_23143_1156959

CONTIG: 533_562_17127 (562bp)
		This contig is unaligned. (562 bp)
		Unaligned bases: 562  total: 110466

CONTIG: 731_83460_3664111 (83460bp)
		This contig is unaligned. (83460 bp)
		Unaligned bases: 83460  total: 193926

CONTIG: 182_47862_2105190 (47862bp)
		This contig is unaligned. (47862 bp)
		Unaligned bases: 47862  total: 241788

CONTIG: 99_2541_137978 (2541bp)
Top Length: 2541  Top ID: 99.96
		One align captures most of this contig: 478817 481358 | 1 2541 | 2542 2541 | 99.96 | gi|15640032|ref|NC_002505.1|_Vibrio_cholerae_O1_biovar_El_Tor_str._N16961_chromosome_I__complete_sequence 99_2541_137978

CONTIG: 183_71400_3698115 (71400bp)
Top Length: 71400  Top ID: 99.99
		One align captures most of this contig: 407063 478462 | 1 71400 | 71400 71400 | 99.99 | gi|15640032|ref|NC_002505.1|_Vibrio_cholerae_O1_biovar_El_Tor_str._N16961_chromosome_I__complete_sequence 183_71400_3698115

CONTIG: 483_636_28224 (636bp)
		This contig is unaligned. (636 bp)
		Unaligned bases: 636  total: 242424

CONTIG: 98_1020_39081 (1020bp)
		This contig is unaligned. (1020 bp)
		Unaligned bases: 1020  total: 243444

CONTIG: 661_23537_938646 (23537bp)
Top Length: 23537  Top ID: 100.0
		One align captures most of this contig: 1961088 1984624 | 23537 1 | 23537 23537 | 100.0 | gi|15640032|ref|NC_002505.1|_Vibrio_cholerae_O1_biovar_El_Tor_str._N16961_chromosome_I__complete_sequence 661_23537_938646

CONTIG: 379_5156_221949 (5156bp)
		This contig is unaligned. (5156 bp)
		Unaligned bases: 5156  total: 248600

CONTIG: 547_11540_448253 (11540bp)
		This contig is unaligned. (11540 bp)
		Unaligned bases: 11540  total: 260140

CONTIG: 340_79406_3945479 (79406bp)
Top Length: 79406  Top ID: 99.99
		One align captures most of this contig: 683066 762471 | 79406 1 | 79406 79406 | 99.99 | gi|15640032|ref|NC_002505.1|_Vibrio_cholerae_O1_biovar_El_Tor_str._N16961_chromosome_I__complete_sequence 340_79406_3945479

CONTIG: 710_6210_217698 (6210bp)
Top Length: 6210  Top ID: 100.0
		One align captures most of this contig: 1739007 1745216 | 6210 1 | 6210 6210 | 100.0 | gi|15640032|ref|NC_002505.1|_Vibrio_cholerae_O1_biovar_El_Tor_str._N16961_chromosome_I__complete_sequence 710_6210_217698

CONTIG: 226_1724_50148 (1724bp)
		This contig is unaligned. (1724 bp)
		Unaligned bases: 1724  total: 261864

CONTIG: 552_31028_1288724 (31028bp)
		This contig is unaligned. (31028 bp)
		Unaligned bases: 31028  total: 292892

CONTIG: 179_11353_613617 (11353bp)
Top Length: 11353  Top ID: 99.99
		One align captures most of this contig: 569677 581029 | 1 11353 | 11353 11353 | 99.99 | gi|15640032|ref|NC_002505.1|_Vibrio_cholerae_O1_biovar_El_Tor_str._N16961_chromosome_I__complete_sequence 179_11353_613617

CONTIG: 551_29581_1292711 (29581bp)
Top Length: 29581  Top ID: 100.0
		One align captures most of this contig: 1053949 1083529 | 29581 1 | 29581 29581 | 100.0 | gi|15640032|ref|NC_002505.1|_Vibrio_cholerae_O1_biovar_El_Tor_str._N16961_chromosome_I__complete_sequence 551_29581_1292711

CONTIG: 550_24934_1196491 (24934bp)
Top Length: 24934  Top ID: 99.99
		One align captures most of this contig: 1484631 1509562 | 24934 1 | 24932 24934 | 99.99 | gi|15640032|ref|NC_002505.1|_Vibrio_cholerae_O1_biovar_El_Tor_str._N16961_chromosome_I__complete_sequence 550_24934_1196491

CONTIG: 783_1258_223243_417-_211+_600+ (1258bp)
Top Length: 1258  Top ID: 100.0
		This contig has 3 significant alignments. [An ambiguously mapped contig]
		Using only first of these alignment (option --ambiguity-usage is set to "one"):
		Alignment: 262290 263547 | 1 1258 | 1258 1258 | 100.0 | gi|15640032|ref|NC_002505.1|_Vibrio_cholerae_O1_biovar_El_Tor_str._N16961_chromosome_I__complete_sequence 783_1258_223243_417-_211+_600+
		Skipping alignment  1937511 1938768 | 1258 1 | 1258 1258 | 100.0 | gi|15640032|ref|NC_002505.1|_Vibrio_cholerae_O1_biovar_El_Tor_str._N16961_chromosome_I__complete_sequence 783_1258_223243_417-_211+_600+
		Skipping alignment  1583124 1584390 | 1 1258 | 1267 1258 | 99.29 | gi|15640032|ref|NC_002505.1|_Vibrio_cholerae_O1_biovar_El_Tor_str._N16961_chromosome_I__complete_sequence 783_1258_223243_417-_211+_600+

CONTIG: 33_48632_1941271 (48632bp)
		This contig is unaligned. (48632 bp)
		Unaligned bases: 48632  total: 341524

CONTIG: 546_9992_525282 (9992bp)
Top Length: 9992  Top ID: 99.99
		One align captures most of this contig: 140944 150935 | 9992 1 | 9992 9992 | 99.99 | gi|15640032|ref|NC_002505.1|_Vibrio_cholerae_O1_biovar_El_Tor_str._N16961_chromosome_I__complete_sequence 546_9992_525282

CONTIG: 383_17198_727877 (17198bp)
Top Length: 17198  Top ID: 100.0
		One align captures most of this contig: 973712 990909 | 17198 1 | 17198 17198 | 100.0 | gi|15640032|ref|NC_002505.1|_Vibrio_cholerae_O1_biovar_El_Tor_str._N16961_chromosome_I__complete_sequence 383_17198_727877

CONTIG: 492_19378_1127060 (19378bp)
Top Length: 19378  Top ID: 100.0
		One align captures most of this contig: 16724 36101 | 19378 1 | 19378 19378 | 100.0 | gi|15640032|ref|NC_002505.1|_Vibrio_cholerae_O1_biovar_El_Tor_str._N16961_chromosome_I__complete_sequence 492_19378_1127060

CONTIG: 58_500_27544 (500bp)
		This contig is unaligned. (500 bp)
		Unaligned bases: 500  total: 342024

CONTIG: 773_17519_1021579 (17519bp)
Top Length: 17519  Top ID: 99.99
		One align captures most of this contig: 36065 53583 | 17519 1 | 17519 17519 | 99.99 | gi|15640032|ref|NC_002505.1|_Vibrio_cholerae_O1_biovar_El_Tor_str._N16961_chromosome_I__complete_sequence 773_17519_1021579

CONTIG: 752_548_17687 (548bp)
		This contig is unaligned. (548 bp)
		Unaligned bases: 548  total: 342572

CONTIG: 602_4517_174529 (4517bp)
Top Length: 4517  Top ID: 100.0
		One align captures most of this contig: 1374856 1379372 | 4517 1 | 4517 4517 | 100.0 | gi|15640032|ref|NC_002505.1|_Vibrio_cholerae_O1_biovar_El_Tor_str._N16961_chromosome_I__complete_sequence 602_4517_174529

CONTIG: 339_38698_2436580 (38698bp)
Top Length: 21929  Top ID: 100.0
		This contig is misassembled. 2 total aligns.
			Real Alignment 2: 2939221 2961149 | 1 21929 | 21929 21929 | 100.0 | gi|15640032|ref|NC_002505.1|_Vibrio_cholerae_O1_biovar_El_Tor_str._N16961_chromosome_I__complete_sequence 339_38698_2436580
			  Fake misassembly (caused by linear representation of circular genome) between these two alignments
			Real Alignment 1: 1 16769 | 21930 38698 | 16769 16769 | 99.99 | gi|15640032|ref|NC_002505.1|_Vibrio_cholerae_O1_biovar_El_Tor_str._N16961_chromosome_I__complete_sequence 339_38698_2436580

CONTIG: 22_588_9890 (588bp)
		This contig is unaligned. (588 bp)
		Unaligned bases: 588  total: 343160

CONTIG: 131_625_20195 (625bp)
		This contig is unaligned. (625 bp)
		Unaligned bases: 625  total: 343785

CONTIG: 662_25717_1437656 (25717bp)
Top Length: 25717  Top ID: 99.99
		One align captures most of this contig: 2681702 2707418 | 25717 1 | 25717 25717 | 99.99 | gi|15640032|ref|NC_002505.1|_Vibrio_cholerae_O1_biovar_El_Tor_str._N16961_chromosome_I__complete_sequence 662_25717_1437656

CONTIG: 640_1614_36820 (1614bp)
		This contig is unaligned. (1614 bp)
		Unaligned bases: 1614  total: 345399

CONTIG: 163_906_31802 (906bp)
		This contig is unaligned. (906 bp)
		Unaligned bases: 906  total: 346305

CONTIG: 380_5423_311442 (5423bp)
Top Length: 5423  Top ID: 100.0
		One align captures most of this contig: 329457 334879 | 1 5423 | 5423 5423 | 100.0 | gi|15640032|ref|NC_002505.1|_Vibrio_cholerae_O1_biovar_El_Tor_str._N16961_chromosome_I__complete_sequence 380_5423_311442

CONTIG: 730_67178_3250385 (67178bp)
Top Length: 67178  Top ID: 99.99
		One align captures most of this contig: 2484292 2551468 | 67178 1 | 67177 67178 | 99.99 | gi|15640032|ref|NC_002505.1|_Vibrio_cholerae_O1_biovar_El_Tor_str._N16961_chromosome_I__complete_sequence 730_67178_3250385

CONTIG: 464_527_23162 (527bp)
		This contig is unaligned. (527 bp)
		Unaligned bases: 527  total: 346832

CONTIG: 100_14899_822599 (14899bp)
Top Length: 14899  Top ID: 100.0
		One align captures most of this contig: 2661399 2676297 | 14899 1 | 14899 14899 | 100.0 | gi|15640032|ref|NC_002505.1|_Vibrio_cholerae_O1_biovar_El_Tor_str._N16961_chromosome_I__complete_sequence 100_14899_822599

CONTIG: 557_109208_5713807 (109208bp)
Top Length: 109208  Top ID: 99.99
		One align captures most of this contig: 2552242 2661446 | 1 109208 | 109205 109208 | 99.99 | gi|15640032|ref|NC_002505.1|_Vibrio_cholerae_O1_biovar_El_Tor_str._N16961_chromosome_I__complete_sequence 557_109208_5713807

CONTIG: 549_24703_1137378 (24703bp)
Top Length: 24703  Top ID: 99.99
		One align captures most of this contig: 911157 935858 | 24703 1 | 24702 24703 | 99.99 | gi|15640032|ref|NC_002505.1|_Vibrio_cholerae_O1_biovar_El_Tor_str._N16961_chromosome_I__complete_sequence 549_24703_1137378

CONTIG: 229_22094_1072520 (22094bp)
Top Length: 22094  Top ID: 99.99
		One align captures most of this contig: 616760 638851 | 22094 1 | 22092 22094 | 99.99 | gi|15640032|ref|NC_002505.1|_Vibrio_cholerae_O1_biovar_El_Tor_str._N16961_chromosome_I__complete_sequence 229_22094_1072520

CONTIG: 764_10263_472236 (10263bp)
Top Length: 10263  Top ID: 100.0
		One align captures most of this contig: 2320704 2330966 | 1 10263 | 10263 10263 | 100.0 | gi|15640032|ref|NC_002505.1|_Vibrio_cholerae_O1_biovar_El_Tor_str._N16961_chromosome_I__complete_sequence 764_10263_472236

CONTIG: 18_530_17821 (530bp)
		This contig is unaligned. (530 bp)
		Unaligned bases: 530  total: 347362

CONTIG: 785_95224_3951584_146+_608- (95224bp)
Top Length: 95224  Top ID: 99.99
		One align captures most of this contig: 1198828 1294050 | 1 95224 | 95223 95224 | 99.99 | gi|15640032|ref|NC_002505.1|_Vibrio_cholerae_O1_biovar_El_Tor_str._N16961_chromosome_I__complete_sequence 785_95224_3951584_146+_608-

CONTIG: 328_1348_48900 (1348bp)
		This contig is unaligned. (1348 bp)
		Unaligned bases: 1348  total: 348710

CONTIG: 688_1212_62242 (1212bp)
		This contig is unaligned. (1212 bp)
		Unaligned bases: 1212  total: 349922

CONTIG: 136_1103_28212 (1103bp)
		This contig is unaligned. (1103 bp)
		Unaligned bases: 1103  total: 351025

CONTIG: 765_8436_274141 (8436bp)
		This contig is unaligned. (8436 bp)
		Unaligned bases: 8436  total: 359461

CONTIG: 313_1625_45130 (1625bp)
Top Length: 1625  Top ID: 100.0
		One align captures most of this contig: 1992442 1994066 | 1 1625 | 1625 1625 | 100.0 | gi|15640032|ref|NC_002505.1|_Vibrio_cholerae_O1_biovar_El_Tor_str._N16961_chromosome_I__complete_sequence 313_1625_45130

CONTIG: 493_26016_1105772 (26016bp)
		This contig is unaligned. (26016 bp)
		Unaligned bases: 26016  total: 385477

CONTIG: 705_3553_92198 (3553bp)
Top Length: 3553  Top ID: 100.0
		One align captures most of this contig: 1948175 1951727 | 1 3553 | 3553 3553 | 100.0 | gi|15640032|ref|NC_002505.1|_Vibrio_cholerae_O1_biovar_El_Tor_str._N16961_chromosome_I__complete_sequence 705_3553_92198

CONTIG: 34_64686_2449166 (64686bp)
		This contig is unaligned. (64686 bp)
		Unaligned bases: 64686  total: 450163

CONTIG: 732_178118_9622177 (178118bp)
Top Length: 178118  Top ID: 99.99
		One align captures most of this contig: 2707364 2885480 | 1 178118 | 178117 178118 | 99.99 | gi|15640032|ref|NC_002505.1|_Vibrio_cholerae_O1_biovar_El_Tor_str._N16961_chromosome_I__complete_sequence 732_178118_9622177

CONTIG: 777_845_68978_17-_..._303- (845bp)
Top Length: 845  Top ID: 100.0
		One align captures most of this contig: 1509501 1510345 | 845 1 | 845 845 | 100.0 | gi|15640032|ref|NC_002505.1|_Vibrio_cholerae_O1_biovar_El_Tor_str._N16961_chromosome_I__complete_sequence 777_845_68978_17-_..._303-

CONTIG: 308_1794_67574 (1794bp)
		This contig is unaligned. (1794 bp)
		Unaligned bases: 1794  total: 451957

CONTIG: 715_526_16889 (526bp)
		This contig is unaligned. (526 bp)
		Unaligned bases: 526  total: 452483

CONTIG: 227_6862_257419 (6862bp)
Top Length: 6862  Top ID: 100.0
		One align captures most of this contig: 1778513 1785374 | 1 6862 | 6862 6862 | 100.0 | gi|15640032|ref|NC_002505.1|_Vibrio_cholerae_O1_biovar_El_Tor_str._N16961_chromosome_I__complete_sequence 227_6862_257419

CONTIG: 556_98571_4127506 (98571bp)
Top Length: 98571  Top ID: 99.99
		One align captures most of this contig: 1100084 1198653 | 98571 1 | 98570 98571 | 99.99 | gi|15640032|ref|NC_002505.1|_Vibrio_cholerae_O1_biovar_El_Tor_str._N16961_chromosome_I__complete_sequence 556_98571_4127506

CONTIG: 606_16415_701757 (16415bp)
		This contig is unaligned. (16415 bp)
		Unaligned bases: 16415  total: 468898

CONTIG: 654_8899_377009 (8899bp)
		This contig is unaligned. (8899 bp)
		Unaligned bases: 8899  total: 477797

CONTIG: 772_18495_706220 (18495bp)
Top Length: 18495  Top ID: 99.99
		One align captures most of this contig: 1745181 1763674 | 1 18495 | 18494 18495 | 99.99 | gi|15640032|ref|NC_002505.1|_Vibrio_cholerae_O1_biovar_El_Tor_str._N16961_chromosome_I__complete_sequence 772_18495_706220

CONTIG: 267_843_33497 (843bp)
Top Length: 843  Top ID: 100.0
		One align captures most of this contig: 1936727 1937569 | 1 843 | 843 843 | 100.0 | gi|15640032|ref|NC_002505.1|_Vibrio_cholerae_O1_biovar_El_Tor_str._N16961_chromosome_I__complete_sequence 267_843_33497

CONTIG: 279_22204_822108 (22204bp)
Top Length: 22204  Top ID: 99.99
		One align captures most of this contig: 1714528 1736731 | 22204 1 | 22204 22204 | 99.99 | gi|15640032|ref|NC_002505.1|_Vibrio_cholerae_O1_biovar_El_Tor_str._N16961_chromosome_I__complete_sequence 279_22204_822108

CONTIG: 663_31082_1474840 (31082bp)
Top Length: 31082  Top ID: 99.99
		One align captures most of this contig: 2168464 2199544 | 1 31082 | 31081 31082 | 99.99 | gi|15640032|ref|NC_002505.1|_Vibrio_cholerae_O1_biovar_El_Tor_str._N16961_chromosome_I__complete_sequence 663_31082_1474840

CONTIG: 201_1197_97631 (1197bp)
		This contig is unaligned. (1197 bp)
		Unaligned bases: 1197  total: 478994

CONTIG: 725_23570_723196 (23570bp)
Top Length: 23570  Top ID: 99.99
		One align captures most of this contig: 1913220 1936788 | 1 23570 | 23569 23570 | 99.99 | gi|15640032|ref|NC_002505.1|_Vibrio_cholerae_O1_biovar_El_Tor_str._N16961_chromosome_I__complete_sequence 725_23570_723196

CONTIG: 97_572_29498 (572bp)
		This contig is unaligned. (572 bp)
		Unaligned bases: 572  total: 479566

CONTIG: 215_4511_179005 (4511bp)
		This contig is unaligned. (4511 bp)
		Unaligned bases: 4511  total: 484077

CONTIG: 607_57037_2419276 (57037bp)
Top Length: 57037  Top ID: 99.99
		One align captures most of this contig: 990942 1047977 | 1 57037 | 57036 57037 | 99.99 | gi|15640032|ref|NC_002505.1|_Vibrio_cholerae_O1_biovar_El_Tor_str._N16961_chromosome_I__complete_sequence 607_57037_2419276

CONTIG: 378_4615_325833 (4615bp)
Top Length: 4615  Top ID: 99.96
		One align captures most of this contig: 1566846 1571460 | 1 4615 | 4615 4615 | 99.96 | gi|15640032|ref|NC_002505.1|_Vibrio_cholerae_O1_biovar_El_Tor_str._N16961_chromosome_I__complete_sequence 378_4615_325833

CONTIG: 694_1734_63925 (1734bp)
		This contig is unaligned. (1734 bp)
		Unaligned bases: 1734  total: 485811

CONTIG: 335_3112_97462 (3112bp)
		This contig is unaligned. (3112 bp)
		Unaligned bases: 3112  total: 488923

CONTIG: 482_2784_57236 (2784bp)
		This contig is unaligned. (2784 bp)
		Unaligned bases: 2784  total: 491707

CONTIG: 553_39868_1547981 (39868bp)
		This contig is unaligned. (39868 bp)
		Unaligned bases: 39868  total: 531575

CONTIG: 381_11536_405252 (11536bp)
Top Length: 11536  Top ID: 99.99
		One align captures most of this contig: 1763633 1775167 | 11536 1 | 11535 11536 | 99.99 | gi|15640032|ref|NC_002505.1|_Vibrio_cholerae_O1_biovar_El_Tor_str._N16961_chromosome_I__complete_sequence 381_11536_405252

CONTIG: 535_925_34694 (925bp)
		This contig is unaligned. (925 bp)
		Unaligned bases: 925  total: 532500

CONTIG: 495_62005_3319999 (62005bp)
Top Length: 60278  Top ID: 99.99
		This contig is misassembled. 2 total aligns.
			Real Alignment 1: 260558 262290 | 1 1733 | 1733 1733 | 100.0 | gi|15640032|ref|NC_002505.1|_Vibrio_cholerae_O1_biovar_El_Tor_str._N16961_chromosome_I__complete_sequence 495_62005_3319999
			  Extensive misassembly ( relocation, inconsistency = 1261 ) between these two alignments
			Real Alignment 2: 263546 323823 | 1728 62005 | 60278 60278 | 99.99 | gi|15640032|ref|NC_002505.1|_Vibrio_cholerae_O1_biovar_El_Tor_str._N16961_chromosome_I__complete_sequence 495_62005_3319999

CONTIG: 729_52137_2409225 (52137bp)
Top Length: 52137  Top ID: 99.99
		One align captures most of this contig: 1511739 1563874 | 1 52137 | 52136 52137 | 99.99 | gi|15640032|ref|NC_002505.1|_Vibrio_cholerae_O1_biovar_El_Tor_str._N16961_chromosome_I__complete_sequence 729_52137_2409225

CONTIG: 132_623_79260 (623bp)
Top Length: 623  Top ID: 100.0
		This contig has 2 significant alignments. [An ambiguously mapped contig]
		Using only first of these alignment (option --ambiguity-usage is set to "one"):
		Alignment: 1565862 1566484 | 623 1 | 623 623 | 100.0 | gi|15640032|ref|NC_002505.1|_Vibrio_cholerae_O1_biovar_El_Tor_str._N16961_chromosome_I__complete_sequence 132_623_79260
		Skipping alignment  1572778 1573400 | 623 1 | 623 623 | 100.0 | gi|15640032|ref|NC_002505.1|_Vibrio_cholerae_O1_biovar_El_Tor_str._N16961_chromosome_I__complete_sequence 132_623_79260

CONTIG: 275_2292_64950 (2292bp)
		This contig is unaligned. (2292 bp)
		Unaligned bases: 2292  total: 534792

CONTIG: 660_13205_383299 (13205bp)
Top Length: 13205  Top ID: 99.99
		One align captures most of this contig: 1895921 1909126 | 13205 1 | 13206 13205 | 99.99 | gi|15640032|ref|NC_002505.1|_Vibrio_cholerae_O1_biovar_El_Tor_str._N16961_chromosome_I__complete_sequence 660_13205_383299

CONTIG: 312_3466_95099 (3466bp)
Top Length: 3466  Top ID: 100.0
		One align captures most of this contig: 907554 911019 | 1 3466 | 3466 3466 | 100.0 | gi|15640032|ref|NC_002505.1|_Vibrio_cholerae_O1_biovar_El_Tor_str._N16961_chromosome_I__complete_sequence 312_3466_95099

CONTIG: 177_8208_310325 (8208bp)
		This contig is unaligned. (8208 bp)
		Unaligned bases: 8208  total: 543000

CONTIG: 786_34859_1719546_545+_101+ (34859bp)
Top Length: 34859  Top ID: 99.99
		One align captures most of this contig: 581929 616786 | 34859 1 | 34858 34859 | 99.99 | gi|15640032|ref|NC_002505.1|_Vibrio_cholerae_O1_biovar_El_Tor_str._N16961_chromosome_I__complete_sequence 786_34859_1719546_545+_101+

CONTIG: 776_110305_4408048 (110305bp)
Top Length: 110305  Top ID: 99.99
		One align captures most of this contig: 1785599 1895898 | 1 110305 | 110300 110305 | 99.99 | gi|15640032|ref|NC_002505.1|_Vibrio_cholerae_O1_biovar_El_Tor_str._N16961_chromosome_I__complete_sequence 776_110305_4408048

CONTIG: 305_993_26225 (993bp)
		This contig is unaligned. (993 bp)
		Unaligned bases: 993  total: 543993

CONTIG: 144_28113_1252975 (28113bp)
Top Length: 28113  Top ID: 99.99
		One align captures most of this contig: 837563 865674 | 1 28113 | 28112 28113 | 99.99 | gi|15640032|ref|NC_002505.1|_Vibrio_cholerae_O1_biovar_El_Tor_str._N16961_chromosome_I__complete_sequence 144_28113_1252975

CONTIG: 599_651_24517 (651bp)
Top Length: 651  Top ID: 100.0
		One align captures most of this contig: 1573704 1574354 | 1 651 | 651 651 | 100.0 | gi|15640032|ref|NC_002505.1|_Vibrio_cholerae_O1_biovar_El_Tor_str._N16961_chromosome_I__complete_sequence 599_651_24517

CONTIG: 593_547_15794 (547bp)
		This contig is unaligned. (547 bp)
		Unaligned bases: 547  total: 544540

CONTIG: 543_1796_40364 (1796bp)
		This contig is unaligned. (1796 bp)
		Unaligned bases: 1796  total: 546336

CONTIG: 96_572_31266 (572bp)
Top Length: 572  Top ID: 100.0
		One align captures most of this contig: 1510284 1510855 | 1 572 | 572 572 | 100.0 | gi|15640032|ref|NC_002505.1|_Vibrio_cholerae_O1_biovar_El_Tor_str._N16961_chromosome_I__complete_sequence 96_572_31266

CONTIG: 362_1074_48969 (1074bp)
		This contig is unaligned. (1074 bp)
		Unaligned bases: 1074  total: 547410

CONTIG: 63_18537_858489 (18537bp)
		This contig is unaligned. (18537 bp)
		Unaligned bases: 18537  total: 565947

CONTIG: 260_756_27087 (756bp)
		This contig is unaligned. (756 bp)
		Unaligned bases: 756  total: 566703

CONTIG: 727_27970_1076025 (27970bp)
Top Length: 27970  Top ID: 99.99
		One align captures most of this contig: 1655973 1683939 | 27970 1 | 27967 27970 | 99.99 | gi|15640032|ref|NC_002505.1|_Vibrio_cholerae_O1_biovar_El_Tor_str._N16961_chromosome_I__complete_sequence 727_27970_1076025

CONTIG: 724_22087_1062427 (22087bp)
Top Length: 22087  Top ID: 100.0
		One align captures most of this contig: 502943 525029 | 1 22087 | 22087 22087 | 100.0 | gi|15640032|ref|NC_002505.1|_Vibrio_cholerae_O1_biovar_El_Tor_str._N16961_chromosome_I__complete_sequence 724_22087_1062427

CONTIG: 104_60973_2325895 (60973bp)
		This contig is unaligned. (60973 bp)
		Unaligned bases: 60973  total: 627676

CONTIG: 655_9386_292136 (9386bp)
Top Length: 9386  Top ID: 100.0
		One align captures most of this contig: 1938708 1948093 | 1 9386 | 9386 9386 | 100.0 | gi|15640032|ref|NC_002505.1|_Vibrio_cholerae_O1_biovar_El_Tor_str._N16961_chromosome_I__complete_sequence 655_9386_292136

CONTIG: 178_7816_313640 (7816bp)
Top Length: 7816  Top ID: 99.99
		One align captures most of this contig: 1984642 1992456 | 1 7816 | 7815 7816 | 99.99 | gi|15640032|ref|NC_002505.1|_Vibrio_cholerae_O1_biovar_El_Tor_str._N16961_chromosome_I__complete_sequence 178_7816_313640

CONTIG: 217_715_59213 (715bp)
		This contig is unaligned. (715 bp)
		Unaligned bases: 715  total: 628391

CONTIG: 656_812_23466 (812bp)
		This contig is unaligned. (812 bp)
		Unaligned bases: 812  total: 629203

CONTIG: 665_105316_3899401 (105316bp)
Top Length: 105316  Top ID: 99.99
		One align captures most of this contig: 1379379 1484692 | 105316 1 | 105314 105316 | 99.99 | gi|15640032|ref|NC_002505.1|_Vibrio_cholerae_O1_biovar_El_Tor_str._N16961_chromosome_I__complete_sequence 665_105316_3899401

CONTIG: 466_900_24932 (900bp)
		This contig is unaligned. (900 bp)
		Unaligned bases: 900  total: 630103

CONTIG: 548_18633_808435 (18633bp)
Top Length: 18633  Top ID: 100.0
		One align captures most of this contig: 954597 973229 | 18633 1 | 18633 18633 | 100.0 | gi|15640032|ref|NC_002505.1|_Vibrio_cholerae_O1_biovar_El_Tor_str._N16961_chromosome_I__complete_sequence 548_18633_808435

CONTIG: 412_886_37130 (886bp)
		This contig is unaligned. (886 bp)
		Unaligned bases: 886  total: 630989

CONTIG: 233_92815_4500889 (92815bp)
Top Length: 92815  Top ID: 99.99
		One align captures most of this contig: 167737 260551 | 1 92815 | 92815 92815 | 99.99 | gi|15640032|ref|NC_002505.1|_Vibrio_cholerae_O1_biovar_El_Tor_str._N16961_chromosome_I__complete_sequence 233_92815_4500889

CONTIG: 382_15461_838822 (15461bp)
Top Length: 15461  Top ID: 100.0
		One align captures most of this contig: 486329 501789 | 1 15461 | 15461 15461 | 100.0 | gi|15640032|ref|NC_002505.1|_Vibrio_cholerae_O1_biovar_El_Tor_str._N16961_chromosome_I__complete_sequence 382_15461_838822

CONTIG: 309_3403_111484 (3403bp)
Top Length: 3403  Top ID: 100.0
		One align captures most of this contig: 1775169 1778571 | 1 3403 | 3403 3403 | 100.0 | gi|15640032|ref|NC_002505.1|_Vibrio_cholerae_O1_biovar_El_Tor_str._N16961_chromosome_I__complete_sequence 309_3403_111484

CONTIG: 174_2390_39674 (2390bp)
Top Length: 2390  Top ID: 100.0
		One align captures most of this contig: 904975 907364 | 2390 1 | 2390 2390 | 100.0 | gi|15640032|ref|NC_002505.1|_Vibrio_cholerae_O1_biovar_El_Tor_str._N16961_chromosome_I__complete_sequence 174_2390_39674

CONTIG: 762_650_16779 (650bp)
		This contig is unaligned. (650 bp)
		Unaligned bases: 650  total: 631639

CONTIG: 231_29078_1235990 (29078bp)
		This contig is unaligned. (29078 bp)
		Unaligned bases: 29078  total: 660717

CONTIG: 605_11117_637766 (11117bp)
Top Length: 11117  Top ID: 99.99
		One align captures most of this contig: 156236 167352 | 11117 1 | 11117 11117 | 99.99 | gi|15640032|ref|NC_002505.1|_Vibrio_cholerae_O1_biovar_El_Tor_str._N16961_chromosome_I__complete_sequence 605_11117_637766

CONTIG: 133_693_14743 (693bp)
		This contig is unaligned. (693 bp)
		Unaligned bases: 693  total: 661410

CONTIG: 176_3924_126123 (3924bp)
Top Length: 3924  Top ID: 100.0
		One align captures most of this contig: 1909231 1913154 | 3924 1 | 3924 3924 | 100.0 | gi|15640032|ref|NC_002505.1|_Vibrio_cholerae_O1_biovar_El_Tor_str._N16961_chromosome_I__complete_sequence 176_3924_126123

CONTIG: 232_69573_3201840 (69573bp)
Top Length: 69573  Top ID: 99.99
		One align captures most of this contig: 767992 837563 | 1 69573 | 69572 69573 | 99.99 | gi|15640032|ref|NC_002505.1|_Vibrio_cholerae_O1_biovar_El_Tor_str._N16961_chromosome_I__complete_sequence 232_69573_3201840

CONTIG: 603_4873_262715 (4873bp)
Top Length: 4873  Top ID: 99.98
		One align captures most of this contig: 481512 486384 | 1 4873 | 4873 4873 | 99.98 | gi|15640032|ref|NC_002505.1|_Vibrio_cholerae_O1_biovar_El_Tor_str._N16961_chromosome_I__complete_sequence 603_4873_262715

CONTIG: 768_4205_116185 (4205bp)
Top Length: 4205  Top ID: 99.98
		One align captures most of this contig: 542426 546630 | 1 4205 | 4205 4205 | 99.98 | gi|15640032|ref|NC_002505.1|_Vibrio_cholerae_O1_biovar_El_Tor_str._N16961_chromosome_I__complete_sequence 768_4205_116185

CONTIG: 598_619_27536 (619bp)
		This contig is unaligned. (619 bp)
		Unaligned bases: 619  total: 662029

CONTIG: 134_859_42558 (859bp)
Top Length: 859  Top ID: 100.0
		This contig has 2 significant alignments. [An ambiguously mapped contig]
		Using only first of these alignment (option --ambiguity-usage is set to "one"):
		Alignment: 1578270 1579128 | 859 1 | 859 859 | 100.0 | gi|15640032|ref|NC_002505.1|_Vibrio_cholerae_O1_biovar_El_Tor_str._N16961_chromosome_I__complete_sequence 134_859_42558
		Skipping alignment  1584391 1585249 | 859 1 | 859 859 | 99.88 | gi|15640032|ref|NC_002505.1|_Vibrio_cholerae_O1_biovar_El_Tor_str._N16961_chromosome_I__complete_sequence 134_859_42558

CONTIG: 469_1014_72994 (1014bp)
		This contig is unaligned. (1014 bp)
		Unaligned bases: 1014  total: 663043

CONTIG: 478_2325_74210 (2325bp)
		This contig is unaligned. (2325 bp)
		Unaligned bases: 2325  total: 665368

CONTIG: 59_1009_34161 (1009bp)
		This contig is unaligned. (1009 bp)
		Unaligned bases: 1009  total: 666377

CONTIG: 427_3023_90614 (3023bp)
		This contig is unaligned. (3023 bp)
		Unaligned bases: 3023  total: 669400

CONTIG: 145_30609_1124627 (30609bp)
Top Length: 30609  Top ID: 99.99
		One align captures most of this contig: 1683917 1714526 | 30609 1 | 30610 30609 | 99.99 | gi|15640032|ref|NC_002505.1|_Vibrio_cholerae_O1_biovar_El_Tor_str._N16961_chromosome_I__complete_sequence 145_30609_1124627

CONTIG: 664_42398_2481077 (42398bp)
Top Length: 42398  Top ID: 99.99
		One align captures most of this contig: 2885422 2927818 | 42398 1 | 42397 42398 | 99.99 | gi|15640032|ref|NC_002505.1|_Vibrio_cholerae_O1_biovar_El_Tor_str._N16961_chromosome_I__complete_sequence 664_42398_2481077

CONTIG: 60_11734_262462 (11734bp)
Top Length: 11734  Top ID: 100.0
		One align captures most of this contig: 888490 900223 | 1 11734 | 11734 11734 | 100.0 | gi|15640032|ref|NC_002505.1|_Vibrio_cholerae_O1_biovar_El_Tor_str._N16961_chromosome_I__complete_sequence 60_11734_262462

CONTIG: 276_2536_44476 (2536bp)
Top Length: 2536  Top ID: 100.0
		One align captures most of this contig: 902022 904557 | 2536 1 | 2536 2536 | 100.0 | gi|15640032|ref|NC_002505.1|_Vibrio_cholerae_O1_biovar_El_Tor_str._N16961_chromosome_I__complete_sequence 276_2536_44476

CONTIG: 536_753_31379 (753bp)
		This contig is unaligned. (753 bp)
		Unaligned bases: 753  total: 670153

CONTIG: 712_1382_47218 (1382bp)
		This contig is unaligned. (1382 bp)
		Unaligned bases: 1382  total: 671535

CONTIG: 341_92848_3777942 (92848bp)
		This contig is unaligned. (92848 bp)
		Unaligned bases: 92848  total: 764383

CONTIG: 57_545_5162 (545bp)
Top Length: 545  Top ID: 100.0
		One align captures most of this contig: 880579 881123 | 545 1 | 545 545 | 100.0 | gi|15640032|ref|NC_002505.1|_Vibrio_cholerae_O1_biovar_El_Tor_str._N16961_chromosome_I__complete_sequence 57_545_5162

CONTIG: 338_20310_821738 (20310bp)
		This contig is unaligned. (20310 bp)
		Unaligned bases: 20310  total: 784693

CONTIG: 143_16410_698953 (16410bp)
Top Length: 16410  Top ID: 100.0
		One align captures most of this contig: 936298 952707 | 16410 1 | 16410 16410 | 100.0 | gi|15640032|ref|NC_002505.1|_Vibrio_cholerae_O1_biovar_El_Tor_str._N16961_chromosome_I__complete_sequence 143_16410_698953

CONTIG: 555_55980_2722713 (55980bp)
Top Length: 55980  Top ID: 99.99
		One align captures most of this contig: 2420178 2476157 | 1 55980 | 55980 55980 | 99.99 | gi|15640032|ref|NC_002505.1|_Vibrio_cholerae_O1_biovar_El_Tor_str._N16961_chromosome_I__complete_sequence 555_55980_2722713

CONTIG: 659_5295_136349 (5295bp)
		This contig is unaligned. (5295 bp)
		Unaligned bases: 5295  total: 789988

CONTIG: 728_45047_2001757 (45047bp)
		This contig is unaligned. (45047 bp)
		Unaligned bases: 45047  total: 835035

CONTIG: 542_1107_45900 (1107bp)
		This contig is unaligned. (1107 bp)
		Unaligned bases: 1107  total: 836142

CONTIG: 28_554_20176 (554bp)
		This contig is unaligned. (554 bp)
		Unaligned bases: 554  total: 836696

CONTIG: 142_16743_662055 (16743bp)
Top Length: 16743  Top ID: 100.0
		One align captures most of this contig: 1294244 1310986 | 16743 1 | 16743 16743 | 100.0 | gi|15640032|ref|NC_002505.1|_Vibrio_cholerae_O1_biovar_El_Tor_str._N16961_chromosome_I__complete_sequence 142_16743_662055

CONTIG: 274_1198_48148 (1198bp)
		This contig is unaligned. (1198 bp)
		Unaligned bases: 1198  total: 837894

CONTIG: 212_532_18989 (532bp)
		This contig is unaligned. (532 bp)
		Unaligned bases: 532  total: 838426

CONTIG: 722_18876_789866 (18876bp)
		This contig is unaligned. (18876 bp)
		Unaligned bases: 18876  total: 857302

CONTIG: 760_3479_151070 (3479bp)
Top Length: 3479  Top ID: 100.0
		One align captures most of this contig: 1371409 1374887 | 3479 1 | 3479 3479 | 100.0 | gi|15640032|ref|NC_002505.1|_Vibrio_cholerae_O1_biovar_El_Tor_str._N16961_chromosome_I__complete_sequence 760_3479_151070

CONTIG: 428_8402_264620 (8402bp)
		This contig is unaligned. (8402 bp)
		Unaligned bases: 8402  total: 865704

CONTIG: 558_111096_4887649 (111096bp)
		This contig is unaligned. (111096 bp)
		Unaligned bases: 111096  total: 976800

CONTIG: 23_1128_44651 (1128bp)
		This contig is unaligned. (1128 bp)
		Unaligned bases: 1128  total: 977928

CONTIG: 32_5554_274990 (5554bp)
Top Length: 5554  Top ID: 100.0
		One align captures most of this contig: 2478759 2484312 | 1 5554 | 5554 5554 | 100.0 | gi|15640032|ref|NC_002505.1|_Vibrio_cholerae_O1_biovar_El_Tor_str._N16961_chromosome_I__complete_sequence 32_5554_274990

CONTIG: 230_24045_979741 (24045bp)
		This contig is unaligned. (24045 bp)
		Unaligned bases: 24045  total: 1001973

CONTIG: 726_25472_1315513 (25472bp)
Top Length: 25472  Top ID: 99.99
		One align captures most of this contig: 336450 361920 | 25472 1 | 25471 25472 | 99.99 | gi|15640032|ref|NC_002505.1|_Vibrio_cholerae_O1_biovar_El_Tor_str._N16961_chromosome_I__complete_sequence 726_25472_1315513

CONTIG: 429_70822_2626210 (70822bp)
Top Length: 70822  Top ID: 99.99
		One align captures most of this contig: 1585188 1656008 | 70822 1 | 70821 70822 | 99.99 | gi|15640032|ref|NC_002505.1|_Vibrio_cholerae_O1_biovar_El_Tor_str._N16961_chromosome_I__complete_sequence 429_70822_2626210

CONTIG: 173_961_38193 (961bp)
		This contig is unaligned. (961 bp)
		Unaligned bases: 961  total: 1002934

CONTIG: 784_785_45381_669-_..._700- (785bp)
Top Length: 785  Top ID: 98.22
		One align captures most of this contig: 1511016 1511800 | 785 1 | 785 785 | 98.22 | gi|15640032|ref|NC_002505.1|_Vibrio_cholerae_O1_biovar_El_Tor_str._N16961_chromosome_I__complete_sequence 784_785_45381_669-_..._700-

CONTIG: 470_1174_113957 (1174bp)
Top Length: 1174  Top ID: 99.91
		This contig has 2 significant alignments. [An ambiguously mapped contig]
		Using only first of these alignment (option --ambiguity-usage is set to "one"):
		Alignment: 335338 336511 | 1174 1 | 1174 1174 | 99.91 | gi|15640032|ref|NC_002505.1|_Vibrio_cholerae_O1_biovar_El_Tor_str._N16961_chromosome_I__complete_sequence 470_1174_113957
		Skipping alignment  381772 382945 | 1174 1 | 1174 1174 | 99.49 | gi|15640032|ref|NC_002505.1|_Vibrio_cholerae_O1_biovar_El_Tor_str._N16961_chromosome_I__complete_sequence 470_1174_113957

CONTIG: 778_3336_1395901_138-_652-_625- (3336bp)
Top Length: 3336  Top ID: 100.0
		This contig has 8 significant alignments. [An ambiguously mapped contig]
		Using only first of these alignment (option --ambiguity-usage is set to "one"):
		Alignment: 403564 406899 | 1 3336 | 3336 3336 | 100.0 | gi|15640032|ref|NC_002505.1|_Vibrio_cholerae_O1_biovar_El_Tor_str._N16961_chromosome_I__complete_sequence 778_3336_1395901_138-_652-_625-
		Skipping alignment  325958 329293 | 1 3336 | 3336 3336 | 99.97 | gi|15640032|ref|NC_002505.1|_Vibrio_cholerae_O1_biovar_El_Tor_str._N16961_chromosome_I__complete_sequence 778_3336_1395901_138-_652-_625-
		Skipping alignment  2676272 2679607 | 3336 1 | 3336 3336 | 99.97 | gi|15640032|ref|NC_002505.1|_Vibrio_cholerae_O1_biovar_El_Tor_str._N16961_chromosome_I__complete_sequence 778_3336_1395901_138-_652-_625-
		Skipping alignment  152791 156127 | 1 3336 | 3337 3336 | 99.82 | gi|15640032|ref|NC_002505.1|_Vibrio_cholerae_O1_biovar_El_Tor_str._N16961_chromosome_I__complete_sequence 778_3336_1395901_138-_652-_625-
		Skipping alignment  55549 58884 | 1 3336 | 3336 3336 | 99.79 | gi|15640032|ref|NC_002505.1|_Vibrio_cholerae_O1_biovar_El_Tor_str._N16961_chromosome_I__complete_sequence 778_3336_1395901_138-_652-_625-
		Skipping alignment  764507 767841 | 1 3336 | 3335 3336 | 99.79 | gi|15640032|ref|NC_002505.1|_Vibrio_cholerae_O1_biovar_El_Tor_str._N16961_chromosome_I__complete_sequence 778_3336_1395901_138-_652-_625-
		Skipping alignment  2933677 2937013 | 3336 1 | 3337 3336 | 99.7 | gi|15640032|ref|NC_002505.1|_Vibrio_cholerae_O1_biovar_El_Tor_str._N16961_chromosome_I__complete_sequence 778_3336_1395901_138-_652-_625-
		Skipping alignment  2927929 2931266 | 3336 1 | 3338 3336 | 99.31 | gi|15640032|ref|NC_002505.1|_Vibrio_cholerae_O1_biovar_El_Tor_str._N16961_chromosome_I__complete_sequence 778_3336_1395901_138-_652-_625-

CONTIG: 162_819_33936 (819bp)
		This contig is unaligned. (819 bp)
		Unaligned bases: 819  total: 1003753

CONTIG: 630_603_7321 (603bp)
Top Length: 603  Top ID: 100.0
		One align captures most of this contig: 879861 880463 | 1 603 | 603 603 | 100.0 | gi|15640032|ref|NC_002505.1|_Vibrio_cholerae_O1_biovar_El_Tor_str._N16961_chromosome_I__complete_sequence 630_603_7321

CONTIG: 781_1277_74649_269-_360-_457- (1277bp)
Top Length: 1277  Top ID: 100.0
		One align captures most of this contig: 501728 503004 | 1277 1 | 1277 1277 | 100.0 | gi|15640032|ref|NC_002505.1|_Vibrio_cholerae_O1_biovar_El_Tor_str._N16961_chromosome_I__complete_sequence 781_1277_74649_269-_360-_457-

CONTIG: 298_797_15086 (797bp)
		This contig is unaligned. (797 bp)
		Unaligned bases: 797  total: 1004550

CONTIG: 184_174216_7446071 (174216bp)
Top Length: 174216  Top ID: 99.99
		One align captures most of this contig: 1994161 2168374 | 174216 1 | 174214 174216 | 99.99 | gi|15640032|ref|NC_002505.1|_Vibrio_cholerae_O1_biovar_El_Tor_str._N16961_chromosome_I__complete_sequence 184_174216_7446071

CONTIG: 631_772_29597 (772bp)
		This contig is unaligned. (772 bp)
		Unaligned bases: 772  total: 1005322

Analyzing coverage...
Writing SNPs into /usit/invitro/data/galaxy/master/sabbai/galaxy-dist/database/job_working_directory/000/737/dataset_774_files/contigs_reports/nucmer_output/VC-M-Abyss.used_snps
	Reference gi|15640032|ref|NC_002505.1|_Vibrio_cholerae_O1_biovar_El_Tor_str._N16961_chromosome_I__complete_sequence: 105 total alignments. 1 total regions.
		Region: 1 to 2961149 (2961149 bp)
			Align 1: 1 16769 339_38698_2436580 21930 38698
				Negative gap (overlap) between this and next alignment: 16769 to 16724 (-45 bp)
				Next Alignment: 16724 36101 492_19378_1127060 19378 1

			Previous gap was negative, modifying coordinates to ignore overlap
				Moving contig start from 19378 to 19332.
			Align 2: 16770 36101 492_19378_1127060 19332 1
				Negative gap (overlap) between this and next alignment: 36101 to 36065 (-36 bp)
				Next Alignment: 36065 53583 773_17519_1021579 17519 1

			Previous gap was negative, modifying coordinates to ignore overlap
				Moving contig start from 17519 to 17482.
			Align 3: 36102 53583 773_17519_1021579 17482 1
				Gap between this and next alignment: 53583 to 54004 (420 bp)
				Next Alignment: 54004 55363 175_1360_625497 1 1360

			Align 4: 54004 55363 175_1360_625497 1 1360
				Gap between this and next alignment: 55363 to 58962 (3598 bp)
				Next Alignment: 58962 140994 384_82027_4801332 1 82027

			Align 5: 58962 140994 384_82027_4801332 1 82027
				Negative gap (overlap) between this and next alignment: 140994 to 140944 (-50 bp)
				Next Alignment: 140944 150935 546_9992_525282 9992 1

			Previous gap was negative, modifying coordinates to ignore overlap
				Moving contig start from 9992 to 9941.
			Align 6: 140995 150935 546_9992_525282 9941 1
				Gap between this and next alignment: 150935 to 156236 (5300 bp)
				Next Alignment: 156236 167352 605_11117_637766 11117 1

			Align 7: 156236 167352 605_11117_637766 11117 1
				Gap between this and next alignment: 167352 to 167737 (384 bp)
				Next Alignment: 167737 260551 233_92815_4500889 1 92815

			Align 8: 167737 260551 233_92815_4500889 1 92815
				Gap between this and next alignment: 260551 to 260558 (6 bp)
				Next Alignment: 260558 262290 495_62005_3319999 1 1733

			Align 9: 260558 262290 495_62005_3319999 1 1733
				Negative gap (overlap) between this and next alignment: 262290 to 262290 (0 bp)
				Next Alignment: 262290 263547 783_1258_223243_417-_211+_600+ 1 1258

			Previous gap was negative, modifying coordinates to ignore overlap
				Moving contig start from 1 to 2.
			Align 10: 262291 263547 783_1258_223243_417-_211+_600+ 2 1258
				Negative gap (overlap) between this and next alignment: 263547 to 263546 (-1 bp)
				Next Alignment: 263546 323823 495_62005_3319999 1728 62005

			Previous gap was negative, modifying coordinates to ignore overlap
				Moving contig start from 1728 to 1730.
			Align 11: 263548 323823 495_62005_3319999 1730 62005
				Gap between this and next alignment: 323823 to 329457 (5633 bp)
				Next Alignment: 329457 334879 380_5423_311442 1 5423

			Align 12: 329457 334879 380_5423_311442 1 5423
				Gap between this and next alignment: 334879 to 335338 (458 bp)
				Next Alignment: 335338 336511 470_1174_113957 1174 1

			Align 13: 335338 336511 470_1174_113957 1174 1
				Negative gap (overlap) between this and next alignment: 336511 to 336450 (-61 bp)
				Next Alignment: 336450 361920 726_25472_1315513 25472 1

			Previous gap was negative, modifying coordinates to ignore overlap
				Moving contig start from 25472 to 25410.
			Align 14: 336512 361920 726_25472_1315513 25410 1
				Gap between this and next alignment: 361920 to 362930 (1009 bp)
				Next Alignment: 362930 381833 336_18904_926102 1 18904

			Align 15: 362930 381833 336_18904_926102 1 18904
				Gap between this and next alignment: 381833 to 382884 (1050 bp)
				Next Alignment: 382884 401446 723_18563_1043819 1 18563

			Align 16: 382884 401446 723_18563_1043819 1 18563
				Gap between this and next alignment: 401446 to 403564 (2117 bp)
				Next Alignment: 403564 406899 778_3336_1395901_138-_652-_625- 1 3336

			Align 17: 403564 406899 778_3336_1395901_138-_652-_625- 1 3336
				Gap between this and next alignment: 406899 to 407063 (163 bp)
				Next Alignment: 407063 478462 183_71400_3698115 1 71400

			Align 18: 407063 478462 183_71400_3698115 1 71400
				Gap between this and next alignment: 478462 to 478817 (354 bp)
				Next Alignment: 478817 481358 99_2541_137978 1 2541

			Align 19: 478817 481358 99_2541_137978 1 2541
				Gap between this and next alignment: 481358 to 481512 (153 bp)
				Next Alignment: 481512 486384 603_4873_262715 1 4873

			Align 20: 481512 486384 603_4873_262715 1 4873
				Negative gap (overlap) between this and next alignment: 486384 to 486329 (-55 bp)
				Next Alignment: 486329 501789 382_15461_838822 1 15461

			Previous gap was negative, modifying coordinates to ignore overlap
				Moving contig start from 1 to 57.
			Align 21: 486385 501789 382_15461_838822 57 15461
				Negative gap (overlap) between this and next alignment: 501789 to 501728 (-61 bp)
				Next Alignment: 501728 503004 781_1277_74649_269-_360-_457- 1277 1

			Previous gap was negative, modifying coordinates to ignore overlap
				Moving contig start from 1277 to 1215.
			Align 22: 501790 503004 781_1277_74649_269-_360-_457- 1215 1
				Negative gap (overlap) between this and next alignment: 503004 to 502943 (-61 bp)
				Next Alignment: 502943 525029 724_22087_1062427 1 22087

			Previous gap was negative, modifying coordinates to ignore overlap
				Moving contig start from 1 to 63.
			Align 23: 503005 525029 724_22087_1062427 63 22087
				Gap between this and next alignment: 525029 to 525033 (3 bp)
				Next Alignment: 525033 542475 62_17442_764619 17442 1

			Align 24: 525033 542475 62_17442_764619 17442 1
				Negative gap (overlap) between this and next alignment: 542475 to 542426 (-49 bp)
				Next Alignment: 542426 546630 768_4205_116185 1 4205

			Previous gap was negative, modifying coordinates to ignore overlap
				Moving contig start from 1 to 51.
			Align 25: 542476 546630 768_4205_116185 51 4205
				Negative gap (overlap) between this and next alignment: 546630 to 546581 (-49 bp)
				Next Alignment: 546581 569714 775_23143_1156959 1 23143

			Previous gap was negative, modifying coordinates to ignore overlap
				Moving contig start from 1 to 51.
			Align 26: 546631 569714 775_23143_1156959 51 23143
				Negative gap (overlap) between this and next alignment: 569714 to 569677 (-37 bp)
				Next Alignment: 569677 581029 179_11353_613617 1 11353

			Previous gap was negative, modifying coordinates to ignore overlap
				Moving contig start from 1 to 39.
			Align 27: 569715 581029 179_11353_613617 39 11353
				Gap between this and next alignment: 581029 to 581929 (899 bp)
				Next Alignment: 581929 616786 786_34859_1719546_545+_101+ 34859 1

			Align 28: 581929 616786 786_34859_1719546_545+_101+ 34859 1
				Negative gap (overlap) between this and next alignment: 616786 to 616760 (-26 bp)
				Next Alignment: 616760 638851 229_22094_1072520 22094 1

			Previous gap was negative, modifying coordinates to ignore overlap
				Moving contig start from 22094 to 22067.
			Align 29: 616787 638851 229_22094_1072520 22067 1
				Negative gap (overlap) between this and next alignment: 638851 to 638820 (-31 bp)
				Next Alignment: 638820 683122 494_44303_2156825 44303 1

			Previous gap was negative, modifying coordinates to ignore overlap
				Moving contig start from 44303 to 44271.
			Align 30: 638852 683122 494_44303_2156825 44271 1
				Negative gap (overlap) between this and next alignment: 683122 to 683066 (-56 bp)
				Next Alignment: 683066 762471 340_79406_3945479 79406 1

			Previous gap was negative, modifying coordinates to ignore overlap
				Moving contig start from 79406 to 79349.
			Align 31: 683123 762471 340_79406_3945479 79349 1
				Gap between this and next alignment: 762471 to 767992 (5520 bp)
				Next Alignment: 767992 837563 232_69573_3201840 1 69573

			Align 32: 767992 837563 232_69573_3201840 1 69573
				Negative gap (overlap) between this and next alignment: 837563 to 837563 (0 bp)
				Next Alignment: 837563 865674 144_28113_1252975 1 28113

			Previous gap was negative, modifying coordinates to ignore overlap
				Moving contig start from 1 to 2.
			Align 33: 837564 865674 144_28113_1252975 2 28113
				Gap between this and next alignment: 865674 to 865681 (6 bp)
				Next Alignment: 865681 879782 61_14101_418962 1 14101

			Align 34: 865681 879782 61_14101_418962 1 14101
				Gap between this and next alignment: 879782 to 879861 (78 bp)
				Next Alignment: 879861 880463 630_603_7321 1 603

			Align 35: 879861 880463 630_603_7321 1 603
				Gap between this and next alignment: 880463 to 880579 (115 bp)
				Next Alignment: 880579 881123 57_545_5162 545 1

			Align 36: 880579 881123 57_545_5162 545 1
				Gap between this and next alignment: 881123 to 881434 (310 bp)
				Next Alignment: 881434 888384 604_6951_141772 1 6951

			Align 37: 881434 888384 604_6951_141772 1 6951
				Gap between this and next alignment: 888384 to 888490 (105 bp)
				Next Alignment: 888490 900223 60_11734_262462 1 11734

			Align 38: 888490 900223 60_11734_262462 1 11734
				Gap between this and next alignment: 900223 to 900749 (525 bp)
				Next Alignment: 900749 902020 472_1272_22493 1 1272

			Align 39: 900749 902020 472_1272_22493 1 1272
				Gap between this and next alignment: 902020 to 902022 (1 bp)
				Next Alignment: 902022 904557 276_2536_44476 2536 1

			Align 40: 902022 904557 276_2536_44476 2536 1
				Gap between this and next alignment: 904557 to 904975 (417 bp)
				Next Alignment: 904975 907364 174_2390_39674 2390 1

			Align 41: 904975 907364 174_2390_39674 2390 1
				Gap between this and next alignment: 907364 to 907554 (189 bp)
				Next Alignment: 907554 911019 312_3466_95099 1 3466

			Align 42: 907554 911019 312_3466_95099 1 3466
				Gap between this and next alignment: 911019 to 911157 (137 bp)
				Next Alignment: 911157 935858 549_24703_1137378 24703 1

			Align 43: 911157 935858 549_24703_1137378 24703 1
				Gap between this and next alignment: 935858 to 936298 (439 bp)
				Next Alignment: 936298 952707 143_16410_698953 16410 1

			Align 44: 936298 952707 143_16410_698953 16410 1
				Gap between this and next alignment: 952707 to 952713 (5 bp)
				Next Alignment: 952713 954609 693_1897_85165 1 1897

			Align 45: 952713 954609 693_1897_85165 1 1897
				Negative gap (overlap) between this and next alignment: 954609 to 954597 (-12 bp)
				Next Alignment: 954597 973229 548_18633_808435 18633 1

			Previous gap was negative, modifying coordinates to ignore overlap
				Moving contig start from 18633 to 18620.
			Align 46: 954610 973229 548_18633_808435 18620 1
				Gap between this and next alignment: 973229 to 973712 (482 bp)
				Next Alignment: 973712 990909 383_17198_727877 17198 1

			Align 47: 973712 990909 383_17198_727877 17198 1
				Gap between this and next alignment: 990909 to 990942 (32 bp)
				Next Alignment: 990942 1047977 607_57037_2419276 1 57037

			Align 48: 990942 1047977 607_57037_2419276 1 57037
				Negative gap (overlap) between this and next alignment: 1047977 to 1047962 (-15 bp)
				Next Alignment: 1047962 1053913 277_5952_263477 5952 1

			Previous gap was negative, modifying coordinates to ignore overlap
				Moving contig start from 5952 to 5936.
			Align 49: 1047978 1053913 277_5952_263477 5936 1
				Gap between this and next alignment: 1053913 to 1053949 (35 bp)
				Next Alignment: 1053949 1083529 551_29581_1292711 29581 1

			Align 50: 1053949 1083529 551_29581_1292711 29581 1
				Gap between this and next alignment: 1083529 to 1083626 (96 bp)
				Next Alignment: 1083626 1100090 180_16466_727791 16466 1

			Align 51: 1083626 1100090 180_16466_727791 16466 1
				Negative gap (overlap) between this and next alignment: 1100090 to 1100084 (-6 bp)
				Next Alignment: 1100084 1198653 556_98571_4127506 98571 1

			Previous gap was negative, modifying coordinates to ignore overlap
				Moving contig start from 98571 to 98564.
			Align 52: 1100091 1198653 556_98571_4127506 98564 1
				Gap between this and next alignment: 1198653 to 1198828 (174 bp)
				Next Alignment: 1198828 1294050 785_95224_3951584_146+_608- 1 95224

			Align 53: 1198828 1294050 785_95224_3951584_146+_608- 1 95224
				Gap between this and next alignment: 1294050 to 1294244 (193 bp)
				Next Alignment: 1294244 1310986 142_16743_662055 16743 1

			Align 54: 1294244 1310986 142_16743_662055 16743 1
				Gap between this and next alignment: 1310986 to 1310992 (5 bp)
				Next Alignment: 1310992 1371465 103_60473_2406006 60473 1

			Align 55: 1310992 1371465 103_60473_2406006 60473 1
				Negative gap (overlap) between this and next alignment: 1371465 to 1371409 (-56 bp)
				Next Alignment: 1371409 1374887 760_3479_151070 3479 1

			Previous gap was negative, modifying coordinates to ignore overlap
				Moving contig start from 3479 to 3422.
			Align 56: 1371466 1374887 760_3479_151070 3422 1
				Negative gap (overlap) between this and next alignment: 1374887 to 1374856 (-31 bp)
				Next Alignment: 1374856 1379372 602_4517_174529 4517 1

			Previous gap was negative, modifying coordinates to ignore overlap
				Moving contig start from 4517 to 4485.
			Align 57: 1374888 1379372 602_4517_174529 4485 1
				Gap between this and next alignment: 1379372 to 1379379 (6 bp)
				Next Alignment: 1379379 1484692 665_105316_3899401 105316 1

			Align 58: 1379379 1484692 665_105316_3899401 105316 1
				Negative gap (overlap) between this and next alignment: 1484692 to 1484631 (-61 bp)
				Next Alignment: 1484631 1509562 550_24934_1196491 24934 1

			Previous gap was negative, modifying coordinates to ignore overlap
				Moving contig start from 24934 to 24872.
			Align 59: 1484693 1509562 550_24934_1196491 24872 1
				Negative gap (overlap) between this and next alignment: 1509562 to 1509501 (-61 bp)
				Next Alignment: 1509501 1510345 777_845_68978_17-_..._303- 845 1

			Previous gap was negative, modifying coordinates to ignore overlap
				Moving contig start from 845 to 783.
			Align 60: 1509563 1510345 777_845_68978_17-_..._303- 783 1
				Negative gap (overlap) between this and next alignment: 1510345 to 1510284 (-61 bp)
				Next Alignment: 1510284 1510855 96_572_31266 1 572

			Previous gap was negative, modifying coordinates to ignore overlap
				Moving contig start from 1 to 63.
			Align 61: 1510346 1510855 96_572_31266 63 572
				Gap between this and next alignment: 1510855 to 1511016 (160 bp)
				Next Alignment: 1511016 1511800 784_785_45381_669-_..._700- 785 1

			Align 62: 1511016 1511800 784_785_45381_669-_..._700- 785 1
				Negative gap (overlap) between this and next alignment: 1511800 to 1511739 (-61 bp)
				Next Alignment: 1511739 1563874 729_52137_2409225 1 52137

			Previous gap was negative, modifying coordinates to ignore overlap
				Moving contig start from 1 to 63.
			Align 63: 1511801 1563874 729_52137_2409225 63 52137
				Gap between this and next alignment: 1563874 to 1564486 (611 bp)
				Next Alignment: 1564486 1565874 779_1389_401859_192+_739+_754- 1 1389

			Align 64: 1564486 1565874 779_1389_401859_192+_739+_754- 1 1389
				Negative gap (overlap) between this and next alignment: 1565874 to 1565862 (-12 bp)
				Next Alignment: 1565862 1566484 132_623_79260 623 1

			Previous gap was negative, modifying coordinates to ignore overlap
				Moving contig start from 623 to 610.
			Align 65: 1565875 1566484 132_623_79260 610 1
				Gap between this and next alignment: 1566484 to 1566846 (361 bp)
				Next Alignment: 1566846 1571460 378_4615_325833 1 4615

			Align 66: 1566846 1571460 378_4615_325833 1 4615
				Gap between this and next alignment: 1571460 to 1573704 (2243 bp)
				Next Alignment: 1573704 1574354 599_651_24517 1 651

			Align 67: 1573704 1574354 599_651_24517 1 651
				Negative gap (overlap) between this and next alignment: 1574354 to 1574293 (-61 bp)
				Next Alignment: 1574293 1578273 27_3981_291231 3981 1

			Previous gap was negative, modifying coordinates to ignore overlap
				Moving contig start from 3981 to 3919.
			Align 68: 1574355 1578273 27_3981_291231 3919 1
				Negative gap (overlap) between this and next alignment: 1578273 to 1578270 (-3 bp)
				Next Alignment: 1578270 1579128 134_859_42558 859 1

			Previous gap was negative, modifying coordinates to ignore overlap
				Moving contig start from 859 to 855.
			Align 69: 1578274 1579128 134_859_42558 855 1
				Gap between this and next alignment: 1579128 to 1585188 (6059 bp)
				Next Alignment: 1585188 1656008 429_70822_2626210 70822 1

			Align 70: 1585188 1656008 429_70822_2626210 70822 1
				Negative gap (overlap) between this and next alignment: 1656008 to 1655973 (-35 bp)
				Next Alignment: 1655973 1683939 727_27970_1076025 27970 1

			Previous gap was negative, modifying coordinates to ignore overlap
				Moving contig start from 27970 to 27934.
			Align 71: 1656009 1683939 727_27970_1076025 27934 1
				Negative gap (overlap) between this and next alignment: 1683939 to 1683917 (-22 bp)
				Next Alignment: 1683917 1714526 145_30609_1124627 30609 1

			Previous gap was negative, modifying coordinates to ignore overlap
				Moving contig start from 30609 to 30586.
			Align 72: 1683940 1714526 145_30609_1124627 30586 1
				Gap between this and next alignment: 1714526 to 1714528 (1 bp)
				Next Alignment: 1714528 1736731 279_22204_822108 22204 1

			Align 73: 1714528 1736731 279_22204_822108 22204 1
				Gap between this and next alignment: 1736731 to 1739007 (2275 bp)
				Next Alignment: 1739007 1745216 710_6210_217698 6210 1

			Align 74: 1739007 1745216 710_6210_217698 6210 1
				Negative gap (overlap) between this and next alignment: 1745216 to 1745181 (-35 bp)
				Next Alignment: 1745181 1763674 772_18495_706220 1 18495

			Previous gap was negative, modifying coordinates to ignore overlap
				Moving contig start from 1 to 37.
			Align 75: 1745217 1763674 772_18495_706220 37 18495
				Negative gap (overlap) between this and next alignment: 1763674 to 1763633 (-41 bp)
				Next Alignment: 1763633 1775167 381_11536_405252 11536 1

			Previous gap was negative, modifying coordinates to ignore overlap
				Moving contig start from 11536 to 11494.
			Align 76: 1763675 1775167 381_11536_405252 11494 1
				Gap between this and next alignment: 1775167 to 1775169 (1 bp)
				Next Alignment: 1775169 1778571 309_3403_111484 1 3403

			Align 77: 1775169 1778571 309_3403_111484 1 3403
				Negative gap (overlap) between this and next alignment: 1778571 to 1778513 (-58 bp)
				Next Alignment: 1778513 1785374 227_6862_257419 1 6862

			Previous gap was negative, modifying coordinates to ignore overlap
				Moving contig start from 1 to 60.
			Align 78: 1778572 1785374 227_6862_257419 60 6862
				Gap between this and next alignment: 1785374 to 1785599 (224 bp)
				Next Alignment: 1785599 1895898 776_110305_4408048 1 110305

			Align 79: 1785599 1895898 776_110305_4408048 1 110305
				Gap between this and next alignment: 1895898 to 1895921 (22 bp)
				Next Alignment: 1895921 1909126 660_13205_383299 13205 1

			Align 80: 1895921 1909126 660_13205_383299 13205 1
				Gap between this and next alignment: 1909126 to 1909231 (104 bp)
				Next Alignment: 1909231 1913154 176_3924_126123 3924 1

			Align 81: 1909231 1913154 176_3924_126123 3924 1
				Gap between this and next alignment: 1913154 to 1913220 (65 bp)
				Next Alignment: 1913220 1936788 725_23570_723196 1 23570

			Align 82: 1913220 1936788 725_23570_723196 1 23570
				Negative gap (overlap) between this and next alignment: 1936788 to 1936727 (-61 bp)
				Next Alignment: 1936727 1937569 267_843_33497 1 843

			Previous gap was negative, modifying coordinates to ignore overlap
				Moving contig start from 1 to 63.
			Align 83: 1936789 1937569 267_843_33497 63 843
				Gap between this and next alignment: 1937569 to 1938708 (1138 bp)
				Next Alignment: 1938708 1948093 655_9386_292136 1 9386

			Align 84: 1938708 1948093 655_9386_292136 1 9386
				Gap between this and next alignment: 1948093 to 1948175 (81 bp)
				Next Alignment: 1948175 1951727 705_3553_92198 1 3553

			Align 85: 1948175 1951727 705_3553_92198 1 3553
				Gap between this and next alignment: 1951727 to 1951843 (115 bp)
				Next Alignment: 1951843 1960951 782_9109_338558_337+_743-_426- 9109 1

			Align 86: 1951843 1960951 782_9109_338558_337+_743-_426- 9109 1
				Gap between this and next alignment: 1960951 to 1961088 (136 bp)
				Next Alignment: 1961088 1984624 661_23537_938646 23537 1

			Align 87: 1961088 1984624 661_23537_938646 23537 1
				Gap between this and next alignment: 1984624 to 1984642 (17 bp)
				Next Alignment: 1984642 1992456 178_7816_313640 1 7816

			Align 88: 1984642 1992456 178_7816_313640 1 7816
				Negative gap (overlap) between this and next alignment: 1992456 to 1992442 (-14 bp)
				Next Alignment: 1992442 1994066 313_1625_45130 1 1625

			Previous gap was negative, modifying coordinates to ignore overlap
				Moving contig start from 1 to 16.
			Align 89: 1992457 1994066 313_1625_45130 16 1625
				Gap between this and next alignment: 1994066 to 1994161 (94 bp)
				Next Alignment: 1994161 2168374 184_174216_7446071 174216 1

			Align 90: 1994161 2168374 184_174216_7446071 174216 1
				Gap between this and next alignment: 2168374 to 2168464 (89 bp)
				Next Alignment: 2168464 2199544 663_31082_1474840 1 31082

			Align 91: 2168464 2199544 663_31082_1474840 1 31082
				Negative gap (overlap) between this and next alignment: 2199544 to 2199514 (-30 bp)
				Next Alignment: 2199514 2320697 280_121183_5657961 121183 1

			Previous gap was negative, modifying coordinates to ignore overlap
				Moving contig start from 121183 to 121152.
			Align 92: 2199545 2320697 280_121183_5657961 121152 1
				Gap between this and next alignment: 2320697 to 2320704 (6 bp)
				Next Alignment: 2320704 2330966 764_10263_472236 1 10263

			Align 93: 2320704 2330966 764_10263_472236 1 10263
				Gap between this and next alignment: 2330966 to 2332626 (1659 bp)
				Next Alignment: 2332626 2375685 554_43062_1990450 1 43062

			Align 94: 2332626 2375685 554_43062_1990450 1 43062
				Negative gap (overlap) between this and next alignment: 2375685 to 2375640 (-45 bp)
				Next Alignment: 2375640 2420223 181_44584_2103836 1 44584

			Previous gap was negative, modifying coordinates to ignore overlap
				Moving contig start from 1 to 47.
			Align 95: 2375686 2420223 181_44584_2103836 47 44584
				Negative gap (overlap) between this and next alignment: 2420223 to 2420178 (-45 bp)
				Next Alignment: 2420178 2476157 555_55980_2722713 1 55980

			Previous gap was negative, modifying coordinates to ignore overlap
				Moving contig start from 1 to 47.
			Align 96: 2420224 2476157 555_55980_2722713 47 55980
				Negative gap (overlap) between this and next alignment: 2476157 to 2476142 (-15 bp)
				Next Alignment: 2476142 2478817 601_2676_128603 1 2676

			Previous gap was negative, modifying coordinates to ignore overlap
				Moving contig start from 1 to 17.
			Align 97: 2476158 2478817 601_2676_128603 17 2676
				Negative gap (overlap) between this and next alignment: 2478817 to 2478759 (-58 bp)
				Next Alignment: 2478759 2484312 32_5554_274990 1 5554

			Previous gap was negative, modifying coordinates to ignore overlap
				Moving contig start from 1 to 60.
			Align 98: 2478818 2484312 32_5554_274990 60 5554
				Negative gap (overlap) between this and next alignment: 2484312 to 2484292 (-20 bp)
				Next Alignment: 2484292 2551468 730_67178_3250385 67178 1

			Previous gap was negative, modifying coordinates to ignore overlap
				Moving contig start from 67178 to 67157.
			Align 99: 2484313 2551468 730_67178_3250385 67157 1
				Gap between this and next alignment: 2551468 to 2552242 (773 bp)
				Next Alignment: 2552242 2661446 557_109208_5713807 1 109208

			Align 100: 2552242 2661446 557_109208_5713807 1 109208
				Negative gap (overlap) between this and next alignment: 2661446 to 2661399 (-47 bp)
				Next Alignment: 2661399 2676297 100_14899_822599 14899 1

			Previous gap was negative, modifying coordinates to ignore overlap
				Moving contig start from 14899 to 14851.
			Align 101: 2661447 2676297 100_14899_822599 14851 1
				Gap between this and next alignment: 2676297 to 2681702 (5404 bp)
				Next Alignment: 2681702 2707418 662_25717_1437656 25717 1

			Align 102: 2681702 2707418 662_25717_1437656 25717 1
				Negative gap (overlap) between this and next alignment: 2707418 to 2707364 (-54 bp)
				Next Alignment: 2707364 2885480 732_178118_9622177 1 178118

			Previous gap was negative, modifying coordinates to ignore overlap
				Moving contig start from 1 to 56.
			Align 103: 2707419 2885480 732_178118_9622177 56 178118
				Negative gap (overlap) between this and next alignment: 2885480 to 2885422 (-58 bp)
				Next Alignment: 2885422 2927818 664_42398_2481077 42398 1

			Previous gap was negative, modifying coordinates to ignore overlap
				Moving contig start from 42398 to 42339.
			Align 104: 2885481 2927818 664_42398_2481077 42339 1
				Gap between this and next alignment: 2927818 to 2939221 (11402 bp)
				Next Alignment: 2939221 2961149 339_38698_2436580 1 21929

			Align 105: 2939221 2961149 339_38698_2436580 1 21929
			END in current alignment.  Modifying 2961149 to 2961149.

Analysis is finished!
Founded SNPs were written into /usit/invitro/data/galaxy/master/sabbai/galaxy-dist/database/job_working_directory/000/737/dataset_774_files/contigs_reports/nucmer_output/VC-M-Abyss.used_snps

Results:
	Local Misassemblies: 0
	Misassemblies: 1
		Relocations: 1
		Translocations: 0
		Inversions: 0
	Misassembled Contigs: 1
	Misassembled Contig Bases: 62005
	Misassmblies Inter-Contig Overlap: 6
Uncovered Regions: 0 (0)
Unaligned Contigs: 93 + 0 part
Partially Unaligned Contigs with Misassemblies: 0
Unaligned Contig Bases: 1005322

Ambiguously Mapped Contigs: 8
Total Bases in Ambiguously Mapped Contigs: 13980
Note that --allow-ambiguity option was set to "one" and only first alignment per each contig was used.

	Covered Bases: 2897692

	SNPs: 93
	Insertions: 53
	Deletions: 17

	Positive Gaps: 60
		Internal Gaps:  0
		External Gaps:  60
		External Gap Total:  63457
		External Gap Average: 1058
	Negative Gaps: 44
		Internal Overlaps:  0
		External Overlaps:  44
		External Overlaps Total: -1696
		External Overlaps Average: -39
	Contigs with Redundant Alignments: 0 (0)
