Aligning contigs to reference...
	Running Nucmer...
Parsing coords...
Loading Assembly...
Loading reference...
	Loaded [gi|15640032|ref|NC_002505.1|_Vibrio_cholerae_O1_biovar_El_Tor_str._N16961_chromosome_I__complete_sequence]
Loading SNPs...
Loading regions...
	No regions given, using whole reference.
	Total Regions: 1
	Total Region Length: 2961149
Analyzing contigs...
CONTIG: ctg7180000002697 (20248bp)
Top Length: 20248  Top ID: 99.91
		Marking as insignificant: 2933011 2933481 | 1 452 | 471 452 | 95.75 | gi|15640032|ref|NC_002505.1|_Vibrio_cholerae_O1_biovar_El_Tor_str._N16961_chromosome_I__complete_sequence ctg7180000002697
		Marking as insignificant: 150876 151327 | 452 1 | 452 452 | 99.78 | gi|15640032|ref|NC_002505.1|_Vibrio_cholerae_O1_biovar_El_Tor_str._N16961_chromosome_I__complete_sequence ctg7180000002697
		Marking as insignificant: 2681150 2681685 | 1 536 | 536 536 | 96.11 | gi|15640032|ref|NC_002505.1|_Vibrio_cholerae_O1_biovar_El_Tor_str._N16961_chromosome_I__complete_sequence ctg7180000002697
		Marking as insignificant: 2938733 2939262 | 1 531 | 530 531 | 98.5 | gi|15640032|ref|NC_002505.1|_Vibrio_cholerae_O1_biovar_El_Tor_str._N16961_chromosome_I__complete_sequence ctg7180000002697
		Marking as insignificant: 323659 324415 | 738 1 | 757 738 | 95.9 | gi|15640032|ref|NC_002505.1|_Vibrio_cholerae_O1_biovar_El_Tor_str._N16961_chromosome_I__complete_sequence ctg7180000002697
		Marking as insignificant: 335338 336511 | 20248 19075 | 1174 1174 | 99.32 | gi|15640032|ref|NC_002505.1|_Vibrio_cholerae_O1_biovar_El_Tor_str._N16961_chromosome_I__complete_sequence ctg7180000002697
		One align captures most of this contig: 381772 402019 | 20248 1 | 20248 20248 | 99.91 | gi|15640032|ref|NC_002505.1|_Vibrio_cholerae_O1_biovar_El_Tor_str._N16961_chromosome_I__complete_sequence ctg7180000002697

CONTIG: ctg7180000002696 (74254bp)
Top Length: 74254  Top ID: 99.89
		Marking as insignificant: 2933645 2933794 | 74105 74254 | 150 150 | 99.33 | gi|15640032|ref|NC_002505.1|_Vibrio_cholerae_O1_biovar_El_Tor_str._N16961_chromosome_I__complete_sequence ctg7180000002696
		Marking as insignificant: 156010 156165 | 74254 74099 | 156 156 | 100.0 | gi|15640032|ref|NC_002505.1|_Vibrio_cholerae_O1_biovar_El_Tor_str._N16961_chromosome_I__complete_sequence ctg7180000002696
		Marking as insignificant: 2676233 2676389 | 74097 74254 | 157 158 | 99.37 | gi|15640032|ref|NC_002505.1|_Vibrio_cholerae_O1_biovar_El_Tor_str._N16961_chromosome_I__complete_sequence ctg7180000002696
		Marking as insignificant: 2927790 2928046 | 73998 74254 | 257 257 | 99.61 | gi|15640032|ref|NC_002505.1|_Vibrio_cholerae_O1_biovar_El_Tor_str._N16961_chromosome_I__complete_sequence ctg7180000002696
		Marking as insignificant: 406782 407038 | 74254 73998 | 257 257 | 100.0 | gi|15640032|ref|NC_002505.1|_Vibrio_cholerae_O1_biovar_El_Tor_str._N16961_chromosome_I__complete_sequence ctg7180000002696
		Marking as insignificant: 329176 329432 | 74254 73998 | 257 257 | 100.0 | gi|15640032|ref|NC_002505.1|_Vibrio_cholerae_O1_biovar_El_Tor_str._N16961_chromosome_I__complete_sequence ctg7180000002696
		One align captures most of this contig: 58767 133020 | 74254 1 | 74254 74254 | 99.89 | gi|15640032|ref|NC_002505.1|_Vibrio_cholerae_O1_biovar_El_Tor_str._N16961_chromosome_I__complete_sequence ctg7180000002696

CONTIG: ctg7180000002695 (86184bp)
Top Length: 60626  Top ID: 99.9
		Skipping redundant alignment 53542 53844 | 303 1 | 303 303 | 95.74 | gi|15640032|ref|NC_002505.1|_Vibrio_cholerae_O1_biovar_El_Tor_str._N16961_chromosome_I__complete_sequence ctg7180000002695
		Skipping redundant alignment 2933258 2933481 | 1 224 | 224 224 | 100.0 | gi|15640032|ref|NC_002505.1|_Vibrio_cholerae_O1_biovar_El_Tor_str._N16961_chromosome_I__complete_sequence ctg7180000002695
		Skipping redundant alignment 935797 935981 | 62477 62292 | 185 186 | 98.39 | gi|15640032|ref|NC_002505.1|_Vibrio_cholerae_O1_biovar_El_Tor_str._N16961_chromosome_I__complete_sequence ctg7180000002695
		This contig is misassembled. 5 total aligns.
			Real Alignment 1: 236727 262290 | 86184 60621 | 25564 25564 | 99.95 | gi|15640032|ref|NC_002505.1|_Vibrio_cholerae_O1_biovar_El_Tor_str._N16961_chromosome_I__complete_sequence ctg7180000002695
			  Extensive misassembly ( relocation, inconsistency = 1261 ) between these two alignments
			Real Alignment 2: 263546 324168 | 60626 1 | 60623 60626 | 99.9 | gi|15640032|ref|NC_002505.1|_Vibrio_cholerae_O1_biovar_El_Tor_str._N16961_chromosome_I__complete_sequence ctg7180000002695

CONTIG: ctg7180000002694 (3248bp)
		This contig is unaligned. (3248 bp)
		Unaligned bases: 3248  total: 3248

CONTIG: ctg7180000002693 (1460bp)
		This contig is unaligned. (1460 bp)
		Unaligned bases: 1460  total: 4708

CONTIG: ctg7180000002692 (2609bp)
		This contig is unaligned. (2609 bp)
		Unaligned bases: 2609  total: 7317

CONTIG: ctg7180000002691 (7264bp)
Top Length: 130  Top ID: 100.0
		This contig is partially unaligned. (130 out of 7264)
		Alignment: 1936727 1936856 | 130 1 | 130 130 | 100.0 | gi|15640032|ref|NC_002505.1|_Vibrio_cholerae_O1_biovar_El_Tor_str._N16961_chromosome_I__complete_sequence ctg7180000002691
		Unaligned bases: 131 to 7264 (7134)

CONTIG: ctg7180000002690 (85155bp)
Top Length: 85155  Top ID: 99.9
		Marking as insignificant: 2375624 2375701 | 14721 14644 | 78 78 | 100.0 | gi|15640032|ref|NC_002505.1|_Vibrio_cholerae_O1_biovar_El_Tor_str._N16961_chromosome_I__complete_sequence ctg7180000002690
		Marking as insignificant: 2199483 2199611 | 3415 3546 | 129 132 | 95.45 | gi|15640032|ref|NC_002505.1|_Vibrio_cholerae_O1_biovar_El_Tor_str._N16961_chromosome_I__complete_sequence ctg7180000002690
		Marking as insignificant: 2927891 2931266 | 3375 1 | 3376 3375 | 99.17 | gi|15640032|ref|NC_002505.1|_Vibrio_cholerae_O1_biovar_El_Tor_str._N16961_chromosome_I__complete_sequence ctg7180000002690
		Marking as insignificant: 2933645 2937013 | 3369 1 | 3369 3369 | 99.53 | gi|15640032|ref|NC_002505.1|_Vibrio_cholerae_O1_biovar_El_Tor_str._N16961_chromosome_I__complete_sequence ctg7180000002690
		Marking as insignificant: 764507 767875 | 1 3371 | 3369 3371 | 99.64 | gi|15640032|ref|NC_002505.1|_Vibrio_cholerae_O1_biovar_El_Tor_str._N16961_chromosome_I__complete_sequence ctg7180000002690
		Marking as insignificant: 55549 58922 | 1 3375 | 3374 3375 | 99.64 | gi|15640032|ref|NC_002505.1|_Vibrio_cholerae_O1_biovar_El_Tor_str._N16961_chromosome_I__complete_sequence ctg7180000002690
		Marking as insignificant: 2676238 2679607 | 3371 1 | 3370 3371 | 99.82 | gi|15640032|ref|NC_002505.1|_Vibrio_cholerae_O1_biovar_El_Tor_str._N16961_chromosome_I__complete_sequence ctg7180000002690
		Marking as insignificant: 325958 329331 | 1 3375 | 3374 3375 | 99.82 | gi|15640032|ref|NC_002505.1|_Vibrio_cholerae_O1_biovar_El_Tor_str._N16961_chromosome_I__complete_sequence ctg7180000002690
		Marking as insignificant: 403564 406937 | 1 3375 | 3374 3375 | 99.85 | gi|15640032|ref|NC_002505.1|_Vibrio_cholerae_O1_biovar_El_Tor_str._N16961_chromosome_I__complete_sequence ctg7180000002690
		One align captures most of this contig: 152791 237946 | 1 85155 | 85156 85155 | 99.9 | gi|15640032|ref|NC_002505.1|_Vibrio_cholerae_O1_biovar_El_Tor_str._N16961_chromosome_I__complete_sequence ctg7180000002690

CONTIG: jtg7180000002663f_7180000002664f_7180000002665f_7180000002666f (555664bp)
Top Length: 555664  Top ID: 99.93
		Marking as insignificant: 156205 156336 | 350121 349993 | 132 129 | 95.45 | gi|15640032|ref|NC_002505.1|_Vibrio_cholerae_O1_biovar_El_Tor_str._N16961_chromosome_I__complete_sequence jtg7180000002663f_7180000002664f_7180000002665f_7180000002666f
		Marking as insignificant: 1379312 1379439 | 65219 65346 | 128 128 | 96.88 | gi|15640032|ref|NC_002505.1|_Vibrio_cholerae_O1_biovar_El_Tor_str._N16961_chromosome_I__complete_sequence jtg7180000002663f_7180000002664f_7180000002665f_7180000002666f
		Marking as insignificant: 569610 569738 | 228843 228971 | 129 129 | 98.45 | gi|15640032|ref|NC_002505.1|_Vibrio_cholerae_O1_biovar_El_Tor_str._N16961_chromosome_I__complete_sequence jtg7180000002663f_7180000002664f_7180000002665f_7180000002666f
		Marking as insignificant: 952646 952773 | 228843 228970 | 128 128 | 100.0 | gi|15640032|ref|NC_002505.1|_Vibrio_cholerae_O1_biovar_El_Tor_str._N16961_chromosome_I__complete_sequence jtg7180000002663f_7180000002664f_7180000002665f_7180000002666f
		Marking as insignificant: 569608 569739 | 65217 65348 | 132 132 | 96.97 | gi|15640032|ref|NC_002505.1|_Vibrio_cholerae_O1_biovar_El_Tor_str._N16961_chromosome_I__complete_sequence jtg7180000002663f_7180000002664f_7180000002665f_7180000002666f
		Marking as insignificant: 1379311 1379439 | 228842 228970 | 129 129 | 100.0 | gi|15640032|ref|NC_002505.1|_Vibrio_cholerae_O1_biovar_El_Tor_str._N16961_chromosome_I__complete_sequence jtg7180000002663f_7180000002664f_7180000002665f_7180000002666f
		Marking as insignificant: 952641 952773 | 65213 65346 | 133 134 | 96.27 | gi|15640032|ref|NC_002505.1|_Vibrio_cholerae_O1_biovar_El_Tor_str._N16961_chromosome_I__complete_sequence jtg7180000002663f_7180000002664f_7180000002665f_7180000002666f
		One align captures most of this contig: 1993945 2549591 | 555664 1 | 555647 555664 | 99.93 | gi|15640032|ref|NC_002505.1|_Vibrio_cholerae_O1_biovar_El_Tor_str._N16961_chromosome_I__complete_sequence jtg7180000002663f_7180000002664f_7180000002665f_7180000002666f

CONTIG: ctg7180000002699 (1349bp)
Top Length: 1349  Top ID: 99.85
		Marking as insignificant: 1566630 1566857 | 1349 1122 | 228 228 | 99.56 | gi|15640032|ref|NC_002505.1|_Vibrio_cholerae_O1_biovar_El_Tor_str._N16961_chromosome_I__complete_sequence ctg7180000002699
		Marking as insignificant: 1579144 1579745 | 602 1 | 602 602 | 100.0 | gi|15640032|ref|NC_002505.1|_Vibrio_cholerae_O1_biovar_El_Tor_str._N16961_chromosome_I__complete_sequence ctg7180000002699
		One align captures most of this contig: 1573546 1574894 | 1349 1 | 1349 1349 | 99.85 | gi|15640032|ref|NC_002505.1|_Vibrio_cholerae_O1_biovar_El_Tor_str._N16961_chromosome_I__complete_sequence ctg7180000002699

CONTIG: ctg7180000002698 (2300bp)
Top Length: 1260  Top ID: 99.6
		Skipping redundant alignments after choosing the best set of alignments
		Skipping [1571577][1572839] redundant alignment 1571577 1572839 | 1 1260 | 1263 1260 | 98.89 | gi|15640032|ref|NC_002505.1|_Vibrio_cholerae_O1_biovar_El_Tor_str._N16961_chromosome_I__complete_sequence ctg7180000002698
		Skipping [1573283][1573466] redundant alignment 1573283 1573466 | 1714 1898 | 184 185 | 98.92 | gi|15640032|ref|NC_002505.1|_Vibrio_cholerae_O1_biovar_El_Tor_str._N16961_chromosome_I__complete_sequence ctg7180000002698
		Skipping [1573612][1573747] redundant alignment 1573612 1573747 | 2165 2300 | 136 136 | 97.06 | gi|15640032|ref|NC_002505.1|_Vibrio_cholerae_O1_biovar_El_Tor_str._N16961_chromosome_I__complete_sequence ctg7180000002698
		This contig is misassembled. 6 total aligns.
			Real Alignment 1: 1564664 1565923 | 1 1260 | 1260 1260 | 99.6 | gi|15640032|ref|NC_002505.1|_Vibrio_cholerae_O1_biovar_El_Tor_str._N16961_chromosome_I__complete_sequence ctg7180000002698
			  Overlap between these two alignments (local misassembly). Inconsistency = -10
			Real Alignment 2: 1566367 1566550 | 1714 1898 | 184 185 | 98.92 | gi|15640032|ref|NC_002505.1|_Vibrio_cholerae_O1_biovar_El_Tor_str._N16961_chromosome_I__complete_sequence ctg7180000002698
			  Overlap between these two alignments (local misassembly). Inconsistency = -121
			Real Alignment 3: 1566696 1566831 | 2165 2300 | 136 136 | 97.06 | gi|15640032|ref|NC_002505.1|_Vibrio_cholerae_O1_biovar_El_Tor_str._N16961_chromosome_I__complete_sequence ctg7180000002698

CONTIG: ctg7180000002292 (878bp)
Top Length: 878  Top ID: 99.77
		One align captures most of this contig: 428789 429666 | 1 878 | 878 878 | 99.77 | gi|15640032|ref|NC_002505.1|_Vibrio_cholerae_O1_biovar_El_Tor_str._N16961_chromosome_I__complete_sequence ctg7180000002292

CONTIG: ctg7180000002598 (1185bp)
		This contig is unaligned. (1185 bp)
		Unaligned bases: 1185  total: 8502

CONTIG: ctg7180000002599 (896bp)
		This contig is unaligned. (896 bp)
		Unaligned bases: 896  total: 9398

CONTIG: ctg7180000002618 (1682bp)
		This contig is unaligned. (1682 bp)
		Unaligned bases: 1682  total: 11080

CONTIG: ctg7180000002617 (3271bp)
		This contig is unaligned. (3271 bp)
		Unaligned bases: 3271  total: 14351

CONTIG: ctg7180000002616 (3120bp)
		This contig is unaligned. (3120 bp)
		Unaligned bases: 3120  total: 17471

CONTIG: ctg7180000002596 (1042bp)
		This contig is unaligned. (1042 bp)
		Unaligned bases: 1042  total: 18513

CONTIG: ctg7180000002610 (948bp)
		This contig is unaligned. (948 bp)
		Unaligned bases: 948  total: 19461

CONTIG: jtg7180000002311r_7180000002637f (14942bp)
		This contig is unaligned. (14942 bp)
		Unaligned bases: 14942  total: 34403

CONTIG: jtg7180000002713f_7180000002627f (108966bp)
Top Length: 108966  Top ID: 99.95
		Marking as insignificant: 1584091 1584390 | 108966 108667 | 300 300 | 100.0 | gi|15640032|ref|NC_002505.1|_Vibrio_cholerae_O1_biovar_El_Tor_str._N16961_chromosome_I__complete_sequence jtg7180000002713f_7180000002627f
		Marking as insignificant: 263248 263547 | 108966 108667 | 300 300 | 100.0 | gi|15640032|ref|NC_002505.1|_Vibrio_cholerae_O1_biovar_El_Tor_str._N16961_chromosome_I__complete_sequence jtg7180000002713f_7180000002627f
		One align captures most of this contig: 1828847 1937810 | 1 108966 | 108964 108966 | 99.95 | gi|15640032|ref|NC_002505.1|_Vibrio_cholerae_O1_biovar_El_Tor_str._N16961_chromosome_I__complete_sequence jtg7180000002713f_7180000002627f

CONTIG: jtg7180000002650f_7180000002651f (79323bp)
Top Length: 592  Top ID: 98.99
		Skipping redundant alignment 260469 260619 | 1 150 | 151 150 | 98.01 | gi|15640032|ref|NC_002505.1|_Vibrio_cholerae_O1_biovar_El_Tor_str._N16961_chromosome_I__complete_sequence jtg7180000002650f_7180000002651f
		Skipping redundant alignment 2707358 2707485 | 62767 62894 | 128 128 | 97.66 | gi|15640032|ref|NC_002505.1|_Vibrio_cholerae_O1_biovar_El_Tor_str._N16961_chromosome_I__complete_sequence jtg7180000002650f_7180000002651f
		Skipping redundant alignment 2484247 2484374 | 62767 62894 | 128 128 | 96.88 | gi|15640032|ref|NC_002505.1|_Vibrio_cholerae_O1_biovar_El_Tor_str._N16961_chromosome_I__complete_sequence jtg7180000002650f_7180000002651f
		Skipping redundant alignments after choosing the best set of alignments
		Skipping [569610][569737] redundant alignment 569610 569737 | 62894 62767 | 128 128 | 98.44 | gi|15640032|ref|NC_002505.1|_Vibrio_cholerae_O1_biovar_El_Tor_str._N16961_chromosome_I__complete_sequence jtg7180000002650f_7180000002651f
		Skipping [1379312][1379439] redundant alignment 1379312 1379439 | 62894 62767 | 128 128 | 98.44 | gi|15640032|ref|NC_002505.1|_Vibrio_cholerae_O1_biovar_El_Tor_str._N16961_chromosome_I__complete_sequence jtg7180000002650f_7180000002651f
		Skipping [2320636][2320763] redundant alignment 2320636 2320763 | 62767 62894 | 128 128 | 98.44 | gi|15640032|ref|NC_002505.1|_Vibrio_cholerae_O1_biovar_El_Tor_str._N16961_chromosome_I__complete_sequence jtg7180000002650f_7180000002651f
		This contig is misassembled. 8 total aligns.
			Warning! This contig is more unaligned than misassembled. Contig length is 79323 and total length of all aligns is 721
		Alignment: 935832 936423 | 1 592 | 592 592 | 98.99 | gi|15640032|ref|NC_002505.1|_Vibrio_cholerae_O1_biovar_El_Tor_str._N16961_chromosome_I__complete_sequence jtg7180000002650f_7180000002651f
		Alignment: 952645 952773 | 62895 62767 | 129 129 | 98.45 | gi|15640032|ref|NC_002505.1|_Vibrio_cholerae_O1_biovar_El_Tor_str._N16961_chromosome_I__complete_sequence jtg7180000002650f_7180000002651f
		Unaligned bases: 78602
		This contig has both significant aligned and unaligned parts (of length >= min-contig)!
CONTIG: jtg7180000002674f_7180000002675f_7180000002676f (236373bp)
Top Length: 199038  Top ID: 99.93
		Skipping redundant alignment 260469 260619 | 1 150 | 151 150 | 98.01 | gi|15640032|ref|NC_002505.1|_Vibrio_cholerae_O1_biovar_El_Tor_str._N16961_chromosome_I__complete_sequence jtg7180000002674f_7180000002675f_7180000002676f
		Skipping redundant alignment 2484247 2484380 | 16941 16809 | 134 133 | 96.27 | gi|15640032|ref|NC_002505.1|_Vibrio_cholerae_O1_biovar_El_Tor_str._N16961_chromosome_I__complete_sequence jtg7180000002674f_7180000002675f_7180000002676f
		Skipping redundant alignment 1379312 1379440 | 16814 16942 | 129 129 | 100.0 | gi|15640032|ref|NC_002505.1|_Vibrio_cholerae_O1_biovar_El_Tor_str._N16961_chromosome_I__complete_sequence jtg7180000002674f_7180000002675f_7180000002676f
		Skipping redundant alignment 2320636 2320763 | 16941 16814 | 128 128 | 100.0 | gi|15640032|ref|NC_002505.1|_Vibrio_cholerae_O1_biovar_El_Tor_str._N16961_chromosome_I__complete_sequence jtg7180000002674f_7180000002675f_7180000002676f
		Skipping redundant alignment 569610 569737 | 16814 16941 | 128 128 | 98.44 | gi|15640032|ref|NC_002505.1|_Vibrio_cholerae_O1_biovar_El_Tor_str._N16961_chromosome_I__complete_sequence jtg7180000002674f_7180000002675f_7180000002676f
		Skipping redundant alignment 1100022 1100206 | 18833 18649 | 185 185 | 95.14 | gi|15640032|ref|NC_002505.1|_Vibrio_cholerae_O1_biovar_El_Tor_str._N16961_chromosome_I__complete_sequence jtg7180000002674f_7180000002675f_7180000002676f
		Skipping redundant alignment 334929 335017 | 37424 37336 | 89 89 | 100.0 | gi|15640032|ref|NC_002505.1|_Vibrio_cholerae_O1_biovar_El_Tor_str._N16961_chromosome_I__complete_sequence jtg7180000002674f_7180000002675f_7180000002676f
		Skipping redundant alignment 334929 335020 | 37593 37502 | 92 92 | 100.0 | gi|15640032|ref|NC_002505.1|_Vibrio_cholerae_O1_biovar_El_Tor_str._N16961_chromosome_I__complete_sequence jtg7180000002674f_7180000002675f_7180000002676f
		Skipping redundant alignment 334929 335018 | 37763 37674 | 90 90 | 100.0 | gi|15640032|ref|NC_002505.1|_Vibrio_cholerae_O1_biovar_El_Tor_str._N16961_chromosome_I__complete_sequence jtg7180000002674f_7180000002675f_7180000002676f
		Skipping redundant alignment 616664 616861 | 164211 164014 | 198 198 | 95.45 | gi|15640032|ref|NC_002505.1|_Vibrio_cholerae_O1_biovar_El_Tor_str._N16961_chromosome_I__complete_sequence jtg7180000002674f_7180000002675f_7180000002676f
		Skipping redundant alignment 954481 954665 | 164211 164027 | 185 185 | 95.14 | gi|15640032|ref|NC_002505.1|_Vibrio_cholerae_O1_biovar_El_Tor_str._N16961_chromosome_I__complete_sequence jtg7180000002674f_7180000002675f_7180000002676f
		This contig is misassembled. 13 total aligns.
			Real Alignment 1: 935832 973656 | 1 37824 | 37825 37824 | 99.92 | gi|15640032|ref|NC_002505.1|_Vibrio_cholerae_O1_biovar_El_Tor_str._N16961_chromosome_I__complete_sequence jtg7180000002674f_7180000002675f_7180000002676f
			  Gap between these two alignments (local misassembly). Inconsistency = 169
			Real Alignment 2: 973337 1172367 | 37336 236373 | 199031 199038 | 99.93 | gi|15640032|ref|NC_002505.1|_Vibrio_cholerae_O1_biovar_El_Tor_str._N16961_chromosome_I__complete_sequence jtg7180000002674f_7180000002675f_7180000002676f

CONTIG: jtg7180000002671f_7180000002312f_7180000002672f_7180000002673f (363321bp)
Top Length: 7897  Top ID: 99.75
		Skipping redundant alignment 1583122 1583663 | 362789 363321 | 542 533 | 98.15 | gi|15640032|ref|NC_002505.1|_Vibrio_cholerae_O1_biovar_El_Tor_str._N16961_chromosome_I__complete_sequence jtg7180000002671f_7180000002312f_7180000002672f_7180000002673f
		Skipping redundant alignments after choosing the best set of alignments
		Skipping [262288][262820] redundant alignment 262288 262820 | 362789 363321 | 533 533 | 99.81 | gi|15640032|ref|NC_002505.1|_Vibrio_cholerae_O1_biovar_El_Tor_str._N16961_chromosome_I__complete_sequence jtg7180000002671f_7180000002312f_7180000002672f_7180000002673f
		Skipping [1683879][1684006] redundant alignment 1683879 1684006 | 137826 137699 | 128 128 | 98.44 | gi|15640032|ref|NC_002505.1|_Vibrio_cholerae_O1_biovar_El_Tor_str._N16961_chromosome_I__complete_sequence jtg7180000002671f_7180000002312f_7180000002672f_7180000002673f
		Skipping [2885419][2885549] redundant alignment 2885419 2885549 | 137829 137699 | 131 131 | 95.42 | gi|15640032|ref|NC_002505.1|_Vibrio_cholerae_O1_biovar_El_Tor_str._N16961_chromosome_I__complete_sequence jtg7180000002671f_7180000002312f_7180000002672f_7180000002673f
		This contig is misassembled. 7 total aligns.
			Warning! This contig is more unaligned than misassembled. Contig length is 363321 and total length of all aligns is 8558
		Alignment: 1509440 1517336 | 7897 1 | 7897 7897 | 99.75 | gi|15640032|ref|NC_002505.1|_Vibrio_cholerae_O1_biovar_El_Tor_str._N16961_chromosome_I__complete_sequence jtg7180000002671f_7180000002312f_7180000002672f_7180000002673f
		Alignment: 1745112 1745241 | 137827 137698 | 130 130 | 96.92 | gi|15640032|ref|NC_002505.1|_Vibrio_cholerae_O1_biovar_El_Tor_str._N16961_chromosome_I__complete_sequence jtg7180000002671f_7180000002312f_7180000002672f_7180000002673f
		Alignment: 1938238 1938768 | 363321 362791 | 531 531 | 99.81 | gi|15640032|ref|NC_002505.1|_Vibrio_cholerae_O1_biovar_El_Tor_str._N16961_chromosome_I__complete_sequence jtg7180000002671f_7180000002312f_7180000002672f_7180000002673f
		Unaligned bases: 354763
		This contig has both significant aligned and unaligned parts (of length >= min-contig)!
CONTIG: jtg7180000002655f_7180000002656f (171565bp)
Top Length: 301  Top ID: 100.0
		Skipping redundant alignments after choosing the best set of alignments
		Skipping [263248][263548] redundant alignment 263248 263548 | 1 301 | 301 301 | 100.0 | gi|15640032|ref|NC_002505.1|_Vibrio_cholerae_O1_biovar_El_Tor_str._N16961_chromosome_I__complete_sequence jtg7180000002655f_7180000002656f
		Skipping [1937511][1937810] redundant alignment 1937511 1937810 | 300 1 | 300 300 | 100.0 | gi|15640032|ref|NC_002505.1|_Vibrio_cholerae_O1_biovar_El_Tor_str._N16961_chromosome_I__complete_sequence jtg7180000002655f_7180000002656f
		This contig is misassembled. 4 total aligns.
			Warning! This contig is more unaligned than misassembled. Contig length is 171565 and total length of all aligns is 419
		Alignment: 1294098 1294218 | 36287 36404 | 121 118 | 95.08 | gi|15640032|ref|NC_002505.1|_Vibrio_cholerae_O1_biovar_El_Tor_str._N16961_chromosome_I__complete_sequence jtg7180000002655f_7180000002656f
		Alignment: 1584091 1584391 | 1 301 | 301 301 | 100.0 | gi|15640032|ref|NC_002505.1|_Vibrio_cholerae_O1_biovar_El_Tor_str._N16961_chromosome_I__complete_sequence jtg7180000002655f_7180000002656f
		Unaligned bases: 171146
CONTIG: ctg7180000002620 (510bp)
		This contig is unaligned. (510 bp)
		Unaligned bases: 510  total: 34913

CONTIG: ctg7180000002626 (4511bp)
		This contig is unaligned. (4511 bp)
		Unaligned bases: 4511  total: 39424

CONTIG: ctg7180000002624 (2637bp)
		This contig is unaligned. (2637 bp)
		Unaligned bases: 2637  total: 42061

CONTIG: ctg7180000002625 (939bp)
		This contig is unaligned. (939 bp)
		Unaligned bases: 939  total: 43000

CONTIG: ctg7180000002628 (611bp)
		This contig is unaligned. (611 bp)
		Unaligned bases: 611  total: 43611

CONTIG: ctg7180000002629 (943bp)
Top Length: 943  Top ID: 100.0
		Marking as insignificant: 53621 53844 | 720 943 | 224 224 | 99.11 | gi|15640032|ref|NC_002505.1|_Vibrio_cholerae_O1_biovar_El_Tor_str._N16961_chromosome_I__complete_sequence ctg7180000002629
		Marking as insignificant: 762573 762796 | 720 943 | 224 224 | 99.55 | gi|15640032|ref|NC_002505.1|_Vibrio_cholerae_O1_biovar_El_Tor_str._N16961_chromosome_I__complete_sequence ctg7180000002629
		Marking as insignificant: 323945 324168 | 720 943 | 224 224 | 99.55 | gi|15640032|ref|NC_002505.1|_Vibrio_cholerae_O1_biovar_El_Tor_str._N16961_chromosome_I__complete_sequence ctg7180000002629
		Marking as insignificant: 155603 156159 | 1 556 | 557 556 | 99.1 | gi|15640032|ref|NC_002505.1|_Vibrio_cholerae_O1_biovar_El_Tor_str._N16961_chromosome_I__complete_sequence ctg7180000002629
		Marking as insignificant: 2927897 2928451 | 556 1 | 555 556 | 99.28 | gi|15640032|ref|NC_002505.1|_Vibrio_cholerae_O1_biovar_El_Tor_str._N16961_chromosome_I__complete_sequence ctg7180000002629
		Marking as insignificant: 2676240 2676795 | 556 1 | 556 556 | 99.82 | gi|15640032|ref|NC_002505.1|_Vibrio_cholerae_O1_biovar_El_Tor_str._N16961_chromosome_I__complete_sequence ctg7180000002629
		Marking as insignificant: 767318 767873 | 1 556 | 556 556 | 99.82 | gi|15640032|ref|NC_002505.1|_Vibrio_cholerae_O1_biovar_El_Tor_str._N16961_chromosome_I__complete_sequence ctg7180000002629
		Marking as insignificant: 406376 406931 | 1 556 | 556 556 | 99.82 | gi|15640032|ref|NC_002505.1|_Vibrio_cholerae_O1_biovar_El_Tor_str._N16961_chromosome_I__complete_sequence ctg7180000002629
		Marking as insignificant: 328770 329325 | 1 556 | 556 556 | 99.82 | gi|15640032|ref|NC_002505.1|_Vibrio_cholerae_O1_biovar_El_Tor_str._N16961_chromosome_I__complete_sequence ctg7180000002629
		Marking as insignificant: 58361 58916 | 1 556 | 556 556 | 99.82 | gi|15640032|ref|NC_002505.1|_Vibrio_cholerae_O1_biovar_El_Tor_str._N16961_chromosome_I__complete_sequence ctg7180000002629
		One align captures most of this contig: 2933258 2934200 | 943 1 | 943 943 | 100.0 | gi|15640032|ref|NC_002505.1|_Vibrio_cholerae_O1_biovar_El_Tor_str._N16961_chromosome_I__complete_sequence ctg7180000002629

CONTIG: jtg7180000002615f_7180000002654f (72053bp)
Top Length: 303  Top ID: 100.0
		Skipping redundant alignment 1573612 1573770 | 71806 71648 | 159 159 | 96.86 | gi|15640032|ref|NC_002505.1|_Vibrio_cholerae_O1_biovar_El_Tor_str._N16961_chromosome_I__complete_sequence jtg7180000002615f_7180000002654f
		Skipping redundant alignments after choosing the best set of alignments
		Skipping [263248][263547] redundant alignment 263248 263547 | 1 300 | 300 300 | 100.0 | gi|15640032|ref|NC_002505.1|_Vibrio_cholerae_O1_biovar_El_Tor_str._N16961_chromosome_I__complete_sequence jtg7180000002615f_7180000002654f
		Skipping [1937508][1937810] redundant alignment 1937508 1937810 | 303 1 | 303 303 | 100.0 | gi|15640032|ref|NC_002505.1|_Vibrio_cholerae_O1_biovar_El_Tor_str._N16961_chromosome_I__complete_sequence jtg7180000002615f_7180000002654f
		This contig is misassembled. 7 total aligns.
			Warning! This contig is more unaligned than misassembled. Contig length is 72053 and total length of all aligns is 667
		Alignment: 335050 335124 | 58547 58621 | 75 75 | 100.0 | gi|15640032|ref|NC_002505.1|_Vibrio_cholerae_O1_biovar_El_Tor_str._N16961_chromosome_I__complete_sequence jtg7180000002615f_7180000002654f
		Alignment: 1566696 1566859 | 71806 71643 | 164 164 | 95.73 | gi|15640032|ref|NC_002505.1|_Vibrio_cholerae_O1_biovar_El_Tor_str._N16961_chromosome_I__complete_sequence jtg7180000002615f_7180000002654f
		Alignment: 1584091 1584390 | 1 300 | 300 300 | 100.0 | gi|15640032|ref|NC_002505.1|_Vibrio_cholerae_O1_biovar_El_Tor_str._N16961_chromosome_I__complete_sequence jtg7180000002615f_7180000002654f
		Alignment: 1763579 1763706 | 20459 20586 | 128 128 | 95.31 | gi|15640032|ref|NC_002505.1|_Vibrio_cholerae_O1_biovar_El_Tor_str._N16961_chromosome_I__complete_sequence jtg7180000002615f_7180000002654f
		Unaligned bases: 71386
		This contig has both significant aligned and unaligned parts (of length >= min-contig)!
CONTIG: jtg7180000002271f_7180000002631f_7180000002632f (54674bp)
Top Length: 54674  Top ID: 99.9
		One align captures most of this contig: 1509827 1564499 | 54674 1 | 54673 54674 | 99.9 | gi|15640032|ref|NC_002505.1|_Vibrio_cholerae_O1_biovar_El_Tor_str._N16961_chromosome_I__complete_sequence jtg7180000002271f_7180000002631f_7180000002632f

CONTIG: ctg7180000002623 (4502bp)
		This contig is unaligned. (4502 bp)
		Unaligned bases: 4502  total: 48113

CONTIG: jtg7180000002645f_7180000002646f (13576bp)
Top Length: 13576  Top ID: 99.93
		Marking as insignificant: 262290 262820 | 540 1 | 531 540 | 98.33 | gi|15640032|ref|NC_002505.1|_Vibrio_cholerae_O1_biovar_El_Tor_str._N16961_chromosome_I__complete_sequence jtg7180000002645f_7180000002646f
		Marking as insignificant: 1583124 1583663 | 540 1 | 540 540 | 100.0 | gi|15640032|ref|NC_002505.1|_Vibrio_cholerae_O1_biovar_El_Tor_str._N16961_chromosome_I__complete_sequence jtg7180000002645f_7180000002646f
		Marking as insignificant: 1938238 1948683 | 1 10455 | 10446 10455 | 99.91 | gi|15640032|ref|NC_002505.1|_Vibrio_cholerae_O1_biovar_El_Tor_str._N16961_chromosome_I__complete_sequence jtg7180000002645f_7180000002646f
		One align captures most of this contig: 1938238 1951804 | 1 13576 | 13567 13576 | 99.93 | gi|15640032|ref|NC_002505.1|_Vibrio_cholerae_O1_biovar_El_Tor_str._N16961_chromosome_I__complete_sequence jtg7180000002645f_7180000002646f

CONTIG: ctg7180000002635 (1071bp)
Top Length: 1071  Top ID: 99.91
		Marking as insignificant: 1583124 1583663 | 531 1 | 540 531 | 98.15 | gi|15640032|ref|NC_002505.1|_Vibrio_cholerae_O1_biovar_El_Tor_str._N16961_chromosome_I__complete_sequence ctg7180000002635
		Marking as insignificant: 262290 262820 | 531 1 | 531 531 | 99.81 | gi|15640032|ref|NC_002505.1|_Vibrio_cholerae_O1_biovar_El_Tor_str._N16961_chromosome_I__complete_sequence ctg7180000002635
		One align captures most of this contig: 1938238 1939308 | 1 1071 | 1071 1071 | 99.91 | gi|15640032|ref|NC_002505.1|_Vibrio_cholerae_O1_biovar_El_Tor_str._N16961_chromosome_I__complete_sequence ctg7180000002635

CONTIG: ctg7180000002634 (1095bp)
Top Length: 532  Top ID: 99.81
		Skipping redundant alignment 1583124 1583663 | 565 1095 | 540 531 | 98.15 | gi|15640032|ref|NC_002505.1|_Vibrio_cholerae_O1_biovar_El_Tor_str._N16961_chromosome_I__complete_sequence ctg7180000002634
		Skipping redundant alignments after choosing the best set of alignments
		Skipping [1938238][1938769] redundant alignment 1938238 1938769 | 1095 564 | 532 532 | 99.81 | gi|15640032|ref|NC_002505.1|_Vibrio_cholerae_O1_biovar_El_Tor_str._N16961_chromosome_I__complete_sequence ctg7180000002634
		This contig is partially unaligned. (532 out of 1095)
		Alignment: 262290 262820 | 565 1095 | 531 531 | 99.81 | gi|15640032|ref|NC_002505.1|_Vibrio_cholerae_O1_biovar_El_Tor_str._N16961_chromosome_I__complete_sequence ctg7180000002634
		Unaligned bases: 1 to 564 (564)
		This contig has both significant aligned and unaligned parts (of length >= min-contig)!

CONTIG: ctg7180000002636 (2161bp)
		This contig is unaligned. (2161 bp)
		Unaligned bases: 2161  total: 50274

CONTIG: ctg7180000002630 (1907bp)
		This contig is unaligned. (1907 bp)
		Unaligned bases: 1907  total: 52181

CONTIG: ctg7180000002633 (1455bp)
Top Length: 534  Top ID: 99.81
		Skipping redundant alignments after choosing the best set of alignments
		Skipping [262287][262820] redundant alignment 262287 262820 | 534 1 | 534 534 | 99.81 | gi|15640032|ref|NC_002505.1|_Vibrio_cholerae_O1_biovar_El_Tor_str._N16961_chromosome_I__complete_sequence ctg7180000002633
		Skipping [1583120][1583663] redundant alignment 1583120 1583663 | 535 1 | 544 535 | 98.16 | gi|15640032|ref|NC_002505.1|_Vibrio_cholerae_O1_biovar_El_Tor_str._N16961_chromosome_I__complete_sequence ctg7180000002633
		This contig is partially unaligned. (534 out of 1455)
		Alignment: 262287 262820 | 534 1 | 534 534 | 99.81 | gi|15640032|ref|NC_002505.1|_Vibrio_cholerae_O1_biovar_El_Tor_str._N16961_chromosome_I__complete_sequence ctg7180000002633
		Unaligned bases: 535 to 1455 (921)
		This contig has both significant aligned and unaligned parts (of length >= min-contig)!

CONTIG: ctg7180000002639 (1112bp)
		This contig is unaligned. (1112 bp)
		Unaligned bases: 1112  total: 53293

CONTIG: ctg7180000002638 (2446bp)
		This contig is unaligned. (2446 bp)
		Unaligned bases: 2446  total: 55739

CONTIG: ctg7180000002703 (76901bp)
Top Length: 54402  Top ID: 99.88
		Skipping redundant alignment 53448 54173 | 706 1 | 726 706 | 95.6 | gi|15640032|ref|NC_002505.1|_Vibrio_cholerae_O1_biovar_El_Tor_str._N16961_chromosome_I__complete_sequence ctg7180000002703
		Skipping redundant alignment 401489 402101 | 612 1 | 613 612 | 98.37 | gi|15640032|ref|NC_002505.1|_Vibrio_cholerae_O1_biovar_El_Tor_str._N16961_chromosome_I__complete_sequence ctg7180000002703
		Skipping redundant alignment 2681068 2681680 | 1 612 | 613 612 | 96.1 | gi|15640032|ref|NC_002505.1|_Vibrio_cholerae_O1_biovar_El_Tor_str._N16961_chromosome_I__complete_sequence ctg7180000002703
		Skipping redundant alignment 323866 324497 | 612 1 | 632 612 | 95.26 | gi|15640032|ref|NC_002505.1|_Vibrio_cholerae_O1_biovar_El_Tor_str._N16961_chromosome_I__complete_sequence ctg7180000002703
		Skipping redundant alignment 150876 151409 | 533 1 | 534 533 | 99.63 | gi|15640032|ref|NC_002505.1|_Vibrio_cholerae_O1_biovar_El_Tor_str._N16961_chromosome_I__complete_sequence ctg7180000002703
		Skipping redundant alignment 2932929 2933481 | 1 533 | 553 533 | 96.02 | gi|15640032|ref|NC_002505.1|_Vibrio_cholerae_O1_biovar_El_Tor_str._N16961_chromosome_I__complete_sequence ctg7180000002703
		Skipping redundant alignment 1374806 1374925 | 39173 39292 | 120 120 | 96.67 | gi|15640032|ref|NC_002505.1|_Vibrio_cholerae_O1_biovar_El_Tor_str._N16961_chromosome_I__complete_sequence ctg7180000002703
		Skipping redundant alignment 1310926 1311053 | 58497 58624 | 128 128 | 96.88 | gi|15640032|ref|NC_002505.1|_Vibrio_cholerae_O1_biovar_El_Tor_str._N16961_chromosome_I__complete_sequence ctg7180000002703
		Skipping redundant alignment 2938421 2939356 | 76901 75946 | 936 956 | 96.66 | gi|15640032|ref|NC_002505.1|_Vibrio_cholerae_O1_biovar_El_Tor_str._N16961_chromosome_I__complete_sequence ctg7180000002703
		Skipping redundant alignment 762490 763355 | 76037 76901 | 866 865 | 97.01 | gi|15640032|ref|NC_002505.1|_Vibrio_cholerae_O1_biovar_El_Tor_str._N16961_chromosome_I__complete_sequence ctg7180000002703
		Skipping redundant alignment 323866 324727 | 76040 76901 | 862 862 | 98.26 | gi|15640032|ref|NC_002505.1|_Vibrio_cholerae_O1_biovar_El_Tor_str._N16961_chromosome_I__complete_sequence ctg7180000002703
		Skipping redundant alignment 401489 402332 | 76040 76901 | 844 862 | 95.49 | gi|15640032|ref|NC_002505.1|_Vibrio_cholerae_O1_biovar_El_Tor_str._N16961_chromosome_I__complete_sequence ctg7180000002703
		Skipping redundant alignment 2932699 2933481 | 76901 76119 | 783 783 | 99.62 | gi|15640032|ref|NC_002505.1|_Vibrio_cholerae_O1_biovar_El_Tor_str._N16961_chromosome_I__complete_sequence ctg7180000002703
		Skipping redundant alignment 150876 151639 | 76119 76901 | 764 783 | 96.94 | gi|15640032|ref|NC_002505.1|_Vibrio_cholerae_O1_biovar_El_Tor_str._N16961_chromosome_I__complete_sequence ctg7180000002703
		This contig is misassembled. 16 total aligns.
			Real Alignment 2: 2938651 2961149 | 1 22499 | 22499 22499 | 99.92 | gi|15640032|ref|NC_002505.1|_Vibrio_cholerae_O1_biovar_El_Tor_str._N16961_chromosome_I__complete_sequence ctg7180000002703
			  Fake misassembly (caused by linear representation of circular genome) between these two alignments
			Real Alignment 1: 1 54403 | 22500 76901 | 54403 54402 | 99.88 | gi|15640032|ref|NC_002505.1|_Vibrio_cholerae_O1_biovar_El_Tor_str._N16961_chromosome_I__complete_sequence ctg7180000002703

CONTIG: jtg7180000002689f_7180000002622f (324982bp)
Top Length: 324982  Top ID: 99.94
		Marking as insignificant: 362203 362278 | 201688 201613 | 76 76 | 100.0 | gi|15640032|ref|NC_002505.1|_Vibrio_cholerae_O1_biovar_El_Tor_str._N16961_chromosome_I__complete_sequence jtg7180000002689f_7180000002622f
		Marking as insignificant: 361861 361936 | 201688 201613 | 76 76 | 100.0 | gi|15640032|ref|NC_002505.1|_Vibrio_cholerae_O1_biovar_El_Tor_str._N16961_chromosome_I__complete_sequence jtg7180000002689f_7180000002622f
		Marking as insignificant: 362202 362278 | 201926 201850 | 77 77 | 100.0 | gi|15640032|ref|NC_002505.1|_Vibrio_cholerae_O1_biovar_El_Tor_str._N16961_chromosome_I__complete_sequence jtg7180000002689f_7180000002622f
		Marking as insignificant: 362429 362507 | 201688 201610 | 79 79 | 100.0 | gi|15640032|ref|NC_002505.1|_Vibrio_cholerae_O1_biovar_El_Tor_str._N16961_chromosome_I__complete_sequence jtg7180000002689f_7180000002622f
		Marking as insignificant: 361971 362049 | 201688 201610 | 79 79 | 100.0 | gi|15640032|ref|NC_002505.1|_Vibrio_cholerae_O1_biovar_El_Tor_str._N16961_chromosome_I__complete_sequence jtg7180000002689f_7180000002622f
		Marking as insignificant: 361860 361940 | 201926 201846 | 81 81 | 98.77 | gi|15640032|ref|NC_002505.1|_Vibrio_cholerae_O1_biovar_El_Tor_str._N16961_chromosome_I__complete_sequence jtg7180000002689f_7180000002622f
		Marking as insignificant: 361970 362050 | 201926 201846 | 81 81 | 100.0 | gi|15640032|ref|NC_002505.1|_Vibrio_cholerae_O1_biovar_El_Tor_str._N16961_chromosome_I__complete_sequence jtg7180000002689f_7180000002622f
		Marking as insignificant: 362428 362510 | 201926 201844 | 83 83 | 100.0 | gi|15640032|ref|NC_002505.1|_Vibrio_cholerae_O1_biovar_El_Tor_str._N16961_chromosome_I__complete_sequence jtg7180000002689f_7180000002622f
		Marking as insignificant: 16674 16793 | 121111 120992 | 120 120 | 96.67 | gi|15640032|ref|NC_002505.1|_Vibrio_cholerae_O1_biovar_El_Tor_str._N16961_chromosome_I__complete_sequence jtg7180000002689f_7180000002622f
		Marking as insignificant: 2478716 2478840 | 120987 121111 | 125 125 | 95.2 | gi|15640032|ref|NC_002505.1|_Vibrio_cholerae_O1_biovar_El_Tor_str._N16961_chromosome_I__complete_sequence jtg7180000002689f_7180000002622f
		Marking as insignificant: 2484247 2484374 | 116478 116605 | 128 128 | 96.88 | gi|15640032|ref|NC_002505.1|_Vibrio_cholerae_O1_biovar_El_Tor_str._N16961_chromosome_I__complete_sequence jtg7180000002689f_7180000002622f
		Marking as insignificant: 35999 36126 | 184989 184862 | 128 128 | 96.88 | gi|15640032|ref|NC_002505.1|_Vibrio_cholerae_O1_biovar_El_Tor_str._N16961_chromosome_I__complete_sequence jtg7180000002689f_7180000002622f
		Marking as insignificant: 1655914 1656042 | 184862 184990 | 129 129 | 97.67 | gi|15640032|ref|NC_002505.1|_Vibrio_cholerae_O1_biovar_El_Tor_str._N16961_chromosome_I__complete_sequence jtg7180000002689f_7180000002622f
		Marking as insignificant: 569610 569737 | 116605 116478 | 128 128 | 98.44 | gi|15640032|ref|NC_002505.1|_Vibrio_cholerae_O1_biovar_El_Tor_str._N16961_chromosome_I__complete_sequence jtg7180000002689f_7180000002622f
		Marking as insignificant: 2320636 2320764 | 116478 116606 | 129 129 | 100.0 | gi|15640032|ref|NC_002505.1|_Vibrio_cholerae_O1_biovar_El_Tor_str._N16961_chromosome_I__complete_sequence jtg7180000002689f_7180000002622f
		Marking as insignificant: 952646 952774 | 116605 116477 | 129 129 | 100.0 | gi|15640032|ref|NC_002505.1|_Vibrio_cholerae_O1_biovar_El_Tor_str._N16961_chromosome_I__complete_sequence jtg7180000002689f_7180000002622f
		One align captures most of this contig: 1170937 1495912 | 324982 1 | 324976 324982 | 99.94 | gi|15640032|ref|NC_002505.1|_Vibrio_cholerae_O1_biovar_El_Tor_str._N16961_chromosome_I__complete_sequence jtg7180000002689f_7180000002622f

CONTIG: ctg7180000002640 (6696bp)
Top Length: 218  Top ID: 99.54
		Skipping redundant alignment 260429 260619 | 223 34 | 191 190 | 97.91 | gi|15640032|ref|NC_002505.1|_Vibrio_cholerae_O1_biovar_El_Tor_str._N16961_chromosome_I__complete_sequence ctg7180000002640
		This contig is partially unaligned. (218 out of 6696)
		Alignment: 935797 936014 | 218 1 | 218 218 | 99.54 | gi|15640032|ref|NC_002505.1|_Vibrio_cholerae_O1_biovar_El_Tor_str._N16961_chromosome_I__complete_sequence ctg7180000002640
		Unaligned bases: 219 to 6696 (6478)

CONTIG: ctg7180000002641 (2350bp)
		This contig is unaligned. (2350 bp)
		Unaligned bases: 2350  total: 58089

CONTIG: ctg7180000002642 (1616bp)
Top Length: 1616  Top ID: 100.0
		Marking as insignificant: 1564482 1565828 | 267 1616 | 1347 1350 | 99.19 | gi|15640032|ref|NC_002505.1|_Vibrio_cholerae_O1_biovar_El_Tor_str._N16961_chromosome_I__complete_sequence ctg7180000002642
		One align captures most of this contig: 1571129 1572744 | 1 1616 | 1616 1616 | 100.0 | gi|15640032|ref|NC_002505.1|_Vibrio_cholerae_O1_biovar_El_Tor_str._N16961_chromosome_I__complete_sequence ctg7180000002642

CONTIG: ctg7180000002643 (5038bp)
Top Length: 4791  Top ID: 99.75
		Skipping redundant alignment 1573612 1573773 | 248 409 | 162 162 | 96.3 | gi|15640032|ref|NC_002505.1|_Vibrio_cholerae_O1_biovar_El_Tor_str._N16961_chromosome_I__complete_sequence ctg7180000002643
		Skipping redundant alignment 1564482 1564573 | 4947 5038 | 92 92 | 97.83 | gi|15640032|ref|NC_002505.1|_Vibrio_cholerae_O1_biovar_El_Tor_str._N16961_chromosome_I__complete_sequence ctg7180000002643
		This contig is partially unaligned. (4791 out of 5038)
		Alignment: 1566696 1571486 | 248 5038 | 4791 4791 | 99.75 | gi|15640032|ref|NC_002505.1|_Vibrio_cholerae_O1_biovar_El_Tor_str._N16961_chromosome_I__complete_sequence ctg7180000002643
		Unaligned bases: 1 to 247 (247)

CONTIG: ctg7180000002644 (953bp)
		This contig is unaligned. (953 bp)
		Unaligned bases: 953  total: 59042

CONTIG: ctg7180000002647 (24322bp)
		This contig is unaligned. (24322 bp)
		Unaligned bases: 24322  total: 83364

CONTIG: ctg7180000002648 (10734bp)
		This contig is unaligned. (10734 bp)
		Unaligned bases: 10734  total: 94098

CONTIG: ctg7180000002649 (4120bp)
		This contig is unaligned. (4120 bp)
		Unaligned bases: 4120  total: 98218

CONTIG: jtg7180000002619f_7180000002677f (9621bp)
Top Length: 516  Top ID: 99.61
		Skipping redundant alignment 260428 260619 | 9110 9301 | 192 192 | 97.93 | gi|15640032|ref|NC_002505.1|_Vibrio_cholerae_O1_biovar_El_Tor_str._N16961_chromosome_I__complete_sequence jtg7180000002619f_7180000002677f
		This contig is partially unaligned. (516 out of 9621)
		Alignment: 935786 936301 | 9106 9621 | 516 516 | 99.61 | gi|15640032|ref|NC_002505.1|_Vibrio_cholerae_O1_biovar_El_Tor_str._N16961_chromosome_I__complete_sequence jtg7180000002619f_7180000002677f
		Unaligned bases: 1 to 9105 (9105)
		This contig has both significant aligned and unaligned parts (of length >= min-contig)!

CONTIG: jtg7180000002614f_7180000002313f_7180000002653f (4851bp)
		This contig is unaligned. (4851 bp)
		Unaligned bases: 4851  total: 103069

CONTIG: jtg7180000002707f_7180000002708f_7180000002709f_7180000002710f_7180000002711f (241604bp)
Top Length: 151833  Top ID: 99.95
		Skipping redundant alignment 2661331 2661458 | 83731 83604 | 128 128 | 95.31 | gi|15640032|ref|NC_002505.1|_Vibrio_cholerae_O1_biovar_El_Tor_str._N16961_chromosome_I__complete_sequence jtg7180000002707f_7180000002708f_7180000002709f_7180000002710f_7180000002711f
		Skipping redundant alignment 140933 141054 | 83604 83725 | 122 122 | 95.08 | gi|15640032|ref|NC_002505.1|_Vibrio_cholerae_O1_biovar_El_Tor_str._N16961_chromosome_I__complete_sequence jtg7180000002707f_7180000002708f_7180000002709f_7180000002710f_7180000002711f
		Skipping redundant alignment 1737004 1737356 | 90124 89772 | 353 353 | 99.15 | gi|15640032|ref|NC_002505.1|_Vibrio_cholerae_O1_biovar_El_Tor_str._N16961_chromosome_I__complete_sequence jtg7180000002707f_7180000002708f_7180000002709f_7180000002710f_7180000002711f
		Skipping redundant alignment 1737694 1738046 | 90124 89772 | 353 353 | 99.15 | gi|15640032|ref|NC_002505.1|_Vibrio_cholerae_O1_biovar_El_Tor_str._N16961_chromosome_I__complete_sequence jtg7180000002707f_7180000002708f_7180000002709f_7180000002710f_7180000002711f
		Skipping redundant alignment 1738378 1738730 | 90124 89772 | 353 353 | 99.15 | gi|15640032|ref|NC_002505.1|_Vibrio_cholerae_O1_biovar_El_Tor_str._N16961_chromosome_I__complete_sequence jtg7180000002707f_7180000002708f_7180000002709f_7180000002710f_7180000002711f
		Skipping redundant alignment 1738036 1738388 | 90124 89772 | 353 353 | 98.87 | gi|15640032|ref|NC_002505.1|_Vibrio_cholerae_O1_biovar_El_Tor_str._N16961_chromosome_I__complete_sequence jtg7180000002707f_7180000002708f_7180000002709f_7180000002710f_7180000002711f
		Skipping redundant alignment 1737346 1737704 | 90124 89772 | 359 353 | 96.1 | gi|15640032|ref|NC_002505.1|_Vibrio_cholerae_O1_biovar_El_Tor_str._N16961_chromosome_I__complete_sequence jtg7180000002707f_7180000002708f_7180000002709f_7180000002710f_7180000002711f
		Skipping redundant alignment 1310925 1311053 | 170745 170873 | 129 129 | 97.67 | gi|15640032|ref|NC_002505.1|_Vibrio_cholerae_O1_biovar_El_Tor_str._N16961_chromosome_I__complete_sequence jtg7180000002707f_7180000002708f_7180000002709f_7180000002710f_7180000002711f
		Skipping redundant alignment 1579063 1579135 | 241604 241532 | 73 73 | 97.26 | gi|15640032|ref|NC_002505.1|_Vibrio_cholerae_O1_biovar_El_Tor_str._N16961_chromosome_I__complete_sequence jtg7180000002707f_7180000002708f_7180000002709f_7180000002710f_7180000002711f
		This contig is misassembled. 12 total aligns.
			Real Alignment 1: 1585184 1737014 | 241604 89772 | 151831 151833 | 99.95 | gi|15640032|ref|NC_002505.1|_Vibrio_cholerae_O1_biovar_El_Tor_str._N16961_chromosome_I__complete_sequence jtg7180000002707f_7180000002708f_7180000002709f_7180000002710f_7180000002711f
			  Extensive misassembly ( relocation, inconsistency = 2058 ) between these two alignments
			Real Alignment 2: 1738720 1788564 | 90124 40270 | 49845 49855 | 99.95 | gi|15640032|ref|NC_002505.1|_Vibrio_cholerae_O1_biovar_El_Tor_str._N16961_chromosome_I__complete_sequence jtg7180000002707f_7180000002708f_7180000002709f_7180000002710f_7180000002711f
			  Gap between these two alignments (local misassembly). Inconsistency = 10
			Real Alignment 3: 1768521 1828834 | 60323 1 | 60314 60323 | 99.95 | gi|15640032|ref|NC_002505.1|_Vibrio_cholerae_O1_biovar_El_Tor_str._N16961_chromosome_I__complete_sequence jtg7180000002707f_7180000002708f_7180000002709f_7180000002710f_7180000002711f

CONTIG: ctg7180000002593 (838bp)
		This contig is unaligned. (838 bp)
		Unaligned bases: 838  total: 103907

CONTIG: ctg7180000002652 (7693bp)
		This contig is unaligned. (7693 bp)
		Unaligned bases: 7693  total: 111600

CONTIG: ctg7180000002657 (48002bp)
Top Length: 2076  Top ID: 95.42
		This contig is misassembled. 2 total aligns.
			Warning! This contig is more unaligned than misassembled. Contig length is 48002 and total length of all aligns is 2202
		Alignment: 501700 503761 | 5816 3741 | 2062 2076 | 95.42 | gi|15640032|ref|NC_002505.1|_Vibrio_cholerae_O1_biovar_El_Tor_str._N16961_chromosome_I__complete_sequence ctg7180000002657
		Alignment: 2661335 2661460 | 7069 6944 | 126 126 | 97.62 | gi|15640032|ref|NC_002505.1|_Vibrio_cholerae_O1_biovar_El_Tor_str._N16961_chromosome_I__complete_sequence ctg7180000002657
		Unaligned bases: 45800
		This contig has both significant aligned and unaligned parts (of length >= min-contig)!
CONTIG: ctg7180000002658 (5804bp)
		This contig is unaligned. (5804 bp)
		Unaligned bases: 5804  total: 117404

CONTIG: ctg7180000002712 (3268bp)
Top Length: 3268  Top ID: 99.85
		Marking as insignificant: 1938512 1938768 | 1 266 | 257 266 | 96.24 | gi|15640032|ref|NC_002505.1|_Vibrio_cholerae_O1_biovar_El_Tor_str._N16961_chromosome_I__complete_sequence ctg7180000002712
		Marking as insignificant: 262287 262546 | 269 1 | 260 269 | 96.28 | gi|15640032|ref|NC_002505.1|_Vibrio_cholerae_O1_biovar_El_Tor_str._N16961_chromosome_I__complete_sequence ctg7180000002712
		Marking as insignificant: 1575271 1578273 | 3268 266 | 3003 3003 | 99.87 | gi|15640032|ref|NC_002505.1|_Vibrio_cholerae_O1_biovar_El_Tor_str._N16961_chromosome_I__complete_sequence ctg7180000002712
		One align captures most of this contig: 1580122 1583389 | 3268 1 | 3268 3268 | 99.85 | gi|15640032|ref|NC_002505.1|_Vibrio_cholerae_O1_biovar_El_Tor_str._N16961_chromosome_I__complete_sequence ctg7180000002712

CONTIG: ctg7180000002247 (1241bp)
		This contig is unaligned. (1241 bp)
		Unaligned bases: 1241  total: 118645

CONTIG: ctg7180000002716 (5791bp)
		This contig is unaligned. (5791 bp)
		Unaligned bases: 5791  total: 124436

CONTIG: ctg7180000002714 (6335bp)
		This contig is unaligned. (6335 bp)
		Unaligned bases: 6335  total: 130771

CONTIG: ctg7180000002715 (1156bp)
		This contig is unaligned. (1156 bp)
		Unaligned bases: 1156  total: 131927

CONTIG: jtg7180000002668f_7180000002669f (246505bp)
Top Length: 246505  Top ID: 99.9
		Marking as insignificant: 569610 569738 | 220617 220745 | 129 129 | 97.67 | gi|15640032|ref|NC_002505.1|_Vibrio_cholerae_O1_biovar_El_Tor_str._N16961_chromosome_I__complete_sequence jtg7180000002668f_7180000002669f
		Marking as insignificant: 762410 762577 | 246339 246505 | 168 167 | 96.43 | gi|15640032|ref|NC_002505.1|_Vibrio_cholerae_O1_biovar_El_Tor_str._N16961_chromosome_I__complete_sequence jtg7180000002668f_7180000002669f
		Marking as insignificant: 2933645 2933853 | 209 1 | 209 209 | 99.52 | gi|15640032|ref|NC_002505.1|_Vibrio_cholerae_O1_biovar_El_Tor_str._N16961_chromosome_I__complete_sequence jtg7180000002668f_7180000002669f
		Marking as insignificant: 155950 156165 | 1 215 | 216 215 | 98.61 | gi|15640032|ref|NC_002505.1|_Vibrio_cholerae_O1_biovar_El_Tor_str._N16961_chromosome_I__complete_sequence jtg7180000002668f_7180000002669f
		Marking as insignificant: 2676233 2676448 | 217 1 | 216 217 | 99.54 | gi|15640032|ref|NC_002505.1|_Vibrio_cholerae_O1_biovar_El_Tor_str._N16961_chromosome_I__complete_sequence jtg7180000002668f_7180000002669f
		Marking as insignificant: 58708 59023 | 1 316 | 316 316 | 100.0 | gi|15640032|ref|NC_002505.1|_Vibrio_cholerae_O1_biovar_El_Tor_str._N16961_chromosome_I__complete_sequence jtg7180000002668f_7180000002669f
		Marking as insignificant: 329117 329560 | 1 445 | 444 445 | 97.53 | gi|15640032|ref|NC_002505.1|_Vibrio_cholerae_O1_biovar_El_Tor_str._N16961_chromosome_I__complete_sequence jtg7180000002668f_7180000002669f
		Marking as insignificant: 406723 407166 | 1 445 | 444 445 | 97.98 | gi|15640032|ref|NC_002505.1|_Vibrio_cholerae_O1_biovar_El_Tor_str._N16961_chromosome_I__complete_sequence jtg7180000002668f_7180000002669f
		One align captures most of this contig: 2681597 2928105 | 246505 1 | 246509 246505 | 99.9 | gi|15640032|ref|NC_002505.1|_Vibrio_cholerae_O1_biovar_El_Tor_str._N16961_chromosome_I__complete_sequence jtg7180000002668f_7180000002669f

CONTIG: ctg7180000002667 (23881bp)
		This contig is unaligned. (23881 bp)
		Unaligned bases: 23881  total: 155808

CONTIG: ctg7180000002662 (25073bp)
Top Length: 237  Top ID: 99.16
		This contig is partially unaligned. (237 out of 25073)
		Alignment: 936183 936419 | 1 237 | 237 237 | 99.16 | gi|15640032|ref|NC_002505.1|_Vibrio_cholerae_O1_biovar_El_Tor_str._N16961_chromosome_I__complete_sequence ctg7180000002662
		Unaligned bases: 238 to 25073 (24836)

CONTIG: ctg7180000002661 (3936bp)
Top Length: 589  Top ID: 99.66
		Skipping redundant alignment 260469 260619 | 3936 3787 | 151 150 | 98.01 | gi|15640032|ref|NC_002505.1|_Vibrio_cholerae_O1_biovar_El_Tor_str._N16961_chromosome_I__complete_sequence ctg7180000002661
		This contig is partially unaligned. (589 out of 3936)
		Alignment: 935832 936420 | 3936 3348 | 589 589 | 99.66 | gi|15640032|ref|NC_002505.1|_Vibrio_cholerae_O1_biovar_El_Tor_str._N16961_chromosome_I__complete_sequence ctg7180000002661
		Unaligned bases: 1 to 3347 (3347)
		This contig has both significant aligned and unaligned parts (of length >= min-contig)!

CONTIG: jtg7180000002680f_7180000002681f (127189bp)
Top Length: 127189  Top ID: 99.91
		Marking as insignificant: 140933 141054 | 111852 111731 | 122 122 | 95.08 | gi|15640032|ref|NC_002505.1|_Vibrio_cholerae_O1_biovar_El_Tor_str._N16961_chromosome_I__complete_sequence jtg7180000002680f_7180000002681f
		Marking as insignificant: 1745113 1745240 | 111725 111852 | 128 128 | 95.31 | gi|15640032|ref|NC_002505.1|_Vibrio_cholerae_O1_biovar_El_Tor_str._N16961_chromosome_I__complete_sequence jtg7180000002680f_7180000002681f
		Marking as insignificant: 155603 156161 | 127189 126632 | 559 558 | 99.11 | gi|15640032|ref|NC_002505.1|_Vibrio_cholerae_O1_biovar_El_Tor_str._N16961_chromosome_I__complete_sequence jtg7180000002680f_7180000002681f
		Marking as insignificant: 2933645 2934200 | 126634 127189 | 556 556 | 99.64 | gi|15640032|ref|NC_002505.1|_Vibrio_cholerae_O1_biovar_El_Tor_str._N16961_chromosome_I__complete_sequence jtg7180000002680f_7180000002681f
		Marking as insignificant: 2927889 2928451 | 126627 127189 | 563 563 | 99.11 | gi|15640032|ref|NC_002505.1|_Vibrio_cholerae_O1_biovar_El_Tor_str._N16961_chromosome_I__complete_sequence jtg7180000002680f_7180000002681f
		Marking as insignificant: 767318 767877 | 127189 126630 | 560 560 | 99.82 | gi|15640032|ref|NC_002505.1|_Vibrio_cholerae_O1_biovar_El_Tor_str._N16961_chromosome_I__complete_sequence jtg7180000002680f_7180000002681f
		Marking as insignificant: 406376 406939 | 127189 126627 | 564 563 | 99.65 | gi|15640032|ref|NC_002505.1|_Vibrio_cholerae_O1_biovar_El_Tor_str._N16961_chromosome_I__complete_sequence jtg7180000002680f_7180000002681f
		Marking as insignificant: 328770 329333 | 127189 126627 | 564 563 | 99.65 | gi|15640032|ref|NC_002505.1|_Vibrio_cholerae_O1_biovar_El_Tor_str._N16961_chromosome_I__complete_sequence jtg7180000002680f_7180000002681f
		Marking as insignificant: 58361 58924 | 127189 126627 | 564 563 | 99.65 | gi|15640032|ref|NC_002505.1|_Vibrio_cholerae_O1_biovar_El_Tor_str._N16961_chromosome_I__complete_sequence jtg7180000002680f_7180000002681f
		One align captures most of this contig: 2549609 2676795 | 1 127189 | 127187 127189 | 99.91 | gi|15640032|ref|NC_002505.1|_Vibrio_cholerae_O1_biovar_El_Tor_str._N16961_chromosome_I__complete_sequence jtg7180000002680f_7180000002681f

CONTIG: ctg7180000002705 (356634bp)
Top Length: 356634  Top ID: 99.91
		Marking as insignificant: 334818 334896 | 284790 284868 | 79 79 | 100.0 | gi|15640032|ref|NC_002505.1|_Vibrio_cholerae_O1_biovar_El_Tor_str._N16961_chromosome_I__complete_sequence ctg7180000002705
		Marking as insignificant: 334818 334896 | 284595 284673 | 79 79 | 100.0 | gi|15640032|ref|NC_002505.1|_Vibrio_cholerae_O1_biovar_El_Tor_str._N16961_chromosome_I__complete_sequence ctg7180000002705
		Marking as insignificant: 1100009 1100206 | 146484 146681 | 198 198 | 95.45 | gi|15640032|ref|NC_002505.1|_Vibrio_cholerae_O1_biovar_El_Tor_str._N16961_chromosome_I__complete_sequence ctg7180000002705
		Marking as insignificant: 2933645 2933853 | 356426 356634 | 209 209 | 99.52 | gi|15640032|ref|NC_002505.1|_Vibrio_cholerae_O1_biovar_El_Tor_str._N16961_chromosome_I__complete_sequence ctg7180000002705
		Marking as insignificant: 155950 156165 | 356634 356420 | 216 215 | 98.61 | gi|15640032|ref|NC_002505.1|_Vibrio_cholerae_O1_biovar_El_Tor_str._N16961_chromosome_I__complete_sequence ctg7180000002705
		Marking as insignificant: 2676233 2676448 | 356418 356634 | 216 217 | 99.54 | gi|15640032|ref|NC_002505.1|_Vibrio_cholerae_O1_biovar_El_Tor_str._N16961_chromosome_I__complete_sequence ctg7180000002705
		Marking as insignificant: 58708 59023 | 356634 356319 | 316 316 | 99.68 | gi|15640032|ref|NC_002505.1|_Vibrio_cholerae_O1_biovar_El_Tor_str._N16961_chromosome_I__complete_sequence ctg7180000002705
		Marking as insignificant: 2927661 2928105 | 356191 356634 | 445 444 | 97.75 | gi|15640032|ref|NC_002505.1|_Vibrio_cholerae_O1_biovar_El_Tor_str._N16961_chromosome_I__complete_sequence ctg7180000002705
		Marking as insignificant: 329117 329602 | 356634 356149 | 486 486 | 98.97 | gi|15640032|ref|NC_002505.1|_Vibrio_cholerae_O1_biovar_El_Tor_str._N16961_chromosome_I__complete_sequence ctg7180000002705
		Marking as insignificant: 2932699 2933481 | 1 771 | 783 771 | 98.08 | gi|15640032|ref|NC_002505.1|_Vibrio_cholerae_O1_biovar_El_Tor_str._N16961_chromosome_I__complete_sequence ctg7180000002705
		Marking as insignificant: 150872 151639 | 776 1 | 768 776 | 98.84 | gi|15640032|ref|NC_002505.1|_Vibrio_cholerae_O1_biovar_El_Tor_str._N16961_chromosome_I__complete_sequence ctg7180000002705
		Marking as insignificant: 401488 402332 | 851 1 | 845 851 | 95.68 | gi|15640032|ref|NC_002505.1|_Vibrio_cholerae_O1_biovar_El_Tor_str._N16961_chromosome_I__complete_sequence ctg7180000002705
		Marking as insignificant: 323865 324727 | 851 1 | 863 851 | 95.85 | gi|15640032|ref|NC_002505.1|_Vibrio_cholerae_O1_biovar_El_Tor_str._N16961_chromosome_I__complete_sequence ctg7180000002705
		Marking as insignificant: 53539 54403 | 854 1 | 865 854 | 95.52 | gi|15640032|ref|NC_002505.1|_Vibrio_cholerae_O1_biovar_El_Tor_str._N16961_chromosome_I__complete_sequence ctg7180000002705
		Marking as insignificant: 2938421 2939265 | 1 854 | 845 854 | 96.38 | gi|15640032|ref|NC_002505.1|_Vibrio_cholerae_O1_biovar_El_Tor_str._N16961_chromosome_I__complete_sequence ctg7180000002705
		Marking as insignificant: 2680838 2681763 | 1 934 | 926 934 | 98.5 | gi|15640032|ref|NC_002505.1|_Vibrio_cholerae_O1_biovar_El_Tor_str._N16961_chromosome_I__complete_sequence ctg7180000002705
		One align captures most of this contig: 406723 763355 | 356634 1 | 356633 356634 | 99.91 | gi|15640032|ref|NC_002505.1|_Vibrio_cholerae_O1_biovar_El_Tor_str._N16961_chromosome_I__complete_sequence ctg7180000002705

CONTIG: ctg7180000002704 (16393bp)
Top Length: 16393  Top ID: 99.76
		Marking as insignificant: 2661337 2661458 | 10294 10415 | 122 122 | 95.08 | gi|15640032|ref|NC_002505.1|_Vibrio_cholerae_O1_biovar_El_Tor_str._N16961_chromosome_I__complete_sequence ctg7180000002704
		Marking as insignificant: 1745119 1745240 | 10294 10415 | 122 122 | 95.08 | gi|15640032|ref|NC_002505.1|_Vibrio_cholerae_O1_biovar_El_Tor_str._N16961_chromosome_I__complete_sequence ctg7180000002704
		Marking as insignificant: 2938733 2939183 | 1 472 | 451 472 | 95.34 | gi|15640032|ref|NC_002505.1|_Vibrio_cholerae_O1_biovar_El_Tor_str._N16961_chromosome_I__complete_sequence ctg7180000002704
		Marking as insignificant: 401568 402019 | 472 1 | 452 472 | 95.55 | gi|15640032|ref|NC_002505.1|_Vibrio_cholerae_O1_biovar_El_Tor_str._N16961_chromosome_I__complete_sequence ctg7180000002704
		Marking as insignificant: 323945 324415 | 472 1 | 471 472 | 99.58 | gi|15640032|ref|NC_002505.1|_Vibrio_cholerae_O1_biovar_El_Tor_str._N16961_chromosome_I__complete_sequence ctg7180000002704
		Marking as insignificant: 53621 54091 | 472 1 | 471 472 | 99.79 | gi|15640032|ref|NC_002505.1|_Vibrio_cholerae_O1_biovar_El_Tor_str._N16961_chromosome_I__complete_sequence ctg7180000002704
		Marking as insignificant: 762568 763043 | 476 1 | 476 476 | 99.16 | gi|15640032|ref|NC_002505.1|_Vibrio_cholerae_O1_biovar_El_Tor_str._N16961_chromosome_I__complete_sequence ctg7180000002704
		Marking as insignificant: 2933011 2933483 | 1 474 | 473 474 | 99.79 | gi|15640032|ref|NC_002505.1|_Vibrio_cholerae_O1_biovar_El_Tor_str._N16961_chromosome_I__complete_sequence ctg7180000002704
		One align captures most of this contig: 134949 151327 | 16393 1 | 16379 16393 | 99.76 | gi|15640032|ref|NC_002505.1|_Vibrio_cholerae_O1_biovar_El_Tor_str._N16961_chromosome_I__complete_sequence ctg7180000002704

CONTIG: ctg7180000002706 (47549bp)
Top Length: 47549  Top ID: 99.92
		Marking as insignificant: 1294227 1294302 | 26525 26600 | 76 76 | 100.0 | gi|15640032|ref|NC_002505.1|_Vibrio_cholerae_O1_biovar_El_Tor_str._N16961_chromosome_I__complete_sequence ctg7180000002706
		Marking as insignificant: 1294227 1294302 | 26867 26942 | 76 76 | 100.0 | gi|15640032|ref|NC_002505.1|_Vibrio_cholerae_O1_biovar_El_Tor_str._N16961_chromosome_I__complete_sequence ctg7180000002706
		Marking as insignificant: 1293989 1294065 | 26866 26942 | 77 77 | 100.0 | gi|15640032|ref|NC_002505.1|_Vibrio_cholerae_O1_biovar_El_Tor_str._N16961_chromosome_I__complete_sequence ctg7180000002706
		Marking as insignificant: 1294227 1294305 | 27093 27171 | 79 79 | 100.0 | gi|15640032|ref|NC_002505.1|_Vibrio_cholerae_O1_biovar_El_Tor_str._N16961_chromosome_I__complete_sequence ctg7180000002706
		Marking as insignificant: 1294227 1294305 | 26635 26713 | 79 79 | 100.0 | gi|15640032|ref|NC_002505.1|_Vibrio_cholerae_O1_biovar_El_Tor_str._N16961_chromosome_I__complete_sequence ctg7180000002706
		Marking as insignificant: 1293989 1294069 | 26524 26604 | 81 81 | 98.77 | gi|15640032|ref|NC_002505.1|_Vibrio_cholerae_O1_biovar_El_Tor_str._N16961_chromosome_I__complete_sequence ctg7180000002706
		Marking as insignificant: 1293989 1294069 | 26634 26714 | 81 81 | 100.0 | gi|15640032|ref|NC_002505.1|_Vibrio_cholerae_O1_biovar_El_Tor_str._N16961_chromosome_I__complete_sequence ctg7180000002706
		Marking as insignificant: 1293989 1294071 | 27092 27174 | 83 83 | 100.0 | gi|15640032|ref|NC_002505.1|_Vibrio_cholerae_O1_biovar_El_Tor_str._N16961_chromosome_I__complete_sequence ctg7180000002706
		Marking as insignificant: 683061 683152 | 27589 27678 | 92 90 | 96.74 | gi|15640032|ref|NC_002505.1|_Vibrio_cholerae_O1_biovar_El_Tor_str._N16961_chromosome_I__complete_sequence ctg7180000002706
		Marking as insignificant: 381772 382945 | 1 1174 | 1174 1174 | 99.49 | gi|15640032|ref|NC_002505.1|_Vibrio_cholerae_O1_biovar_El_Tor_str._N16961_chromosome_I__complete_sequence ctg7180000002706
		One align captures most of this contig: 335338 382885 | 1 47549 | 47548 47549 | 99.92 | gi|15640032|ref|NC_002505.1|_Vibrio_cholerae_O1_biovar_El_Tor_str._N16961_chromosome_I__complete_sequence ctg7180000002706

CONTIG: ctg7180000002701 (17528bp)
Top Length: 17528  Top ID: 99.93
		Marking as insignificant: 260434 260619 | 505 321 | 186 185 | 98.39 | gi|15640032|ref|NC_002505.1|_Vibrio_cholerae_O1_biovar_El_Tor_str._N16961_chromosome_I__complete_sequence ctg7180000002701
		One align captures most of this contig: 918774 936301 | 17528 1 | 17528 17528 | 99.93 | gi|15640032|ref|NC_002505.1|_Vibrio_cholerae_O1_biovar_El_Tor_str._N16961_chromosome_I__complete_sequence ctg7180000002701

CONTIG: ctg7180000002700 (1697bp)
		This contig is unaligned. (1697 bp)
		Unaligned bases: 1697  total: 157505

CONTIG: ctg7180000002251 (895bp)
Top Length: 895  Top ID: 100.0
		One align captures most of this contig: 2583116 2584010 | 895 1 | 895 895 | 100.0 | gi|15640032|ref|NC_002505.1|_Vibrio_cholerae_O1_biovar_El_Tor_str._N16961_chromosome_I__complete_sequence ctg7180000002251

CONTIG: ctg7180000002702 (11698bp)
Top Length: 11698  Top ID: 99.95
		One align captures most of this contig: 1498528 1510225 | 1 11698 | 11698 11698 | 99.95 | gi|15640032|ref|NC_002505.1|_Vibrio_cholerae_O1_biovar_El_Tor_str._N16961_chromosome_I__complete_sequence ctg7180000002702

CONTIG: jtg7180000002659f_7180000002660f (109492bp)
Top Length: 109492  Top ID: 99.93
		Marking as insignificant: 155583 156161 | 109492 108915 | 579 578 | 99.31 | gi|15640032|ref|NC_002505.1|_Vibrio_cholerae_O1_biovar_El_Tor_str._N16961_chromosome_I__complete_sequence jtg7180000002659f_7180000002660f
		Marking as insignificant: 2933645 2934220 | 108917 109492 | 576 576 | 99.83 | gi|15640032|ref|NC_002505.1|_Vibrio_cholerae_O1_biovar_El_Tor_str._N16961_chromosome_I__complete_sequence jtg7180000002659f_7180000002660f
		Marking as insignificant: 2676236 2676815 | 108913 109492 | 580 580 | 100.0 | gi|15640032|ref|NC_002505.1|_Vibrio_cholerae_O1_biovar_El_Tor_str._N16961_chromosome_I__complete_sequence jtg7180000002659f_7180000002660f
		One align captures most of this contig: 767298 876787 | 109492 1 | 109490 109492 | 99.93 | gi|15640032|ref|NC_002505.1|_Vibrio_cholerae_O1_biovar_El_Tor_str._N16961_chromosome_I__complete_sequence jtg7180000002659f_7180000002660f

CONTIG: ctg7180000002679 (17034bp)
Top Length: 515  Top ID: 99.22
		Skipping redundant alignment 260429 260619 | 510 321 | 191 190 | 98.43 | gi|15640032|ref|NC_002505.1|_Vibrio_cholerae_O1_biovar_El_Tor_str._N16961_chromosome_I__complete_sequence ctg7180000002679
		This contig is partially unaligned. (515 out of 17034)
		Alignment: 935786 936301 | 515 1 | 516 515 | 99.22 | gi|15640032|ref|NC_002505.1|_Vibrio_cholerae_O1_biovar_El_Tor_str._N16961_chromosome_I__complete_sequence ctg7180000002679
		Unaligned bases: 516 to 17034 (16519)
		This contig has both significant aligned and unaligned parts (of length >= min-contig)!

CONTIG: ctg7180000002678 (57567bp)
		This contig is unaligned. (57567 bp)
		Unaligned bases: 57567  total: 215072

CONTIG: ctg7180000002670 (30172bp)
		This contig is unaligned. (30172 bp)
		Unaligned bases: 30172  total: 245244

CONTIG: jtg7180000002621r_7180000002686f_7180000002613r_7180000002687f_7180000002289r_7180000002688f (42987bp)
Top Length: 42987  Top ID: 99.97
		One align captures most of this contig: 876762 919747 | 42987 1 | 42986 42987 | 99.97 | gi|15640032|ref|NC_002505.1|_Vibrio_cholerae_O1_biovar_El_Tor_str._N16961_chromosome_I__complete_sequence jtg7180000002621r_7180000002686f_7180000002613r_7180000002687f_7180000002289r_7180000002688f

CONTIG: ctg7180000002303 (1144bp)
		This contig is unaligned. (1144 bp)
		Unaligned bases: 1144  total: 246388

CONTIG: ctg7180000002302 (592bp)
Top Length: 505  Top ID: 100.0
		This contig is misassembled. 2 total aligns.
			Real Alignment 1: 1484631 1484718 | 88 1 | 88 88 | 100.0 | gi|15640032|ref|NC_002505.1|_Vibrio_cholerae_O1_biovar_El_Tor_str._N16961_chromosome_I__complete_sequence ctg7180000002302
			  Extensive misassembly ( relocation, inconsistency = 79243 ) between these two alignments
			Real Alignment 2: 1563370 1563874 | 592 88 | 505 505 | 100.0 | gi|15640032|ref|NC_002505.1|_Vibrio_cholerae_O1_biovar_El_Tor_str._N16961_chromosome_I__complete_sequence ctg7180000002302

CONTIG: ctg7180000002684 (1456bp)
		This contig is unaligned. (1456 bp)
		Unaligned bases: 1456  total: 247844

CONTIG: ctg7180000002685 (4550bp)
		This contig is unaligned. (4550 bp)
		Unaligned bases: 4550  total: 252394

CONTIG: ctg7180000002682 (6589bp)
Top Length: 6589  Top ID: 99.91
		Marking as insignificant: 478684 478762 | 810 888 | 79 79 | 100.0 | gi|15640032|ref|NC_002505.1|_Vibrio_cholerae_O1_biovar_El_Tor_str._N16961_chromosome_I__complete_sequence ctg7180000002682
		Marking as insignificant: 478489 478567 | 810 888 | 79 79 | 100.0 | gi|15640032|ref|NC_002505.1|_Vibrio_cholerae_O1_biovar_El_Tor_str._N16961_chromosome_I__complete_sequence ctg7180000002682
		Marking as insignificant: 973168 973256 | 689 777 | 89 89 | 100.0 | gi|15640032|ref|NC_002505.1|_Vibrio_cholerae_O1_biovar_El_Tor_str._N16961_chromosome_I__complete_sequence ctg7180000002682
		Marking as insignificant: 973675 973764 | 688 777 | 90 90 | 100.0 | gi|15640032|ref|NC_002505.1|_Vibrio_cholerae_O1_biovar_El_Tor_str._N16961_chromosome_I__complete_sequence ctg7180000002682
		Marking as insignificant: 973503 973594 | 686 777 | 92 92 | 100.0 | gi|15640032|ref|NC_002505.1|_Vibrio_cholerae_O1_biovar_El_Tor_str._N16961_chromosome_I__complete_sequence ctg7180000002682
		Marking as insignificant: 973334 973425 | 686 777 | 92 92 | 100.0 | gi|15640032|ref|NC_002505.1|_Vibrio_cholerae_O1_biovar_El_Tor_str._N16961_chromosome_I__complete_sequence ctg7180000002682
		Marking as insignificant: 2933645 2933853 | 6381 6589 | 209 209 | 99.52 | gi|15640032|ref|NC_002505.1|_Vibrio_cholerae_O1_biovar_El_Tor_str._N16961_chromosome_I__complete_sequence ctg7180000002682
		Marking as insignificant: 155950 156165 | 6589 6375 | 216 215 | 98.61 | gi|15640032|ref|NC_002505.1|_Vibrio_cholerae_O1_biovar_El_Tor_str._N16961_chromosome_I__complete_sequence ctg7180000002682
		Marking as insignificant: 2676233 2676448 | 6373 6589 | 216 217 | 99.54 | gi|15640032|ref|NC_002505.1|_Vibrio_cholerae_O1_biovar_El_Tor_str._N16961_chromosome_I__complete_sequence ctg7180000002682
		Marking as insignificant: 58708 59023 | 6589 6274 | 316 316 | 100.0 | gi|15640032|ref|NC_002505.1|_Vibrio_cholerae_O1_biovar_El_Tor_str._N16961_chromosome_I__complete_sequence ctg7180000002682
		Marking as insignificant: 381761 382139 | 379 1 | 379 379 | 99.74 | gi|15640032|ref|NC_002505.1|_Vibrio_cholerae_O1_biovar_El_Tor_str._N16961_chromosome_I__complete_sequence ctg7180000002682
		Marking as insignificant: 2927661 2928105 | 6146 6589 | 445 444 | 97.53 | gi|15640032|ref|NC_002505.1|_Vibrio_cholerae_O1_biovar_El_Tor_str._N16961_chromosome_I__complete_sequence ctg7180000002682
		Marking as insignificant: 406723 407208 | 6589 6104 | 486 486 | 99.18 | gi|15640032|ref|NC_002505.1|_Vibrio_cholerae_O1_biovar_El_Tor_str._N16961_chromosome_I__complete_sequence ctg7180000002682
		One align captures most of this contig: 329117 335705 | 6589 1 | 6589 6589 | 99.91 | gi|15640032|ref|NC_002505.1|_Vibrio_cholerae_O1_biovar_El_Tor_str._N16961_chromosome_I__complete_sequence ctg7180000002682

CONTIG: ctg7180000002683 (42112bp)
Top Length: 42112  Top ID: 99.95
		One align captures most of this contig: 1951796 1993909 | 42112 1 | 42114 42112 | 99.95 | gi|15640032|ref|NC_002505.1|_Vibrio_cholerae_O1_biovar_El_Tor_str._N16961_chromosome_I__complete_sequence ctg7180000002683

CONTIG: ctg7180000002608 (3319bp)
Top Length: 3319  Top ID: 100.0
		One align captures most of this contig: 1495936 1499254 | 1 3319 | 3319 3319 | 100.0 | gi|15640032|ref|NC_002505.1|_Vibrio_cholerae_O1_biovar_El_Tor_str._N16961_chromosome_I__complete_sequence ctg7180000002608

CONTIG: ctg7180000002609 (1475bp)
		This contig is unaligned. (1475 bp)
		Unaligned bases: 1475  total: 253869

CONTIG: ctg7180000002605 (2553bp)
Top Length: 2553  Top ID: 100.0
		One align captures most of this contig: 132405 134957 | 2553 1 | 2553 2553 | 100.0 | gi|15640032|ref|NC_002505.1|_Vibrio_cholerae_O1_biovar_El_Tor_str._N16961_chromosome_I__complete_sequence ctg7180000002605

CONTIG: ctg7180000002602 (1776bp)
Top Length: 1476  Top ID: 99.93
		Skipping redundant alignment 263248 263552 | 1 305 | 305 305 | 100.0 | gi|15640032|ref|NC_002505.1|_Vibrio_cholerae_O1_biovar_El_Tor_str._N16961_chromosome_I__complete_sequence ctg7180000002602
		Skipping redundant alignment 1937511 1937810 | 300 1 | 300 300 | 100.0 | gi|15640032|ref|NC_002505.1|_Vibrio_cholerae_O1_biovar_El_Tor_str._N16961_chromosome_I__complete_sequence ctg7180000002602
		Skipping redundant alignment 1574293 1574894 | 1175 1776 | 602 602 | 100.0 | gi|15640032|ref|NC_002505.1|_Vibrio_cholerae_O1_biovar_El_Tor_str._N16961_chromosome_I__complete_sequence ctg7180000002602
		This contig is misassembled. 5 total aligns.
			Real Alignment 1: 1578270 1579745 | 301 1776 | 1476 1476 | 99.93 | gi|15640032|ref|NC_002505.1|_Vibrio_cholerae_O1_biovar_El_Tor_str._N16961_chromosome_I__complete_sequence ctg7180000002602
			  Extensive misassembly ( relocation, inconsistency = 6121 ) between these two alignments
			Real Alignment 2: 1584091 1585256 | 1 1166 | 1166 1166 | 99.66 | gi|15640032|ref|NC_002505.1|_Vibrio_cholerae_O1_biovar_El_Tor_str._N16961_chromosome_I__complete_sequence ctg7180000002602

Analyzing coverage...
Writing SNPs into /usit/invitro/data/galaxy/master/sabbai/galaxy-dist/database/job_working_directory/000/737/dataset_774_files/contigs_reports/nucmer_output/VC-H-Msrca.used_snps
	Reference gi|15640032|ref|NC_002505.1|_Vibrio_cholerae_O1_biovar_El_Tor_str._N16961_chromosome_I__complete_sequence: 53 total alignments. 1 total regions.
		Region: 1 to 2961149 (2961149 bp)
			Align 1: 1 54403 ctg7180000002703 22500 76901
				Gap between this and next alignment: 54403 to 58767 (4363 bp)
				Next Alignment: 58767 133020 ctg7180000002696 74254 1

			Align 2: 58767 133020 ctg7180000002696 74254 1
				Negative gap (overlap) between this and next alignment: 133020 to 132405 (-615 bp)
				Next Alignment: 132405 134957 ctg7180000002605 2553 1

			Previous gap was negative, modifying coordinates to ignore overlap
				Moving contig start from 2553 to 1937.
			Align 3: 133021 134957 ctg7180000002605 1937 1
				Negative gap (overlap) between this and next alignment: 134957 to 134949 (-8 bp)
				Next Alignment: 134949 151327 ctg7180000002704 16393 1

			Previous gap was negative, modifying coordinates to ignore overlap
				Moving contig start from 16393 to 16384.
			Align 4: 134958 151327 ctg7180000002704 16384 1
				Gap between this and next alignment: 151327 to 152791 (1463 bp)
				Next Alignment: 152791 237946 ctg7180000002690 1 85155

			Align 5: 152791 237946 ctg7180000002690 1 85155
				Negative gap (overlap) between this and next alignment: 237946 to 236727 (-1219 bp)
				Next Alignment: 236727 262290 ctg7180000002695 86184 60621

			Previous gap was negative, modifying coordinates to ignore overlap
				Moving contig start from 86184 to 84964.
			Align 6: 237947 262290 ctg7180000002695 84964 60621
				Negative gap (overlap) between this and next alignment: 262290 to 262287 (-3 bp)
				Next Alignment: 262287 262820 ctg7180000002633 534 1

			Previous gap was negative, modifying coordinates to ignore overlap
				Moving contig start from 534 to 530.
			Align 7: 262291 262820 ctg7180000002633 530 1
				The next alignment (262290 262820 ctg7180000002634 565 1095) is redundant. Skipping.
				Gap between this and next alignment: 262820 to 263546 (725 bp)
				Next Alignment: 263546 324168 ctg7180000002695 60626 1

			Align 9: 263546 324168 ctg7180000002695 60626 1
				Gap between this and next alignment: 324168 to 329117 (4948 bp)
				Next Alignment: 329117 335705 ctg7180000002682 6589 1

			Align 10: 329117 335705 ctg7180000002682 6589 1
				Negative gap (overlap) between this and next alignment: 335705 to 335338 (-367 bp)
				Next Alignment: 335338 382885 ctg7180000002706 1 47549

			Previous gap was negative, modifying coordinates to ignore overlap
				Moving contig start from 1 to 369.
			Align 11: 335706 382885 ctg7180000002706 369 47549
				Negative gap (overlap) between this and next alignment: 382885 to 381772 (-1113 bp)
				Next Alignment: 381772 402019 ctg7180000002697 20248 1

			Previous gap was negative, modifying coordinates to ignore overlap
				Moving contig start from 20248 to 19134.
			Align 12: 382886 402019 ctg7180000002697 19134 1
				Gap between this and next alignment: 402019 to 406723 (4703 bp)
				Next Alignment: 406723 763355 ctg7180000002705 356634 1

			Align 13: 406723 763355 ctg7180000002705 356634 1
				The next alignment (428789 429666 ctg7180000002292 1 878) is redundant. Skipping.
				Gap between this and next alignment: 763355 to 767298 (3942 bp)
				Next Alignment: 767298 876787 jtg7180000002659f_7180000002660f 109492 1

			Align 15: 767298 876787 jtg7180000002659f_7180000002660f 109492 1
				Negative gap (overlap) between this and next alignment: 876787 to 876762 (-25 bp)
				Next Alignment: 876762 919747 jtg7180000002621r_7180000002686f_7180000002613r_7180000002687f_7180000002289r_7180000002688f 42987 1

			Previous gap was negative, modifying coordinates to ignore overlap
				Moving contig start from 42987 to 42961.
			Align 16: 876788 919747 jtg7180000002621r_7180000002686f_7180000002613r_7180000002687f_7180000002289r_7180000002688f 42961 1
				Negative gap (overlap) between this and next alignment: 919747 to 918774 (-973 bp)
				Next Alignment: 918774 936301 ctg7180000002701 17528 1

			Previous gap was negative, modifying coordinates to ignore overlap
				Moving contig start from 17528 to 16554.
			Align 17: 919748 936301 ctg7180000002701 16554 1
				The next alignment (935786 936301 jtg7180000002619f_7180000002677f 9106 9621) is redundant. Skipping.
				The next alignment (935786 936301 ctg7180000002679 515 1) is redundant. Skipping.
				The next alignment (935797 936014 ctg7180000002640 218 1) is redundant. Skipping.
				Negative gap (overlap) between this and next alignment: 936301 to 935832 (-469 bp)
				Next Alignment: 935832 973656 jtg7180000002674f_7180000002675f_7180000002676f 1 37824

			Previous gap was negative, modifying coordinates to ignore overlap
				Moving contig start from 1 to 471.
			Align 21: 936302 973656 jtg7180000002674f_7180000002675f_7180000002676f 471 37824
				The next alignment (935832 936420 ctg7180000002661 3936 3348) is redundant. Skipping.
				The next alignment (936183 936419 ctg7180000002662 1 237) is redundant. Skipping.
				Negative gap (overlap) between this and next alignment: 973656 to 973337 (-319 bp)
				Next Alignment: 973337 1172367 jtg7180000002674f_7180000002675f_7180000002676f 37336 236373

			Previous gap was negative, modifying coordinates to ignore overlap
				Moving contig start from 37336 to 37656.
			Align 24: 973657 1172367 jtg7180000002674f_7180000002675f_7180000002676f 37656 236373
				Negative gap (overlap) between this and next alignment: 1172367 to 1170937 (-1430 bp)
				Next Alignment: 1170937 1495912 jtg7180000002689f_7180000002622f 324982 1

			Previous gap was negative, modifying coordinates to ignore overlap
				Moving contig start from 324982 to 323551.
			Align 25: 1172368 1495912 jtg7180000002689f_7180000002622f 323551 1
				The next alignment (1484631 1484718 ctg7180000002302 88 1) is redundant. Skipping.
				Gap between this and next alignment: 1495912 to 1495936 (23 bp)
				Next Alignment: 1495936 1499254 ctg7180000002608 1 3319

			Align 27: 1495936 1499254 ctg7180000002608 1 3319
				Negative gap (overlap) between this and next alignment: 1499254 to 1498528 (-726 bp)
				Next Alignment: 1498528 1510225 ctg7180000002702 1 11698

			Previous gap was negative, modifying coordinates to ignore overlap
				Moving contig start from 1 to 728.
			Align 28: 1499255 1510225 ctg7180000002702 728 11698
				Negative gap (overlap) between this and next alignment: 1510225 to 1509827 (-398 bp)
				Next Alignment: 1509827 1564499 jtg7180000002271f_7180000002631f_7180000002632f 54674 1

			Previous gap was negative, modifying coordinates to ignore overlap
				Moving contig start from 54674 to 54275.
			Align 29: 1510226 1564499 jtg7180000002271f_7180000002631f_7180000002632f 54275 1
				The next alignment (1563370 1563874 ctg7180000002302 592 88) is redundant. Skipping.
				Gap between this and next alignment: 1564499 to 1564664 (164 bp)
				Next Alignment: 1564664 1565923 ctg7180000002698 1 1260

			Align 31: 1564664 1565923 ctg7180000002698 1 1260
				Gap between this and next alignment: 1565923 to 1566367 (443 bp)
				Next Alignment: 1566367 1566550 ctg7180000002698 1714 1898

			Align 32: 1566367 1566550 ctg7180000002698 1714 1898
				Gap between this and next alignment: 1566550 to 1566696 (145 bp)
				Next Alignment: 1566696 1566831 ctg7180000002698 2165 2300

			Align 33: 1566696 1566831 ctg7180000002698 2165 2300
				Negative gap (overlap) between this and next alignment: 1566831 to 1566696 (-135 bp)
				Next Alignment: 1566696 1571486 ctg7180000002643 248 5038

			Previous gap was negative, modifying coordinates to ignore overlap
				Moving contig start from 248 to 384.
			Align 34: 1566832 1571486 ctg7180000002643 384 5038
				Negative gap (overlap) between this and next alignment: 1571486 to 1571129 (-357 bp)
				Next Alignment: 1571129 1572744 ctg7180000002642 1 1616

			Previous gap was negative, modifying coordinates to ignore overlap
				Moving contig start from 1 to 359.
			Align 35: 1571487 1572744 ctg7180000002642 359 1616
				Gap between this and next alignment: 1572744 to 1573546 (801 bp)
				Next Alignment: 1573546 1574894 ctg7180000002699 1349 1

			Align 36: 1573546 1574894 ctg7180000002699 1349 1
				Gap between this and next alignment: 1574894 to 1578270 (3375 bp)
				Next Alignment: 1578270 1579745 ctg7180000002602 301 1776

			Align 37: 1578270 1579745 ctg7180000002602 301 1776
				Gap between this and next alignment: 1579745 to 1580122 (376 bp)
				Next Alignment: 1580122 1583389 ctg7180000002712 3268 1

			Align 38: 1580122 1583389 ctg7180000002712 3268 1
				Gap between this and next alignment: 1583389 to 1584091 (701 bp)
				Next Alignment: 1584091 1585256 ctg7180000002602 1 1166

			Align 39: 1584091 1585256 ctg7180000002602 1 1166
				Negative gap (overlap) between this and next alignment: 1585256 to 1585184 (-72 bp)
				Next Alignment: 1585184 1737014 jtg7180000002707f_7180000002708f_7180000002709f_7180000002710f_7180000002711f 241604 89772

			Previous gap was negative, modifying coordinates to ignore overlap
				Moving contig start from 241604 to 241531.
			Align 40: 1585257 1737014 jtg7180000002707f_7180000002708f_7180000002709f_7180000002710f_7180000002711f 241531 89772
				Gap between this and next alignment: 1737014 to 1738720 (1705 bp)
				Next Alignment: 1738720 1788564 jtg7180000002707f_7180000002708f_7180000002709f_7180000002710f_7180000002711f 90124 40270

			Align 41: 1738720 1788564 jtg7180000002707f_7180000002708f_7180000002709f_7180000002710f_7180000002711f 90124 40270
				Negative gap (overlap) between this and next alignment: 1788564 to 1768521 (-20043 bp)
				Next Alignment: 1768521 1828834 jtg7180000002707f_7180000002708f_7180000002709f_7180000002710f_7180000002711f 60323 1

			Previous gap was negative, modifying coordinates to ignore overlap
				Moving contig start from 60323 to 40259.
			Align 42: 1788565 1828834 jtg7180000002707f_7180000002708f_7180000002709f_7180000002710f_7180000002711f 40259 1
				Gap between this and next alignment: 1828834 to 1828847 (12 bp)
				Next Alignment: 1828847 1937810 jtg7180000002713f_7180000002627f 1 108966

			Align 43: 1828847 1937810 jtg7180000002713f_7180000002627f 1 108966
				The next alignment (1936727 1936856 ctg7180000002691 130 1) is redundant. Skipping.
				Gap between this and next alignment: 1937810 to 1938238 (427 bp)
				Next Alignment: 1938238 1951804 jtg7180000002645f_7180000002646f 1 13576

			Align 45: 1938238 1951804 jtg7180000002645f_7180000002646f 1 13576
				The next alignment (1938238 1939308 ctg7180000002635 1 1071) is redundant. Skipping.
				Negative gap (overlap) between this and next alignment: 1951804 to 1951796 (-8 bp)
				Next Alignment: 1951796 1993909 ctg7180000002683 42112 1

			Previous gap was negative, modifying coordinates to ignore overlap
				Moving contig start from 42112 to 42103.
			Align 47: 1951805 1993909 ctg7180000002683 42103 1
				Gap between this and next alignment: 1993909 to 1993945 (35 bp)
				Next Alignment: 1993945 2549591 jtg7180000002663f_7180000002664f_7180000002665f_7180000002666f 555664 1

			Align 48: 1993945 2549591 jtg7180000002663f_7180000002664f_7180000002665f_7180000002666f 555664 1
				Gap between this and next alignment: 2549591 to 2549609 (17 bp)
				Next Alignment: 2549609 2676795 jtg7180000002680f_7180000002681f 1 127189

			Align 49: 2549609 2676795 jtg7180000002680f_7180000002681f 1 127189
				The next alignment (2583116 2584010 ctg7180000002251 895 1) is redundant. Skipping.
				Gap between this and next alignment: 2676795 to 2681597 (4801 bp)
				Next Alignment: 2681597 2928105 jtg7180000002668f_7180000002669f 246505 1

			Align 51: 2681597 2928105 jtg7180000002668f_7180000002669f 246505 1
				Gap between this and next alignment: 2928105 to 2933258 (5152 bp)
				Next Alignment: 2933258 2934200 ctg7180000002629 943 1

			Align 52: 2933258 2934200 ctg7180000002629 943 1
				Gap between this and next alignment: 2934200 to 2938651 (4450 bp)
				Next Alignment: 2938651 2961149 ctg7180000002703 1 22499

			Align 53: 2938651 2961149 ctg7180000002703 1 22499
			END in current alignment.  Modifying 2961149 to 2961149.

Analysis is finished!
Founded SNPs were written into /usit/invitro/data/galaxy/master/sabbai/galaxy-dist/database/job_working_directory/000/737/dataset_774_files/contigs_reports/nucmer_output/VC-H-Msrca.used_snps

Results:
	Local Misassemblies: 4
	Misassemblies: 4
		Relocations: 4
		Translocations: 0
		Inversions: 0
	Misassembled Contigs: 4
	Misassembled Contig Bases: 330156
	Misassmblies Inter-Contig Overlap: 21769
Uncovered Regions: 0 (0)
Unaligned Contigs: 42 + 14 part
Partially Unaligned Contigs with Misassemblies: 5
Unaligned Contig Bases: 1044717

Ambiguously Mapped Contigs: 0
Total Bases in Ambiguously Mapped Contigs: 0
Note that --allow-ambiguity option was set to "one" and only first alignment per each contig was used.

	Covered Bases: 2918378

	SNPs: 1975
	Insertions: 151
	Deletions: 75

	Positive Gaps: 22
		Internal Gaps:  3
		External Gaps:  19
		External Gap Total:  40478
		External Gap Average: 2130
	Negative Gaps: 18
		Internal Overlaps:  2
		External Overlaps:  16
		External Overlaps Total: -7918
		External Overlaps Average: -495
	Contigs with Redundant Alignments: 9 (6174)
