Aligning contigs to reference...
	Running Nucmer...
Parsing coords...
Loading Assembly...
Loading reference...
	Loaded [gi|42779081|ref|NC_003909.8|_Bacillus_cereus_ATCC_10987__complete_genome]
	Loaded [gi|44004339|ref|NC_005707.1|_Bacillus_cereus_ATCC_10987_plasmid_pBc10987__complete_sequence]
Loading SNPs...
Loading regions...
	No regions given, using whole reference.
	Total Regions: 2
	Total Region Length: 5432652
Analyzing contigs...
CONTIG: scaffold169_59.7 (83912bp)
		This contig is unaligned. (83912 bp)
		Unaligned bases: 83912  total: 83912

CONTIG: C13927_30.0 (3581bp)
		This contig is unaligned. (3581 bp)
		Unaligned bases: 3581  total: 87493

CONTIG: C13883_47.0 (3057bp)
		This contig is unaligned. (3057 bp)
		Unaligned bases: 3057  total: 90550

CONTIG: scaffold19_50.5 (9875bp)
		This contig is unaligned. (9875 bp)
		Unaligned bases: 9875  total: 100425

CONTIG: scaffold93_53.1 (1485bp)
		This contig is unaligned. (1485 bp)
		Unaligned bases: 1485  total: 101910

CONTIG: C13931_40.0 (3629bp)
		This contig is unaligned. (3629 bp)
		Unaligned bases: 3629  total: 105539

CONTIG: scaffold153_62.0 (29547bp)
		This contig is unaligned. (29547 bp)
		Unaligned bases: 29547  total: 135086

CONTIG: scaffold78_60.3 (25286bp)
		This contig is unaligned. (25286 bp)
		Unaligned bases: 25286  total: 160372

CONTIG: C13789_62.0 (1972bp)
		This contig is unaligned. (1972 bp)
		Unaligned bases: 1972  total: 162344

CONTIG: scaffold145_56.8 (6779bp)
		This contig is unaligned. (6779 bp)
		Unaligned bases: 6779  total: 169123

CONTIG: C13805_63.0 (2171bp)
		This contig is unaligned. (2171 bp)
		Unaligned bases: 2171  total: 171294

CONTIG: C14103_61.0 (6697bp)
		This contig is unaligned. (6697 bp)
		Unaligned bases: 6697  total: 177991

CONTIG: C14379_43.0 (16502bp)
		This contig is unaligned. (16502 bp)
		Unaligned bases: 16502  total: 194493

CONTIG: C13977_42.0 (4381bp)
Top Length: 691  Top ID: 95.37
		This contig is partially unaligned. (691 out of 4381)
		Alignment: 2599598 2600288 | 111 801 | 691 691 | 95.37 | gi|42779081|ref|NC_003909.8|_Bacillus_cereus_ATCC_10987__complete_genome C13977_42.0
		Unaligned bases: 1 to 110 (110)
		Unaligned bases: 802 to 4381 (3580)
		This contig has both significant aligned and unaligned parts (of length >= min-contig)!

CONTIG: scaffold51_60.4 (39121bp)
Top Length: 70  Top ID: 98.57
		Skipping redundant alignments after choosing the best set of alignments
		Skipping [284486][284554] redundant alignment 284486 284554 | 1 70 | 69 70 | 98.57 | gi|42779081|ref|NC_003909.8|_Bacillus_cereus_ATCC_10987__complete_genome scaffold51_60.4
		Skipping [285018][285086] redundant alignment 285018 285086 | 1 70 | 69 70 | 98.57 | gi|42779081|ref|NC_003909.8|_Bacillus_cereus_ATCC_10987__complete_genome scaffold51_60.4
		This contig is partially unaligned. (70 out of 39121)
		Alignment: 278793 278861 | 1 70 | 69 70 | 98.57 | gi|42779081|ref|NC_003909.8|_Bacillus_cereus_ATCC_10987__complete_genome scaffold51_60.4
		Unaligned bases: 71 to 39121 (39051)

CONTIG: C14181_32.0 (8491bp)
		This contig is unaligned. (8491 bp)
		Unaligned bases: 8491  total: 202984

CONTIG: C14479_41.0 (25964bp)
		This contig is unaligned. (25964 bp)
		Unaligned bases: 25964  total: 228948

CONTIG: scaffold94_60.7 (5470bp)
		This contig is unaligned. (5470 bp)
		Unaligned bases: 5470  total: 234418

CONTIG: C14301_59.0 (12402bp)
		This contig is unaligned. (12402 bp)
		Unaligned bases: 12402  total: 246820

CONTIG: C13939_32.0 (3813bp)
		This contig is unaligned. (3813 bp)
		Unaligned bases: 3813  total: 250633

CONTIG: scaffold2_54.9 (18861bp)
		This contig is unaligned. (18861 bp)
		Unaligned bases: 18861  total: 269494

CONTIG: C13743_65.0 (1562bp)
		This contig is unaligned. (1562 bp)
		Unaligned bases: 1562  total: 271056

CONTIG: C14559_47.0 (48651bp)
		This contig is unaligned. (48651 bp)
		Unaligned bases: 48651  total: 319707

CONTIG: scaffold11_60.5 (119116bp)
		This contig is unaligned. (119116 bp)
		Unaligned bases: 119116  total: 438823

CONTIG: scaffold142_26.2 (5599bp)
		This contig is unaligned. (5599 bp)
		Unaligned bases: 5599  total: 444422

CONTIG: scaffold75_35.6 (954bp)
		This contig is unaligned. (954 bp)
		Unaligned bases: 954  total: 445376

CONTIG: scaffold128_38.6 (15949bp)
		This contig is unaligned. (15949 bp)
		Unaligned bases: 15949  total: 461325

CONTIG: scaffold102_57.0 (65937bp)
		This contig is unaligned. (65937 bp)
		Unaligned bases: 65937  total: 527262

CONTIG: C13765_61.0 (1790bp)
Top Length: 102  Top ID: 96.19
		This contig is misassembled. 2 total aligns.
			Warning! This contig is more unaligned than misassembled. Contig length is 1790 and total length of all aligns is 196
		Alignment: 3118282 3118375 | 1790 1697 | 94 94 | 97.87 | gi|42779081|ref|NC_003909.8|_Bacillus_cereus_ATCC_10987__complete_genome C13765_61.0
		Alignment: 3118374 3118478 | 102 1 | 105 102 | 96.19 | gi|42779081|ref|NC_003909.8|_Bacillus_cereus_ATCC_10987__complete_genome C13765_61.0
		Unaligned bases: 1594
CONTIG: scaffold69_61.9 (3727bp)
		This contig is unaligned. (3727 bp)
		Unaligned bases: 3727  total: 530989

CONTIG: C13631_58.0 (871bp)
		This contig is unaligned. (871 bp)
		Unaligned bases: 871  total: 531860

CONTIG: C14393_37.0 (17773bp)
		This contig is unaligned. (17773 bp)
		Unaligned bases: 17773  total: 549633

CONTIG: C13955_58.0 (3992bp)
		This contig is unaligned. (3992 bp)
		Unaligned bases: 3992  total: 553625

CONTIG: C13801_58.0 (2067bp)
		This contig is unaligned. (2067 bp)
		Unaligned bases: 2067  total: 555692

CONTIG: scaffold88_51.4 (40982bp)
		This contig is unaligned. (40982 bp)
		Unaligned bases: 40982  total: 596674

CONTIG: scaffold136_28.0 (22443bp)
		This contig is unaligned. (22443 bp)
		Unaligned bases: 22443  total: 619117

CONTIG: scaffold61_60.6 (522bp)
		This contig is unaligned. (522 bp)
		Unaligned bases: 522  total: 619639

CONTIG: C13901_27.0 (3274bp)
		This contig is unaligned. (3274 bp)
		Unaligned bases: 3274  total: 622913

CONTIG: scaffold27_36.6 (3839bp)
		This contig is unaligned. (3839 bp)
		Unaligned bases: 3839  total: 626752

CONTIG: scaffold134_45.5 (9520bp)
		This contig is unaligned. (9520 bp)
		Unaligned bases: 9520  total: 636272

CONTIG: C13889_45.0 (3104bp)
		This contig is unaligned. (3104 bp)
		Unaligned bases: 3104  total: 639376

CONTIG: scaffold156_59.2 (41862bp)
		This contig is unaligned. (41862 bp)
		Unaligned bases: 41862  total: 681238

CONTIG: scaffold137_54.0 (12093bp)
		This contig is unaligned. (12093 bp)
		Unaligned bases: 12093  total: 693331

CONTIG: scaffold21_60.1 (1364bp)
Top Length: 256  Top ID: 96.9
		Skipping redundant alignment 150499 150664 | 244 80 | 166 165 | 98.19 | gi|42779081|ref|NC_003909.8|_Bacillus_cereus_ATCC_10987__complete_genome scaffold21_60.1
		Skipping redundant alignment 822980 823059 | 163 84 | 80 80 | 100.0 | gi|42779081|ref|NC_003909.8|_Bacillus_cereus_ATCC_10987__complete_genome scaffold21_60.1
		Skipping redundant alignment 4650805 4650881 | 87 163 | 77 77 | 100.0 | gi|42779081|ref|NC_003909.8|_Bacillus_cereus_ATCC_10987__complete_genome scaffold21_60.1
		Skipping redundant alignment 824721 824793 | 243 171 | 73 73 | 100.0 | gi|42779081|ref|NC_003909.8|_Bacillus_cereus_ATCC_10987__complete_genome scaffold21_60.1
		Skipping redundant alignment 5203885 5203957 | 171 243 | 73 73 | 100.0 | gi|42779081|ref|NC_003909.8|_Bacillus_cereus_ATCC_10987__complete_genome scaffold21_60.1
		Skipping redundant alignment 64526 64597 | 242 171 | 72 72 | 100.0 | gi|42779081|ref|NC_003909.8|_Bacillus_cereus_ATCC_10987__complete_genome scaffold21_60.1
		Skipping redundant alignment 150319 150400 | 427 346 | 82 82 | 100.0 | gi|42779081|ref|NC_003909.8|_Bacillus_cereus_ATCC_10987__complete_genome scaffold21_60.1
		Skipping redundant alignment 824640 824721 | 427 346 | 82 82 | 100.0 | gi|42779081|ref|NC_003909.8|_Bacillus_cereus_ATCC_10987__complete_genome scaffold21_60.1
		This contig is misassembled. 10 total aligns.
			Warning! This contig is more unaligned than misassembled. Contig length is 1364 and total length of all aligns is 426
		Alignment: 609955 610202 | 249 1 | 248 249 | 97.99 | gi|42779081|ref|NC_003909.8|_Bacillus_cereus_ATCC_10987__complete_genome scaffold21_60.1
		Alignment: 4648918 4649173 | 171 426 | 256 256 | 96.9 | gi|42779081|ref|NC_003909.8|_Bacillus_cereus_ATCC_10987__complete_genome scaffold21_60.1
		Unaligned bases: 938
CONTIG: C14207_55.0 (9255bp)
		This contig is unaligned. (9255 bp)
		Unaligned bases: 9255  total: 702586

CONTIG: C13863_47.0 (2865bp)
		This contig is unaligned. (2865 bp)
		Unaligned bases: 2865  total: 705451

CONTIG: scaffold64_60.1 (47142bp)
		This contig is unaligned. (47142 bp)
		Unaligned bases: 47142  total: 752593

CONTIG: scaffold1_61.7 (54744bp)
		This contig is unaligned. (54744 bp)
		Unaligned bases: 54744  total: 807337

CONTIG: scaffold139_29.0 (6747bp)
		This contig is unaligned. (6747 bp)
		Unaligned bases: 6747  total: 814084

CONTIG: scaffold74_57.3 (25203bp)
		This contig is unaligned. (25203 bp)
		Unaligned bases: 25203  total: 839287

CONTIG: C13633_61.0 (887bp)
		This contig is unaligned. (887 bp)
		Unaligned bases: 887  total: 840174

CONTIG: scaffold130_35.0 (7691bp)
		This contig is unaligned. (7691 bp)
		Unaligned bases: 7691  total: 847865

CONTIG: scaffold140_31.4 (17027bp)
		This contig is unaligned. (17027 bp)
		Unaligned bases: 17027  total: 864892

CONTIG: C13533_33.0 (566bp)
		This contig is unaligned. (566 bp)
		Unaligned bases: 566  total: 865458

CONTIG: C14307_31.0 (12598bp)
		This contig is unaligned. (12598 bp)
		Unaligned bases: 12598  total: 878056

CONTIG: scaffold99_36.2 (762bp)
		This contig is unaligned. (762 bp)
		Unaligned bases: 762  total: 878818

CONTIG: C14409_60.0 (19035bp)
		This contig is unaligned. (19035 bp)
		Unaligned bases: 19035  total: 897853

CONTIG: C14441_33.0 (20886bp)
		This contig is unaligned. (20886 bp)
		Unaligned bases: 20886  total: 918739

CONTIG: C14427_39.0 (20146bp)
		This contig is unaligned. (20146 bp)
		Unaligned bases: 20146  total: 938885

CONTIG: C13697_22.0 (1217bp)
		This contig is unaligned. (1217 bp)
		Unaligned bases: 1217  total: 940102

CONTIG: scaffold122_36.0 (20038bp)
		This contig is unaligned. (20038 bp)
		Unaligned bases: 20038  total: 960140

CONTIG: scaffold162_51.6 (25294bp)
		This contig is unaligned. (25294 bp)
		Unaligned bases: 25294  total: 985434

CONTIG: C14129_59.0 (7245bp)
		This contig is unaligned. (7245 bp)
		Unaligned bases: 7245  total: 992679

CONTIG: scaffold124_17.5 (1896bp)
		This contig is unaligned. (1896 bp)
		Unaligned bases: 1896  total: 994575

CONTIG: C14031_37.0 (5273bp)
		This contig is unaligned. (5273 bp)
		Unaligned bases: 5273  total: 999848

CONTIG: scaffold26_55.3 (291831bp)
		This contig is unaligned. (291831 bp)
		Unaligned bases: 291831  total: 1291679

CONTIG: scaffold138_27.6 (7119bp)
		This contig is unaligned. (7119 bp)
		Unaligned bases: 7119  total: 1298798

CONTIG: scaffold126_28.3 (16631bp)
		This contig is unaligned. (16631 bp)
		Unaligned bases: 16631  total: 1315429

CONTIG: C13777_27.0 (1831bp)
		This contig is unaligned. (1831 bp)
		Unaligned bases: 1831  total: 1317260

CONTIG: C14061_31.0 (5707bp)
		This contig is unaligned. (5707 bp)
		Unaligned bases: 5707  total: 1322967

CONTIG: scaffold89_40.3 (3464bp)
		This contig is unaligned. (3464 bp)
		Unaligned bases: 3464  total: 1326431

CONTIG: C14035_63.0 (5319bp)
		This contig is unaligned. (5319 bp)
		Unaligned bases: 5319  total: 1331750

CONTIG: C13583_63.0 (697bp)
		This contig is unaligned. (697 bp)
		Unaligned bases: 697  total: 1332447

CONTIG: C13603_63.0 (778bp)
		This contig is unaligned. (778 bp)
		Unaligned bases: 778  total: 1333225

CONTIG: scaffold76_43.7 (16963bp)
		This contig is unaligned. (16963 bp)
		Unaligned bases: 16963  total: 1350188

CONTIG: scaffold59_22.2 (793bp)
Top Length: 65  Top ID: 100.0
		This contig is partially unaligned. (65 out of 793)
		Alignment: 2367412 2367476 | 65 1 | 65 65 | 100.0 | gi|42779081|ref|NC_003909.8|_Bacillus_cereus_ATCC_10987__complete_genome scaffold59_22.2
		Unaligned bases: 66 to 793 (728)

CONTIG: scaffold116_54.2 (88233bp)
		This contig is unaligned. (88233 bp)
		Unaligned bases: 88233  total: 1438421

CONTIG: C13873_40.0 (3003bp)
		This contig is unaligned. (3003 bp)
		Unaligned bases: 3003  total: 1441424

CONTIG: C13755_60.0 (1667bp)
		This contig is unaligned. (1667 bp)
		Unaligned bases: 1667  total: 1443091

CONTIG: C13835_44.0 (2544bp)
		This contig is unaligned. (2544 bp)
		Unaligned bases: 2544  total: 1445635

CONTIG: scaffold23_54.4 (7084bp)
		This contig is unaligned. (7084 bp)
		Unaligned bases: 7084  total: 1452719

CONTIG: scaffold163_44.6 (38930bp)
Top Length: 69  Top ID: 100.0
		This contig is partially unaligned. (69 out of 38930)
		Alignment: 1080080 1080148 | 10758 10826 | 69 69 | 100.0 | gi|42779081|ref|NC_003909.8|_Bacillus_cereus_ATCC_10987__complete_genome scaffold163_44.6
		Unaligned bases: 1 to 10757 (10757)
		Unaligned bases: 10827 to 38930 (28104)

CONTIG: C14265_28.0 (11186bp)
		This contig is unaligned. (11186 bp)
		Unaligned bases: 11186  total: 1463905

CONTIG: C14027_27.0 (5214bp)
		This contig is unaligned. (5214 bp)
		Unaligned bases: 5214  total: 1469119

CONTIG: scaffold86_43.4 (11740bp)
Top Length: 156  Top ID: 98.08
		Skipping redundant alignment 5142491 5142636 | 11740 11595 | 146 146 | 99.32 | gi|42779081|ref|NC_003909.8|_Bacillus_cereus_ATCC_10987__complete_genome scaffold86_43.4
		This contig is partially unaligned. (156 out of 11740)
		Alignment: 2564190 2564345 | 11585 11740 | 156 156 | 98.08 | gi|42779081|ref|NC_003909.8|_Bacillus_cereus_ATCC_10987__complete_genome scaffold86_43.4
		Unaligned bases: 1 to 11584 (11584)

CONTIG: C13721_58.0 (1299bp)
		This contig is unaligned. (1299 bp)
		Unaligned bases: 1299  total: 1470418

CONTIG: scaffold49_55.9 (23414bp)
		This contig is unaligned. (23414 bp)
		Unaligned bases: 23414  total: 1493832

CONTIG: scaffold157_43.1 (32998bp)
		This contig is unaligned. (32998 bp)
		Unaligned bases: 32998  total: 1526830

CONTIG: C13847_44.0 (2637bp)
		This contig is unaligned. (2637 bp)
		Unaligned bases: 2637  total: 1529467

CONTIG: C13661_64.0 (1050bp)
		This contig is unaligned. (1050 bp)
		Unaligned bases: 1050  total: 1530517

CONTIG: C13587_64.0 (711bp)
		This contig is unaligned. (711 bp)
		Unaligned bases: 711  total: 1531228

CONTIG: scaffold35_36.9 (58233bp)
		This contig is unaligned. (58233 bp)
		Unaligned bases: 58233  total: 1589461

CONTIG: scaffold48_52.2 (15207bp)
		This contig is unaligned. (15207 bp)
		Unaligned bases: 15207  total: 1604668

CONTIG: scaffold109_38.0 (953bp)
		This contig is unaligned. (953 bp)
		Unaligned bases: 953  total: 1605621

CONTIG: C13513_63.0 (508bp)
		This contig is unaligned. (508 bp)
		Unaligned bases: 508  total: 1606129

CONTIG: C14163_36.0 (8040bp)
Top Length: 65  Top ID: 100.0
		This contig is partially unaligned. (65 out of 8040)
		Alignment: 3233471 3233535 | 7976 8040 | 65 65 | 100.0 | gi|42779081|ref|NC_003909.8|_Bacillus_cereus_ATCC_10987__complete_genome C14163_36.0
		Unaligned bases: 1 to 7975 (7975)

CONTIG: C13985_25.0 (4506bp)
		This contig is unaligned. (4506 bp)
		Unaligned bases: 4506  total: 1610635

CONTIG: scaffold115_34.2 (22332bp)
Top Length: 157  Top ID: 95.54
		Skipping redundant alignment 1080078 1080148 | 4783 4853 | 71 71 | 100.0 | gi|42779081|ref|NC_003909.8|_Bacillus_cereus_ATCC_10987__complete_genome scaffold115_34.2
		This contig is partially unaligned. (157 out of 22332)
		Alignment: 4416917 4417073 | 4853 4697 | 157 157 | 95.54 | gi|42779081|ref|NC_003909.8|_Bacillus_cereus_ATCC_10987__complete_genome scaffold115_34.2
		Unaligned bases: 1 to 4696 (4696)
		Unaligned bases: 4854 to 22332 (17479)

CONTIG: C14579_40.0 (68565bp)
		This contig is unaligned. (68565 bp)
		Unaligned bases: 68565  total: 1679200

CONTIG: scaffold20_51.3 (503bp)
Top Length: 152  Top ID: 99.34
		Skipping redundant alignment 11071 11149 | 72 150 | 79 79 | 98.73 | gi|42779081|ref|NC_003909.8|_Bacillus_cereus_ATCC_10987__complete_genome scaffold20_51.3
		Skipping redundant alignment 30845 30923 | 72 150 | 79 79 | 98.73 | gi|42779081|ref|NC_003909.8|_Bacillus_cereus_ATCC_10987__complete_genome scaffold20_51.3
		Skipping redundant alignment 151066 151138 | 77 149 | 73 73 | 100.0 | gi|42779081|ref|NC_003909.8|_Bacillus_cereus_ATCC_10987__complete_genome scaffold20_51.3
		Skipping redundant alignment 21771 21863 | 168 260 | 93 93 | 97.85 | gi|42779081|ref|NC_003909.8|_Bacillus_cereus_ATCC_10987__complete_genome scaffold20_51.3
		This contig is misassembled. 7 total aligns.
			Real Alignment 1: 21769 21863 | 322 416 | 95 95 | 97.89 | gi|42779081|ref|NC_003909.8|_Bacillus_cereus_ATCC_10987__complete_genome scaffold20_51.3
			  Extensive misassembly ( relocation, inconsistency = 4628073 ) between these two alignments
			Real Alignment 2: 4649786 4649894 | 266 158 | 109 109 | 99.08 | gi|42779081|ref|NC_003909.8|_Bacillus_cereus_ATCC_10987__complete_genome scaffold20_51.3
			  Gap between these two alignments (local misassembly). Inconsistency = 177
			Real Alignment 3: 4650077 4650228 | 152 1 | 152 152 | 99.34 | gi|42779081|ref|NC_003909.8|_Bacillus_cereus_ATCC_10987__complete_genome scaffold20_51.3

CONTIG: C14407_58.0 (18754bp)
		This contig is unaligned. (18754 bp)
		Unaligned bases: 18754  total: 1697954

CONTIG: C13869_35.0 (2946bp)
		This contig is unaligned. (2946 bp)
		Unaligned bases: 2946  total: 1700900

CONTIG: C14167_32.0 (8056bp)
		This contig is unaligned. (8056 bp)
		Unaligned bases: 8056  total: 1708956

CONTIG: C13705_30.0 (1235bp)
		This contig is unaligned. (1235 bp)
		Unaligned bases: 1235  total: 1710191

CONTIG: scaffold95_63.0 (708bp)
		This contig is unaligned. (708 bp)
		Unaligned bases: 708  total: 1710899

CONTIG: C14021_36.0 (5138bp)
		This contig is unaligned. (5138 bp)
		Unaligned bases: 5138  total: 1716037

CONTIG: C14405_36.0 (18656bp)
		This contig is unaligned. (18656 bp)
		Unaligned bases: 18656  total: 1734693

CONTIG: scaffold155_46.3 (41726bp)
Top Length: 69  Top ID: 100.0
		This contig is partially unaligned. (69 out of 41726)
		Alignment: 1080080 1080148 | 5433 5501 | 69 69 | 100.0 | gi|42779081|ref|NC_003909.8|_Bacillus_cereus_ATCC_10987__complete_genome scaffold155_46.3
		Unaligned bases: 1 to 5432 (5432)
		Unaligned bases: 5502 to 41726 (36225)

CONTIG: C14077_26.0 (6111bp)
		This contig is unaligned. (6111 bp)
		Unaligned bases: 6111  total: 1740804

CONTIG: scaffold103_45.6 (24364bp)
Top Length: 569  Top ID: 96.84
		Skipping redundant alignment 1107979 1108546 | 20457 21025 | 568 569 | 95.78 | gi|42779081|ref|NC_003909.8|_Bacillus_cereus_ATCC_10987__complete_genome scaffold103_45.6
		Skipping redundant alignments after choosing the best set of alignments
		Skipping [3233471][3234039] redundant alignment 3233471 3234039 | 20457 21025 | 569 569 | 96.32 | gi|42779081|ref|NC_003909.8|_Bacillus_cereus_ATCC_10987__complete_genome scaffold103_45.6
		This contig is partially unaligned. (569 out of 24364)
		Alignment: 2993724 2994291 | 20457 21025 | 568 569 | 96.84 | gi|42779081|ref|NC_003909.8|_Bacillus_cereus_ATCC_10987__complete_genome scaffold103_45.6
		Unaligned bases: 1 to 20456 (20456)
		Unaligned bases: 21026 to 24364 (3339)
		This contig has both significant aligned and unaligned parts (of length >= min-contig)!

CONTIG: scaffold146_56.8 (61607bp)
		This contig is unaligned. (61607 bp)
		Unaligned bases: 61607  total: 1802411

CONTIG: C13531_33.0 (566bp)
		This contig is unaligned. (566 bp)
		Unaligned bases: 566  total: 1802977

CONTIG: C14179_29.0 (8475bp)
		This contig is unaligned. (8475 bp)
		Unaligned bases: 8475  total: 1811452

CONTIG: scaffold14_60.0 (139750bp)
Top Length: 75  Top ID: 100.0
		Skipping redundant alignment 279452 279522 | 70690 70760 | 71 71 | 100.0 | gi|42779081|ref|NC_003909.8|_Bacillus_cereus_ATCC_10987__complete_genome scaffold14_60.0
		Skipping redundant alignments after choosing the best set of alignments
		Skipping [615178][615252] redundant alignment 615178 615252 | 70689 70763 | 75 75 | 100.0 | gi|42779081|ref|NC_003909.8|_Bacillus_cereus_ATCC_10987__complete_genome scaffold14_60.0
		This contig is partially unaligned. (75 out of 139750)
		Alignment: 615178 615252 | 70689 70763 | 75 75 | 100.0 | gi|42779081|ref|NC_003909.8|_Bacillus_cereus_ATCC_10987__complete_genome scaffold14_60.0
		Unaligned bases: 1 to 70688 (70688)
		Unaligned bases: 70764 to 139750 (68987)

CONTIG: scaffold60_61.9 (79738bp)
		This contig is unaligned. (79738 bp)
		Unaligned bases: 79738  total: 1891190

CONTIG: scaffold36_62.0 (31693bp)
		This contig is unaligned. (31693 bp)
		Unaligned bases: 31693  total: 1922883

CONTIG: scaffold3_61.9 (21257bp)
		This contig is unaligned. (21257 bp)
		Unaligned bases: 21257  total: 1944140

CONTIG: scaffold106__3.3 (894bp)
		This contig is unaligned. (894 bp)
		Unaligned bases: 894  total: 1945034

CONTIG: C14269_62.0 (11311bp)
		This contig is unaligned. (11311 bp)
		Unaligned bases: 11311  total: 1956345

CONTIG: scaffold129_55.6 (20130bp)
		This contig is unaligned. (20130 bp)
		Unaligned bases: 20130  total: 1976475

CONTIG: scaffold119_54.4 (2796bp)
		This contig is unaligned. (2796 bp)
		Unaligned bases: 2796  total: 1979271

CONTIG: scaffold160_60.6 (27981bp)
		This contig is unaligned. (27981 bp)
		Unaligned bases: 27981  total: 2007252

CONTIG: scaffold46_62.7 (741bp)
		This contig is unaligned. (741 bp)
		Unaligned bases: 741  total: 2007993

CONTIG: C14463_36.0 (23443bp)
		This contig is unaligned. (23443 bp)
		Unaligned bases: 23443  total: 2031436

CONTIG: scaffold87_48.0 (4670bp)
		This contig is unaligned. (4670 bp)
		Unaligned bases: 4670  total: 2036106

CONTIG: C13783_21.0 (1914bp)
		This contig is unaligned. (1914 bp)
		Unaligned bases: 1914  total: 2038020

CONTIG: scaffold62_44.3 (1191bp)
		This contig is unaligned. (1191 bp)
		Unaligned bases: 1191  total: 2039211

CONTIG: scaffold98_37.4 (2714bp)
		This contig is unaligned. (2714 bp)
		Unaligned bases: 2714  total: 2041925

CONTIG: scaffold84_35.3 (33952bp)
		This contig is unaligned. (33952 bp)
		Unaligned bases: 33952  total: 2075877

CONTIG: scaffold113_59.1 (30787bp)
		This contig is unaligned. (30787 bp)
		Unaligned bases: 30787  total: 2106664

CONTIG: C14193_26.0 (8911bp)
		This contig is unaligned. (8911 bp)
		Unaligned bases: 8911  total: 2115575

CONTIG: C13515_63.0 (510bp)
		This contig is unaligned. (510 bp)
		Unaligned bases: 510  total: 2116085

CONTIG: scaffold92_54.5 (774bp)
		This contig is unaligned. (774 bp)
		Unaligned bases: 774  total: 2116859

CONTIG: scaffold148_61.0 (48403bp)
Top Length: 168  Top ID: 97.02
		Skipping redundant alignment 150501 150572 | 17876 17805 | 72 72 | 100.0 | gi|42779081|ref|NC_003909.8|_Bacillus_cereus_ATCC_10987__complete_genome scaffold148_61.0
		Skipping redundant alignment 278581 278652 | 17876 17805 | 72 72 | 100.0 | gi|42779081|ref|NC_003909.8|_Bacillus_cereus_ATCC_10987__complete_genome scaffold148_61.0
		Skipping redundant alignment 609961 610032 | 17876 17805 | 72 72 | 100.0 | gi|42779081|ref|NC_003909.8|_Bacillus_cereus_ATCC_10987__complete_genome scaffold148_61.0
		This contig is misassembled. 6 total aligns.
			Warning! This contig is more unaligned than misassembled. Contig length is 48403 and total length of all aligns is 317
		Alignment: 4649986 4650061 | 17890 17965 | 76 76 | 100.0 | gi|42779081|ref|NC_003909.8|_Bacillus_cereus_ATCC_10987__complete_genome scaffold148_61.0
		Alignment: 4655773 4655940 | 1 168 | 168 168 | 97.02 | gi|42779081|ref|NC_003909.8|_Bacillus_cereus_ATCC_10987__complete_genome scaffold148_61.0
		Alignment: 5203884 5203956 | 17804 17876 | 73 73 | 100.0 | gi|42779081|ref|NC_003909.8|_Bacillus_cereus_ATCC_10987__complete_genome scaffold148_61.0
		Unaligned bases: 48086
CONTIG: scaffold40_58.6 (5103bp)
		This contig is unaligned. (5103 bp)
		Unaligned bases: 5103  total: 2121962

CONTIG: C14219_26.0 (9550bp)
		This contig is unaligned. (9550 bp)
		Unaligned bases: 9550  total: 2131512

CONTIG: scaffold112_29.6 (41734bp)
		This contig is unaligned. (41734 bp)
		Unaligned bases: 41734  total: 2173246

CONTIG: scaffold147_30.6 (16542bp)
		This contig is unaligned. (16542 bp)
		Unaligned bases: 16542  total: 2189788

CONTIG: C13831_63.0 (2516bp)
		This contig is unaligned. (2516 bp)
		Unaligned bases: 2516  total: 2192304

CONTIG: scaffold32_63.0 (603bp)
		This contig is unaligned. (603 bp)
		Unaligned bases: 603  total: 2192907

CONTIG: scaffold15_56.1 (550bp)
Top Length: 550  Top ID: 95.67
		Marking as insignificant: 823159 823223 | 486 550 | 65 65 | 100.0 | gi|42779081|ref|NC_003909.8|_Bacillus_cereus_ATCC_10987__complete_genome scaffold15_56.1
		Marking as insignificant: 150823 150887 | 486 550 | 65 65 | 100.0 | gi|42779081|ref|NC_003909.8|_Bacillus_cereus_ATCC_10987__complete_genome scaffold15_56.1
		Marking as insignificant: 278940 279009 | 481 550 | 70 70 | 98.57 | gi|42779081|ref|NC_003909.8|_Bacillus_cereus_ATCC_10987__complete_genome scaffold15_56.1
		Marking as insignificant: 4649433 4649583 | 151 1 | 151 151 | 95.42 | gi|42779081|ref|NC_003909.8|_Bacillus_cereus_ATCC_10987__complete_genome scaffold15_56.1
		One align captures most of this contig: 610320 610872 | 1 550 | 553 550 | 95.67 | gi|42779081|ref|NC_003909.8|_Bacillus_cereus_ATCC_10987__complete_genome scaffold15_56.1

CONTIG: scaffold149_38.6 (57933bp)
		This contig is unaligned. (57933 bp)
		Unaligned bases: 57933  total: 2250840

CONTIG: C14199_30.0 (9052bp)
		This contig is unaligned. (9052 bp)
		Unaligned bases: 9052  total: 2259892

CONTIG: scaffold73_60.9 (103214bp)
Top Length: 5197  Top ID: 95.56
		This contig is partially unaligned. (5197 out of 103214)
		Alignment: 4375336 4380532 | 79496 74300 | 5197 5197 | 95.56 | gi|42779081|ref|NC_003909.8|_Bacillus_cereus_ATCC_10987__complete_genome scaffold73_60.9
		Unaligned bases: 1 to 74299 (74299)
		Unaligned bases: 79497 to 103214 (23718)
		This contig has both significant aligned and unaligned parts (of length >= min-contig)!

CONTIG: scaffold100_62.2 (5106bp)
		This contig is unaligned. (5106 bp)
		Unaligned bases: 5106  total: 2264998

CONTIG: scaffold72_62.2 (7784bp)
		This contig is unaligned. (7784 bp)
		Unaligned bases: 7784  total: 2272782

CONTIG: C13759_58.0 (1699bp)
		This contig is unaligned. (1699 bp)
		Unaligned bases: 1699  total: 2274481

CONTIG: C14115_28.0 (7011bp)
		This contig is unaligned. (7011 bp)
		Unaligned bases: 7011  total: 2281492

CONTIG: scaffold127_62.0 (58377bp)
		This contig is unaligned. (58377 bp)
		Unaligned bases: 58377  total: 2339869

CONTIG: C14113_29.0 (6998bp)
		This contig is unaligned. (6998 bp)
		Unaligned bases: 6998  total: 2346867

CONTIG: C13525__3.0 (556bp)
		This contig is unaligned. (556 bp)
		Unaligned bases: 556  total: 2347423

CONTIG: scaffold143_59.3 (31497bp)
Top Length: 3516  Top ID: 95.05
		This contig is partially unaligned. (3516 out of 31497)
		Alignment: 4539765 4543280 | 9179 12694 | 3516 3516 | 95.05 | gi|42779081|ref|NC_003909.8|_Bacillus_cereus_ATCC_10987__complete_genome scaffold143_59.3
		Unaligned bases: 1 to 9178 (9178)
		Unaligned bases: 12695 to 31497 (18803)
		This contig has both significant aligned and unaligned parts (of length >= min-contig)!

CONTIG: C14581_49.0 (71417bp)
		This contig is unaligned. (71417 bp)
		Unaligned bases: 71417  total: 2418840

CONTIG: scaffold108_60.2 (3655bp)
		This contig is unaligned. (3655 bp)
		Unaligned bases: 3655  total: 2422495

CONTIG: scaffold58_52.9 (953bp)
		This contig is unaligned. (953 bp)
		Unaligned bases: 953  total: 2423448

CONTIG: scaffold144_57.6 (8751bp)
		This contig is unaligned. (8751 bp)
		Unaligned bases: 8751  total: 2432199

CONTIG: C14019_29.0 (5013bp)
		This contig is unaligned. (5013 bp)
		Unaligned bases: 5013  total: 2437212

CONTIG: C14295_26.0 (12220bp)
		This contig is unaligned. (12220 bp)
		Unaligned bases: 12220  total: 2449432

CONTIG: scaffold29_61.1 (2772bp)
		This contig is unaligned. (2772 bp)
		Unaligned bases: 2772  total: 2452204

CONTIG: scaffold57_31.1 (1879bp)
		This contig is unaligned. (1879 bp)
		Unaligned bases: 1879  total: 2454083

CONTIG: scaffold67_54.2 (5623bp)
		This contig is unaligned. (5623 bp)
		Unaligned bases: 5623  total: 2459706

CONTIG: C13829_35.0 (2512bp)
		This contig is unaligned. (2512 bp)
		Unaligned bases: 2512  total: 2462218

CONTIG: C13943_51.0 (3861bp)
		This contig is unaligned. (3861 bp)
		Unaligned bases: 3861  total: 2466079

CONTIG: C14519_45.0 (31730bp)
		This contig is unaligned. (31730 bp)
		Unaligned bases: 31730  total: 2497809

CONTIG: scaffold161_35.2 (26820bp)
		This contig is unaligned. (26820 bp)
		Unaligned bases: 26820  total: 2524629

CONTIG: scaffold56_62.0 (855bp)
		This contig is unaligned. (855 bp)
		Unaligned bases: 855  total: 2525484

CONTIG: scaffold7_62.0 (1799bp)
		This contig is unaligned. (1799 bp)
		Unaligned bases: 1799  total: 2527283

CONTIG: scaffold5_51.1 (617bp)
		This contig is unaligned. (617 bp)
		Unaligned bases: 617  total: 2527900

CONTIG: scaffold30_63.0 (516bp)
		This contig is unaligned. (516 bp)
		Unaligned bases: 516  total: 2528416

CONTIG: scaffold131_57.6 (158624bp)
Top Length: 1789  Top ID: 95.47
		This contig is misassembled. 3 total aligns.
			Warning! This contig is more unaligned than misassembled. Contig length is 158624 and total length of all aligns is 2005
		Alignment: 319525 321313 | 82066 83854 | 1789 1789 | 95.47 | gi|42779081|ref|NC_003909.8|_Bacillus_cereus_ATCC_10987__complete_genome scaffold131_57.6
		Alignment: 1080078 1080148 | 138302 138372 | 71 71 | 98.59 | gi|42779081|ref|NC_003909.8|_Bacillus_cereus_ATCC_10987__complete_genome scaffold131_57.6
		Alignment: 1490631 1490775 | 158262 158406 | 145 145 | 97.93 | gi|42779081|ref|NC_003909.8|_Bacillus_cereus_ATCC_10987__complete_genome scaffold131_57.6
		Unaligned bases: 156619
		This contig has both significant aligned and unaligned parts (of length >= min-contig)!
CONTIG: scaffold105_50.8 (25859bp)
		This contig is unaligned. (25859 bp)
		Unaligned bases: 25859  total: 2554275

CONTIG: scaffold165_50.2 (67765bp)
		This contig is unaligned. (67765 bp)
		Unaligned bases: 67765  total: 2622040

CONTIG: scaffold132_29.2 (21563bp)
		This contig is unaligned. (21563 bp)
		Unaligned bases: 21563  total: 2643603

CONTIG: C13643_18.0 (937bp)
		This contig is unaligned. (937 bp)
		Unaligned bases: 937  total: 2644540

CONTIG: scaffold45_61.2 (1161bp)
		This contig is unaligned. (1161 bp)
		Unaligned bases: 1161  total: 2645701

CONTIG: C13619_62.0 (831bp)
		This contig is unaligned. (831 bp)
		Unaligned bases: 831  total: 2646532

CONTIG: scaffold4_63.0 (677bp)
Top Length: 677  Top ID: 98.23
		Marking as insignificant: 4649269 4649333 | 1 65 | 65 65 | 100.0 | gi|42779081|ref|NC_003909.8|_Bacillus_cereus_ATCC_10987__complete_genome scaffold4_63.0
		Marking as insignificant: 4248310 4248374 | 1 65 | 65 65 | 100.0 | gi|42779081|ref|NC_003909.8|_Bacillus_cereus_ATCC_10987__complete_genome scaffold4_63.0
		Marking as insignificant: 615179 615243 | 65 1 | 65 65 | 100.0 | gi|42779081|ref|NC_003909.8|_Bacillus_cereus_ATCC_10987__complete_genome scaffold4_63.0
		Marking as insignificant: 610803 610885 | 577 495 | 83 83 | 100.0 | gi|42779081|ref|NC_003909.8|_Bacillus_cereus_ATCC_10987__complete_genome scaffold4_63.0
		Marking as insignificant: 823158 823311 | 573 419 | 154 155 | 98.06 | gi|42779081|ref|NC_003909.8|_Bacillus_cereus_ATCC_10987__complete_genome scaffold4_63.0
		Marking as insignificant: 4650168 4650329 | 70 227 | 162 158 | 96.3 | gi|42779081|ref|NC_003909.8|_Bacillus_cereus_ATCC_10987__complete_genome scaffold4_63.0
		Marking as insignificant: 823617 823778 | 227 70 | 162 158 | 96.3 | gi|42779081|ref|NC_003909.8|_Bacillus_cereus_ATCC_10987__complete_genome scaffold4_63.0
		Marking as insignificant: 150822 150976 | 573 419 | 155 155 | 99.35 | gi|42779081|ref|NC_003909.8|_Bacillus_cereus_ATCC_10987__complete_genome scaffold4_63.0
		One align captures most of this contig: 278840 279516 | 677 1 | 677 677 | 98.23 | gi|42779081|ref|NC_003909.8|_Bacillus_cereus_ATCC_10987__complete_genome scaffold4_63.0

CONTIG: C14263_41.0 (11165bp)
		This contig is unaligned. (11165 bp)
		Unaligned bases: 11165  total: 2657697

CONTIG: scaffold91_58.2 (169616bp)
		This contig is unaligned. (169616 bp)
		Unaligned bases: 169616  total: 2827313

CONTIG: scaffold150_57.5 (15471bp)
Top Length: 135  Top ID: 97.06
		Skipping redundant alignment 4649263 4649334 | 4045 3974 | 72 72 | 100.0 | gi|42779081|ref|NC_003909.8|_Bacillus_cereus_ATCC_10987__complete_genome scaffold150_57.5
		Skipping redundant alignment 279452 279522 | 3975 4045 | 71 71 | 100.0 | gi|42779081|ref|NC_003909.8|_Bacillus_cereus_ATCC_10987__complete_genome scaffold150_57.5
		This contig is misassembled. 4 total aligns.
			Warning! This contig is more unaligned than misassembled. Contig length is 15471 and total length of all aligns is 210
		Alignment: 611007 611141 | 1 135 | 135 135 | 97.06 | gi|42779081|ref|NC_003909.8|_Bacillus_cereus_ATCC_10987__complete_genome scaffold150_57.5
		Alignment: 4248301 4248375 | 4048 3974 | 75 75 | 100.0 | gi|42779081|ref|NC_003909.8|_Bacillus_cereus_ATCC_10987__complete_genome scaffold150_57.5
		Unaligned bases: 15261
CONTIG: scaffold133_38.5 (3354bp)
		This contig is unaligned. (3354 bp)
		Unaligned bases: 3354  total: 2830667

CONTIG: C14191_44.0 (8827bp)
		This contig is unaligned. (8827 bp)
		Unaligned bases: 8827  total: 2839494

CONTIG: C14583_59.0 (75190bp)
		This contig is unaligned. (75190 bp)
		Unaligned bases: 75190  total: 2914684

CONTIG: scaffold151_52.5 (9495bp)
		This contig is unaligned. (9495 bp)
		Unaligned bases: 9495  total: 2924179

CONTIG: C14235_52.0 (10115bp)
		This contig is unaligned. (10115 bp)
		Unaligned bases: 10115  total: 2934294

CONTIG: C13975_30.0 (4242bp)
		This contig is unaligned. (4242 bp)
		Unaligned bases: 4242  total: 2938536

CONTIG: scaffold68_60.5 (3733bp)
		This contig is unaligned. (3733 bp)
		Unaligned bases: 3733  total: 2942269

CONTIG: C13867_31.0 (2905bp)
		This contig is unaligned. (2905 bp)
		Unaligned bases: 2905  total: 2945174

CONTIG: scaffold33_25.8 (5117bp)
		This contig is unaligned. (5117 bp)
		Unaligned bases: 5117  total: 2950291

CONTIG: scaffold167_44.8 (35604bp)
		This contig is unaligned. (35604 bp)
		Unaligned bases: 35604  total: 2985895

CONTIG: C13519_17.0 (547bp)
		This contig is unaligned. (547 bp)
		Unaligned bases: 547  total: 2986442

CONTIG: C14453_45.0 (22035bp)
		This contig is unaligned. (22035 bp)
		Unaligned bases: 22035  total: 3008477

CONTIG: C14053_37.0 (5599bp)
		This contig is unaligned. (5599 bp)
		Unaligned bases: 5599  total: 3014076

CONTIG: scaffold121_43.2 (47936bp)
		This contig is unaligned. (47936 bp)
		Unaligned bases: 47936  total: 3062012

CONTIG: scaffold81_61.0 (4351bp)
		This contig is unaligned. (4351 bp)
		Unaligned bases: 4351  total: 3066363

CONTIG: scaffold111_59.1 (68018bp)
		This contig is unaligned. (68018 bp)
		Unaligned bases: 68018  total: 3134381

CONTIG: scaffold55_60.1 (167507bp)
Top Length: 194  Top ID: 97.42
		Skipping redundant alignments after choosing the best set of alignments
		Skipping [2995449][2995642] redundant alignment 2995449 2995642 | 21437 21630 | 194 194 | 97.42 | gi|42779081|ref|NC_003909.8|_Bacillus_cereus_ATCC_10987__complete_genome scaffold55_60.1
		Skipping [3235197][3235390] redundant alignment 3235197 3235390 | 21437 21630 | 194 194 | 97.42 | gi|42779081|ref|NC_003909.8|_Bacillus_cereus_ATCC_10987__complete_genome scaffold55_60.1
		This contig is partially unaligned. (194 out of 167507)
		Alignment: 1109704 1109897 | 21437 21630 | 194 194 | 97.42 | gi|42779081|ref|NC_003909.8|_Bacillus_cereus_ATCC_10987__complete_genome scaffold55_60.1
		Unaligned bases: 1 to 21436 (21436)
		Unaligned bases: 21631 to 167507 (145877)

CONTIG: C13735_31.0 (1461bp)
		This contig is unaligned. (1461 bp)
		Unaligned bases: 1461  total: 3135842

CONTIG: C14501_32.0 (28515bp)
		This contig is unaligned. (28515 bp)
		Unaligned bases: 28515  total: 3164357

CONTIG: scaffold24_56.8 (20342bp)
		This contig is unaligned. (20342 bp)
		Unaligned bases: 20342  total: 3184699

CONTIG: scaffold104_60.2 (9524bp)
		This contig is unaligned. (9524 bp)
		Unaligned bases: 9524  total: 3194223

CONTIG: C14251_54.0 (10572bp)
		This contig is unaligned. (10572 bp)
		Unaligned bases: 10572  total: 3204795

CONTIG: C14257_29.0 (10702bp)
		This contig is unaligned. (10702 bp)
		Unaligned bases: 10702  total: 3215497

CONTIG: scaffold158_62.0 (14800bp)
Top Length: 95  Top ID: 97.89
		Skipping redundant alignment 4649792 4649884 | 7273 7365 | 93 93 | 97.85 | gi|42779081|ref|NC_003909.8|_Bacillus_cereus_ATCC_10987__complete_genome scaffold158_62.0
		This contig is partially unaligned. (95 out of 14800)
		Alignment: 824029 824123 | 7367 7273 | 95 95 | 97.89 | gi|42779081|ref|NC_003909.8|_Bacillus_cereus_ATCC_10987__complete_genome scaffold158_62.0
		Unaligned bases: 1 to 7272 (7272)
		Unaligned bases: 7368 to 14800 (7433)

CONTIG: scaffold70_56.4 (8245bp)
		This contig is unaligned. (8245 bp)
		Unaligned bases: 8245  total: 3223742

CONTIG: scaffold43_51.7 (75944bp)
		This contig is unaligned. (75944 bp)
		Unaligned bases: 75944  total: 3299686

CONTIG: C13929_59.0 (3588bp)
		This contig is unaligned. (3588 bp)
		Unaligned bases: 3588  total: 3303274

CONTIG: C14205_32.0 (9186bp)
		This contig is unaligned. (9186 bp)
		Unaligned bases: 9186  total: 3312460

CONTIG: C13677_46.0 (1087bp)
		This contig is unaligned. (1087 bp)
		Unaligned bases: 1087  total: 3313547

CONTIG: scaffold79_61.3 (20510bp)
		This contig is unaligned. (20510 bp)
		Unaligned bases: 20510  total: 3334057

CONTIG: C14211_30.0 (9296bp)
		This contig is unaligned. (9296 bp)
		Unaligned bases: 9296  total: 3343353

CONTIG: scaffold110_63.2 (26926bp)
		This contig is unaligned. (26926 bp)
		Unaligned bases: 26926  total: 3370279

CONTIG: C14201_33.0 (9090bp)
		This contig is unaligned. (9090 bp)
		Unaligned bases: 9090  total: 3379369

CONTIG: scaffold96_62.3 (708bp)
		This contig is unaligned. (708 bp)
		Unaligned bases: 708  total: 3380077

CONTIG: scaffold13_60.1 (67501bp)
		This contig is unaligned. (67501 bp)
		Unaligned bases: 67501  total: 3447578

CONTIG: scaffold77_60.8 (16846bp)
		This contig is unaligned. (16846 bp)
		Unaligned bases: 16846  total: 3464424

CONTIG: scaffold166_48.1 (33874bp)
		This contig is unaligned. (33874 bp)
		Unaligned bases: 33874  total: 3498298

CONTIG: scaffold44_62.2 (2242bp)
Top Length: 482  Top ID: 97.72
		This contig is misassembled. 2 total aligns.
			Warning! This contig is more unaligned than misassembled. Contig length is 2242 and total length of all aligns is 547
		Alignment: 3119142 3119623 | 1 482 | 482 482 | 97.72 | gi|42779081|ref|NC_003909.8|_Bacillus_cereus_ATCC_10987__complete_genome scaffold44_62.2
		Alignment: 5140980 5141044 | 2178 2242 | 65 65 | 100.0 | gi|42779081|ref|NC_003909.8|_Bacillus_cereus_ATCC_10987__complete_genome scaffold44_62.2
		Unaligned bases: 1695
		This contig has both significant aligned and unaligned parts (of length >= min-contig)!
CONTIG: C14353_33.0 (14897bp)
		This contig is unaligned. (14897 bp)
		Unaligned bases: 14897  total: 3513195

CONTIG: scaffold117_45.2 (60330bp)
Top Length: 69  Top ID: 100.0
		This contig is partially unaligned. (69 out of 60330)
		Alignment: 1080080 1080148 | 3108 3040 | 69 69 | 100.0 | gi|42779081|ref|NC_003909.8|_Bacillus_cereus_ATCC_10987__complete_genome scaffold117_45.2
		Unaligned bases: 1 to 3039 (3039)
		Unaligned bases: 3109 to 60330 (57222)

CONTIG: scaffold71_40.0 (5438bp)
Top Length: 579  Top ID: 95.51
		This contig is partially unaligned. (579 out of 5438)
		Alignment: 3119136 3119714 | 1 579 | 579 579 | 95.51 | gi|42779081|ref|NC_003909.8|_Bacillus_cereus_ATCC_10987__complete_genome scaffold71_40.0
		Unaligned bases: 580 to 5438 (4859)
		This contig has both significant aligned and unaligned parts (of length >= min-contig)!

CONTIG: C13577_96.0 (665bp)
		This contig is unaligned. (665 bp)
		Unaligned bases: 665  total: 3513860

CONTIG: scaffold65_60.1 (88683bp)
Top Length: 2830  Top ID: 95.38
		This contig is partially unaligned. (2830 out of 88683)
		Alignment: 453071 455896 | 60787 57958 | 2826 2830 | 95.38 | gi|42779081|ref|NC_003909.8|_Bacillus_cereus_ATCC_10987__complete_genome scaffold65_60.1
		Unaligned bases: 1 to 57957 (57957)
		Unaligned bases: 60788 to 88683 (27896)
		This contig has both significant aligned and unaligned parts (of length >= min-contig)!

CONTIG: scaffold41_62.8 (677bp)
Top Length: 567  Top ID: 97.35
		This contig is partially unaligned. (567 out of 677)
		Alignment: 3119142 3119708 | 677 111 | 567 567 | 97.35 | gi|42779081|ref|NC_003909.8|_Bacillus_cereus_ATCC_10987__complete_genome scaffold41_62.8
		Unaligned bases: 1 to 110 (110)

CONTIG: C13995_53.0 (4709bp)
		This contig is unaligned. (4709 bp)
		Unaligned bases: 4709  total: 3518569

CONTIG: scaffold97_63.8 (2714bp)
		This contig is unaligned. (2714 bp)
		Unaligned bases: 2714  total: 3521283

CONTIG: scaffold31_61.5 (80767bp)
Top Length: 772  Top ID: 95.12
		This contig is partially unaligned. (772 out of 80767)
		Alignment: 603265 604041 | 79171 79942 | 777 772 | 95.12 | gi|42779081|ref|NC_003909.8|_Bacillus_cereus_ATCC_10987__complete_genome scaffold31_61.5
		Unaligned bases: 1 to 79170 (79170)
		Unaligned bases: 79943 to 80767 (825)
		This contig has both significant aligned and unaligned parts (of length >= min-contig)!

CONTIG: scaffold120_37.0 (18814bp)
		This contig is unaligned. (18814 bp)
		Unaligned bases: 18814  total: 3540097

CONTIG: C14351_62.0 (14763bp)
		This contig is unaligned. (14763 bp)
		Unaligned bases: 14763  total: 3554860

CONTIG: C13993_55.0 (4677bp)
		This contig is unaligned. (4677 bp)
		Unaligned bases: 4677  total: 3559537

CONTIG: scaffold141_55.1 (9511bp)
		This contig is unaligned. (9511 bp)
		Unaligned bases: 9511  total: 3569048

CONTIG: C13543_55.0 (574bp)
		This contig is unaligned. (574 bp)
		Unaligned bases: 574  total: 3569622

CONTIG: C13623_10.0 (842bp)
		This contig is unaligned. (842 bp)
		Unaligned bases: 842  total: 3570464

CONTIG: scaffold42_56.2 (70617bp)
		This contig is unaligned. (70617 bp)
		Unaligned bases: 70617  total: 3641081

CONTIG: scaffold152_61.2 (22983bp)
Top Length: 130  Top ID: 95.38
		This contig is partially unaligned. (130 out of 22983)
		Alignment: 4648835 4648963 | 22854 22983 | 129 130 | 95.38 | gi|42779081|ref|NC_003909.8|_Bacillus_cereus_ATCC_10987__complete_genome scaffold152_61.2
		Unaligned bases: 1 to 22853 (22853)

CONTIG: C13809_61.0 (2265bp)
		This contig is unaligned. (2265 bp)
		Unaligned bases: 2265  total: 3643346

CONTIG: scaffold114_61.8 (20831bp)
		This contig is unaligned. (20831 bp)
		Unaligned bases: 20831  total: 3664177

CONTIG: scaffold83_51.2 (1654bp)
		This contig is unaligned. (1654 bp)
		Unaligned bases: 1654  total: 3665831

CONTIG: C14309_30.0 (12788bp)
		This contig is unaligned. (12788 bp)
		Unaligned bases: 12788  total: 3678619

CONTIG: scaffold8_36.7 (64677bp)
Top Length: 2675  Top ID: 97.38
		This contig is partially unaligned. (2675 out of 64677)
		Alignment: 3015458 3018132 | 12939 10265 | 2675 2675 | 97.38 | gi|42779081|ref|NC_003909.8|_Bacillus_cereus_ATCC_10987__complete_genome scaffold8_36.7
		Unaligned bases: 1 to 10264 (10264)
		Unaligned bases: 12940 to 64677 (51738)
		This contig has both significant aligned and unaligned parts (of length >= min-contig)!

CONTIG: C13817_37.0 (2380bp)
		This contig is unaligned. (2380 bp)
		Unaligned bases: 2380  total: 3680999

CONTIG: scaffold168_61.5 (46617bp)
Top Length: 1141  Top ID: 95.72
		Skipping redundant alignment 11084 11148 | 46617 46553 | 65 65 | 100.0 | gi|42779081|ref|NC_003909.8|_Bacillus_cereus_ATCC_10987__complete_genome scaffold168_61.5
		Skipping redundant alignment 30858 30922 | 46617 46553 | 65 65 | 100.0 | gi|42779081|ref|NC_003909.8|_Bacillus_cereus_ATCC_10987__complete_genome scaffold168_61.5
		Skipping redundant alignment 823802 823866 | 46617 46553 | 65 65 | 100.0 | gi|42779081|ref|NC_003909.8|_Bacillus_cereus_ATCC_10987__complete_genome scaffold168_61.5
		Skipping redundant alignment 4650080 4650144 | 46553 46617 | 65 65 | 100.0 | gi|42779081|ref|NC_003909.8|_Bacillus_cereus_ATCC_10987__complete_genome scaffold168_61.5
		This contig is misassembled. 6 total aligns.
			Warning! This contig is more unaligned than misassembled. Contig length is 46617 and total length of all aligns is 1258
		Alignment: 151074 151189 | 46617 46501 | 116 117 | 95.73 | gi|42779081|ref|NC_003909.8|_Bacillus_cereus_ATCC_10987__complete_genome scaffold168_61.5
		Alignment: 227899 229043 | 6376 5236 | 1145 1141 | 95.72 | gi|42779081|ref|NC_003909.8|_Bacillus_cereus_ATCC_10987__complete_genome scaffold168_61.5
		Unaligned bases: 45359
		This contig has both significant aligned and unaligned parts (of length >= min-contig)!
CONTIG: scaffold154_39.2 (10991bp)
		This contig is unaligned. (10991 bp)
		Unaligned bases: 10991  total: 3691990

CONTIG: scaffold66_60.3 (44678bp)
		This contig is unaligned. (44678 bp)
		Unaligned bases: 44678  total: 3736668

CONTIG: C14047_57.0 (5487bp)
		This contig is unaligned. (5487 bp)
		Unaligned bases: 5487  total: 3742155

CONTIG: scaffold118_60.9 (23766bp)
		This contig is unaligned. (23766 bp)
		Unaligned bases: 23766  total: 3765921

CONTIG: C14049_50.0 (5507bp)
		This contig is unaligned. (5507 bp)
		Unaligned bases: 5507  total: 3771428

CONTIG: C14363_62.0 (15483bp)
		This contig is unaligned. (15483 bp)
		Unaligned bases: 15483  total: 3786911

CONTIG: scaffold135_53.9 (19850bp)
		This contig is unaligned. (19850 bp)
		Unaligned bases: 19850  total: 3806761

CONTIG: C13945_42.0 (3869bp)
		This contig is unaligned. (3869 bp)
		Unaligned bases: 3869  total: 3810630

CONTIG: C14051_63.0 (5527bp)
		This contig is unaligned. (5527 bp)
		Unaligned bases: 5527  total: 3816157

CONTIG: scaffold123_52.0 (5119bp)
		This contig is unaligned. (5119 bp)
		Unaligned bases: 5119  total: 3821276

CONTIG: scaffold90_63.4 (1035bp)
		This contig is unaligned. (1035 bp)
		Unaligned bases: 1035  total: 3822311

CONTIG: scaffold101_52.4 (7783bp)
		This contig is unaligned. (7783 bp)
		Unaligned bases: 7783  total: 3830094

CONTIG: scaffold63_21.3 (1188bp)
		This contig is unaligned. (1188 bp)
		Unaligned bases: 1188  total: 3831282

CONTIG: scaffold164_33.5 (24928bp)
Top Length: 94  Top ID: 96.81
		This contig is partially unaligned. (94 out of 24928)
		Alignment: 1985283 1985376 | 11461 11554 | 94 94 | 96.81 | gi|42779081|ref|NC_003909.8|_Bacillus_cereus_ATCC_10987__complete_genome scaffold164_33.5
		Unaligned bases: 1 to 11460 (11460)
		Unaligned bases: 11555 to 24928 (13374)

CONTIG: C13833_62.0 (2532bp)
		This contig is unaligned. (2532 bp)
		Unaligned bases: 2532  total: 3833814

CONTIG: C13997_60.0 (4757bp)
		This contig is unaligned. (4757 bp)
		Unaligned bases: 4757  total: 3838571

CONTIG: C14443_44.0 (20912bp)
		This contig is unaligned. (20912 bp)
		Unaligned bases: 20912  total: 3859483

CONTIG: scaffold125_61.9 (4616bp)
		This contig is unaligned. (4616 bp)
		Unaligned bases: 4616  total: 3864099

CONTIG: C13891_63.0 (3141bp)
		This contig is unaligned. (3141 bp)
		Unaligned bases: 3141  total: 3867240

CONTIG: scaffold50_61.0 (204672bp)
Top Length: 9186  Top ID: 95.27
		This contig is misassembled. 2 total aligns.
			Warning! This contig is more unaligned than misassembled. Contig length is 204672 and total length of all aligns is 10326
		Alignment: 4827374 4828515 | 142852 143991 | 1142 1140 | 95.8 | gi|42779081|ref|NC_003909.8|_Bacillus_cereus_ATCC_10987__complete_genome scaffold50_61.0
		Alignment: 4834673 4843859 | 149920 159105 | 9187 9186 | 95.27 | gi|42779081|ref|NC_003909.8|_Bacillus_cereus_ATCC_10987__complete_genome scaffold50_61.0
		Unaligned bases: 194346
		This contig has both significant aligned and unaligned parts (of length >= min-contig)!
CONTIG: C14429_31.0 (20330bp)
		This contig is unaligned. (20330 bp)
		Unaligned bases: 20330  total: 3887570

CONTIG: C13753_46.0 (1612bp)
		This contig is unaligned. (1612 bp)
		Unaligned bases: 1612  total: 3889182

CONTIG: scaffold107_61.0 (2904bp)
		This contig is unaligned. (2904 bp)
		Unaligned bases: 2904  total: 3892086

CONTIG: scaffold25_58.9 (173913bp)
Top Length: 1404  Top ID: 95.3
		This contig is partially unaligned. (1404 out of 173913)
		Alignment: 4190254 4191657 | 107965 106562 | 1404 1404 | 95.3 | gi|42779081|ref|NC_003909.8|_Bacillus_cereus_ATCC_10987__complete_genome scaffold25_58.9
		Unaligned bases: 1 to 106561 (106561)
		Unaligned bases: 107966 to 173913 (65948)
		This contig has both significant aligned and unaligned parts (of length >= min-contig)!

CONTIG: C14507_38.0 (29256bp)
		This contig is unaligned. (29256 bp)
		Unaligned bases: 29256  total: 3921342

CONTIG: scaffold159_53.4 (16020bp)
		This contig is unaligned. (16020 bp)
		Unaligned bases: 16020  total: 3937362

CONTIG: C13593_18.0 (733bp)
		This contig is unaligned. (733 bp)
		Unaligned bases: 733  total: 3938095

CONTIG: C13793_61.0 (2009bp)
		This contig is unaligned. (2009 bp)
		Unaligned bases: 2009  total: 3940104

CONTIG: C14299_44.0 (12378bp)
		This contig is unaligned. (12378 bp)
		Unaligned bases: 12378  total: 3952482

Analyzing coverage...
Writing SNPs into /software/galaxy/master/sabbai/galaxy-dist/database/job_working_directory/002/2361/dataset_2443_files/Scaffold/contigs_reports/nucmer_output/BC-H-Soap-Scaffold.used_snps
	Reference gi|42779081|ref|NC_003909.8|_Bacillus_cereus_ATCC_10987__complete_genome: 28 total alignments. 1 total regions.
		Region: 1 to 5224283 (5224283 bp)
			START in gap: 1 to 21769 (21768 bp)
			Align 1: 21769 21863 scaffold20_51.3 322 416
				Gap between this and next alignment: 21863 to 278793 (256929 bp)
				Next Alignment: 278793 278861 scaffold51_60.4 1 70

			Align 2: 278793 278861 scaffold51_60.4 1 70
				Negative gap (overlap) between this and next alignment: 278861 to 278840 (-21 bp)
				Next Alignment: 278840 279516 scaffold4_63.0 677 1

			Previous gap was negative, modifying coordinates to ignore overlap
				Moving contig start from 677 to 655.
			Align 3: 278862 279516 scaffold4_63.0 655 1
				Gap between this and next alignment: 279516 to 453071 (173554 bp)
				Next Alignment: 453071 455896 scaffold65_60.1 60787 57958

			Align 4: 453071 455896 scaffold65_60.1 60787 57958
				Gap between this and next alignment: 455896 to 603265 (147368 bp)
				Next Alignment: 603265 604041 scaffold31_61.5 79171 79942

			Align 5: 603265 604041 scaffold31_61.5 79171 79942
				Gap between this and next alignment: 604041 to 610320 (6278 bp)
				Next Alignment: 610320 610872 scaffold15_56.1 1 550

			Align 6: 610320 610872 scaffold15_56.1 1 550
				Gap between this and next alignment: 610872 to 615178 (4305 bp)
				Next Alignment: 615178 615252 scaffold14_60.0 70689 70763

			Align 7: 615178 615252 scaffold14_60.0 70689 70763
				Gap between this and next alignment: 615252 to 824029 (208776 bp)
				Next Alignment: 824029 824123 scaffold158_62.0 7367 7273

			Align 8: 824029 824123 scaffold158_62.0 7367 7273
				Gap between this and next alignment: 824123 to 1080080 (255956 bp)
				Next Alignment: 1080080 1080148 scaffold163_44.6 10758 10826

			Align 9: 1080080 1080148 scaffold163_44.6 10758 10826
				The next alignment (1080080 1080148 scaffold155_46.3 5433 5501) is redundant. Skipping.
				The next alignment (1080080 1080148 scaffold117_45.2 3108 3040) is redundant. Skipping.
				Gap between this and next alignment: 1080148 to 1109704 (29555 bp)
				Next Alignment: 1109704 1109897 scaffold55_60.1 21437 21630

			Align 12: 1109704 1109897 scaffold55_60.1 21437 21630
				Gap between this and next alignment: 1109897 to 1985283 (875385 bp)
				Next Alignment: 1985283 1985376 scaffold164_33.5 11461 11554

			Align 13: 1985283 1985376 scaffold164_33.5 11461 11554
				Gap between this and next alignment: 1985376 to 2367412 (382035 bp)
				Next Alignment: 2367412 2367476 scaffold59_22.2 65 1

			Align 14: 2367412 2367476 scaffold59_22.2 65 1
				Gap between this and next alignment: 2367476 to 2564190 (196713 bp)
				Next Alignment: 2564190 2564345 scaffold86_43.4 11585 11740

			Align 15: 2564190 2564345 scaffold86_43.4 11585 11740
				Gap between this and next alignment: 2564345 to 2599598 (35252 bp)
				Next Alignment: 2599598 2600288 C13977_42.0 111 801

			Align 16: 2599598 2600288 C13977_42.0 111 801
				Gap between this and next alignment: 2600288 to 2993724 (393435 bp)
				Next Alignment: 2993724 2994291 scaffold103_45.6 20457 21025

			Align 17: 2993724 2994291 scaffold103_45.6 20457 21025
				Gap between this and next alignment: 2994291 to 3015458 (21166 bp)
				Next Alignment: 3015458 3018132 scaffold8_36.7 12939 10265

			Align 18: 3015458 3018132 scaffold8_36.7 12939 10265
				Gap between this and next alignment: 3018132 to 3119136 (101003 bp)
				Next Alignment: 3119136 3119714 scaffold71_40.0 1 579

			Align 19: 3119136 3119714 scaffold71_40.0 1 579
				The next alignment (3119142 3119708 scaffold41_62.8 677 111) is redundant. Skipping.
				Gap between this and next alignment: 3119714 to 3233471 (113756 bp)
				Next Alignment: 3233471 3233535 C14163_36.0 7976 8040

			Align 21: 3233471 3233535 C14163_36.0 7976 8040
				Gap between this and next alignment: 3233535 to 4190254 (956718 bp)
				Next Alignment: 4190254 4191657 scaffold25_58.9 107965 106562

			Align 22: 4190254 4191657 scaffold25_58.9 107965 106562
				Gap between this and next alignment: 4191657 to 4375336 (183678 bp)
				Next Alignment: 4375336 4380532 scaffold73_60.9 79496 74300

			Align 23: 4375336 4380532 scaffold73_60.9 79496 74300
				Gap between this and next alignment: 4380532 to 4416917 (36384 bp)
				Next Alignment: 4416917 4417073 scaffold115_34.2 4853 4697

			Align 24: 4416917 4417073 scaffold115_34.2 4853 4697
				Gap between this and next alignment: 4417073 to 4539765 (122691 bp)
				Next Alignment: 4539765 4543280 scaffold143_59.3 9179 12694

			Align 25: 4539765 4543280 scaffold143_59.3 9179 12694
				Gap between this and next alignment: 4543280 to 4648835 (105554 bp)
				Next Alignment: 4648835 4648963 scaffold152_61.2 22854 22983

			Align 26: 4648835 4648963 scaffold152_61.2 22854 22983
				Gap between this and next alignment: 4648963 to 4649786 (822 bp)
				Next Alignment: 4649786 4649894 scaffold20_51.3 266 158

			Align 27: 4649786 4649894 scaffold20_51.3 266 158
				Gap between this and next alignment: 4649894 to 4650077 (182 bp)
				Next Alignment: 4650077 4650228 scaffold20_51.3 152 1

			Align 28: 4650077 4650228 scaffold20_51.3 152 1
			END in gap: 4650228 to 5224283 (574055 bp)

ERROR: Reference [$ref] does not have any alignments!  Check that this is the same file used for alignment.
ERROR: Alignment Reference Headers: ['gi|42779081|ref|NC_003909.8|_Bacillus_cereus_ATCC_10987__complete_genome']
Analysis is finished!
Founded SNPs were written into /software/galaxy/master/sabbai/galaxy-dist/database/job_working_directory/002/2361/dataset_2443_files/Scaffold/contigs_reports/nucmer_output/BC-H-Soap-Scaffold.used_snps

Results:
	Local Misassemblies: 1
	Misassemblies: 1
		Relocations: 1
		Translocations: 0
		Inversions: 0
	Misassembled Contigs: 1
	Misassembled Contig Bases: 503
	Misassmblies Inter-Contig Overlap: 0
Uncovered Regions: 0 (0)
Unaligned Contigs: 237 + 31 part
Partially Unaligned Contigs with Misassemblies: 8
Unaligned Contig Bases: 5566863

Ambiguously Mapped Contigs: 0
Total Bases in Ambiguously Mapped Contigs: 0
Note that --allow-ambiguity option was set to "one" and only first alignment per each contig was used.

	Covered Bases: 20965

	SNPs: 816
	Insertions: 17
	Deletions: 18

	Positive Gaps: 25
		Internal Gaps:  1
		External Gaps:  24
		External Gap Total:  5203136
		External Gap Average: 216797
	Negative Gaps: 1
		Internal Overlaps:  0
		External Overlaps:  1
		External Overlaps Total: -21
		External Overlaps Average: -21
	Contigs with Redundant Alignments: 2 (705)
