/usit/invitro/data/galaxy/master/sabbai/galaxy-dist/tools/comparative_assembly_statistics/quast-2.2/quast.py -o /usit/invitro/data/galaxy/master/sabbai/galaxy-dist/database/job_working_directory/001/1595/dataset_1678_files/gi_42779081_ref_NC_003909_8 -R /usit/invitro/data/galaxy/master/sabbai/galaxy-dist/database/job_working_directory/001/1595/dataset_1678_files/gi_42779081_ref_NC_003909_8.fna /usit/invitro/data/galaxy/master/sabbai/galaxy-dist/database/files/000/dataset_497.dat

Version 2.2, build 19.07.2013 21:21


System information:
  OS: Linux-2.6.18-371.el5-x86_64-with-redhat-5.10-Tikanga
  Python version: 2.7.0
  CPUs number: 64

Started: 2014-05-02 01:46:31

Logging to /usit/invitro/data/galaxy/master/sabbai/galaxy-dist/database/job_working_directory/001/1595/dataset_1678_files/gi_42779081_ref_NC_003909_8/quast.log

NOTICE: Output directory already exists. Existing Nucmer alignments can be used.

NOTICE: Maximum number of threads is set to 64 (use --threads option to set it manually)

Reference:
  /usit/invitro/data/galaxy/master/sabbai/galaxy-dist/database/job_working_directory/001/1595/dataset_1678_files/gi_42779081_ref_NC_003909_8.fna ==> gi_42779081_ref_NC_003909_8

Contigs:
  /usit/invitro/data/galaxy/master/sabbai/galaxy-dist/database/files/000/dataset_497.dat ==> dataset_497.dat

2014-05-02 01:46:34
Running Basic statistics processor...
  Reference genome:
    gi_42779081_ref_NC_003909_8.fna, Reference length = 5224283, Reference GC % = 35.58
  Contig files: 
    dataset_497.dat
  Calculating N50 and L50...
    dataset_497.dat, N50 = 130570, L50 = 12, Total length = 5380960, GC % = 35.30, # N's per 100 kbp =  102.42
  Drawing cumulative plot...
    saved to /usit/invitro/data/galaxy/master/sabbai/galaxy-dist/database/job_working_directory/001/1595/dataset_1678_files/gi_42779081_ref_NC_003909_8/basic_stats/cumulative_plot.pdf
  Drawing GC content plot...
    saved to /usit/invitro/data/galaxy/master/sabbai/galaxy-dist/database/job_working_directory/001/1595/dataset_1678_files/gi_42779081_ref_NC_003909_8/basic_stats/GC_content_plot.pdf
  Drawing Nx plot...
    saved to /usit/invitro/data/galaxy/master/sabbai/galaxy-dist/database/job_working_directory/001/1595/dataset_1678_files/gi_42779081_ref_NC_003909_8/basic_stats/Nx_plot.pdf
  Drawing NGx plot...
    saved to /usit/invitro/data/galaxy/master/sabbai/galaxy-dist/database/job_working_directory/001/1595/dataset_1678_files/gi_42779081_ref_NC_003909_8/basic_stats/NGx_plot.pdf
Done.

2014-05-02 01:46:36
Running Contig analyzer...
  dataset_497.dat
  Logging to files /usit/invitro/data/galaxy/master/sabbai/galaxy-dist/database/job_working_directory/001/1595/dataset_1678_files/gi_42779081_ref_NC_003909_8/contigs_reports/contigs_report_dataset_497.stdout and contigs_report_dataset_497.stderr...
  Running Nucmer... 
/usit/invitro/data/galaxy/master/sabbai/galaxy-dist/database/job_working_directory/001/1595/dataset_1678_files/gi_42779081_ref_NC_003909_8/contigs_reports/alignments_dataset_497.tsv
  Analysis is finished.
  Creating total report...
    saved to /usit/invitro/data/galaxy/master/sabbai/galaxy-dist/database/job_working_directory/001/1595/dataset_1678_files/gi_42779081_ref_NC_003909_8/contigs_reports/misassemblies_report.txt, misassemblies_report.tsv, and misassemblies_report.tex
  Creating total report...
    saved to /usit/invitro/data/galaxy/master/sabbai/galaxy-dist/database/job_working_directory/001/1595/dataset_1678_files/gi_42779081_ref_NC_003909_8/contigs_reports/unaligned_report.txt, unaligned_report.tsv, and unaligned_report.tex
Done.

2014-05-02 01:46:55
Running NA-NGA calculation...
  Calculating NA50 and NGA50...
    dataset_497.dat, Largest alignment = 430487, NA50 = 130570, NGA50 = 130570, LA50 = 12, LGA50 = 12
  Drawing cumulative plot...
    saved to /usit/invitro/data/galaxy/master/sabbai/galaxy-dist/database/job_working_directory/001/1595/dataset_1678_files/gi_42779081_ref_NC_003909_8/aligned_stats/cumulative_plot.pdf
  Drawing NAx plot...
    saved to /usit/invitro/data/galaxy/master/sabbai/galaxy-dist/database/job_working_directory/001/1595/dataset_1678_files/gi_42779081_ref_NC_003909_8/aligned_stats/NAx_plot.pdf
  Drawing NGAx plot...
    saved to /usit/invitro/data/galaxy/master/sabbai/galaxy-dist/database/job_working_directory/001/1595/dataset_1678_files/gi_42779081_ref_NC_003909_8/aligned_stats/NGAx_plot.pdf
  Done.

2014-05-02 01:46:56
Running Genome analyzer...
  NOTICE: Annotated genes file was not provided. Use -G option to specify it.
  NOTICE: Annotated operons file was not provided. Use -O option to specify it.
  dataset_497.dat
  Drawing Genome fraction, % histogram...
    saved to /usit/invitro/data/galaxy/master/sabbai/galaxy-dist/database/job_working_directory/001/1595/dataset_1678_files/gi_42779081_ref_NC_003909_8/genome_stats/genome_fraction_histogram.pdf
Done.

NOTICE: Genes are not predicted by default. Use --gene-finding option to enable it.

2014-05-02 01:47:00
Summarizing...
  Creating total report...
    saved to /usit/invitro/data/galaxy/master/sabbai/galaxy-dist/database/job_working_directory/001/1595/dataset_1678_files/gi_42779081_ref_NC_003909_8/report.txt, report.tsv, and report.tex
  Transposed version of total report...
    saved to /usit/invitro/data/galaxy/master/sabbai/galaxy-dist/database/job_working_directory/001/1595/dataset_1678_files/gi_42779081_ref_NC_003909_8/transposed_report.txt, transposed_report.tsv, and transposed_report.tex
  HTML version saved to /usit/invitro/data/galaxy/master/sabbai/galaxy-dist/database/job_working_directory/001/1595/dataset_1678_files/gi_42779081_ref_NC_003909_8/report.html
  All pdf files are merged to /usit/invitro/data/galaxy/master/sabbai/galaxy-dist/database/job_working_directory/001/1595/dataset_1678_files/gi_42779081_ref_NC_003909_8/plots.pdf
Log saved to /usit/invitro/data/galaxy/master/sabbai/galaxy-dist/database/job_working_directory/001/1595/dataset_1678_files/gi_42779081_ref_NC_003909_8/quast.log

Finished: 2014-05-02 01:47:00
Elapsed time: 0:00:28.891457
