Aligning contigs to reference...
	Running Nucmer...
Parsing coords...
Loading Assembly...
Loading reference...
	Loaded [gi|161510924|ref|NC_010063.1|_Staphylococcus_aureus_subsp._aureus_USA300_TCH1516_plasmid_pUSA300HOUMR__complete_sequence]
Loading SNPs...
Loading regions...
	No regions given, using whole reference.
	Total Regions: 1
	Total Region Length: 27041
Analyzing contigs...
CONTIG: NODE_65_length_34870_cov_13.7506 (34870bp)
		This contig is unaligned. (34870 bp)
		Unaligned bases: 34870  total: 34870

CONTIG: NODE_68_length_2389_cov_14.6417 (2389bp)
		This contig is unaligned. (2389 bp)
		Unaligned bases: 2389  total: 37259

CONTIG: NODE_30_length_2156_cov_3.76613 (2156bp)
		This contig is unaligned. (2156 bp)
		Unaligned bases: 2156  total: 39415

CONTIG: NODE_52_length_47358_cov_19.4412 (47358bp)
		This contig is unaligned. (47358 bp)
		Unaligned bases: 47358  total: 86773

CONTIG: NODE_56_length_972_cov_11.5986 (972bp)
		This contig is unaligned. (972 bp)
		Unaligned bases: 972  total: 87745

CONTIG: NODE_32_length_55108_cov_13.6519 (55108bp)
		This contig is unaligned. (55108 bp)
		Unaligned bases: 55108  total: 142853

CONTIG: NODE_37_length_245398_cov_11.3863 (245398bp)
		This contig is unaligned. (245398 bp)
		Unaligned bases: 245398  total: 388251

CONTIG: NODE_70_length_27348_cov_24.2156 (27348bp)
Top Length: 4185  Top ID: 95.83
		Skipping redundant alignment 2231 2386 | 11741 11897 | 156 157 | 95.54 | gi|161510924|ref|NC_010063.1|_Staphylococcus_aureus_subsp._aureus_USA300_TCH1516_plasmid_pUSA300HOUMR__complete_sequence NODE_70_length_27348_cov_24.2156
		Skipping redundant alignments after choosing the best set of alignments
		Skipping [2231][2388] redundant alignment 2231 2388 | 13568 13411 | 158 158 | 96.84 | gi|161510924|ref|NC_010063.1|_Staphylococcus_aureus_subsp._aureus_USA300_TCH1516_plasmid_pUSA300HOUMR__complete_sequence NODE_70_length_27348_cov_24.2156
		This contig is misassembled. 9 total aligns.
			Warning! This contig is more unaligned than misassembled. Contig length is 27348 and total length of all aligns is 8237
		Alignment: 1111 1516 | 10245 10650 | 406 406 | 95.82 | gi|161510924|ref|NC_010063.1|_Staphylococcus_aureus_subsp._aureus_USA300_TCH1516_plasmid_pUSA300HOUMR__complete_sequence NODE_70_length_27348_cov_24.2156
		Alignment: 4268 5512 | 11730 12976 | 1245 1247 | 99.2 | gi|161510924|ref|NC_010063.1|_Staphylococcus_aureus_subsp._aureus_USA300_TCH1516_plasmid_pUSA300HOUMR__complete_sequence NODE_70_length_27348_cov_24.2156
		Alignment: 4269 4433 | 13578 13413 | 165 166 | 96.99 | gi|161510924|ref|NC_010063.1|_Staphylococcus_aureus_subsp._aureus_USA300_TCH1516_plasmid_pUSA300HOUMR__complete_sequence NODE_70_length_27348_cov_24.2156
		Alignment: 5478 5629 | 16145 16298 | 152 154 | 95.45 | gi|161510924|ref|NC_010063.1|_Staphylococcus_aureus_subsp._aureus_USA300_TCH1516_plasmid_pUSA300HOUMR__complete_sequence NODE_70_length_27348_cov_24.2156
		Alignment: 5565 7549 | 25367 23353 | 1985 2015 | 96.83 | gi|161510924|ref|NC_010063.1|_Staphylococcus_aureus_subsp._aureus_USA300_TCH1516_plasmid_pUSA300HOUMR__complete_sequence NODE_70_length_27348_cov_24.2156
		Alignment: 5798 5862 | 16298 16362 | 65 65 | 100.0 | gi|161510924|ref|NC_010063.1|_Staphylococcus_aureus_subsp._aureus_USA300_TCH1516_plasmid_pUSA300HOUMR__complete_sequence NODE_70_length_27348_cov_24.2156
		Alignment: 7614 11810 | 18210 22394 | 4197 4185 | 95.83 | gi|161510924|ref|NC_010063.1|_Staphylococcus_aureus_subsp._aureus_USA300_TCH1516_plasmid_pUSA300HOUMR__complete_sequence NODE_70_length_27348_cov_24.2156
		Unaligned bases: 19111
		This contig has both significant aligned and unaligned parts (of length >= min-contig)!
CONTIG: NODE_49_length_242094_cov_13.4285 (242094bp)
		This contig is unaligned. (242094 bp)
		Unaligned bases: 242094  total: 630345

CONTIG: NODE_60_length_4353_cov_13.6797 (4353bp)
		This contig is unaligned. (4353 bp)
		Unaligned bases: 4353  total: 634698

CONTIG: NODE_38_length_34677_cov_12.0758 (34677bp)
		This contig is unaligned. (34677 bp)
		Unaligned bases: 34677  total: 669375

CONTIG: NODE_23_length_92352_cov_14.8765 (92352bp)
		This contig is unaligned. (92352 bp)
		Unaligned bases: 92352  total: 761727

CONTIG: NODE_22_length_1141_cov_11.5478 (1141bp)
		This contig is unaligned. (1141 bp)
		Unaligned bases: 1141  total: 762868

CONTIG: NODE_18_length_657_cov_0.323843 (657bp)
		This contig is unaligned. (657 bp)
		Unaligned bases: 657  total: 763525

CONTIG: NODE_42_length_2175_cov_10.9404 (2175bp)
		This contig is unaligned. (2175 bp)
		Unaligned bases: 2175  total: 765700

CONTIG: NODE_61_length_4934_cov_13.8925 (4934bp)
		This contig is unaligned. (4934 bp)
		Unaligned bases: 4934  total: 770634

CONTIG: NODE_40_length_187080_cov_12.5639 (187080bp)
Top Length: 790  Top ID: 99.24
		Skipping redundant alignments after choosing the best set of alignments
		Skipping [12451][13240] redundant alignment 12451 13240 | 186289 187078 | 790 790 | 99.24 | gi|161510924|ref|NC_010063.1|_Staphylococcus_aureus_subsp._aureus_USA300_TCH1516_plasmid_pUSA300HOUMR__complete_sequence NODE_40_length_187080_cov_12.5639
		Skipping [20338][21127] redundant alignment 20338 21127 | 187078 186288 | 790 791 | 97.47 | gi|161510924|ref|NC_010063.1|_Staphylococcus_aureus_subsp._aureus_USA300_TCH1516_plasmid_pUSA300HOUMR__complete_sequence NODE_40_length_187080_cov_12.5639
		This contig is partially unaligned. (790 out of 187080)
		Alignment: 12451 13240 | 186289 187078 | 790 790 | 99.24 | gi|161510924|ref|NC_010063.1|_Staphylococcus_aureus_subsp._aureus_USA300_TCH1516_plasmid_pUSA300HOUMR__complete_sequence NODE_40_length_187080_cov_12.5639
		Unaligned bases: 1 to 186288 (186288)
		Unaligned bases: 187079 to 187080 (2)
		This contig has both significant aligned and unaligned parts (of length >= min-contig)!

CONTIG: NODE_34_length_167149_cov_10.88 (167149bp)
		This contig is unaligned. (167149 bp)
		Unaligned bases: 167149  total: 937783

CONTIG: NODE_55_length_172757_cov_12.0669 (172757bp)
		This contig is unaligned. (172757 bp)
		Unaligned bases: 172757  total: 1110540

CONTIG: NODE_46_length_350174_cov_14.4302 (350174bp)
		This contig is unaligned. (350174 bp)
		Unaligned bases: 350174  total: 1460714

CONTIG: NODE_53_length_2664_cov_10.9198 (2664bp)
		This contig is unaligned. (2664 bp)
		Unaligned bases: 2664  total: 1463378

CONTIG: NODE_24_length_1641_cov_20.8111 (1641bp)
		This contig is unaligned. (1641 bp)
		Unaligned bases: 1641  total: 1465019

CONTIG: NODE_45_length_2171_cov_26.0833 (2171bp)
		This contig is unaligned. (2171 bp)
		Unaligned bases: 2171  total: 1467190

CONTIG: NODE_66_length_156168_cov_11.1446 (156168bp)
		This contig is unaligned. (156168 bp)
		Unaligned bases: 156168  total: 1623358

CONTIG: NODE_35_length_13845_cov_12.263 (13845bp)
		This contig is unaligned. (13845 bp)
		Unaligned bases: 13845  total: 1637203

CONTIG: NODE_51_length_20292_cov_12.9051 (20292bp)
		This contig is unaligned. (20292 bp)
		Unaligned bases: 20292  total: 1657495

CONTIG: NODE_26_length_3108_cov_48.005 (3108bp)
		This contig is unaligned. (3108 bp)
		Unaligned bases: 3108  total: 1660603

CONTIG: NODE_69_length_5441_cov_17.3195 (5441bp)
Top Length: 790  Top ID: 99.24
		Skipping redundant alignment 16329 17117 | 3 792 | 789 790 | 98.1 | gi|161510924|ref|NC_010063.1|_Staphylococcus_aureus_subsp._aureus_USA300_TCH1516_plasmid_pUSA300HOUMR__complete_sequence NODE_69_length_5441_cov_17.3195
		Skipping redundant alignment 20338 21126 | 3 792 | 789 790 | 97.47 | gi|161510924|ref|NC_010063.1|_Staphylococcus_aureus_subsp._aureus_USA300_TCH1516_plasmid_pUSA300HOUMR__complete_sequence NODE_69_length_5441_cov_17.3195
		This contig is misassembled. 4 total aligns.
			Warning! This contig is more unaligned than misassembled. Contig length is 5441 and total length of all aligns is 883
		Alignment: 12451 13240 | 792 3 | 790 790 | 99.24 | gi|161510924|ref|NC_010063.1|_Staphylococcus_aureus_subsp._aureus_USA300_TCH1516_plasmid_pUSA300HOUMR__complete_sequence NODE_69_length_5441_cov_17.3195
		Alignment: 13148 13240 | 5441 5349 | 93 93 | 100.0 | gi|161510924|ref|NC_010063.1|_Staphylococcus_aureus_subsp._aureus_USA300_TCH1516_plasmid_pUSA300HOUMR__complete_sequence NODE_69_length_5441_cov_17.3195
		Unaligned bases: 4558
		This contig has both significant aligned and unaligned parts (of length >= min-contig)!
CONTIG: NODE_44_length_520_cov_13.5506 (520bp)
		This contig is unaligned. (520 bp)
		Unaligned bases: 520  total: 1661123

CONTIG: NODE_50_length_38909_cov_14.0279 (38909bp)
		This contig is unaligned. (38909 bp)
		Unaligned bases: 38909  total: 1700032

CONTIG: NODE_39_length_220323_cov_10.8022 (220323bp)
		This contig is unaligned. (220323 bp)
		Unaligned bases: 220323  total: 1920355

CONTIG: NODE_64_length_50238_cov_12.4042 (50238bp)
		This contig is unaligned. (50238 bp)
		Unaligned bases: 50238  total: 1970593

CONTIG: NODE_33_length_54054_cov_10.3389 (54054bp)
		This contig is unaligned. (54054 bp)
		Unaligned bases: 54054  total: 2024647

CONTIG: NODE_25_length_3108_cov_34.1577 (3108bp)
		This contig is unaligned. (3108 bp)
		Unaligned bases: 3108  total: 2027755

CONTIG: NODE_67_length_2783_cov_14.8147 (2783bp)
		This contig is unaligned. (2783 bp)
		Unaligned bases: 2783  total: 2030538

CONTIG: NODE_57_length_122608_cov_13.0748 (122608bp)
		This contig is unaligned. (122608 bp)
		Unaligned bases: 122608  total: 2153146

CONTIG: NODE_47_length_3661_cov_14.4905 (3661bp)
		This contig is unaligned. (3661 bp)
		Unaligned bases: 3661  total: 2156807

CONTIG: NODE_54_length_105739_cov_12.419 (105739bp)
		This contig is unaligned. (105739 bp)
		Unaligned bases: 105739  total: 2262546

CONTIG: NODE_59_length_4884_cov_13.7141 (4884bp)
		This contig is unaligned. (4884 bp)
		Unaligned bases: 4884  total: 2267430

CONTIG: NODE_36_length_89747_cov_13.8831 (89747bp)
		This contig is unaligned. (89747 bp)
		Unaligned bases: 89747  total: 2357177

CONTIG: NODE_41_length_2038_cov_21.0551 (2038bp)
		This contig is unaligned. (2038 bp)
		Unaligned bases: 2038  total: 2359215

CONTIG: NODE_31_length_2156_cov_5.92673 (2156bp)
		This contig is unaligned. (2156 bp)
		Unaligned bases: 2156  total: 2361371

CONTIG: NODE_58_length_272427_cov_15.57 (272427bp)
Top Length: 93  Top ID: 100.0
		This contig is partially unaligned. (93 out of 272427)
		Alignment: 13148 13240 | 272427 272335 | 93 93 | 100.0 | gi|161510924|ref|NC_010063.1|_Staphylococcus_aureus_subsp._aureus_USA300_TCH1516_plasmid_pUSA300HOUMR__complete_sequence NODE_58_length_272427_cov_15.57
		Unaligned bases: 1 to 272334 (272334)

CONTIG: NODE_3_length_568_cov_0.520085 (568bp)
		This contig is unaligned. (568 bp)
		Unaligned bases: 568  total: 2361939

Analyzing coverage...
Writing SNPs into /usit/invitro/data/galaxy/master/sabbai/galaxy-dist/database/job_working_directory/000/734/dataset_771_files/contigs_reports/nucmer_output/SA-H-Spades.used_snps
	Reference gi|161510924|ref|NC_010063.1|_Staphylococcus_aureus_subsp._aureus_USA300_TCH1516_plasmid_pUSA300HOUMR__complete_sequence: 2 total alignments. 1 total regions.
		Region: 1 to 27041 (27041 bp)
			START in gap: 1 to 12451 (12450 bp)
			Align 1: 12451 13240 NODE_40_length_187080_cov_12.5639 186289 187078
				The next alignment (13148 13240 NODE_58_length_272427_cov_15.57 272427 272335) is redundant. Skipping.

Analysis is finished!
Founded SNPs were written into /usit/invitro/data/galaxy/master/sabbai/galaxy-dist/database/job_working_directory/000/734/dataset_771_files/contigs_reports/nucmer_output/SA-H-Spades.used_snps

Results:
	Local Misassemblies: 0
	Misassemblies: 0
		Relocations: 0
		Translocations: 0
		Inversions: 0
	Misassembled Contigs: 0
	Misassembled Contig Bases: 0
	Misassmblies Inter-Contig Overlap: 0
Uncovered Regions: 0 (0)
Unaligned Contigs: 40 + 4 part
Partially Unaligned Contigs with Misassemblies: 2
Unaligned Contig Bases: 2844232

Ambiguously Mapped Contigs: 0
Total Bases in Ambiguously Mapped Contigs: 0
Note that --allow-ambiguity option was set to "one" and only first alignment per each contig was used.

	Covered Bases: 790

	SNPs: 6
	Insertions: 0
	Deletions: 0

	Positive Gaps: 1
		Internal Gaps:  0
		External Gaps:  1
		External Gap Total:  12450
		External Gap Average: 12450
	Negative Gaps: 0
		Internal Overlaps:  0
		External Overlaps:  0
		External Overlaps Total:  0
		External Overlaps Average: 0
	Contigs with Redundant Alignments: 1 (93)
