Aligning contigs to reference...
	Running Nucmer...
Parsing coords...
Loading Assembly...
Loading reference...
	Loaded [gi|161510924|ref|NC_010063.1|_Staphylococcus_aureus_subsp._aureus_USA300_TCH1516_plasmid_pUSA300HOUMR__complete_sequence]
Loading SNPs...
Loading regions...
	No regions given, using whole reference.
	Total Regions: 1
	Total Region Length: 27041
Analyzing contigs...
CONTIG: mira_c85 (1136bp)
		This contig is unaligned. (1136 bp)
		Unaligned bases: 1136  total: 1136

CONTIG: mira_c82 (850bp)
		This contig is unaligned. (850 bp)
		Unaligned bases: 850  total: 1986

CONTIG: mira_rep_c118 (669bp)
		This contig is unaligned. (669 bp)
		Unaligned bases: 669  total: 2655

CONTIG: mira_rep_c121 (753bp)
Top Length: 753  Top ID: 98.27
		One align captures most of this contig: 10035 10787 | 753 1 | 753 753 | 98.27 | gi|161510924|ref|NC_010063.1|_Staphylococcus_aureus_subsp._aureus_USA300_TCH1516_plasmid_pUSA300HOUMR__complete_sequence mira_rep_c121

CONTIG: mira_c32 (21685bp)
		This contig is unaligned. (21685 bp)
		Unaligned bases: 21685  total: 24340

CONTIG: mira_c33 (5089bp)
		This contig is unaligned. (5089 bp)
		Unaligned bases: 5089  total: 29429

CONTIG: mira_c30 (35233bp)
		This contig is unaligned. (35233 bp)
		Unaligned bases: 35233  total: 64662

CONTIG: mira_c31 (38412bp)
		This contig is unaligned. (38412 bp)
		Unaligned bases: 38412  total: 103074

CONTIG: mira_c36 (5759bp)
		This contig is unaligned. (5759 bp)
		Unaligned bases: 5759  total: 108833

CONTIG: mira_c37 (11300bp)
Top Length: 139  Top ID: 98.56
		Skipping redundant alignments after choosing the best set of alignments
		Skipping [12451][12589] redundant alignment 12451 12589 | 11162 11300 | 139 139 | 98.56 | gi|161510924|ref|NC_010063.1|_Staphylococcus_aureus_subsp._aureus_USA300_TCH1516_plasmid_pUSA300HOUMR__complete_sequence mira_c37
		Skipping [20991][21127] redundant alignment 20991 21127 | 11297 11161 | 137 137 | 98.54 | gi|161510924|ref|NC_010063.1|_Staphylococcus_aureus_subsp._aureus_USA300_TCH1516_plasmid_pUSA300HOUMR__complete_sequence mira_c37
		This contig is partially unaligned. (139 out of 11300)
		Alignment: 12451 12589 | 11162 11300 | 139 139 | 98.56 | gi|161510924|ref|NC_010063.1|_Staphylococcus_aureus_subsp._aureus_USA300_TCH1516_plasmid_pUSA300HOUMR__complete_sequence mira_c37
		Unaligned bases: 1 to 11161 (11161)

CONTIG: mira_c34 (5791bp)
		This contig is unaligned. (5791 bp)
		Unaligned bases: 5791  total: 114624

CONTIG: mira_c35 (33397bp)
		This contig is unaligned. (33397 bp)
		Unaligned bases: 33397  total: 148021

CONTIG: mira_rep_c170 (576bp)
		This contig is unaligned. (576 bp)
		Unaligned bases: 576  total: 148597

CONTIG: mira_rep_c171 (1189bp)
		This contig is unaligned. (1189 bp)
		Unaligned bases: 1189  total: 149786

CONTIG: mira_c38 (2847bp)
		This contig is unaligned. (2847 bp)
		Unaligned bases: 2847  total: 152633

CONTIG: mira_c39 (22489bp)
		This contig is unaligned. (22489 bp)
		Unaligned bases: 22489  total: 175122

CONTIG: mira_rep_c177 (579bp)
		This contig is unaligned. (579 bp)
		Unaligned bases: 579  total: 175701

CONTIG: mira_rep_c129 (538bp)
Top Length: 538  Top ID: 97.77
		One align captures most of this contig: 7888 8425 | 1 538 | 538 538 | 97.77 | gi|161510924|ref|NC_010063.1|_Staphylococcus_aureus_subsp._aureus_USA300_TCH1516_plasmid_pUSA300HOUMR__complete_sequence mira_rep_c129

CONTIG: mira_c25 (12763bp)
		This contig is unaligned. (12763 bp)
		Unaligned bases: 12763  total: 188464

CONTIG: mira_c24 (20432bp)
		This contig is unaligned. (20432 bp)
		Unaligned bases: 20432  total: 208896

CONTIG: mira_c27 (43846bp)
		This contig is unaligned. (43846 bp)
		Unaligned bases: 43846  total: 252742

CONTIG: mira_c26 (62510bp)
		This contig is unaligned. (62510 bp)
		Unaligned bases: 62510  total: 315252

CONTIG: mira_c21 (34929bp)
		This contig is unaligned. (34929 bp)
		Unaligned bases: 34929  total: 350181

CONTIG: mira_c20 (104736bp)
		This contig is unaligned. (104736 bp)
		Unaligned bases: 104736  total: 454917

CONTIG: mira_c23 (58097bp)
		This contig is unaligned. (58097 bp)
		Unaligned bases: 58097  total: 513014

CONTIG: mira_c22 (16126bp)
		This contig is unaligned. (16126 bp)
		Unaligned bases: 16126  total: 529140

CONTIG: mira_c29 (34946bp)
		This contig is unaligned. (34946 bp)
		Unaligned bases: 34946  total: 564086

CONTIG: mira_c28 (89249bp)
		This contig is unaligned. (89249 bp)
		Unaligned bases: 89249  total: 653335

CONTIG: mira_rep_c109 (608bp)
		This contig is unaligned. (608 bp)
		Unaligned bases: 608  total: 653943

CONTIG: mira_rep_c108 (602bp)
		This contig is unaligned. (602 bp)
		Unaligned bases: 602  total: 654545

CONTIG: mira_rep_c105 (863bp)
		This contig is unaligned. (863 bp)
		Unaligned bases: 863  total: 655408

CONTIG: mira_rep_c104 (1094bp)
		This contig is unaligned. (1094 bp)
		Unaligned bases: 1094  total: 656502

CONTIG: mira_rep_c107 (1211bp)
		This contig is unaligned. (1211 bp)
		Unaligned bases: 1211  total: 657713

CONTIG: mira_rep_c106 (895bp)
Top Length: 261  Top ID: 100.0
		Skipping redundant alignment 2231 2388 | 43 200 | 158 158 | 95.57 | gi|161510924|ref|NC_010063.1|_Staphylococcus_aureus_subsp._aureus_USA300_TCH1516_plasmid_pUSA300HOUMR__complete_sequence mira_rep_c106
		This contig is misassembled. 3 total aligns.
			Warning! This contig is more unaligned than misassembled. Contig length is 895 and total length of all aligns is 427
		Alignment: 4269 4433 | 33 198 | 165 166 | 95.78 | gi|161510924|ref|NC_010063.1|_Staphylococcus_aureus_subsp._aureus_USA300_TCH1516_plasmid_pUSA300HOUMR__complete_sequence mira_rep_c106
		Alignment: 5252 5512 | 895 635 | 261 261 | 100.0 | gi|161510924|ref|NC_010063.1|_Staphylococcus_aureus_subsp._aureus_USA300_TCH1516_plasmid_pUSA300HOUMR__complete_sequence mira_rep_c106
		Unaligned bases: 468
CONTIG: mira_rep_c101 (1403bp)
		This contig is unaligned. (1403 bp)
		Unaligned bases: 1403  total: 659116

CONTIG: mira_rep_c100 (808bp)
Top Length: 790  Top ID: 99.24
		Skipping redundant alignment 16329 17117 | 798 9 | 789 790 | 98.1 | gi|161510924|ref|NC_010063.1|_Staphylococcus_aureus_subsp._aureus_USA300_TCH1516_plasmid_pUSA300HOUMR__complete_sequence mira_rep_c100
		Skipping redundant alignment 20338 21126 | 798 9 | 789 790 | 97.47 | gi|161510924|ref|NC_010063.1|_Staphylococcus_aureus_subsp._aureus_USA300_TCH1516_plasmid_pUSA300HOUMR__complete_sequence mira_rep_c100
		This contig is partially unaligned. (790 out of 808)
		Alignment: 12451 13240 | 9 798 | 790 790 | 99.24 | gi|161510924|ref|NC_010063.1|_Staphylococcus_aureus_subsp._aureus_USA300_TCH1516_plasmid_pUSA300HOUMR__complete_sequence mira_rep_c100
		Unaligned bases: 1 to 8 (8)
		Unaligned bases: 799 to 808 (10)

CONTIG: mira_rep_c103 (1035bp)
		This contig is unaligned. (1035 bp)
		Unaligned bases: 1035  total: 660151

CONTIG: mira_rep_c102 (510bp)
		This contig is unaligned. (510 bp)
		Unaligned bases: 510  total: 660661

CONTIG: mira_c50 (689bp)
		This contig is unaligned. (689 bp)
		Unaligned bases: 689  total: 661350

CONTIG: mira_c51 (893bp)
		This contig is unaligned. (893 bp)
		Unaligned bases: 893  total: 662243

CONTIG: mira_c52 (853bp)
		This contig is unaligned. (853 bp)
		Unaligned bases: 853  total: 663096

CONTIG: mira_c53 (2574bp)
Top Length: 516  Top ID: 95.83
		This contig is misassembled. 3 total aligns.
			Warning! This contig is more unaligned than misassembled. Contig length is 2574 and total length of all aligns is 723
		Alignment: 5489 5629 | 4 146 | 141 143 | 96.5 | gi|161510924|ref|NC_010063.1|_Staphylococcus_aureus_subsp._aureus_USA300_TCH1516_plasmid_pUSA300HOUMR__complete_sequence mira_c53
		Alignment: 5798 5862 | 146 210 | 65 65 | 100.0 | gi|161510924|ref|NC_010063.1|_Staphylococcus_aureus_subsp._aureus_USA300_TCH1516_plasmid_pUSA300HOUMR__complete_sequence mira_c53
		Alignment: 7614 8141 | 2058 2573 | 528 516 | 95.83 | gi|161510924|ref|NC_010063.1|_Staphylococcus_aureus_subsp._aureus_USA300_TCH1516_plasmid_pUSA300HOUMR__complete_sequence mira_c53
		Unaligned bases: 1851
		This contig has both significant aligned and unaligned parts (of length >= min-contig)!
CONTIG: mira_c54 (553bp)
		This contig is unaligned. (553 bp)
		Unaligned bases: 553  total: 663649

CONTIG: mira_rep_c91 (1671bp)
		This contig is unaligned. (1671 bp)
		Unaligned bases: 1671  total: 665320

CONTIG: mira_rep_c92 (5185bp)
		This contig is unaligned. (5185 bp)
		Unaligned bases: 5185  total: 670505

CONTIG: mira_c57 (662bp)
Top Length: 421  Top ID: 98.1
		This contig is partially unaligned. (421 out of 662)
		Alignment: 7129 7549 | 1 421 | 421 421 | 98.1 | gi|161510924|ref|NC_010063.1|_Staphylococcus_aureus_subsp._aureus_USA300_TCH1516_plasmid_pUSA300HOUMR__complete_sequence mira_c57
		Unaligned bases: 422 to 662 (241)

CONTIG: mira_c58 (1109bp)
		This contig is unaligned. (1109 bp)
		Unaligned bases: 1109  total: 671614

CONTIG: mira_c59 (1227bp)
		This contig is unaligned. (1227 bp)
		Unaligned bases: 1227  total: 672841

CONTIG: mira_rep_c115 (519bp)
		This contig is unaligned. (519 bp)
		Unaligned bases: 519  total: 673360

CONTIG: mira_rep_c98 (1768bp)
		This contig is unaligned. (1768 bp)
		Unaligned bases: 1768  total: 675128

CONTIG: mira_rep_c99 (613bp)
		This contig is unaligned. (613 bp)
		Unaligned bases: 613  total: 675741

CONTIG: mira_rep_c110 (523bp)
		This contig is unaligned. (523 bp)
		Unaligned bases: 523  total: 676264

CONTIG: mira_rep_c111 (611bp)
		This contig is unaligned. (611 bp)
		Unaligned bases: 611  total: 676875

CONTIG: mira_rep_c94 (6722bp)
		This contig is unaligned. (6722 bp)
		Unaligned bases: 6722  total: 683597

CONTIG: mira_rep_c95 (7545bp)
		This contig is unaligned. (7545 bp)
		Unaligned bases: 7545  total: 691142

CONTIG: mira_rep_c96 (1177bp)
		This contig is unaligned. (1177 bp)
		Unaligned bases: 1177  total: 692319

CONTIG: mira_c8 (232112bp)
		This contig is unaligned. (232112 bp)
		Unaligned bases: 232112  total: 924431

CONTIG: mira_rep_c97 (1503bp)
		This contig is unaligned. (1503 bp)
		Unaligned bases: 1503  total: 925934

CONTIG: mira_c2 (93030bp)
		This contig is unaligned. (93030 bp)
		Unaligned bases: 93030  total: 1018964

CONTIG: mira_rep_c90 (5679bp)
		This contig is unaligned. (5679 bp)
		Unaligned bases: 5679  total: 1024643

CONTIG: mira_c1 (379101bp)
		This contig is unaligned. (379101 bp)
		Unaligned bases: 379101  total: 1403744

CONTIG: mira_c6 (132448bp)
Top Length: 192  Top ID: 99.48
		Skipping redundant alignment 16329 16519 | 192 1 | 191 192 | 97.4 | gi|161510924|ref|NC_010063.1|_Staphylococcus_aureus_subsp._aureus_USA300_TCH1516_plasmid_pUSA300HOUMR__complete_sequence mira_c6
		This contig is partially unaligned. (192 out of 132448)
		Alignment: 13049 13240 | 1 192 | 192 192 | 99.48 | gi|161510924|ref|NC_010063.1|_Staphylococcus_aureus_subsp._aureus_USA300_TCH1516_plasmid_pUSA300HOUMR__complete_sequence mira_c6
		Unaligned bases: 193 to 132448 (132256)

CONTIG: mira_c7 (49571bp)
		This contig is unaligned. (49571 bp)
		Unaligned bases: 49571  total: 1453315

CONTIG: mira_c4 (155512bp)
		This contig is unaligned. (155512 bp)
		Unaligned bases: 155512  total: 1608827

CONTIG: mira_c55 (665bp)
		This contig is unaligned. (665 bp)
		Unaligned bases: 665  total: 1609492

CONTIG: mira_c56 (964bp)
		This contig is unaligned. (964 bp)
		Unaligned bases: 964  total: 1610456

CONTIG: mira_rep_c93 (1470bp)
Top Length: 1470  Top ID: 97.07
		One align captures most of this contig: 5912 7353 | 1470 1 | 1442 1470 | 97.07 | gi|161510924|ref|NC_010063.1|_Staphylococcus_aureus_subsp._aureus_USA300_TCH1516_plasmid_pUSA300HOUMR__complete_sequence mira_rep_c93

CONTIG: mira_c43 (9838bp)
		This contig is unaligned. (9838 bp)
		Unaligned bases: 9838  total: 1620294

CONTIG: mira_c42 (4674bp)
		This contig is unaligned. (4674 bp)
		Unaligned bases: 4674  total: 1624968

CONTIG: mira_c41 (3868bp)
		This contig is unaligned. (3868 bp)
		Unaligned bases: 3868  total: 1628836

CONTIG: mira_c40 (2394bp)
		This contig is unaligned. (2394 bp)
		Unaligned bases: 2394  total: 1631230

CONTIG: mira_c47 (2060bp)
Top Length: 2060  Top ID: 97.33
		One align captures most of this contig: 8201 10260 | 1 2060 | 2060 2060 | 97.33 | gi|161510924|ref|NC_010063.1|_Staphylococcus_aureus_subsp._aureus_USA300_TCH1516_plasmid_pUSA300HOUMR__complete_sequence mira_c47

CONTIG: mira_c46 (1212bp)
		This contig is unaligned. (1212 bp)
		Unaligned bases: 1212  total: 1632442

CONTIG: mira_c45 (4220bp)
		This contig is unaligned. (4220 bp)
		Unaligned bases: 4220  total: 1636662

CONTIG: mira_c44 (1054bp)
		This contig is unaligned. (1054 bp)
		Unaligned bases: 1054  total: 1637716

CONTIG: mira_c49 (608bp)
		This contig is unaligned. (608 bp)
		Unaligned bases: 608  total: 1638324

CONTIG: mira_c48 (1636bp)
		This contig is unaligned. (1636 bp)
		Unaligned bases: 1636  total: 1639960

CONTIG: mira_rep_c124 (640bp)
Top Length: 406  Top ID: 95.82
		This contig is partially unaligned. (406 out of 640)
		Alignment: 1111 1516 | 235 640 | 406 406 | 95.82 | gi|161510924|ref|NC_010063.1|_Staphylococcus_aureus_subsp._aureus_USA300_TCH1516_plasmid_pUSA300HOUMR__complete_sequence mira_rep_c124
		Unaligned bases: 1 to 234 (234)

CONTIG: mira_rep_c113 (500bp)
		This contig is unaligned. (500 bp)
		Unaligned bases: 500  total: 1640460

CONTIG: mira_c74 (764bp)
		This contig is unaligned. (764 bp)
		Unaligned bases: 764  total: 1641224

CONTIG: mira_c75 (1089bp)
		This contig is unaligned. (1089 bp)
		Unaligned bases: 1089  total: 1642313

CONTIG: mira_c73 (575bp)
		This contig is unaligned. (575 bp)
		Unaligned bases: 575  total: 1642888

CONTIG: mira_c71 (691bp)
		This contig is unaligned. (691 bp)
		Unaligned bases: 691  total: 1643579

CONTIG: mira_c78 (504bp)
Top Length: 504  Top ID: 98.81
		One align captures most of this contig: 5651 6154 | 1 504 | 504 504 | 98.81 | gi|161510924|ref|NC_010063.1|_Staphylococcus_aureus_subsp._aureus_USA300_TCH1516_plasmid_pUSA300HOUMR__complete_sequence mira_c78

CONTIG: mira_c79 (500bp)
		This contig is unaligned. (500 bp)
		Unaligned bases: 500  total: 1644079

CONTIG: mira_c69 (697bp)
		This contig is unaligned. (697 bp)
		Unaligned bases: 697  total: 1644776

CONTIG: mira_c68 (1219bp)
Top Length: 166  Top ID: 96.99
		Skipping redundant alignment 2231 2388 | 1029 1186 | 158 158 | 96.84 | gi|161510924|ref|NC_010063.1|_Staphylococcus_aureus_subsp._aureus_USA300_TCH1516_plasmid_pUSA300HOUMR__complete_sequence mira_c68
		This contig is partially unaligned. (166 out of 1219)
		Alignment: 4269 4433 | 1019 1184 | 165 166 | 96.99 | gi|161510924|ref|NC_010063.1|_Staphylococcus_aureus_subsp._aureus_USA300_TCH1516_plasmid_pUSA300HOUMR__complete_sequence mira_c68
		Unaligned bases: 1 to 1018 (1018)
		Unaligned bases: 1185 to 1219 (35)

CONTIG: mira_c61 (812bp)
		This contig is unaligned. (812 bp)
		Unaligned bases: 812  total: 1645588

CONTIG: mira_c60 (609bp)
		This contig is unaligned. (609 bp)
		Unaligned bases: 609  total: 1646197

CONTIG: mira_c63 (743bp)
Top Length: 669  Top ID: 98.8
		Skipping redundant alignment 2231 2386 | 658 502 | 156 157 | 95.54 | gi|161510924|ref|NC_010063.1|_Staphylococcus_aureus_subsp._aureus_USA300_TCH1516_plasmid_pUSA300HOUMR__complete_sequence mira_c63
		This contig is partially unaligned. (669 out of 743)
		Alignment: 4268 4934 | 669 1 | 667 669 | 98.8 | gi|161510924|ref|NC_010063.1|_Staphylococcus_aureus_subsp._aureus_USA300_TCH1516_plasmid_pUSA300HOUMR__complete_sequence mira_c63
		Unaligned bases: 670 to 743 (74)

CONTIG: mira_c62 (632bp)
		This contig is unaligned. (632 bp)
		Unaligned bases: 632  total: 1646829

CONTIG: mira_c65 (672bp)
		This contig is unaligned. (672 bp)
		Unaligned bases: 672  total: 1647501

CONTIG: mira_c64 (651bp)
Top Length: 651  Top ID: 99.69
		One align captures most of this contig: 4811 5461 | 1 651 | 651 651 | 99.69 | gi|161510924|ref|NC_010063.1|_Staphylococcus_aureus_subsp._aureus_USA300_TCH1516_plasmid_pUSA300HOUMR__complete_sequence mira_c64

CONTIG: mira_c67 (563bp)
		This contig is unaligned. (563 bp)
		Unaligned bases: 563  total: 1648064

CONTIG: mira_c66 (679bp)
Top Length: 250  Top ID: 96.41
		This contig is partially unaligned. (250 out of 679)
		Alignment: 1267 1516 | 1 250 | 250 250 | 96.41 | gi|161510924|ref|NC_010063.1|_Staphylococcus_aureus_subsp._aureus_USA300_TCH1516_plasmid_pUSA300HOUMR__complete_sequence mira_c66
		Unaligned bases: 251 to 679 (429)

CONTIG: mira_c211 (655bp)
		This contig is unaligned. (655 bp)
		Unaligned bases: 655  total: 1648719

CONTIG: mira_c9 (50006bp)
		This contig is unaligned. (50006 bp)
		Unaligned bases: 50006  total: 1698725

CONTIG: mira_c213 (657bp)
		This contig is unaligned. (657 bp)
		Unaligned bases: 657  total: 1699382

CONTIG: mira_c18 (50093bp)
		This contig is unaligned. (50093 bp)
		Unaligned bases: 50093  total: 1749475

CONTIG: mira_c19 (146765bp)
		This contig is unaligned. (146765 bp)
		Unaligned bases: 146765  total: 1896240

CONTIG: mira_c14 (10464bp)
		This contig is unaligned. (10464 bp)
		Unaligned bases: 10464  total: 1906704

CONTIG: mira_c15 (56772bp)
		This contig is unaligned. (56772 bp)
		Unaligned bases: 56772  total: 1963476

CONTIG: mira_c16 (40383bp)
		This contig is unaligned. (40383 bp)
		Unaligned bases: 40383  total: 2003859

CONTIG: mira_c17 (38702bp)
		This contig is unaligned. (38702 bp)
		Unaligned bases: 38702  total: 2042561

CONTIG: mira_c10 (90933bp)
		This contig is unaligned. (90933 bp)
		Unaligned bases: 90933  total: 2133494

CONTIG: mira_c11 (32356bp)
		This contig is unaligned. (32356 bp)
		Unaligned bases: 32356  total: 2165850

CONTIG: mira_c12 (244003bp)
		This contig is unaligned. (244003 bp)
		Unaligned bases: 244003  total: 2409853

CONTIG: mira_c13 (38961bp)
		This contig is unaligned. (38961 bp)
		Unaligned bases: 38961  total: 2448814

CONTIG: mira_c3 (4929bp)
Top Length: 205  Top ID: 99.02
		Skipping redundant alignment 16329 16495 | 168 1 | 167 168 | 97.02 | gi|161510924|ref|NC_010063.1|_Staphylococcus_aureus_subsp._aureus_USA300_TCH1516_plasmid_pUSA300HOUMR__complete_sequence mira_c3
		Skipping redundant alignment 16913 17117 | 4929 4725 | 205 205 | 97.56 | gi|161510924|ref|NC_010063.1|_Staphylococcus_aureus_subsp._aureus_USA300_TCH1516_plasmid_pUSA300HOUMR__complete_sequence mira_c3
		Skipping redundant alignment 20922 21126 | 4929 4725 | 205 205 | 97.56 | gi|161510924|ref|NC_010063.1|_Staphylococcus_aureus_subsp._aureus_USA300_TCH1516_plasmid_pUSA300HOUMR__complete_sequence mira_c3
		This contig is misassembled. 5 total aligns.
			Warning! This contig is more unaligned than misassembled. Contig length is 4929 and total length of all aligns is 373
		Alignment: 12451 12655 | 4725 4929 | 205 205 | 99.02 | gi|161510924|ref|NC_010063.1|_Staphylococcus_aureus_subsp._aureus_USA300_TCH1516_plasmid_pUSA300HOUMR__complete_sequence mira_c3
		Alignment: 13073 13240 | 1 168 | 168 168 | 99.4 | gi|161510924|ref|NC_010063.1|_Staphylococcus_aureus_subsp._aureus_USA300_TCH1516_plasmid_pUSA300HOUMR__complete_sequence mira_c3
		Unaligned bases: 4556
CONTIG: mira_c5 (242255bp)
		This contig is unaligned. (242255 bp)
		Unaligned bases: 242255  total: 2691069

Analyzing coverage...
Writing SNPs into /usit/invitro/data/galaxy/master/sabbai/galaxy-dist/database/job_working_directory/000/734/dataset_771_files/contigs_reports/nucmer_output/SA-H-Mira.used_snps
	Reference gi|161510924|ref|NC_010063.1|_Staphylococcus_aureus_subsp._aureus_USA300_TCH1516_plasmid_pUSA300HOUMR__complete_sequence: 14 total alignments. 1 total regions.
		Region: 1 to 27041 (27041 bp)
			START in gap: 1 to 1111 (1110 bp)
			Align 1: 1111 1516 mira_rep_c124 235 640
				The next alignment (1267 1516 mira_c66 1 250) is redundant. Skipping.
				Gap between this and next alignment: 1516 to 4268 (2751 bp)
				Next Alignment: 4268 4934 mira_c63 669 1

			Align 3: 4268 4934 mira_c63 669 1
				The next alignment (4269 4433 mira_c68 1019 1184) is redundant. Skipping.
				Negative gap (overlap) between this and next alignment: 4934 to 4811 (-123 bp)
				Next Alignment: 4811 5461 mira_c64 1 651

			Previous gap was negative, modifying coordinates to ignore overlap
				Moving contig start from 1 to 125.
			Align 5: 4935 5461 mira_c64 125 651
				Gap between this and next alignment: 5461 to 5651 (189 bp)
				Next Alignment: 5651 6154 mira_c78 1 504

			Align 6: 5651 6154 mira_c78 1 504
				Negative gap (overlap) between this and next alignment: 6154 to 5912 (-242 bp)
				Next Alignment: 5912 7353 mira_rep_c93 1470 1

			Previous gap was negative, modifying coordinates to ignore overlap
				Moving contig start from 1470 to 1227.
			Align 7: 6155 7353 mira_rep_c93 1227 1
				Negative gap (overlap) between this and next alignment: 7353 to 7129 (-224 bp)
				Next Alignment: 7129 7549 mira_c57 1 421

			Previous gap was negative, modifying coordinates to ignore overlap
				Moving contig start from 1 to 226.
			Align 8: 7354 7549 mira_c57 226 421
				Gap between this and next alignment: 7549 to 7888 (338 bp)
				Next Alignment: 7888 8425 mira_rep_c129 1 538

			Align 9: 7888 8425 mira_rep_c129 1 538
				Negative gap (overlap) between this and next alignment: 8425 to 8201 (-224 bp)
				Next Alignment: 8201 10260 mira_c47 1 2060

			Previous gap was negative, modifying coordinates to ignore overlap
				Moving contig start from 1 to 226.
			Align 10: 8426 10260 mira_c47 226 2060
				Negative gap (overlap) between this and next alignment: 10260 to 10035 (-225 bp)
				Next Alignment: 10035 10787 mira_rep_c121 753 1

			Previous gap was negative, modifying coordinates to ignore overlap
				Moving contig start from 753 to 527.
			Align 11: 10261 10787 mira_rep_c121 527 1
				Gap between this and next alignment: 10787 to 12451 (1663 bp)
				Next Alignment: 12451 12589 mira_c37 11162 11300

			Align 12: 12451 12589 mira_c37 11162 11300
				Negative gap (overlap) between this and next alignment: 12589 to 12451 (-138 bp)
				Next Alignment: 12451 13240 mira_rep_c100 9 798

			Previous gap was negative, modifying coordinates to ignore overlap
				Moving contig start from 9 to 148.
			Align 13: 12590 13240 mira_rep_c100 148 798
				The next alignment (13049 13240 mira_c6 1 192) is redundant. Skipping.

Analysis is finished!
Founded SNPs were written into /usit/invitro/data/galaxy/master/sabbai/galaxy-dist/database/job_working_directory/000/734/dataset_771_files/contigs_reports/nucmer_output/SA-H-Mira.used_snps

Results:
	Local Misassemblies: 0
	Misassemblies: 0
		Relocations: 0
		Translocations: 0
		Inversions: 0
	Misassembled Contigs: 0
	Misassembled Contig Bases: 0
	Misassmblies Inter-Contig Overlap: 0
Uncovered Regions: 0 (0)
Unaligned Contigs: 93 + 11 part
Partially Unaligned Contigs with Misassemblies: 3
Unaligned Contig Bases: 2843410

Ambiguously Mapped Contigs: 0
Total Bases in Ambiguously Mapped Contigs: 0
Note that --allow-ambiguity option was set to "one" and only first alignment per each contig was used.

	Covered Bases: 7189

	SNPs: 126
	Insertions: 31
	Deletions: 1

	Positive Gaps: 5
		Internal Gaps:  0
		External Gaps:  5
		External Gap Total:  6051
		External Gap Average: 1210
	Negative Gaps: 6
		Internal Overlaps:  0
		External Overlaps:  6
		External Overlaps Total: -1176
		External Overlaps Average: -196
	Contigs with Redundant Alignments: 3 (607)
