1: PREPARING DATA
1: PREPARING DATA
2,3: RUNNING mummer AND CREATING CLUSTERS
# reading input file "/usit/invitro/data/galaxy/master/sabbai/galaxy-dist/database/job_working_directory/001/1949/dataset_2031_files/Contig/contigs_reports/nucmer_output/abyss_1.3.ntref" 2,3: RUNNING mummer AND CREATING CLUSTERS
# reading input file "/usit/invitro/data/galaxy/master/sabbai/galaxy-dist/database/job_working_directory/001/1949/dataset_2031_files/Contig/contigs_reports/nucmer_output/abyss_1.3.ntref" of length 4033466
# construct suffix tree for sequence of length 4033466
# (maximum reference length is 536870908)
# (maximum query length is 4294967295)
# process 40334 characters per dot
#.of length 4033466
# construct suffix tree for sequence of length 4033466
# (maximum reference length is 536870908)
# (maximum query length is 4294967295)
# process 40334 characters per dot
.#....................................................................................................................................................................................................
# CONSTRUCTIONTIME /usit/invitro/data/galaxy/master/sabbai/galaxy-dist/tools/comparative_assembly_statistics/quast-2.2/libs/MUMmer3.23-linux/mummer /usit/invitro/data/galaxy/master/sabbai/galaxy-dist/database/job_working_directory/001/1949/dataset_2031_files/Contig/contigs_reports/nucmer_output/abyss_1.3.ntref 2.18
# reading input file "/usit/invitro/data/galaxy/master/sabbai/galaxy-dist/database/job_working_directory/001/1949/dataset_2031_files/Contig/corrected_input/abyss_1.3.6" .of length 3905086
# matching query-file "/usit/invitro/data/galaxy/master/sabbai/galaxy-dist/database/job_working_directory/001/1949/dataset_2031_files/Contig/corrected_input/abyss_1.3.6"
# against subject-file "/usit/invitro/data/galaxy/master/sabbai/galaxy-dist/database/job_working_directory/001/1949/dataset_2031_files/Contig/contigs_reports/nucmer_output/abyss_1.3.ntref"
.
# CONSTRUCTIONTIME /usit/invitro/data/galaxy/master/sabbai/galaxy-dist/tools/comparative_assembly_statistics/quast-2.2/libs/MUMmer3.23-linux/mummer /usit/invitro/data/galaxy/master/sabbai/galaxy-dist/database/job_working_directory/001/1949/dataset_2031_files/Contig/contigs_reports/nucmer_output/abyss_1.3.ntref 2.23
# reading input file "/usit/invitro/data/galaxy/master/sabbai/galaxy-dist/database/job_working_directory/001/1949/dataset_2031_files/Contig/corrected_input/abyss_1.3.4" of length 3905086
# matching query-file "/usit/invitro/data/galaxy/master/sabbai/galaxy-dist/database/job_working_directory/001/1949/dataset_2031_files/Contig/corrected_input/abyss_1.3.4"
# against subject-file "/usit/invitro/data/galaxy/master/sabbai/galaxy-dist/database/job_working_directory/001/1949/dataset_2031_files/Contig/contigs_reports/nucmer_output/abyss_1.3.ntref"
# COMPLETETIME /usit/invitro/data/galaxy/master/sabbai/galaxy-dist/tools/comparative_assembly_statistics/quast-2.2/libs/MUMmer3.23-linux/mummer /usit/invitro/data/galaxy/master/sabbai/galaxy-dist/database/job_working_directory/001/1949/dataset_2031_files/Contig/contigs_reports/nucmer_output/abyss_1.3.ntref 6.97
# SPACE /usit/invitro/data/galaxy/master/sabbai/galaxy-dist/tools/comparative_assembly_statistics/quast-2.2/libs/MUMmer3.23-linux/mummer /usit/invitro/data/galaxy/master/sabbai/galaxy-dist/database/job_working_directory/001/1949/dataset_2031_files/Contig/contigs_reports/nucmer_output/abyss_1.3.ntref 7.70
4: FINISHING DATA
# COMPLETETIME /usit/invitro/data/galaxy/master/sabbai/galaxy-dist/tools/comparative_assembly_statistics/quast-2.2/libs/MUMmer3.23-linux/mummer /usit/invitro/data/galaxy/master/sabbai/galaxy-dist/database/job_working_directory/001/1949/dataset_2031_files/Contig/contigs_reports/nucmer_output/abyss_1.3.ntref 7.66
# SPACE /usit/invitro/data/galaxy/master/sabbai/galaxy-dist/tools/comparative_assembly_statistics/quast-2.2/libs/MUMmer3.23-linux/mummer /usit/invitro/data/galaxy/master/sabbai/galaxy-dist/database/job_working_directory/001/1949/dataset_2031_files/Contig/contigs_reports/nucmer_output/abyss_1.3.ntref 7.70
4: FINISHING DATA
sh: /usit/invitro/data/galaxy/master/sabbai/galaxy-dist/database/job_working_directory/001/1949/dataset_2031_files/Contig/contigs_reports/nucmer_output/abyss_1.3.mgaps: No such file or directory
ERROR: postnuc returned non-zero
