/software/galaxy/master/sabbai/galaxy-dist/tools/comparative_assembly_statistics/quast-2.2/quast.py -o /software/galaxy/master/sabbai/galaxy-dist/database/job_working_directory/002/2141/dataset_2223_files/Scaffold -R /software/galaxy/master/sabbai/galaxy-dist/tools/comparative_assembly_statistics/reference/refGen/V_cholerae_O1_biovar_eltor_str_N1696.fna -G /software/galaxy/master/sabbai/galaxy-dist/tools/comparative_assembly_statistics/reference/genefiles/V_cholerae_O1_biovar_eltor_str_N1696.gff -l GAGE-B, Spades_2_3_0, Spades_2_5_0 --contig-thresholds 500,1000 --scaffolds /software/galaxy/master/sabbai/galaxy-dist/database/files/002/dataset_2187.dat /software/galaxy/master/sabbai/galaxy-dist/database/files/002/dataset_2191.dat /software/galaxy/master/sabbai/galaxy-dist/database/files/002/dataset_2219.dat

Version 2.2, build 19.07.2013 21:21


System information:
  OS: Linux-2.6.32-431.11.2.el6.x86_64-x86_64-with-redhat-6.5-Santiago
  Python version: 2.7.6
  CPUs number: 64

Started: 2014-06-16 03:36:20

Logging to /software/galaxy/master/sabbai/galaxy-dist/database/job_working_directory/002/2141/dataset_2223_files/Scaffold/quast.log

NOTICE: Output directory already exists. Existing Nucmer alignments can be used.

NOTICE: Maximum number of threads is set to 64 (use --threads option to set it manually)

Reference:
  /software/galaxy/master/sabbai/galaxy-dist/tools/comparative_assembly_statistics/reference/refGen/V_cholerae_O1_biovar_eltor_str_N1696.fna ==> V_cholerae_O1_biovar_eltor_str_N1696

Contigs:
  /software/galaxy/master/sabbai/galaxy-dist/database/files/002/dataset_2187.dat ==> GAGE-B
  breaking scaffolds into contigs:
      1 scaffolds (GAGE-B) were broken into 1484 contigs (GAGE-B_broken)
  /software/galaxy/master/sabbai/galaxy-dist/database/files/002/dataset_2191.dat ==> Spades_2_3_0
  breaking scaffolds into contigs:
      1 scaffolds (Spades_2_3_0) were broken into 1491 contigs (Spades_2_3_0_broken)
  /software/galaxy/master/sabbai/galaxy-dist/database/files/002/dataset_2219.dat ==> Spades_2_5_0
  breaking scaffolds into contigs:
      1 scaffolds (Spades_2_5_0) were broken into 885 contigs (Spades_2_5_0_broken)

2014-06-16 03:36:25
Running Basic statistics processor...
  Reference genome:
    V_cholerae_O1_biovar_eltor_str_N1696.fna, Reference length = 4033464, Reference GC % = 47.49
  Contig files: 
    1  GAGE-B broken
    2  GAGE-B
    3  Spades_2_3_0 broken
    4  Spades_2_3_0
    5  Spades_2_5_0 broken
    6  Spades_2_5_0
  Calculating N50 and L50...
    1  GAGE-B broken, N50 = 262160, L50 = 5, Total length = 4041279, GC % = 47.37, # N's per 100 kbp =  5.30
    2  GAGE-B, N50 = 262160, L50 = 5, Total length = 4041279, GC % = 47.37, # N's per 100 kbp =  5.30
    3  Spades_2_3_0 broken, N50 = 262160, L50 = 5, Total length = 4042074, GC % = 47.37, # N's per 100 kbp =  5.84
    4  Spades_2_3_0, N50 = 262160, L50 = 5, Total length = 4042074, GC % = 47.37, # N's per 100 kbp =  5.84
    5  Spades_2_5_0 broken, N50 = 258677, L50 = 6, Total length = 3983773, GC % = 47.34, # N's per 100 kbp =  0.00
    6  Spades_2_5_0, N50 = 258677, L50 = 6, Total length = 3983773, GC % = 47.34, # N's per 100 kbp =  0.00
  Drawing cumulative plot...
    saved to /software/galaxy/master/sabbai/galaxy-dist/database/job_working_directory/002/2141/dataset_2223_files/Scaffold/basic_stats/cumulative_plot.pdf
  Drawing GC content plot...
    saved to /software/galaxy/master/sabbai/galaxy-dist/database/job_working_directory/002/2141/dataset_2223_files/Scaffold/basic_stats/GC_content_plot.pdf
  Drawing Nx plot...
    saved to /software/galaxy/master/sabbai/galaxy-dist/database/job_working_directory/002/2141/dataset_2223_files/Scaffold/basic_stats/Nx_plot.pdf
  Drawing NGx plot...
    saved to /software/galaxy/master/sabbai/galaxy-dist/database/job_working_directory/002/2141/dataset_2223_files/Scaffold/basic_stats/NGx_plot.pdf
Done.

2014-06-16 03:36:29
Running Contig analyzer...
  1  GAGE-B broken
  1  Logging to files /software/galaxy/master/sabbai/galaxy-dist/database/job_working_directory/002/2141/dataset_2223_files/Scaffold/contigs_reports/contigs_report_GAGE-B_broken.stdout and contigs_report_GAGE-B_broken.stderr...
  2  GAGE-B
  1  Running Nucmer... 
  3  Spades_2_3_0 broken
  4  Spades_2_3_0
  2  Logging to files /software/galaxy/master/sabbai/galaxy-dist/database/job_working_directory/002/2141/dataset_2223_files/Scaffold/contigs_reports/contigs_report_GAGE-B.stdout and contigs_report_GAGE-B.stderr...
  3  Logging to files /software/galaxy/master/sabbai/galaxy-dist/database/job_working_directory/002/2141/dataset_2223_files/Scaffold/contigs_reports/contigs_report_Spades_2_3_0_broken.stdout and contigs_report_Spades_2_3_0_broken.stderr...
  2  Running Nucmer... 
  4  Logging to files /software/galaxy/master/sabbai/galaxy-dist/database/job_working_directory/002/2141/dataset_2223_files/Scaffold/contigs_reports/contigs_report_Spades_2_3_0.stdout and contigs_report_Spades_2_3_0.stderr...
  3  Running Nucmer... 
  4  Running Nucmer... 
  6  Spades_2_5_0
  5  Logging to files /software/galaxy/master/sabbai/galaxy-dist/database/job_working_directory/002/2141/dataset_2223_files/Scaffold/contigs_reports/contigs_report_Spades_2_5_0_broken.stdout and contigs_report_Spades_2_5_0_broken.stderr...
  5  Running Nucmer... 
  6  Logging to files /software/galaxy/master/sabbai/galaxy-dist/database/job_working_directory/002/2141/dataset_2223_files/Scaffold/contigs_reports/contigs_report_Spades_2_5_0.stdout and contigs_report_Spades_2_5_0.stderr...
  6  Running Nucmer... 
/software/galaxy/master/sabbai/galaxy-dist/database/job_working_directory/002/2141/dataset_2223_files/Scaffold/contigs_reports/alignments_Spades_2_5_0.tsv
  355073 Analysis is finished.
/software/galaxy/master/sabbai/galaxy-dist/database/job_working_directory/002/2141/dataset_2223_files/Scaffold/contigs_reports/alignments_Spades_2_5_0_broken.tsv
  355073 Analysis is finished.
/software/galaxy/master/sabbai/galaxy-dist/database/job_working_directory/002/2141/dataset_2223_files/Scaffold/contigs_reports/alignments_Spades_2_3_0.tsv
  355869 Analysis is finished.
/software/galaxy/master/sabbai/galaxy-dist/database/job_working_directory/002/2141/dataset_2223_files/Scaffold/contigs_reports/alignments_GAGE-B.tsv
  335475 Analysis is finished.
/software/galaxy/master/sabbai/galaxy-dist/database/job_working_directory/002/2141/dataset_2223_files/Scaffold/contigs_reports/alignments_GAGE-B_broken.tsv
  335475 Analysis is finished.
/software/galaxy/master/sabbai/galaxy-dist/database/job_working_directory/002/2141/dataset_2223_files/Scaffold/contigs_reports/alignments_Spades_2_3_0_broken.tsv
  355869 Analysis is finished.
  Creating total report...
    saved to /software/galaxy/master/sabbai/galaxy-dist/database/job_working_directory/002/2141/dataset_2223_files/Scaffold/contigs_reports/misassemblies_report.txt, misassemblies_report.tsv, and misassemblies_report.tex
  Creating total report...
    saved to /software/galaxy/master/sabbai/galaxy-dist/database/job_working_directory/002/2141/dataset_2223_files/Scaffold/contigs_reports/unaligned_report.txt, unaligned_report.tsv, and unaligned_report.tex
Done.

2014-06-16 03:36:49
Running NA-NGA calculation...
  Calculating NA50 and NGA50...
    1  GAGE-B broken, Largest alignment = 741022, NA50 = 262160, NGA50 = 262160, LA50 = 5, LGA50 = 5
    2  GAGE-B, Largest alignment = 741022, NA50 = 262160, NGA50 = 262160, LA50 = 5, LGA50 = 5
    3  Spades_2_3_0 broken, Largest alignment = 741022, NA50 = 262160, NGA50 = 262160, LA50 = 5, LGA50 = 5
    4  Spades_2_3_0, Largest alignment = 741022, NA50 = 262160, NGA50 = 262160, LA50 = 5, LGA50 = 5
    5  Spades_2_5_0 broken, Largest alignment = 392814, NA50 = 215247, NGA50 = 215247, LA50 = 7, LGA50 = 7
    6  Spades_2_5_0, Largest alignment = 392814, NA50 = 215247, NGA50 = 215247, LA50 = 7, LGA50 = 7
  Drawing cumulative plot...
    saved to /software/galaxy/master/sabbai/galaxy-dist/database/job_working_directory/002/2141/dataset_2223_files/Scaffold/aligned_stats/cumulative_plot.pdf
  Drawing NAx plot...
    saved to /software/galaxy/master/sabbai/galaxy-dist/database/job_working_directory/002/2141/dataset_2223_files/Scaffold/aligned_stats/NAx_plot.pdf
  Drawing NGAx plot...
    saved to /software/galaxy/master/sabbai/galaxy-dist/database/job_working_directory/002/2141/dataset_2223_files/Scaffold/aligned_stats/NGAx_plot.pdf
  Done.

2014-06-16 03:36:51
Running Genome analyzer...
  Loaded 3693 genes
  NOTICE: Annotated operons file was not provided. Use -O option to specify it.
  1  GAGE-B broken
  2  GAGE-B
  3  Spades_2_3_0 broken
  4  Spades_2_3_0
  5  Spades_2_5_0 broken
  6  Spades_2_5_0
  Drawing genes cumulative plot...
    saved to /software/galaxy/master/sabbai/galaxy-dist/database/job_working_directory/002/2141/dataset_2223_files/Scaffold/genome_stats/genes_cumulative_plot.pdf
  Drawing # complete genes histogram...
    saved to /software/galaxy/master/sabbai/galaxy-dist/database/job_working_directory/002/2141/dataset_2223_files/Scaffold/genome_stats/complete_genes_histogram.pdf
  Drawing Genome fraction, % histogram...
    saved to /software/galaxy/master/sabbai/galaxy-dist/database/job_working_directory/002/2141/dataset_2223_files/Scaffold/genome_stats/genome_fraction_histogram.pdf
Done.

NOTICE: Genes are not predicted by default. Use --gene-finding option to enable it.

2014-06-16 03:37:06
Summarizing...
  Creating total report...
    saved to /software/galaxy/master/sabbai/galaxy-dist/database/job_working_directory/002/2141/dataset_2223_files/Scaffold/report.txt, report.tsv, and report.tex
  Transposed version of total report...
    saved to /software/galaxy/master/sabbai/galaxy-dist/database/job_working_directory/002/2141/dataset_2223_files/Scaffold/transposed_report.txt, transposed_report.tsv, and transposed_report.tex
  HTML version saved to /software/galaxy/master/sabbai/galaxy-dist/database/job_working_directory/002/2141/dataset_2223_files/Scaffold/report.html
  All pdf files are merged to /software/galaxy/master/sabbai/galaxy-dist/database/job_working_directory/002/2141/dataset_2223_files/Scaffold/plots.pdf
Log saved to /software/galaxy/master/sabbai/galaxy-dist/database/job_working_directory/002/2141/dataset_2223_files/Scaffold/quast.log

Finished: 2014-06-16 03:37:06
Elapsed time: 0:00:45.796513
