Aligning contigs to reference...
	Running Nucmer...
Parsing coords...
Loading Assembly...
Loading reference...
	Loaded [gi|552535527|ref|NC_007493.2|_Rhodobacter_sphaeroides_2.4.1_chromosome_1__complete_sequence]
	Loaded [gi|552536492|ref|NC_007494.2|_Rhodobacter_sphaeroides_2.4.1_chromosome_2__complete_sequence]
	Loaded [gi|125654605|ref|NC_009007.1|_Rhodobacter_sphaeroides_2.4.1_plasmid_A__partial_sequence]
	Loaded [gi|552530711|ref|NC_007488.2|_Rhodobacter_sphaeroides_2.4.1_plasmid_B__complete_sequence]
	Loaded [gi|77404693|ref|NC_007489.1|_Rhodobacter_sphaeroides_2.4.1_plasmid_C__complete_sequence]
	Loaded [gi|552530953|ref|NC_007490.2|_Rhodobacter_sphaeroides_2.4.1_plasmid_D__complete_sequence]
	Loaded [gi|125654693|ref|NC_009008.1|_Rhodobacter_sphaeroides_2.4.1_plasmid_E__partial_sequence]
Loading SNPs...
Loading regions...
	No regions given, using whole reference.
	Total Regions: 7
	Total Region Length: 4602977
Analyzing contigs...
CONTIG: scf7180000103341_2 (10739bp)
Top Length: 10737  Top ID: 99.99
		One align captures most of this contig: 2555099 2565835 | 3 10739 | 10737 10737 | 99.99 | gi|552535527|ref|NC_007493.2|_Rhodobacter_sphaeroides_2.4.1_chromosome_1__complete_sequence scf7180000103341_2

CONTIG: scf7180000103341_1 (9302bp)
Top Length: 9302  Top ID: 100.0
		One align captures most of this contig: 2545806 2555107 | 1 9302 | 9302 9302 | 100.0 | gi|552535527|ref|NC_007493.2|_Rhodobacter_sphaeroides_2.4.1_chromosome_1__complete_sequence scf7180000103341_1

CONTIG: scf7180000103386_1 (18814bp)
Top Length: 18812  Top ID: 100.0
		Marking as insignificant: 42754 42836 | 9295 9377 | 83 83 | 100.0 | gi|552536492|ref|NC_007494.2|_Rhodobacter_sphaeroides_2.4.1_chromosome_2__complete_sequence scf7180000103386_1
		Marking as insignificant: 38694 39022 | 18814 18486 | 329 329 | 99.09 | gi|552536492|ref|NC_007494.2|_Rhodobacter_sphaeroides_2.4.1_chromosome_2__complete_sequence scf7180000103386_1
		Marking as insignificant: 5020 5349 | 18814 18485 | 330 330 | 99.09 | gi|552535527|ref|NC_007493.2|_Rhodobacter_sphaeroides_2.4.1_chromosome_1__complete_sequence scf7180000103386_1
		One align captures most of this contig: 5022 23833 | 18814 3 | 18812 18812 | 100.0 | gi|552536492|ref|NC_007494.2|_Rhodobacter_sphaeroides_2.4.1_chromosome_2__complete_sequence scf7180000103386_1

CONTIG: scf7180000103397_1 (32941bp)
Top Length: 32938  Top ID: 100.0
		One align captures most of this contig: 1554059 1586996 | 32938 1 | 32938 32938 | 100.0 | gi|552535527|ref|NC_007493.2|_Rhodobacter_sphaeroides_2.4.1_chromosome_1__complete_sequence scf7180000103397_1

CONTIG: scf7180000103430_1 (88357bp)
Top Length: 88357  Top ID: 99.99
		Marking as insignificant: 1463278 1463378 | 40066 40166 | 101 101 | 97.03 | gi|552535527|ref|NC_007493.2|_Rhodobacter_sphaeroides_2.4.1_chromosome_1__complete_sequence scf7180000103430_1
		One align captures most of this contig: 436063 524419 | 88357 1 | 88357 88357 | 99.99 | gi|552535527|ref|NC_007493.2|_Rhodobacter_sphaeroides_2.4.1_chromosome_1__complete_sequence scf7180000103430_1

CONTIG: scf7180000103349_1 (11643bp)
Top Length: 11632  Top ID: 100.0
		One align captures most of this contig: 1523927 1535558 | 11643 12 | 11632 11632 | 100.0 | gi|552535527|ref|NC_007493.2|_Rhodobacter_sphaeroides_2.4.1_chromosome_1__complete_sequence scf7180000103349_1

CONTIG: scf7180000103433_2 (13870bp)
Top Length: 13870  Top ID: 100.0
		Marking as insignificant: 2177647 2177821 | 1 175 | 175 175 | 98.86 | gi|552535527|ref|NC_007493.2|_Rhodobacter_sphaeroides_2.4.1_chromosome_1__complete_sequence scf7180000103433_2
		One align captures most of this contig: 149170 163039 | 1 13870 | 13870 13870 | 100.0 | gi|552535527|ref|NC_007493.2|_Rhodobacter_sphaeroides_2.4.1_chromosome_1__complete_sequence scf7180000103433_2

CONTIG: scf7180000103347_1 (20671bp)
Top Length: 20658  Top ID: 100.0
		One align captures most of this contig: 115658 136315 | 20663 6 | 20658 20658 | 100.0 | gi|552536492|ref|NC_007494.2|_Rhodobacter_sphaeroides_2.4.1_chromosome_2__complete_sequence scf7180000103347_1

CONTIG: scf7180000103390_1 (42491bp)
Top Length: 42489  Top ID: 99.99
		One align captures most of this contig: 3138301 3180788 | 1 42489 | 42488 42489 | 99.99 | gi|552535527|ref|NC_007493.2|_Rhodobacter_sphaeroides_2.4.1_chromosome_1__complete_sequence scf7180000103390_1

CONTIG: scf7180000103311_1 (4575bp)
Top Length: 4464  Top ID: 100.0
		This contig is misassembled. 2 total aligns.
			Real Alignment 1: 427093 431556 | 4575 112 | 4464 4464 | 100.0 | gi|552535527|ref|NC_007493.2|_Rhodobacter_sphaeroides_2.4.1_chromosome_1__complete_sequence scf7180000103311_1
			  Extensive misassembly ( relocation, inconsistency = 1027683 ) between these two alignments
			Real Alignment 2: 1459236 1459350 | 115 1 | 115 115 | 100.0 | gi|552535527|ref|NC_007493.2|_Rhodobacter_sphaeroides_2.4.1_chromosome_1__complete_sequence scf7180000103311_1

CONTIG: scf7180000103384_1 (28593bp)
Top Length: 28593  Top ID: 100.0
		One align captures most of this contig: 398444 427036 | 1 28593 | 28593 28593 | 100.0 | gi|552535527|ref|NC_007493.2|_Rhodobacter_sphaeroides_2.4.1_chromosome_1__complete_sequence scf7180000103384_1

CONTIG: scf7180000103432_1 (78386bp)
Top Length: 78386  Top ID: 100.0
		One align captures most of this contig: 1889694 1968079 | 1 78386 | 78386 78386 | 100.0 | gi|552535527|ref|NC_007493.2|_Rhodobacter_sphaeroides_2.4.1_chromosome_1__complete_sequence scf7180000103432_1

CONTIG: scf7180000103393_1 (10293bp)
Top Length: 10293  Top ID: 100.0
		Marking as insignificant: 3188239 3188518 | 756 477 | 280 280 | 97.86 | gi|552535527|ref|NC_007493.2|_Rhodobacter_sphaeroides_2.4.1_chromosome_1__complete_sequence scf7180000103393_1
		Marking as insignificant: 942733 943012 | 756 477 | 280 280 | 97.86 | gi|552536492|ref|NC_007494.2|_Rhodobacter_sphaeroides_2.4.1_chromosome_2__complete_sequence scf7180000103393_1
		Marking as insignificant: 1 468 | 470 1 | 468 470 | 99.36 | gi|552535527|ref|NC_007493.2|_Rhodobacter_sphaeroides_2.4.1_chromosome_1__complete_sequence scf7180000103393_1
		Marking as insignificant: 1 470 | 470 1 | 470 470 | 100.0 | gi|552536492|ref|NC_007494.2|_Rhodobacter_sphaeroides_2.4.1_chromosome_2__complete_sequence scf7180000103393_1
		One align captures most of this contig: 23851 34143 | 10293 1 | 10293 10293 | 100.0 | gi|552536492|ref|NC_007494.2|_Rhodobacter_sphaeroides_2.4.1_chromosome_2__complete_sequence scf7180000103393_1

CONTIG: scf7180000103368_1 (24055bp)
Top Length: 24055  Top ID: 100.0
		Marking as insignificant: 105181 105284 | 23746 23849 | 104 104 | 100.0 | gi|77404693|ref|NC_007489.1|_Rhodobacter_sphaeroides_2.4.1_plasmid_C__complete_sequence scf7180000103368_1
		Marking as insignificant: 1 206 | 23850 24055 | 206 206 | 100.0 | gi|77404693|ref|NC_007489.1|_Rhodobacter_sphaeroides_2.4.1_plasmid_C__complete_sequence scf7180000103368_1
		Marking as insignificant: 1259 1568 | 24055 23746 | 310 310 | 100.0 | gi|552530711|ref|NC_007488.2|_Rhodobacter_sphaeroides_2.4.1_plasmid_B__complete_sequence scf7180000103368_1
		Marking as insignificant: 1435195 1435504 | 23746 24055 | 310 310 | 100.0 | gi|552535527|ref|NC_007493.2|_Rhodobacter_sphaeroides_2.4.1_chromosome_1__complete_sequence scf7180000103368_1
		Marking as insignificant: 91328 91638 | 24055 23745 | 311 311 | 100.0 | gi|125654605|ref|NC_009007.1|_Rhodobacter_sphaeroides_2.4.1_plasmid_A__partial_sequence scf7180000103368_1
		One align captures most of this contig: 372931 396985 | 24055 1 | 24055 24055 | 100.0 | gi|552536492|ref|NC_007494.2|_Rhodobacter_sphaeroides_2.4.1_chromosome_2__complete_sequence scf7180000103368_1

CONTIG: scf7180000103420_1 (48536bp)
Top Length: 39560  Top ID: 99.98
		Skipping redundant alignment 2715391 2715502 | 29576 29465 | 112 112 | 96.43 | gi|552535527|ref|NC_007493.2|_Rhodobacter_sphaeroides_2.4.1_chromosome_1__complete_sequence scf7180000103420_1
		Skipping redundant alignment 2715366 2715462 | 29573 29477 | 97 97 | 98.97 | gi|552535527|ref|NC_007493.2|_Rhodobacter_sphaeroides_2.4.1_chromosome_1__complete_sequence scf7180000103420_1
		Skipping redundant alignment 2715366 2715455 | 29566 29477 | 90 90 | 100.0 | gi|552535527|ref|NC_007493.2|_Rhodobacter_sphaeroides_2.4.1_chromosome_1__complete_sequence scf7180000103420_1
		This contig is misassembled. 5 total aligns.
			Real Alignment 1: 1006418 1045970 | 1 39560 | 39553 39560 | 99.98 | gi|552535527|ref|NC_007493.2|_Rhodobacter_sphaeroides_2.4.1_chromosome_1__complete_sequence scf7180000103420_1
			  Gap between these two alignments (local misassembly). Inconsistency = 7
			Real Alignment 2: 1025902 1054946 | 19485 48536 | 29045 29052 | 99.98 | gi|552535527|ref|NC_007493.2|_Rhodobacter_sphaeroides_2.4.1_chromosome_1__complete_sequence scf7180000103420_1

CONTIG: scf7180000103413_1 (36183bp)
Top Length: 36120  Top ID: 100.0
		One align captures most of this contig: 1163603 1199722 | 1 36120 | 36120 36120 | 100.0 | gi|552535527|ref|NC_007493.2|_Rhodobacter_sphaeroides_2.4.1_chromosome_1__complete_sequence scf7180000103413_1

CONTIG: scf7180000103343_1 (8358bp)
Top Length: 8357  Top ID: 100.0
		One align captures most of this contig: 1601831 1610187 | 8358 2 | 8357 8357 | 100.0 | gi|552535527|ref|NC_007493.2|_Rhodobacter_sphaeroides_2.4.1_chromosome_1__complete_sequence scf7180000103343_1

CONTIG: scf7180000103409_1 (17662bp)
Top Length: 17660  Top ID: 100.0
		One align captures most of this contig: 3120665 3138324 | 17662 3 | 17660 17660 | 100.0 | gi|552535527|ref|NC_007493.2|_Rhodobacter_sphaeroides_2.4.1_chromosome_1__complete_sequence scf7180000103409_1

CONTIG: scf7180000103327_2 (71667bp)
Top Length: 71667  Top ID: 100.0
		One align captures most of this contig: 576274 647940 | 71667 1 | 71667 71667 | 100.0 | gi|552536492|ref|NC_007494.2|_Rhodobacter_sphaeroides_2.4.1_chromosome_2__complete_sequence scf7180000103327_2

CONTIG: scf7180000103327_1 (13786bp)
Top Length: 13786  Top ID: 100.0
		One align captures most of this contig: 647932 661717 | 13786 1 | 13786 13786 | 100.0 | gi|552536492|ref|NC_007494.2|_Rhodobacter_sphaeroides_2.4.1_chromosome_2__complete_sequence scf7180000103327_1

CONTIG: scf7180000103372_1 (22480bp)
Top Length: 22476  Top ID: 99.95
		One align captures most of this contig: 859955 882429 | 22478 3 | 22475 22476 | 99.95 | gi|552535527|ref|NC_007493.2|_Rhodobacter_sphaeroides_2.4.1_chromosome_1__complete_sequence scf7180000103372_1

CONTIG: scf7180000103421_1 (18371bp)
Top Length: 18371  Top ID: 100.0
		Marking as insignificant: 287813 288009 | 197 1 | 197 197 | 100.0 | gi|552535527|ref|NC_007493.2|_Rhodobacter_sphaeroides_2.4.1_chromosome_1__complete_sequence scf7180000103421_1
		Marking as insignificant: 306993 307661 | 18371 17703 | 669 669 | 99.4 | gi|552535527|ref|NC_007493.2|_Rhodobacter_sphaeroides_2.4.1_chromosome_1__complete_sequence scf7180000103421_1
		One align captures most of this contig: 288316 306686 | 18371 1 | 18371 18371 | 100.0 | gi|552535527|ref|NC_007493.2|_Rhodobacter_sphaeroides_2.4.1_chromosome_1__complete_sequence scf7180000103421_1

CONTIG: scf7180000103411_1 (101982bp)
Top Length: 101982  Top ID: 99.99
		Marking as insignificant: 149187 149344 | 1 158 | 158 158 | 99.37 | gi|552535527|ref|NC_007493.2|_Rhodobacter_sphaeroides_2.4.1_chromosome_1__complete_sequence scf7180000103411_1
		One align captures most of this contig: 2177664 2279645 | 1 101982 | 101982 101982 | 99.99 | gi|552535527|ref|NC_007493.2|_Rhodobacter_sphaeroides_2.4.1_chromosome_1__complete_sequence scf7180000103411_1

CONTIG: scf7180000103356_1 (16532bp)
Top Length: 16531  Top ID: 99.99
		Marking as insignificant: 1843488 1843563 | 5553 5628 | 76 76 | 100.0 | gi|552535527|ref|NC_007493.2|_Rhodobacter_sphaeroides_2.4.1_chromosome_1__complete_sequence scf7180000103356_1
		One align captures most of this contig: 672940 689470 | 16532 2 | 16531 16531 | 99.99 | gi|552535527|ref|NC_007493.2|_Rhodobacter_sphaeroides_2.4.1_chromosome_1__complete_sequence scf7180000103356_1

CONTIG: scf7180000103399_1 (15957bp)
Top Length: 15957  Top ID: 100.0
		One align captures most of this contig: 3104891 3120847 | 15957 1 | 15957 15957 | 100.0 | gi|552535527|ref|NC_007493.2|_Rhodobacter_sphaeroides_2.4.1_chromosome_1__complete_sequence scf7180000103399_1

CONTIG: scf7180000103389_1 (10886bp)
Top Length: 10886  Top ID: 100.0
		One align captures most of this contig: 2507596 2518481 | 1 10886 | 10886 10886 | 100.0 | gi|552535527|ref|NC_007493.2|_Rhodobacter_sphaeroides_2.4.1_chromosome_1__complete_sequence scf7180000103389_1

CONTIG: scf7180000103350_1 (10668bp)
Top Length: 10668  Top ID: 100.0
		One align captures most of this contig: 1660951 1671618 | 1 10668 | 10668 10668 | 100.0 | gi|552535527|ref|NC_007493.2|_Rhodobacter_sphaeroides_2.4.1_chromosome_1__complete_sequence scf7180000103350_1

CONTIG: scf7180000103345_1 (16846bp)
Top Length: 16846  Top ID: 100.0
		One align captures most of this contig: 2591897 2608742 | 1 16846 | 16846 16846 | 100.0 | gi|552535527|ref|NC_007493.2|_Rhodobacter_sphaeroides_2.4.1_chromosome_1__complete_sequence scf7180000103345_1

CONTIG: scf7180000103382_1 (24136bp)
Top Length: 24136  Top ID: 99.99
		One align captures most of this contig: 136262 160397 | 24136 1 | 24136 24136 | 99.99 | gi|552536492|ref|NC_007494.2|_Rhodobacter_sphaeroides_2.4.1_chromosome_2__complete_sequence scf7180000103382_1

CONTIG: scf7180000103313_1 (88873bp)
Top Length: 88873  Top ID: 100.0
		One align captures most of this contig: 769614 858486 | 88873 1 | 88873 88873 | 100.0 | gi|552536492|ref|NC_007494.2|_Rhodobacter_sphaeroides_2.4.1_chromosome_2__complete_sequence scf7180000103313_1

CONTIG: scf7180000103354_1 (25985bp)
Top Length: 25985  Top ID: 100.0
		One align captures most of this contig: 2815889 2841873 | 1 25985 | 25985 25985 | 100.0 | gi|552535527|ref|NC_007493.2|_Rhodobacter_sphaeroides_2.4.1_chromosome_1__complete_sequence scf7180000103354_1

CONTIG: scf7180000103360_1 (11613bp)
Top Length: 11611  Top ID: 100.0
		One align captures most of this contig: 57481 69091 | 1 11611 | 11611 11611 | 100.0 | gi|552535527|ref|NC_007493.2|_Rhodobacter_sphaeroides_2.4.1_chromosome_1__complete_sequence scf7180000103360_1

CONTIG: scf7180000103354_2 (66310bp)
Top Length: 66310  Top ID: 100.0
		One align captures most of this contig: 2841903 2908212 | 1 66310 | 66310 66310 | 100.0 | gi|552535527|ref|NC_007493.2|_Rhodobacter_sphaeroides_2.4.1_chromosome_1__complete_sequence scf7180000103354_2

CONTIG: scf7180000103315_1 (5236bp)
Top Length: 5236  Top ID: 100.0
		One align captures most of this contig: 667921 673156 | 5236 1 | 5236 5236 | 100.0 | gi|552535527|ref|NC_007493.2|_Rhodobacter_sphaeroides_2.4.1_chromosome_1__complete_sequence scf7180000103315_1

CONTIG: scf7180000103380_1 (64899bp)
Top Length: 64845  Top ID: 99.99
		One align captures most of this contig: 2392478 2457322 | 1 64845 | 64845 64845 | 99.99 | gi|552535527|ref|NC_007493.2|_Rhodobacter_sphaeroides_2.4.1_chromosome_1__complete_sequence scf7180000103380_1

CONTIG: scf7180000103304_1 (1712bp)
Top Length: 1712  Top ID: 100.0
		One align captures most of this contig: 2457562 2459273 | 1 1712 | 1712 1712 | 100.0 | gi|552535527|ref|NC_007493.2|_Rhodobacter_sphaeroides_2.4.1_chromosome_1__complete_sequence scf7180000103304_1

CONTIG: scf7180000103346_1 (7716bp)
Top Length: 7716  Top ID: 100.0
		One align captures most of this contig: 329992 337707 | 7716 1 | 7716 7716 | 100.0 | gi|552536492|ref|NC_007494.2|_Rhodobacter_sphaeroides_2.4.1_chromosome_2__complete_sequence scf7180000103346_1

CONTIG: scf7180000103387_1 (42089bp)
Top Length: 42089  Top ID: 99.99
		One align captures most of this contig: 2297389 2339477 | 42089 1 | 42089 42089 | 99.99 | gi|552535527|ref|NC_007493.2|_Rhodobacter_sphaeroides_2.4.1_chromosome_1__complete_sequence scf7180000103387_1

CONTIG: scf7180000103391_1 (11971bp)
Top Length: 11957  Top ID: 100.0
		One align captures most of this contig: 45730 57686 | 11971 15 | 11957 11957 | 100.0 | gi|552535527|ref|NC_007493.2|_Rhodobacter_sphaeroides_2.4.1_chromosome_1__complete_sequence scf7180000103391_1

CONTIG: scf7180000103331_1 (28609bp)
Top Length: 28609  Top ID: 100.0
		Marking as insignificant: 484254 484354 | 26795 26695 | 101 101 | 97.03 | gi|552535527|ref|NC_007493.2|_Rhodobacter_sphaeroides_2.4.1_chromosome_1__complete_sequence scf7180000103331_1
		Marking as insignificant: 1 181 | 181 1 | 181 181 | 100.0 | gi|552530711|ref|NC_007488.2|_Rhodobacter_sphaeroides_2.4.1_plasmid_B__complete_sequence scf7180000103331_1
		Marking as insignificant: 35530 35749 | 220 1 | 220 220 | 100.0 | gi|125654693|ref|NC_009008.1|_Rhodobacter_sphaeroides_2.4.1_plasmid_E__partial_sequence scf7180000103331_1
		Marking as insignificant: 371635 371854 | 220 1 | 220 220 | 100.0 | gi|552536492|ref|NC_007494.2|_Rhodobacter_sphaeroides_2.4.1_chromosome_2__complete_sequence scf7180000103331_1
		Marking as insignificant: 1286 1534 | 1 249 | 249 249 | 96.8 | gi|77404693|ref|NC_007489.1|_Rhodobacter_sphaeroides_2.4.1_plasmid_C__complete_sequence scf7180000103331_1
		One align captures most of this contig: 1436584 1465192 | 1 28609 | 28609 28609 | 100.0 | gi|552535527|ref|NC_007493.2|_Rhodobacter_sphaeroides_2.4.1_chromosome_1__complete_sequence scf7180000103331_1

CONTIG: scf7180000103344_1 (12360bp)
Top Length: 12360  Top ID: 99.82
		One align captures most of this contig: 648316 660675 | 12360 1 | 12360 12360 | 99.82 | gi|552535527|ref|NC_007493.2|_Rhodobacter_sphaeroides_2.4.1_chromosome_1__complete_sequence scf7180000103344_1

CONTIG: scf7180000103342_1 (5557bp)
Top Length: 5555  Top ID: 100.0
		One align captures most of this contig: 160389 165943 | 3 5557 | 5555 5555 | 100.0 | gi|552536492|ref|NC_007494.2|_Rhodobacter_sphaeroides_2.4.1_chromosome_2__complete_sequence scf7180000103342_1

CONTIG: scf7180000103352_1 (61450bp)
Top Length: 61450  Top ID: 99.99
		One align captures most of this contig: 512184 573633 | 61450 1 | 61450 61450 | 99.99 | gi|552536492|ref|NC_007494.2|_Rhodobacter_sphaeroides_2.4.1_chromosome_2__complete_sequence scf7180000103352_1

CONTIG: scf7180000103408_1 (18596bp)
Top Length: 18596  Top ID: 100.0
		Marking as insignificant: 42213 42404 | 192 1 | 192 192 | 100.0 | gi|552536492|ref|NC_007494.2|_Rhodobacter_sphaeroides_2.4.1_chromosome_2__complete_sequence scf7180000103408_1
		One align captures most of this contig: 540723 559318 | 18596 1 | 18596 18596 | 100.0 | gi|552535527|ref|NC_007493.2|_Rhodobacter_sphaeroides_2.4.1_chromosome_1__complete_sequence scf7180000103408_1

CONTIG: scf7180000103405_1 (30459bp)
Top Length: 30459  Top ID: 100.0
		One align captures most of this contig: 858215 888673 | 1 30459 | 30459 30459 | 100.0 | gi|552536492|ref|NC_007494.2|_Rhodobacter_sphaeroides_2.4.1_chromosome_2__complete_sequence scf7180000103405_1

CONTIG: scf7180000103340_1 (6597bp)
Top Length: 6597  Top ID: 99.98
		Marking as insignificant: 1035894 1035983 | 6464 6553 | 90 90 | 98.89 | gi|552535527|ref|NC_007493.2|_Rhodobacter_sphaeroides_2.4.1_chromosome_1__complete_sequence scf7180000103340_1
		Marking as insignificant: 1035882 1035986 | 6417 6521 | 105 105 | 96.19 | gi|552535527|ref|NC_007493.2|_Rhodobacter_sphaeroides_2.4.1_chromosome_1__complete_sequence scf7180000103340_1
		One align captures most of this contig: 2715322 2721918 | 6597 1 | 6597 6597 | 99.98 | gi|552535527|ref|NC_007493.2|_Rhodobacter_sphaeroides_2.4.1_chromosome_1__complete_sequence scf7180000103340_1

CONTIG: scf7180000103321_1 (5809bp)
Top Length: 5809  Top ID: 100.0
		One align captures most of this contig: 1671312 1677120 | 1 5809 | 5809 5809 | 100.0 | gi|552535527|ref|NC_007493.2|_Rhodobacter_sphaeroides_2.4.1_chromosome_1__complete_sequence scf7180000103321_1

CONTIG: scf7180000103381_1 (45887bp)
Top Length: 45887  Top ID: 100.0
		Marking as insignificant: 1035894 1035983 | 645 734 | 90 90 | 98.89 | gi|552535527|ref|NC_007493.2|_Rhodobacter_sphaeroides_2.4.1_chromosome_1__complete_sequence scf7180000103381_1
		Marking as insignificant: 1035882 1035986 | 598 702 | 105 105 | 96.19 | gi|552535527|ref|NC_007493.2|_Rhodobacter_sphaeroides_2.4.1_chromosome_1__complete_sequence scf7180000103381_1
		One align captures most of this contig: 2670213 2716099 | 45887 1 | 45887 45887 | 100.0 | gi|552535527|ref|NC_007493.2|_Rhodobacter_sphaeroides_2.4.1_chromosome_1__complete_sequence scf7180000103381_1

CONTIG: scf7180000103370_3 (15990bp)
Top Length: 15990  Top ID: 100.0
		One align captures most of this contig: 2608548 2624537 | 15990 1 | 15990 15990 | 100.0 | gi|552535527|ref|NC_007493.2|_Rhodobacter_sphaeroides_2.4.1_chromosome_1__complete_sequence scf7180000103370_3

CONTIG: scf7180000103370_2 (502bp)
Top Length: 502  Top ID: 100.0
		One align captures most of this contig: 2624546 2625047 | 502 1 | 502 502 | 100.0 | gi|552535527|ref|NC_007493.2|_Rhodobacter_sphaeroides_2.4.1_chromosome_1__complete_sequence scf7180000103370_2

CONTIG: scf7180000103370_1 (29247bp)
Top Length: 29247  Top ID: 100.0
		One align captures most of this contig: 2625129 2654375 | 29247 1 | 29247 29247 | 100.0 | gi|552535527|ref|NC_007493.2|_Rhodobacter_sphaeroides_2.4.1_chromosome_1__complete_sequence scf7180000103370_1

CONTIG: scf7180000103323_1 (7846bp)
Top Length: 7846  Top ID: 100.0
		Marking as insignificant: 105181 105284 | 704 601 | 104 104 | 100.0 | gi|77404693|ref|NC_007489.1|_Rhodobacter_sphaeroides_2.4.1_plasmid_C__complete_sequence scf7180000103323_1
		Marking as insignificant: 1 601 | 600 1 | 601 600 | 99.83 | gi|77404693|ref|NC_007489.1|_Rhodobacter_sphaeroides_2.4.1_plasmid_C__complete_sequence scf7180000103323_1
		Marking as insignificant: 90982 91637 | 48 704 | 656 657 | 99.85 | gi|125654605|ref|NC_009007.1|_Rhodobacter_sphaeroides_2.4.1_plasmid_A__partial_sequence scf7180000103323_1
		Marking as insignificant: 372537 373240 | 1 704 | 704 704 | 100.0 | gi|552536492|ref|NC_007494.2|_Rhodobacter_sphaeroides_2.4.1_chromosome_2__complete_sequence scf7180000103323_1
		Marking as insignificant: 865 1569 | 1 705 | 705 705 | 100.0 | gi|552530711|ref|NC_007488.2|_Rhodobacter_sphaeroides_2.4.1_plasmid_B__complete_sequence scf7180000103323_1
		One align captures most of this contig: 1428053 1435898 | 7846 1 | 7846 7846 | 100.0 | gi|552535527|ref|NC_007493.2|_Rhodobacter_sphaeroides_2.4.1_chromosome_1__complete_sequence scf7180000103323_1

CONTIG: scf7180000103339_1 (31540bp)
Top Length: 31534  Top ID: 99.99
		One align captures most of this contig: 1967873 1999408 | 31534 1 | 31536 31534 | 99.99 | gi|552535527|ref|NC_007493.2|_Rhodobacter_sphaeroides_2.4.1_chromosome_1__complete_sequence scf7180000103339_1

CONTIG: scf7180000103376_1 (9899bp)
Top Length: 9899  Top ID: 100.0
		One align captures most of this contig: 850084 859982 | 9899 1 | 9899 9899 | 100.0 | gi|552535527|ref|NC_007493.2|_Rhodobacter_sphaeroides_2.4.1_chromosome_1__complete_sequence scf7180000103376_1

CONTIG: scf7180000103385_1 (15785bp)
Top Length: 15785  Top ID: 100.0
		One align captures most of this contig: 3020198 3035982 | 15785 1 | 15785 15785 | 100.0 | gi|552535527|ref|NC_007493.2|_Rhodobacter_sphaeroides_2.4.1_chromosome_1__complete_sequence scf7180000103385_1

CONTIG: scf7180000103425_1 (20442bp)
Top Length: 20428  Top ID: 100.0
		One align captures most of this contig: 2571685 2592112 | 15 20442 | 20428 20428 | 100.0 | gi|552535527|ref|NC_007493.2|_Rhodobacter_sphaeroides_2.4.1_chromosome_1__complete_sequence scf7180000103425_1

CONTIG: scf7180000103383_1 (47704bp)
Top Length: 47694  Top ID: 99.99
		One align captures most of this contig: 1613299 1660992 | 47694 1 | 47694 47694 | 99.99 | gi|552535527|ref|NC_007493.2|_Rhodobacter_sphaeroides_2.4.1_chromosome_1__complete_sequence scf7180000103383_1

CONTIG: scf7180000103332_1 (23787bp)
Top Length: 23773  Top ID: 99.99
		One align captures most of this contig: 2522206 2545978 | 1 23773 | 23773 23773 | 99.99 | gi|552535527|ref|NC_007493.2|_Rhodobacter_sphaeroides_2.4.1_chromosome_1__complete_sequence scf7180000103332_1

CONTIG: scf7180000103362_1 (21681bp)
Top Length: 21482  Top ID: 99.99
		Marking as insignificant: 1 199 | 21483 21681 | 199 199 | 100.0 | gi|552536492|ref|NC_007494.2|_Rhodobacter_sphaeroides_2.4.1_chromosome_2__complete_sequence scf7180000103362_1
		Marking as insignificant: 1 199 | 21483 21681 | 199 199 | 100.0 | gi|552535527|ref|NC_007493.2|_Rhodobacter_sphaeroides_2.4.1_chromosome_1__complete_sequence scf7180000103362_1
		Marking as insignificant: 3188120 3188524 | 21078 21482 | 405 405 | 99.75 | gi|552535527|ref|NC_007493.2|_Rhodobacter_sphaeroides_2.4.1_chromosome_1__complete_sequence scf7180000103362_1
		Marking as insignificant: 33388 33872 | 21197 21681 | 485 485 | 98.14 | gi|552536492|ref|NC_007494.2|_Rhodobacter_sphaeroides_2.4.1_chromosome_2__complete_sequence scf7180000103362_1
		One align captures most of this contig: 921537 943018 | 1 21482 | 21482 21482 | 99.99 | gi|552536492|ref|NC_007494.2|_Rhodobacter_sphaeroides_2.4.1_chromosome_2__complete_sequence scf7180000103362_1

CONTIG: scf7180000103329_1 (16338bp)
Top Length: 16338  Top ID: 100.0
		One align captures most of this contig: 577777 594114 | 16338 1 | 16338 16338 | 100.0 | gi|552535527|ref|NC_007493.2|_Rhodobacter_sphaeroides_2.4.1_chromosome_1__complete_sequence scf7180000103329_1

CONTIG: scf7180000103305_1 (2165bp)
Top Length: 1859  Top ID: 99.46
		This contig is misassembled. 2 total aligns.
			Real Alignment 1: 703731 705589 | 2165 307 | 1859 1859 | 99.46 | gi|552536492|ref|NC_007494.2|_Rhodobacter_sphaeroides_2.4.1_chromosome_2__complete_sequence scf7180000103305_1
			  Extensive misassembly ( relocation, inconsistency = 53551 ) between these two alignments
			Real Alignment 2: 758326 759445 | 1121 1 | 1120 1121 | 97.95 | gi|552536492|ref|NC_007494.2|_Rhodobacter_sphaeroides_2.4.1_chromosome_2__complete_sequence scf7180000103305_1

CONTIG: scf7180000103329_2 (22125bp)
Top Length: 18606  Top ID: 100.0
		Skipping redundant alignment 5020 5348 | 22125 21797 | 329 329 | 100.0 | gi|552535527|ref|NC_007493.2|_Rhodobacter_sphaeroides_2.4.1_chromosome_1__complete_sequence scf7180000103329_2
		Skipping redundant alignment 5022 5350 | 22125 21797 | 329 329 | 99.09 | gi|552536492|ref|NC_007494.2|_Rhodobacter_sphaeroides_2.4.1_chromosome_2__complete_sequence scf7180000103329_2
		This contig is misassembled. 4 total aligns.
			Real Alignment 1: 559127 577732 | 18606 1 | 18606 18606 | 100.0 | gi|552535527|ref|NC_007493.2|_Rhodobacter_sphaeroides_2.4.1_chromosome_1__complete_sequence scf7180000103329_2
			  Extensive misassembly ( translocation ) between these two alignments
			Real Alignment 2: 38694 42592 | 22125 18227 | 3899 3899 | 100.0 | gi|552536492|ref|NC_007494.2|_Rhodobacter_sphaeroides_2.4.1_chromosome_2__complete_sequence scf7180000103329_2

CONTIG: scf7180000103317_2 (7564bp)
Top Length: 7564  Top ID: 100.0
		One align captures most of this contig: 271716 279279 | 7564 1 | 7564 7564 | 100.0 | gi|552535527|ref|NC_007493.2|_Rhodobacter_sphaeroides_2.4.1_chromosome_1__complete_sequence scf7180000103317_2

CONTIG: scf7180000103317_1 (8803bp)
Top Length: 8799  Top ID: 100.0
		Marking as insignificant: 306490 306769 | 280 1 | 280 280 | 100.0 | gi|552535527|ref|NC_007493.2|_Rhodobacter_sphaeroides_2.4.1_chromosome_1__complete_sequence scf7180000103317_1
		One align captures most of this contig: 279294 288092 | 8799 1 | 8799 8799 | 100.0 | gi|552535527|ref|NC_007493.2|_Rhodobacter_sphaeroides_2.4.1_chromosome_1__complete_sequence scf7180000103317_1

CONTIG: scf7180000103364_1 (21934bp)
Top Length: 21934  Top ID: 100.0
		One align captures most of this contig: 1868220 1890153 | 21934 1 | 21934 21934 | 100.0 | gi|552535527|ref|NC_007493.2|_Rhodobacter_sphaeroides_2.4.1_chromosome_1__complete_sequence scf7180000103364_1

CONTIG: scf7180000103348_1 (12269bp)
Top Length: 12269  Top ID: 99.99
		One align captures most of this contig: 1714532 1726800 | 1 12269 | 12269 12269 | 99.99 | gi|552535527|ref|NC_007493.2|_Rhodobacter_sphaeroides_2.4.1_chromosome_1__complete_sequence scf7180000103348_1

CONTIG: scf7180000103428_1 (71730bp)
Top Length: 71730  Top ID: 99.99
		Marking as insignificant: 288701 288984 | 1 284 | 284 284 | 99.3 | gi|552535527|ref|NC_007493.2|_Rhodobacter_sphaeroides_2.4.1_chromosome_1__complete_sequence scf7180000103428_1
		One align captures most of this contig: 307378 379106 | 1 71730 | 71729 71730 | 99.99 | gi|552535527|ref|NC_007493.2|_Rhodobacter_sphaeroides_2.4.1_chromosome_1__complete_sequence scf7180000103428_1

CONTIG: scf7180000103330_1 (17267bp)
Top Length: 17267  Top ID: 99.8
		One align captures most of this contig: 235970 253234 | 1 17267 | 17265 17267 | 99.8 | gi|552535527|ref|NC_007493.2|_Rhodobacter_sphaeroides_2.4.1_chromosome_1__complete_sequence scf7180000103330_1

CONTIG: scf7180000103303_2 (13567bp)
Top Length: 13567  Top ID: 100.0
		One align captures most of this contig: 524239 537805 | 1 13567 | 13567 13567 | 100.0 | gi|552535527|ref|NC_007493.2|_Rhodobacter_sphaeroides_2.4.1_chromosome_1__complete_sequence scf7180000103303_2

CONTIG: scf7180000103336_1 (5092bp)
Top Length: 5090  Top ID: 100.0
		One align captures most of this contig: 163045 168134 | 5090 1 | 5090 5090 | 100.0 | gi|552535527|ref|NC_007493.2|_Rhodobacter_sphaeroides_2.4.1_chromosome_1__complete_sequence scf7180000103336_1

CONTIG: scf7180000103319_1 (7445bp)
Top Length: 7445  Top ID: 100.0
		One align captures most of this contig: 167944 175388 | 7445 1 | 7445 7445 | 100.0 | gi|552535527|ref|NC_007493.2|_Rhodobacter_sphaeroides_2.4.1_chromosome_1__complete_sequence scf7180000103319_1

CONTIG: scf7180000103406_2 (48711bp)
Top Length: 48711  Top ID: 99.99
		One align captures most of this contig: 2459091 2507801 | 48711 1 | 48711 48711 | 99.99 | gi|552535527|ref|NC_007493.2|_Rhodobacter_sphaeroides_2.4.1_chromosome_1__complete_sequence scf7180000103406_2

CONTIG: scf7180000103395_1 (18576bp)
Top Length: 18576  Top ID: 100.0
		One align captures most of this contig: 378947 397522 | 18576 1 | 18576 18576 | 100.0 | gi|552535527|ref|NC_007493.2|_Rhodobacter_sphaeroides_2.4.1_chromosome_1__complete_sequence scf7180000103395_1

CONTIG: scf7180000103401_1 (27268bp)
Top Length: 27268  Top ID: 100.0
		One align captures most of this contig: 979358 1006625 | 27268 1 | 27268 27268 | 100.0 | gi|552535527|ref|NC_007493.2|_Rhodobacter_sphaeroides_2.4.1_chromosome_1__complete_sequence scf7180000103401_1

CONTIG: scf7180000103374_1 (42302bp)
Top Length: 42302  Top ID: 100.0
		One align captures most of this contig: 661524 703825 | 1 42302 | 42302 42302 | 100.0 | gi|552536492|ref|NC_007494.2|_Rhodobacter_sphaeroides_2.4.1_chromosome_2__complete_sequence scf7180000103374_1

CONTIG: scf7180000103429_1 (82555bp)
Top Length: 34548  Top ID: 99.68
		Skipping redundant alignment 740816 741486 | 38169 37499 | 671 671 | 95.38 | gi|552536492|ref|NC_007494.2|_Rhodobacter_sphaeroides_2.4.1_chromosome_2__complete_sequence scf7180000103429_1
		Skipping redundant alignment 738582 740792 | 42049 39839 | 2211 2211 | 96.25 | gi|552536492|ref|NC_007494.2|_Rhodobacter_sphaeroides_2.4.1_chromosome_2__complete_sequence scf7180000103429_1
		This contig is misassembled. 5 total aligns.
			Real Alignment 1: 198631 224438 | 1 25809 | 25808 25809 | 99.6 | gi|552535527|ref|NC_007493.2|_Rhodobacter_sphaeroides_2.4.1_chromosome_1__complete_sequence scf7180000103429_1
			  Extensive misassembly ( translocation ) between these two alignments
			Real Alignment 2: 712869 738582 | 82554 56841 | 25714 25714 | 99.98 | gi|552536492|ref|NC_007494.2|_Rhodobacter_sphaeroides_2.4.1_chromosome_2__complete_sequence scf7180000103429_1
			  Extensive misassembly ( relocation, inconsistency = 116215 ) between these two alignments
			Real Alignment 3: 888014 922561 | 23624 58171 | 34548 34548 | 99.68 | gi|552536492|ref|NC_007494.2|_Rhodobacter_sphaeroides_2.4.1_chromosome_2__complete_sequence scf7180000103429_1

CONTIG: scf7180000103407_1 (19697bp)
Top Length: 19697  Top ID: 100.0
		One align captures most of this contig: 2908045 2927741 | 19697 1 | 19697 19697 | 100.0 | gi|552535527|ref|NC_007493.2|_Rhodobacter_sphaeroides_2.4.1_chromosome_1__complete_sequence scf7180000103407_1

CONTIG: scf7180000103424_1 (25854bp)
Top Length: 25854  Top ID: 99.99
		One align captures most of this contig: 1792270 1818122 | 25854 1 | 25853 25854 | 99.99 | gi|552535527|ref|NC_007493.2|_Rhodobacter_sphaeroides_2.4.1_chromosome_1__complete_sequence scf7180000103424_1

CONTIG: scf7180000103371_1 (21762bp)
Top Length: 21758  Top ID: 99.99
		One align captures most of this contig: 3043745 3065502 | 5 21762 | 21758 21758 | 99.99 | gi|552535527|ref|NC_007493.2|_Rhodobacter_sphaeroides_2.4.1_chromosome_1__complete_sequence scf7180000103371_1

CONTIG: scf7180000103423_1 (22288bp)
Top Length: 22288  Top ID: 100.0
		One align captures most of this contig: 337755 360042 | 1 22288 | 22288 22288 | 100.0 | gi|552536492|ref|NC_007494.2|_Rhodobacter_sphaeroides_2.4.1_chromosome_2__complete_sequence scf7180000103423_1

CONTIG: scf7180000103322_1 (8171bp)
Top Length: 8171  Top ID: 100.0
		One align captures most of this contig: 3035787 3043957 | 1 8171 | 8171 8171 | 100.0 | gi|552535527|ref|NC_007493.2|_Rhodobacter_sphaeroides_2.4.1_chromosome_1__complete_sequence scf7180000103322_1

CONTIG: scf7180000103414_2 (49234bp)
Top Length: 49234  Top ID: 100.0
		One align captures most of this contig: 1999378 2048611 | 49234 1 | 49234 49234 | 100.0 | gi|552535527|ref|NC_007493.2|_Rhodobacter_sphaeroides_2.4.1_chromosome_1__complete_sequence scf7180000103414_2

CONTIG: scf7180000103377_1 (18594bp)
Top Length: 18594  Top ID: 99.98
		Marking as insignificant: 706550 707019 | 18125 18594 | 470 470 | 100.0 | gi|552536492|ref|NC_007494.2|_Rhodobacter_sphaeroides_2.4.1_chromosome_2__complete_sequence scf7180000103377_1
		One align captures most of this contig: 253319 271911 | 18594 1 | 18593 18594 | 99.98 | gi|552535527|ref|NC_007493.2|_Rhodobacter_sphaeroides_2.4.1_chromosome_1__complete_sequence scf7180000103377_1

CONTIG: scf7180000103414_1 (127844bp)
Top Length: 127843  Top ID: 100.0
		Marking as insignificant: 766837 766927 | 37491 37399 | 91 93 | 96.77 | gi|552535527|ref|NC_007493.2|_Rhodobacter_sphaeroides_2.4.1_chromosome_1__complete_sequence scf7180000103414_1
		Marking as insignificant: 147684 148003 | 323 4 | 320 320 | 98.75 | gi|552535527|ref|NC_007493.2|_Rhodobacter_sphaeroides_2.4.1_chromosome_1__complete_sequence scf7180000103414_1
		One align captures most of this contig: 2048641 2176483 | 127843 1 | 127843 127843 | 100.0 | gi|552535527|ref|NC_007493.2|_Rhodobacter_sphaeroides_2.4.1_chromosome_1__complete_sequence scf7180000103414_1

CONTIG: scf7180000103324_1 (15218bp)
Top Length: 15218  Top ID: 100.0
		One align captures most of this contig: 1586815 1602032 | 15218 1 | 15218 15218 | 100.0 | gi|552535527|ref|NC_007493.2|_Rhodobacter_sphaeroides_2.4.1_chromosome_1__complete_sequence scf7180000103324_1

CONTIG: scf7180000103358_1 (7119bp)
Top Length: 7119  Top ID: 100.0
		One align captures most of this contig: 601580 608698 | 1 7119 | 7119 7119 | 100.0 | gi|552535527|ref|NC_007493.2|_Rhodobacter_sphaeroides_2.4.1_chromosome_1__complete_sequence scf7180000103358_1

CONTIG: scf7180000103338_1 (13923bp)
Top Length: 13923  Top ID: 100.0
		One align captures most of this contig: 3065301 3079223 | 13923 1 | 13923 13923 | 100.0 | gi|552535527|ref|NC_007493.2|_Rhodobacter_sphaeroides_2.4.1_chromosome_1__complete_sequence scf7180000103338_1

CONTIG: scf7180000103355_1 (15993bp)
Top Length: 15993  Top ID: 100.0
		Marking as insignificant: 6019 6164 | 9696 9551 | 146 146 | 99.32 | gi|125654693|ref|NC_009008.1|_Rhodobacter_sphaeroides_2.4.1_plasmid_E__partial_sequence scf7180000103355_1
		One align captures most of this contig: 196150 212142 | 15993 1 | 15993 15993 | 100.0 | gi|552536492|ref|NC_007494.2|_Rhodobacter_sphaeroides_2.4.1_chromosome_2__complete_sequence scf7180000103355_1

CONTIG: scf7180000103427_1 (26101bp)
Top Length: 26101  Top ID: 100.0
		One align captures most of this contig: 486096 512196 | 26101 1 | 26101 26101 | 100.0 | gi|552536492|ref|NC_007494.2|_Rhodobacter_sphaeroides_2.4.1_chromosome_2__complete_sequence scf7180000103427_1

CONTIG: scf7180000103309_1 (2598bp)
Top Length: 2598  Top ID: 100.0
		One align captures most of this contig: 2518295 2520892 | 1 2598 | 2598 2598 | 100.0 | gi|552535527|ref|NC_007493.2|_Rhodobacter_sphaeroides_2.4.1_chromosome_1__complete_sequence scf7180000103309_1

CONTIG: scf7180000103366_1 (8374bp)
Top Length: 8371  Top ID: 99.94
		One align captures most of this contig: 761399 769769 | 8371 1 | 8371 8371 | 99.94 | gi|552536492|ref|NC_007494.2|_Rhodobacter_sphaeroides_2.4.1_chromosome_2__complete_sequence scf7180000103366_1

CONTIG: scf7180000103418_1 (40287bp)
Top Length: 40287  Top ID: 100.0
		One align captures most of this contig: 798971 839257 | 1 40287 | 40287 40287 | 100.0 | gi|552535527|ref|NC_007493.2|_Rhodobacter_sphaeroides_2.4.1_chromosome_1__complete_sequence scf7180000103418_1

CONTIG: scf7180000103400_1 (37833bp)
Top Length: 37816  Top ID: 100.0
		One align captures most of this contig: 1676927 1714742 | 37833 18 | 37816 37816 | 100.0 | gi|552535527|ref|NC_007493.2|_Rhodobacter_sphaeroides_2.4.1_chromosome_1__complete_sequence scf7180000103400_1

CONTIG: scf7180000103334_1 (14162bp)
Top Length: 14162  Top ID: 100.0
		One align captures most of this contig: 619427 633588 | 1 14162 | 14162 14162 | 100.0 | gi|552535527|ref|NC_007493.2|_Rhodobacter_sphaeroides_2.4.1_chromosome_1__complete_sequence scf7180000103334_1

CONTIG: scf7180000103307_1 (1806bp)
Top Length: 1806  Top ID: 100.0
		One align captures most of this contig: 2295831 2297636 | 1806 1 | 1806 1806 | 100.0 | gi|552535527|ref|NC_007493.2|_Rhodobacter_sphaeroides_2.4.1_chromosome_1__complete_sequence scf7180000103307_1

CONTIG: scf7180000103379_1 (13202bp)
Top Length: 13202  Top ID: 100.0
		One align captures most of this contig: 3091750 3104951 | 13202 1 | 13202 13202 | 100.0 | gi|552535527|ref|NC_007493.2|_Rhodobacter_sphaeroides_2.4.1_chromosome_1__complete_sequence scf7180000103379_1

CONTIG: scf7180000103416_1 (97168bp)
Top Length: 97168  Top ID: 100.0
		One align captures most of this contig: 1057017 1154184 | 97168 1 | 97168 97168 | 100.0 | gi|552535527|ref|NC_007493.2|_Rhodobacter_sphaeroides_2.4.1_chromosome_1__complete_sequence scf7180000103416_1

CONTIG: scf7180000103314_1 (4632bp)
Top Length: 4623  Top ID: 99.96
		One align captures most of this contig: 89723 94345 | 4623 1 | 4623 4623 | 99.96 | gi|552535527|ref|NC_007493.2|_Rhodobacter_sphaeroides_2.4.1_chromosome_1__complete_sequence scf7180000103314_1

CONTIG: scf7180000103328_1 (10927bp)
Top Length: 10927  Top ID: 100.0
		One align captures most of this contig: 839105 850031 | 1 10927 | 10927 10927 | 100.0 | gi|552535527|ref|NC_007493.2|_Rhodobacter_sphaeroides_2.4.1_chromosome_1__complete_sequence scf7180000103328_1

CONTIG: scf7180000103314_2 (20849bp)
Top Length: 20845  Top ID: 100.0
		One align captures most of this contig: 68889 89733 | 20849 5 | 20845 20845 | 100.0 | gi|552535527|ref|NC_007493.2|_Rhodobacter_sphaeroides_2.4.1_chromosome_1__complete_sequence scf7180000103314_2

CONTIG: scf7180000103363_2 (52343bp)
Top Length: 52342  Top ID: 100.0
		One align captures most of this contig: 1376307 1428648 | 1 52342 | 52342 52342 | 100.0 | gi|552535527|ref|NC_007493.2|_Rhodobacter_sphaeroides_2.4.1_chromosome_1__complete_sequence scf7180000103363_2

CONTIG: scf7180000103363_1 (41794bp)
Top Length: 41794  Top ID: 100.0
		One align captures most of this contig: 1334481 1376274 | 1 41794 | 41794 41794 | 100.0 | gi|552535527|ref|NC_007493.2|_Rhodobacter_sphaeroides_2.4.1_chromosome_1__complete_sequence scf7180000103363_1

CONTIG: scf7180000103402_1 (30292bp)
Top Length: 30292  Top ID: 100.0
		One align captures most of this contig: 411196 441487 | 30292 1 | 30292 30292 | 100.0 | gi|552536492|ref|NC_007494.2|_Rhodobacter_sphaeroides_2.4.1_chromosome_2__complete_sequence scf7180000103402_1

CONTIG: scf7180000103396_1 (95358bp)
Top Length: 95358  Top ID: 100.0
		One align captures most of this contig: 884164 979521 | 95358 1 | 95358 95358 | 100.0 | gi|552535527|ref|NC_007493.2|_Rhodobacter_sphaeroides_2.4.1_chromosome_1__complete_sequence scf7180000103396_1

CONTIG: scf7180000103306_1 (2557bp)
Top Length: 2479  Top ID: 100.0
		This contig is partially unaligned. (2479 out of 2557)
		Alignment: 573605 576083 | 2556 78 | 2479 2479 | 100.0 | gi|552536492|ref|NC_007494.2|_Rhodobacter_sphaeroides_2.4.1_chromosome_2__complete_sequence scf7180000103306_1
		Unaligned bases: 1 to 77 (77)
		Unaligned bases: 2557 to 2557 (1)

CONTIG: scf7180000103431_1 (27111bp)
Top Length: 27111  Top ID: 100.0
		One align captures most of this contig: 2929395 2956505 | 27111 1 | 27111 27111 | 100.0 | gi|552535527|ref|NC_007493.2|_Rhodobacter_sphaeroides_2.4.1_chromosome_1__complete_sequence scf7180000103431_1

CONTIG: scf7180000103337_1 (7900bp)
Top Length: 7701  Top ID: 100.0
		Skipping redundant alignment 942614 943018 | 7297 7701 | 405 405 | 100.0 | gi|552536492|ref|NC_007494.2|_Rhodobacter_sphaeroides_2.4.1_chromosome_2__complete_sequence scf7180000103337_1
		Skipping redundant alignment 1 199 | 7702 7900 | 199 199 | 100.0 | gi|552536492|ref|NC_007494.2|_Rhodobacter_sphaeroides_2.4.1_chromosome_2__complete_sequence scf7180000103337_1
		Skipping redundant alignment 1 199 | 7702 7900 | 199 199 | 100.0 | gi|552535527|ref|NC_007493.2|_Rhodobacter_sphaeroides_2.4.1_chromosome_1__complete_sequence scf7180000103337_1
		This contig is misassembled. 5 total aligns.
			Real Alignment 1: 3180824 3188524 | 1 7701 | 7701 7701 | 100.0 | gi|552535527|ref|NC_007493.2|_Rhodobacter_sphaeroides_2.4.1_chromosome_1__complete_sequence scf7180000103337_1
			  Extensive misassembly ( translocation ) between these two alignments
			Real Alignment 2: 33388 33872 | 7416 7900 | 485 485 | 98.35 | gi|552536492|ref|NC_007494.2|_Rhodobacter_sphaeroides_2.4.1_chromosome_2__complete_sequence scf7180000103337_1

CONTIG: scf7180000103316_1 (25880bp)
Top Length: 25880  Top ID: 99.99
		One align captures most of this contig: 1726788 1752666 | 25880 1 | 25879 25880 | 99.99 | gi|552535527|ref|NC_007493.2|_Rhodobacter_sphaeroides_2.4.1_chromosome_1__complete_sequence scf7180000103316_1

CONTIG: scf7180000103365_1 (36117bp)
Top Length: 36097  Top ID: 100.0
		One align captures most of this contig: 1753339 1789435 | 1 36097 | 36097 36097 | 100.0 | gi|552535527|ref|NC_007493.2|_Rhodobacter_sphaeroides_2.4.1_chromosome_1__complete_sequence scf7180000103365_1

CONTIG: scf7180000103310_1 (2937bp)
Top Length: 2937  Top ID: 100.0
		Marking as insignificant: 691807 692307 | 2422 2920 | 501 499 | 95.63 | gi|552535527|ref|NC_007493.2|_Rhodobacter_sphaeroides_2.4.1_chromosome_1__complete_sequence scf7180000103310_1
		One align captures most of this contig: 689273 692209 | 1 2937 | 2937 2937 | 100.0 | gi|552535527|ref|NC_007493.2|_Rhodobacter_sphaeroides_2.4.1_chromosome_1__complete_sequence scf7180000103310_1

CONTIG: scf7180000103308_1 (4585bp)
Top Length: 4581  Top ID: 100.0
		One align captures most of this contig: 431500 436080 | 4585 5 | 4581 4581 | 100.0 | gi|552535527|ref|NC_007493.2|_Rhodobacter_sphaeroides_2.4.1_chromosome_1__complete_sequence scf7180000103308_1

CONTIG: scf7180000103412_1 (37476bp)
Top Length: 37474  Top ID: 99.99
		One align captures most of this contig: 243824 281296 | 1 37474 | 37473 37474 | 99.99 | gi|552536492|ref|NC_007494.2|_Rhodobacter_sphaeroides_2.4.1_chromosome_2__complete_sequence scf7180000103412_1

CONTIG: scf7180000103412_2 (48869bp)
Top Length: 48867  Top ID: 100.0
		One align captures most of this contig: 281317 330183 | 3 48869 | 48867 48867 | 100.0 | gi|552536492|ref|NC_007494.2|_Rhodobacter_sphaeroides_2.4.1_chromosome_2__complete_sequence scf7180000103412_2

CONTIG: scf7180000103375_1 (10979bp)
Top Length: 10922  Top ID: 99.99
		One align captures most of this contig: 2659166 2670087 | 1 10922 | 10922 10922 | 99.99 | gi|552535527|ref|NC_007493.2|_Rhodobacter_sphaeroides_2.4.1_chromosome_1__complete_sequence scf7180000103375_1

CONTIG: scf7180000103392_1 (12134bp)
Top Length: 12134  Top ID: 100.0
		One align captures most of this contig: 2978519 2990652 | 12134 1 | 12134 12134 | 100.0 | gi|552535527|ref|NC_007493.2|_Rhodobacter_sphaeroides_2.4.1_chromosome_1__complete_sequence scf7180000103392_1

CONTIG: scf7180000103326_1 (20375bp)
Top Length: 20375  Top ID: 99.99
		One align captures most of this contig: 2956312 2976686 | 1 20375 | 20375 20375 | 99.99 | gi|552535527|ref|NC_007493.2|_Rhodobacter_sphaeroides_2.4.1_chromosome_1__complete_sequence scf7180000103326_1

CONTIG: scf7180000103369_1 (26040bp)
Top Length: 26040  Top ID: 99.99
		Marking as insignificant: 14459 14541 | 25597 25679 | 83 83 | 100.0 | gi|552536492|ref|NC_007494.2|_Rhodobacter_sphaeroides_2.4.1_chromosome_2__complete_sequence scf7180000103369_1
		Marking as insignificant: 559307 559506 | 26040 25841 | 200 200 | 100.0 | gi|552535527|ref|NC_007493.2|_Rhodobacter_sphaeroides_2.4.1_chromosome_1__complete_sequence scf7180000103369_1
		One align captures most of this contig: 42393 68432 | 26040 1 | 26040 26040 | 99.99 | gi|552536492|ref|NC_007494.2|_Rhodobacter_sphaeroides_2.4.1_chromosome_2__complete_sequence scf7180000103369_1

CONTIG: scf7180000103373_1 (20364bp)
Top Length: 20364  Top ID: 100.0
		One align captures most of this contig: 1845903 1866266 | 1 20364 | 20364 20364 | 100.0 | gi|552535527|ref|NC_007493.2|_Rhodobacter_sphaeroides_2.4.1_chromosome_1__complete_sequence scf7180000103373_1

CONTIG: scf7180000103410_1 (41727bp)
Top Length: 41727  Top ID: 100.0
		One align captures most of this contig: 2774291 2816017 | 1 41727 | 41727 41727 | 100.0 | gi|552535527|ref|NC_007493.2|_Rhodobacter_sphaeroides_2.4.1_chromosome_1__complete_sequence scf7180000103410_1

CONTIG: scf7180000103394_1 (22451bp)
Top Length: 22451  Top ID: 100.0
		One align captures most of this contig: 221316 243766 | 22451 1 | 22451 22451 | 100.0 | gi|552536492|ref|NC_007494.2|_Rhodobacter_sphaeroides_2.4.1_chromosome_2__complete_sequence scf7180000103394_1

CONTIG: scf7180000103320_1 (4503bp)
Top Length: 4503  Top ID: 100.0
		Marking as insignificant: 1 544 | 3960 4503 | 544 544 | 100.0 | gi|552530711|ref|NC_007488.2|_Rhodobacter_sphaeroides_2.4.1_plasmid_B__complete_sequence scf7180000103320_1
		Marking as insignificant: 1436218 1436803 | 4503 3921 | 586 583 | 99.49 | gi|552535527|ref|NC_007493.2|_Rhodobacter_sphaeroides_2.4.1_chromosome_1__complete_sequence scf7180000103320_1
		Marking as insignificant: 923 1505 | 4503 3921 | 583 583 | 100.0 | gi|77404693|ref|NC_007489.1|_Rhodobacter_sphaeroides_2.4.1_plasmid_C__complete_sequence scf7180000103320_1
		Marking as insignificant: 35530 36112 | 3921 4503 | 583 583 | 100.0 | gi|125654693|ref|NC_009008.1|_Rhodobacter_sphaeroides_2.4.1_plasmid_E__partial_sequence scf7180000103320_1
		One align captures most of this contig: 367715 372217 | 1 4503 | 4503 4503 | 100.0 | gi|552536492|ref|NC_007494.2|_Rhodobacter_sphaeroides_2.4.1_chromosome_2__complete_sequence scf7180000103320_1

CONTIG: scf7180000103378_1 (26532bp)
Top Length: 26532  Top ID: 100.0
		One align captures most of this contig: 772649 799180 | 26532 1 | 26532 26532 | 100.0 | gi|552535527|ref|NC_007493.2|_Rhodobacter_sphaeroides_2.4.1_chromosome_1__complete_sequence scf7180000103378_1

CONTIG: scf7180000103417_1 (115054bp)
Top Length: 115043  Top ID: 99.99
		One align captures most of this contig: 1199719 1314762 | 115054 12 | 115044 115043 | 99.99 | gi|552535527|ref|NC_007493.2|_Rhodobacter_sphaeroides_2.4.1_chromosome_1__complete_sequence scf7180000103417_1

CONTIG: scf7180000103388_1 (9519bp)
Top Length: 9519  Top ID: 100.0
		One align captures most of this contig: 211938 221456 | 9519 1 | 9519 9519 | 100.0 | gi|552536492|ref|NC_007494.2|_Rhodobacter_sphaeroides_2.4.1_chromosome_2__complete_sequence scf7180000103388_1

CONTIG: scf7180000103351_1 (8116bp)
Top Length: 8116  Top ID: 100.0
		One align captures most of this contig: 611505 619620 | 1 8116 | 8116 8116 | 100.0 | gi|552535527|ref|NC_007493.2|_Rhodobacter_sphaeroides_2.4.1_chromosome_1__complete_sequence scf7180000103351_1

CONTIG: scf7180000103398_1 (14827bp)
Top Length: 14827  Top ID: 100.0
		One align captures most of this contig: 175442 190268 | 14827 1 | 14827 14827 | 100.0 | gi|552535527|ref|NC_007493.2|_Rhodobacter_sphaeroides_2.4.1_chromosome_1__complete_sequence scf7180000103398_1

CONTIG: scf7180000103422_1 (18688bp)
Top Length: 18688  Top ID: 100.0
		One align captures most of this contig: 1535379 1554066 | 18688 1 | 18688 18688 | 100.0 | gi|552535527|ref|NC_007493.2|_Rhodobacter_sphaeroides_2.4.1_chromosome_1__complete_sequence scf7180000103422_1

CONTIG: scf7180000103359_1 (47517bp)
Top Length: 47517  Top ID: 100.0
		One align captures most of this contig: 2721980 2769496 | 1 47517 | 47517 47517 | 100.0 | gi|552535527|ref|NC_007493.2|_Rhodobacter_sphaeroides_2.4.1_chromosome_1__complete_sequence scf7180000103359_1

CONTIG: scf7180000103415_2 (24385bp)
Top Length: 24385  Top ID: 100.0
		One align captures most of this contig: 692096 716480 | 24385 1 | 24385 24385 | 100.0 | gi|552535527|ref|NC_007493.2|_Rhodobacter_sphaeroides_2.4.1_chromosome_1__complete_sequence scf7180000103415_2

CONTIG: scf7180000103415_1 (56336bp)
Top Length: 56336  Top ID: 99.99
		Marking as insignificant: 2138993 2139085 | 5970 5880 | 93 91 | 96.77 | gi|552535527|ref|NC_007493.2|_Rhodobacter_sphaeroides_2.4.1_chromosome_1__complete_sequence scf7180000103415_1
		One align captures most of this contig: 716471 772806 | 56336 1 | 56336 56336 | 99.99 | gi|552535527|ref|NC_007493.2|_Rhodobacter_sphaeroides_2.4.1_chromosome_1__complete_sequence scf7180000103415_1

CONTIG: scf7180000103325_1 (6032bp)
Top Length: 6032  Top ID: 100.0
		One align captures most of this contig: 361876 367907 | 1 6032 | 6032 6032 | 100.0 | gi|552536492|ref|NC_007494.2|_Rhodobacter_sphaeroides_2.4.1_chromosome_2__complete_sequence scf7180000103325_1

CONTIG: scf7180000103353_1 (41176bp)
Top Length: 41176  Top ID: 100.0
		Marking as insignificant: 4736 5351 | 41176 40561 | 616 616 | 99.51 | gi|552536492|ref|NC_007494.2|_Rhodobacter_sphaeroides_2.4.1_chromosome_2__complete_sequence scf7180000103353_1
		Marking as insignificant: 38408 39022 | 41176 40562 | 615 615 | 100.0 | gi|552536492|ref|NC_007494.2|_Rhodobacter_sphaeroides_2.4.1_chromosome_2__complete_sequence scf7180000103353_1
		One align captures most of this contig: 4734 45909 | 41176 1 | 41176 41176 | 100.0 | gi|552535527|ref|NC_007493.2|_Rhodobacter_sphaeroides_2.4.1_chromosome_1__complete_sequence scf7180000103353_1

CONTIG: scf7180000103404_1 (53171bp)
Top Length: 53171  Top ID: 100.0
		One align captures most of this contig: 2339485 2392655 | 1 53171 | 53171 53171 | 100.0 | gi|552535527|ref|NC_007493.2|_Rhodobacter_sphaeroides_2.4.1_chromosome_1__complete_sequence scf7180000103404_1

CONTIG: scf7180000103403_1 (59387bp)
Top Length: 59387  Top ID: 99.99
		One align captures most of this contig: 1464958 1524344 | 1 59387 | 59387 59387 | 99.99 | gi|552535527|ref|NC_007493.2|_Rhodobacter_sphaeroides_2.4.1_chromosome_1__complete_sequence scf7180000103403_1

CONTIG: scf7180000103318_1 (13176bp)
Top Length: 13146  Top ID: 100.0
		One align captures most of this contig: 2279601 2292746 | 13176 31 | 13146 13146 | 100.0 | gi|552535527|ref|NC_007493.2|_Rhodobacter_sphaeroides_2.4.1_chromosome_1__complete_sequence scf7180000103318_1

CONTIG: scf7180000103342_2 (30364bp)
Top Length: 30364  Top ID: 100.0
		One align captures most of this contig: 165969 196332 | 1 30364 | 30364 30364 | 100.0 | gi|552536492|ref|NC_007494.2|_Rhodobacter_sphaeroides_2.4.1_chromosome_2__complete_sequence scf7180000103342_2

CONTIG: scf7180000103335_2 (23287bp)
Top Length: 23284  Top ID: 100.0
		One align captures most of this contig: 446465 469748 | 1 23284 | 23284 23284 | 100.0 | gi|552536492|ref|NC_007494.2|_Rhodobacter_sphaeroides_2.4.1_chromosome_2__complete_sequence scf7180000103335_2

CONTIG: scf7180000103335_1 (5252bp)
Top Length: 5252  Top ID: 100.0
		One align captures most of this contig: 441148 446399 | 1 5252 | 5252 5252 | 100.0 | gi|552536492|ref|NC_007494.2|_Rhodobacter_sphaeroides_2.4.1_chromosome_2__complete_sequence scf7180000103335_1

CONTIG: scf7180000103426_1 (46695bp)
Top Length: 45909  Top ID: 99.99
		This contig is misassembled. 2 total aligns.
			Real Alignment 1: 69013 114920 | 1 45909 | 45908 45909 | 99.99 | gi|552536492|ref|NC_007494.2|_Rhodobacter_sphaeroides_2.4.1_chromosome_2__complete_sequence scf7180000103426_1
			  Gap between these two alignments (local misassembly). Inconsistency = 94
			Real Alignment 2: 114920 115798 | 45815 46695 | 879 881 | 99.66 | gi|552536492|ref|NC_007494.2|_Rhodobacter_sphaeroides_2.4.1_chromosome_2__complete_sequence scf7180000103426_1

CONTIG: scf7180000103367_2 (24642bp)
Top Length: 24642  Top ID: 100.0
		One align captures most of this contig: 100895 125536 | 24642 1 | 24642 24642 | 100.0 | gi|552535527|ref|NC_007493.2|_Rhodobacter_sphaeroides_2.4.1_chromosome_1__complete_sequence scf7180000103367_2

CONTIG: scf7180000103367_1 (22363bp)
Top Length: 22361  Top ID: 100.0
		Marking as insignificant: 2176161 2176372 | 214 3 | 212 212 | 99.06 | gi|552535527|ref|NC_007493.2|_Rhodobacter_sphaeroides_2.4.1_chromosome_1__complete_sequence scf7180000103367_1
		One align captures most of this contig: 125535 147895 | 22363 3 | 22361 22361 | 100.0 | gi|552535527|ref|NC_007493.2|_Rhodobacter_sphaeroides_2.4.1_chromosome_1__complete_sequence scf7180000103367_1

CONTIG: scf7180000103312_1 (6893bp)
Top Length: 6893  Top ID: 100.0
		One align captures most of this contig: 94172 101064 | 6893 1 | 6893 6893 | 100.0 | gi|552535527|ref|NC_007493.2|_Rhodobacter_sphaeroides_2.4.1_chromosome_1__complete_sequence scf7180000103312_1

CONTIG: scf7180000103361_1 (28129bp)
Top Length: 28128  Top ID: 99.99
		Marking as insignificant: 683844 683919 | 25597 25522 | 76 76 | 100.0 | gi|552535527|ref|NC_007493.2|_Rhodobacter_sphaeroides_2.4.1_chromosome_1__complete_sequence scf7180000103361_1
		One align captures most of this contig: 1817967 1846094 | 1 28128 | 28128 28128 | 99.99 | gi|552535527|ref|NC_007493.2|_Rhodobacter_sphaeroides_2.4.1_chromosome_1__complete_sequence scf7180000103361_1

CONTIG: scf7180000103419_1 (29674bp)
Top Length: 29674  Top ID: 100.0
		One align captures most of this contig: 2990484 3020157 | 29674 1 | 29674 29674 | 100.0 | gi|552535527|ref|NC_007493.2|_Rhodobacter_sphaeroides_2.4.1_chromosome_1__complete_sequence scf7180000103419_1

CONTIG: scf7180000103333_1 (13275bp)
Top Length: 13275  Top ID: 99.99
		Marking as insignificant: 704775 705354 | 12697 13275 | 580 579 | 96.21 | gi|552536492|ref|NC_007494.2|_Rhodobacter_sphaeroides_2.4.1_chromosome_2__complete_sequence scf7180000103333_1
		One align captures most of this contig: 745630 758904 | 1 13275 | 13275 13275 | 99.99 | gi|552536492|ref|NC_007494.2|_Rhodobacter_sphaeroides_2.4.1_chromosome_2__complete_sequence scf7180000103333_1

CONTIG: scf7180000103357_1 (11753bp)
Top Length: 11753  Top ID: 99.98
		One align captures most of this contig: 1322839 1334591 | 1 11753 | 11753 11753 | 99.98 | gi|552535527|ref|NC_007493.2|_Rhodobacter_sphaeroides_2.4.1_chromosome_1__complete_sequence scf7180000103357_1

Analyzing coverage...
Writing SNPs into /usit/invitro/data/galaxy/master/sabbai/galaxy-dist/database/job_working_directory/001/1607/dataset_1689_files/Scaffold/contigs_reports/nucmer_output/RS-M-Cabog-Scaffold_broken.used_snps
ERROR: Reference [$ref] does not have any alignments!  Check that this is the same file used for alignment.
ERROR: Alignment Reference Headers: ['gi|552535527|ref|NC_007493.2|_Rhodobacter_sphaeroides_2.4.1_chromosome_1__complete_sequence', 'gi|552536492|ref|NC_007494.2|_Rhodobacter_sphaeroides_2.4.1_chromosome_2__complete_sequence']
ERROR: Reference [$ref] does not have any alignments!  Check that this is the same file used for alignment.
ERROR: Alignment Reference Headers: ['gi|552535527|ref|NC_007493.2|_Rhodobacter_sphaeroides_2.4.1_chromosome_1__complete_sequence', 'gi|552536492|ref|NC_007494.2|_Rhodobacter_sphaeroides_2.4.1_chromosome_2__complete_sequence']
	Reference gi|552536492|ref|NC_007494.2|_Rhodobacter_sphaeroides_2.4.1_chromosome_2__complete_sequence: 39 total alignments. 1 total regions.
		Region: 1 to 943018 (943018 bp)
			START in gap: 1 to 5022 (5021 bp)
			Align 1: 5022 23833 scf7180000103386_1 18814 3
				Gap between this and next alignment: 23833 to 23851 (17 bp)
				Next Alignment: 23851 34143 scf7180000103393_1 10293 1

			Align 2: 23851 34143 scf7180000103393_1 10293 1
				The next alignment (33388 33872 scf7180000103337_1 7416 7900) is redundant. Skipping.
				Gap between this and next alignment: 34143 to 38694 (4550 bp)
				Next Alignment: 38694 42592 scf7180000103329_2 22125 18227

			Align 4: 38694 42592 scf7180000103329_2 22125 18227
				Negative gap (overlap) between this and next alignment: 42592 to 42393 (-199 bp)
				Next Alignment: 42393 68432 scf7180000103369_1 26040 1

			Previous gap was negative, modifying coordinates to ignore overlap
				Moving contig start from 26040 to 25840.
			Align 5: 42593 68432 scf7180000103369_1 25840 1
				Gap between this and next alignment: 68432 to 69013 (580 bp)
				Next Alignment: 69013 114920 scf7180000103426_1 1 45909

			Align 6: 69013 114920 scf7180000103426_1 1 45909
				Negative gap (overlap) between this and next alignment: 114920 to 114920 (0 bp)
				Next Alignment: 114920 115798 scf7180000103426_1 45815 46695

			Previous gap was negative, modifying coordinates to ignore overlap
				Moving contig start from 45815 to 45816.
			Align 7: 114921 115798 scf7180000103426_1 45816 46695
				Negative gap (overlap) between this and next alignment: 115798 to 115658 (-140 bp)
				Next Alignment: 115658 136315 scf7180000103347_1 20663 6

			Previous gap was negative, modifying coordinates to ignore overlap
				Moving contig start from 20663 to 20522.
			Align 8: 115799 136315 scf7180000103347_1 20522 6
				Negative gap (overlap) between this and next alignment: 136315 to 136262 (-53 bp)
				Next Alignment: 136262 160397 scf7180000103382_1 24136 1

			Previous gap was negative, modifying coordinates to ignore overlap
				Moving contig start from 24136 to 24082.
			Align 9: 136316 160397 scf7180000103382_1 24082 1
				Negative gap (overlap) between this and next alignment: 160397 to 160389 (-8 bp)
				Next Alignment: 160389 165943 scf7180000103342_1 3 5557

			Previous gap was negative, modifying coordinates to ignore overlap
				Moving contig start from 3 to 12.
			Align 10: 160398 165943 scf7180000103342_1 12 5557
				Gap between this and next alignment: 165943 to 165969 (25 bp)
				Next Alignment: 165969 196332 scf7180000103342_2 1 30364

			Align 11: 165969 196332 scf7180000103342_2 1 30364
				Negative gap (overlap) between this and next alignment: 196332 to 196150 (-182 bp)
				Next Alignment: 196150 212142 scf7180000103355_1 15993 1

			Previous gap was negative, modifying coordinates to ignore overlap
				Moving contig start from 15993 to 15810.
			Align 12: 196333 212142 scf7180000103355_1 15810 1
				Negative gap (overlap) between this and next alignment: 212142 to 211938 (-204 bp)
				Next Alignment: 211938 221456 scf7180000103388_1 9519 1

			Previous gap was negative, modifying coordinates to ignore overlap
				Moving contig start from 9519 to 9314.
			Align 13: 212143 221456 scf7180000103388_1 9314 1
				Negative gap (overlap) between this and next alignment: 221456 to 221316 (-140 bp)
				Next Alignment: 221316 243766 scf7180000103394_1 22451 1

			Previous gap was negative, modifying coordinates to ignore overlap
				Moving contig start from 22451 to 22310.
			Align 14: 221457 243766 scf7180000103394_1 22310 1
				Gap between this and next alignment: 243766 to 243824 (57 bp)
				Next Alignment: 243824 281296 scf7180000103412_1 1 37474

			Align 15: 243824 281296 scf7180000103412_1 1 37474
				Gap between this and next alignment: 281296 to 281317 (20 bp)
				Next Alignment: 281317 330183 scf7180000103412_2 3 48869

			Align 16: 281317 330183 scf7180000103412_2 3 48869
				Negative gap (overlap) between this and next alignment: 330183 to 329992 (-191 bp)
				Next Alignment: 329992 337707 scf7180000103346_1 7716 1

			Previous gap was negative, modifying coordinates to ignore overlap
				Moving contig start from 7716 to 7524.
			Align 17: 330184 337707 scf7180000103346_1 7524 1
				Gap between this and next alignment: 337707 to 337755 (47 bp)
				Next Alignment: 337755 360042 scf7180000103423_1 1 22288

			Align 18: 337755 360042 scf7180000103423_1 1 22288
				Gap between this and next alignment: 360042 to 361876 (1833 bp)
				Next Alignment: 361876 367907 scf7180000103325_1 1 6032

			Align 19: 361876 367907 scf7180000103325_1 1 6032
				Negative gap (overlap) between this and next alignment: 367907 to 367715 (-192 bp)
				Next Alignment: 367715 372217 scf7180000103320_1 1 4503

			Previous gap was negative, modifying coordinates to ignore overlap
				Moving contig start from 1 to 194.
			Align 20: 367908 372217 scf7180000103320_1 194 4503
				Gap between this and next alignment: 372217 to 372931 (713 bp)
				Next Alignment: 372931 396985 scf7180000103368_1 24055 1

			Align 21: 372931 396985 scf7180000103368_1 24055 1
				Gap between this and next alignment: 396985 to 411196 (14210 bp)
				Next Alignment: 411196 441487 scf7180000103402_1 30292 1

			Align 22: 411196 441487 scf7180000103402_1 30292 1
				Negative gap (overlap) between this and next alignment: 441487 to 441148 (-339 bp)
				Next Alignment: 441148 446399 scf7180000103335_1 1 5252

			Previous gap was negative, modifying coordinates to ignore overlap
				Moving contig start from 1 to 341.
			Align 23: 441488 446399 scf7180000103335_1 341 5252
				Gap between this and next alignment: 446399 to 446465 (65 bp)
				Next Alignment: 446465 469748 scf7180000103335_2 1 23284

			Align 24: 446465 469748 scf7180000103335_2 1 23284
				Gap between this and next alignment: 469748 to 486096 (16347 bp)
				Next Alignment: 486096 512196 scf7180000103427_1 26101 1

			Align 25: 486096 512196 scf7180000103427_1 26101 1
				Negative gap (overlap) between this and next alignment: 512196 to 512184 (-12 bp)
				Next Alignment: 512184 573633 scf7180000103352_1 61450 1

			Previous gap was negative, modifying coordinates to ignore overlap
				Moving contig start from 61450 to 61437.
			Align 26: 512197 573633 scf7180000103352_1 61437 1
				Negative gap (overlap) between this and next alignment: 573633 to 573605 (-28 bp)
				Next Alignment: 573605 576083 scf7180000103306_1 2556 78

			Previous gap was negative, modifying coordinates to ignore overlap
				Moving contig start from 2556 to 2527.
			Align 27: 573634 576083 scf7180000103306_1 2527 78
				Gap between this and next alignment: 576083 to 576274 (190 bp)
				Next Alignment: 576274 647940 scf7180000103327_2 71667 1

			Align 28: 576274 647940 scf7180000103327_2 71667 1
				Negative gap (overlap) between this and next alignment: 647940 to 647932 (-8 bp)
				Next Alignment: 647932 661717 scf7180000103327_1 13786 1

			Previous gap was negative, modifying coordinates to ignore overlap
				Moving contig start from 13786 to 13777.
			Align 29: 647941 661717 scf7180000103327_1 13777 1
				Negative gap (overlap) between this and next alignment: 661717 to 661524 (-193 bp)
				Next Alignment: 661524 703825 scf7180000103374_1 1 42302

			Previous gap was negative, modifying coordinates to ignore overlap
				Moving contig start from 1 to 195.
			Align 30: 661718 703825 scf7180000103374_1 195 42302
				Negative gap (overlap) between this and next alignment: 703825 to 703731 (-94 bp)
				Next Alignment: 703731 705589 scf7180000103305_1 2165 307

			Previous gap was negative, modifying coordinates to ignore overlap
				Moving contig start from 2165 to 2070.
			Align 31: 703826 705589 scf7180000103305_1 2070 307
				Gap between this and next alignment: 705589 to 712869 (7279 bp)
				Next Alignment: 712869 738582 scf7180000103429_1 82554 56841

			Align 32: 712869 738582 scf7180000103429_1 82554 56841
				Gap between this and next alignment: 738582 to 745630 (7047 bp)
				Next Alignment: 745630 758904 scf7180000103333_1 1 13275

			Align 33: 745630 758904 scf7180000103333_1 1 13275
				Negative gap (overlap) between this and next alignment: 758904 to 758326 (-578 bp)
				Next Alignment: 758326 759445 scf7180000103305_1 1121 1

			Previous gap was negative, modifying coordinates to ignore overlap
				Moving contig start from 1121 to 541.
			Align 34: 758905 759445 scf7180000103305_1 541 1
				Gap between this and next alignment: 759445 to 761399 (1953 bp)
				Next Alignment: 761399 769769 scf7180000103366_1 8371 1

			Align 35: 761399 769769 scf7180000103366_1 8371 1
				Negative gap (overlap) between this and next alignment: 769769 to 769614 (-155 bp)
				Next Alignment: 769614 858486 scf7180000103313_1 88873 1

			Previous gap was negative, modifying coordinates to ignore overlap
				Moving contig start from 88873 to 88717.
			Align 36: 769770 858486 scf7180000103313_1 88717 1
				Negative gap (overlap) between this and next alignment: 858486 to 858215 (-271 bp)
				Next Alignment: 858215 888673 scf7180000103405_1 1 30459

			Previous gap was negative, modifying coordinates to ignore overlap
				Moving contig start from 1 to 273.
			Align 37: 858487 888673 scf7180000103405_1 273 30459
				Negative gap (overlap) between this and next alignment: 888673 to 888014 (-659 bp)
				Next Alignment: 888014 922561 scf7180000103429_1 23624 58171

			Previous gap was negative, modifying coordinates to ignore overlap
				Moving contig start from 23624 to 24284.
			Align 38: 888674 922561 scf7180000103429_1 24284 58171
				Negative gap (overlap) between this and next alignment: 922561 to 921537 (-1024 bp)
				Next Alignment: 921537 943018 scf7180000103362_1 1 21482

			Previous gap was negative, modifying coordinates to ignore overlap
				Moving contig start from 1 to 1026.
			Align 39: 922562 943018 scf7180000103362_1 1026 21482
			END in current alignment.  Modifying 943018 to 943018.

ERROR: Reference [$ref] does not have any alignments!  Check that this is the same file used for alignment.
ERROR: Alignment Reference Headers: ['gi|552535527|ref|NC_007493.2|_Rhodobacter_sphaeroides_2.4.1_chromosome_1__complete_sequence', 'gi|552536492|ref|NC_007494.2|_Rhodobacter_sphaeroides_2.4.1_chromosome_2__complete_sequence']
	Reference gi|552535527|ref|NC_007493.2|_Rhodobacter_sphaeroides_2.4.1_chromosome_1__complete_sequence: 115 total alignments. 1 total regions.
		Region: 1 to 3188524 (3188524 bp)
			START in gap: 1 to 4734 (4733 bp)
			Align 1: 4734 45909 scf7180000103353_1 41176 1
				Negative gap (overlap) between this and next alignment: 45909 to 45730 (-179 bp)
				Next Alignment: 45730 57686 scf7180000103391_1 11971 15

			Previous gap was negative, modifying coordinates to ignore overlap
				Moving contig start from 11971 to 11791.
			Align 2: 45910 57686 scf7180000103391_1 11791 15
				Negative gap (overlap) between this and next alignment: 57686 to 57481 (-205 bp)
				Next Alignment: 57481 69091 scf7180000103360_1 1 11611

			Previous gap was negative, modifying coordinates to ignore overlap
				Moving contig start from 1 to 207.
			Align 3: 57687 69091 scf7180000103360_1 207 11611
				Negative gap (overlap) between this and next alignment: 69091 to 68889 (-202 bp)
				Next Alignment: 68889 89733 scf7180000103314_2 20849 5

			Previous gap was negative, modifying coordinates to ignore overlap
				Moving contig start from 20849 to 20646.
			Align 4: 69092 89733 scf7180000103314_2 20646 5
				Negative gap (overlap) between this and next alignment: 89733 to 89723 (-10 bp)
				Next Alignment: 89723 94345 scf7180000103314_1 4623 1

			Previous gap was negative, modifying coordinates to ignore overlap
				Moving contig start from 4623 to 4612.
			Align 5: 89734 94345 scf7180000103314_1 4612 1
				Negative gap (overlap) between this and next alignment: 94345 to 94172 (-173 bp)
				Next Alignment: 94172 101064 scf7180000103312_1 6893 1

			Previous gap was negative, modifying coordinates to ignore overlap
				Moving contig start from 6893 to 6719.
			Align 6: 94346 101064 scf7180000103312_1 6719 1
				Negative gap (overlap) between this and next alignment: 101064 to 100895 (-169 bp)
				Next Alignment: 100895 125536 scf7180000103367_2 24642 1

			Previous gap was negative, modifying coordinates to ignore overlap
				Moving contig start from 24642 to 24472.
			Align 7: 101065 125536 scf7180000103367_2 24472 1
				Negative gap (overlap) between this and next alignment: 125536 to 125535 (-1 bp)
				Next Alignment: 125535 147895 scf7180000103367_1 22363 3

			Previous gap was negative, modifying coordinates to ignore overlap
				Moving contig start from 22363 to 22361.
			Align 8: 125537 147895 scf7180000103367_1 22361 3
				Gap between this and next alignment: 147895 to 149170 (1274 bp)
				Next Alignment: 149170 163039 scf7180000103433_2 1 13870

			Align 9: 149170 163039 scf7180000103433_2 1 13870
				Gap between this and next alignment: 163039 to 163045 (5 bp)
				Next Alignment: 163045 168134 scf7180000103336_1 5090 1

			Align 10: 163045 168134 scf7180000103336_1 5090 1
				Negative gap (overlap) between this and next alignment: 168134 to 167944 (-190 bp)
				Next Alignment: 167944 175388 scf7180000103319_1 7445 1

			Previous gap was negative, modifying coordinates to ignore overlap
				Moving contig start from 7445 to 7254.
			Align 11: 168135 175388 scf7180000103319_1 7254 1
				Gap between this and next alignment: 175388 to 175442 (53 bp)
				Next Alignment: 175442 190268 scf7180000103398_1 14827 1

			Align 12: 175442 190268 scf7180000103398_1 14827 1
				Gap between this and next alignment: 190268 to 198631 (8362 bp)
				Next Alignment: 198631 224438 scf7180000103429_1 1 25809

			Align 13: 198631 224438 scf7180000103429_1 1 25809
				Gap between this and next alignment: 224438 to 235970 (11531 bp)
				Next Alignment: 235970 253234 scf7180000103330_1 1 17267

			Align 14: 235970 253234 scf7180000103330_1 1 17267
				Gap between this and next alignment: 253234 to 253319 (84 bp)
				Next Alignment: 253319 271911 scf7180000103377_1 18594 1

			Align 15: 253319 271911 scf7180000103377_1 18594 1
				Negative gap (overlap) between this and next alignment: 271911 to 271716 (-195 bp)
				Next Alignment: 271716 279279 scf7180000103317_2 7564 1

			Previous gap was negative, modifying coordinates to ignore overlap
				Moving contig start from 7564 to 7368.
			Align 16: 271912 279279 scf7180000103317_2 7368 1
				Gap between this and next alignment: 279279 to 279294 (14 bp)
				Next Alignment: 279294 288092 scf7180000103317_1 8799 1

			Align 17: 279294 288092 scf7180000103317_1 8799 1
				Gap between this and next alignment: 288092 to 288316 (223 bp)
				Next Alignment: 288316 306686 scf7180000103421_1 18371 1

			Align 18: 288316 306686 scf7180000103421_1 18371 1
				Gap between this and next alignment: 306686 to 307378 (691 bp)
				Next Alignment: 307378 379106 scf7180000103428_1 1 71730

			Align 19: 307378 379106 scf7180000103428_1 1 71730
				Negative gap (overlap) between this and next alignment: 379106 to 378947 (-159 bp)
				Next Alignment: 378947 397522 scf7180000103395_1 18576 1

			Previous gap was negative, modifying coordinates to ignore overlap
				Moving contig start from 18576 to 18416.
			Align 20: 379107 397522 scf7180000103395_1 18416 1
				Gap between this and next alignment: 397522 to 398444 (921 bp)
				Next Alignment: 398444 427036 scf7180000103384_1 1 28593

			Align 21: 398444 427036 scf7180000103384_1 1 28593
				Gap between this and next alignment: 427036 to 427093 (56 bp)
				Next Alignment: 427093 431556 scf7180000103311_1 4575 112

			Align 22: 427093 431556 scf7180000103311_1 4575 112
				Negative gap (overlap) between this and next alignment: 431556 to 431500 (-56 bp)
				Next Alignment: 431500 436080 scf7180000103308_1 4585 5

			Previous gap was negative, modifying coordinates to ignore overlap
				Moving contig start from 4585 to 4528.
			Align 23: 431557 436080 scf7180000103308_1 4528 5
				Negative gap (overlap) between this and next alignment: 436080 to 436063 (-17 bp)
				Next Alignment: 436063 524419 scf7180000103430_1 88357 1

			Previous gap was negative, modifying coordinates to ignore overlap
				Moving contig start from 88357 to 88339.
			Align 24: 436081 524419 scf7180000103430_1 88339 1
				Negative gap (overlap) between this and next alignment: 524419 to 524239 (-180 bp)
				Next Alignment: 524239 537805 scf7180000103303_2 1 13567

			Previous gap was negative, modifying coordinates to ignore overlap
				Moving contig start from 1 to 182.
			Align 25: 524420 537805 scf7180000103303_2 182 13567
				Gap between this and next alignment: 537805 to 540723 (2917 bp)
				Next Alignment: 540723 559318 scf7180000103408_1 18596 1

			Align 26: 540723 559318 scf7180000103408_1 18596 1
				Negative gap (overlap) between this and next alignment: 559318 to 559127 (-191 bp)
				Next Alignment: 559127 577732 scf7180000103329_2 18606 1

			Previous gap was negative, modifying coordinates to ignore overlap
				Moving contig start from 18606 to 18414.
			Align 27: 559319 577732 scf7180000103329_2 18414 1
				Gap between this and next alignment: 577732 to 577777 (44 bp)
				Next Alignment: 577777 594114 scf7180000103329_1 16338 1

			Align 28: 577777 594114 scf7180000103329_1 16338 1
				Gap between this and next alignment: 594114 to 601580 (7465 bp)
				Next Alignment: 601580 608698 scf7180000103358_1 1 7119

			Align 29: 601580 608698 scf7180000103358_1 1 7119
				Gap between this and next alignment: 608698 to 611505 (2806 bp)
				Next Alignment: 611505 619620 scf7180000103351_1 1 8116

			Align 30: 611505 619620 scf7180000103351_1 1 8116
				Negative gap (overlap) between this and next alignment: 619620 to 619427 (-193 bp)
				Next Alignment: 619427 633588 scf7180000103334_1 1 14162

			Previous gap was negative, modifying coordinates to ignore overlap
				Moving contig start from 1 to 195.
			Align 31: 619621 633588 scf7180000103334_1 195 14162
				Gap between this and next alignment: 633588 to 648316 (14727 bp)
				Next Alignment: 648316 660675 scf7180000103344_1 12360 1

			Align 32: 648316 660675 scf7180000103344_1 12360 1
				Gap between this and next alignment: 660675 to 667921 (7245 bp)
				Next Alignment: 667921 673156 scf7180000103315_1 5236 1

			Align 33: 667921 673156 scf7180000103315_1 5236 1
				Negative gap (overlap) between this and next alignment: 673156 to 672940 (-216 bp)
				Next Alignment: 672940 689470 scf7180000103356_1 16532 2

			Previous gap was negative, modifying coordinates to ignore overlap
				Moving contig start from 16532 to 16315.
			Align 34: 673157 689470 scf7180000103356_1 16315 2
				Negative gap (overlap) between this and next alignment: 689470 to 689273 (-197 bp)
				Next Alignment: 689273 692209 scf7180000103310_1 1 2937

			Previous gap was negative, modifying coordinates to ignore overlap
				Moving contig start from 1 to 199.
			Align 35: 689471 692209 scf7180000103310_1 199 2937
				Negative gap (overlap) between this and next alignment: 692209 to 692096 (-113 bp)
				Next Alignment: 692096 716480 scf7180000103415_2 24385 1

			Previous gap was negative, modifying coordinates to ignore overlap
				Moving contig start from 24385 to 24271.
			Align 36: 692210 716480 scf7180000103415_2 24271 1
				Negative gap (overlap) between this and next alignment: 716480 to 716471 (-9 bp)
				Next Alignment: 716471 772806 scf7180000103415_1 56336 1

			Previous gap was negative, modifying coordinates to ignore overlap
				Moving contig start from 56336 to 56326.
			Align 37: 716481 772806 scf7180000103415_1 56326 1
				Negative gap (overlap) between this and next alignment: 772806 to 772649 (-157 bp)
				Next Alignment: 772649 799180 scf7180000103378_1 26532 1

			Previous gap was negative, modifying coordinates to ignore overlap
				Moving contig start from 26532 to 26374.
			Align 38: 772807 799180 scf7180000103378_1 26374 1
				Negative gap (overlap) between this and next alignment: 799180 to 798971 (-209 bp)
				Next Alignment: 798971 839257 scf7180000103418_1 1 40287

			Previous gap was negative, modifying coordinates to ignore overlap
				Moving contig start from 1 to 211.
			Align 39: 799181 839257 scf7180000103418_1 211 40287
				Negative gap (overlap) between this and next alignment: 839257 to 839105 (-152 bp)
				Next Alignment: 839105 850031 scf7180000103328_1 1 10927

			Previous gap was negative, modifying coordinates to ignore overlap
				Moving contig start from 1 to 154.
			Align 40: 839258 850031 scf7180000103328_1 154 10927
				Gap between this and next alignment: 850031 to 850084 (52 bp)
				Next Alignment: 850084 859982 scf7180000103376_1 9899 1

			Align 41: 850084 859982 scf7180000103376_1 9899 1
				Negative gap (overlap) between this and next alignment: 859982 to 859955 (-27 bp)
				Next Alignment: 859955 882429 scf7180000103372_1 22478 3

			Previous gap was negative, modifying coordinates to ignore overlap
				Moving contig start from 22478 to 22449.
			Align 42: 859983 882429 scf7180000103372_1 22449 3
				Gap between this and next alignment: 882429 to 884164 (1734 bp)
				Next Alignment: 884164 979521 scf7180000103396_1 95358 1

			Align 43: 884164 979521 scf7180000103396_1 95358 1
				Negative gap (overlap) between this and next alignment: 979521 to 979358 (-163 bp)
				Next Alignment: 979358 1006625 scf7180000103401_1 27268 1

			Previous gap was negative, modifying coordinates to ignore overlap
				Moving contig start from 27268 to 27104.
			Align 44: 979522 1006625 scf7180000103401_1 27104 1
				Negative gap (overlap) between this and next alignment: 1006625 to 1006418 (-207 bp)
				Next Alignment: 1006418 1045970 scf7180000103420_1 1 39560

			Previous gap was negative, modifying coordinates to ignore overlap
				Moving contig start from 1 to 209.
			Align 45: 1006626 1045970 scf7180000103420_1 209 39560
				Negative gap (overlap) between this and next alignment: 1045970 to 1025902 (-20068 bp)
				Next Alignment: 1025902 1054946 scf7180000103420_1 19485 48536

			Previous gap was negative, modifying coordinates to ignore overlap
				Moving contig start from 19485 to 39568.
			Align 46: 1045971 1054946 scf7180000103420_1 39568 48536
				Gap between this and next alignment: 1054946 to 1057017 (2070 bp)
				Next Alignment: 1057017 1154184 scf7180000103416_1 97168 1

			Align 47: 1057017 1154184 scf7180000103416_1 97168 1
				Gap between this and next alignment: 1154184 to 1163603 (9418 bp)
				Next Alignment: 1163603 1199722 scf7180000103413_1 1 36120

			Align 48: 1163603 1199722 scf7180000103413_1 1 36120
				Negative gap (overlap) between this and next alignment: 1199722 to 1199719 (-3 bp)
				Next Alignment: 1199719 1314762 scf7180000103417_1 115054 12

			Previous gap was negative, modifying coordinates to ignore overlap
				Moving contig start from 115054 to 115050.
			Align 49: 1199723 1314762 scf7180000103417_1 115050 12
				Gap between this and next alignment: 1314762 to 1322839 (8076 bp)
				Next Alignment: 1322839 1334591 scf7180000103357_1 1 11753

			Align 50: 1322839 1334591 scf7180000103357_1 1 11753
				Negative gap (overlap) between this and next alignment: 1334591 to 1334481 (-110 bp)
				Next Alignment: 1334481 1376274 scf7180000103363_1 1 41794

			Previous gap was negative, modifying coordinates to ignore overlap
				Moving contig start from 1 to 112.
			Align 51: 1334592 1376274 scf7180000103363_1 112 41794
				Gap between this and next alignment: 1376274 to 1376307 (32 bp)
				Next Alignment: 1376307 1428648 scf7180000103363_2 1 52342

			Align 52: 1376307 1428648 scf7180000103363_2 1 52342
				Negative gap (overlap) between this and next alignment: 1428648 to 1428053 (-595 bp)
				Next Alignment: 1428053 1435898 scf7180000103323_1 7846 1

			Previous gap was negative, modifying coordinates to ignore overlap
				Moving contig start from 7846 to 7250.
			Align 53: 1428649 1435898 scf7180000103323_1 7250 1
				Gap between this and next alignment: 1435898 to 1436584 (685 bp)
				Next Alignment: 1436584 1465192 scf7180000103331_1 1 28609

			Align 54: 1436584 1465192 scf7180000103331_1 1 28609
				The next alignment (1459236 1459350 scf7180000103311_1 115 1) is redundant. Skipping.
				Negative gap (overlap) between this and next alignment: 1465192 to 1464958 (-234 bp)
				Next Alignment: 1464958 1524344 scf7180000103403_1 1 59387

			Previous gap was negative, modifying coordinates to ignore overlap
				Moving contig start from 1 to 236.
			Align 56: 1465193 1524344 scf7180000103403_1 236 59387
				Negative gap (overlap) between this and next alignment: 1524344 to 1523927 (-417 bp)
				Next Alignment: 1523927 1535558 scf7180000103349_1 11643 12

			Previous gap was negative, modifying coordinates to ignore overlap
				Moving contig start from 11643 to 11225.
			Align 57: 1524345 1535558 scf7180000103349_1 11225 12
				Negative gap (overlap) between this and next alignment: 1535558 to 1535379 (-179 bp)
				Next Alignment: 1535379 1554066 scf7180000103422_1 18688 1

			Previous gap was negative, modifying coordinates to ignore overlap
				Moving contig start from 18688 to 18508.
			Align 58: 1535559 1554066 scf7180000103422_1 18508 1
				Negative gap (overlap) between this and next alignment: 1554066 to 1554059 (-7 bp)
				Next Alignment: 1554059 1586996 scf7180000103397_1 32938 1

			Previous gap was negative, modifying coordinates to ignore overlap
				Moving contig start from 32938 to 32930.
			Align 59: 1554067 1586996 scf7180000103397_1 32930 1
				Negative gap (overlap) between this and next alignment: 1586996 to 1586815 (-181 bp)
				Next Alignment: 1586815 1602032 scf7180000103324_1 15218 1

			Previous gap was negative, modifying coordinates to ignore overlap
				Moving contig start from 15218 to 15036.
			Align 60: 1586997 1602032 scf7180000103324_1 15036 1
				Negative gap (overlap) between this and next alignment: 1602032 to 1601831 (-201 bp)
				Next Alignment: 1601831 1610187 scf7180000103343_1 8358 2

			Previous gap was negative, modifying coordinates to ignore overlap
				Moving contig start from 8358 to 8156.
			Align 61: 1602033 1610187 scf7180000103343_1 8156 2
				Gap between this and next alignment: 1610187 to 1613299 (3111 bp)
				Next Alignment: 1613299 1660992 scf7180000103383_1 47694 1

			Align 62: 1613299 1660992 scf7180000103383_1 47694 1
				Negative gap (overlap) between this and next alignment: 1660992 to 1660951 (-41 bp)
				Next Alignment: 1660951 1671618 scf7180000103350_1 1 10668

			Previous gap was negative, modifying coordinates to ignore overlap
				Moving contig start from 1 to 43.
			Align 63: 1660993 1671618 scf7180000103350_1 43 10668
				Negative gap (overlap) between this and next alignment: 1671618 to 1671312 (-306 bp)
				Next Alignment: 1671312 1677120 scf7180000103321_1 1 5809

			Previous gap was negative, modifying coordinates to ignore overlap
				Moving contig start from 1 to 308.
			Align 64: 1671619 1677120 scf7180000103321_1 308 5809
				Negative gap (overlap) between this and next alignment: 1677120 to 1676927 (-193 bp)
				Next Alignment: 1676927 1714742 scf7180000103400_1 37833 18

			Previous gap was negative, modifying coordinates to ignore overlap
				Moving contig start from 37833 to 37639.
			Align 65: 1677121 1714742 scf7180000103400_1 37639 18
				Negative gap (overlap) between this and next alignment: 1714742 to 1714532 (-210 bp)
				Next Alignment: 1714532 1726800 scf7180000103348_1 1 12269

			Previous gap was negative, modifying coordinates to ignore overlap
				Moving contig start from 1 to 212.
			Align 66: 1714743 1726800 scf7180000103348_1 212 12269
				Negative gap (overlap) between this and next alignment: 1726800 to 1726788 (-12 bp)
				Next Alignment: 1726788 1752666 scf7180000103316_1 25880 1

			Previous gap was negative, modifying coordinates to ignore overlap
				Moving contig start from 25880 to 25866.
			Align 67: 1726801 1752666 scf7180000103316_1 25866 1
				Gap between this and next alignment: 1752666 to 1753339 (672 bp)
				Next Alignment: 1753339 1789435 scf7180000103365_1 1 36097

			Align 68: 1753339 1789435 scf7180000103365_1 1 36097
				Gap between this and next alignment: 1789435 to 1792270 (2834 bp)
				Next Alignment: 1792270 1818122 scf7180000103424_1 25854 1

			Align 69: 1792270 1818122 scf7180000103424_1 25854 1
				Negative gap (overlap) between this and next alignment: 1818122 to 1817967 (-155 bp)
				Next Alignment: 1817967 1846094 scf7180000103361_1 1 28128

			Previous gap was negative, modifying coordinates to ignore overlap
				Moving contig start from 1 to 157.
			Align 70: 1818123 1846094 scf7180000103361_1 157 28128
				Negative gap (overlap) between this and next alignment: 1846094 to 1845903 (-191 bp)
				Next Alignment: 1845903 1866266 scf7180000103373_1 1 20364

			Previous gap was negative, modifying coordinates to ignore overlap
				Moving contig start from 1 to 193.
			Align 71: 1846095 1866266 scf7180000103373_1 193 20364
				Gap between this and next alignment: 1866266 to 1868220 (1953 bp)
				Next Alignment: 1868220 1890153 scf7180000103364_1 21934 1

			Align 72: 1868220 1890153 scf7180000103364_1 21934 1
				Negative gap (overlap) between this and next alignment: 1890153 to 1889694 (-459 bp)
				Next Alignment: 1889694 1968079 scf7180000103432_1 1 78386

			Previous gap was negative, modifying coordinates to ignore overlap
				Moving contig start from 1 to 461.
			Align 73: 1890154 1968079 scf7180000103432_1 461 78386
				Negative gap (overlap) between this and next alignment: 1968079 to 1967873 (-206 bp)
				Next Alignment: 1967873 1999408 scf7180000103339_1 31534 1

			Previous gap was negative, modifying coordinates to ignore overlap
				Moving contig start from 31534 to 31329.
			Align 74: 1968080 1999408 scf7180000103339_1 31329 1
				Negative gap (overlap) between this and next alignment: 1999408 to 1999378 (-30 bp)
				Next Alignment: 1999378 2048611 scf7180000103414_2 49234 1

			Previous gap was negative, modifying coordinates to ignore overlap
				Moving contig start from 49234 to 49203.
			Align 75: 1999409 2048611 scf7180000103414_2 49203 1
				Gap between this and next alignment: 2048611 to 2048641 (29 bp)
				Next Alignment: 2048641 2176483 scf7180000103414_1 127843 1

			Align 76: 2048641 2176483 scf7180000103414_1 127843 1
				Gap between this and next alignment: 2176483 to 2177664 (1180 bp)
				Next Alignment: 2177664 2279645 scf7180000103411_1 1 101982

			Align 77: 2177664 2279645 scf7180000103411_1 1 101982
				Negative gap (overlap) between this and next alignment: 2279645 to 2279601 (-44 bp)
				Next Alignment: 2279601 2292746 scf7180000103318_1 13176 31

			Previous gap was negative, modifying coordinates to ignore overlap
				Moving contig start from 13176 to 13131.
			Align 78: 2279646 2292746 scf7180000103318_1 13131 31
				Gap between this and next alignment: 2292746 to 2295831 (3084 bp)
				Next Alignment: 2295831 2297636 scf7180000103307_1 1806 1

			Align 79: 2295831 2297636 scf7180000103307_1 1806 1
				Negative gap (overlap) between this and next alignment: 2297636 to 2297389 (-247 bp)
				Next Alignment: 2297389 2339477 scf7180000103387_1 42089 1

			Previous gap was negative, modifying coordinates to ignore overlap
				Moving contig start from 42089 to 41841.
			Align 80: 2297637 2339477 scf7180000103387_1 41841 1
				Gap between this and next alignment: 2339477 to 2339485 (7 bp)
				Next Alignment: 2339485 2392655 scf7180000103404_1 1 53171

			Align 81: 2339485 2392655 scf7180000103404_1 1 53171
				Negative gap (overlap) between this and next alignment: 2392655 to 2392478 (-177 bp)
				Next Alignment: 2392478 2457322 scf7180000103380_1 1 64845

			Previous gap was negative, modifying coordinates to ignore overlap
				Moving contig start from 1 to 179.
			Align 82: 2392656 2457322 scf7180000103380_1 179 64845
				Gap between this and next alignment: 2457322 to 2457562 (239 bp)
				Next Alignment: 2457562 2459273 scf7180000103304_1 1 1712

			Align 83: 2457562 2459273 scf7180000103304_1 1 1712
				Negative gap (overlap) between this and next alignment: 2459273 to 2459091 (-182 bp)
				Next Alignment: 2459091 2507801 scf7180000103406_2 48711 1

			Previous gap was negative, modifying coordinates to ignore overlap
				Moving contig start from 48711 to 48528.
			Align 84: 2459274 2507801 scf7180000103406_2 48528 1
				Negative gap (overlap) between this and next alignment: 2507801 to 2507596 (-205 bp)
				Next Alignment: 2507596 2518481 scf7180000103389_1 1 10886

			Previous gap was negative, modifying coordinates to ignore overlap
				Moving contig start from 1 to 207.
			Align 85: 2507802 2518481 scf7180000103389_1 207 10886
				Negative gap (overlap) between this and next alignment: 2518481 to 2518295 (-186 bp)
				Next Alignment: 2518295 2520892 scf7180000103309_1 1 2598

			Previous gap was negative, modifying coordinates to ignore overlap
				Moving contig start from 1 to 188.
			Align 86: 2518482 2520892 scf7180000103309_1 188 2598
				Gap between this and next alignment: 2520892 to 2522206 (1313 bp)
				Next Alignment: 2522206 2545978 scf7180000103332_1 1 23773

			Align 87: 2522206 2545978 scf7180000103332_1 1 23773
				Negative gap (overlap) between this and next alignment: 2545978 to 2545806 (-172 bp)
				Next Alignment: 2545806 2555107 scf7180000103341_1 1 9302

			Previous gap was negative, modifying coordinates to ignore overlap
				Moving contig start from 1 to 174.
			Align 88: 2545979 2555107 scf7180000103341_1 174 9302
				Negative gap (overlap) between this and next alignment: 2555107 to 2555099 (-8 bp)
				Next Alignment: 2555099 2565835 scf7180000103341_2 3 10739

			Previous gap was negative, modifying coordinates to ignore overlap
				Moving contig start from 3 to 12.
			Align 89: 2555108 2565835 scf7180000103341_2 12 10739
				Gap between this and next alignment: 2565835 to 2571685 (5849 bp)
				Next Alignment: 2571685 2592112 scf7180000103425_1 15 20442

			Align 90: 2571685 2592112 scf7180000103425_1 15 20442
				Negative gap (overlap) between this and next alignment: 2592112 to 2591897 (-215 bp)
				Next Alignment: 2591897 2608742 scf7180000103345_1 1 16846

			Previous gap was negative, modifying coordinates to ignore overlap
				Moving contig start from 1 to 217.
			Align 91: 2592113 2608742 scf7180000103345_1 217 16846
				Negative gap (overlap) between this and next alignment: 2608742 to 2608548 (-194 bp)
				Next Alignment: 2608548 2624537 scf7180000103370_3 15990 1

			Previous gap was negative, modifying coordinates to ignore overlap
				Moving contig start from 15990 to 15795.
			Align 92: 2608743 2624537 scf7180000103370_3 15795 1
				Gap between this and next alignment: 2624537 to 2624546 (8 bp)
				Next Alignment: 2624546 2625047 scf7180000103370_2 502 1

			Align 93: 2624546 2625047 scf7180000103370_2 502 1
				Gap between this and next alignment: 2625047 to 2625129 (81 bp)
				Next Alignment: 2625129 2654375 scf7180000103370_1 29247 1

			Align 94: 2625129 2654375 scf7180000103370_1 29247 1
				Gap between this and next alignment: 2654375 to 2659166 (4790 bp)
				Next Alignment: 2659166 2670087 scf7180000103375_1 1 10922

			Align 95: 2659166 2670087 scf7180000103375_1 1 10922
				Gap between this and next alignment: 2670087 to 2670213 (125 bp)
				Next Alignment: 2670213 2716099 scf7180000103381_1 45887 1

			Align 96: 2670213 2716099 scf7180000103381_1 45887 1
				Negative gap (overlap) between this and next alignment: 2716099 to 2715322 (-777 bp)
				Next Alignment: 2715322 2721918 scf7180000103340_1 6597 1

			Previous gap was negative, modifying coordinates to ignore overlap
				Moving contig start from 6597 to 5819.
			Align 97: 2716100 2721918 scf7180000103340_1 5819 1
				Gap between this and next alignment: 2721918 to 2721980 (61 bp)
				Next Alignment: 2721980 2769496 scf7180000103359_1 1 47517

			Align 98: 2721980 2769496 scf7180000103359_1 1 47517
				Gap between this and next alignment: 2769496 to 2774291 (4794 bp)
				Next Alignment: 2774291 2816017 scf7180000103410_1 1 41727

			Align 99: 2774291 2816017 scf7180000103410_1 1 41727
				Negative gap (overlap) between this and next alignment: 2816017 to 2815889 (-128 bp)
				Next Alignment: 2815889 2841873 scf7180000103354_1 1 25985

			Previous gap was negative, modifying coordinates to ignore overlap
				Moving contig start from 1 to 130.
			Align 100: 2816018 2841873 scf7180000103354_1 130 25985
				Gap between this and next alignment: 2841873 to 2841903 (29 bp)
				Next Alignment: 2841903 2908212 scf7180000103354_2 1 66310

			Align 101: 2841903 2908212 scf7180000103354_2 1 66310
				Negative gap (overlap) between this and next alignment: 2908212 to 2908045 (-167 bp)
				Next Alignment: 2908045 2927741 scf7180000103407_1 19697 1

			Previous gap was negative, modifying coordinates to ignore overlap
				Moving contig start from 19697 to 19529.
			Align 102: 2908213 2927741 scf7180000103407_1 19529 1
				Gap between this and next alignment: 2927741 to 2929395 (1653 bp)
				Next Alignment: 2929395 2956505 scf7180000103431_1 27111 1

			Align 103: 2929395 2956505 scf7180000103431_1 27111 1
				Negative gap (overlap) between this and next alignment: 2956505 to 2956312 (-193 bp)
				Next Alignment: 2956312 2976686 scf7180000103326_1 1 20375

			Previous gap was negative, modifying coordinates to ignore overlap
				Moving contig start from 1 to 195.
			Align 104: 2956506 2976686 scf7180000103326_1 195 20375
				Gap between this and next alignment: 2976686 to 2978519 (1832 bp)
				Next Alignment: 2978519 2990652 scf7180000103392_1 12134 1

			Align 105: 2978519 2990652 scf7180000103392_1 12134 1
				Negative gap (overlap) between this and next alignment: 2990652 to 2990484 (-168 bp)
				Next Alignment: 2990484 3020157 scf7180000103419_1 29674 1

			Previous gap was negative, modifying coordinates to ignore overlap
				Moving contig start from 29674 to 29505.
			Align 106: 2990653 3020157 scf7180000103419_1 29505 1
				Gap between this and next alignment: 3020157 to 3020198 (40 bp)
				Next Alignment: 3020198 3035982 scf7180000103385_1 15785 1

			Align 107: 3020198 3035982 scf7180000103385_1 15785 1
				Negative gap (overlap) between this and next alignment: 3035982 to 3035787 (-195 bp)
				Next Alignment: 3035787 3043957 scf7180000103322_1 1 8171

			Previous gap was negative, modifying coordinates to ignore overlap
				Moving contig start from 1 to 197.
			Align 108: 3035983 3043957 scf7180000103322_1 197 8171
				Negative gap (overlap) between this and next alignment: 3043957 to 3043745 (-212 bp)
				Next Alignment: 3043745 3065502 scf7180000103371_1 5 21762

			Previous gap was negative, modifying coordinates to ignore overlap
				Moving contig start from 5 to 218.
			Align 109: 3043958 3065502 scf7180000103371_1 218 21762
				Negative gap (overlap) between this and next alignment: 3065502 to 3065301 (-201 bp)
				Next Alignment: 3065301 3079223 scf7180000103338_1 13923 1

			Previous gap was negative, modifying coordinates to ignore overlap
				Moving contig start from 13923 to 13721.
			Align 110: 3065503 3079223 scf7180000103338_1 13721 1
				Gap between this and next alignment: 3079223 to 3091750 (12526 bp)
				Next Alignment: 3091750 3104951 scf7180000103379_1 13202 1

			Align 111: 3091750 3104951 scf7180000103379_1 13202 1
				Negative gap (overlap) between this and next alignment: 3104951 to 3104891 (-60 bp)
				Next Alignment: 3104891 3120847 scf7180000103399_1 15957 1

			Previous gap was negative, modifying coordinates to ignore overlap
				Moving contig start from 15957 to 15896.
			Align 112: 3104952 3120847 scf7180000103399_1 15896 1
				Negative gap (overlap) between this and next alignment: 3120847 to 3120665 (-182 bp)
				Next Alignment: 3120665 3138324 scf7180000103409_1 17662 3

			Previous gap was negative, modifying coordinates to ignore overlap
				Moving contig start from 17662 to 17479.
			Align 113: 3120848 3138324 scf7180000103409_1 17479 3
				Negative gap (overlap) between this and next alignment: 3138324 to 3138301 (-23 bp)
				Next Alignment: 3138301 3180788 scf7180000103390_1 1 42489

			Previous gap was negative, modifying coordinates to ignore overlap
				Moving contig start from 1 to 25.
			Align 114: 3138325 3180788 scf7180000103390_1 25 42489
				Gap between this and next alignment: 3180788 to 3180824 (35 bp)
				Next Alignment: 3180824 3188524 scf7180000103337_1 1 7701

			Align 115: 3180824 3188524 scf7180000103337_1 1 7701
			END in current alignment.  Modifying 3188524 to 3188524.

ERROR: Reference [$ref] does not have any alignments!  Check that this is the same file used for alignment.
ERROR: Alignment Reference Headers: ['gi|552535527|ref|NC_007493.2|_Rhodobacter_sphaeroides_2.4.1_chromosome_1__complete_sequence', 'gi|552536492|ref|NC_007494.2|_Rhodobacter_sphaeroides_2.4.1_chromosome_2__complete_sequence']
ERROR: Reference [$ref] does not have any alignments!  Check that this is the same file used for alignment.
ERROR: Alignment Reference Headers: ['gi|552535527|ref|NC_007493.2|_Rhodobacter_sphaeroides_2.4.1_chromosome_1__complete_sequence', 'gi|552536492|ref|NC_007494.2|_Rhodobacter_sphaeroides_2.4.1_chromosome_2__complete_sequence']
Analysis is finished!
Founded SNPs were written into /usit/invitro/data/galaxy/master/sabbai/galaxy-dist/database/job_working_directory/001/1607/dataset_1689_files/Scaffold/contigs_reports/nucmer_output/RS-M-Cabog-Scaffold_broken.used_snps

Results:
	Local Misassemblies: 2
	Misassemblies: 6
		Relocations: 3
		Translocations: 3
		Inversions: 0
	Misassembled Contigs: 5
	Misassembled Contig Bases: 119320
	Misassmblies Inter-Contig Overlap: 22987
Uncovered Regions: 0 (0)
Unaligned Contigs: 0 + 1 part
Partially Unaligned Contigs with Misassemblies: 0
Unaligned Contig Bases: 78

Ambiguously Mapped Contigs: 0
Total Bases in Ambiguously Mapped Contigs: 0
Note that --allow-ambiguity option was set to "one" and only first alignment per each contig was used.

	Covered Bases: 3940125

	SNPs: 280
	Insertions: 23
	Deletions: 3

	Positive Gaps: 65
		Internal Gaps:  0
		External Gaps:  65
		External Gap Total:  191417
		External Gap Average: 2945
	Negative Gaps: 87
		Internal Overlaps:  2
		External Overlaps:  85
		External Overlaps Total: -15906
		External Overlaps Average: -187
	Contigs with Redundant Alignments: 2 (600)
