/usit/invitro/data/galaxy/master/sabbai/galaxy-dist/tools/comparative_assembly_statistics/quast-2.2/quast.py -o /usit/invitro/data/galaxy/master/sabbai/galaxy-dist/database/job_working_directory/001/1721/dataset_1803_files/M_abscessus_ATCC_19977 -R /usit/invitro/data/galaxy/master/sabbai/galaxy-dist/tools/comparative_assembly_statistics/reference/refGen/M_abscessus_ATCC_19977.fna -G /usit/invitro/data/galaxy/master/sabbai/galaxy-dist/tools/comparative_assembly_statistics/reference/genefiles/M_abscessus_ATCC_19977.gff --scaffolds /usit/invitro/data/galaxy/master/sabbai/galaxy-dist/database/files/000/dataset_592.dat

Version 2.2, build 19.07.2013 21:21


System information:
  OS: Linux-2.6.18-371.el5-x86_64-with-redhat-5.10-Tikanga
  Python version: 2.7.0
  CPUs number: 64

Started: 2014-05-03 23:22:16

Logging to /usit/invitro/data/galaxy/master/sabbai/galaxy-dist/database/job_working_directory/001/1721/dataset_1803_files/M_abscessus_ATCC_19977/quast.log

NOTICE: Output directory already exists. Existing Nucmer alignments can be used.

NOTICE: Maximum number of threads is set to 64 (use --threads option to set it manually)

Reference:
  /usit/invitro/data/galaxy/master/sabbai/galaxy-dist/tools/comparative_assembly_statistics/reference/refGen/M_abscessus_ATCC_19977.fna ==> M_abscessus_ATCC_19977

Contigs:
  /usit/invitro/data/galaxy/master/sabbai/galaxy-dist/database/files/000/dataset_592.dat ==> dataset_592.dat
  breaking scaffolds into contigs:
      82707 scaffolds (dataset_592) were broken into 864 contigs (dataset_592_broken)

2014-05-03 23:22:18
Running Basic statistics processor...
  Reference genome:
    M_abscessus_ATCC_19977.fna, Reference length = 5090491, Reference GC % = 64.15
  Contig files: 
    1  dataset_592.dat broken
    2  dataset_592.dat
  Calculating N50 and L50...
    1  dataset_592.dat broken, N50 = 47088, L50 = 37, Total length = 5801552, GC % = 35.20, # N's per 100 kbp =  0.00
    2  dataset_592.dat, N50 = 48439, L50 = 32, Total length = 5810521, GC % = 35.21, # N's per 100 kbp =  33.56
  Drawing cumulative plot...
    saved to /usit/invitro/data/galaxy/master/sabbai/galaxy-dist/database/job_working_directory/001/1721/dataset_1803_files/M_abscessus_ATCC_19977/basic_stats/cumulative_plot.pdf
  Drawing GC content plot...
    saved to /usit/invitro/data/galaxy/master/sabbai/galaxy-dist/database/job_working_directory/001/1721/dataset_1803_files/M_abscessus_ATCC_19977/basic_stats/GC_content_plot.pdf
  Drawing Nx plot...
    saved to /usit/invitro/data/galaxy/master/sabbai/galaxy-dist/database/job_working_directory/001/1721/dataset_1803_files/M_abscessus_ATCC_19977/basic_stats/Nx_plot.pdf
  Drawing NGx plot...
    saved to /usit/invitro/data/galaxy/master/sabbai/galaxy-dist/database/job_working_directory/001/1721/dataset_1803_files/M_abscessus_ATCC_19977/basic_stats/NGx_plot.pdf
Done.

2014-05-03 23:22:21
Running Contig analyzer...
  1  dataset_592.dat broken
  2  dataset_592.dat
  1  Logging to files /usit/invitro/data/galaxy/master/sabbai/galaxy-dist/database/job_working_directory/001/1721/dataset_1803_files/M_abscessus_ATCC_19977/contigs_reports/contigs_report_dataset_592_broken.stdout and contigs_report_dataset_592_broken.stderr...
  2  Logging to files /usit/invitro/data/galaxy/master/sabbai/galaxy-dist/database/job_working_directory/001/1721/dataset_1803_files/M_abscessus_ATCC_19977/contigs_reports/contigs_report_dataset_592.stdout and contigs_report_dataset_592.stderr...
  1  Running Nucmer... 
  2  Running Nucmer... 
  1  Nucmer: nothing aligned for 'dataset_592_broken'.
  2  Nucmer: nothing aligned for 'dataset_592'.
Failed aligning the contigs for all the assemblies. Only basic stats are going to be evaluated.

NOTICE: Genes are not predicted by default. Use --gene-finding option to enable it.

2014-05-03 23:22:36
Summarizing...
  Creating total report...
    saved to /usit/invitro/data/galaxy/master/sabbai/galaxy-dist/database/job_working_directory/001/1721/dataset_1803_files/M_abscessus_ATCC_19977/report.txt, report.tsv, and report.tex
  Transposed version of total report...
    saved to /usit/invitro/data/galaxy/master/sabbai/galaxy-dist/database/job_working_directory/001/1721/dataset_1803_files/M_abscessus_ATCC_19977/transposed_report.txt, transposed_report.tsv, and transposed_report.tex
  HTML version saved to /usit/invitro/data/galaxy/master/sabbai/galaxy-dist/database/job_working_directory/001/1721/dataset_1803_files/M_abscessus_ATCC_19977/report.html
  All pdf files are merged to /usit/invitro/data/galaxy/master/sabbai/galaxy-dist/database/job_working_directory/001/1721/dataset_1803_files/M_abscessus_ATCC_19977/plots.pdf
Log saved to /usit/invitro/data/galaxy/master/sabbai/galaxy-dist/database/job_working_directory/001/1721/dataset_1803_files/M_abscessus_ATCC_19977/quast.log

Finished: 2014-05-03 23:22:36
Elapsed time: 0:00:20.558442
