/usit/invitro/data/galaxy/master/sabbai/galaxy-dist/tools/assembly_benchmark/quast/quast.py -o /usit/invitro/data/galaxy/master/sabbai/galaxy-dist/database/job_working_directory/000/718/dataset_755_files -R /usit/invitro/data/galaxy/master/sabbai/galaxy-dist/database/files/000/dataset_676.dat -l AH-H-Abyss, AH-H-Cabog, AH-H-Mira, AH-H-Msrca, AH-H-Sga, AH-H-Soap, AH-H-Spades, AH-H-Velvet -G /usit/invitro/data/galaxy/master/sabbai/galaxy-dist/database/files/000/dataset_677.dat /usit/invitro/data/galaxy/master/sabbai/galaxy-dist/database/files/000/dataset_480.dat /usit/invitro/data/galaxy/master/sabbai/galaxy-dist/database/files/000/dataset_482.dat /usit/invitro/data/galaxy/master/sabbai/galaxy-dist/database/files/000/dataset_483.dat /usit/invitro/data/galaxy/master/sabbai/galaxy-dist/database/files/000/dataset_484.dat /usit/invitro/data/galaxy/master/sabbai/galaxy-dist/database/files/000/dataset_485.dat /usit/invitro/data/galaxy/master/sabbai/galaxy-dist/database/files/000/dataset_486.dat /usit/invitro/data/galaxy/master/sabbai/galaxy-dist/database/files/000/dataset_487.dat /usit/invitro/data/galaxy/master/sabbai/galaxy-dist/database/files/000/dataset_488.dat

Version 2.2, build 19.07.2013 21:21


System information:
  OS: Linux-2.6.18-371.el5-x86_64-with-redhat-5.10-Tikanga
  Python version: 2.7.0
  CPUs number: 64

Started: 2014-02-26 05:14:55

Logging to /usit/invitro/data/galaxy/master/sabbai/galaxy-dist/database/job_working_directory/000/718/dataset_755_files/quast.log

NOTICE: Output directory already exists. Existing Nucmer alignments can be used.

NOTICE: Maximum number of threads is set to 64 (use --threads option to set it manually)

Reference:
  /usit/invitro/data/galaxy/master/sabbai/galaxy-dist/database/files/000/dataset_676.dat ==> dataset_676

Contigs:
  /usit/invitro/data/galaxy/master/sabbai/galaxy-dist/database/files/000/dataset_480.dat ==> AH-H-Abyss
  /usit/invitro/data/galaxy/master/sabbai/galaxy-dist/database/files/000/dataset_482.dat ==> AH-H-Cabog
  /usit/invitro/data/galaxy/master/sabbai/galaxy-dist/database/files/000/dataset_483.dat ==> AH-H-Mira
  /usit/invitro/data/galaxy/master/sabbai/galaxy-dist/database/files/000/dataset_484.dat ==> AH-H-Msrca
  /usit/invitro/data/galaxy/master/sabbai/galaxy-dist/database/files/000/dataset_485.dat ==> AH-H-Sga
  /usit/invitro/data/galaxy/master/sabbai/galaxy-dist/database/files/000/dataset_486.dat ==> AH-H-Soap
  /usit/invitro/data/galaxy/master/sabbai/galaxy-dist/database/files/000/dataset_487.dat ==> AH-H-Spades
  /usit/invitro/data/galaxy/master/sabbai/galaxy-dist/database/files/000/dataset_488.dat ==> AH-H-Velvet

2014-02-26 05:15:01
Running Basic statistics processor...
  Reference genome:
    dataset_676.dat, Reference length = 4744448, Reference GC % = 61.55
  Contig files: 
    1  AH-H-Abyss
    2  AH-H-Cabog
    3  AH-H-Mira
    4  AH-H-Msrca
    5  AH-H-Sga
    6  AH-H-Soap
    7  AH-H-Spades
    8  AH-H-Velvet
  Calculating N50 and L50...
    1  AH-H-Abyss, N50 = 237457, L50 = 7, Total length = 4969260, GC % = 61.53, # N's per 100 kbp =  1.83
    2  AH-H-Cabog, N50 = 278382, L50 = 6, Total length = 5004541, GC % = 61.60, # N's per 100 kbp =  0.00
    3  AH-H-Mira, N50 = 244066, L50 = 10, Total length = 4958807, GC % = 61.57, # N's per 100 kbp =  4.21
    4  AH-H-Msrca, N50 = 828647, L50 = 3, Total length = 4914380, GC % = 61.61, # N's per 100 kbp =  0.00
    5  AH-H-Sga, N50 = 67129, L50 = 25, Total length = 4869935, GC % = 61.62, # N's per 100 kbp =  0.00
    6  AH-H-Soap, N50 = 243851, L50 = 8, Total length = 4888841, GC % = 61.61, # N's per 100 kbp =  0.00
    7  AH-H-Spades, N50 = 379681, L50 = 5, Total length = 4929385, GC % = 61.54, # N's per 100 kbp =  1.28
    8  AH-H-Velvet, N50 = 180361, L50 = 9, Total length = 4886581, GC % = 61.61, # N's per 100 kbp =  0.00
  Drawing cumulative plot...
    saved to /usit/invitro/data/galaxy/master/sabbai/galaxy-dist/database/job_working_directory/000/718/dataset_755_files/basic_stats/cumulative_plot.pdf
  Drawing GC content plot...
    saved to /usit/invitro/data/galaxy/master/sabbai/galaxy-dist/database/job_working_directory/000/718/dataset_755_files/basic_stats/GC_content_plot.pdf
  Drawing Nx plot...
    saved to /usit/invitro/data/galaxy/master/sabbai/galaxy-dist/database/job_working_directory/000/718/dataset_755_files/basic_stats/Nx_plot.pdf
  Drawing NGx plot...
    saved to /usit/invitro/data/galaxy/master/sabbai/galaxy-dist/database/job_working_directory/000/718/dataset_755_files/basic_stats/NGx_plot.pdf
Done.

2014-02-26 05:15:06
Running Contig analyzer...
  1  AH-H-Abyss
  2  AH-H-Cabog
  1  Logging to files /usit/invitro/data/galaxy/master/sabbai/galaxy-dist/database/job_working_directory/000/718/dataset_755_files/contigs_reports/contigs_report_AH-H-Abyss.stdout and contigs_report_AH-H-Abyss.stderr...
  2  Logging to files /usit/invitro/data/galaxy/master/sabbai/galaxy-dist/database/job_working_directory/000/718/dataset_755_files/contigs_reports/contigs_report_AH-H-Cabog.stdout and contigs_report_AH-H-Cabog.stderr...
  2  Running Nucmer... 
  1  Running Nucmer... 
  3  AH-H-Mira
  3  Logging to files /usit/invitro/data/galaxy/master/sabbai/galaxy-dist/database/job_working_directory/000/718/dataset_755_files/contigs_reports/contigs_report_AH-H-Mira.stdout and contigs_report_AH-H-Mira.stderr...
  3  Running Nucmer... 
  4  AH-H-Msrca
  4  Logging to files /usit/invitro/data/galaxy/master/sabbai/galaxy-dist/database/job_working_directory/000/718/dataset_755_files/contigs_reports/contigs_report_AH-H-Msrca.stdout and contigs_report_AH-H-Msrca.stderr...
  4  Running Nucmer... 
  5  AH-H-Sga
  5  Logging to files /usit/invitro/data/galaxy/master/sabbai/galaxy-dist/database/job_working_directory/000/718/dataset_755_files/contigs_reports/contigs_report_AH-H-Sga.stdout and contigs_report_AH-H-Sga.stderr...
  5  Running Nucmer... 
  6  AH-H-Soap
  6  Logging to files /usit/invitro/data/galaxy/master/sabbai/galaxy-dist/database/job_working_directory/000/718/dataset_755_files/contigs_reports/contigs_report_AH-H-Soap.stdout and contigs_report_AH-H-Soap.stderr...
  6  Running Nucmer... 
  7  AH-H-Spades
  7  Logging to files /usit/invitro/data/galaxy/master/sabbai/galaxy-dist/database/job_working_directory/000/718/dataset_755_files/contigs_reports/contigs_report_AH-H-Spades.stdout and contigs_report_AH-H-Spades.stderr...
  7  Running Nucmer... 
  8  AH-H-Velvet
  8  Logging to files /usit/invitro/data/galaxy/master/sabbai/galaxy-dist/database/job_working_directory/000/718/dataset_755_files/contigs_reports/contigs_report_AH-H-Velvet.stdout and contigs_report_AH-H-Velvet.stderr...
  8  Running Nucmer... 
/usit/invitro/data/galaxy/master/sabbai/galaxy-dist/database/job_working_directory/000/718/dataset_755_files/contigs_reports/alignments_AH-H-Soap.tsv
  18231 Analysis is finished.
/usit/invitro/data/galaxy/master/sabbai/galaxy-dist/database/job_working_directory/000/718/dataset_755_files/contigs_reports/alignments_AH-H-Velvet.tsv
  19131 Analysis is finished.
/usit/invitro/data/galaxy/master/sabbai/galaxy-dist/database/job_working_directory/000/718/dataset_755_files/contigs_reports/alignments_AH-H-Abyss.tsv
  20244 Analysis is finished.
/usit/invitro/data/galaxy/master/sabbai/galaxy-dist/database/job_working_directory/000/718/dataset_755_files/contigs_reports/alignments_AH-H-Cabog.tsv
  20486 Analysis is finished.
/usit/invitro/data/galaxy/master/sabbai/galaxy-dist/database/job_working_directory/000/718/dataset_755_files/contigs_reports/alignments_AH-H-Spades.tsv
  19293 Analysis is finished.
/usit/invitro/data/galaxy/master/sabbai/galaxy-dist/database/job_working_directory/000/718/dataset_755_files/contigs_reports/alignments_AH-H-Sga.tsv
  44510 Analysis is finished.
/usit/invitro/data/galaxy/master/sabbai/galaxy-dist/database/job_working_directory/000/718/dataset_755_files/contigs_reports/alignments_AH-H-Msrca.tsv
  19461 Analysis is finished.
/usit/invitro/data/galaxy/master/sabbai/galaxy-dist/database/job_working_directory/000/718/dataset_755_files/contigs_reports/alignments_AH-H-Mira.tsv
  51 Analysis is finished.
  Creating total report...
    saved to /usit/invitro/data/galaxy/master/sabbai/galaxy-dist/database/job_working_directory/000/718/dataset_755_files/contigs_reports/misassemblies_report.txt, misassemblies_report.tsv, and misassemblies_report.tex
  Creating total report...
    saved to /usit/invitro/data/galaxy/master/sabbai/galaxy-dist/database/job_working_directory/000/718/dataset_755_files/contigs_reports/unaligned_report.txt, unaligned_report.tsv, and unaligned_report.tex
Done.

2014-02-26 05:16:04
Running NA-NGA calculation...
  Calculating NA50 and NGA50...
    1  AH-H-Abyss, Largest alignment = 52419, NA50 = None, NGA50 = None, LA50 = None, LGA50 = None
    2  AH-H-Cabog, Largest alignment = 52397, NA50 = None, NGA50 = None, LA50 = None, LGA50 = None
    3  AH-H-Mira, Largest alignment = 52419, NA50 = None, NGA50 = None, LA50 = None, LGA50 = None
    4  AH-H-Msrca, Largest alignment = 52419, NA50 = None, NGA50 = None, LA50 = None, LGA50 = None
    5  AH-H-Sga, Largest alignment = 52419, NA50 = None, NGA50 = None, LA50 = None, LGA50 = None
    6  AH-H-Soap, Largest alignment = 52419, NA50 = None, NGA50 = None, LA50 = None, LGA50 = None
    7  AH-H-Spades, Largest alignment = 52419, NA50 = None, NGA50 = None, LA50 = None, LGA50 = None
    8  AH-H-Velvet, Largest alignment = 52419, NA50 = None, NGA50 = None, LA50 = None, LGA50 = None
  Drawing cumulative plot...
    saved to /usit/invitro/data/galaxy/master/sabbai/galaxy-dist/database/job_working_directory/000/718/dataset_755_files/aligned_stats/cumulative_plot.pdf
  Drawing NAx plot...
    saved to /usit/invitro/data/galaxy/master/sabbai/galaxy-dist/database/job_working_directory/000/718/dataset_755_files/aligned_stats/NAx_plot.pdf
  Drawing NGAx plot...
    saved to /usit/invitro/data/galaxy/master/sabbai/galaxy-dist/database/job_working_directory/000/718/dataset_755_files/aligned_stats/NGAx_plot.pdf
  Done.

2014-02-26 05:16:06
Running Genome analyzer...
  Loaded 4284 genes
  NOTICE: Annotated operons file was not provided. Use -O option to specify it.
  1  AH-H-Abyss
  2  AH-H-Cabog
  3  AH-H-Mira
  4  AH-H-Msrca
  5  AH-H-Sga
  6  AH-H-Soap
  7  AH-H-Spades
  8  AH-H-Velvet
  Drawing genes cumulative plot...
    saved to /usit/invitro/data/galaxy/master/sabbai/galaxy-dist/database/job_working_directory/000/718/dataset_755_files/genome_stats/genes_cumulative_plot.pdf
  Drawing # complete genes histogram...
    saved to /usit/invitro/data/galaxy/master/sabbai/galaxy-dist/database/job_working_directory/000/718/dataset_755_files/genome_stats/complete_genes_histogram.pdf
  Drawing Genome fraction, % histogram...
    saved to /usit/invitro/data/galaxy/master/sabbai/galaxy-dist/database/job_working_directory/000/718/dataset_755_files/genome_stats/genome_fraction_histogram.pdf
Done.

NOTICE: Genes are not predicted by default. Use --gene-finding option to enable it.

2014-02-26 05:16:24
Summarizing...
  Creating total report...
    saved to /usit/invitro/data/galaxy/master/sabbai/galaxy-dist/database/job_working_directory/000/718/dataset_755_files/report.txt, report.tsv, and report.tex
  Transposed version of total report...
    saved to /usit/invitro/data/galaxy/master/sabbai/galaxy-dist/database/job_working_directory/000/718/dataset_755_files/transposed_report.txt, transposed_report.tsv, and transposed_report.tex
  HTML version saved to /usit/invitro/data/galaxy/master/sabbai/galaxy-dist/database/job_working_directory/000/718/dataset_755_files/report.html
  All pdf files are merged to /usit/invitro/data/galaxy/master/sabbai/galaxy-dist/database/job_working_directory/000/718/dataset_755_files/plots.pdf
Log saved to /usit/invitro/data/galaxy/master/sabbai/galaxy-dist/database/job_working_directory/000/718/dataset_755_files/quast.log

Finished: 2014-02-26 05:16:24
Elapsed time: 0:01:28.974771
