Aligning contigs to reference...
	Running Nucmer...
Parsing coords...
Loading Assembly...
Loading reference...
	Loaded [gi|15600771|ref|NC_002506.1|_Vibrio_cholerae_O1_biovar_El_Tor_str._N16961_chromosome_II__complete_sequence]
Loading SNPs...
Loading regions...
	No regions given, using whole reference.
	Total Regions: 1
	Total Region Length: 1072315
Analyzing contigs...
CONTIG: 723_18563_1043819 (18563bp)
		This contig is unaligned. (18563 bp)
		Unaligned bases: 18563  total: 18563

CONTIG: 774_30358_1261438 (30358bp)
Top Length: 30358  Top ID: 99.98
		One align captures most of this contig: 157461 187820 | 1 30358 | 30360 30358 | 99.98 | gi|15600771|ref|NC_002506.1|_Vibrio_cholerae_O1_biovar_El_Tor_str._N16961_chromosome_II__complete_sequence 774_30358_1261438

CONTIG: 779_1389_401859_192+_739+_754- (1389bp)
		This contig is unaligned. (1389 bp)
		Unaligned bases: 1389  total: 19952

CONTIG: 277_5952_263477 (5952bp)
		This contig is unaligned. (5952 bp)
		Unaligned bases: 5952  total: 25904

CONTIG: 135_1940_61111 (1940bp)
Top Length: 1940  Top ID: 100.0
		Marking as insignificant: 391760 391825 | 1875 1940 | 66 66 | 100.0 | gi|15600771|ref|NC_002506.1|_Vibrio_cholerae_O1_biovar_El_Tor_str._N16961_chromosome_II__complete_sequence 135_1940_61111
		One align captures most of this contig: 425449 427388 | 1 1940 | 1940 1940 | 100.0 | gi|15600771|ref|NC_002506.1|_Vibrio_cholerae_O1_biovar_El_Tor_str._N16961_chromosome_II__complete_sequence 135_1940_61111

CONTIG: 175_1360_625497 (1360bp)
		This contig is unaligned. (1360 bp)
		Unaligned bases: 1360  total: 27264

CONTIG: 384_82027_4801332 (82027bp)
		This contig is unaligned. (82027 bp)
		Unaligned bases: 82027  total: 109291

CONTIG: 297_505_17240 (505bp)
Top Length: 505  Top ID: 100.0
		One align captures most of this contig: 318511 319015 | 1 505 | 505 505 | 100.0 | gi|15600771|ref|NC_002506.1|_Vibrio_cholerae_O1_biovar_El_Tor_str._N16961_chromosome_II__complete_sequence 297_505_17240

CONTIG: 494_44303_2156825 (44303bp)
		This contig is unaligned. (44303 bp)
		Unaligned bases: 44303  total: 153594

CONTIG: 591_525_20701 (525bp)
Top Length: 525  Top ID: 100.0
		One align captures most of this contig: 316892 317416 | 1 525 | 525 525 | 100.0 | gi|15600771|ref|NC_002506.1|_Vibrio_cholerae_O1_biovar_El_Tor_str._N16961_chromosome_II__complete_sequence 591_525_20701

CONTIG: 280_121183_5657961 (121183bp)
		This contig is unaligned. (121183 bp)
		Unaligned bases: 121183  total: 274777

CONTIG: 336_18904_926102 (18904bp)
		This contig is unaligned. (18904 bp)
		Unaligned bases: 18904  total: 293681

CONTIG: 484_773_49425 (773bp)
Top Length: 773  Top ID: 100.0
		This contig has 2 significant alignments. [An ambiguously mapped contig]
		Using only first of these alignment (option --ambiguity-usage is set to "one"):
		Alignment: 322642 323414 | 1 773 | 773 773 | 100.0 | gi|15600771|ref|NC_002506.1|_Vibrio_cholerae_O1_biovar_El_Tor_str._N16961_chromosome_II__complete_sequence 484_773_49425
		Skipping alignment  365307 366079 | 1 773 | 773 773 | 100.0 | gi|15600771|ref|NC_002506.1|_Vibrio_cholerae_O1_biovar_El_Tor_str._N16961_chromosome_II__complete_sequence 484_773_49425

CONTIG: 604_6951_141772 (6951bp)
		This contig is unaligned. (6951 bp)
		Unaligned bases: 6951  total: 300632

CONTIG: 534_1029_64557 (1029bp)
Top Length: 1029  Top ID: 100.0
		This contig has 2 significant alignments. [An ambiguously mapped contig]
		Using only first of these alignment (option --ambiguity-usage is set to "one"):
		Alignment: 336065 337093 | 1029 1 | 1029 1029 | 100.0 | gi|15600771|ref|NC_002506.1|_Vibrio_cholerae_O1_biovar_El_Tor_str._N16961_chromosome_II__complete_sequence 534_1029_64557
		Skipping alignment  395279 396307 | 1029 1 | 1029 1029 | 100.0 | gi|15600771|ref|NC_002506.1|_Vibrio_cholerae_O1_biovar_El_Tor_str._N16961_chromosome_II__complete_sequence 534_1029_64557

CONTIG: 202_1474_41912 (1474bp)
Top Length: 1474  Top ID: 100.0
		One align captures most of this contig: 332372 333845 | 1 1474 | 1474 1474 | 100.0 | gi|15600771|ref|NC_002506.1|_Vibrio_cholerae_O1_biovar_El_Tor_str._N16961_chromosome_II__complete_sequence 202_1474_41912

CONTIG: 411_870_18287 (870bp)
Top Length: 870  Top ID: 100.0
		One align captures most of this contig: 400437 401306 | 1 870 | 870 870 | 100.0 | gi|15600771|ref|NC_002506.1|_Vibrio_cholerae_O1_biovar_El_Tor_str._N16961_chromosome_II__complete_sequence 411_870_18287

CONTIG: 20_811_16620 (811bp)
Top Length: 811  Top ID: 100.0
		One align captures most of this contig: 319046 319856 | 1 811 | 811 811 | 100.0 | gi|15600771|ref|NC_002506.1|_Vibrio_cholerae_O1_biovar_El_Tor_str._N16961_chromosome_II__complete_sequence 20_811_16620

CONTIG: 228_13155_477750 (13155bp)
Top Length: 13101  Top ID: 99.99
		One align captures most of this contig: 494897 507997 | 1 13101 | 13101 13101 | 99.99 | gi|15600771|ref|NC_002506.1|_Vibrio_cholerae_O1_biovar_El_Tor_str._N16961_chromosome_II__complete_sequence 228_13155_477750

CONTIG: 180_16466_727791 (16466bp)
		This contig is unaligned. (16466 bp)
		Unaligned bases: 16466  total: 317098

CONTIG: 278_16574_704913 (16574bp)
Top Length: 16574  Top ID: 100.0
		One align captures most of this contig: 220322 236895 | 1 16574 | 16574 16574 | 100.0 | gi|15600771|ref|NC_002506.1|_Vibrio_cholerae_O1_biovar_El_Tor_str._N16961_chromosome_II__complete_sequence 278_16574_704913

CONTIG: 102_38096_1479541 (38096bp)
Top Length: 38096  Top ID: 99.99
		One align captures most of this contig: 456850 494945 | 38096 1 | 38096 38096 | 99.99 | gi|15600771|ref|NC_002506.1|_Vibrio_cholerae_O1_biovar_El_Tor_str._N16961_chromosome_II__complete_sequence 102_38096_1479541

CONTIG: 181_44584_2103836 (44584bp)
		This contig is unaligned. (44584 bp)
		Unaligned bases: 44584  total: 361682

CONTIG: 488_781_37872 (781bp)
Top Length: 781  Top ID: 100.0
		One align captures most of this contig: 349519 350299 | 1 781 | 781 781 | 100.0 | gi|15600771|ref|NC_002506.1|_Vibrio_cholerae_O1_biovar_El_Tor_str._N16961_chromosome_II__complete_sequence 488_781_37872

CONTIG: 544_512_16162 (512bp)
Top Length: 512  Top ID: 100.0
		One align captures most of this contig: 331887 332398 | 512 1 | 512 512 | 100.0 | gi|15600771|ref|NC_002506.1|_Vibrio_cholerae_O1_biovar_El_Tor_str._N16961_chromosome_II__complete_sequence 544_512_16162

CONTIG: 601_2676_128603 (2676bp)
		This contig is unaligned. (2676 bp)
		Unaligned bases: 2676  total: 364358

CONTIG: 363_1279_50723 (1279bp)
Top Length: 1279  Top ID: 100.0
		One align captures most of this contig: 556980 558258 | 1279 1 | 1279 1279 | 100.0 | gi|15600771|ref|NC_002506.1|_Vibrio_cholerae_O1_biovar_El_Tor_str._N16961_chromosome_II__complete_sequence 363_1279_50723

CONTIG: 782_9109_338558_337+_743-_426- (9109bp)
		This contig is unaligned. (9109 bp)
		Unaligned bases: 9109  total: 373467

CONTIG: 472_1272_22493 (1272bp)
		This contig is unaligned. (1272 bp)
		Unaligned bases: 1272  total: 374739

CONTIG: 693_1897_85165 (1897bp)
		This contig is unaligned. (1897 bp)
		Unaligned bases: 1897  total: 376636

CONTIG: 61_14101_418962 (14101bp)
		This contig is unaligned. (14101 bp)
		Unaligned bases: 14101  total: 390737

CONTIG: 103_60473_2406006 (60473bp)
		This contig is unaligned. (60473 bp)
		Unaligned bases: 60473  total: 451210

CONTIG: 554_43062_1990450 (43062bp)
		This contig is unaligned. (43062 bp)
		Unaligned bases: 43062  total: 494272

CONTIG: 529_654_26609 (654bp)
Top Length: 654  Top ID: 99.85
		One align captures most of this contig: 366084 366737 | 654 1 | 654 654 | 99.85 | gi|15600771|ref|NC_002506.1|_Vibrio_cholerae_O1_biovar_El_Tor_str._N16961_chromosome_II__complete_sequence 529_654_26609

CONTIG: 213_568_26204 (568bp)
Top Length: 568  Top ID: 100.0
		This contig has 3 significant alignments. [An ambiguously mapped contig]
		Using only first of these alignment (option --ambiguity-usage is set to "one"):
		Alignment: 340470 341037 | 1 568 | 568 568 | 100.0 | gi|15600771|ref|NC_002506.1|_Vibrio_cholerae_O1_biovar_El_Tor_str._N16961_chromosome_II__complete_sequence 213_568_26204
		Skipping alignment  390110 390677 | 1 568 | 568 568 | 99.47 | gi|15600771|ref|NC_002506.1|_Vibrio_cholerae_O1_biovar_El_Tor_str._N16961_chromosome_II__complete_sequence 213_568_26204
		Skipping alignment  401245 401812 | 1 568 | 568 568 | 99.3 | gi|15600771|ref|NC_002506.1|_Vibrio_cholerae_O1_biovar_El_Tor_str._N16961_chromosome_II__complete_sequence 213_568_26204

CONTIG: 27_3981_291231 (3981bp)
		This contig is unaligned. (3981 bp)
		Unaligned bases: 3981  total: 498253

CONTIG: 62_17442_764619 (17442bp)
		This contig is unaligned. (17442 bp)
		Unaligned bases: 17442  total: 515695

CONTIG: 775_23143_1156959 (23143bp)
		This contig is unaligned. (23143 bp)
		Unaligned bases: 23143  total: 538838

CONTIG: 533_562_17127 (562bp)
Top Length: 562  Top ID: 100.0
		Marking as insignificant: 372539 373099 | 562 1 | 561 562 | 96.62 | gi|15600771|ref|NC_002506.1|_Vibrio_cholerae_O1_biovar_El_Tor_str._N16961_chromosome_II__complete_sequence 533_562_17127
		One align captures most of this contig: 427367 427928 | 562 1 | 562 562 | 100.0 | gi|15600771|ref|NC_002506.1|_Vibrio_cholerae_O1_biovar_El_Tor_str._N16961_chromosome_II__complete_sequence 533_562_17127

CONTIG: 731_83460_3664111 (83460bp)
Top Length: 83460  Top ID: 99.99
		One align captures most of this contig: 878578 962037 | 1 83460 | 83460 83460 | 99.99 | gi|15600771|ref|NC_002506.1|_Vibrio_cholerae_O1_biovar_El_Tor_str._N16961_chromosome_II__complete_sequence 731_83460_3664111

CONTIG: 182_47862_2105190 (47862bp)
Top Length: 47862  Top ID: 99.99
		One align captures most of this contig: 66973 114835 | 47862 1 | 47863 47862 | 99.99 | gi|15600771|ref|NC_002506.1|_Vibrio_cholerae_O1_biovar_El_Tor_str._N16961_chromosome_II__complete_sequence 182_47862_2105190

CONTIG: 99_2541_137978 (2541bp)
		This contig is unaligned. (2541 bp)
		Unaligned bases: 2541  total: 541379

CONTIG: 183_71400_3698115 (71400bp)
		This contig is unaligned. (71400 bp)
		Unaligned bases: 71400  total: 612779

CONTIG: 483_636_28224 (636bp)
Top Length: 636  Top ID: 100.0
		One align captures most of this contig: 361004 361639 | 636 1 | 636 636 | 100.0 | gi|15600771|ref|NC_002506.1|_Vibrio_cholerae_O1_biovar_El_Tor_str._N16961_chromosome_II__complete_sequence 483_636_28224

CONTIG: 98_1020_39081 (1020bp)
Top Length: 1020  Top ID: 100.0
		One align captures most of this contig: 327893 328912 | 1 1020 | 1020 1020 | 100.0 | gi|15600771|ref|NC_002506.1|_Vibrio_cholerae_O1_biovar_El_Tor_str._N16961_chromosome_II__complete_sequence 98_1020_39081

CONTIG: 661_23537_938646 (23537bp)
		This contig is unaligned. (23537 bp)
		Unaligned bases: 23537  total: 636316

CONTIG: 379_5156_221949 (5156bp)
Top Length: 5156  Top ID: 100.0
		One align captures most of this contig: 699687 704842 | 5156 1 | 5156 5156 | 100.0 | gi|15600771|ref|NC_002506.1|_Vibrio_cholerae_O1_biovar_El_Tor_str._N16961_chromosome_II__complete_sequence 379_5156_221949

CONTIG: 547_11540_448253 (11540bp)
Top Length: 11540  Top ID: 100.0
		One align captures most of this contig: 237060 248599 | 1 11540 | 11540 11540 | 100.0 | gi|15600771|ref|NC_002506.1|_Vibrio_cholerae_O1_biovar_El_Tor_str._N16961_chromosome_II__complete_sequence 547_11540_448253

CONTIG: 340_79406_3945479 (79406bp)
		This contig is unaligned. (79406 bp)
		Unaligned bases: 79406  total: 715722

CONTIG: 710_6210_217698 (6210bp)
		This contig is unaligned. (6210 bp)
		Unaligned bases: 6210  total: 721932

CONTIG: 226_1724_50148 (1724bp)
Top Length: 1724  Top ID: 99.94
		One align captures most of this contig: 402418 404140 | 1724 1 | 1723 1724 | 99.94 | gi|15600771|ref|NC_002506.1|_Vibrio_cholerae_O1_biovar_El_Tor_str._N16961_chromosome_II__complete_sequence 226_1724_50148

CONTIG: 552_31028_1288724 (31028bp)
Top Length: 31028  Top ID: 100.0
		One align captures most of this contig: 704796 735823 | 31028 1 | 31028 31028 | 100.0 | gi|15600771|ref|NC_002506.1|_Vibrio_cholerae_O1_biovar_El_Tor_str._N16961_chromosome_II__complete_sequence 552_31028_1288724

CONTIG: 179_11353_613617 (11353bp)
		This contig is unaligned. (11353 bp)
		Unaligned bases: 11353  total: 733285

CONTIG: 551_29581_1292711 (29581bp)
		This contig is unaligned. (29581 bp)
		Unaligned bases: 29581  total: 762866

CONTIG: 550_24934_1196491 (24934bp)
		This contig is unaligned. (24934 bp)
		Unaligned bases: 24934  total: 787800

CONTIG: 783_1258_223243_417-_211+_600+ (1258bp)
Top Length: 1258  Top ID: 100.0
		This contig has 3 significant alignments. [An ambiguously mapped contig]
		Using only first of these alignment (option --ambiguity-usage is set to "one"):
		Alignment: 357176 358433 | 1258 1 | 1258 1258 | 100.0 | gi|15600771|ref|NC_002506.1|_Vibrio_cholerae_O1_biovar_El_Tor_str._N16961_chromosome_II__complete_sequence 783_1258_223243_417-_211+_600+
		Skipping alignment  435383 436640 | 1 1258 | 1258 1258 | 100.0 | gi|15600771|ref|NC_002506.1|_Vibrio_cholerae_O1_biovar_El_Tor_str._N16961_chromosome_II__complete_sequence 783_1258_223243_417-_211+_600+
		Skipping alignment  735763 737020 | 1258 1 | 1258 1258 | 100.0 | gi|15600771|ref|NC_002506.1|_Vibrio_cholerae_O1_biovar_El_Tor_str._N16961_chromosome_II__complete_sequence 783_1258_223243_417-_211+_600+

CONTIG: 33_48632_1941271 (48632bp)
Top Length: 48632  Top ID: 99.99
		One align captures most of this contig: 829940 878570 | 48632 1 | 48631 48632 | 99.99 | gi|15600771|ref|NC_002506.1|_Vibrio_cholerae_O1_biovar_El_Tor_str._N16961_chromosome_II__complete_sequence 33_48632_1941271

CONTIG: 546_9992_525282 (9992bp)
		This contig is unaligned. (9992 bp)
		Unaligned bases: 9992  total: 797792

CONTIG: 383_17198_727877 (17198bp)
		This contig is unaligned. (17198 bp)
		Unaligned bases: 17198  total: 814990

CONTIG: 492_19378_1127060 (19378bp)
		This contig is unaligned. (19378 bp)
		Unaligned bases: 19378  total: 834368

CONTIG: 58_500_27544 (500bp)
Top Length: 500  Top ID: 100.0
		One align captures most of this contig: 337558 338057 | 500 1 | 500 500 | 100.0 | gi|15600771|ref|NC_002506.1|_Vibrio_cholerae_O1_biovar_El_Tor_str._N16961_chromosome_II__complete_sequence 58_500_27544

CONTIG: 773_17519_1021579 (17519bp)
		This contig is unaligned. (17519 bp)
		Unaligned bases: 17519  total: 851887

CONTIG: 752_548_17687 (548bp)
Top Length: 548  Top ID: 100.0
		Marking as insignificant: 382655 383199 | 548 4 | 545 545 | 96.88 | gi|15600771|ref|NC_002506.1|_Vibrio_cholerae_O1_biovar_El_Tor_str._N16961_chromosome_II__complete_sequence 752_548_17687
		One align captures most of this contig: 337057 337604 | 548 1 | 548 548 | 100.0 | gi|15600771|ref|NC_002506.1|_Vibrio_cholerae_O1_biovar_El_Tor_str._N16961_chromosome_II__complete_sequence 752_548_17687

CONTIG: 602_4517_174529 (4517bp)
		This contig is unaligned. (4517 bp)
		Unaligned bases: 4517  total: 856404

CONTIG: 339_38698_2436580 (38698bp)
		This contig is unaligned. (38698 bp)
		Unaligned bases: 38698  total: 895102

CONTIG: 22_588_9890 (588bp)
Top Length: 588  Top ID: 100.0
		One align captures most of this contig: 327349 327936 | 588 1 | 588 588 | 100.0 | gi|15600771|ref|NC_002506.1|_Vibrio_cholerae_O1_biovar_El_Tor_str._N16961_chromosome_II__complete_sequence 22_588_9890

CONTIG: 131_625_20195 (625bp)
Top Length: 625  Top ID: 100.0
		Marking as insignificant: 374384 375008 | 625 1 | 625 625 | 98.72 | gi|15600771|ref|NC_002506.1|_Vibrio_cholerae_O1_biovar_El_Tor_str._N16961_chromosome_II__complete_sequence 131_625_20195
		One align captures most of this contig: 420546 421170 | 625 1 | 625 625 | 100.0 | gi|15600771|ref|NC_002506.1|_Vibrio_cholerae_O1_biovar_El_Tor_str._N16961_chromosome_II__complete_sequence 131_625_20195

CONTIG: 662_25717_1437656 (25717bp)
		This contig is unaligned. (25717 bp)
		Unaligned bases: 25717  total: 920819

CONTIG: 640_1614_36820 (1614bp)
Top Length: 1614  Top ID: 100.0
		One align captures most of this contig: 358680 360293 | 1 1614 | 1614 1614 | 100.0 | gi|15600771|ref|NC_002506.1|_Vibrio_cholerae_O1_biovar_El_Tor_str._N16961_chromosome_II__complete_sequence 640_1614_36820

CONTIG: 163_906_31802 (906bp)
Top Length: 906  Top ID: 100.0
		One align captures most of this contig: 418435 419340 | 1 906 | 906 906 | 100.0 | gi|15600771|ref|NC_002506.1|_Vibrio_cholerae_O1_biovar_El_Tor_str._N16961_chromosome_II__complete_sequence 163_906_31802

CONTIG: 380_5423_311442 (5423bp)
		This contig is unaligned. (5423 bp)
		Unaligned bases: 5423  total: 926242

CONTIG: 730_67178_3250385 (67178bp)
		This contig is unaligned. (67178 bp)
		Unaligned bases: 67178  total: 993420

CONTIG: 464_527_23162 (527bp)
Top Length: 527  Top ID: 100.0
		One align captures most of this contig: 317984 318510 | 1 527 | 527 527 | 100.0 | gi|15600771|ref|NC_002506.1|_Vibrio_cholerae_O1_biovar_El_Tor_str._N16961_chromosome_II__complete_sequence 464_527_23162

CONTIG: 100_14899_822599 (14899bp)
		This contig is unaligned. (14899 bp)
		Unaligned bases: 14899  total: 1008319

CONTIG: 557_109208_5713807 (109208bp)
		This contig is unaligned. (109208 bp)
		Unaligned bases: 109208  total: 1117527

CONTIG: 549_24703_1137378 (24703bp)
		This contig is unaligned. (24703 bp)
		Unaligned bases: 24703  total: 1142230

CONTIG: 229_22094_1072520 (22094bp)
		This contig is unaligned. (22094 bp)
		Unaligned bases: 22094  total: 1164324

CONTIG: 764_10263_472236 (10263bp)
		This contig is unaligned. (10263 bp)
		Unaligned bases: 10263  total: 1174587

CONTIG: 18_530_17821 (530bp)
Top Length: 530  Top ID: 100.0
		One align captures most of this contig: 432423 432952 | 1 530 | 530 530 | 100.0 | gi|15600771|ref|NC_002506.1|_Vibrio_cholerae_O1_biovar_El_Tor_str._N16961_chromosome_II__complete_sequence 18_530_17821

CONTIG: 785_95224_3951584_146+_608- (95224bp)
		This contig is unaligned. (95224 bp)
		Unaligned bases: 95224  total: 1269811

CONTIG: 328_1348_48900 (1348bp)
Top Length: 1348  Top ID: 100.0
		One align captures most of this contig: 314648 315995 | 1 1348 | 1348 1348 | 100.0 | gi|15600771|ref|NC_002506.1|_Vibrio_cholerae_O1_biovar_El_Tor_str._N16961_chromosome_II__complete_sequence 328_1348_48900

CONTIG: 688_1212_62242 (1212bp)
Top Length: 1212  Top ID: 100.0
		One align captures most of this contig: 368052 369263 | 1 1212 | 1212 1212 | 100.0 | gi|15600771|ref|NC_002506.1|_Vibrio_cholerae_O1_biovar_El_Tor_str._N16961_chromosome_II__complete_sequence 688_1212_62242

CONTIG: 136_1103_28212 (1103bp)
Top Length: 1103  Top ID: 100.0
		One align captures most of this contig: 333790 334892 | 1 1103 | 1103 1103 | 100.0 | gi|15600771|ref|NC_002506.1|_Vibrio_cholerae_O1_biovar_El_Tor_str._N16961_chromosome_II__complete_sequence 136_1103_28212

CONTIG: 765_8436_274141 (8436bp)
Top Length: 6982  Top ID: 100.0
		This contig is misassembled. 2 total aligns.
			Real Alignment 1: 303962 310943 | 1 6982 | 6982 6982 | 100.0 | gi|15600771|ref|NC_002506.1|_Vibrio_cholerae_O1_biovar_El_Tor_str._N16961_chromosome_II__complete_sequence 765_8436_274141
			  Extensive misassembly ( relocation, inconsistency = 1376 ) between these two alignments
			Real Alignment 2: 312311 313773 | 6974 8436 | 1463 1463 | 100.0 | gi|15600771|ref|NC_002506.1|_Vibrio_cholerae_O1_biovar_El_Tor_str._N16961_chromosome_II__complete_sequence 765_8436_274141

CONTIG: 313_1625_45130 (1625bp)
		This contig is unaligned. (1625 bp)
		Unaligned bases: 1625  total: 1271436

CONTIG: 493_26016_1105772 (26016bp)
Top Length: 26016  Top ID: 100.0
		One align captures most of this contig: 114887 140902 | 1 26016 | 26016 26016 | 100.0 | gi|15600771|ref|NC_002506.1|_Vibrio_cholerae_O1_biovar_El_Tor_str._N16961_chromosome_II__complete_sequence 493_26016_1105772

CONTIG: 705_3553_92198 (3553bp)
		This contig is unaligned. (3553 bp)
		Unaligned bases: 3553  total: 1274989

CONTIG: 34_64686_2449166 (64686bp)
Top Length: 64686  Top ID: 99.99
		One align captures most of this contig: 565499 630183 | 64686 1 | 64685 64686 | 99.99 | gi|15600771|ref|NC_002506.1|_Vibrio_cholerae_O1_biovar_El_Tor_str._N16961_chromosome_II__complete_sequence 34_64686_2449166

CONTIG: 732_178118_9622177 (178118bp)
		This contig is unaligned. (178118 bp)
		Unaligned bases: 178118  total: 1453107

CONTIG: 777_845_68978_17-_..._303- (845bp)
Top Length: 845  Top ID: 98.34
		One align captures most of this contig: 19650 20494 | 845 1 | 845 845 | 98.34 | gi|15600771|ref|NC_002506.1|_Vibrio_cholerae_O1_biovar_El_Tor_str._N16961_chromosome_II__complete_sequence 777_845_68978_17-_..._303-

CONTIG: 308_1794_67574 (1794bp)
Top Length: 1794  Top ID: 100.0
		One align captures most of this contig: 429113 430906 | 1794 1 | 1794 1794 | 100.0 | gi|15600771|ref|NC_002506.1|_Vibrio_cholerae_O1_biovar_El_Tor_str._N16961_chromosome_II__complete_sequence 308_1794_67574

CONTIG: 715_526_16889 (526bp)
Top Length: 526  Top ID: 100.0
		One align captures most of this contig: 323423 323948 | 1 526 | 526 526 | 100.0 | gi|15600771|ref|NC_002506.1|_Vibrio_cholerae_O1_biovar_El_Tor_str._N16961_chromosome_II__complete_sequence 715_526_16889

CONTIG: 227_6862_257419 (6862bp)
		This contig is unaligned. (6862 bp)
		Unaligned bases: 6862  total: 1459969

CONTIG: 556_98571_4127506 (98571bp)
		This contig is unaligned. (98571 bp)
		Unaligned bases: 98571  total: 1558540

CONTIG: 606_16415_701757 (16415bp)
Top Length: 16415  Top ID: 99.98
		One align captures most of this contig: 141088 157503 | 16415 1 | 16416 16415 | 99.98 | gi|15600771|ref|NC_002506.1|_Vibrio_cholerae_O1_biovar_El_Tor_str._N16961_chromosome_II__complete_sequence 606_16415_701757

CONTIG: 654_8899_377009 (8899bp)
Top Length: 8899  Top ID: 99.97
		One align captures most of this contig: 292762 301661 | 8899 1 | 8900 8899 | 99.97 | gi|15600771|ref|NC_002506.1|_Vibrio_cholerae_O1_biovar_El_Tor_str._N16961_chromosome_II__complete_sequence 654_8899_377009

CONTIG: 772_18495_706220 (18495bp)
		This contig is unaligned. (18495 bp)
		Unaligned bases: 18495  total: 1577035

CONTIG: 267_843_33497 (843bp)
Top Length: 843  Top ID: 99.88
		One align captures most of this contig: 356392 357234 | 1 843 | 843 843 | 99.88 | gi|15600771|ref|NC_002506.1|_Vibrio_cholerae_O1_biovar_El_Tor_str._N16961_chromosome_II__complete_sequence 267_843_33497

CONTIG: 279_22204_822108 (22204bp)
		This contig is unaligned. (22204 bp)
		Unaligned bases: 22204  total: 1599239

CONTIG: 663_31082_1474840 (31082bp)
		This contig is unaligned. (31082 bp)
		Unaligned bases: 31082  total: 1630321

CONTIG: 201_1197_97631 (1197bp)
Top Length: 1197  Top ID: 100.0
		This contig has 2 significant alignments. [An ambiguously mapped contig]
		Using only first of these alignment (option --ambiguity-usage is set to "one"):
		Alignment: 301600 302796 | 1197 1 | 1197 1197 | 100.0 | gi|15600771|ref|NC_002506.1|_Vibrio_cholerae_O1_biovar_El_Tor_str._N16961_chromosome_II__complete_sequence 201_1197_97631
		Skipping alignment  416455 417651 | 1 1197 | 1197 1197 | 100.0 | gi|15600771|ref|NC_002506.1|_Vibrio_cholerae_O1_biovar_El_Tor_str._N16961_chromosome_II__complete_sequence 201_1197_97631

CONTIG: 725_23570_723196 (23570bp)
		This contig is unaligned. (23570 bp)
		Unaligned bases: 23570  total: 1653891

CONTIG: 97_572_29498 (572bp)
Top Length: 572  Top ID: 100.0
		One align captures most of this contig: 20433 21004 | 572 1 | 572 572 | 100.0 | gi|15600771|ref|NC_002506.1|_Vibrio_cholerae_O1_biovar_El_Tor_str._N16961_chromosome_II__complete_sequence 97_572_29498

CONTIG: 215_4511_179005 (4511bp)
Top Length: 4511  Top ID: 100.0
		One align captures most of this contig: 559412 563922 | 4511 1 | 4511 4511 | 100.0 | gi|15600771|ref|NC_002506.1|_Vibrio_cholerae_O1_biovar_El_Tor_str._N16961_chromosome_II__complete_sequence 215_4511_179005

CONTIG: 607_57037_2419276 (57037bp)
		This contig is unaligned. (57037 bp)
		Unaligned bases: 57037  total: 1710928

CONTIG: 378_4615_325833 (4615bp)
		This contig is unaligned. (4615 bp)
		Unaligned bases: 4615  total: 1715543

CONTIG: 694_1734_63925 (1734bp)
Top Length: 1734  Top ID: 100.0
		One align captures most of this contig: 414783 416516 | 1 1734 | 1734 1734 | 100.0 | gi|15600771|ref|NC_002506.1|_Vibrio_cholerae_O1_biovar_El_Tor_str._N16961_chromosome_II__complete_sequence 694_1734_63925

CONTIG: 335_3112_97462 (3112bp)
Top Length: 3112  Top ID: 100.0
		Marking as insignificant: 379140 379677 | 2576 3112 | 538 537 | 97.96 | gi|15600771|ref|NC_002506.1|_Vibrio_cholerae_O1_biovar_El_Tor_str._N16961_chromosome_II__complete_sequence 335_3112_97462
		One align captures most of this contig: 407550 410661 | 1 3112 | 3112 3112 | 100.0 | gi|15600771|ref|NC_002506.1|_Vibrio_cholerae_O1_biovar_El_Tor_str._N16961_chromosome_II__complete_sequence 335_3112_97462

CONTIG: 482_2784_57236 (2784bp)
Top Length: 2784  Top ID: 100.0
		One align captures most of this contig: 217037 219820 | 1 2784 | 2784 2784 | 100.0 | gi|15600771|ref|NC_002506.1|_Vibrio_cholerae_O1_biovar_El_Tor_str._N16961_chromosome_II__complete_sequence 482_2784_57236

CONTIG: 553_39868_1547981 (39868bp)
Top Length: 39868  Top ID: 99.99
		One align captures most of this contig: 517169 557037 | 1 39868 | 39869 39868 | 99.99 | gi|15600771|ref|NC_002506.1|_Vibrio_cholerae_O1_biovar_El_Tor_str._N16961_chromosome_II__complete_sequence 553_39868_1547981

CONTIG: 381_11536_405252 (11536bp)
		This contig is unaligned. (11536 bp)
		Unaligned bases: 11536  total: 1727079

CONTIG: 535_925_34694 (925bp)
Top Length: 925  Top ID: 100.0
		One align captures most of this contig: 315988 316912 | 1 925 | 925 925 | 100.0 | gi|15600771|ref|NC_002506.1|_Vibrio_cholerae_O1_biovar_El_Tor_str._N16961_chromosome_II__complete_sequence 535_925_34694

CONTIG: 495_62005_3319999 (62005bp)
		This contig is unaligned. (62005 bp)
		Unaligned bases: 62005  total: 1789084

CONTIG: 729_52137_2409225 (52137bp)
		This contig is unaligned. (52137 bp)
		Unaligned bases: 52137  total: 1841221

CONTIG: 132_623_79260 (623bp)
		This contig is unaligned. (623 bp)
		Unaligned bases: 623  total: 1841844

CONTIG: 275_2292_64950 (2292bp)
Top Length: 2292  Top ID: 100.0
		One align captures most of this contig: 319807 322098 | 1 2292 | 2292 2292 | 100.0 | gi|15600771|ref|NC_002506.1|_Vibrio_cholerae_O1_biovar_El_Tor_str._N16961_chromosome_II__complete_sequence 275_2292_64950

CONTIG: 660_13205_383299 (13205bp)
		This contig is unaligned. (13205 bp)
		Unaligned bases: 13205  total: 1855049

CONTIG: 312_3466_95099 (3466bp)
		This contig is unaligned. (3466 bp)
		Unaligned bases: 3466  total: 1858515

CONTIG: 177_8208_310325 (8208bp)
Top Length: 8208  Top ID: 99.98
		One align captures most of this contig: 630484 638689 | 1 8208 | 8206 8208 | 99.98 | gi|15600771|ref|NC_002506.1|_Vibrio_cholerae_O1_biovar_El_Tor_str._N16961_chromosome_II__complete_sequence 177_8208_310325

CONTIG: 786_34859_1719546_545+_101+ (34859bp)
		This contig is unaligned. (34859 bp)
		Unaligned bases: 34859  total: 1893374

CONTIG: 776_110305_4408048 (110305bp)
		This contig is unaligned. (110305 bp)
		Unaligned bases: 110305  total: 2003679

CONTIG: 305_993_26225 (993bp)
Top Length: 993  Top ID: 100.0
		One align captures most of this contig: 423465 424457 | 993 1 | 993 993 | 100.0 | gi|15600771|ref|NC_002506.1|_Vibrio_cholerae_O1_biovar_El_Tor_str._N16961_chromosome_II__complete_sequence 305_993_26225

CONTIG: 144_28113_1252975 (28113bp)
		This contig is unaligned. (28113 bp)
		Unaligned bases: 28113  total: 2031792

CONTIG: 599_651_24517 (651bp)
		This contig is unaligned. (651 bp)
		Unaligned bases: 651  total: 2032443

CONTIG: 593_547_15794 (547bp)
Top Length: 547  Top ID: 100.0
		Marking as insignificant: 374963 375085 | 547 425 | 123 123 | 95.93 | gi|15600771|ref|NC_002506.1|_Vibrio_cholerae_O1_biovar_El_Tor_str._N16961_chromosome_II__complete_sequence 593_547_15794
		One align captures most of this contig: 421125 421671 | 547 1 | 547 547 | 100.0 | gi|15600771|ref|NC_002506.1|_Vibrio_cholerae_O1_biovar_El_Tor_str._N16961_chromosome_II__complete_sequence 593_547_15794

CONTIG: 543_1796_40364 (1796bp)
Top Length: 1796  Top ID: 100.0
		One align captures most of this contig: 396271 398066 | 1796 1 | 1796 1796 | 100.0 | gi|15600771|ref|NC_002506.1|_Vibrio_cholerae_O1_biovar_El_Tor_str._N16961_chromosome_II__complete_sequence 543_1796_40364

CONTIG: 96_572_31266 (572bp)
		This contig is unaligned. (572 bp)
		Unaligned bases: 572  total: 2033015

CONTIG: 362_1074_48969 (1074bp)
Top Length: 1074  Top ID: 100.0
		Marking as insignificant: 389961 390050 | 1072 981 | 90 92 | 97.83 | gi|15600771|ref|NC_002506.1|_Vibrio_cholerae_O1_biovar_El_Tor_str._N16961_chromosome_II__complete_sequence 362_1074_48969
		One align captures most of this contig: 364295 365368 | 1074 1 | 1074 1074 | 100.0 | gi|15600771|ref|NC_002506.1|_Vibrio_cholerae_O1_biovar_El_Tor_str._N16961_chromosome_II__complete_sequence 362_1074_48969

CONTIG: 63_18537_858489 (18537bp)
Top Length: 18537  Top ID: 99.99
		One align captures most of this contig: 1174 19711 | 18537 1 | 18538 18537 | 99.99 | gi|15600771|ref|NC_002506.1|_Vibrio_cholerae_O1_biovar_El_Tor_str._N16961_chromosome_II__complete_sequence 63_18537_858489

CONTIG: 260_756_27087 (756bp)
Top Length: 756  Top ID: 100.0
		Marking as insignificant: 389915 390053 | 756 617 | 139 140 | 95.04 | gi|15600771|ref|NC_002506.1|_Vibrio_cholerae_O1_biovar_El_Tor_str._N16961_chromosome_II__complete_sequence 260_756_27087
		Marking as insignificant: 383779 384523 | 745 1 | 745 745 | 98.79 | gi|15600771|ref|NC_002506.1|_Vibrio_cholerae_O1_biovar_El_Tor_str._N16961_chromosome_II__complete_sequence 260_756_27087
		One align captures most of this contig: 324388 325143 | 756 1 | 756 756 | 100.0 | gi|15600771|ref|NC_002506.1|_Vibrio_cholerae_O1_biovar_El_Tor_str._N16961_chromosome_II__complete_sequence 260_756_27087

CONTIG: 727_27970_1076025 (27970bp)
		This contig is unaligned. (27970 bp)
		Unaligned bases: 27970  total: 2060985

CONTIG: 724_22087_1062427 (22087bp)
		This contig is unaligned. (22087 bp)
		Unaligned bases: 22087  total: 2083072

CONTIG: 104_60973_2325895 (60973bp)
Top Length: 60973  Top ID: 99.99
		One align captures most of this contig: 638650 699622 | 1 60973 | 60973 60973 | 99.99 | gi|15600771|ref|NC_002506.1|_Vibrio_cholerae_O1_biovar_El_Tor_str._N16961_chromosome_II__complete_sequence 104_60973_2325895

CONTIG: 655_9386_292136 (9386bp)
		This contig is unaligned. (9386 bp)
		Unaligned bases: 9386  total: 2092458

CONTIG: 178_7816_313640 (7816bp)
		This contig is unaligned. (7816 bp)
		Unaligned bases: 7816  total: 2100274

CONTIG: 217_715_59213 (715bp)
Top Length: 715  Top ID: 100.0
		This contig has 2 significant alignments. [An ambiguously mapped contig]
		Using only first of these alignment (option --ambiguity-usage is set to "one"):
		Alignment: 343203 343917 | 715 1 | 715 715 | 100.0 | gi|15600771|ref|NC_002506.1|_Vibrio_cholerae_O1_biovar_El_Tor_str._N16961_chromosome_II__complete_sequence 217_715_59213
		Skipping alignment  432995 433709 | 715 1 | 715 715 | 100.0 | gi|15600771|ref|NC_002506.1|_Vibrio_cholerae_O1_biovar_El_Tor_str._N16961_chromosome_II__complete_sequence 217_715_59213

CONTIG: 656_812_23466 (812bp)
Top Length: 812  Top ID: 100.0
		One align captures most of this contig: 422706 423517 | 812 1 | 812 812 | 100.0 | gi|15600771|ref|NC_002506.1|_Vibrio_cholerae_O1_biovar_El_Tor_str._N16961_chromosome_II__complete_sequence 656_812_23466

CONTIG: 665_105316_3899401 (105316bp)
		This contig is unaligned. (105316 bp)
		Unaligned bases: 105316  total: 2205590

CONTIG: 466_900_24932 (900bp)
Top Length: 900  Top ID: 100.0
		One align captures most of this contig: 350245 351144 | 900 1 | 900 900 | 100.0 | gi|15600771|ref|NC_002506.1|_Vibrio_cholerae_O1_biovar_El_Tor_str._N16961_chromosome_II__complete_sequence 466_900_24932

CONTIG: 548_18633_808435 (18633bp)
		This contig is unaligned. (18633 bp)
		Unaligned bases: 18633  total: 2224223

CONTIG: 412_886_37130 (886bp)
Top Length: 886  Top ID: 100.0
		Marking as insignificant: 384932 385053 | 247 369 | 122 123 | 95.93 | gi|15600771|ref|NC_002506.1|_Vibrio_cholerae_O1_biovar_El_Tor_str._N16961_chromosome_II__complete_sequence 412_886_37130
		One align captures most of this contig: 367164 368049 | 1 886 | 886 886 | 100.0 | gi|15600771|ref|NC_002506.1|_Vibrio_cholerae_O1_biovar_El_Tor_str._N16961_chromosome_II__complete_sequence 412_886_37130

CONTIG: 233_92815_4500889 (92815bp)
		This contig is unaligned. (92815 bp)
		Unaligned bases: 92815  total: 2317038

CONTIG: 382_15461_838822 (15461bp)
		This contig is unaligned. (15461 bp)
		Unaligned bases: 15461  total: 2332499

CONTIG: 309_3403_111484 (3403bp)
		This contig is unaligned. (3403 bp)
		Unaligned bases: 3403  total: 2335902

CONTIG: 174_2390_39674 (2390bp)
		This contig is unaligned. (2390 bp)
		Unaligned bases: 2390  total: 2338292

CONTIG: 762_650_16779 (650bp)
Top Length: 650  Top ID: 100.0
		Marking as insignificant: 393963 394610 | 650 4 | 648 647 | 97.84 | gi|15600771|ref|NC_002506.1|_Vibrio_cholerae_O1_biovar_El_Tor_str._N16961_chromosome_II__complete_sequence 762_650_16779
		One align captures most of this contig: 433711 434360 | 650 1 | 650 650 | 100.0 | gi|15600771|ref|NC_002506.1|_Vibrio_cholerae_O1_biovar_El_Tor_str._N16961_chromosome_II__complete_sequence 762_650_16779

CONTIG: 231_29078_1235990 (29078bp)
Top Length: 29078  Top ID: 100.0
		One align captures most of this contig: 187835 216912 | 1 29078 | 29078 29078 | 100.0 | gi|15600771|ref|NC_002506.1|_Vibrio_cholerae_O1_biovar_El_Tor_str._N16961_chromosome_II__complete_sequence 231_29078_1235990

CONTIG: 605_11117_637766 (11117bp)
		This contig is unaligned. (11117 bp)
		Unaligned bases: 11117  total: 2349409

CONTIG: 133_693_14743 (693bp)
Top Length: 693  Top ID: 100.0
		One align captures most of this contig: 338201 338893 | 1 693 | 693 693 | 100.0 | gi|15600771|ref|NC_002506.1|_Vibrio_cholerae_O1_biovar_El_Tor_str._N16961_chromosome_II__complete_sequence 133_693_14743

CONTIG: 176_3924_126123 (3924bp)
		This contig is unaligned. (3924 bp)
		Unaligned bases: 3924  total: 2353333

CONTIG: 232_69573_3201840 (69573bp)
		This contig is unaligned. (69573 bp)
		Unaligned bases: 69573  total: 2422906

CONTIG: 603_4873_262715 (4873bp)
		This contig is unaligned. (4873 bp)
		Unaligned bases: 4873  total: 2427779

CONTIG: 768_4205_116185 (4205bp)
		This contig is unaligned. (4205 bp)
		Unaligned bases: 4205  total: 2431984

CONTIG: 598_619_27536 (619bp)
		This contig is unaligned. (619 bp)
		Unaligned bases: 619  total: 2432603

CONTIG: 134_859_42558 (859bp)
		This contig is unaligned. (859 bp)
		Unaligned bases: 859  total: 2433462

CONTIG: 469_1014_72994 (1014bp)
Top Length: 1014  Top ID: 100.0
		This contig has 2 significant alignments. [An ambiguously mapped contig]
		Using only first of these alignment (option --ambiguity-usage is set to "one"):
		Alignment: 325804 326817 | 1 1014 | 1014 1014 | 100.0 | gi|15600771|ref|NC_002506.1|_Vibrio_cholerae_O1_biovar_El_Tor_str._N16961_chromosome_II__complete_sequence 469_1014_72994
		Skipping alignment  421701 422714 | 1 1014 | 1014 1014 | 100.0 | gi|15600771|ref|NC_002506.1|_Vibrio_cholerae_O1_biovar_El_Tor_str._N16961_chromosome_II__complete_sequence 469_1014_72994

CONTIG: 478_2325_74210 (2325bp)
Top Length: 2325  Top ID: 100.0
		One align captures most of this contig: 345867 348191 | 2325 1 | 2325 2325 | 100.0 | gi|15600771|ref|NC_002506.1|_Vibrio_cholerae_O1_biovar_El_Tor_str._N16961_chromosome_II__complete_sequence 478_2325_74210

CONTIG: 59_1009_34161 (1009bp)
Top Length: 1009  Top ID: 100.0
		One align captures most of this contig: 430875 431883 | 1009 1 | 1009 1009 | 100.0 | gi|15600771|ref|NC_002506.1|_Vibrio_cholerae_O1_biovar_El_Tor_str._N16961_chromosome_II__complete_sequence 59_1009_34161

CONTIG: 427_3023_90614 (3023bp)
Top Length: 3023  Top ID: 100.0
		Marking as insignificant: 376607 376889 | 2741 3023 | 283 283 | 95.41 | gi|15600771|ref|NC_002506.1|_Vibrio_cholerae_O1_biovar_El_Tor_str._N16961_chromosome_II__complete_sequence 427_3023_90614
		One align captures most of this contig: 404235 407257 | 1 3023 | 3023 3023 | 100.0 | gi|15600771|ref|NC_002506.1|_Vibrio_cholerae_O1_biovar_El_Tor_str._N16961_chromosome_II__complete_sequence 427_3023_90614

CONTIG: 145_30609_1124627 (30609bp)
		This contig is unaligned. (30609 bp)
		Unaligned bases: 30609  total: 2464071

CONTIG: 664_42398_2481077 (42398bp)
		This contig is unaligned. (42398 bp)
		Unaligned bases: 42398  total: 2506469

CONTIG: 60_11734_262462 (11734bp)
		This contig is unaligned. (11734 bp)
		Unaligned bases: 11734  total: 2518203

CONTIG: 276_2536_44476 (2536bp)
		This contig is unaligned. (2536 bp)
		Unaligned bases: 2536  total: 2520739

CONTIG: 536_753_31379 (753bp)
Top Length: 753  Top ID: 100.0
		One align captures most of this contig: 399189 399941 | 753 1 | 753 753 | 100.0 | gi|15600771|ref|NC_002506.1|_Vibrio_cholerae_O1_biovar_El_Tor_str._N16961_chromosome_II__complete_sequence 536_753_31379

CONTIG: 712_1382_47218 (1382bp)
Top Length: 1382  Top ID: 100.0
		Marking as insignificant: 394648 395118 | 923 1382 | 471 460 | 97.03 | gi|15600771|ref|NC_002506.1|_Vibrio_cholerae_O1_biovar_El_Tor_str._N16961_chromosome_II__complete_sequence 712_1382_47218
		One align captures most of this contig: 369209 370590 | 1 1382 | 1382 1382 | 100.0 | gi|15600771|ref|NC_002506.1|_Vibrio_cholerae_O1_biovar_El_Tor_str._N16961_chromosome_II__complete_sequence 712_1382_47218

CONTIG: 341_92848_3777942 (92848bp)
Top Length: 92848  Top ID: 99.99
		One align captures most of this contig: 736961 829805 | 92848 1 | 92845 92848 | 99.99 | gi|15600771|ref|NC_002506.1|_Vibrio_cholerae_O1_biovar_El_Tor_str._N16961_chromosome_II__complete_sequence 341_92848_3777942

CONTIG: 57_545_5162 (545bp)
		This contig is unaligned. (545 bp)
		Unaligned bases: 545  total: 2521284

CONTIG: 338_20310_821738 (20310bp)
Top Length: 20310  Top ID: 99.99
		One align captures most of this contig: 436582 456891 | 1 20310 | 20310 20310 | 99.99 | gi|15600771|ref|NC_002506.1|_Vibrio_cholerae_O1_biovar_El_Tor_str._N16961_chromosome_II__complete_sequence 338_20310_821738

CONTIG: 143_16410_698953 (16410bp)
		This contig is unaligned. (16410 bp)
		Unaligned bases: 16410  total: 2537694

CONTIG: 555_55980_2722713 (55980bp)
		This contig is unaligned. (55980 bp)
		Unaligned bases: 55980  total: 2593674

CONTIG: 659_5295_136349 (5295bp)
Top Length: 5295  Top ID: 99.96
		Marking as insignificant: 373224 373551 | 5295 4967 | 328 329 | 96.05 | gi|15600771|ref|NC_002506.1|_Vibrio_cholerae_O1_biovar_El_Tor_str._N16961_chromosome_II__complete_sequence 659_5295_136349
		Marking as insignificant: 310935 312316 | 4145 2764 | 1382 1382 | 100.0 | gi|15600771|ref|NC_002506.1|_Vibrio_cholerae_O1_biovar_El_Tor_str._N16961_chromosome_II__complete_sequence 659_5295_136349
		One align captures most of this contig: 351160 356453 | 5295 1 | 5294 5295 | 99.96 | gi|15600771|ref|NC_002506.1|_Vibrio_cholerae_O1_biovar_El_Tor_str._N16961_chromosome_II__complete_sequence 659_5295_136349

CONTIG: 728_45047_2001757 (45047bp)
Top Length: 45047  Top ID: 99.99
		One align captures most of this contig: 21888 66934 | 45047 1 | 45047 45047 | 99.99 | gi|15600771|ref|NC_002506.1|_Vibrio_cholerae_O1_biovar_El_Tor_str._N16961_chromosome_II__complete_sequence 728_45047_2001757

CONTIG: 542_1107_45900 (1107bp)
Top Length: 1107  Top ID: 100.0
		One align captures most of this contig: 424398 425504 | 1107 1 | 1107 1107 | 100.0 | gi|15600771|ref|NC_002506.1|_Vibrio_cholerae_O1_biovar_El_Tor_str._N16961_chromosome_II__complete_sequence 542_1107_45900

CONTIG: 28_554_20176 (554bp)
Top Length: 554  Top ID: 100.0
		One align captures most of this contig: 322052 322605 | 1 554 | 554 554 | 100.0 | gi|15600771|ref|NC_002506.1|_Vibrio_cholerae_O1_biovar_El_Tor_str._N16961_chromosome_II__complete_sequence 28_554_20176

CONTIG: 142_16743_662055 (16743bp)
		This contig is unaligned. (16743 bp)
		Unaligned bases: 16743  total: 2610417

CONTIG: 274_1198_48148 (1198bp)
Top Length: 1198  Top ID: 100.0
		One align captures most of this contig: 362060 363257 | 1198 1 | 1198 1198 | 100.0 | gi|15600771|ref|NC_002506.1|_Vibrio_cholerae_O1_biovar_El_Tor_str._N16961_chromosome_II__complete_sequence 274_1198_48148

CONTIG: 212_532_18989 (532bp)
Top Length: 532  Top ID: 100.0
		Marking as insignificant: 388832 388979 | 529 381 | 148 149 | 95.97 | gi|15600771|ref|NC_002506.1|_Vibrio_cholerae_O1_biovar_El_Tor_str._N16961_chromosome_II__complete_sequence 212_532_18989
		Marking as insignificant: 383755 383904 | 529 379 | 150 151 | 95.36 | gi|15600771|ref|NC_002506.1|_Vibrio_cholerae_O1_biovar_El_Tor_str._N16961_chromosome_II__complete_sequence 212_532_18989
		One align captures most of this contig: 329223 329754 | 532 1 | 532 532 | 100.0 | gi|15600771|ref|NC_002506.1|_Vibrio_cholerae_O1_biovar_El_Tor_str._N16961_chromosome_II__complete_sequence 212_532_18989

CONTIG: 722_18876_789866 (18876bp)
Top Length: 18876  Top ID: 99.99
		One align captures most of this contig: 273386 292260 | 1 18876 | 18875 18876 | 99.99 | gi|15600771|ref|NC_002506.1|_Vibrio_cholerae_O1_biovar_El_Tor_str._N16961_chromosome_II__complete_sequence 722_18876_789866

CONTIG: 760_3479_151070 (3479bp)
		This contig is unaligned. (3479 bp)
		Unaligned bases: 3479  total: 2613896

CONTIG: 428_8402_264620 (8402bp)
Top Length: 8402  Top ID: 100.0
		One align captures most of this contig: 508068 516469 | 1 8402 | 8402 8402 | 100.0 | gi|15600771|ref|NC_002506.1|_Vibrio_cholerae_O1_biovar_El_Tor_str._N16961_chromosome_II__complete_sequence 428_8402_264620

CONTIG: 558_111096_4887649 (111096bp)
Top Length: 110288  Top ID: 99.98
		Marking as insignificant: 1 808 | 110289 111096 | 808 808 | 100.0 | gi|15600771|ref|NC_002506.1|_Vibrio_cholerae_O1_biovar_El_Tor_str._N16961_chromosome_II__complete_sequence 558_111096_4887649
		One align captures most of this contig: 962028 1072315 | 1 110288 | 110288 110288 | 99.98 | gi|15600771|ref|NC_002506.1|_Vibrio_cholerae_O1_biovar_El_Tor_str._N16961_chromosome_II__complete_sequence 558_111096_4887649

CONTIG: 23_1128_44651 (1128bp)
Top Length: 1128  Top ID: 100.0
		One align captures most of this contig: 410618 411745 | 1128 1 | 1128 1128 | 100.0 | gi|15600771|ref|NC_002506.1|_Vibrio_cholerae_O1_biovar_El_Tor_str._N16961_chromosome_II__complete_sequence 23_1128_44651

CONTIG: 32_5554_274990 (5554bp)
		This contig is unaligned. (5554 bp)
		Unaligned bases: 5554  total: 2619450

CONTIG: 230_24045_979741 (24045bp)
Top Length: 24045  Top ID: 99.99
		One align captures most of this contig: 248588 272631 | 1 24045 | 24044 24045 | 99.99 | gi|15600771|ref|NC_002506.1|_Vibrio_cholerae_O1_biovar_El_Tor_str._N16961_chromosome_II__complete_sequence 230_24045_979741

CONTIG: 726_25472_1315513 (25472bp)
		This contig is unaligned. (25472 bp)
		Unaligned bases: 25472  total: 2644922

CONTIG: 429_70822_2626210 (70822bp)
		This contig is unaligned. (70822 bp)
		Unaligned bases: 70822  total: 2715744

CONTIG: 173_961_38193 (961bp)
Top Length: 961  Top ID: 99.9
		Marking as insignificant: 378574 378725 | 1 152 | 152 152 | 96.05 | gi|15600771|ref|NC_002506.1|_Vibrio_cholerae_O1_biovar_El_Tor_str._N16961_chromosome_II__complete_sequence 173_961_38193
		One align captures most of this contig: 344488 345447 | 1 961 | 960 961 | 99.9 | gi|15600771|ref|NC_002506.1|_Vibrio_cholerae_O1_biovar_El_Tor_str._N16961_chromosome_II__complete_sequence 173_961_38193

CONTIG: 784_785_45381_669-_..._700- (785bp)
Top Length: 785  Top ID: 97.07
		One align captures most of this contig: 21165 21949 | 785 1 | 785 785 | 97.07 | gi|15600771|ref|NC_002506.1|_Vibrio_cholerae_O1_biovar_El_Tor_str._N16961_chromosome_II__complete_sequence 784_785_45381_669-_..._700-

CONTIG: 470_1174_113957 (1174bp)
		This contig is unaligned. (1174 bp)
		Unaligned bases: 1174  total: 2716918

CONTIG: 778_3336_1395901_138-_652-_625- (3336bp)
		This contig is unaligned. (3336 bp)
		Unaligned bases: 3336  total: 2720254

CONTIG: 162_819_33936 (819bp)
Top Length: 819  Top ID: 100.0
		Marking as insignificant: 385482 385589 | 1 108 | 108 108 | 98.15 | gi|15600771|ref|NC_002506.1|_Vibrio_cholerae_O1_biovar_El_Tor_str._N16961_chromosome_II__complete_sequence 162_819_33936
		One align captures most of this contig: 341828 342646 | 1 819 | 819 819 | 100.0 | gi|15600771|ref|NC_002506.1|_Vibrio_cholerae_O1_biovar_El_Tor_str._N16961_chromosome_II__complete_sequence 162_819_33936

CONTIG: 630_603_7321 (603bp)
		This contig is unaligned. (603 bp)
		Unaligned bases: 603  total: 2720857

CONTIG: 781_1277_74649_269-_360-_457- (1277bp)
Top Length: 1277  Top ID: 96.4
		One align captures most of this contig: 558197 559473 | 1277 1 | 1277 1277 | 96.4 | gi|15600771|ref|NC_002506.1|_Vibrio_cholerae_O1_biovar_El_Tor_str._N16961_chromosome_II__complete_sequence 781_1277_74649_269-_360-_457-

CONTIG: 298_797_15086 (797bp)
Top Length: 797  Top ID: 100.0
		One align captures most of this contig: 302735 303531 | 797 1 | 797 797 | 100.0 | gi|15600771|ref|NC_002506.1|_Vibrio_cholerae_O1_biovar_El_Tor_str._N16961_chromosome_II__complete_sequence 298_797_15086

CONTIG: 184_174216_7446071 (174216bp)
		This contig is unaligned. (174216 bp)
		Unaligned bases: 174216  total: 2895073

CONTIG: 631_772_29597 (772bp)
Top Length: 772  Top ID: 100.0
		Marking as insignificant: 393403 393490 | 770 683 | 88 88 | 98.86 | gi|15600771|ref|NC_002506.1|_Vibrio_cholerae_O1_biovar_El_Tor_str._N16961_chromosome_II__complete_sequence 631_772_29597
		Marking as insignificant: 387493 387582 | 772 683 | 90 90 | 97.78 | gi|15600771|ref|NC_002506.1|_Vibrio_cholerae_O1_biovar_El_Tor_str._N16961_chromosome_II__complete_sequence 631_772_29597
		Marking as insignificant: 375585 375674 | 772 683 | 90 90 | 100.0 | gi|15600771|ref|NC_002506.1|_Vibrio_cholerae_O1_biovar_El_Tor_str._N16961_chromosome_II__complete_sequence 631_772_29597
		One align captures most of this contig: 419825 420596 | 772 1 | 772 772 | 100.0 | gi|15600771|ref|NC_002506.1|_Vibrio_cholerae_O1_biovar_El_Tor_str._N16961_chromosome_II__complete_sequence 631_772_29597

Analyzing coverage...
Writing SNPs into /usit/invitro/data/galaxy/master/sabbai/galaxy-dist/database/job_working_directory/000/431/dataset_432_files/contigs_reports/nucmer_output/abyss.used_snps
	Reference gi|15600771|ref|NC_002506.1|_Vibrio_cholerae_O1_biovar_El_Tor_str._N16961_chromosome_II__complete_sequence: 98 total alignments. 1 total regions.
		Region: 1 to 1072315 (1072315 bp)
			START in gap: 1 to 1174 (1173 bp)
			Align 1: 1174 19711 63_18537_858489 18537 1
				Negative gap (overlap) between this and next alignment: 19711 to 19650 (-61 bp)
				Next Alignment: 19650 20494 777_845_68978_17-_..._303- 845 1

			Previous gap was negative, modifying coordinates to ignore overlap
				Moving contig start from 845 to 783.
			Align 2: 19712 20494 777_845_68978_17-_..._303- 783 1
				Negative gap (overlap) between this and next alignment: 20494 to 20433 (-61 bp)
				Next Alignment: 20433 21004 97_572_29498 572 1

			Previous gap was negative, modifying coordinates to ignore overlap
				Moving contig start from 572 to 510.
			Align 3: 20495 21004 97_572_29498 510 1
				Gap between this and next alignment: 21004 to 21165 (160 bp)
				Next Alignment: 21165 21949 784_785_45381_669-_..._700- 785 1

			Align 4: 21165 21949 784_785_45381_669-_..._700- 785 1
				Negative gap (overlap) between this and next alignment: 21949 to 21888 (-61 bp)
				Next Alignment: 21888 66934 728_45047_2001757 45047 1

			Previous gap was negative, modifying coordinates to ignore overlap
				Moving contig start from 45047 to 44985.
			Align 5: 21950 66934 728_45047_2001757 44985 1
				Gap between this and next alignment: 66934 to 66973 (38 bp)
				Next Alignment: 66973 114835 182_47862_2105190 47862 1

			Align 6: 66973 114835 182_47862_2105190 47862 1
				Gap between this and next alignment: 114835 to 114887 (51 bp)
				Next Alignment: 114887 140902 493_26016_1105772 1 26016

			Align 7: 114887 140902 493_26016_1105772 1 26016
				Gap between this and next alignment: 140902 to 141088 (185 bp)
				Next Alignment: 141088 157503 606_16415_701757 16415 1

			Align 8: 141088 157503 606_16415_701757 16415 1
				Negative gap (overlap) between this and next alignment: 157503 to 157461 (-42 bp)
				Next Alignment: 157461 187820 774_30358_1261438 1 30358

			Previous gap was negative, modifying coordinates to ignore overlap
				Moving contig start from 1 to 44.
			Align 9: 157504 187820 774_30358_1261438 44 30358
				Gap between this and next alignment: 187820 to 187835 (14 bp)
				Next Alignment: 187835 216912 231_29078_1235990 1 29078

			Align 10: 187835 216912 231_29078_1235990 1 29078
				Gap between this and next alignment: 216912 to 217037 (124 bp)
				Next Alignment: 217037 219820 482_2784_57236 1 2784

			Align 11: 217037 219820 482_2784_57236 1 2784
				Gap between this and next alignment: 219820 to 220322 (501 bp)
				Next Alignment: 220322 236895 278_16574_704913 1 16574

			Align 12: 220322 236895 278_16574_704913 1 16574
				Gap between this and next alignment: 236895 to 237060 (164 bp)
				Next Alignment: 237060 248599 547_11540_448253 1 11540

			Align 13: 237060 248599 547_11540_448253 1 11540
				Negative gap (overlap) between this and next alignment: 248599 to 248588 (-11 bp)
				Next Alignment: 248588 272631 230_24045_979741 1 24045

			Previous gap was negative, modifying coordinates to ignore overlap
				Moving contig start from 1 to 13.
			Align 14: 248600 272631 230_24045_979741 13 24045
				Gap between this and next alignment: 272631 to 273386 (754 bp)
				Next Alignment: 273386 292260 722_18876_789866 1 18876

			Align 15: 273386 292260 722_18876_789866 1 18876
				Gap between this and next alignment: 292260 to 292762 (501 bp)
				Next Alignment: 292762 301661 654_8899_377009 8899 1

			Align 16: 292762 301661 654_8899_377009 8899 1
				Negative gap (overlap) between this and next alignment: 301661 to 301600 (-61 bp)
				Next Alignment: 301600 302796 201_1197_97631 1197 1

			Previous gap was negative, modifying coordinates to ignore overlap
				Moving contig start from 1197 to 1135.
			Align 17: 301662 302796 201_1197_97631 1135 1
				Negative gap (overlap) between this and next alignment: 302796 to 302735 (-61 bp)
				Next Alignment: 302735 303531 298_797_15086 797 1

			Previous gap was negative, modifying coordinates to ignore overlap
				Moving contig start from 797 to 735.
			Align 18: 302797 303531 298_797_15086 735 1
				Gap between this and next alignment: 303531 to 303962 (430 bp)
				Next Alignment: 303962 310943 765_8436_274141 1 6982

			Align 19: 303962 310943 765_8436_274141 1 6982
				Gap between this and next alignment: 310943 to 312311 (1367 bp)
				Next Alignment: 312311 313773 765_8436_274141 6974 8436

			Align 20: 312311 313773 765_8436_274141 6974 8436
				Gap between this and next alignment: 313773 to 314648 (874 bp)
				Next Alignment: 314648 315995 328_1348_48900 1 1348

			Align 21: 314648 315995 328_1348_48900 1 1348
				Negative gap (overlap) between this and next alignment: 315995 to 315988 (-7 bp)
				Next Alignment: 315988 316912 535_925_34694 1 925

			Previous gap was negative, modifying coordinates to ignore overlap
				Moving contig start from 1 to 9.
			Align 22: 315996 316912 535_925_34694 9 925
				Negative gap (overlap) between this and next alignment: 316912 to 316892 (-20 bp)
				Next Alignment: 316892 317416 591_525_20701 1 525

			Previous gap was negative, modifying coordinates to ignore overlap
				Moving contig start from 1 to 22.
			Align 23: 316913 317416 591_525_20701 22 525
				Gap between this and next alignment: 317416 to 317984 (567 bp)
				Next Alignment: 317984 318510 464_527_23162 1 527

			Align 24: 317984 318510 464_527_23162 1 527
				Next Alignment: 318511 319015 297_505_17240 1 505

			Align 25: 318511 319015 297_505_17240 1 505
				Gap between this and next alignment: 319015 to 319046 (30 bp)
				Next Alignment: 319046 319856 20_811_16620 1 811

			Align 26: 319046 319856 20_811_16620 1 811
				Negative gap (overlap) between this and next alignment: 319856 to 319807 (-49 bp)
				Next Alignment: 319807 322098 275_2292_64950 1 2292

			Previous gap was negative, modifying coordinates to ignore overlap
				Moving contig start from 1 to 51.
			Align 27: 319857 322098 275_2292_64950 51 2292
				Negative gap (overlap) between this and next alignment: 322098 to 322052 (-46 bp)
				Next Alignment: 322052 322605 28_554_20176 1 554

			Previous gap was negative, modifying coordinates to ignore overlap
				Moving contig start from 1 to 48.
			Align 28: 322099 322605 28_554_20176 48 554
				Gap between this and next alignment: 322605 to 322642 (36 bp)
				Next Alignment: 322642 323414 484_773_49425 1 773

			Align 29: 322642 323414 484_773_49425 1 773
				Gap between this and next alignment: 323414 to 323423 (8 bp)
				Next Alignment: 323423 323948 715_526_16889 1 526

			Align 30: 323423 323948 715_526_16889 1 526
				Gap between this and next alignment: 323948 to 324388 (439 bp)
				Next Alignment: 324388 325143 260_756_27087 756 1

			Align 31: 324388 325143 260_756_27087 756 1
				Gap between this and next alignment: 325143 to 325804 (660 bp)
				Next Alignment: 325804 326817 469_1014_72994 1 1014

			Align 32: 325804 326817 469_1014_72994 1 1014
				Gap between this and next alignment: 326817 to 327349 (531 bp)
				Next Alignment: 327349 327936 22_588_9890 588 1

			Align 33: 327349 327936 22_588_9890 588 1
				Negative gap (overlap) between this and next alignment: 327936 to 327893 (-43 bp)
				Next Alignment: 327893 328912 98_1020_39081 1 1020

			Previous gap was negative, modifying coordinates to ignore overlap
				Moving contig start from 1 to 45.
			Align 34: 327937 328912 98_1020_39081 45 1020
				Gap between this and next alignment: 328912 to 329223 (310 bp)
				Next Alignment: 329223 329754 212_532_18989 532 1

			Align 35: 329223 329754 212_532_18989 532 1
				Gap between this and next alignment: 329754 to 331887 (2132 bp)
				Next Alignment: 331887 332398 544_512_16162 512 1

			Align 36: 331887 332398 544_512_16162 512 1
				Negative gap (overlap) between this and next alignment: 332398 to 332372 (-26 bp)
				Next Alignment: 332372 333845 202_1474_41912 1 1474

			Previous gap was negative, modifying coordinates to ignore overlap
				Moving contig start from 1 to 28.
			Align 37: 332399 333845 202_1474_41912 28 1474
				Negative gap (overlap) between this and next alignment: 333845 to 333790 (-55 bp)
				Next Alignment: 333790 334892 136_1103_28212 1 1103

			Previous gap was negative, modifying coordinates to ignore overlap
				Moving contig start from 1 to 57.
			Align 38: 333846 334892 136_1103_28212 57 1103
				Gap between this and next alignment: 334892 to 336065 (1172 bp)
				Next Alignment: 336065 337093 534_1029_64557 1029 1

			Align 39: 336065 337093 534_1029_64557 1029 1
				Negative gap (overlap) between this and next alignment: 337093 to 337057 (-36 bp)
				Next Alignment: 337057 337604 752_548_17687 548 1

			Previous gap was negative, modifying coordinates to ignore overlap
				Moving contig start from 548 to 511.
			Align 40: 337094 337604 752_548_17687 511 1
				Negative gap (overlap) between this and next alignment: 337604 to 337558 (-46 bp)
				Next Alignment: 337558 338057 58_500_27544 500 1

			Previous gap was negative, modifying coordinates to ignore overlap
				Moving contig start from 500 to 453.
			Align 41: 337605 338057 58_500_27544 453 1
				Gap between this and next alignment: 338057 to 338201 (143 bp)
				Next Alignment: 338201 338893 133_693_14743 1 693

			Align 42: 338201 338893 133_693_14743 1 693
				Gap between this and next alignment: 338893 to 340470 (1576 bp)
				Next Alignment: 340470 341037 213_568_26204 1 568

			Align 43: 340470 341037 213_568_26204 1 568
				Gap between this and next alignment: 341037 to 341828 (790 bp)
				Next Alignment: 341828 342646 162_819_33936 1 819

			Align 44: 341828 342646 162_819_33936 1 819
				Gap between this and next alignment: 342646 to 343203 (556 bp)
				Next Alignment: 343203 343917 217_715_59213 715 1

			Align 45: 343203 343917 217_715_59213 715 1
				Gap between this and next alignment: 343917 to 344488 (570 bp)
				Next Alignment: 344488 345447 173_961_38193 1 961

			Align 46: 344488 345447 173_961_38193 1 961
				Gap between this and next alignment: 345447 to 345867 (419 bp)
				Next Alignment: 345867 348191 478_2325_74210 2325 1

			Align 47: 345867 348191 478_2325_74210 2325 1
				Gap between this and next alignment: 348191 to 349519 (1327 bp)
				Next Alignment: 349519 350299 488_781_37872 1 781

			Align 48: 349519 350299 488_781_37872 1 781
				Negative gap (overlap) between this and next alignment: 350299 to 350245 (-54 bp)
				Next Alignment: 350245 351144 466_900_24932 900 1

			Previous gap was negative, modifying coordinates to ignore overlap
				Moving contig start from 900 to 845.
			Align 49: 350300 351144 466_900_24932 845 1
				Gap between this and next alignment: 351144 to 351160 (15 bp)
				Next Alignment: 351160 356453 659_5295_136349 5295 1

			Align 50: 351160 356453 659_5295_136349 5295 1
				Negative gap (overlap) between this and next alignment: 356453 to 356392 (-61 bp)
				Next Alignment: 356392 357234 267_843_33497 1 843

			Previous gap was negative, modifying coordinates to ignore overlap
				Moving contig start from 1 to 63.
			Align 51: 356454 357234 267_843_33497 63 843
				Negative gap (overlap) between this and next alignment: 357234 to 357176 (-58 bp)
				Next Alignment: 357176 358433 783_1258_223243_417-_211+_600+ 1258 1

			Previous gap was negative, modifying coordinates to ignore overlap
				Moving contig start from 1258 to 1199.
			Align 52: 357235 358433 783_1258_223243_417-_211+_600+ 1199 1
				Gap between this and next alignment: 358433 to 358680 (246 bp)
				Next Alignment: 358680 360293 640_1614_36820 1 1614

			Align 53: 358680 360293 640_1614_36820 1 1614
				Gap between this and next alignment: 360293 to 361004 (710 bp)
				Next Alignment: 361004 361639 483_636_28224 636 1

			Align 54: 361004 361639 483_636_28224 636 1
				Gap between this and next alignment: 361639 to 362060 (420 bp)
				Next Alignment: 362060 363257 274_1198_48148 1198 1

			Align 55: 362060 363257 274_1198_48148 1198 1
				Gap between this and next alignment: 363257 to 364295 (1037 bp)
				Next Alignment: 364295 365368 362_1074_48969 1074 1

			Align 56: 364295 365368 362_1074_48969 1074 1
				Gap between this and next alignment: 365368 to 366084 (715 bp)
				Next Alignment: 366084 366737 529_654_26609 654 1

			Align 57: 366084 366737 529_654_26609 654 1
				Gap between this and next alignment: 366737 to 367164 (426 bp)
				Next Alignment: 367164 368049 412_886_37130 1 886

			Align 58: 367164 368049 412_886_37130 1 886
				Gap between this and next alignment: 368049 to 368052 (2 bp)
				Next Alignment: 368052 369263 688_1212_62242 1 1212

			Align 59: 368052 369263 688_1212_62242 1 1212
				Negative gap (overlap) between this and next alignment: 369263 to 369209 (-54 bp)
				Next Alignment: 369209 370590 712_1382_47218 1 1382

			Previous gap was negative, modifying coordinates to ignore overlap
				Moving contig start from 1 to 56.
			Align 60: 369264 370590 712_1382_47218 56 1382
				Gap between this and next alignment: 370590 to 396271 (25680 bp)
				Next Alignment: 396271 398066 543_1796_40364 1796 1

			Align 61: 396271 398066 543_1796_40364 1796 1
				Gap between this and next alignment: 398066 to 399189 (1122 bp)
				Next Alignment: 399189 399941 536_753_31379 753 1

			Align 62: 399189 399941 536_753_31379 753 1
				Gap between this and next alignment: 399941 to 400437 (495 bp)
				Next Alignment: 400437 401306 411_870_18287 1 870

			Align 63: 400437 401306 411_870_18287 1 870
				Gap between this and next alignment: 401306 to 402418 (1111 bp)
				Next Alignment: 402418 404140 226_1724_50148 1724 1

			Align 64: 402418 404140 226_1724_50148 1724 1
				Gap between this and next alignment: 404140 to 404235 (94 bp)
				Next Alignment: 404235 407257 427_3023_90614 1 3023

			Align 65: 404235 407257 427_3023_90614 1 3023
				Gap between this and next alignment: 407257 to 407550 (292 bp)
				Next Alignment: 407550 410661 335_3112_97462 1 3112

			Align 66: 407550 410661 335_3112_97462 1 3112
				Negative gap (overlap) between this and next alignment: 410661 to 410618 (-43 bp)
				Next Alignment: 410618 411745 23_1128_44651 1128 1

			Previous gap was negative, modifying coordinates to ignore overlap
				Moving contig start from 1128 to 1084.
			Align 67: 410662 411745 23_1128_44651 1084 1
				Gap between this and next alignment: 411745 to 414783 (3037 bp)
				Next Alignment: 414783 416516 694_1734_63925 1 1734

			Align 68: 414783 416516 694_1734_63925 1 1734
				Gap between this and next alignment: 416516 to 418435 (1918 bp)
				Next Alignment: 418435 419340 163_906_31802 1 906

			Align 69: 418435 419340 163_906_31802 1 906
				Gap between this and next alignment: 419340 to 419825 (484 bp)
				Next Alignment: 419825 420596 631_772_29597 772 1

			Align 70: 419825 420596 631_772_29597 772 1
				Negative gap (overlap) between this and next alignment: 420596 to 420546 (-50 bp)
				Next Alignment: 420546 421170 131_625_20195 625 1

			Previous gap was negative, modifying coordinates to ignore overlap
				Moving contig start from 625 to 574.
			Align 71: 420597 421170 131_625_20195 574 1
				Negative gap (overlap) between this and next alignment: 421170 to 421125 (-45 bp)
				Next Alignment: 421125 421671 593_547_15794 547 1

			Previous gap was negative, modifying coordinates to ignore overlap
				Moving contig start from 547 to 501.
			Align 72: 421171 421671 593_547_15794 501 1
				Gap between this and next alignment: 421671 to 422706 (1034 bp)
				Next Alignment: 422706 423517 656_812_23466 812 1

			Align 73: 422706 423517 656_812_23466 812 1
				Negative gap (overlap) between this and next alignment: 423517 to 423465 (-52 bp)
				Next Alignment: 423465 424457 305_993_26225 993 1

			Previous gap was negative, modifying coordinates to ignore overlap
				Moving contig start from 993 to 940.
			Align 74: 423518 424457 305_993_26225 940 1
				Negative gap (overlap) between this and next alignment: 424457 to 424398 (-59 bp)
				Next Alignment: 424398 425504 542_1107_45900 1107 1

			Previous gap was negative, modifying coordinates to ignore overlap
				Moving contig start from 1107 to 1047.
			Align 75: 424458 425504 542_1107_45900 1047 1
				Negative gap (overlap) between this and next alignment: 425504 to 425449 (-55 bp)
				Next Alignment: 425449 427388 135_1940_61111 1 1940

			Previous gap was negative, modifying coordinates to ignore overlap
				Moving contig start from 1 to 57.
			Align 76: 425505 427388 135_1940_61111 57 1940
				Negative gap (overlap) between this and next alignment: 427388 to 427367 (-21 bp)
				Next Alignment: 427367 427928 533_562_17127 562 1

			Previous gap was negative, modifying coordinates to ignore overlap
				Moving contig start from 562 to 540.
			Align 77: 427389 427928 533_562_17127 540 1
				Gap between this and next alignment: 427928 to 429113 (1184 bp)
				Next Alignment: 429113 430906 308_1794_67574 1794 1

			Align 78: 429113 430906 308_1794_67574 1794 1
				Negative gap (overlap) between this and next alignment: 430906 to 430875 (-31 bp)
				Next Alignment: 430875 431883 59_1009_34161 1009 1

			Previous gap was negative, modifying coordinates to ignore overlap
				Moving contig start from 1009 to 977.
			Align 79: 430907 431883 59_1009_34161 977 1
				Gap between this and next alignment: 431883 to 432423 (539 bp)
				Next Alignment: 432423 432952 18_530_17821 1 530

			Align 80: 432423 432952 18_530_17821 1 530
				Gap between this and next alignment: 432952 to 433711 (758 bp)
				Next Alignment: 433711 434360 762_650_16779 650 1

			Align 81: 433711 434360 762_650_16779 650 1
				Gap between this and next alignment: 434360 to 436582 (2221 bp)
				Next Alignment: 436582 456891 338_20310_821738 1 20310

			Align 82: 436582 456891 338_20310_821738 1 20310
				Negative gap (overlap) between this and next alignment: 456891 to 456850 (-41 bp)
				Next Alignment: 456850 494945 102_38096_1479541 38096 1

			Previous gap was negative, modifying coordinates to ignore overlap
				Moving contig start from 38096 to 38054.
			Align 83: 456892 494945 102_38096_1479541 38054 1
				Negative gap (overlap) between this and next alignment: 494945 to 494897 (-48 bp)
				Next Alignment: 494897 507997 228_13155_477750 1 13101

			Previous gap was negative, modifying coordinates to ignore overlap
				Moving contig start from 1 to 50.
			Align 84: 494946 507997 228_13155_477750 50 13101
				Gap between this and next alignment: 507997 to 508068 (70 bp)
				Next Alignment: 508068 516469 428_8402_264620 1 8402

			Align 85: 508068 516469 428_8402_264620 1 8402
				Gap between this and next alignment: 516469 to 517169 (699 bp)
				Next Alignment: 517169 557037 553_39868_1547981 1 39868

			Align 86: 517169 557037 553_39868_1547981 1 39868
				Negative gap (overlap) between this and next alignment: 557037 to 556980 (-57 bp)
				Next Alignment: 556980 558258 363_1279_50723 1279 1

			Previous gap was negative, modifying coordinates to ignore overlap
				Moving contig start from 1279 to 1221.
			Align 87: 557038 558258 363_1279_50723 1221 1
				Negative gap (overlap) between this and next alignment: 558258 to 558197 (-61 bp)
				Next Alignment: 558197 559473 781_1277_74649_269-_360-_457- 1277 1

			Previous gap was negative, modifying coordinates to ignore overlap
				Moving contig start from 1277 to 1215.
			Align 88: 558259 559473 781_1277_74649_269-_360-_457- 1215 1
				Negative gap (overlap) between this and next alignment: 559473 to 559412 (-61 bp)
				Next Alignment: 559412 563922 215_4511_179005 4511 1

			Previous gap was negative, modifying coordinates to ignore overlap
				Moving contig start from 4511 to 4449.
			Align 89: 559474 563922 215_4511_179005 4449 1
				Gap between this and next alignment: 563922 to 565499 (1576 bp)
				Next Alignment: 565499 630183 34_64686_2449166 64686 1

			Align 90: 565499 630183 34_64686_2449166 64686 1
				Gap between this and next alignment: 630183 to 630484 (300 bp)
				Next Alignment: 630484 638689 177_8208_310325 1 8208

			Align 91: 630484 638689 177_8208_310325 1 8208
				Negative gap (overlap) between this and next alignment: 638689 to 638650 (-39 bp)
				Next Alignment: 638650 699622 104_60973_2325895 1 60973

			Previous gap was negative, modifying coordinates to ignore overlap
				Moving contig start from 1 to 41.
			Align 92: 638690 699622 104_60973_2325895 41 60973
				Gap between this and next alignment: 699622 to 699687 (64 bp)
				Next Alignment: 699687 704842 379_5156_221949 5156 1

			Align 93: 699687 704842 379_5156_221949 5156 1
				Negative gap (overlap) between this and next alignment: 704842 to 704796 (-46 bp)
				Next Alignment: 704796 735823 552_31028_1288724 31028 1

			Previous gap was negative, modifying coordinates to ignore overlap
				Moving contig start from 31028 to 30981.
			Align 94: 704843 735823 552_31028_1288724 30981 1
				Gap between this and next alignment: 735823 to 736961 (1137 bp)
				Next Alignment: 736961 829805 341_92848_3777942 92848 1

			Align 95: 736961 829805 341_92848_3777942 92848 1
				Gap between this and next alignment: 829805 to 829940 (134 bp)
				Next Alignment: 829940 878570 33_48632_1941271 48632 1

			Align 96: 829940 878570 33_48632_1941271 48632 1
				Gap between this and next alignment: 878570 to 878578 (7 bp)
				Next Alignment: 878578 962037 731_83460_3664111 1 83460

			Align 97: 878578 962037 731_83460_3664111 1 83460
				Negative gap (overlap) between this and next alignment: 962037 to 962028 (-9 bp)
				Next Alignment: 962028 1072315 558_111096_4887649 1 110288

			Previous gap was negative, modifying coordinates to ignore overlap
				Moving contig start from 1 to 11.
			Align 98: 962038 1072315 558_111096_4887649 11 110288
			END in current alignment.  Modifying 1072315 to 1072315.

Analysis is finished!
Founded SNPs were written into /usit/invitro/data/galaxy/master/sabbai/galaxy-dist/database/job_working_directory/000/431/dataset_432_files/contigs_reports/nucmer_output/abyss.used_snps

Results:
	Local Misassemblies: 0
	Misassemblies: 1
		Relocations: 1
		Translocations: 0
		Inversions: 0
	Misassembled Contigs: 1
	Misassembled Contig Bases: 8436
	Misassmblies Inter-Contig Overlap: 9
Uncovered Regions: 0 (0)
Unaligned Contigs: 99 + 0 part
Partially Unaligned Contigs with Misassemblies: 0
Unaligned Contig Bases: 2895073

Ambiguously Mapped Contigs: 7
Total Bases in Ambiguously Mapped Contigs: 6554
Note that --allow-ambiguity option was set to "one" and only first alignment per each contig was used.

	Covered Bases: 1007186

	SNPs: 119
	Insertions: 28
	Deletions: 23

	Positive Gaps: 61
		Internal Gaps:  1
		External Gaps:  60
		External Gap Total:  63762
		External Gap Average: 1063
	Negative Gaps: 36
		Internal Overlaps:  0
		External Overlaps:  36
		External Overlaps Total: -1631
		External Overlaps Average: -45
	Contigs with Redundant Alignments: 0 (0)
