Aligning contigs to reference...
	Running Nucmer...
Parsing coords...
Loading Assembly...
Loading reference...
	Loaded [gi|44004339|ref|NC_005707.1|_Bacillus_cereus_ATCC_10987_plasmid_pBc10987__complete_sequence]
Loading SNPs...
Loading regions...
	No regions given, using whole reference.
	Total Regions: 1
	Total Region Length: 208369
Analyzing contigs...
CONTIG: NODE_49870_length_10773_cov_51.3696 (10773bp)
		This contig is unaligned. (10773 bp)
		Unaligned bases: 10773  total: 10773

CONTIG: NODE_50072_length_143035_cov_62.4808 (143035bp)
		This contig is unaligned. (143035 bp)
		Unaligned bases: 143035  total: 153808

CONTIG: NODE_49975_length_531_cov_13.8879 (531bp)
		This contig is unaligned. (531 bp)
		Unaligned bases: 531  total: 154339

CONTIG: NODE_50026_length_1130_cov_7.93876 (1130bp)
Top Length: 1130  Top ID: 100.0
		Marking as insignificant: 4463 4527 | 1130 1066 | 65 65 | 100.0 | gi|44004339|ref|NC_005707.1|_Bacillus_cereus_ATCC_10987_plasmid_pBc10987__complete_sequence NODE_50026_length_1130_cov_7.93876
		Marking as insignificant: 4691 4778 | 1064 977 | 88 88 | 95.45 | gi|44004339|ref|NC_005707.1|_Bacillus_cereus_ATCC_10987_plasmid_pBc10987__complete_sequence NODE_50026_length_1130_cov_7.93876
		One align captures most of this contig: 4805 5934 | 1130 1 | 1130 1130 | 100.0 | gi|44004339|ref|NC_005707.1|_Bacillus_cereus_ATCC_10987_plasmid_pBc10987__complete_sequence NODE_50026_length_1130_cov_7.93876

CONTIG: NODE_49841_length_13800_cov_59.71 (13800bp)
		This contig is unaligned. (13800 bp)
		Unaligned bases: 13800  total: 168139

CONTIG: NODE_50044_length_9486_cov_36.9903 (9486bp)
		This contig is unaligned. (9486 bp)
		Unaligned bases: 9486  total: 177625

CONTIG: NODE_49867_length_27072_cov_59.7146 (27072bp)
		This contig is unaligned. (27072 bp)
		Unaligned bases: 27072  total: 204697

CONTIG: NODE_49936_length_15945_cov_61.539 (15945bp)
		This contig is unaligned. (15945 bp)
		Unaligned bases: 15945  total: 220642

CONTIG: NODE_50073_length_44297_cov_45.11 (44297bp)
Top Length: 85  Top ID: 100.0
		This contig is partially unaligned. (85 out of 44297)
		Alignment: 5850 5934 | 44297 44213 | 85 85 | 100.0 | gi|44004339|ref|NC_005707.1|_Bacillus_cereus_ATCC_10987_plasmid_pBc10987__complete_sequence NODE_50073_length_44297_cov_45.11
		Unaligned bases: 1 to 44212 (44212)

CONTIG: NODE_50087_length_46136_cov_36.2941 (46136bp)
Top Length: 45074  Top ID: 99.89
		Skipping redundant alignment 81384 81586 | 13214 13416 | 203 203 | 97.04 | gi|44004339|ref|NC_005707.1|_Bacillus_cereus_ATCC_10987_plasmid_pBc10987__complete_sequence NODE_50087_length_46136_cov_36.2941
		Skipping redundant alignment 83134 83336 | 13215 13416 | 203 202 | 96.55 | gi|44004339|ref|NC_005707.1|_Bacillus_cereus_ATCC_10987_plasmid_pBc10987__complete_sequence NODE_50087_length_46136_cov_36.2941
		Skipping redundant alignment 108252 108454 | 13216 13416 | 203 201 | 95.57 | gi|44004339|ref|NC_005707.1|_Bacillus_cereus_ATCC_10987_plasmid_pBc10987__complete_sequence NODE_50087_length_46136_cov_36.2941
		This contig is misassembled. 5 total aligns.
			Real Alignment 1: 5850 17017 | 46136 34969 | 11168 11168 | 99.95 | gi|44004339|ref|NC_005707.1|_Bacillus_cereus_ATCC_10987_plasmid_pBc10987__complete_sequence NODE_50087_length_46136_cov_36.2941
			  Gap between these two alignments (local misassembly). Inconsistency = 0
			Real Alignment 2: 6912 52030 | 45074 1 | 45119 45074 | 99.89 | gi|44004339|ref|NC_005707.1|_Bacillus_cereus_ATCC_10987_plasmid_pBc10987__complete_sequence NODE_50087_length_46136_cov_36.2941

CONTIG: NODE_50055_length_237967_cov_59.7797 (237967bp)
		This contig is unaligned. (237967 bp)
		Unaligned bases: 237967  total: 458609

CONTIG: NODE_50029_length_1276_cov_8.24181 (1276bp)
Top Length: 1276  Top ID: 95.79
		Marking as insignificant: 4691 4778 | 1064 977 | 88 88 | 95.45 | gi|44004339|ref|NC_005707.1|_Bacillus_cereus_ATCC_10987_plasmid_pBc10987__complete_sequence NODE_50029_length_1276_cov_8.24181
		One align captures most of this contig: 4605 5934 | 1276 1 | 1330 1276 | 95.79 | gi|44004339|ref|NC_005707.1|_Bacillus_cereus_ATCC_10987_plasmid_pBc10987__complete_sequence NODE_50029_length_1276_cov_8.24181

CONTIG: NODE_49993_length_2337_cov_73.2069 (2337bp)
		This contig is unaligned. (2337 bp)
		Unaligned bases: 2337  total: 460946

CONTIG: NODE_50028_length_1130_cov_6.95502 (1130bp)
Top Length: 1130  Top ID: 100.0
		Marking as insignificant: 4463 4527 | 1130 1066 | 65 65 | 100.0 | gi|44004339|ref|NC_005707.1|_Bacillus_cereus_ATCC_10987_plasmid_pBc10987__complete_sequence NODE_50028_length_1130_cov_6.95502
		Marking as insignificant: 4691 4778 | 1064 977 | 88 88 | 95.45 | gi|44004339|ref|NC_005707.1|_Bacillus_cereus_ATCC_10987_plasmid_pBc10987__complete_sequence NODE_50028_length_1130_cov_6.95502
		One align captures most of this contig: 4805 5934 | 1130 1 | 1130 1130 | 100.0 | gi|44004339|ref|NC_005707.1|_Bacillus_cereus_ATCC_10987_plasmid_pBc10987__complete_sequence NODE_50028_length_1130_cov_6.95502

CONTIG: NODE_49953_length_8552_cov_47.2483 (8552bp)
		This contig is unaligned. (8552 bp)
		Unaligned bases: 8552  total: 469498

CONTIG: NODE_49950_length_14983_cov_66.7696 (14983bp)
		This contig is unaligned. (14983 bp)
		Unaligned bases: 14983  total: 484481

CONTIG: NODE_50080_length_175012_cov_50.7606 (175012bp)
		This contig is unaligned. (175012 bp)
		Unaligned bases: 175012  total: 659493

CONTIG: NODE_49859_length_45324_cov_56.6748 (45324bp)
		This contig is unaligned. (45324 bp)
		Unaligned bases: 45324  total: 704817

CONTIG: NODE_49853_length_34493_cov_58.2405 (34493bp)
		This contig is unaligned. (34493 bp)
		Unaligned bases: 34493  total: 739310

CONTIG: NODE_49933_length_2557_cov_0.988269 (2557bp)
		This contig is unaligned. (2557 bp)
		Unaligned bases: 2557  total: 741867

CONTIG: NODE_50005_length_909_cov_3.32767 (909bp)
		This contig is unaligned. (909 bp)
		Unaligned bases: 909  total: 742776

CONTIG: NODE_49891_length_22879_cov_56.3419 (22879bp)
		This contig is unaligned. (22879 bp)
		Unaligned bases: 22879  total: 765655

CONTIG: NODE_49927_length_765_cov_6.9 (765bp)
		This contig is unaligned. (765 bp)
		Unaligned bases: 765  total: 766420

CONTIG: NODE_49957_length_2438_cov_57.5682 (2438bp)
		This contig is unaligned. (2438 bp)
		Unaligned bases: 2438  total: 768858

CONTIG: NODE_50017_length_60216_cov_53.6366 (60216bp)
		This contig is unaligned. (60216 bp)
		Unaligned bases: 60216  total: 829074

CONTIG: NODE_49875_length_21083_cov_44.5278 (21083bp)
		This contig is unaligned. (21083 bp)
		Unaligned bases: 21083  total: 850157

CONTIG: NODE_50046_length_166790_cov_50.557 (166790bp)
		This contig is unaligned. (166790 bp)
		Unaligned bases: 166790  total: 1016947

CONTIG: NODE_49958_length_3253_cov_55.5297 (3253bp)
		This contig is unaligned. (3253 bp)
		Unaligned bases: 3253  total: 1020200

CONTIG: NODE_49982_length_36106_cov_61.0295 (36106bp)
		This contig is unaligned. (36106 bp)
		Unaligned bases: 36106  total: 1056306

CONTIG: NODE_49808_length_19797_cov_39.4848 (19797bp)
		This contig is unaligned. (19797 bp)
		Unaligned bases: 19797  total: 1076103

CONTIG: NODE_50004_length_828_cov_11.2113 (828bp)
		This contig is unaligned. (828 bp)
		Unaligned bases: 828  total: 1076931

CONTIG: NODE_50054_length_99491_cov_46.2146 (99491bp)
Top Length: 101  Top ID: 97.03
		This contig is partially unaligned. (101 out of 99491)
		Alignment: 77073 77173 | 1 101 | 101 101 | 97.03 | gi|44004339|ref|NC_005707.1|_Bacillus_cereus_ATCC_10987_plasmid_pBc10987__complete_sequence NODE_50054_length_99491_cov_46.2146
		Unaligned bases: 102 to 99491 (99390)

CONTIG: NODE_49988_length_782_cov_23.6514 (782bp)
		This contig is unaligned. (782 bp)
		Unaligned bases: 782  total: 1077713

CONTIG: NODE_50081_length_346945_cov_45.7164 (346945bp)
		This contig is unaligned. (346945 bp)
		Unaligned bases: 346945  total: 1424658

CONTIG: NODE_49974_length_531_cov_40.9126 (531bp)
		This contig is unaligned. (531 bp)
		Unaligned bases: 531  total: 1425189

CONTIG: NODE_49829_length_49731_cov_51.5411 (49731bp)
		This contig is unaligned. (49731 bp)
		Unaligned bases: 49731  total: 1474920

CONTIG: NODE_49831_length_18479_cov_58.4373 (18479bp)
		This contig is unaligned. (18479 bp)
		Unaligned bases: 18479  total: 1493399

CONTIG: NODE_49794_length_11938_cov_52.4676 (11938bp)
		This contig is unaligned. (11938 bp)
		Unaligned bases: 11938  total: 1505337

CONTIG: NODE_50056_length_77269_cov_56.6799 (77269bp)
		This contig is unaligned. (77269 bp)
		Unaligned bases: 77269  total: 1582606

CONTIG: NODE_50074_length_139524_cov_45.9696 (139524bp)
Top Length: 2377  Top ID: 99.96
		This contig is partially unaligned. (2377 out of 139524)
		Alignment: 74781 77157 | 2377 1 | 2377 2377 | 99.96 | gi|44004339|ref|NC_005707.1|_Bacillus_cereus_ATCC_10987_plasmid_pBc10987__complete_sequence NODE_50074_length_139524_cov_45.9696
		Unaligned bases: 2378 to 139524 (137147)
		This contig has both significant aligned and unaligned parts (of length >= min-contig)!

CONTIG: NODE_49861_length_5306_cov_47.8659 (5306bp)
		This contig is unaligned. (5306 bp)
		Unaligned bases: 5306  total: 1587912

CONTIG: NODE_49926_length_1116_cov_32.7061 (1116bp)
Top Length: 1116  Top ID: 100.0
		Marking as insignificant: 4640 4778 | 1115 977 | 139 139 | 95.68 | gi|44004339|ref|NC_005707.1|_Bacillus_cereus_ATCC_10987_plasmid_pBc10987__complete_sequence NODE_49926_length_1116_cov_32.7061
		One align captures most of this contig: 4819 5934 | 1116 1 | 1116 1116 | 100.0 | gi|44004339|ref|NC_005707.1|_Bacillus_cereus_ATCC_10987_plasmid_pBc10987__complete_sequence NODE_49926_length_1116_cov_32.7061

CONTIG: NODE_50082_length_121339_cov_58.6752 (121339bp)
		This contig is unaligned. (121339 bp)
		Unaligned bases: 121339  total: 1709251

CONTIG: NODE_49848_length_129024_cov_48.6254 (129024bp)
		This contig is unaligned. (129024 bp)
		Unaligned bases: 129024  total: 1838275

CONTIG: NODE_49850_length_82286_cov_46.8473 (82286bp)
		This contig is unaligned. (82286 bp)
		Unaligned bases: 82286  total: 1920561

CONTIG: NODE_49830_length_57869_cov_43.3789 (57869bp)
		This contig is unaligned. (57869 bp)
		Unaligned bases: 57869  total: 1978430

CONTIG: NODE_49872_length_86775_cov_42.5066 (86775bp)
		This contig is unaligned. (86775 bp)
		Unaligned bases: 86775  total: 2065205

CONTIG: NODE_49797_length_41869_cov_40.7019 (41869bp)
		This contig is unaligned. (41869 bp)
		Unaligned bases: 41869  total: 2107074

CONTIG: NODE_50089_length_50859_cov_58.6691 (50859bp)
		This contig is unaligned. (50859 bp)
		Unaligned bases: 50859  total: 2157933

CONTIG: NODE_50086_length_20417_cov_58.0735 (20417bp)
		This contig is unaligned. (20417 bp)
		Unaligned bases: 20417  total: 2178350

CONTIG: NODE_50063_length_192607_cov_50.3231 (192607bp)
Top Length: 2885  Top ID: 100.0
		This contig is partially unaligned. (2885 out of 192607)
		Alignment: 109195 112079 | 1 2885 | 2885 2885 | 100.0 | gi|44004339|ref|NC_005707.1|_Bacillus_cereus_ATCC_10987_plasmid_pBc10987__complete_sequence NODE_50063_length_192607_cov_50.3231
		Unaligned bases: 2886 to 192607 (189722)
		This contig has both significant aligned and unaligned parts (of length >= min-contig)!

CONTIG: NODE_49925_length_598_cov_34.9474 (598bp)
		This contig is unaligned. (598 bp)
		Unaligned bases: 598  total: 2178948

CONTIG: NODE_50079_length_103691_cov_61.0065 (103691bp)
		This contig is unaligned. (103691 bp)
		Unaligned bases: 103691  total: 2282639

CONTIG: NODE_49932_length_2557_cov_31.5449 (2557bp)
		This contig is unaligned. (2557 bp)
		Unaligned bases: 2557  total: 2285196

CONTIG: NODE_49793_length_2032_cov_56.2131 (2032bp)
		This contig is unaligned. (2032 bp)
		Unaligned bases: 2032  total: 2287228

CONTIG: NODE_50047_length_74994_cov_43.3491 (74994bp)
		This contig is unaligned. (74994 bp)
		Unaligned bases: 74994  total: 2362222

CONTIG: NODE_50064_length_3974_cov_260.082 (3974bp)
		This contig is unaligned. (3974 bp)
		Unaligned bases: 3974  total: 2366196

CONTIG: NODE_49976_length_622_cov_71.1173 (622bp)
		This contig is unaligned. (622 bp)
		Unaligned bases: 622  total: 2366818

CONTIG: NODE_49862_length_85066_cov_40.0963 (85066bp)
		This contig is unaligned. (85066 bp)
		Unaligned bases: 85066  total: 2451884

CONTIG: NODE_49938_length_30575_cov_56.9538 (30575bp)
		This contig is unaligned. (30575 bp)
		Unaligned bases: 30575  total: 2482459

CONTIG: NODE_50008_length_3666_cov_37.1276 (3666bp)
Top Length: 3666  Top ID: 100.0
		Marking as insignificant: 55703 55803 | 101 1 | 101 101 | 99.01 | gi|44004339|ref|NC_005707.1|_Bacillus_cereus_ATCC_10987_plasmid_pBc10987__complete_sequence NODE_50008_length_3666_cov_37.1276
		One align captures most of this contig: 51946 55611 | 3666 1 | 3666 3666 | 100.0 | gi|44004339|ref|NC_005707.1|_Bacillus_cereus_ATCC_10987_plasmid_pBc10987__complete_sequence NODE_50008_length_3666_cov_37.1276

CONTIG: NODE_49881_length_61279_cov_57.9852 (61279bp)
		This contig is unaligned. (61279 bp)
		Unaligned bases: 61279  total: 2543738

CONTIG: NODE_49689_length_501_cov_0.915865 (501bp)
		This contig is unaligned. (501 bp)
		Unaligned bases: 501  total: 2544239

CONTIG: NODE_50024_length_1130_cov_3.10144 (1130bp)
Top Length: 1130  Top ID: 99.47
		Marking as insignificant: 4463 4566 | 1130 1027 | 104 104 | 98.08 | gi|44004339|ref|NC_005707.1|_Bacillus_cereus_ATCC_10987_plasmid_pBc10987__complete_sequence NODE_50024_length_1130_cov_3.10144
		One align captures most of this contig: 4805 5934 | 1130 1 | 1130 1130 | 99.47 | gi|44004339|ref|NC_005707.1|_Bacillus_cereus_ATCC_10987_plasmid_pBc10987__complete_sequence NODE_50024_length_1130_cov_3.10144

CONTIG: NODE_49965_length_64958_cov_40.2076 (64958bp)
		This contig is unaligned. (64958 bp)
		Unaligned bases: 64958  total: 2609197

CONTIG: NODE_49955_length_4528_cov_55.0266 (4528bp)
		This contig is unaligned. (4528 bp)
		Unaligned bases: 4528  total: 2613725

CONTIG: NODE_50039_length_21416_cov_35.8618 (21416bp)
Top Length: 21416  Top ID: 99.98
		One align captures most of this contig: 55742 77157 | 21416 1 | 21416 21416 | 99.98 | gi|44004339|ref|NC_005707.1|_Bacillus_cereus_ATCC_10987_plasmid_pBc10987__complete_sequence NODE_50039_length_21416_cov_35.8618

CONTIG: NODE_49871_length_736_cov_894.71 (736bp)
		This contig is unaligned. (736 bp)
		Unaligned bases: 736  total: 2614461

CONTIG: NODE_50049_length_103456_cov_35.5013 (103456bp)
Top Length: 80121  Top ID: 99.98
		This contig is misassembled. 3 total aligns.
			Real Alignment 2: 109195 189312 | 103456 23336 | 80118 80121 | 99.98 | gi|44004339|ref|NC_005707.1|_Bacillus_cereus_ATCC_10987_plasmid_pBc10987__complete_sequence NODE_50049_length_103456_cov_35.5013
			  Overlap between these two alignments (local misassembly). Inconsistency = -189
			Real Alignment 3: 188932 208369 | 23527 4087 | 19438 19441 | 99.94 | gi|44004339|ref|NC_005707.1|_Bacillus_cereus_ATCC_10987_plasmid_pBc10987__complete_sequence NODE_50049_length_103456_cov_35.5013
			  Fake misassembly (caused by linear representation of circular genome) between these two alignments
			Real Alignment 1: 1 4527 | 4527 1 | 4527 4527 | 100.0 | gi|44004339|ref|NC_005707.1|_Bacillus_cereus_ATCC_10987_plasmid_pBc10987__complete_sequence NODE_50049_length_103456_cov_35.5013

CONTIG: NODE_50065_length_3747_cov_774.133 (3747bp)
		This contig is unaligned. (3747 bp)
		Unaligned bases: 3747  total: 2618208

CONTIG: NODE_50006_length_25810_cov_39.1099 (25810bp)
		This contig is unaligned. (25810 bp)
		Unaligned bases: 25810  total: 2644018

CONTIG: NODE_50070_length_78182_cov_56.9337 (78182bp)
		This contig is unaligned. (78182 bp)
		Unaligned bases: 78182  total: 2722200

CONTIG: NODE_49874_length_168918_cov_53.3065 (168918bp)
		This contig is unaligned. (168918 bp)
		Unaligned bases: 168918  total: 2891118

CONTIG: NODE_49866_length_1261_cov_57.7075 (1261bp)
		This contig is unaligned. (1261 bp)
		Unaligned bases: 1261  total: 2892379

CONTIG: NODE_49880_length_10172_cov_51.7659 (10172bp)
Top Length: 89  Top ID: 98.88
		This contig is partially unaligned. (89 out of 10172)
		Alignment: 109191 109279 | 10084 10172 | 89 89 | 98.88 | gi|44004339|ref|NC_005707.1|_Bacillus_cereus_ATCC_10987_plasmid_pBc10987__complete_sequence NODE_49880_length_10172_cov_51.7659
		Unaligned bases: 1 to 10083 (10083)

CONTIG: NODE_49791_length_16620_cov_42.6806 (16620bp)
		This contig is unaligned. (16620 bp)
		Unaligned bases: 16620  total: 2908999

CONTIG: NODE_50053_length_39347_cov_57.8088 (39347bp)
		This contig is unaligned. (39347 bp)
		Unaligned bases: 39347  total: 2948346

CONTIG: NODE_50071_length_208601_cov_54.6384 (208601bp)
		This contig is unaligned. (208601 bp)
		Unaligned bases: 208601  total: 3156947

CONTIG: NODE_50015_length_1773_cov_38.3632 (1773bp)
		This contig is unaligned. (1773 bp)
		Unaligned bases: 1773  total: 3158720

CONTIG: NODE_50059_length_31649_cov_49.3899 (31649bp)
		This contig is unaligned. (31649 bp)
		Unaligned bases: 31649  total: 3190369

CONTIG: NODE_50058_length_67954_cov_56.2438 (67954bp)
		This contig is unaligned. (67954 bp)
		Unaligned bases: 67954  total: 3258323

CONTIG: NODE_50027_length_1130_cov_8.73493 (1130bp)
Top Length: 1130  Top ID: 100.0
		Marking as insignificant: 4463 4527 | 1130 1066 | 65 65 | 100.0 | gi|44004339|ref|NC_005707.1|_Bacillus_cereus_ATCC_10987_plasmid_pBc10987__complete_sequence NODE_50027_length_1130_cov_8.73493
		Marking as insignificant: 4691 4778 | 1064 977 | 88 88 | 95.45 | gi|44004339|ref|NC_005707.1|_Bacillus_cereus_ATCC_10987_plasmid_pBc10987__complete_sequence NODE_50027_length_1130_cov_8.73493
		One align captures most of this contig: 4805 5934 | 1130 1 | 1130 1130 | 100.0 | gi|44004339|ref|NC_005707.1|_Bacillus_cereus_ATCC_10987_plasmid_pBc10987__complete_sequence NODE_50027_length_1130_cov_8.73493

CONTIG: NODE_50016_length_1767_cov_50.0119 (1767bp)
		This contig is unaligned. (1767 bp)
		Unaligned bases: 1767  total: 3260090

CONTIG: NODE_50045_length_55028_cov_53.4995 (55028bp)
		This contig is unaligned. (55028 bp)
		Unaligned bases: 55028  total: 3315118

CONTIG: NODE_49998_length_92723_cov_59.5495 (92723bp)
		This contig is unaligned. (92723 bp)
		Unaligned bases: 92723  total: 3407841

CONTIG: NODE_49784_length_14394_cov_40.995 (14394bp)
		This contig is unaligned. (14394 bp)
		Unaligned bases: 14394  total: 3422235

CONTIG: NODE_50012_length_19608_cov_46.7596 (19608bp)
		This contig is unaligned. (19608 bp)
		Unaligned bases: 19608  total: 3441843

CONTIG: NODE_50076_length_129313_cov_51.0603 (129313bp)
		This contig is unaligned. (129313 bp)
		Unaligned bases: 129313  total: 3571156

CONTIG: NODE_50011_length_871_cov_102.238 (871bp)
		This contig is unaligned. (871 bp)
		Unaligned bases: 871  total: 3572027

CONTIG: NODE_49983_length_3796_cov_59.536 (3796bp)
		This contig is unaligned. (3796 bp)
		Unaligned bases: 3796  total: 3575823

CONTIG: NODE_50048_length_121830_cov_57.4169 (121830bp)
		This contig is unaligned. (121830 bp)
		Unaligned bases: 121830  total: 3697653

CONTIG: NODE_50025_length_1130_cov_9.11962 (1130bp)
Top Length: 1130  Top ID: 100.0
		Marking as insignificant: 4463 4527 | 1130 1066 | 65 65 | 100.0 | gi|44004339|ref|NC_005707.1|_Bacillus_cereus_ATCC_10987_plasmid_pBc10987__complete_sequence NODE_50025_length_1130_cov_9.11962
		Marking as insignificant: 4691 4778 | 1064 977 | 88 88 | 95.45 | gi|44004339|ref|NC_005707.1|_Bacillus_cereus_ATCC_10987_plasmid_pBc10987__complete_sequence NODE_50025_length_1130_cov_9.11962
		One align captures most of this contig: 4805 5934 | 1130 1 | 1130 1130 | 100.0 | gi|44004339|ref|NC_005707.1|_Bacillus_cereus_ATCC_10987_plasmid_pBc10987__complete_sequence NODE_50025_length_1130_cov_9.11962

CONTIG: NODE_50083_length_106490_cov_56.6128 (106490bp)
		This contig is unaligned. (106490 bp)
		Unaligned bases: 106490  total: 3804143

CONTIG: NODE_49931_length_49449_cov_44.9711 (49449bp)
Top Length: 85  Top ID: 100.0
		This contig is partially unaligned. (85 out of 49449)
		Alignment: 207285 207369 | 85 1 | 85 85 | 100.0 | gi|44004339|ref|NC_005707.1|_Bacillus_cereus_ATCC_10987_plasmid_pBc10987__complete_sequence NODE_49931_length_49449_cov_44.9711
		Unaligned bases: 86 to 49449 (49364)

CONTIG: NODE_49943_length_22003_cov_68.4436 (22003bp)
		This contig is unaligned. (22003 bp)
		Unaligned bases: 22003  total: 3826146

CONTIG: NODE_50040_length_32207_cov_35.1759 (32207bp)
Top Length: 32207  Top ID: 99.98
		Marking as insignificant: 38615 38815 | 31382 31180 | 201 203 | 95.57 | gi|44004339|ref|NC_005707.1|_Bacillus_cereus_ATCC_10987_plasmid_pBc10987__complete_sequence NODE_50040_length_32207_cov_35.1759
		Marking as insignificant: 38615 38816 | 6264 6062 | 202 203 | 96.55 | gi|44004339|ref|NC_005707.1|_Bacillus_cereus_ATCC_10987_plasmid_pBc10987__complete_sequence NODE_50040_length_32207_cov_35.1759
		Marking as insignificant: 38615 38817 | 4514 4312 | 203 203 | 97.54 | gi|44004339|ref|NC_005707.1|_Bacillus_cereus_ATCC_10987_plasmid_pBc10987__complete_sequence NODE_50040_length_32207_cov_35.1759
		One align captures most of this contig: 77073 109279 | 1 32207 | 32207 32207 | 99.98 | gi|44004339|ref|NC_005707.1|_Bacillus_cereus_ATCC_10987_plasmid_pBc10987__complete_sequence NODE_50040_length_32207_cov_35.1759

CONTIG: NODE_49858_length_85331_cov_61.8639 (85331bp)
		This contig is unaligned. (85331 bp)
		Unaligned bases: 85331  total: 3911477

CONTIG: NODE_49944_length_54700_cov_70.1615 (54700bp)
		This contig is unaligned. (54700 bp)
		Unaligned bases: 54700  total: 3966177

CONTIG: NODE_49977_length_642_cov_11.6284 (642bp)
		This contig is unaligned. (642 bp)
		Unaligned bases: 642  total: 3966819

CONTIG: NODE_50051_length_25740_cov_52.5664 (25740bp)
Top Length: 85  Top ID: 100.0
		This contig is partially unaligned. (85 out of 25740)
		Alignment: 51946 52030 | 25740 25656 | 85 85 | 100.0 | gi|44004339|ref|NC_005707.1|_Bacillus_cereus_ATCC_10987_plasmid_pBc10987__complete_sequence NODE_50051_length_25740_cov_52.5664
		Unaligned bases: 1 to 25655 (25655)

CONTIG: NODE_50041_length_57468_cov_59.2698 (57468bp)
		This contig is unaligned. (57468 bp)
		Unaligned bases: 57468  total: 4024287

CONTIG: NODE_49849_length_77912_cov_54.0483 (77912bp)
		This contig is unaligned. (77912 bp)
		Unaligned bases: 77912  total: 4102199

CONTIG: NODE_49964_length_45089_cov_42.4504 (45089bp)
		This contig is unaligned. (45089 bp)
		Unaligned bases: 45089  total: 4147288

CONTIG: NODE_50050_length_19903_cov_49.6414 (19903bp)
		This contig is unaligned. (19903 bp)
		Unaligned bases: 19903  total: 4167191

CONTIG: NODE_49879_length_122253_cov_54.1925 (122253bp)
		This contig is unaligned. (122253 bp)
		Unaligned bases: 122253  total: 4289444

CONTIG: NODE_49937_length_735_cov_19.9646 (735bp)
		This contig is unaligned. (735 bp)
		Unaligned bases: 735  total: 4290179

CONTIG: NODE_50013_length_19015_cov_54.9508 (19015bp)
		This contig is unaligned. (19015 bp)
		Unaligned bases: 19015  total: 4309194

CONTIG: NODE_50077_length_76637_cov_51.3738 (76637bp)
Top Length: 1447  Top ID: 100.0
		This contig is partially unaligned. (1447 out of 76637)
		Alignment: 50584 52030 | 75191 76637 | 1447 1447 | 100.0 | gi|44004339|ref|NC_005707.1|_Bacillus_cereus_ATCC_10987_plasmid_pBc10987__complete_sequence NODE_50077_length_76637_cov_51.3738
		Unaligned bases: 1 to 75190 (75190)
		This contig has both significant aligned and unaligned parts (of length >= min-contig)!

CONTIG: NODE_49724_length_539_cov_39.1189 (539bp)
		This contig is unaligned. (539 bp)
		Unaligned bases: 539  total: 4309733

CONTIG: NODE_49790_length_6881_cov_42.3249 (6881bp)
		This contig is unaligned. (6881 bp)
		Unaligned bases: 6881  total: 4316614

CONTIG: NODE_50014_length_74471_cov_51.8086 (74471bp)
		This contig is unaligned. (74471 bp)
		Unaligned bases: 74471  total: 4391085

CONTIG: NODE_49949_length_46217_cov_62.369 (46217bp)
		This contig is unaligned. (46217 bp)
		Unaligned bases: 46217  total: 4437302

CONTIG: NODE_50057_length_105260_cov_52.4903 (105260bp)
		This contig is unaligned. (105260 bp)
		Unaligned bases: 105260  total: 4542562

Analyzing coverage...
Writing SNPs into /usit/invitro/data/galaxy/master/sabbai/galaxy-dist/database/job_working_directory/000/722/dataset_759_files/contigs_reports/nucmer_output/BC-M-Spades.used_snps
	Reference gi|44004339|ref|NC_005707.1|_Bacillus_cereus_ATCC_10987_plasmid_pBc10987__complete_sequence: 23 total alignments. 1 total regions.
		Region: 1 to 208369 (208369 bp)
			Align 1: 1 4527 NODE_50049_length_103456_cov_35.5013 4527 1
				Gap between this and next alignment: 4527 to 4605 (77 bp)
				Next Alignment: 4605 5934 NODE_50029_length_1276_cov_8.24181 1276 1

			Align 2: 4605 5934 NODE_50029_length_1276_cov_8.24181 1276 1
				The next alignment (4805 5934 NODE_50026_length_1130_cov_7.93876 1130 1) is redundant. Skipping.
				The next alignment (4805 5934 NODE_50028_length_1130_cov_6.95502 1130 1) is redundant. Skipping.
				The next alignment (4805 5934 NODE_50024_length_1130_cov_3.10144 1130 1) is redundant. Skipping.
				The next alignment (4805 5934 NODE_50027_length_1130_cov_8.73493 1130 1) is redundant. Skipping.
				The next alignment (4805 5934 NODE_50025_length_1130_cov_9.11962 1130 1) is redundant. Skipping.
				The next alignment (4819 5934 NODE_49926_length_1116_cov_32.7061 1116 1) is redundant. Skipping.
				The next alignment (5850 5934 NODE_50073_length_44297_cov_45.11 44297 44213) is redundant. Skipping.
				Negative gap (overlap) between this and next alignment: 5934 to 5850 (-84 bp)
				Next Alignment: 5850 17017 NODE_50087_length_46136_cov_36.2941 46136 34969

			Previous gap was negative, modifying coordinates to ignore overlap
				Moving contig start from 46136 to 46051.
			Align 10: 5935 17017 NODE_50087_length_46136_cov_36.2941 46051 34969
				Negative gap (overlap) between this and next alignment: 17017 to 6912 (-10105 bp)
				Next Alignment: 6912 52030 NODE_50087_length_46136_cov_36.2941 45074 1

			Previous gap was negative, modifying coordinates to ignore overlap
				Moving contig start from 45074 to 35013.
			Align 11: 17018 52030 NODE_50087_length_46136_cov_36.2941 35013 1
				The next alignment (50584 52030 NODE_50077_length_76637_cov_51.3738 75191 76637) is redundant. Skipping.
				Negative gap (overlap) between this and next alignment: 52030 to 51946 (-84 bp)
				Next Alignment: 51946 55611 NODE_50008_length_3666_cov_37.1276 3666 1

			Previous gap was negative, modifying coordinates to ignore overlap
				Moving contig start from 3666 to 3581.
			Align 13: 52031 55611 NODE_50008_length_3666_cov_37.1276 3581 1
				The next alignment (51946 52030 NODE_50051_length_25740_cov_52.5664 25740 25656) is redundant. Skipping.
				Gap between this and next alignment: 55611 to 55742 (130 bp)
				Next Alignment: 55742 77157 NODE_50039_length_21416_cov_35.8618 21416 1

			Align 15: 55742 77157 NODE_50039_length_21416_cov_35.8618 21416 1
				The next alignment (74781 77157 NODE_50074_length_139524_cov_45.9696 2377 1) is redundant. Skipping.
				Negative gap (overlap) between this and next alignment: 77157 to 77073 (-84 bp)
				Next Alignment: 77073 77173 NODE_50054_length_99491_cov_46.2146 1 101

			Previous gap was negative, modifying coordinates to ignore overlap
				Moving contig start from 1 to 86.
			Align 17: 77158 77173 NODE_50054_length_99491_cov_46.2146 86 101
				Negative gap (overlap) between this and next alignment: 77173 to 77073 (-100 bp)
				Next Alignment: 77073 109279 NODE_50040_length_32207_cov_35.1759 1 32207

			Previous gap was negative, modifying coordinates to ignore overlap
				Moving contig start from 1 to 102.
			Align 18: 77174 109279 NODE_50040_length_32207_cov_35.1759 102 32207
				The next alignment (109191 109279 NODE_49880_length_10172_cov_51.7659 10084 10172) is redundant. Skipping.
				Negative gap (overlap) between this and next alignment: 109279 to 109195 (-84 bp)
				Next Alignment: 109195 112079 NODE_50063_length_192607_cov_50.3231 1 2885

			Previous gap was negative, modifying coordinates to ignore overlap
				Moving contig start from 1 to 86.
			Align 20: 109280 112079 NODE_50063_length_192607_cov_50.3231 86 2885
				Negative gap (overlap) between this and next alignment: 112079 to 109195 (-2884 bp)
				Next Alignment: 109195 189312 NODE_50049_length_103456_cov_35.5013 103456 23336

			Previous gap was negative, modifying coordinates to ignore overlap
				Moving contig start from 103456 to 100571.
			Align 21: 112080 189312 NODE_50049_length_103456_cov_35.5013 100571 23336
				Negative gap (overlap) between this and next alignment: 189312 to 188932 (-380 bp)
				Next Alignment: 188932 208369 NODE_50049_length_103456_cov_35.5013 23527 4087

			Previous gap was negative, modifying coordinates to ignore overlap
				Moving contig start from 23527 to 23140.
			Align 22: 189313 208369 NODE_50049_length_103456_cov_35.5013 23140 4087
			END in current alignment.  Modifying 208369 to 208369.

Analysis is finished!
Founded SNPs were written into /usit/invitro/data/galaxy/master/sabbai/galaxy-dist/database/job_working_directory/000/722/dataset_759_files/contigs_reports/nucmer_output/BC-M-Spades.used_snps

Results:
	Local Misassemblies: 2
	Misassemblies: 0
		Relocations: 0
		Translocations: 0
		Inversions: 0
	Misassembled Contigs: 0
	Misassembled Contig Bases: 0
	Misassmblies Inter-Contig Overlap: 10298
Uncovered Regions: 0 (0)
Unaligned Contigs: 93 + 8 part
Partially Unaligned Contigs with Misassemblies: 0
Unaligned Contig Bases: 5173325

Ambiguously Mapped Contigs: 0
Total Bases in Ambiguously Mapped Contigs: 0
Note that --allow-ambiguity option was set to "one" and only first alignment per each contig was used.

	Covered Bases: 208162

	SNPs: 19
	Insertions: 4
	Deletions: 100

	Positive Gaps: 2
		Internal Gaps:  0
		External Gaps:  2
		External Gap Total:  207
		External Gap Average: 104
	Negative Gaps: 8
		Internal Overlaps:  2
		External Overlaps:  6
		External Overlaps Total: -3320
		External Overlaps Average: -553
	Contigs with Redundant Alignments: 5 (10849)
