Aligning contigs to reference...
	Running Nucmer...
Parsing coords...
Loading Assembly...
Loading reference...
	Loaded [gi|552530953|ref|NC_007490.2|_Rhodobacter_sphaeroides_2.4.1_plasmid_D__complete_sequence]
Loading SNPs...
Loading regions...
	No regions given, using whole reference.
	Total Regions: 1
	Total Region Length: 100827
Analyzing contigs...
CONTIG: 105_24704_1841925 (24704bp)
		This contig is unaligned. (24704 bp)
		Unaligned bases: 24704  total: 24704

CONTIG: 2428_508_76412_2245-_2250+_1630+ (508bp)
		This contig is unaligned. (508 bp)
		Unaligned bases: 508  total: 25212

CONTIG: 2430_10725_910557_2258+_1932+ (10725bp)
		This contig is unaligned. (10725 bp)
		Unaligned bases: 10725  total: 35937

CONTIG: 2296_11705_801446_172+_1286+ (11705bp)
		This contig is unaligned. (11705 bp)
		Unaligned bases: 11705  total: 47642

CONTIG: 18_3993_226287 (3993bp)
		This contig is unaligned. (3993 bp)
		Unaligned bases: 3993  total: 51635

CONTIG: 2429_18843_1391987_2249-_15-_370+ (18843bp)
		This contig is unaligned. (18843 bp)
		Unaligned bases: 18843  total: 70478

CONTIG: 177_7767_539518 (7767bp)
		This contig is unaligned. (7767 bp)
		Unaligned bases: 7767  total: 78245

CONTIG: 2353_3056_217777_1047+_387+ (3056bp)
		This contig is unaligned. (3056 bp)
		Unaligned bases: 3056  total: 81301

CONTIG: 2361_23393_1528662_1208+_..._481+ (23393bp)
		This contig is unaligned. (23393 bp)
		Unaligned bases: 23393  total: 104694

CONTIG: 652_3142_188406 (3142bp)
		This contig is unaligned. (3142 bp)
		Unaligned bases: 3142  total: 107836

CONTIG: 439_7927_421881 (7927bp)
		This contig is unaligned. (7927 bp)
		Unaligned bases: 7927  total: 115763

CONTIG: 2341_17152_1256383_833+_..._1575+ (17152bp)
		This contig is unaligned. (17152 bp)
		Unaligned bases: 17152  total: 132915

CONTIG: 1468_786_38011 (786bp)
		This contig is unaligned. (786 bp)
		Unaligned bases: 786  total: 133701

CONTIG: 39_8168_483787 (8168bp)
		This contig is unaligned. (8168 bp)
		Unaligned bases: 8168  total: 141869

CONTIG: 2338_18426_1370696_743+_..._2184+ (18426bp)
		This contig is unaligned. (18426 bp)
		Unaligned bases: 18426  total: 160295

CONTIG: 923_7542_575036 (7542bp)
		This contig is unaligned. (7542 bp)
		Unaligned bases: 7542  total: 167837

CONTIG: 2426_5239_1552629_2205-_2240+_1745+ (5239bp)
		This contig is unaligned. (5239 bp)
		Unaligned bases: 5239  total: 173076

CONTIG: 1923_12005_837840 (12005bp)
		This contig is unaligned. (12005 bp)
		Unaligned bases: 12005  total: 185081

CONTIG: 1665_17231_1244589 (17231bp)
		This contig is unaligned. (17231 bp)
		Unaligned bases: 17231  total: 202312

CONTIG: 1421_19914_1354227 (19914bp)
		This contig is unaligned. (19914 bp)
		Unaligned bases: 19914  total: 222226

CONTIG: 2434_31941_4792286_2267+_131+_22+ (31941bp)
Top Length: 4459  Top ID: 99.31
		This contig is partially unaligned. (4459 out of 31941)
		Alignment: 39754 44214 | 1 4459 | 4461 4459 | 99.31 | gi|552530953|ref|NC_007490.2|_Rhodobacter_sphaeroides_2.4.1_plasmid_D__complete_sequence 2434_31941_4792286_2267+_131+_22+
		Unaligned bases: 4460 to 31941 (27482)
		This contig has both significant aligned and unaligned parts (of length >= min-contig)!

CONTIG: 2423_741_52687_2182+_2264+ (741bp)
		This contig is unaligned. (741 bp)
		Unaligned bases: 741  total: 222967

CONTIG: 417_3224_205968 (3224bp)
		This contig is unaligned. (3224 bp)
		Unaligned bases: 3224  total: 226191

CONTIG: 2303_10544_710102_254+_..._2203- (10544bp)
		This contig is unaligned. (10544 bp)
		Unaligned bases: 10544  total: 236735

CONTIG: 2363_5470_352965_1242-_1365+_340+ (5470bp)
		This contig is unaligned. (5470 bp)
		Unaligned bases: 5470  total: 242205

CONTIG: 30_16273_884502 (16273bp)
		This contig is unaligned. (16273 bp)
		Unaligned bases: 16273  total: 258478

CONTIG: 2420_4782_576082_2180+_1419+ (4782bp)
		This contig is unaligned. (4782 bp)
		Unaligned bases: 4782  total: 263260

CONTIG: 1226_9167_826722 (9167bp)
		This contig is unaligned. (9167 bp)
		Unaligned bases: 9167  total: 272427

CONTIG: 2375_11249_1005817_1436-_1437+_1344+ (11249bp)
		This contig is unaligned. (11249 bp)
		Unaligned bases: 11249  total: 283676

CONTIG: 1241_3011_152871 (3011bp)
		This contig is unaligned. (3011 bp)
		Unaligned bases: 3011  total: 286687

CONTIG: 2319_1675_97272_495+_..._2263- (1675bp)
		This contig is unaligned. (1675 bp)
		Unaligned bases: 1675  total: 288362

CONTIG: 2380_14519_1460374_1589+_1038+_2091+ (14519bp)
Top Length: 14519  Top ID: 100.0
		One align captures most of this contig: 49954 64472 | 14519 1 | 14519 14519 | 100.0 | gi|552530953|ref|NC_007490.2|_Rhodobacter_sphaeroides_2.4.1_plasmid_D__complete_sequence 2380_14519_1460374_1589+_1038+_2091+

CONTIG: 2448_15009_1704674_2281-_1237+ (15009bp)
		This contig is unaligned. (15009 bp)
		Unaligned bases: 15009  total: 303371

CONTIG: 551_535_24349 (535bp)
		This contig is unaligned. (535 bp)
		Unaligned bases: 535  total: 303906

CONTIG: 1118_2590_187947 (2590bp)
		This contig is unaligned. (2590 bp)
		Unaligned bases: 2590  total: 306496

CONTIG: 2433_880_65115_2264+_693+ (880bp)
		This contig is unaligned. (880 bp)
		Unaligned bases: 880  total: 307376

CONTIG: 2342_19849_1918291_836+_2062+_836+ (19849bp)
		This contig is unaligned. (19849 bp)
		Unaligned bases: 19849  total: 327225

CONTIG: 1720_8276_527653 (8276bp)
		This contig is unaligned. (8276 bp)
		Unaligned bases: 8276  total: 335501

CONTIG: 1238_19178_1160728 (19178bp)
		This contig is unaligned. (19178 bp)
		Unaligned bases: 19178  total: 354679

CONTIG: 2439_500_97974_2275+_730+ (500bp)
		This contig is unaligned. (500 bp)
		Unaligned bases: 500  total: 355179

CONTIG: 1230_17434_1265059 (17434bp)
		This contig is unaligned. (17434 bp)
		Unaligned bases: 17434  total: 372613

CONTIG: 1906_5625_341733 (5625bp)
		This contig is unaligned. (5625 bp)
		Unaligned bases: 5625  total: 378238

CONTIG: 2445_980_59701_2278-_1744+ (980bp)
		This contig is unaligned. (980 bp)
		Unaligned bases: 980  total: 379218

CONTIG: 2351_5957_839637_967-_..._1955- (5957bp)
Top Length: 5957  Top ID: 100.0
		Marking as insignificant: 14989 15321 | 5957 5625 | 333 333 | 99.7 | gi|552530953|ref|NC_007490.2|_Rhodobacter_sphaeroides_2.4.1_plasmid_D__complete_sequence 2351_5957_839637_967-_..._1955-
		One align captures most of this contig: 26972 32928 | 5957 1 | 5957 5957 | 100.0 | gi|552530953|ref|NC_007490.2|_Rhodobacter_sphaeroides_2.4.1_plasmid_D__complete_sequence 2351_5957_839637_967-_..._1955-

CONTIG: 2152_10407_688952 (10407bp)
		This contig is unaligned. (10407 bp)
		Unaligned bases: 10407  total: 389625

CONTIG: 143_6822_485514 (6822bp)
		This contig is unaligned. (6822 bp)
		Unaligned bases: 6822  total: 396447

CONTIG: 1234_1172_45316 (1172bp)
		This contig is unaligned. (1172 bp)
		Unaligned bases: 1172  total: 397619

CONTIG: 1072_15540_1081823 (15540bp)
		This contig is unaligned. (15540 bp)
		Unaligned bases: 15540  total: 413159

CONTIG: 1845_2345_134743 (2345bp)
		This contig is unaligned. (2345 bp)
		Unaligned bases: 2345  total: 415504

CONTIG: 679_21518_1543256 (21518bp)
		This contig is unaligned. (21518 bp)
		Unaligned bases: 21518  total: 437022

CONTIG: 1_16467_966718 (16467bp)
		This contig is unaligned. (16467 bp)
		Unaligned bases: 16467  total: 453489

CONTIG: 33_10948_828621 (10948bp)
		This contig is unaligned. (10948 bp)
		Unaligned bases: 10948  total: 464437

CONTIG: 2199_22678_1360527 (22678bp)
		This contig is unaligned. (22678 bp)
		Unaligned bases: 22678  total: 487115

CONTIG: 1466_5685_393160 (5685bp)
		This contig is unaligned. (5685 bp)
		Unaligned bases: 5685  total: 492800

CONTIG: 748_586_31903 (586bp)
		This contig is unaligned. (586 bp)
		Unaligned bases: 586  total: 493386

CONTIG: 214_12785_1015310 (12785bp)
		This contig is unaligned. (12785 bp)
		Unaligned bases: 12785  total: 506171

CONTIG: 2316_924_108025_471+_..._1718- (924bp)
Top Length: 924  Top ID: 100.0
		One align captures most of this contig: 64474 65397 | 1 924 | 924 924 | 100.0 | gi|552530953|ref|NC_007490.2|_Rhodobacter_sphaeroides_2.4.1_plasmid_D__complete_sequence 2316_924_108025_471+_..._1718-

CONTIG: 1844_7177_426692 (7177bp)
		This contig is unaligned. (7177 bp)
		Unaligned bases: 7177  total: 513348

CONTIG: 738_7716_527397 (7716bp)
		This contig is unaligned. (7716 bp)
		Unaligned bases: 7716  total: 521064

CONTIG: 2173_7666_448614 (7666bp)
		This contig is unaligned. (7666 bp)
		Unaligned bases: 7666  total: 528730

CONTIG: 2305_25763_1695812_276+_..._1443+ (25763bp)
		This contig is unaligned. (25763 bp)
		Unaligned bases: 25763  total: 554493

CONTIG: 171_643_49377 (643bp)
		This contig is unaligned. (643 bp)
		Unaligned bases: 643  total: 555136

CONTIG: 2378_7197_519254_1470+_2184- (7197bp)
		This contig is unaligned. (7197 bp)
		Unaligned bases: 7197  total: 562333

CONTIG: 1941_1271_90547 (1271bp)
		This contig is unaligned. (1271 bp)
		Unaligned bases: 1271  total: 563604

CONTIG: 2287_28126_2716624_22+_995+ (28126bp)
		This contig is unaligned. (28126 bp)
		Unaligned bases: 28126  total: 591730

CONTIG: 916_11644_830597 (11644bp)
		This contig is unaligned. (11644 bp)
		Unaligned bases: 11644  total: 603374

CONTIG: 633_2812_158800 (2812bp)
		This contig is unaligned. (2812 bp)
		Unaligned bases: 2812  total: 606186

CONTIG: 2394_16581_1617260_1804+_836- (16581bp)
		This contig is unaligned. (16581 bp)
		Unaligned bases: 16581  total: 622767

CONTIG: 740_7904_659790 (7904bp)
		This contig is unaligned. (7904 bp)
		Unaligned bases: 7904  total: 630671

CONTIG: 2382_18411_1235461_1660+_642+_2029- (18411bp)
		This contig is unaligned. (18411 bp)
		Unaligned bases: 18411  total: 649082

CONTIG: 704_6605_457046 (6605bp)
		This contig is unaligned. (6605 bp)
		Unaligned bases: 6605  total: 655687

CONTIG: 1491_2119_135887 (2119bp)
		This contig is unaligned. (2119 bp)
		Unaligned bases: 2119  total: 657806

CONTIG: 2334_512_59808_673+_1235- (512bp)
Top Length: 512  Top ID: 99.61
		One align captures most of this contig: 5905 6416 | 512 1 | 512 512 | 99.61 | gi|552530953|ref|NC_007490.2|_Rhodobacter_sphaeroides_2.4.1_plasmid_D__complete_sequence 2334_512_59808_673+_1235-

CONTIG: 1378_14209_1046759 (14209bp)
		This contig is unaligned. (14209 bp)
		Unaligned bases: 14209  total: 672015

CONTIG: 754_11319_735544 (11319bp)
		This contig is unaligned. (11319 bp)
		Unaligned bases: 11319  total: 683334

CONTIG: 588_10536_695094 (10536bp)
		This contig is unaligned. (10536 bp)
		Unaligned bases: 10536  total: 693870

CONTIG: 846_15988_1029369 (15988bp)
		This contig is unaligned. (15988 bp)
		Unaligned bases: 15988  total: 709858

CONTIG: 1484_1653_89677 (1653bp)
		This contig is unaligned. (1653 bp)
		Unaligned bases: 1653  total: 711511

CONTIG: 881_7928_444697 (7928bp)
		This contig is unaligned. (7928 bp)
		Unaligned bases: 7928  total: 719439

CONTIG: 1366_12119_895325 (12119bp)
		This contig is unaligned. (12119 bp)
		Unaligned bases: 12119  total: 731558

CONTIG: 1694_3498_432902 (3498bp)
		This contig is unaligned. (3498 bp)
		Unaligned bases: 3498  total: 735056

CONTIG: 721_2449_339694 (2449bp)
Top Length: 2449  Top ID: 100.0
		One align captures most of this contig: 3023 5471 | 2449 1 | 2449 2449 | 100.0 | gi|552530953|ref|NC_007490.2|_Rhodobacter_sphaeroides_2.4.1_plasmid_D__complete_sequence 721_2449_339694

CONTIG: 1819_8979_793598 (8979bp)
		This contig is unaligned. (8979 bp)
		Unaligned bases: 8979  total: 744035

CONTIG: 205_11969_754511 (11969bp)
		This contig is unaligned. (11969 bp)
		Unaligned bases: 11969  total: 756004

CONTIG: 1431_1007_73042 (1007bp)
		This contig is unaligned. (1007 bp)
		Unaligned bases: 1007  total: 757011

CONTIG: 852_2867_164390 (2867bp)
		This contig is unaligned. (2867 bp)
		Unaligned bases: 2867  total: 759878

CONTIG: 2321_7364_499395_555+_216-_483+ (7364bp)
		This contig is unaligned. (7364 bp)
		Unaligned bases: 7364  total: 767242

CONTIG: 2166_7038_764195 (7038bp)
		This contig is unaligned. (7038 bp)
		Unaligned bases: 7038  total: 774280

CONTIG: 2110_12053_824834 (12053bp)
		This contig is unaligned. (12053 bp)
		Unaligned bases: 12053  total: 786333

CONTIG: 2008_6158_399164 (6158bp)
		This contig is unaligned. (6158 bp)
		Unaligned bases: 6158  total: 792491

CONTIG: 84_13523_884163 (13523bp)
		This contig is unaligned. (13523 bp)
		Unaligned bases: 13523  total: 806014

CONTIG: 573_7758_627021 (7758bp)
		This contig is unaligned. (7758 bp)
		Unaligned bases: 7758  total: 813772

CONTIG: 2370_8797_2449382_1334+_162+ (8797bp)
		This contig is unaligned. (8797 bp)
		Unaligned bases: 8797  total: 822569

CONTIG: 2000_716_56191 (716bp)
		This contig is unaligned. (716 bp)
		Unaligned bases: 716  total: 823285

CONTIG: 2391_1279_111293_1773+_49+_12+ (1279bp)
		This contig is unaligned. (1279 bp)
		Unaligned bases: 1279  total: 824564

CONTIG: 228_16925_1072403 (16925bp)
		This contig is unaligned. (16925 bp)
		Unaligned bases: 16925  total: 841489

CONTIG: 2331_613_39366_653+_420+_1739+ (613bp)
		This contig is unaligned. (613 bp)
		Unaligned bases: 613  total: 842102

CONTIG: 130_1582_99481 (1582bp)
		This contig is unaligned. (1582 bp)
		Unaligned bases: 1582  total: 843684

CONTIG: 2405_12308_1678498_1955+_1367+_1955+ (12308bp)
Top Length: 12308  Top ID: 100.0
		One align captures most of this contig: 14989 27296 | 1 12308 | 12308 12308 | 100.0 | gi|552530953|ref|NC_007490.2|_Rhodobacter_sphaeroides_2.4.1_plasmid_D__complete_sequence 2405_12308_1678498_1955+_1367+_1955+

CONTIG: 1102_2410_275816 (2410bp)
		This contig is unaligned. (2410 bp)
		Unaligned bases: 2410  total: 846094

CONTIG: 1259_1894_100411 (1894bp)
		This contig is unaligned. (1894 bp)
		Unaligned bases: 1894  total: 847988

CONTIG: 213_1686_157466 (1686bp)
Top Length: 1686  Top ID: 100.0
		One align captures most of this contig: 6972 8657 | 1 1686 | 1686 1686 | 100.0 | gi|552530953|ref|NC_007490.2|_Rhodobacter_sphaeroides_2.4.1_plasmid_D__complete_sequence 213_1686_157466

CONTIG: 2443_5077_353188_2278+_1373+ (5077bp)
		This contig is unaligned. (5077 bp)
		Unaligned bases: 5077  total: 853065

CONTIG: 2290_4344_1236252_22-_..._1525- (4344bp)
		This contig is unaligned. (4344 bp)
		Unaligned bases: 4344  total: 857409

CONTIG: 2421_4682_840601_2180-_703+_2267+ (4682bp)
Top Length: 4682  Top ID: 99.44
		One align captures most of this contig: 39422 44103 | 1 4682 | 4682 4682 | 99.44 | gi|552530953|ref|NC_007490.2|_Rhodobacter_sphaeroides_2.4.1_plasmid_D__complete_sequence 2421_4682_840601_2180-_703+_2267+

CONTIG: 2357_36362_2693510_1110+_379+_593+ (36362bp)
		This contig is unaligned. (36362 bp)
		Unaligned bases: 36362  total: 893771

CONTIG: 1673_26910_1918120 (26910bp)
		This contig is unaligned. (26910 bp)
		Unaligned bases: 26910  total: 920681

CONTIG: 135_2342_115103 (2342bp)
		This contig is unaligned. (2342 bp)
		Unaligned bases: 2342  total: 923023

CONTIG: 506_9949_722023 (9949bp)
		This contig is unaligned. (9949 bp)
		Unaligned bases: 9949  total: 932972

CONTIG: 908_5851_353331 (5851bp)
		This contig is unaligned. (5851 bp)
		Unaligned bases: 5851  total: 938823

CONTIG: 1368_3384_251841 (3384bp)
		This contig is unaligned. (3384 bp)
		Unaligned bases: 3384  total: 942207

CONTIG: 1300_973_50891 (973bp)
		This contig is unaligned. (973 bp)
		Unaligned bases: 973  total: 943180

CONTIG: 1095_15953_1085537 (15953bp)
		This contig is unaligned. (15953 bp)
		Unaligned bases: 15953  total: 959133

CONTIG: 1959_12362_825079 (12362bp)
		This contig is unaligned. (12362 bp)
		Unaligned bases: 12362  total: 971495

CONTIG: 2374_1360_72809_1382+_2215+_2174+ (1360bp)
		This contig is unaligned. (1360 bp)
		Unaligned bases: 1360  total: 972855

CONTIG: 2412_7850_547723_2118+_1695+_1993+ (7850bp)
		This contig is unaligned. (7850 bp)
		Unaligned bases: 7850  total: 980705

CONTIG: 808_3932_245471 (3932bp)
		This contig is unaligned. (3932 bp)
		Unaligned bases: 3932  total: 984637

CONTIG: 894_2115_133396 (2115bp)
		This contig is unaligned. (2115 bp)
		Unaligned bases: 2115  total: 986752

CONTIG: 286_1305_71213 (1305bp)
		This contig is unaligned. (1305 bp)
		Unaligned bases: 1305  total: 988057

CONTIG: 891_520_40062 (520bp)
		This contig is unaligned. (520 bp)
		Unaligned bases: 520  total: 988577

CONTIG: 2081_982_29103 (982bp)
		This contig is unaligned. (982 bp)
		Unaligned bases: 982  total: 989559

CONTIG: 2440_7148_1428907_2277+_765+ (7148bp)
Top Length: 387  Top ID: 96.38
		This contig is partially unaligned. (387 out of 7148)
		Alignment: 86644 87030 | 1 387 | 387 387 | 96.38 | gi|552530953|ref|NC_007490.2|_Rhodobacter_sphaeroides_2.4.1_plasmid_D__complete_sequence 2440_7148_1428907_2277+_765+
		Unaligned bases: 388 to 7148 (6761)

CONTIG: 2340_21178_1623845_777+_989+_119+ (21178bp)
		This contig is unaligned. (21178 bp)
		Unaligned bases: 21178  total: 1010737

CONTIG: 2347_525_21141_934+_1722- (525bp)
		This contig is unaligned. (525 bp)
		Unaligned bases: 525  total: 1011262

CONTIG: 160_11704_807289 (11704bp)
		This contig is unaligned. (11704 bp)
		Unaligned bases: 11704  total: 1022966

CONTIG: 2336_7421_510055_725+_1380-_1396- (7421bp)
		This contig is unaligned. (7421 bp)
		Unaligned bases: 7421  total: 1030387

CONTIG: 2404_6149_2083422_1953+_162+ (6149bp)
		This contig is unaligned. (6149 bp)
		Unaligned bases: 6149  total: 1036536

CONTIG: 2030_10506_819173 (10506bp)
		This contig is unaligned. (10506 bp)
		Unaligned bases: 10506  total: 1047042

CONTIG: 1254_20410_3214323 (20410bp)
		This contig is unaligned. (20410 bp)
		Unaligned bases: 20410  total: 1067452

CONTIG: 1628_1153_123553 (1153bp)
		This contig is unaligned. (1153 bp)
		Unaligned bases: 1153  total: 1068605

CONTIG: 1859_4743_302362 (4743bp)
		This contig is unaligned. (4743 bp)
		Unaligned bases: 4743  total: 1073348

CONTIG: 1875_2374_103720 (2374bp)
		This contig is unaligned. (2374 bp)
		Unaligned bases: 2374  total: 1075722

CONTIG: 1597_18644_1303667 (18644bp)
		This contig is unaligned. (18644 bp)
		Unaligned bases: 18644  total: 1094366

CONTIG: 121_9581_609269 (9581bp)
		This contig is unaligned. (9581 bp)
		Unaligned bases: 9581  total: 1103947

CONTIG: 863_3647_225390 (3647bp)
		This contig is unaligned. (3647 bp)
		Unaligned bases: 3647  total: 1107594

CONTIG: 2297_36852_2322130_198+_1533-_1661+ (36852bp)
		This contig is unaligned. (36852 bp)
		Unaligned bases: 36852  total: 1144446

CONTIG: 2160_15424_922831 (15424bp)
		This contig is unaligned. (15424 bp)
		Unaligned bases: 15424  total: 1159870

CONTIG: 2288_10889_1762624_22+_..._625+ (10889bp)
		This contig is unaligned. (10889 bp)
		Unaligned bases: 10889  total: 1170759

CONTIG: 2419_5081_714888_2180+_937+ (5081bp)
Top Length: 5081  Top ID: 100.0
		One align captures most of this contig: 34591 39671 | 5081 1 | 5081 5081 | 100.0 | gi|552530953|ref|NC_007490.2|_Rhodobacter_sphaeroides_2.4.1_plasmid_D__complete_sequence 2419_5081_714888_2180+_937+

CONTIG: 1117_2485_178244 (2485bp)
		This contig is unaligned. (2485 bp)
		Unaligned bases: 2485  total: 1173244

CONTIG: 2137_6402_321024 (6402bp)
		This contig is unaligned. (6402 bp)
		Unaligned bases: 6402  total: 1179646

CONTIG: 300_1872_96955 (1872bp)
		This contig is unaligned. (1872 bp)
		Unaligned bases: 1872  total: 1181518

CONTIG: 1732_3358_241225 (3358bp)
		This contig is unaligned. (3358 bp)
		Unaligned bases: 3358  total: 1184876

CONTIG: 1145_1796_83916 (1796bp)
		This contig is unaligned. (1796 bp)
		Unaligned bases: 1796  total: 1186672

CONTIG: 987_5349_363690 (5349bp)
		This contig is unaligned. (5349 bp)
		Unaligned bases: 5349  total: 1192021

CONTIG: 2371_736_75974_1345+_..._1422- (736bp)
		This contig is unaligned. (736 bp)
		Unaligned bases: 736  total: 1192757

CONTIG: 752_6268_428732 (6268bp)
		This contig is unaligned. (6268 bp)
		Unaligned bases: 6268  total: 1199025

CONTIG: 40_992_63214 (992bp)
		This contig is unaligned. (992 bp)
		Unaligned bases: 992  total: 1200017

CONTIG: 1615_9150_579888 (9150bp)
		This contig is unaligned. (9150 bp)
		Unaligned bases: 9150  total: 1209167

CONTIG: 842_7841_523785 (7841bp)
		This contig is unaligned. (7841 bp)
		Unaligned bases: 7841  total: 1217008

CONTIG: 1440_3551_250964 (3551bp)
		This contig is unaligned. (3551 bp)
		Unaligned bases: 3551  total: 1220559

CONTIG: 1724_5694_371265 (5694bp)
		This contig is unaligned. (5694 bp)
		Unaligned bases: 5694  total: 1226253

CONTIG: 2286_8441_608051_8+_185+ (8441bp)
		This contig is unaligned. (8441 bp)
		Unaligned bases: 8441  total: 1234694

CONTIG: 2449_18237_1336747_2283+_..._2252+ (18237bp)
		This contig is unaligned. (18237 bp)
		Unaligned bases: 18237  total: 1252931

CONTIG: 1915_5198_295818 (5198bp)
		This contig is unaligned. (5198 bp)
		Unaligned bases: 5198  total: 1258129

CONTIG: 900_1838_162755 (1838bp)
		This contig is unaligned. (1838 bp)
		Unaligned bases: 1838  total: 1259967

CONTIG: 2127_7281_539319 (7281bp)
		This contig is unaligned. (7281 bp)
		Unaligned bases: 7281  total: 1267248

CONTIG: 405_16447_1150784 (16447bp)
		This contig is unaligned. (16447 bp)
		Unaligned bases: 16447  total: 1283695

CONTIG: 2309_3947_323311_364+_2255+_1553- (3947bp)
		This contig is unaligned. (3947 bp)
		Unaligned bases: 3947  total: 1287642

CONTIG: 467_13647_880298 (13647bp)
		This contig is unaligned. (13647 bp)
		Unaligned bases: 13647  total: 1301289

CONTIG: 2411_776_59229_2092+_535+_1858+ (776bp)
		This contig is unaligned. (776 bp)
		Unaligned bases: 776  total: 1302065

CONTIG: 1614_10185_670745 (10185bp)
		This contig is unaligned. (10185 bp)
		Unaligned bases: 10185  total: 1312250

CONTIG: 2324_11589_1081149_626+_1194+_1079+ (11589bp)
		This contig is unaligned. (11589 bp)
		Unaligned bases: 11589  total: 1323839

CONTIG: 2408_9172_1052768_2046-_1987-_540+ (9172bp)
		This contig is unaligned. (9172 bp)
		Unaligned bases: 9172  total: 1333011

CONTIG: 538_5873_392440 (5873bp)
		This contig is unaligned. (5873 bp)
		Unaligned bases: 5873  total: 1338884

CONTIG: 1074_5413_422283 (5413bp)
		This contig is unaligned. (5413 bp)
		Unaligned bases: 5413  total: 1344297

CONTIG: 2294_8523_2329925_162+_546+_608+ (8523bp)
		This contig is unaligned. (8523 bp)
		Unaligned bases: 8523  total: 1352820

CONTIG: 2329_1565_98976_639+_1703+_856+ (1565bp)
		This contig is unaligned. (1565 bp)
		Unaligned bases: 1565  total: 1354385

CONTIG: 2241_10095_643603 (10095bp)
		This contig is unaligned. (10095 bp)
		Unaligned bases: 10095  total: 1364480

CONTIG: 2393_28813_4578699_1801-_1952+_759+ (28813bp)
		This contig is unaligned. (28813 bp)
		Unaligned bases: 28813  total: 1393293

CONTIG: 870_9848_694482 (9848bp)
		This contig is unaligned. (9848 bp)
		Unaligned bases: 9848  total: 1403141

CONTIG: 397_51898_3699740 (51898bp)
		This contig is unaligned. (51898 bp)
		Unaligned bases: 51898  total: 1455039

CONTIG: 2121_5120_333537 (5120bp)
		This contig is unaligned. (5120 bp)
		Unaligned bases: 5120  total: 1460159

CONTIG: 2413_17907_2826298_2130+_162- (17907bp)
		This contig is unaligned. (17907 bp)
		Unaligned bases: 17907  total: 1478066

CONTIG: 1920_5195_390369 (5195bp)
		This contig is unaligned. (5195 bp)
		Unaligned bases: 5195  total: 1483261

CONTIG: 1486_10659_758455 (10659bp)
		This contig is unaligned. (10659 bp)
		Unaligned bases: 10659  total: 1493920

CONTIG: 1185_3581_163833 (3581bp)
		This contig is unaligned. (3581 bp)
		Unaligned bases: 3581  total: 1497501

CONTIG: 1761_23998_1898476 (23998bp)
		This contig is unaligned. (23998 bp)
		Unaligned bases: 23998  total: 1521499

CONTIG: 930_4274_261964 (4274bp)
		This contig is unaligned. (4274 bp)
		Unaligned bases: 4274  total: 1525773

CONTIG: 2299_1052_246684_212+_1258+ (1052bp)
		This contig is unaligned. (1052 bp)
		Unaligned bases: 1052  total: 1526825

CONTIG: 826_14538_948840 (14538bp)
		This contig is unaligned. (14538 bp)
		Unaligned bases: 14538  total: 1541363

CONTIG: 1024_15710_1244969 (15710bp)
		This contig is unaligned. (15710 bp)
		Unaligned bases: 15710  total: 1557073

CONTIG: 1096_5847_331182 (5847bp)
		This contig is unaligned. (5847 bp)
		Unaligned bases: 5847  total: 1562920

CONTIG: 154_11009_646677 (11009bp)
		This contig is unaligned. (11009 bp)
		Unaligned bases: 11009  total: 1573929

CONTIG: 2069_9052_602099 (9052bp)
		This contig is unaligned. (9052 bp)
		Unaligned bases: 9052  total: 1582981

CONTIG: 2407_9424_624973_2024+_440+_1609+ (9424bp)
		This contig is unaligned. (9424 bp)
		Unaligned bases: 9424  total: 1592405

CONTIG: 2312_8797_825327_427+_..._2266+ (8797bp)
		This contig is unaligned. (8797 bp)
		Unaligned bases: 8797  total: 1601202

CONTIG: 1808_1810_134775 (1810bp)
		This contig is unaligned. (1810 bp)
		Unaligned bases: 1810  total: 1603012

CONTIG: 614_16438_1070299 (16438bp)
		This contig is unaligned. (16438 bp)
		Unaligned bases: 16438  total: 1619450

CONTIG: 618_9684_484903 (9684bp)
		This contig is unaligned. (9684 bp)
		Unaligned bases: 9684  total: 1629134

CONTIG: 801_8354_535214 (8354bp)
		This contig is unaligned. (8354 bp)
		Unaligned bases: 8354  total: 1637488

CONTIG: 742_12336_858392 (12336bp)
		This contig is unaligned. (12336 bp)
		Unaligned bases: 12336  total: 1649824

CONTIG: 2415_1667_172317_2145+_49+_13+ (1667bp)
Top Length: 1667  Top ID: 100.0
		One align captures most of this contig: 32950 34616 | 1667 1 | 1667 1667 | 100.0 | gi|552530953|ref|NC_007490.2|_Rhodobacter_sphaeroides_2.4.1_plasmid_D__complete_sequence 2415_1667_172317_2145+_49+_13+

CONTIG: 1395_5695_391721 (5695bp)
		This contig is unaligned. (5695 bp)
		Unaligned bases: 5695  total: 1655519

CONTIG: 556_26490_1964499 (26490bp)
		This contig is unaligned. (26490 bp)
		Unaligned bases: 26490  total: 1682009

CONTIG: 2359_26663_1987997_1133+_785+_1958- (26663bp)
		This contig is unaligned. (26663 bp)
		Unaligned bases: 26663  total: 1708672

CONTIG: 1719_520_44174 (520bp)
		This contig is unaligned. (520 bp)
		Unaligned bases: 520  total: 1709192

CONTIG: 1827_11542_843113 (11542bp)
		This contig is unaligned. (11542 bp)
		Unaligned bases: 11542  total: 1720734

CONTIG: 2348_2069_233027_943+_2258- (2069bp)
		This contig is unaligned. (2069 bp)
		Unaligned bases: 2069  total: 1722803

CONTIG: 1559_5522_403198 (5522bp)
		This contig is unaligned. (5522 bp)
		Unaligned bases: 5522  total: 1728325

CONTIG: 2320_20227_1430559_508+_1365-_1177- (20227bp)
		This contig is unaligned. (20227 bp)
		Unaligned bases: 20227  total: 1748552

CONTIG: 595_10055_648981 (10055bp)
		This contig is unaligned. (10055 bp)
		Unaligned bases: 10055  total: 1758607

CONTIG: 1179_2984_345138 (2984bp)
		This contig is unaligned. (2984 bp)
		Unaligned bases: 2984  total: 1761591

CONTIG: 1033_1442_138344 (1442bp)
		This contig is unaligned. (1442 bp)
		Unaligned bases: 1442  total: 1763033

CONTIG: 541_1774_155292 (1774bp)
		This contig is unaligned. (1774 bp)
		Unaligned bases: 1774  total: 1764807

CONTIG: 146_6489_444530 (6489bp)
		This contig is unaligned. (6489 bp)
		Unaligned bases: 6489  total: 1771296

CONTIG: 90_1786_185764 (1786bp)
		This contig is unaligned. (1786 bp)
		Unaligned bases: 1786  total: 1773082

CONTIG: 996_11543_760395 (11543bp)
		This contig is unaligned. (11543 bp)
		Unaligned bases: 11543  total: 1784625

CONTIG: 1558_1460_97427 (1460bp)
		This contig is unaligned. (1460 bp)
		Unaligned bases: 1460  total: 1786085

CONTIG: 2223_17046_1244046 (17046bp)
		This contig is unaligned. (17046 bp)
		Unaligned bases: 17046  total: 1803131

CONTIG: 1287_3077_185382 (3077bp)
		This contig is unaligned. (3077 bp)
		Unaligned bases: 3077  total: 1806208

CONTIG: 1613_29624_2072414 (29624bp)
		This contig is unaligned. (29624 bp)
		Unaligned bases: 29624  total: 1835832

CONTIG: 1618_4388_262859 (4388bp)
		This contig is unaligned. (4388 bp)
		Unaligned bases: 4388  total: 1840220

CONTIG: 1742_871_67016 (871bp)
		This contig is unaligned. (871 bp)
		Unaligned bases: 871  total: 1841091

CONTIG: 2322_29910_1979398_560-_2215+_255+ (29910bp)
		This contig is unaligned. (29910 bp)
		Unaligned bases: 29910  total: 1871001

CONTIG: 270_3284_201692 (3284bp)
		This contig is unaligned. (3284 bp)
		Unaligned bases: 3284  total: 1874285

CONTIG: 854_8916_569090 (8916bp)
		This contig is unaligned. (8916 bp)
		Unaligned bases: 8916  total: 1883201

CONTIG: 376_1663_62786 (1663bp)
		This contig is unaligned. (1663 bp)
		Unaligned bases: 1663  total: 1884864

CONTIG: 2234_12426_769993 (12426bp)
		This contig is unaligned. (12426 bp)
		Unaligned bases: 12426  total: 1897290

CONTIG: 2248_4986_345929 (4986bp)
		This contig is unaligned. (4986 bp)
		Unaligned bases: 4986  total: 1902276

CONTIG: 1322_1898_126181 (1898bp)
		This contig is unaligned. (1898 bp)
		Unaligned bases: 1898  total: 1904174

CONTIG: 1689_2669_206286 (2669bp)
		This contig is unaligned. (2669 bp)
		Unaligned bases: 2669  total: 1906843

CONTIG: 821_3295_178853 (3295bp)
		This contig is unaligned. (3295 bp)
		Unaligned bases: 3295  total: 1910138

CONTIG: 419_11868_769761 (11868bp)
		This contig is unaligned. (11868 bp)
		Unaligned bases: 11868  total: 1922006

CONTIG: 2317_9041_687316_479+_454+_478+ (9041bp)
		This contig is unaligned. (9041 bp)
		Unaligned bases: 9041  total: 1931047

CONTIG: 1455_8674_635556 (8674bp)
		This contig is unaligned. (8674 bp)
		Unaligned bases: 8674  total: 1939721

CONTIG: 2425_1787_263256_2184-_1318+ (1787bp)
		This contig is unaligned. (1787 bp)
		Unaligned bases: 1787  total: 1941508

CONTIG: 1902_4589_297865 (4589bp)
		This contig is unaligned. (4589 bp)
		Unaligned bases: 4589  total: 1946097

CONTIG: 2438_9657_708278_2273-_1451+ (9657bp)
		This contig is unaligned. (9657 bp)
		Unaligned bases: 9657  total: 1955754

CONTIG: 1446_28698_1904114 (28698bp)
		This contig is unaligned. (28698 bp)
		Unaligned bases: 28698  total: 1984452

CONTIG: 1984_5204_297991 (5204bp)
		This contig is unaligned. (5204 bp)
		Unaligned bases: 5204  total: 1989656

CONTIG: 1555_9385_552764 (9385bp)
		This contig is unaligned. (9385 bp)
		Unaligned bases: 9385  total: 1999041

CONTIG: 1592_10692_766006 (10692bp)
		This contig is unaligned. (10692 bp)
		Unaligned bases: 10692  total: 2009733

CONTIG: 935_9200_644801 (9200bp)
		This contig is unaligned. (9200 bp)
		Unaligned bases: 9200  total: 2018933

CONTIG: 2128_11179_712968 (11179bp)
		This contig is unaligned. (11179 bp)
		Unaligned bases: 11179  total: 2030112

CONTIG: 2364_743_126478_1258-_378+ (743bp)
		This contig is unaligned. (743 bp)
		Unaligned bases: 743  total: 2030855

CONTIG: 1146_2306_111850 (2306bp)
		This contig is unaligned. (2306 bp)
		Unaligned bases: 2306  total: 2033161

CONTIG: 1646_3341_183393 (3341bp)
		This contig is unaligned. (3341 bp)
		Unaligned bases: 3341  total: 2036502

CONTIG: 1588_3034_188029 (3034bp)
		This contig is unaligned. (3034 bp)
		Unaligned bases: 3034  total: 2039536

CONTIG: 2397_19014_3471890_1876-_..._1682+ (19014bp)
		This contig is unaligned. (19014 bp)
		Unaligned bases: 19014  total: 2058550

CONTIG: 32_4380_275110 (4380bp)
		This contig is unaligned. (4380 bp)
		Unaligned bases: 4380  total: 2062930

CONTIG: 63_12276_785981 (12276bp)
		This contig is unaligned. (12276 bp)
		Unaligned bases: 12276  total: 2075206

CONTIG: 1441_13002_843885 (13002bp)
		This contig is unaligned. (13002 bp)
		Unaligned bases: 13002  total: 2088208

CONTIG: 2417_2877_179537_2164+_2273+ (2877bp)
		This contig is unaligned. (2877 bp)
		Unaligned bases: 2877  total: 2091085

CONTIG: 128_1481_84767 (1481bp)
		This contig is unaligned. (1481 bp)
		Unaligned bases: 1481  total: 2092566

CONTIG: 308_12376_852470 (12376bp)
		This contig is unaligned. (12376 bp)
		Unaligned bases: 12376  total: 2104942

CONTIG: 583_1437_85336 (1437bp)
		This contig is unaligned. (1437 bp)
		Unaligned bases: 1437  total: 2106379

CONTIG: 807_4359_308451 (4359bp)
		This contig is unaligned. (4359 bp)
		Unaligned bases: 4359  total: 2110738

CONTIG: 2352_31143_1942956_985+_..._1500+ (31143bp)
		This contig is unaligned. (31143 bp)
		Unaligned bases: 31143  total: 2141881

CONTIG: 1204_22307_1438107 (22307bp)
		This contig is unaligned. (22307 bp)
		Unaligned bases: 22307  total: 2164188

CONTIG: 2396_2922_219188_1855+_2256+ (2922bp)
		This contig is unaligned. (2922 bp)
		Unaligned bases: 2922  total: 2167110

CONTIG: 2302_2174_246249_253+_1233+_1007+ (2174bp)
		This contig is unaligned. (2174 bp)
		Unaligned bases: 2174  total: 2169284

CONTIG: 89_1535_115267 (1535bp)
		This contig is unaligned. (1535 bp)
		Unaligned bases: 1535  total: 2170819

CONTIG: 1752_624_31261 (624bp)
		This contig is unaligned. (624 bp)
		Unaligned bases: 624  total: 2171443

CONTIG: 1854_4675_258409 (4675bp)
		This contig is unaligned. (4675 bp)
		Unaligned bases: 4675  total: 2176118

CONTIG: 2270_563_57037_660-_78-_1748- (563bp)
		This contig is unaligned. (563 bp)
		Unaligned bases: 563  total: 2176681

CONTIG: 99_10857_736438 (10857bp)
		This contig is unaligned. (10857 bp)
		Unaligned bases: 10857  total: 2187538

CONTIG: 1349_864_59715 (864bp)
		This contig is unaligned. (864 bp)
		Unaligned bases: 864  total: 2188402

CONTIG: 494_1080_70799 (1080bp)
		This contig is unaligned. (1080 bp)
		Unaligned bases: 1080  total: 2189482

CONTIG: 1839_683_43472 (683bp)
		This contig is unaligned. (683 bp)
		Unaligned bases: 683  total: 2190165

CONTIG: 1067_4748_325151 (4748bp)
		This contig is unaligned. (4748 bp)
		Unaligned bases: 4748  total: 2194913

CONTIG: 202_975_83683 (975bp)
		This contig is unaligned. (975 bp)
		Unaligned bases: 975  total: 2195888

CONTIG: 1547_4145_254300 (4145bp)
		This contig is unaligned. (4145 bp)
		Unaligned bases: 4145  total: 2200033

CONTIG: 1651_1404_96457 (1404bp)
		This contig is unaligned. (1404 bp)
		Unaligned bases: 1404  total: 2201437

CONTIG: 2406_3422_496898_1955-_558+ (3422bp)
Top Length: 3422  Top ID: 100.0
		Marking as insignificant: 26972 27296 | 325 1 | 325 325 | 100.0 | gi|552530953|ref|NC_007490.2|_Rhodobacter_sphaeroides_2.4.1_plasmid_D__complete_sequence 2406_3422_496898_1955-_558+
		One align captures most of this contig: 11892 15313 | 3422 1 | 3422 3422 | 100.0 | gi|552530953|ref|NC_007490.2|_Rhodobacter_sphaeroides_2.4.1_plasmid_D__complete_sequence 2406_3422_496898_1955-_558+

CONTIG: 1861_12038_808540 (12038bp)
		This contig is unaligned. (12038 bp)
		Unaligned bases: 12038  total: 2213475

CONTIG: 1805_4753_655693 (4753bp)
		This contig is unaligned. (4753 bp)
		Unaligned bases: 4753  total: 2218228

CONTIG: 2365_66408_4522702_1261-_..._1136+ (66408bp)
		This contig is unaligned. (66408 bp)
		Unaligned bases: 66408  total: 2284636

CONTIG: 624_1277_130577 (1277bp)
		This contig is unaligned. (1277 bp)
		Unaligned bases: 1277  total: 2285913

CONTIG: 992_22485_1355074 (22485bp)
		This contig is unaligned. (22485 bp)
		Unaligned bases: 22485  total: 2308398

CONTIG: 1738_23548_1462042 (23548bp)
		This contig is unaligned. (23548 bp)
		Unaligned bases: 23548  total: 2331946

CONTIG: 486_3340_301547 (3340bp)
		This contig is unaligned. (3340 bp)
		Unaligned bases: 3340  total: 2335286

CONTIG: 2327_25257_1741603_634+_1357+_1528+ (25257bp)
		This contig is unaligned. (25257 bp)
		Unaligned bases: 25257  total: 2360543

CONTIG: 623_10162_640294 (10162bp)
		This contig is unaligned. (10162 bp)
		Unaligned bases: 10162  total: 2370705

CONTIG: 1853_8453_495520 (8453bp)
		This contig is unaligned. (8453 bp)
		Unaligned bases: 8453  total: 2379158

CONTIG: 2350_697_60397_963-_929+_584+ (697bp)
		This contig is unaligned. (697 bp)
		Unaligned bases: 697  total: 2379855

CONTIG: 745_9239_579995 (9239bp)
		This contig is unaligned. (9239 bp)
		Unaligned bases: 9239  total: 2389094

CONTIG: 258_2452_239026 (2452bp)
		This contig is unaligned. (2452 bp)
		Unaligned bases: 2452  total: 2391546

CONTIG: 2435_7243_1166210_2267+_619+ (7243bp)
Top Length: 7243  Top ID: 99.85
		One align captures most of this contig: 39754 46996 | 1 7243 | 7243 7243 | 99.85 | gi|552530953|ref|NC_007490.2|_Rhodobacter_sphaeroides_2.4.1_plasmid_D__complete_sequence 2435_7243_1166210_2267+_619+

CONTIG: 1610_7657_534873 (7657bp)
		This contig is unaligned. (7657 bp)
		Unaligned bases: 7657  total: 2399203

CONTIG: 1502_14570_966992 (14570bp)
		This contig is unaligned. (14570 bp)
		Unaligned bases: 14570  total: 2413773

CONTIG: 97_3159_233822 (3159bp)
		This contig is unaligned. (3159 bp)
		Unaligned bases: 3159  total: 2416932

CONTIG: 586_12026_933116 (12026bp)
		This contig is unaligned. (12026 bp)
		Unaligned bases: 12026  total: 2428958

CONTIG: 1767_5455_685900 (5455bp)
		This contig is unaligned. (5455 bp)
		Unaligned bases: 5455  total: 2434413

CONTIG: 2143_2109_114811 (2109bp)
		This contig is unaligned. (2109 bp)
		Unaligned bases: 2109  total: 2436522

CONTIG: 2176_13475_884683 (13475bp)
		This contig is unaligned. (13475 bp)
		Unaligned bases: 13475  total: 2449997

CONTIG: 2345_2754_744752_845-_..._1101- (2754bp)
Top Length: 1046  Top ID: 97.32
		This contig is partially unaligned. (1046 out of 2754)
		Alignment: 3 1048 | 1495 2540 | 1046 1046 | 97.32 | gi|552530953|ref|NC_007490.2|_Rhodobacter_sphaeroides_2.4.1_plasmid_D__complete_sequence 2345_2754_744752_845-_..._1101-
		Unaligned bases: 1 to 1494 (1494)
		Unaligned bases: 2541 to 2754 (214)
		This contig has both significant aligned and unaligned parts (of length >= min-contig)!

CONTIG: 1221_1242_70280 (1242bp)
		This contig is unaligned. (1242 bp)
		Unaligned bases: 1242  total: 2451239

CONTIG: 2403_1773_389579_1918+_2265- (1773bp)
Top Length: 263  Top ID: 99.24
		This contig is partially unaligned. (263 out of 1773)
		Alignment: 2019 2282 | 1511 1773 | 264 263 | 99.24 | gi|552530953|ref|NC_007490.2|_Rhodobacter_sphaeroides_2.4.1_plasmid_D__complete_sequence 2403_1773_389579_1918+_2265-
		Unaligned bases: 1 to 1510 (1510)

CONTIG: 2399_8832_681747_1880+_246+_1246+ (8832bp)
		This contig is unaligned. (8832 bp)
		Unaligned bases: 8832  total: 2460071

CONTIG: 831_6475_432206 (6475bp)
		This contig is unaligned. (6475 bp)
		Unaligned bases: 6475  total: 2466546

CONTIG: 694_5433_445825 (5433bp)
		This contig is unaligned. (5433 bp)
		Unaligned bases: 5433  total: 2471979

CONTIG: 2298_18901_1350970_204+_2235+_356- (18901bp)
		This contig is unaligned. (18901 bp)
		Unaligned bases: 18901  total: 2490880

CONTIG: 2368_9079_607377_1297+_989+_1488+ (9079bp)
		This contig is unaligned. (9079 bp)
		Unaligned bases: 9079  total: 2499959

CONTIG: 2295_9599_698282_163+_2094+ (9599bp)
		This contig is unaligned. (9599 bp)
		Unaligned bases: 9599  total: 2509558

CONTIG: 497_774_54220 (774bp)
		This contig is unaligned. (774 bp)
		Unaligned bases: 774  total: 2510332

CONTIG: 1252_7358_554326 (7358bp)
		This contig is unaligned. (7358 bp)
		Unaligned bases: 7358  total: 2517690

CONTIG: 1360_10985_850601 (10985bp)
		This contig is unaligned. (10985 bp)
		Unaligned bases: 10985  total: 2528675

CONTIG: 2291_37938_2711353_38+_445+ (37938bp)
		This contig is unaligned. (37938 bp)
		Unaligned bases: 37938  total: 2566613

CONTIG: 242_9213_619695 (9213bp)
		This contig is unaligned. (9213 bp)
		Unaligned bases: 9213  total: 2575826

CONTIG: 2282_935_66307_1921-_..._2242+ (935bp)
		This contig is unaligned. (935 bp)
		Unaligned bases: 935  total: 2576761

CONTIG: 544_9112_601117 (9112bp)
		This contig is unaligned. (9112 bp)
		Unaligned bases: 9112  total: 2585873

CONTIG: 2424_2387_167454_2183+_2264+ (2387bp)
		This contig is unaligned. (2387 bp)
		Unaligned bases: 2387  total: 2588260

CONTIG: 519_15089_1151871 (15089bp)
		This contig is unaligned. (15089 bp)
		Unaligned bases: 15089  total: 2603349

CONTIG: 92_723_36345 (723bp)
		This contig is unaligned. (723 bp)
		Unaligned bases: 723  total: 2604072

CONTIG: 199_11629_670800 (11629bp)
		This contig is unaligned. (11629 bp)
		Unaligned bases: 11629  total: 2615701

CONTIG: 2313_571_75638_427-_1545+ (571bp)
		This contig is unaligned. (571 bp)
		Unaligned bases: 571  total: 2616272

CONTIG: 72_8339_597060 (8339bp)
		This contig is unaligned. (8339 bp)
		Unaligned bases: 8339  total: 2624611

CONTIG: 1481_865_45819 (865bp)
		This contig is unaligned. (865 bp)
		Unaligned bases: 865  total: 2625476

CONTIG: 2366_13460_924929_1283+_493+_195+ (13460bp)
		This contig is unaligned. (13460 bp)
		Unaligned bases: 13460  total: 2638936

CONTIG: 2442_21337_6435208_2277-_1806-_850+ (21337bp)
Top Length: 21337  Top ID: 99.93
		One align captures most of this contig: 65685 87021 | 21337 1 | 21337 21337 | 99.93 | gi|552530953|ref|NC_007490.2|_Rhodobacter_sphaeroides_2.4.1_plasmid_D__complete_sequence 2442_21337_6435208_2277-_1806-_850+

CONTIG: 144_885_48010 (885bp)
		This contig is unaligned. (885 bp)
		Unaligned bases: 885  total: 2639821

CONTIG: 2335_618_76533_714+_37N_2251- (618bp)
		This contig is unaligned. (618 bp)
		Unaligned bases: 618  total: 2640439

CONTIG: 1963_10639_741956 (10639bp)
		This contig is unaligned. (10639 bp)
		Unaligned bases: 10639  total: 2651078

CONTIG: 2349_10407_783362_950+_..._2159+ (10407bp)
		This contig is unaligned. (10407 bp)
		Unaligned bases: 10407  total: 2661485

CONTIG: 2432_934_49739_2263+_2209+ (934bp)
		This contig is unaligned. (934 bp)
		Unaligned bases: 934  total: 2662419

CONTIG: 1209_13942_1325479 (13942bp)
		This contig is unaligned. (13942 bp)
		Unaligned bases: 13942  total: 2676361

CONTIG: 403_566_67591 (566bp)
Top Length: 566  Top ID: 100.0
		One align captures most of this contig: 46997 47562 | 1 566 | 566 566 | 100.0 | gi|552530953|ref|NC_007490.2|_Rhodobacter_sphaeroides_2.4.1_plasmid_D__complete_sequence 403_566_67591

CONTIG: 2402_19422_1331709_1917+_209+ (19422bp)
		This contig is unaligned. (19422 bp)
		Unaligned bases: 19422  total: 2695783

CONTIG: 1849_21339_1426702 (21339bp)
		This contig is unaligned. (21339 bp)
		Unaligned bases: 21339  total: 2717122

CONTIG: 56_13319_802361 (13319bp)
		This contig is unaligned. (13319 bp)
		Unaligned bases: 13319  total: 2730441

CONTIG: 294_9246_597921 (9246bp)
		This contig is unaligned. (9246 bp)
		Unaligned bases: 9246  total: 2739687

CONTIG: 1551_2464_147051 (2464bp)
		This contig is unaligned. (2464 bp)
		Unaligned bases: 2464  total: 2742151

CONTIG: 1784_2723_201609 (2723bp)
		This contig is unaligned. (2723 bp)
		Unaligned bases: 2723  total: 2744874

CONTIG: 2332_26248_1833028_654+_..._1729+ (26248bp)
		This contig is unaligned. (26248 bp)
		Unaligned bases: 26248  total: 2771122

CONTIG: 1062_3016_152682 (3016bp)
		This contig is unaligned. (3016 bp)
		Unaligned bases: 3016  total: 2774138

CONTIG: 2446_2988_376586_2280+_153+ (2988bp)
Top Length: 2988  Top ID: 99.97
		Marking as insignificant: 5425 5745 | 321 1 | 321 321 | 98.14 | gi|552530953|ref|NC_007490.2|_Rhodobacter_sphaeroides_2.4.1_plasmid_D__complete_sequence 2446_2988_376586_2280+_153+
		One align captures most of this contig: 8745 11732 | 2988 1 | 2988 2988 | 99.97 | gi|552530953|ref|NC_007490.2|_Rhodobacter_sphaeroides_2.4.1_plasmid_D__complete_sequence 2446_2988_376586_2280+_153+

CONTIG: 2360_2635_172881_1205+_442+ (2635bp)
		This contig is unaligned. (2635 bp)
		Unaligned bases: 2635  total: 2776773

CONTIG: 1635_2581_151044 (2581bp)
		This contig is unaligned. (2581 bp)
		Unaligned bases: 2581  total: 2779354

CONTIG: 1387_3083_223756 (3083bp)
		This contig is unaligned. (3083 bp)
		Unaligned bases: 3083  total: 2782437

CONTIG: 1408_30236_2167325 (30236bp)
		This contig is unaligned. (30236 bp)
		Unaligned bases: 30236  total: 2812673

CONTIG: 1968_7212_459981 (7212bp)
		This contig is unaligned. (7212 bp)
		Unaligned bases: 7212  total: 2819885

CONTIG: 2306_2543_154601_285+_787+_1456- (2543bp)
		This contig is unaligned. (2543 bp)
		Unaligned bases: 2543  total: 2822428

CONTIG: 1870_8684_577174 (8684bp)
		This contig is unaligned. (8684 bp)
		Unaligned bases: 8684  total: 2831112

CONTIG: 375_39866_3004454 (39866bp)
		This contig is unaligned. (39866 bp)
		Unaligned bases: 39866  total: 2870978

CONTIG: 2355_11224_842311_1089+_2072+ (11224bp)
		This contig is unaligned. (11224 bp)
		Unaligned bases: 11224  total: 2882202

CONTIG: 578_6917_434364 (6917bp)
		This contig is unaligned. (6917 bp)
		Unaligned bases: 6917  total: 2889119

CONTIG: 346_3079_231564 (3079bp)
		This contig is unaligned. (3079 bp)
		Unaligned bases: 3079  total: 2892198

CONTIG: 580_3989_611518 (3989bp)
		This contig is unaligned. (3989 bp)
		Unaligned bases: 3989  total: 2896187

CONTIG: 1663_9675_829960 (9675bp)
		This contig is unaligned. (9675 bp)
		Unaligned bases: 9675  total: 2905862

CONTIG: 1339_2285_128527 (2285bp)
		This contig is unaligned. (2285 bp)
		Unaligned bases: 2285  total: 2908147

CONTIG: 342_1158_60862 (1158bp)
		This contig is unaligned. (1158 bp)
		Unaligned bases: 1158  total: 2909305

CONTIG: 2307_3676_243873_307+_367- (3676bp)
		This contig is unaligned. (3676 bp)
		Unaligned bases: 3676  total: 2912981

CONTIG: 676_4114_239342 (4114bp)
		This contig is unaligned. (4114 bp)
		Unaligned bases: 4114  total: 2917095

CONTIG: 2311_12219_2747299_412+_2260+ (12219bp)
Top Length: 12219  Top ID: 100.0
		One align captures most of this contig: 86992 99210 | 1 12219 | 12219 12219 | 100.0 | gi|552530953|ref|NC_007490.2|_Rhodobacter_sphaeroides_2.4.1_plasmid_D__complete_sequence 2311_12219_2747299_412+_2260+

CONTIG: 2395_18566_1283013_1824+_2068+ (18566bp)
		This contig is unaligned. (18566 bp)
		Unaligned bases: 18566  total: 2935661

CONTIG: 621_10993_653191 (10993bp)
		This contig is unaligned. (10993 bp)
		Unaligned bases: 10993  total: 2946654

CONTIG: 793_8381_707151 (8381bp)
		This contig is unaligned. (8381 bp)
		Unaligned bases: 8381  total: 2955035

CONTIG: 2300_23682_1509540_232+_..._960+ (23682bp)
		This contig is unaligned. (23682 bp)
		Unaligned bases: 23682  total: 2978717

CONTIG: 2018_10438_1208874 (10438bp)
		This contig is unaligned. (10438 bp)
		Unaligned bases: 10438  total: 2989155

CONTIG: 2285_10660_806509_4+_849+ (10660bp)
		This contig is unaligned. (10660 bp)
		Unaligned bases: 10660  total: 2999815

CONTIG: 164_6857_470537 (6857bp)
		This contig is unaligned. (6857 bp)
		Unaligned bases: 6857  total: 3006672

CONTIG: 1865_10290_709258 (10290bp)
		This contig is unaligned. (10290 bp)
		Unaligned bases: 10290  total: 3016962

CONTIG: 490_7923_1024016 (7923bp)
		This contig is unaligned. (7923 bp)
		Unaligned bases: 7923  total: 3024885

CONTIG: 1337_5267_515202 (5267bp)
		This contig is unaligned. (5267 bp)
		Unaligned bases: 5267  total: 3030152

CONTIG: 319_10722_758322 (10722bp)
		This contig is unaligned. (10722 bp)
		Unaligned bases: 10722  total: 3040874

CONTIG: 1499_12225_796460 (12225bp)
		This contig is unaligned. (12225 bp)
		Unaligned bases: 12225  total: 3053099

CONTIG: 2328_22555_2873087_637-_1768-_610+ (22555bp)
		This contig is unaligned. (22555 bp)
		Unaligned bases: 22555  total: 3075654

CONTIG: 719_3437_200943 (3437bp)
		This contig is unaligned. (3437 bp)
		Unaligned bases: 3437  total: 3079091

CONTIG: 1582_3522_193864 (3522bp)
		This contig is unaligned. (3522 bp)
		Unaligned bases: 3522  total: 3082613

CONTIG: 2238_32452_2146682 (32452bp)
		This contig is unaligned. (32452 bp)
		Unaligned bases: 32452  total: 3115065

CONTIG: 266_5929_349471 (5929bp)
		This contig is unaligned. (5929 bp)
		Unaligned bases: 5929  total: 3120994

CONTIG: 1424_6606_408517 (6606bp)
		This contig is unaligned. (6606 bp)
		Unaligned bases: 6606  total: 3127600

CONTIG: 1321_6504_453219 (6504bp)
		This contig is unaligned. (6504 bp)
		Unaligned bases: 6504  total: 3134104

CONTIG: 1999_737_36994 (737bp)
		This contig is unaligned. (737 bp)
		Unaligned bases: 737  total: 3134841

CONTIG: 328_23362_1516807 (23362bp)
		This contig is unaligned. (23362 bp)
		Unaligned bases: 23362  total: 3158203

CONTIG: 327_1903_152111 (1903bp)
		This contig is unaligned. (1903 bp)
		Unaligned bases: 1903  total: 3160106

CONTIG: 1266_2959_262044 (2959bp)
		This contig is unaligned. (2959 bp)
		Unaligned bases: 2959  total: 3163065

CONTIG: 1950_6482_413981 (6482bp)
		This contig is unaligned. (6482 bp)
		Unaligned bases: 6482  total: 3169547

CONTIG: 2326_1451_274652_630-_1027-_843+ (1451bp)
Top Length: 1033  Top ID: 100.0
		This contig is partially unaligned. (1033 out of 1451)
		Alignment: 99211 100243 | 1033 1 | 1033 1033 | 100.0 | gi|552530953|ref|NC_007490.2|_Rhodobacter_sphaeroides_2.4.1_plasmid_D__complete_sequence 2326_1451_274652_630-_1027-_843+
		Unaligned bases: 1034 to 1451 (418)

CONTIG: 919_6477_396906 (6477bp)
		This contig is unaligned. (6477 bp)
		Unaligned bases: 6477  total: 3176024

CONTIG: 1783_7185_975556 (7185bp)
		This contig is unaligned. (7185 bp)
		Unaligned bases: 7185  total: 3183209

CONTIG: 1401_3434_185841 (3434bp)
		This contig is unaligned. (3434 bp)
		Unaligned bases: 3434  total: 3186643

CONTIG: 895_37711_2620421 (37711bp)
		This contig is unaligned. (37711 bp)
		Unaligned bases: 37711  total: 3224354

CONTIG: 2422_4682_844066_2180-_726+_2267+ (4682bp)
Top Length: 4682  Top ID: 99.77
		One align captures most of this contig: 39422 44103 | 1 4682 | 4682 4682 | 99.77 | gi|552530953|ref|NC_007490.2|_Rhodobacter_sphaeroides_2.4.1_plasmid_D__complete_sequence 2422_4682_844066_2180-_726+_2267+

CONTIG: 35_3890_194252 (3890bp)
		This contig is unaligned. (3890 bp)
		Unaligned bases: 3890  total: 3228244

CONTIG: 2369_24685_1683181_1312+_..._1320+ (24685bp)
		This contig is unaligned. (24685 bp)
		Unaligned bases: 24685  total: 3252929

CONTIG: 1501_11432_693695 (11432bp)
		This contig is unaligned. (11432 bp)
		Unaligned bases: 11432  total: 3264361

CONTIG: 1231_5172_295349 (5172bp)
		This contig is unaligned. (5172 bp)
		Unaligned bases: 5172  total: 3269533

CONTIG: 1746_590_80412 (590bp)
		This contig is unaligned. (590 bp)
		Unaligned bases: 590  total: 3270123

CONTIG: 769_7283_485567 (7283bp)
		This contig is unaligned. (7283 bp)
		Unaligned bases: 7283  total: 3277406

CONTIG: 550_996_52473 (996bp)
		This contig is unaligned. (996 bp)
		Unaligned bases: 996  total: 3278402

CONTIG: 2418_967_59086_2170+_2278- (967bp)
		This contig is unaligned. (967 bp)
		Unaligned bases: 967  total: 3279369

CONTIG: 1473_8746_559470 (8746bp)
		This contig is unaligned. (8746 bp)
		Unaligned bases: 8746  total: 3288115

CONTIG: 1004_2089_149514 (2089bp)
		This contig is unaligned. (2089 bp)
		Unaligned bases: 2089  total: 3290204

CONTIG: 1158_3631_273972 (3631bp)
		This contig is unaligned. (3631 bp)
		Unaligned bases: 3631  total: 3293835

CONTIG: 2372_2740_185877_1348+_15-_1467- (2740bp)
		This contig is unaligned. (2740 bp)
		Unaligned bases: 2740  total: 3296575

CONTIG: 183_9064_580595 (9064bp)
		This contig is unaligned. (9064 bp)
		Unaligned bases: 9064  total: 3305639

CONTIG: 2389_5239_1557887_1745-_1927+_2205+ (5239bp)
		This contig is unaligned. (5239 bp)
		Unaligned bases: 5239  total: 3310878

CONTIG: 1678_3989_288614 (3989bp)
		This contig is unaligned. (3989 bp)
		Unaligned bases: 3989  total: 3314867

CONTIG: 545_14402_942123 (14402bp)
		This contig is unaligned. (14402 bp)
		Unaligned bases: 14402  total: 3329269

CONTIG: 295_3159_273250 (3159bp)
		This contig is unaligned. (3159 bp)
		Unaligned bases: 3159  total: 3332428

CONTIG: 456_4944_229254 (4944bp)
		This contig is unaligned. (4944 bp)
		Unaligned bases: 4944  total: 3337372

CONTIG: 938_2190_111911 (2190bp)
		This contig is unaligned. (2190 bp)
		Unaligned bases: 2190  total: 3339562

CONTIG: 761_9614_802734 (9614bp)
		This contig is unaligned. (9614 bp)
		Unaligned bases: 9614  total: 3349176

CONTIG: 474_747_34577 (747bp)
		This contig is unaligned. (747 bp)
		Unaligned bases: 747  total: 3349923

CONTIG: 2293_8916_617156_151+_2284+_1529- (8916bp)
		This contig is unaligned. (8916 bp)
		Unaligned bases: 8916  total: 3358839

CONTIG: 571_1345_63895 (1345bp)
		This contig is unaligned. (1345 bp)
		Unaligned bases: 1345  total: 3360184

CONTIG: 2053_8662_546890 (8662bp)
		This contig is unaligned. (8662 bp)
		Unaligned bases: 8662  total: 3368846

CONTIG: 1886_827_54162 (827bp)
		This contig is unaligned. (827 bp)
		Unaligned bases: 827  total: 3369673

CONTIG: 669_7035_510608 (7035bp)
		This contig is unaligned. (7035 bp)
		Unaligned bases: 7035  total: 3376708

CONTIG: 1884_11097_774147 (11097bp)
		This contig is unaligned. (11097 bp)
		Unaligned bases: 11097  total: 3387805

CONTIG: 779_6146_400892 (6146bp)
		This contig is unaligned. (6146 bp)
		Unaligned bases: 6146  total: 3393951

CONTIG: 880_4116_241369 (4116bp)
		This contig is unaligned. (4116 bp)
		Unaligned bases: 4116  total: 3398067

CONTIG: 922_9128_522888 (9128bp)
		This contig is unaligned. (9128 bp)
		Unaligned bases: 9128  total: 3407195

CONTIG: 1362_6021_405134 (6021bp)
		This contig is unaligned. (6021 bp)
		Unaligned bases: 6021  total: 3413216

CONTIG: 466_1236_54780 (1236bp)
		This contig is unaligned. (1236 bp)
		Unaligned bases: 1236  total: 3414452

CONTIG: 388_1394_68154 (1394bp)
		This contig is unaligned. (1394 bp)
		Unaligned bases: 1394  total: 3415846

CONTIG: 2400_7266_611931_1894+_1119+ (7266bp)
		This contig is unaligned. (7266 bp)
		Unaligned bases: 7266  total: 3423112

CONTIG: 2213_19894_1737401 (19894bp)
		This contig is unaligned. (19894 bp)
		Unaligned bases: 19894  total: 3443006

CONTIG: 464_6867_439908 (6867bp)
		This contig is unaligned. (6867 bp)
		Unaligned bases: 6867  total: 3449873

CONTIG: 1816_504_46899 (504bp)
		This contig is unaligned. (504 bp)
		Unaligned bases: 504  total: 3450377

CONTIG: 2376_11280_820315_1457+_1228+_1497+ (11280bp)
		This contig is unaligned. (11280 bp)
		Unaligned bases: 11280  total: 3461657

CONTIG: 2289_20786_2259932_22-_1369+ (20786bp)
		This contig is unaligned. (20786 bp)
		Unaligned bases: 20786  total: 3482443

CONTIG: 982_1103_76021 (1103bp)
		This contig is unaligned. (1103 bp)
		Unaligned bases: 1103  total: 3483546

CONTIG: 789_8502_574706 (8502bp)
		This contig is unaligned. (8502 bp)
		Unaligned bases: 8502  total: 3492048

CONTIG: 1765_1313_68481 (1313bp)
		This contig is unaligned. (1313 bp)
		Unaligned bases: 1313  total: 3493361

CONTIG: 2038_3402_211059 (3402bp)
		This contig is unaligned. (3402 bp)
		Unaligned bases: 3402  total: 3496763

CONTIG: 1030_4728_244749 (4728bp)
		This contig is unaligned. (4728 bp)
		Unaligned bases: 4728  total: 3501491

CONTIG: 24_1936_159911 (1936bp)
		This contig is unaligned. (1936 bp)
		Unaligned bases: 1936  total: 3503427

CONTIG: 764_1150_71075 (1150bp)
		This contig is unaligned. (1150 bp)
		Unaligned bases: 1150  total: 3504577

CONTIG: 2427_12540_770602_2229+_1194+_1080+ (12540bp)
		This contig is unaligned. (12540 bp)
		Unaligned bases: 12540  total: 3517117

CONTIG: 980_6858_405750 (6858bp)
		This contig is unaligned. (6858 bp)
		Unaligned bases: 6858  total: 3523975

CONTIG: 2225_8109_510987 (8109bp)
		This contig is unaligned. (8109 bp)
		Unaligned bases: 8109  total: 3532084

CONTIG: 1371_5481_546754 (5481bp)
		This contig is unaligned. (5481 bp)
		Unaligned bases: 5481  total: 3537565

CONTIG: 1104_7722_475693 (7722bp)
		This contig is unaligned. (7722 bp)
		Unaligned bases: 7722  total: 3545287

CONTIG: 1560_1246_112100 (1246bp)
		This contig is unaligned. (1246 bp)
		Unaligned bases: 1246  total: 3546533

CONTIG: 557_12573_748926 (12573bp)
		This contig is unaligned. (12573 bp)
		Unaligned bases: 12573  total: 3559106

CONTIG: 2292_1737_349423_142+_..._832+ (1737bp)
		This contig is unaligned. (1737 bp)
		Unaligned bases: 1737  total: 3560843

CONTIG: 1088_18797_1229654 (18797bp)
		This contig is unaligned. (18797 bp)
		Unaligned bases: 18797  total: 3579640

CONTIG: 2314_27713_1700727_452+_1991+ (27713bp)
		This contig is unaligned. (27713 bp)
		Unaligned bases: 27713  total: 3607353

CONTIG: 102_3704_258816 (3704bp)
		This contig is unaligned. (3704 bp)
		Unaligned bases: 3704  total: 3611057

CONTIG: 2401_4877_386785_1916+_427+ (4877bp)
		This contig is unaligned. (4877 bp)
		Unaligned bases: 4877  total: 3615934

CONTIG: 25_21264_1407586 (21264bp)
		This contig is unaligned. (21264 bp)
		Unaligned bases: 21264  total: 3637198

CONTIG: 534_3154_253041 (3154bp)
		This contig is unaligned. (3154 bp)
		Unaligned bases: 3154  total: 3640352

CONTIG: 455_658_62515 (658bp)
		This contig is unaligned. (658 bp)
		Unaligned bases: 658  total: 3641010

CONTIG: 2436_550_43007_2268-_2212+ (550bp)
		This contig is unaligned. (550 bp)
		Unaligned bases: 550  total: 3641560

CONTIG: 2416_20261_1165751_2149-_1623+_552+ (20261bp)
		This contig is unaligned. (20261 bp)
		Unaligned bases: 20261  total: 3661821

CONTIG: 796_7710_539067 (7710bp)
		This contig is unaligned. (7710 bp)
		Unaligned bases: 7710  total: 3669531

CONTIG: 2444_1708_100884_2278-_1343+_2253+ (1708bp)
		This contig is unaligned. (1708 bp)
		Unaligned bases: 1708  total: 3671239

CONTIG: 2381_634_68479_1629+_2262+_1972- (634bp)
		This contig is unaligned. (634 bp)
		Unaligned bases: 634  total: 3671873

CONTIG: 1659_18568_1286017 (18568bp)
		This contig is unaligned. (18568 bp)
		Unaligned bases: 18568  total: 3690441

CONTIG: 1275_658_31590 (658bp)
		This contig is unaligned. (658 bp)
		Unaligned bases: 658  total: 3691099

CONTIG: 1873_3680_273675 (3680bp)
		This contig is unaligned. (3680 bp)
		Unaligned bases: 3680  total: 3694779

CONTIG: 896_2383_165626 (2383bp)
		This contig is unaligned. (2383 bp)
		Unaligned bases: 2383  total: 3697162

CONTIG: 867_3657_228600 (3657bp)
		This contig is unaligned. (3657 bp)
		Unaligned bases: 3657  total: 3700819

CONTIG: 2414_25747_1763343_2133-_1135-_529+ (25747bp)
		This contig is unaligned. (25747 bp)
		Unaligned bases: 25747  total: 3726566

CONTIG: 43_10941_816507 (10941bp)
		This contig is unaligned. (10941 bp)
		Unaligned bases: 10941  total: 3737507

CONTIG: 1415_1576_119865 (1576bp)
		This contig is unaligned. (1576 bp)
		Unaligned bases: 1576  total: 3739083

CONTIG: 107_8747_630166 (8747bp)
		This contig is unaligned. (8747 bp)
		Unaligned bases: 8747  total: 3747830

CONTIG: 2097_8301_653316 (8301bp)
		This contig is unaligned. (8301 bp)
		Unaligned bases: 8301  total: 3756131

CONTIG: 1962_3198_262537 (3198bp)
		This contig is unaligned. (3198 bp)
		Unaligned bases: 3198  total: 3759329

CONTIG: 1626_2718_136509 (2718bp)
		This contig is unaligned. (2718 bp)
		Unaligned bases: 2718  total: 3762047

CONTIG: 1596_4632_303199 (4632bp)
		This contig is unaligned. (4632 bp)
		Unaligned bases: 4632  total: 3766679

CONTIG: 1760_16114_1056859 (16114bp)
		This contig is unaligned. (16114 bp)
		Unaligned bases: 16114  total: 3782793

CONTIG: 641_21855_1338730 (21855bp)
		This contig is unaligned. (21855 bp)
		Unaligned bases: 21855  total: 3804648

CONTIG: 2236_2731_150112 (2731bp)
		This contig is unaligned. (2731 bp)
		Unaligned bases: 2731  total: 3807379

CONTIG: 1022_19724_1253895 (19724bp)
		This contig is unaligned. (19724 bp)
		Unaligned bases: 19724  total: 3827103

CONTIG: 1106_13674_867957 (13674bp)
		This contig is unaligned. (13674 bp)
		Unaligned bases: 13674  total: 3840777

CONTIG: 1755_9112_544847 (9112bp)
		This contig is unaligned. (9112 bp)
		Unaligned bases: 9112  total: 3849889

CONTIG: 603_1016_50720 (1016bp)
		This contig is unaligned. (1016 bp)
		Unaligned bases: 1016  total: 3850905

CONTIG: 601_10270_583969 (10270bp)
		This contig is unaligned. (10270 bp)
		Unaligned bases: 10270  total: 3861175

CONTIG: 347_5505_417453 (5505bp)
		This contig is unaligned. (5505 bp)
		Unaligned bases: 5505  total: 3866680

CONTIG: 210_850_43295 (850bp)
		This contig is unaligned. (850 bp)
		Unaligned bases: 850  total: 3867530

CONTIG: 1448_6395_429405 (6395bp)
		This contig is unaligned. (6395 bp)
		Unaligned bases: 6395  total: 3873925

CONTIG: 2447_1312_265964_2280+_722+ (1312bp)
Top Length: 323  Top ID: 99.38
		Skipping redundant alignment 5425 5745 | 321 1 | 321 321 | 98.45 | gi|552530953|ref|NC_007490.2|_Rhodobacter_sphaeroides_2.4.1_plasmid_D__complete_sequence 2447_1312_265964_2280+_722+
		This contig is partially unaligned. (323 out of 1312)
		Alignment: 11410 11732 | 323 1 | 323 323 | 99.38 | gi|552530953|ref|NC_007490.2|_Rhodobacter_sphaeroides_2.4.1_plasmid_D__complete_sequence 2447_1312_265964_2280+_722+
		Unaligned bases: 324 to 1312 (989)

CONTIG: 2390_2924_164109_1770+_379-_866+ (2924bp)
		This contig is unaligned. (2924 bp)
		Unaligned bases: 2924  total: 3876849

CONTIG: 2373_28039_1743403_1352+_1084+_1512+ (28039bp)
		This contig is unaligned. (28039 bp)
		Unaligned bases: 28039  total: 3904888

CONTIG: 434_5703_441053 (5703bp)
		This contig is unaligned. (5703 bp)
		Unaligned bases: 5703  total: 3910591

CONTIG: 1314_11958_727795 (11958bp)
		This contig is unaligned. (11958 bp)
		Unaligned bases: 11958  total: 3922549

CONTIG: 1986_6924_793636 (6924bp)
		This contig is unaligned. (6924 bp)
		Unaligned bases: 6924  total: 3929473

CONTIG: 844_29201_1833803 (29201bp)
		This contig is unaligned. (29201 bp)
		Unaligned bases: 29201  total: 3958674

CONTIG: 1988_10210_719250 (10210bp)
		This contig is unaligned. (10210 bp)
		Unaligned bases: 10210  total: 3968884

CONTIG: 2441_2067_520227_2277-_55+ (2067bp)
		This contig is unaligned. (2067 bp)
		Unaligned bases: 2067  total: 3970951

CONTIG: 2073_11315_726198 (11315bp)
		This contig is unaligned. (11315 bp)
		Unaligned bases: 11315  total: 3982266

CONTIG: 499_18643_1116271 (18643bp)
		This contig is unaligned. (18643 bp)
		Unaligned bases: 18643  total: 4000909

CONTIG: 2318_2710_803791_489+_52+_2205- (2710bp)
		This contig is unaligned. (2710 bp)
		Unaligned bases: 2710  total: 4003619

CONTIG: 1082_7548_486348 (7548bp)
		This contig is unaligned. (7548 bp)
		Unaligned bases: 7548  total: 4011167

CONTIG: 133_10512_708839 (10512bp)
		This contig is unaligned. (10512 bp)
		Unaligned bases: 10512  total: 4021679

CONTIG: 2358_12389_816325_1129+_1084+_1836+ (12389bp)
		This contig is unaligned. (12389 bp)
		Unaligned bases: 12389  total: 4034068

CONTIG: 1539_2844_185759 (2844bp)
		This contig is unaligned. (2844 bp)
		Unaligned bases: 2844  total: 4036912

CONTIG: 1743_2251_100233 (2251bp)
		This contig is unaligned. (2251 bp)
		Unaligned bases: 2251  total: 4039163

CONTIG: 349_877_61823 (877bp)
		This contig is unaligned. (877 bp)
		Unaligned bases: 877  total: 4040040

CONTIG: 1992_8266_617200 (8266bp)
		This contig is unaligned. (8266 bp)
		Unaligned bases: 8266  total: 4048306

CONTIG: 2171_1048_67893 (1048bp)
		This contig is unaligned. (1048 bp)
		Unaligned bases: 1048  total: 4049354

CONTIG: 2386_4666_344681_1707+_230+_688+ (4666bp)
		This contig is unaligned. (4666 bp)
		Unaligned bases: 4666  total: 4054020

CONTIG: 1402_28694_2142005 (28694bp)
		This contig is unaligned. (28694 bp)
		Unaligned bases: 28694  total: 4082714

CONTIG: 2217_3579_241325 (3579bp)
		This contig is unaligned. (3579 bp)
		Unaligned bases: 3579  total: 4086293

CONTIG: 659_6382_363124 (6382bp)
		This contig is unaligned. (6382 bp)
		Unaligned bases: 6382  total: 4092675

CONTIG: 157_579_35498 (579bp)
		This contig is unaligned. (579 bp)
		Unaligned bases: 579  total: 4093254

CONTIG: 5_4556_298851 (4556bp)
		This contig is unaligned. (4556 bp)
		Unaligned bases: 4556  total: 4097810

CONTIG: 2168_12197_865399 (12197bp)
		This contig is unaligned. (12197 bp)
		Unaligned bases: 12197  total: 4110007

CONTIG: 293_667_35250 (667bp)
		This contig is unaligned. (667 bp)
		Unaligned bases: 667  total: 4110674

CONTIG: 1108_2667_172363 (2667bp)
		This contig is unaligned. (2667 bp)
		Unaligned bases: 2667  total: 4113341

CONTIG: 1716_555_35381 (555bp)
		This contig is unaligned. (555 bp)
		Unaligned bases: 555  total: 4113896

CONTIG: 2385_923_56000_1706-_1019+ (923bp)
		This contig is unaligned. (923 bp)
		Unaligned bases: 923  total: 4114819

CONTIG: 1156_11298_766941 (11298bp)
		This contig is unaligned. (11298 bp)
		Unaligned bases: 11298  total: 4126117

CONTIG: 2330_3503_240818_647+_689+_156+ (3503bp)
		This contig is unaligned. (3503 bp)
		Unaligned bases: 3503  total: 4129620

CONTIG: 708_3405_226296 (3405bp)
		This contig is unaligned. (3405 bp)
		Unaligned bases: 3405  total: 4133025

CONTIG: 2301_16395_1199598_247+_476+ (16395bp)
		This contig is unaligned. (16395 bp)
		Unaligned bases: 16395  total: 4149420

CONTIG: 235_10106_612808 (10106bp)
		This contig is unaligned. (10106 bp)
		Unaligned bases: 10106  total: 4159526

CONTIG: 2367_4133_327214_1289+_1063+_1900+ (4133bp)
		This contig is unaligned. (4133 bp)
		Unaligned bases: 4133  total: 4163659

CONTIG: 408_513_24563 (513bp)
		This contig is unaligned. (513 bp)
		Unaligned bases: 513  total: 4164172

CONTIG: 756_5245_366135 (5245bp)
		This contig is unaligned. (5245 bp)
		Unaligned bases: 5245  total: 4169417

CONTIG: 2323_53323_3650069_622+_20+_646+ (53323bp)
		This contig is unaligned. (53323 bp)
		Unaligned bases: 53323  total: 4222740

CONTIG: 707_8668_622686 (8668bp)
		This contig is unaligned. (8668 bp)
		Unaligned bases: 8668  total: 4231408

CONTIG: 1587_20629_1350923 (20629bp)
		This contig is unaligned. (20629 bp)
		Unaligned bases: 20629  total: 4252037

CONTIG: 2224_6548_497708 (6548bp)
		This contig is unaligned. (6548 bp)
		Unaligned bases: 6548  total: 4258585

CONTIG: 2383_6157_438654_1664-_829+_2216+ (6157bp)
		This contig is unaligned. (6157 bp)
		Unaligned bases: 6157  total: 4264742

CONTIG: 1960_6552_433775 (6552bp)
		This contig is unaligned. (6552 bp)
		Unaligned bases: 6552  total: 4271294

CONTIG: 2339_22017_1368002_747+_791+ (22017bp)
		This contig is unaligned. (22017 bp)
		Unaligned bases: 22017  total: 4293311

CONTIG: 1416_8910_606405 (8910bp)
		This contig is unaligned. (8910 bp)
		Unaligned bases: 8910  total: 4302221

CONTIG: 1263_1973_214358 (1973bp)
		This contig is unaligned. (1973 bp)
		Unaligned bases: 1973  total: 4304194

CONTIG: 664_3847_249637 (3847bp)
		This contig is unaligned. (3847 bp)
		Unaligned bases: 3847  total: 4308041

CONTIG: 124_2315_127350 (2315bp)
		This contig is unaligned. (2315 bp)
		Unaligned bases: 2315  total: 4310356

CONTIG: 1153_7242_573334 (7242bp)
		This contig is unaligned. (7242 bp)
		Unaligned bases: 7242  total: 4317598

CONTIG: 1961_3585_257136 (3585bp)
		This contig is unaligned. (3585 bp)
		Unaligned bases: 3585  total: 4321183

CONTIG: 2304_11247_858952_260+_..._1288- (11247bp)
		This contig is unaligned. (11247 bp)
		Unaligned bases: 11247  total: 4332430

CONTIG: 1792_5264_302839 (5264bp)
		This contig is unaligned. (5264 bp)
		Unaligned bases: 5264  total: 4337694

CONTIG: 2379_55823_7351921_1498-_..._22- (55823bp)
		This contig is unaligned. (55823 bp)
		Unaligned bases: 55823  total: 4393517

Analyzing coverage...
Writing SNPs into /usit/invitro/data/galaxy/master/sabbai/galaxy-dist/database/job_working_directory/000/729/dataset_766_files/contigs_reports/nucmer_output/RS-H-Abyss.used_snps
	Reference gi|552530953|ref|NC_007490.2|_Rhodobacter_sphaeroides_2.4.1_plasmid_D__complete_sequence: 23 total alignments. 1 total regions.
		Region: 1 to 100827 (100827 bp)
			START in gap: 1 to 3 (2 bp)
			Align 1: 3 1048 2345_2754_744752_845-_..._1101- 1495 2540
				Gap between this and next alignment: 1048 to 2019 (970 bp)
				Next Alignment: 2019 2282 2403_1773_389579_1918+_2265- 1511 1773

			Align 2: 2019 2282 2403_1773_389579_1918+_2265- 1511 1773
				Gap between this and next alignment: 2282 to 3023 (740 bp)
				Next Alignment: 3023 5471 721_2449_339694 2449 1

			Align 3: 3023 5471 721_2449_339694 2449 1
				Gap between this and next alignment: 5471 to 5905 (433 bp)
				Next Alignment: 5905 6416 2334_512_59808_673+_1235- 512 1

			Align 4: 5905 6416 2334_512_59808_673+_1235- 512 1
				Gap between this and next alignment: 6416 to 6972 (555 bp)
				Next Alignment: 6972 8657 213_1686_157466 1 1686

			Align 5: 6972 8657 213_1686_157466 1 1686
				Gap between this and next alignment: 8657 to 8745 (87 bp)
				Next Alignment: 8745 11732 2446_2988_376586_2280+_153+ 2988 1

			Align 6: 8745 11732 2446_2988_376586_2280+_153+ 2988 1
				The next alignment (11410 11732 2447_1312_265964_2280+_722+ 323 1) is redundant. Skipping.
				Gap between this and next alignment: 11732 to 11892 (159 bp)
				Next Alignment: 11892 15313 2406_3422_496898_1955-_558+ 3422 1

			Align 8: 11892 15313 2406_3422_496898_1955-_558+ 3422 1
				Negative gap (overlap) between this and next alignment: 15313 to 14989 (-324 bp)
				Next Alignment: 14989 27296 2405_12308_1678498_1955+_1367+_1955+ 1 12308

			Previous gap was negative, modifying coordinates to ignore overlap
				Moving contig start from 1 to 326.
			Align 9: 15314 27296 2405_12308_1678498_1955+_1367+_1955+ 326 12308
				Negative gap (overlap) between this and next alignment: 27296 to 26972 (-324 bp)
				Next Alignment: 26972 32928 2351_5957_839637_967-_..._1955- 5957 1

			Previous gap was negative, modifying coordinates to ignore overlap
				Moving contig start from 5957 to 5632.
			Align 10: 27297 32928 2351_5957_839637_967-_..._1955- 5632 1
				Gap between this and next alignment: 32928 to 32950 (21 bp)
				Next Alignment: 32950 34616 2415_1667_172317_2145+_49+_13+ 1667 1

			Align 11: 32950 34616 2415_1667_172317_2145+_49+_13+ 1667 1
				Negative gap (overlap) between this and next alignment: 34616 to 34591 (-25 bp)
				Next Alignment: 34591 39671 2419_5081_714888_2180+_937+ 5081 1

			Previous gap was negative, modifying coordinates to ignore overlap
				Moving contig start from 5081 to 5055.
			Align 12: 34617 39671 2419_5081_714888_2180+_937+ 5055 1
				Negative gap (overlap) between this and next alignment: 39671 to 39422 (-249 bp)
				Next Alignment: 39422 44103 2421_4682_840601_2180-_703+_2267+ 1 4682

			Previous gap was negative, modifying coordinates to ignore overlap
				Moving contig start from 1 to 251.
			Align 13: 39672 44103 2421_4682_840601_2180-_703+_2267+ 251 4682
				The next alignment (39422 44103 2422_4682_844066_2180-_726+_2267+ 1 4682) is redundant. Skipping.
				Negative gap (overlap) between this and next alignment: 44103 to 39754 (-4349 bp)
				Next Alignment: 39754 44214 2434_31941_4792286_2267+_131+_22+ 1 4459

			Previous gap was negative, modifying coordinates to ignore overlap
				Moving contig start from 1 to 4351.
			Align 15: 44104 44214 2434_31941_4792286_2267+_131+_22+ 4351 4459
				Negative gap (overlap) between this and next alignment: 44214 to 39754 (-4460 bp)
				Next Alignment: 39754 46996 2435_7243_1166210_2267+_619+ 1 7243

			Previous gap was negative, modifying coordinates to ignore overlap
				Moving contig start from 1 to 4462.
			Align 16: 44215 46996 2435_7243_1166210_2267+_619+ 4462 7243
				Next Alignment: 46997 47562 403_566_67591 1 566

			Align 17: 46997 47562 403_566_67591 1 566
				Gap between this and next alignment: 47562 to 49954 (2391 bp)
				Next Alignment: 49954 64472 2380_14519_1460374_1589+_1038+_2091+ 14519 1

			Align 18: 49954 64472 2380_14519_1460374_1589+_1038+_2091+ 14519 1
				Gap between this and next alignment: 64472 to 64474 (1 bp)
				Next Alignment: 64474 65397 2316_924_108025_471+_..._1718- 1 924

			Align 19: 64474 65397 2316_924_108025_471+_..._1718- 1 924
				Gap between this and next alignment: 65397 to 65685 (287 bp)
				Next Alignment: 65685 87021 2442_21337_6435208_2277-_1806-_850+ 21337 1

			Align 20: 65685 87021 2442_21337_6435208_2277-_1806-_850+ 21337 1
				Negative gap (overlap) between this and next alignment: 87021 to 86644 (-377 bp)
				Next Alignment: 86644 87030 2440_7148_1428907_2277+_765+ 1 387

			Previous gap was negative, modifying coordinates to ignore overlap
				Moving contig start from 1 to 379.
			Align 21: 87022 87030 2440_7148_1428907_2277+_765+ 379 387
				Negative gap (overlap) between this and next alignment: 87030 to 86992 (-38 bp)
				Next Alignment: 86992 99210 2311_12219_2747299_412+_2260+ 1 12219

			Previous gap was negative, modifying coordinates to ignore overlap
				Moving contig start from 1 to 40.
			Align 22: 87031 99210 2311_12219_2747299_412+_2260+ 40 12219
				Next Alignment: 99211 100243 2326_1451_274652_630-_1027-_843+ 1033 1

			Align 23: 99211 100243 2326_1451_274652_630-_1027-_843+ 1033 1
			END in gap: 100243 to 100827 (584 bp)

Analysis is finished!
Founded SNPs were written into /usit/invitro/data/galaxy/master/sabbai/galaxy-dist/database/job_working_directory/000/729/dataset_766_files/contigs_reports/nucmer_output/RS-H-Abyss.used_snps

Results:
	Local Misassemblies: 0
	Misassemblies: 0
		Relocations: 0
		Translocations: 0
		Inversions: 0
	Misassembled Contigs: 0
	Misassembled Contig Bases: 0
	Misassmblies Inter-Contig Overlap: 0
Uncovered Regions: 0 (0)
Unaligned Contigs: 497 + 6 part
Partially Unaligned Contigs with Misassemblies: 0
Unaligned Contig Bases: 4432385

Ambiguously Mapped Contigs: 0
Total Bases in Ambiguously Mapped Contigs: 0
Note that --allow-ambiguity option was set to "one" and only first alignment per each contig was used.

	Covered Bases: 94597

	SNPs: 92
	Insertions: 0
	Deletions: 3

	Positive Gaps: 12
		Internal Gaps:  0
		External Gaps:  12
		External Gap Total:  6230
		External Gap Average: 519
	Negative Gaps: 8
		Internal Overlaps:  0
		External Overlaps:  8
		External Overlaps Total: -10146
		External Overlaps Average: -1268
	Contigs with Redundant Alignments: 2 (5005)
