Aligning contigs to reference...
	Running Nucmer...
Parsing coords...
Loading Assembly...
Loading reference...
	Loaded [gi|117617447|ref|NC_008570.1|_Aeromonas_hydrophila_subsp._hydrophila_ATCC_7966_chromosome__complete_genome]
Loading SNPs...
Loading regions...
	No regions given, using whole reference.
	Total Regions: 1
	Total Region Length: 4744448
Analyzing contigs...
CONTIG: NODE_90_length_1618_cov_12.768850_1 (1714bp)
		This contig is unaligned. (1714 bp)
		Unaligned bases: 1714  total: 1714

CONTIG: NODE_63_length_35876_cov_29.678198_1 (35972bp)
		This contig is unaligned. (35972 bp)
		Unaligned bases: 35972  total: 37686

CONTIG: NODE_30_length_4553_cov_51.265980_1 (4649bp)
		This contig is unaligned. (4649 bp)
		Unaligned bases: 4649  total: 42335

CONTIG: NODE_19_length_75805_cov_43.377705_1 (75901bp)
		This contig is unaligned. (75901 bp)
		Unaligned bases: 75901  total: 118236

CONTIG: NODE_174_length_9031_cov_25.491640_1 (9127bp)
		This contig is unaligned. (9127 bp)
		Unaligned bases: 9127  total: 127363

CONTIG: NODE_64_length_16617_cov_30.437384_1 (16713bp)
		This contig is unaligned. (16713 bp)
		Unaligned bases: 16713  total: 144076

CONTIG: NODE_28_length_1407_cov_45.241650_1 (1503bp)
		This contig is unaligned. (1503 bp)
		Unaligned bases: 1503  total: 145579

CONTIG: NODE_124_length_3300_cov_26.473940_1 (3396bp)
		This contig is unaligned. (3396 bp)
		Unaligned bases: 3396  total: 148975

CONTIG: NODE_168_length_129476_cov_27.270374_1 (93191bp)
		This contig is unaligned. (93191 bp)
		Unaligned bases: 93191  total: 242166

CONTIG: NODE_168_length_129476_cov_27.270374_2 (35290bp)
		This contig is unaligned. (35290 bp)
		Unaligned bases: 35290  total: 277456

CONTIG: NODE_168_length_129476_cov_27.270374_3 (966bp)
		This contig is unaligned. (966 bp)
		Unaligned bases: 966  total: 278422

CONTIG: NODE_48_length_525_cov_36.200001_1 (621bp)
		This contig is unaligned. (621 bp)
		Unaligned bases: 621  total: 279043

CONTIG: NODE_123_length_21524_cov_39.731182_1 (21620bp)
		This contig is unaligned. (21620 bp)
		Unaligned bases: 21620  total: 300663

CONTIG: NODE_74_length_24309_cov_22.412893_1 (24405bp)
		This contig is unaligned. (24405 bp)
		Unaligned bases: 24405  total: 325068

CONTIG: NODE_167_length_1126_cov_29.575489_1 (1222bp)
		This contig is unaligned. (1222 bp)
		Unaligned bases: 1222  total: 326290

CONTIG: NODE_183_length_605_cov_35.345455_1 (701bp)
		This contig is unaligned. (701 bp)
		Unaligned bases: 701  total: 326991

CONTIG: NODE_111_length_2257_cov_13.700487_1 (2353bp)
		This contig is unaligned. (2353 bp)
		Unaligned bases: 2353  total: 329344

CONTIG: NODE_92_length_486_cov_8.537037_1 (582bp)
		This contig is unaligned. (582 bp)
		Unaligned bases: 582  total: 329926

CONTIG: NODE_83_length_5039_cov_21.633459_1 (5135bp)
		This contig is unaligned. (5135 bp)
		Unaligned bases: 5135  total: 335061

CONTIG: NODE_129_length_609_cov_24.807882_1 (705bp)
		This contig is unaligned. (705 bp)
		Unaligned bases: 705  total: 335766

CONTIG: NODE_246_length_971_cov_55.654995_1 (1067bp)
		This contig is unaligned. (1067 bp)
		Unaligned bases: 1067  total: 336833

CONTIG: NODE_132_length_509_cov_29.724951_1 (605bp)
		This contig is unaligned. (605 bp)
		Unaligned bases: 605  total: 337438

CONTIG: NODE_18_length_18302_cov_35.145229_1 (18398bp)
		This contig is unaligned. (18398 bp)
		Unaligned bases: 18398  total: 355836

CONTIG: NODE_84_length_62163_cov_31.478580_1 (62259bp)
		This contig is unaligned. (62259 bp)
		Unaligned bases: 62259  total: 418095

CONTIG: NODE_228_length_953_cov_7.113327_1 (1049bp)
		This contig is unaligned. (1049 bp)
		Unaligned bases: 1049  total: 419144

CONTIG: NODE_57_length_37028_cov_30.793291_1 (37124bp)
		This contig is unaligned. (37124 bp)
		Unaligned bases: 37124  total: 456268

CONTIG: NODE_9_length_43346_cov_28.771858_1 (43442bp)
		This contig is unaligned. (43442 bp)
		Unaligned bases: 43442  total: 499710

CONTIG: NODE_23_length_18849_cov_30.118681_1 (18945bp)
		This contig is unaligned. (18945 bp)
		Unaligned bases: 18945  total: 518655

CONTIG: NODE_93_length_13472_cov_27.478399_1 (13568bp)
Top Length: 83  Top ID: 97.59
		Skipping redundant alignment 3414420 3414494 | 9486 9412 | 75 75 | 100.0 | gi|117617447|ref|NC_008570.1|_Aeromonas_hydrophila_subsp._hydrophila_ATCC_7966_chromosome__complete_genome NODE_93_length_13472_cov_27.478399_1
		This contig is partially unaligned. (83 out of 13568)
		Alignment: 4476056 4476138 | 9494 9412 | 83 83 | 97.59 | gi|117617447|ref|NC_008570.1|_Aeromonas_hydrophila_subsp._hydrophila_ATCC_7966_chromosome__complete_genome NODE_93_length_13472_cov_27.478399_1
		Unaligned bases: 1 to 9411 (9411)
		Unaligned bases: 9495 to 13568 (4074)

CONTIG: NODE_146_length_2789_cov_26.527788_3 (651bp)
		This contig is unaligned. (651 bp)
		Unaligned bases: 651  total: 519306

CONTIG: NODE_35_length_432_cov_83.152779_1 (528bp)
		This contig is unaligned. (528 bp)
		Unaligned bases: 528  total: 519834

CONTIG: NODE_239_length_1030_cov_18.535923_1 (1126bp)
		This contig is unaligned. (1126 bp)
		Unaligned bases: 1126  total: 520960

CONTIG: NODE_120_length_443_cov_100.440178_1 (539bp)
		This contig is unaligned. (539 bp)
		Unaligned bases: 539  total: 521499

CONTIG: NODE_59_length_20089_cov_28.237045_1 (20185bp)
		This contig is unaligned. (20185 bp)
		Unaligned bases: 20185  total: 541684

CONTIG: NODE_113_length_7578_cov_44.552654_1 (7674bp)
Top Length: 75  Top ID: 100.0
		This contig is partially unaligned. (75 out of 7674)
		Alignment: 3414420 3414494 | 1973 2047 | 75 75 | 100.0 | gi|117617447|ref|NC_008570.1|_Aeromonas_hydrophila_subsp._hydrophila_ATCC_7966_chromosome__complete_genome NODE_113_length_7578_cov_44.552654_1
		Unaligned bases: 1 to 1972 (1972)
		Unaligned bases: 2048 to 7674 (5627)

CONTIG: NODE_198_length_732_cov_8.135246_1 (828bp)
		This contig is unaligned. (828 bp)
		Unaligned bases: 828  total: 542512

CONTIG: NODE_222_length_5250_cov_25.660000_1 (4175bp)
		This contig is unaligned. (4175 bp)
		Unaligned bases: 4175  total: 546687

CONTIG: NODE_53_length_175989_cov_30.445118_2 (39010bp)
		This contig is unaligned. (39010 bp)
		Unaligned bases: 39010  total: 585697

CONTIG: NODE_46_length_9430_cov_22.366066_1 (9526bp)
		This contig is unaligned. (9526 bp)
		Unaligned bases: 9526  total: 595223

CONTIG: NODE_53_length_175989_cov_30.445118_1 (137065bp)
		This contig is unaligned. (137065 bp)
		Unaligned bases: 137065  total: 732288

CONTIG: NODE_147_length_2593_cov_26.765522_1 (2689bp)
		This contig is unaligned. (2689 bp)
		Unaligned bases: 2689  total: 734977

CONTIG: NODE_134_length_690_cov_8.698551_1 (786bp)
		This contig is unaligned. (786 bp)
		Unaligned bases: 786  total: 735763

CONTIG: NODE_5_length_1087_cov_140.346832_1 (1183bp)
		This contig is unaligned. (1183 bp)
		Unaligned bases: 1183  total: 736946

CONTIG: NODE_13_length_49475_cov_39.651157_1 (49571bp)
		This contig is unaligned. (49571 bp)
		Unaligned bases: 49571  total: 786517

CONTIG: NODE_154_length_1111_cov_8.314132_1 (1207bp)
		This contig is unaligned. (1207 bp)
		Unaligned bases: 1207  total: 787724

CONTIG: NODE_37_length_18115_cov_40.986752_1 (18211bp)
		This contig is unaligned. (18211 bp)
		Unaligned bases: 18211  total: 805935

CONTIG: NODE_26_length_246250_cov_39.313709_1 (246346bp)
		This contig is unaligned. (246346 bp)
		Unaligned bases: 246346  total: 1052281

CONTIG: NODE_1_length_28346_cov_26.590878_1 (28442bp)
		This contig is unaligned. (28442 bp)
		Unaligned bases: 28442  total: 1080723

CONTIG: NODE_94_length_619_cov_31.912762_1 (715bp)
		This contig is unaligned. (715 bp)
		Unaligned bases: 715  total: 1081438

CONTIG: NODE_52_length_187833_cov_33.246124_1 (187929bp)
		This contig is unaligned. (187929 bp)
		Unaligned bases: 187929  total: 1269367

CONTIG: NODE_38_length_3936_cov_25.661331_1 (4032bp)
		This contig is unaligned. (4032 bp)
		Unaligned bases: 4032  total: 1273399

CONTIG: NODE_173_length_936_cov_30.788462_1 (1032bp)
		This contig is unaligned. (1032 bp)
		Unaligned bases: 1032  total: 1274431

CONTIG: NODE_67_length_19088_cov_33.086285_1 (19184bp)
		This contig is unaligned. (19184 bp)
		Unaligned bases: 19184  total: 1293615

CONTIG: NODE_41_length_2792_cov_12.099570_1 (2888bp)
		This contig is unaligned. (2888 bp)
		Unaligned bases: 2888  total: 1296503

CONTIG: NODE_16_length_78994_cov_33.766388_1 (79090bp)
		This contig is unaligned. (79090 bp)
		Unaligned bases: 79090  total: 1375593

CONTIG: NODE_79_length_61888_cov_36.936192_2 (44197bp)
		This contig is unaligned. (44197 bp)
		Unaligned bases: 44197  total: 1419790

CONTIG: NODE_79_length_61888_cov_36.936192_1 (17777bp)
		This contig is unaligned. (17777 bp)
		Unaligned bases: 17777  total: 1437567

CONTIG: NODE_21_length_19755_cov_30.925537_1 (19851bp)
		This contig is unaligned. (19851 bp)
		Unaligned bases: 19851  total: 1457418

CONTIG: NODE_31_length_3184_cov_28.532349_1 (3280bp)
		This contig is unaligned. (3280 bp)
		Unaligned bases: 3280  total: 1460698

CONTIG: NODE_72_length_179904_cov_28.615000_1 (180000bp)
		This contig is unaligned. (180000 bp)
		Unaligned bases: 180000  total: 1640698

CONTIG: NODE_76_length_16713_cov_26.188656_1 (16809bp)
		This contig is unaligned. (16809 bp)
		Unaligned bases: 16809  total: 1657507

CONTIG: NODE_95_length_425_cov_71.176468_1 (521bp)
		This contig is unaligned. (521 bp)
		Unaligned bases: 521  total: 1658028

CONTIG: NODE_197_length_2520_cov_24.186508_1 (2616bp)
		This contig is unaligned. (2616 bp)
		Unaligned bases: 2616  total: 1660644

CONTIG: NODE_130_length_2654_cov_12.233232_1 (2750bp)
		This contig is unaligned. (2750 bp)
		Unaligned bases: 2750  total: 1663394

CONTIG: NODE_114_length_2870_cov_35.084320_1 (2966bp)
		This contig is unaligned. (2966 bp)
		Unaligned bases: 2966  total: 1666360

CONTIG: NODE_151_length_5881_cov_27.987417_4 (2003bp)
		This contig is unaligned. (2003 bp)
		Unaligned bases: 2003  total: 1668363

CONTIG: NODE_66_length_972_cov_14.118313_1 (1068bp)
		This contig is unaligned. (1068 bp)
		Unaligned bases: 1068  total: 1669431

CONTIG: NODE_151_length_5881_cov_27.987417_1 (2575bp)
		This contig is unaligned. (2575 bp)
		Unaligned bases: 2575  total: 1672006

CONTIG: NODE_151_length_5881_cov_27.987417_2 (775bp)
		This contig is unaligned. (775 bp)
		Unaligned bases: 775  total: 1672781

CONTIG: NODE_102_length_2734_cov_15.105340_1 (2830bp)
		This contig is unaligned. (2830 bp)
		Unaligned bases: 2830  total: 1675611

CONTIG: NODE_99_length_22104_cov_31.856632_1 (10087bp)
		This contig is unaligned. (10087 bp)
		Unaligned bases: 10087  total: 1685698

CONTIG: NODE_88_length_4907_cov_17.880579_1 (5003bp)
		This contig is unaligned. (5003 bp)
		Unaligned bases: 5003  total: 1690701

CONTIG: NODE_150_length_746_cov_11.282842_1 (842bp)
		This contig is unaligned. (842 bp)
		Unaligned bases: 842  total: 1691543

CONTIG: NODE_122_length_438_cov_46.184933_1 (534bp)
		This contig is unaligned. (534 bp)
		Unaligned bases: 534  total: 1692077

CONTIG: NODE_82_length_608_cov_35.373356_1 (704bp)
		This contig is unaligned. (704 bp)
		Unaligned bases: 704  total: 1692781

CONTIG: NODE_91_length_2122_cov_26.607447_1 (2218bp)
		This contig is unaligned. (2218 bp)
		Unaligned bases: 2218  total: 1694999

CONTIG: NODE_81_length_3483_cov_19.001148_1 (3579bp)
		This contig is unaligned. (3579 bp)
		Unaligned bases: 3579  total: 1698578

CONTIG: NODE_146_length_2789_cov_26.527788_4 (968bp)
		This contig is unaligned. (968 bp)
		Unaligned bases: 968  total: 1699546

CONTIG: NODE_73_length_5578_cov_25.452312_1 (5674bp)
		This contig is unaligned. (5674 bp)
		Unaligned bases: 5674  total: 1705220

CONTIG: NODE_101_length_109900_cov_28.102829_1 (46461bp)
		This contig is unaligned. (46461 bp)
		Unaligned bases: 46461  total: 1751681

CONTIG: NODE_125_length_743_cov_51.566624_1 (839bp)
		This contig is unaligned. (839 bp)
		Unaligned bases: 839  total: 1752520

CONTIG: NODE_105_length_1235_cov_25.489878_1 (1331bp)
		This contig is unaligned. (1331 bp)
		Unaligned bases: 1331  total: 1753851

CONTIG: NODE_104_length_1218_cov_30.857964_1 (1314bp)
		This contig is unaligned. (1314 bp)
		Unaligned bases: 1314  total: 1755165

CONTIG: NODE_69_length_8500_cov_41.034237_1 (8596bp)
		This contig is unaligned. (8596 bp)
		Unaligned bases: 8596  total: 1763761

CONTIG: NODE_25_length_46435_cov_35.696651_1 (46531bp)
		This contig is unaligned. (46531 bp)
		Unaligned bases: 46531  total: 1810292

CONTIG: NODE_80_length_17240_cov_21.397274_1 (17336bp)
		This contig is unaligned. (17336 bp)
		Unaligned bases: 17336  total: 1827628

CONTIG: NODE_17_length_49286_cov_39.034920_1 (49382bp)
		This contig is unaligned. (49382 bp)
		Unaligned bases: 49382  total: 1877010

CONTIG: NODE_115_length_1292_cov_299.208191_1 (1388bp)
		This contig is unaligned. (1388 bp)
		Unaligned bases: 1388  total: 1878398

CONTIG: NODE_77_length_10131_cov_29.599941_1 (10227bp)
		This contig is unaligned. (10227 bp)
		Unaligned bases: 10227  total: 1888625

CONTIG: NODE_14_length_26051_cov_30.426048_1 (26147bp)
		This contig is unaligned. (26147 bp)
		Unaligned bases: 26147  total: 1914772

CONTIG: NODE_158_length_448_cov_59.763393_1 (544bp)
		This contig is unaligned. (544 bp)
		Unaligned bases: 544  total: 1915316

CONTIG: NODE_106_length_7781_cov_24.994602_1 (7877bp)
		This contig is unaligned. (7877 bp)
		Unaligned bases: 7877  total: 1923193

CONTIG: NODE_100_length_3314_cov_15.386844_1 (3410bp)
		This contig is unaligned. (3410 bp)
		Unaligned bases: 3410  total: 1926603

CONTIG: NODE_68_length_8177_cov_26.215605_2 (5052bp)
		This contig is unaligned. (5052 bp)
		Unaligned bases: 5052  total: 1931655

CONTIG: NODE_68_length_8177_cov_26.215605_1 (3211bp)
		This contig is unaligned. (3211 bp)
		Unaligned bases: 3211  total: 1934866

CONTIG: NODE_230_length_206825_cov_30.510572_3 (108108bp)
		This contig is unaligned. (108108 bp)
		Unaligned bases: 108108  total: 2042974

CONTIG: NODE_131_length_836_cov_7.044259_1 (932bp)
		This contig is unaligned. (932 bp)
		Unaligned bases: 932  total: 2043906

CONTIG: NODE_47_length_39312_cov_26.955536_1 (39408bp)
		This contig is unaligned. (39408 bp)
		Unaligned bases: 39408  total: 2083314

CONTIG: NODE_103_length_1598_cov_14.213391_1 (1694bp)
		This contig is unaligned. (1694 bp)
		Unaligned bases: 1694  total: 2085008

CONTIG: NODE_133_length_1278_cov_13.342723_1 (1374bp)
		This contig is unaligned. (1374 bp)
		Unaligned bases: 1374  total: 2086382

CONTIG: NODE_45_length_4687_cov_49.028164_1 (4783bp)
		This contig is unaligned. (4783 bp)
		Unaligned bases: 4783  total: 2091165

CONTIG: NODE_22_length_229006_cov_33.192383_1 (131432bp)
		This contig is unaligned. (131432 bp)
		Unaligned bases: 131432  total: 2222597

CONTIG: NODE_22_length_229006_cov_33.192383_2 (97660bp)
		This contig is unaligned. (97660 bp)
		Unaligned bases: 97660  total: 2320257

CONTIG: NODE_6_length_108098_cov_31.741873_1 (108194bp)
Top Length: 96  Top ID: 98.96
		This contig is partially unaligned. (96 out of 108194)
		Alignment: 809109 809204 | 108041 107946 | 96 96 | 98.96 | gi|117617447|ref|NC_008570.1|_Aeromonas_hydrophila_subsp._hydrophila_ATCC_7966_chromosome__complete_genome NODE_6_length_108098_cov_31.741873_1
		Unaligned bases: 1 to 107945 (107945)
		Unaligned bases: 108042 to 108194 (153)

CONTIG: NODE_56_length_17305_cov_30.377174_1 (17401bp)
		This contig is unaligned. (17401 bp)
		Unaligned bases: 17401  total: 2337658

CONTIG: NODE_61_length_1257_cov_37.194908_1 (981bp)
		This contig is unaligned. (981 bp)
		Unaligned bases: 981  total: 2338639

CONTIG: NODE_78_length_2283_cov_26.593079_1 (2379bp)
		This contig is unaligned. (2379 bp)
		Unaligned bases: 2379  total: 2341018

CONTIG: NODE_151_length_5881_cov_27.987417_3 (594bp)
		This contig is unaligned. (594 bp)
		Unaligned bases: 594  total: 2341612

CONTIG: NODE_116_length_8871_cov_30.431293_1 (8967bp)
		This contig is unaligned. (8967 bp)
		Unaligned bases: 8967  total: 2350579

CONTIG: NODE_40_length_445_cov_25.213484_1 (541bp)
		This contig is unaligned. (541 bp)
		Unaligned bases: 541  total: 2351120

CONTIG: NODE_159_length_578_cov_37.029411_1 (674bp)
		This contig is unaligned. (674 bp)
		Unaligned bases: 674  total: 2351794

CONTIG: NODE_29_length_2876_cov_29.655077_1 (2972bp)
		This contig is unaligned. (2972 bp)
		Unaligned bases: 2972  total: 2354766

CONTIG: NODE_226_length_455_cov_65.890106_1 (551bp)
		This contig is unaligned. (551 bp)
		Unaligned bases: 551  total: 2355317

CONTIG: NODE_89_length_1013_cov_16.645607_1 (1109bp)
		This contig is unaligned. (1109 bp)
		Unaligned bases: 1109  total: 2356426

CONTIG: NODE_71_length_9176_cov_37.625652_1 (9272bp)
		This contig is unaligned. (9272 bp)
		Unaligned bases: 9272  total: 2365698

CONTIG: NODE_99_length_22104_cov_31.856632_2 (12103bp)
		This contig is unaligned. (12103 bp)
		Unaligned bases: 12103  total: 2377801

CONTIG: NODE_34_length_67000_cov_28.404657_1 (67096bp)
		This contig is unaligned. (67096 bp)
		Unaligned bases: 67096  total: 2444897

CONTIG: NODE_186_length_463_cov_15.224622_1 (559bp)
		This contig is unaligned. (559 bp)
		Unaligned bases: 559  total: 2445456

CONTIG: NODE_12_length_85736_cov_33.988731_1 (85832bp)
		This contig is unaligned. (85832 bp)
		Unaligned bases: 85832  total: 2531288

CONTIG: NODE_58_length_1311_cov_361.430206_1 (1407bp)
		This contig is unaligned. (1407 bp)
		Unaligned bases: 1407  total: 2532695

CONTIG: NODE_8_length_48907_cov_28.444824_1 (49003bp)
		This contig is unaligned. (49003 bp)
		Unaligned bases: 49003  total: 2581698

CONTIG: NODE_108_length_2420_cov_13.328099_1 (2516bp)
		This contig is unaligned. (2516 bp)
		Unaligned bases: 2516  total: 2584214

CONTIG: NODE_156_length_3361_cov_31.968462_1 (2158bp)
		This contig is unaligned. (2158 bp)
		Unaligned bases: 2158  total: 2586372

CONTIG: NODE_156_length_3361_cov_31.968462_2 (1289bp)
		This contig is unaligned. (1289 bp)
		Unaligned bases: 1289  total: 2587661

CONTIG: NODE_192_length_629_cov_322.837830_1 (725bp)
		This contig is unaligned. (725 bp)
		Unaligned bases: 725  total: 2588386

CONTIG: NODE_96_length_46951_cov_27.743881_1 (47047bp)
		This contig is unaligned. (47047 bp)
		Unaligned bases: 47047  total: 2635433

CONTIG: NODE_27_length_9964_cov_33.301186_1 (10060bp)
		This contig is unaligned. (10060 bp)
		Unaligned bases: 10060  total: 2645493

CONTIG: NODE_39_length_8145_cov_23.059299_1 (8241bp)
		This contig is unaligned. (8241 bp)
		Unaligned bases: 8241  total: 2653734

CONTIG: NODE_87_length_6780_cov_26.567846_1 (6876bp)
		This contig is unaligned. (6876 bp)
		Unaligned bases: 6876  total: 2660610

CONTIG: NODE_178_length_39878_cov_28.384071_1 (39974bp)
		This contig is unaligned. (39974 bp)
		Unaligned bases: 39974  total: 2700584

CONTIG: NODE_65_length_10284_cov_25.724524_1 (10380bp)
		This contig is unaligned. (10380 bp)
		Unaligned bases: 10380  total: 2710964

CONTIG: NODE_170_length_595_cov_105.020164_1 (691bp)
		This contig is unaligned. (691 bp)
		Unaligned bases: 691  total: 2711655

CONTIG: NODE_7_length_91940_cov_41.414837_1 (92036bp)
Top Length: 96  Top ID: 98.96
		Skipping redundant alignment 355167 355258 | 1 92 | 92 92 | 100.0 | gi|117617447|ref|NC_008570.1|_Aeromonas_hydrophila_subsp._hydrophila_ATCC_7966_chromosome__complete_genome NODE_7_length_91940_cov_41.414837_1
		Skipping redundant alignment 4449168 4449259 | 92 1 | 92 92 | 100.0 | gi|117617447|ref|NC_008570.1|_Aeromonas_hydrophila_subsp._hydrophila_ATCC_7966_chromosome__complete_genome NODE_7_length_91940_cov_41.414837_1
		Skipping redundant alignment 4697518 4697609 | 92 1 | 92 92 | 100.0 | gi|117617447|ref|NC_008570.1|_Aeromonas_hydrophila_subsp._hydrophila_ATCC_7966_chromosome__complete_genome NODE_7_length_91940_cov_41.414837_1
		This contig is partially unaligned. (96 out of 92036)
		Alignment: 809109 809204 | 1 96 | 96 96 | 98.96 | gi|117617447|ref|NC_008570.1|_Aeromonas_hydrophila_subsp._hydrophila_ATCC_7966_chromosome__complete_genome NODE_7_length_91940_cov_41.414837_1
		Unaligned bases: 97 to 92036 (91940)

CONTIG: NODE_222_length_5250_cov_25.660000_2 (1161bp)
		This contig is unaligned. (1161 bp)
		Unaligned bases: 1161  total: 2712816

CONTIG: NODE_44_length_7889_cov_25.387375_2 (1672bp)
		This contig is unaligned. (1672 bp)
		Unaligned bases: 1672  total: 2714488

CONTIG: NODE_44_length_7889_cov_25.387375_1 (6303bp)
		This contig is unaligned. (6303 bp)
		Unaligned bases: 6303  total: 2720791

CONTIG: NODE_36_length_24727_cov_33.056820_1 (24823bp)
		This contig is unaligned. (24823 bp)
		Unaligned bases: 24823  total: 2745614

CONTIG: NODE_142_length_790_cov_14.315190_1 (886bp)
		This contig is unaligned. (886 bp)
		Unaligned bases: 886  total: 2746500

CONTIG: NODE_4_length_53294_cov_26.253950_1 (53390bp)
		This contig is unaligned. (53390 bp)
		Unaligned bases: 53390  total: 2799890

CONTIG: NODE_62_length_11020_cov_40.314426_1 (11116bp)
		This contig is unaligned. (11116 bp)
		Unaligned bases: 11116  total: 2811006

CONTIG: NODE_146_length_2789_cov_26.527788_1 (784bp)
		This contig is unaligned. (784 bp)
		Unaligned bases: 784  total: 2811790

CONTIG: NODE_24_length_931_cov_329.992493_1 (1027bp)
		This contig is unaligned. (1027 bp)
		Unaligned bases: 1027  total: 2812817

CONTIG: NODE_50_length_240631_cov_30.902813_2 (140621bp)
		This contig is unaligned. (140621 bp)
		Unaligned bases: 140621  total: 2953438

CONTIG: NODE_50_length_240631_cov_30.902813_1 (100096bp)
		This contig is unaligned. (100096 bp)
		Unaligned bases: 100096  total: 3053534

CONTIG: NODE_20_length_63478_cov_30.788668_1 (63574bp)
		This contig is unaligned. (63574 bp)
		Unaligned bases: 63574  total: 3117108

CONTIG: NODE_32_length_7433_cov_14.440872_1 (7529bp)
		This contig is unaligned. (7529 bp)
		Unaligned bases: 7529  total: 3124637

CONTIG: NODE_70_length_40237_cov_29.237244_1 (40333bp)
		This contig is unaligned. (40333 bp)
		Unaligned bases: 40333  total: 3164970

CONTIG: NODE_101_length_109900_cov_28.102829_2 (63525bp)
		This contig is unaligned. (63525 bp)
		Unaligned bases: 63525  total: 3228495

CONTIG: NODE_257_length_647_cov_231.629059_1 (743bp)
		This contig is unaligned. (743 bp)
		Unaligned bases: 743  total: 3229238

CONTIG: NODE_3_length_5386_cov_170.827881_1 (5482bp)
		This contig is unaligned. (5482 bp)
		Unaligned bases: 5482  total: 3234720

CONTIG: NODE_33_length_38542_cov_26.001842_1 (38638bp)
		This contig is unaligned. (38638 bp)
		Unaligned bases: 38638  total: 3273358

CONTIG: NODE_60_length_20564_cov_27.495770_1 (20660bp)
		This contig is unaligned. (20660 bp)
		Unaligned bases: 20660  total: 3294018

CONTIG: NODE_230_length_206825_cov_30.510572_2 (98606bp)
		This contig is unaligned. (98606 bp)
		Unaligned bases: 98606  total: 3392624

CONTIG: NODE_10_length_110917_cov_36.262135_1 (111013bp)
		This contig is unaligned. (111013 bp)
		Unaligned bases: 111013  total: 3503637

CONTIG: NODE_121_length_217866_cov_35.292313_1 (217962bp)
		This contig is unaligned. (217962 bp)
		Unaligned bases: 217962  total: 3721599

CONTIG: NODE_11_length_1093_cov_22.935041_1 (1189bp)
		This contig is unaligned. (1189 bp)
		Unaligned bases: 1189  total: 3722788

Analyzing coverage...
Writing SNPs into /usit/invitro/data/galaxy/master/sabbai/galaxy-dist/database/job_working_directory/001/1142/dataset_1225_files/Contig/contigs_reports/nucmer_output/Velvet.used_snps
	Reference gi|117617447|ref|NC_008570.1|_Aeromonas_hydrophila_subsp._hydrophila_ATCC_7966_chromosome__complete_genome: 4 total alignments. 1 total regions.
		Region: 1 to 4744448 (4744448 bp)
			START in gap: 1 to 809109 (809108 bp)
			Align 1: 809109 809204 NODE_6_length_108098_cov_31.741873_1 108041 107946
				The next alignment (809109 809204 NODE_7_length_91940_cov_41.414837_1 1 96) is redundant. Skipping.
				Gap between this and next alignment: 809204 to 3414420 (2605215 bp)
				Next Alignment: 3414420 3414494 NODE_113_length_7578_cov_44.552654_1 1973 2047

			Align 3: 3414420 3414494 NODE_113_length_7578_cov_44.552654_1 1973 2047
				Gap between this and next alignment: 3414494 to 4476056 (1061561 bp)
				Next Alignment: 4476056 4476138 NODE_93_length_13472_cov_27.478399_1 9494 9412

			Align 4: 4476056 4476138 NODE_93_length_13472_cov_27.478399_1 9494 9412
			END in gap: 4476138 to 4744448 (268310 bp)

Analysis is finished!
Founded SNPs were written into /usit/invitro/data/galaxy/master/sabbai/galaxy-dist/database/job_working_directory/001/1142/dataset_1225_files/Contig/contigs_reports/nucmer_output/Velvet.used_snps

Results:
	Local Misassemblies: 0
	Misassemblies: 0
		Relocations: 0
		Translocations: 0
		Inversions: 0
	Misassembled Contigs: 0
	Misassembled Contig Bases: 0
	Misassmblies Inter-Contig Overlap: 0
Uncovered Regions: 0 (0)
Unaligned Contigs: 152 + 4 part
Partially Unaligned Contigs with Misassemblies: 0
Unaligned Contig Bases: 3943910

Ambiguously Mapped Contigs: 0
Total Bases in Ambiguously Mapped Contigs: 0
Note that --allow-ambiguity option was set to "one" and only first alignment per each contig was used.

	Covered Bases: 254

	SNPs: 3
	Insertions: 0
	Deletions: 0

	Positive Gaps: 4
		Internal Gaps:  0
		External Gaps:  4
		External Gap Total:  4744194
		External Gap Average: 1186048
	Negative Gaps: 0
		Internal Overlaps:  0
		External Overlaps:  0
		External Overlaps Total:  0
		External Overlaps Average: 0
	Contigs with Redundant Alignments: 1 (96)
