/usit/invitro/data/galaxy/master/sabbai/galaxy-dist/tools/assembly_benchmark/quast/quast.py -o /usit/invitro/data/galaxy/master/sabbai/galaxy-dist/database/job_working_directory/001/1153/dataset_1236_files/NC_005707.1 -R /usit/invitro/data/galaxy/master/sabbai/galaxy-dist/database/job_working_directory/001/1153/dataset_1236_files/tmpRef.fna -l Velvet /usit/invitro/data/galaxy/master/sabbai/galaxy-dist/database/files/000/dataset_497.dat

Version 2.2, build 19.07.2013 21:21


System information:
  OS: Linux-2.6.18-371.el5-x86_64-with-redhat-5.10-Tikanga
  Python version: 2.7.0
  CPUs number: 64

Started: 2014-03-29 07:04:08

Logging to /usit/invitro/data/galaxy/master/sabbai/galaxy-dist/database/job_working_directory/001/1153/dataset_1236_files/NC_005707.1/quast.log

NOTICE: Output directory already exists. Existing Nucmer alignments can be used.

NOTICE: Maximum number of threads is set to 64 (use --threads option to set it manually)

Reference:
  /usit/invitro/data/galaxy/master/sabbai/galaxy-dist/database/job_working_directory/001/1153/dataset_1236_files/tmpRef.fna ==> tmpRef

Contigs:
  /usit/invitro/data/galaxy/master/sabbai/galaxy-dist/database/files/000/dataset_497.dat ==> Velvet

2014-03-29 07:04:13
Running Basic statistics processor...
  Reference genome:
    tmpRef.fna, Reference length = 208369, Reference GC % = 33.44
  Contig files: 
    Velvet
  Calculating N50 and L50...
    Velvet, N50 = 130570, L50 = 12, Total length = 5380960, GC % = 35.30, # N's per 100 kbp =  102.42
  Drawing cumulative plot...
    saved to /usit/invitro/data/galaxy/master/sabbai/galaxy-dist/database/job_working_directory/001/1153/dataset_1236_files/NC_005707.1/basic_stats/cumulative_plot.pdf
  Drawing GC content plot...
    saved to /usit/invitro/data/galaxy/master/sabbai/galaxy-dist/database/job_working_directory/001/1153/dataset_1236_files/NC_005707.1/basic_stats/GC_content_plot.pdf
  Drawing Nx plot...
    saved to /usit/invitro/data/galaxy/master/sabbai/galaxy-dist/database/job_working_directory/001/1153/dataset_1236_files/NC_005707.1/basic_stats/Nx_plot.pdf
  Drawing NGx plot...
    saved to /usit/invitro/data/galaxy/master/sabbai/galaxy-dist/database/job_working_directory/001/1153/dataset_1236_files/NC_005707.1/basic_stats/NGx_plot.pdf
Done.

2014-03-29 07:04:15
Running Contig analyzer...
  Velvet
  Logging to files /usit/invitro/data/galaxy/master/sabbai/galaxy-dist/database/job_working_directory/001/1153/dataset_1236_files/NC_005707.1/contigs_reports/contigs_report_Velvet.stdout and contigs_report_Velvet.stderr...
  Running Nucmer... 
/usit/invitro/data/galaxy/master/sabbai/galaxy-dist/database/job_working_directory/001/1153/dataset_1236_files/NC_005707.1/contigs_reports/alignments_Velvet.tsv
  Analysis is finished.
  Creating total report...
    saved to /usit/invitro/data/galaxy/master/sabbai/galaxy-dist/database/job_working_directory/001/1153/dataset_1236_files/NC_005707.1/contigs_reports/misassemblies_report.txt, misassemblies_report.tsv, and misassemblies_report.tex
  Creating total report...
    saved to /usit/invitro/data/galaxy/master/sabbai/galaxy-dist/database/job_working_directory/001/1153/dataset_1236_files/NC_005707.1/contigs_reports/unaligned_report.txt, unaligned_report.tsv, and unaligned_report.tex
Done.

2014-03-29 07:04:19
Running NA-NGA calculation...
  Calculating NA50 and NGA50...
    Velvet, Largest alignment = 69698, NA50 = None, NGA50 = 39488, LA50 = None, LGA50 = 2
  Drawing cumulative plot...
    saved to /usit/invitro/data/galaxy/master/sabbai/galaxy-dist/database/job_working_directory/001/1153/dataset_1236_files/NC_005707.1/aligned_stats/cumulative_plot.pdf
  Drawing NAx plot...
    saved to /usit/invitro/data/galaxy/master/sabbai/galaxy-dist/database/job_working_directory/001/1153/dataset_1236_files/NC_005707.1/aligned_stats/NAx_plot.pdf
  Drawing NGAx plot...
    saved to /usit/invitro/data/galaxy/master/sabbai/galaxy-dist/database/job_working_directory/001/1153/dataset_1236_files/NC_005707.1/aligned_stats/NGAx_plot.pdf
  Done.

2014-03-29 07:04:20
Running Genome analyzer...
  NOTICE: Annotated genes file was not provided. Use -G option to specify it.
  NOTICE: Annotated operons file was not provided. Use -O option to specify it.
  Velvet
  Drawing Genome fraction, % histogram...
    saved to /usit/invitro/data/galaxy/master/sabbai/galaxy-dist/database/job_working_directory/001/1153/dataset_1236_files/NC_005707.1/genome_stats/genome_fraction_histogram.pdf
Done.

NOTICE: Genes are not predicted by default. Use --gene-finding option to enable it.

2014-03-29 07:04:20
Summarizing...
  Creating total report...
    saved to /usit/invitro/data/galaxy/master/sabbai/galaxy-dist/database/job_working_directory/001/1153/dataset_1236_files/NC_005707.1/report.txt, report.tsv, and report.tex
  Transposed version of total report...
    saved to /usit/invitro/data/galaxy/master/sabbai/galaxy-dist/database/job_working_directory/001/1153/dataset_1236_files/NC_005707.1/transposed_report.txt, transposed_report.tsv, and transposed_report.tex
  HTML version saved to /usit/invitro/data/galaxy/master/sabbai/galaxy-dist/database/job_working_directory/001/1153/dataset_1236_files/NC_005707.1/report.html
  All pdf files are merged to /usit/invitro/data/galaxy/master/sabbai/galaxy-dist/database/job_working_directory/001/1153/dataset_1236_files/NC_005707.1/plots.pdf
Log saved to /usit/invitro/data/galaxy/master/sabbai/galaxy-dist/database/job_working_directory/001/1153/dataset_1236_files/NC_005707.1/quast.log

Finished: 2014-03-29 07:04:20
Elapsed time: 0:00:12.247468
