/usit/invitro/data/galaxy/master/sabbai/galaxy-dist/tools/comparative_assembly_statistics/quast-2.2/quast.py -o /usit/invitro/data/galaxy/master/sabbai/galaxy-dist/database/job_working_directory/001/1794/dataset_1876_files/BC2 -R /usit/invitro/data/galaxy/master/sabbai/galaxy-dist/database/job_working_directory/001/1794/dataset_1876_files/BC2.fna -l cabog /usit/invitro/data/galaxy/master/sabbai/galaxy-dist/database/files/000/dataset_480.dat

Version 2.2, build 19.07.2013 21:21


System information:
  OS: Linux-2.6.18-371.el5-x86_64-with-redhat-5.10-Tikanga
  Python version: 2.7.0
  CPUs number: 64

Started: 2014-05-04 21:41:24

Logging to /usit/invitro/data/galaxy/master/sabbai/galaxy-dist/database/job_working_directory/001/1794/dataset_1876_files/BC2/quast.log

NOTICE: Output directory already exists. Existing Nucmer alignments can be used.

NOTICE: Maximum number of threads is set to 64 (use --threads option to set it manually)

Reference:
  /usit/invitro/data/galaxy/master/sabbai/galaxy-dist/database/job_working_directory/001/1794/dataset_1876_files/BC2.fna ==> BC2

Contigs:
  /usit/invitro/data/galaxy/master/sabbai/galaxy-dist/database/files/000/dataset_480.dat ==> cabog

2014-05-04 21:41:26
Running Basic statistics processor...
  Reference genome:
    BC2.fna, Reference length = 210423, Reference GC % = 33.69
  Contig files: 
    cabog
  Calculating N50 and L50...
    cabog, N50 = 237457, L50 = 7, Total length = 4969260, GC % = 61.53, # N's per 100 kbp =  1.83
  Drawing cumulative plot...
    saved to /usit/invitro/data/galaxy/master/sabbai/galaxy-dist/database/job_working_directory/001/1794/dataset_1876_files/BC2/basic_stats/cumulative_plot.pdf
  Drawing GC content plot...
    saved to /usit/invitro/data/galaxy/master/sabbai/galaxy-dist/database/job_working_directory/001/1794/dataset_1876_files/BC2/basic_stats/GC_content_plot.pdf
  Drawing Nx plot...
    saved to /usit/invitro/data/galaxy/master/sabbai/galaxy-dist/database/job_working_directory/001/1794/dataset_1876_files/BC2/basic_stats/Nx_plot.pdf
  Drawing NGx plot...
    saved to /usit/invitro/data/galaxy/master/sabbai/galaxy-dist/database/job_working_directory/001/1794/dataset_1876_files/BC2/basic_stats/NGx_plot.pdf
Done.

2014-05-04 21:41:27
Running Contig analyzer...
  cabog
  Logging to files /usit/invitro/data/galaxy/master/sabbai/galaxy-dist/database/job_working_directory/001/1794/dataset_1876_files/BC2/contigs_reports/contigs_report_cabog.stdout and contigs_report_cabog.stderr...
  Running Nucmer... 
/usit/invitro/data/galaxy/master/sabbai/galaxy-dist/database/job_working_directory/001/1794/dataset_1876_files/BC2/contigs_reports/alignments_cabog.tsv
  Analysis is finished.
  Creating total report...
    saved to /usit/invitro/data/galaxy/master/sabbai/galaxy-dist/database/job_working_directory/001/1794/dataset_1876_files/BC2/contigs_reports/misassemblies_report.txt, misassemblies_report.tsv, and misassemblies_report.tex
  Creating total report...
    saved to /usit/invitro/data/galaxy/master/sabbai/galaxy-dist/database/job_working_directory/001/1794/dataset_1876_files/BC2/contigs_reports/unaligned_report.txt, unaligned_report.tsv, and unaligned_report.tex
Done.

2014-05-04 21:41:30
Running NA-NGA calculation...
  Calculating NA50 and NGA50...
    cabog, Largest alignment = 1518, NA50 = None, NGA50 = None, LA50 = None, LGA50 = None
  Drawing cumulative plot...
    saved to /usit/invitro/data/galaxy/master/sabbai/galaxy-dist/database/job_working_directory/001/1794/dataset_1876_files/BC2/aligned_stats/cumulative_plot.pdf
  Drawing NAx plot...
    saved to /usit/invitro/data/galaxy/master/sabbai/galaxy-dist/database/job_working_directory/001/1794/dataset_1876_files/BC2/aligned_stats/NAx_plot.pdf
  Drawing NGAx plot...
    saved to /usit/invitro/data/galaxy/master/sabbai/galaxy-dist/database/job_working_directory/001/1794/dataset_1876_files/BC2/aligned_stats/NGAx_plot.pdf
  Done.

2014-05-04 21:41:31
Running Genome analyzer...
  NOTICE: Annotated genes file was not provided. Use -G option to specify it.
  NOTICE: Annotated operons file was not provided. Use -O option to specify it.
  cabog
  Drawing Genome fraction, % histogram...
    saved to /usit/invitro/data/galaxy/master/sabbai/galaxy-dist/database/job_working_directory/001/1794/dataset_1876_files/BC2/genome_stats/genome_fraction_histogram.pdf
Done.

NOTICE: Genes are not predicted by default. Use --gene-finding option to enable it.

2014-05-04 21:41:31
Summarizing...
  Creating total report...
    saved to /usit/invitro/data/galaxy/master/sabbai/galaxy-dist/database/job_working_directory/001/1794/dataset_1876_files/BC2/report.txt, report.tsv, and report.tex
  Transposed version of total report...
    saved to /usit/invitro/data/galaxy/master/sabbai/galaxy-dist/database/job_working_directory/001/1794/dataset_1876_files/BC2/transposed_report.txt, transposed_report.tsv, and transposed_report.tex
  HTML version saved to /usit/invitro/data/galaxy/master/sabbai/galaxy-dist/database/job_working_directory/001/1794/dataset_1876_files/BC2/report.html
  All pdf files are merged to /usit/invitro/data/galaxy/master/sabbai/galaxy-dist/database/job_working_directory/001/1794/dataset_1876_files/BC2/plots.pdf
Log saved to /usit/invitro/data/galaxy/master/sabbai/galaxy-dist/database/job_working_directory/001/1794/dataset_1876_files/BC2/quast.log

Finished: 2014-05-04 21:41:32
Elapsed time: 0:00:07.052487
