Aligning contigs to reference...
	Running Nucmer...
Parsing coords...
Loading Assembly...
Loading reference...
	Loaded [gi|225631039|ref|NC_012417.1|_Staphylococcus_aureus_subsp._aureus_USA300_TCH1516_plasmid_pUSA01-HOU__complete_sequence]
Loading SNPs...
Loading regions...
	No regions given, using whole reference.
	Total Regions: 1
	Total Region Length: 3125
Analyzing contigs...
CONTIG: contig-324_9666_0 (9666bp)
		This contig is unaligned. (9666 bp)
		Unaligned bases: 9666  total: 9666

CONTIG: contig-271_2858_0 (2858bp)
		This contig is unaligned. (2858 bp)
		Unaligned bases: 2858  total: 12524

CONTIG: contig-113_28545_0 (28545bp)
		This contig is unaligned. (28545 bp)
		Unaligned bases: 28545  total: 41069

CONTIG: contig-746_872_0 (872bp)
		This contig is unaligned. (872 bp)
		Unaligned bases: 872  total: 41941

CONTIG: contig-1258_88152_0 (88152bp)
		This contig is unaligned. (88152 bp)
		Unaligned bases: 88152  total: 130093

CONTIG: contig-516_2870_0 (2870bp)
		This contig is unaligned. (2870 bp)
		Unaligned bases: 2870  total: 132963

CONTIG: contig-785_1634_0 (1634bp)
		This contig is unaligned. (1634 bp)
		Unaligned bases: 1634  total: 134597

CONTIG: contig-964_1163_0 (1163bp)
		This contig is unaligned. (1163 bp)
		Unaligned bases: 1163  total: 135760

CONTIG: contig-1229_2677_0 (2677bp)
		This contig is unaligned. (2677 bp)
		Unaligned bases: 2677  total: 138437

CONTIG: contig-436_32652_0 (32652bp)
		This contig is unaligned. (32652 bp)
		Unaligned bases: 32652  total: 171089

CONTIG: contig-55_2422_0 (2422bp)
		This contig is unaligned. (2422 bp)
		Unaligned bases: 2422  total: 173511

CONTIG: contig-1007_31030_0 (31030bp)
		This contig is unaligned. (31030 bp)
		Unaligned bases: 31030  total: 204541

CONTIG: contig-582_39954_0 (39954bp)
		This contig is unaligned. (39954 bp)
		Unaligned bases: 39954  total: 244495

CONTIG: contig-341_1207_0 (1207bp)
		This contig is unaligned. (1207 bp)
		Unaligned bases: 1207  total: 245702

CONTIG: contig-132_4628_0 (4628bp)
		This contig is unaligned. (4628 bp)
		Unaligned bases: 4628  total: 250330

CONTIG: contig-238_34077_0 (34077bp)
		This contig is unaligned. (34077 bp)
		Unaligned bases: 34077  total: 284407

CONTIG: contig-86_12230_0 (12230bp)
		This contig is unaligned. (12230 bp)
		Unaligned bases: 12230  total: 296637

CONTIG: contig-1212_5209_0 (5209bp)
		This contig is unaligned. (5209 bp)
		Unaligned bases: 5209  total: 301846

CONTIG: contig-1499_504_0 (504bp)
		This contig is unaligned. (504 bp)
		Unaligned bases: 504  total: 302350

CONTIG: contig-1585_513_0 (513bp)
		This contig is unaligned. (513 bp)
		Unaligned bases: 513  total: 302863

CONTIG: contig-190_37665_0 (37665bp)
		This contig is unaligned. (37665 bp)
		Unaligned bases: 37665  total: 340528

CONTIG: contig-1177_562_0 (562bp)
		This contig is unaligned. (562 bp)
		Unaligned bases: 562  total: 341090

CONTIG: contig-158_26536_0 (26536bp)
		This contig is unaligned. (26536 bp)
		Unaligned bases: 26536  total: 367626

CONTIG: contig-1310_885_0 (885bp)
		This contig is unaligned. (885 bp)
		Unaligned bases: 885  total: 368511

CONTIG: contig-80_4806_0 (4806bp)
		This contig is unaligned. (4806 bp)
		Unaligned bases: 4806  total: 373317

CONTIG: contig-456_8045_0 (8045bp)
		This contig is unaligned. (8045 bp)
		Unaligned bases: 8045  total: 381362

CONTIG: contig-551_846_0 (846bp)
		This contig is unaligned. (846 bp)
		Unaligned bases: 846  total: 382208

CONTIG: contig-738_15323_0 (15323bp)
		This contig is unaligned. (15323 bp)
		Unaligned bases: 15323  total: 397531

CONTIG: contig-1037_2459_0 (2459bp)
		This contig is unaligned. (2459 bp)
		Unaligned bases: 2459  total: 399990

CONTIG: contig-731_30479_0 (30479bp)
		This contig is unaligned. (30479 bp)
		Unaligned bases: 30479  total: 430469

CONTIG: contig-1219_564_0 (564bp)
		This contig is unaligned. (564 bp)
		Unaligned bases: 564  total: 431033

CONTIG: contig-864_16634_0 (16634bp)
		This contig is unaligned. (16634 bp)
		Unaligned bases: 16634  total: 447667

CONTIG: contig-425_642_0 (642bp)
		This contig is unaligned. (642 bp)
		Unaligned bases: 642  total: 448309

CONTIG: contig-1699_34826_0 (34826bp)
		This contig is unaligned. (34826 bp)
		Unaligned bases: 34826  total: 483135

CONTIG: contig-1205_9633_0 (9633bp)
		This contig is unaligned. (9633 bp)
		Unaligned bases: 9633  total: 492768

CONTIG: contig-866_2163_0 (2163bp)
		This contig is unaligned. (2163 bp)
		Unaligned bases: 2163  total: 494931

CONTIG: contig-327_77903_0 (77903bp)
		This contig is unaligned. (77903 bp)
		Unaligned bases: 77903  total: 572834

CONTIG: contig-966_18885_0 (18885bp)
		This contig is unaligned. (18885 bp)
		Unaligned bases: 18885  total: 591719

CONTIG: contig-365_32186_0 (32186bp)
		This contig is unaligned. (32186 bp)
		Unaligned bases: 32186  total: 623905

CONTIG: contig-1469_51038_0 (51038bp)
		This contig is unaligned. (51038 bp)
		Unaligned bases: 51038  total: 674943

CONTIG: contig-464_21537_0 (21537bp)
Top Length: 155  Top ID: 97.42
		This contig is partially unaligned. (155 out of 21537)
		Alignment: 1910 2064 | 155 1 | 155 155 | 97.42 | gi|225631039|ref|NC_012417.1|_Staphylococcus_aureus_subsp._aureus_USA300_TCH1516_plasmid_pUSA01-HOU__complete_sequence contig-464_21537_0
		Unaligned bases: 156 to 21537 (21382)

CONTIG: contig-50_9773_0 (9773bp)
		This contig is unaligned. (9773 bp)
		Unaligned bases: 9773  total: 684716

CONTIG: contig-385_6647_0 (6647bp)
		This contig is unaligned. (6647 bp)
		Unaligned bases: 6647  total: 691363

CONTIG: contig-1348_534_0 (534bp)
		This contig is unaligned. (534 bp)
		Unaligned bases: 534  total: 691897

CONTIG: contig-196_17520_0 (17520bp)
		This contig is unaligned. (17520 bp)
		Unaligned bases: 17520  total: 709417

CONTIG: contig-1567_3321_0 (3321bp)
		This contig is unaligned. (3321 bp)
		Unaligned bases: 3321  total: 712738

CONTIG: contig-1583_1347_0 (1347bp)
		This contig is unaligned. (1347 bp)
		Unaligned bases: 1347  total: 714085

CONTIG: contig-16_2732_0 (2732bp)
		This contig is unaligned. (2732 bp)
		Unaligned bases: 2732  total: 716817

CONTIG: contig-387_31678_0 (31678bp)
		This contig is unaligned. (31678 bp)
		Unaligned bases: 31678  total: 748495

CONTIG: contig-958_1088_0 (1088bp)
		This contig is unaligned. (1088 bp)
		Unaligned bases: 1088  total: 749583

CONTIG: contig-294_95674_0 (95674bp)
		This contig is unaligned. (95674 bp)
		Unaligned bases: 95674  total: 845257

CONTIG: contig-1362_1642_0 (1642bp)
		This contig is unaligned. (1642 bp)
		Unaligned bases: 1642  total: 846899

CONTIG: contig-1329_2856_0 (2856bp)
		This contig is unaligned. (2856 bp)
		Unaligned bases: 2856  total: 849755

CONTIG: contig-286_541_0 (541bp)
		This contig is unaligned. (541 bp)
		Unaligned bases: 541  total: 850296

CONTIG: contig-230_22202_0 (22202bp)
		This contig is unaligned. (22202 bp)
		Unaligned bases: 22202  total: 872498

CONTIG: contig-208_3435_0 (3435bp)
		This contig is unaligned. (3435 bp)
		Unaligned bases: 3435  total: 875933

CONTIG: contig-788_9871_0 (9871bp)
		This contig is unaligned. (9871 bp)
		Unaligned bases: 9871  total: 885804

CONTIG: contig-335_3417_0 (3417bp)
		This contig is unaligned. (3417 bp)
		Unaligned bases: 3417  total: 889221

CONTIG: contig-71_45760_0 (45760bp)
		This contig is unaligned. (45760 bp)
		Unaligned bases: 45760  total: 934981

CONTIG: contig-111_55080_0 (55080bp)
		This contig is unaligned. (55080 bp)
		Unaligned bases: 55080  total: 990061

CONTIG: contig-1139_9919_0 (9919bp)
		This contig is unaligned. (9919 bp)
		Unaligned bases: 9919  total: 999980

CONTIG: contig-420_51529_0 (51529bp)
		This contig is unaligned. (51529 bp)
		Unaligned bases: 51529  total: 1051509

CONTIG: contig-1112_1754_0 (1754bp)
		This contig is unaligned. (1754 bp)
		Unaligned bases: 1754  total: 1053263

CONTIG: contig-1145_35817_0 (35817bp)
		This contig is unaligned. (35817 bp)
		Unaligned bases: 35817  total: 1089080

CONTIG: contig-1307_11322_0 (11322bp)
		This contig is unaligned. (11322 bp)
		Unaligned bases: 11322  total: 1100402

CONTIG: contig-783_51392_0 (51392bp)
		This contig is unaligned. (51392 bp)
		Unaligned bases: 51392  total: 1151794

CONTIG: contig-442_2058_0 (2058bp)
		This contig is unaligned. (2058 bp)
		Unaligned bases: 2058  total: 1153852

CONTIG: contig-825_1198_0 (1198bp)
		This contig is unaligned. (1198 bp)
		Unaligned bases: 1198  total: 1155050

CONTIG: contig-24_27943_0 (27943bp)
		This contig is unaligned. (27943 bp)
		Unaligned bases: 27943  total: 1182993

CONTIG: contig-1045_872_0 (872bp)
		This contig is unaligned. (872 bp)
		Unaligned bases: 872  total: 1183865

CONTIG: contig-1228_9310_0 (9310bp)
		This contig is unaligned. (9310 bp)
		Unaligned bases: 9310  total: 1193175

CONTIG: contig-910_16091_0 (16091bp)
		This contig is unaligned. (16091 bp)
		Unaligned bases: 16091  total: 1209266

CONTIG: contig-1311_1970_0 (1970bp)
		This contig is unaligned. (1970 bp)
		Unaligned bases: 1970  total: 1211236

CONTIG: contig-58_7200_0 (7200bp)
		This contig is unaligned. (7200 bp)
		Unaligned bases: 7200  total: 1218436

CONTIG: contig-509_2347_0 (2347bp)
		This contig is unaligned. (2347 bp)
		Unaligned bases: 2347  total: 1220783

CONTIG: contig-977_32417_0 (32417bp)
		This contig is unaligned. (32417 bp)
		Unaligned bases: 32417  total: 1253200

CONTIG: contig-422_6013_0 (6013bp)
		This contig is unaligned. (6013 bp)
		Unaligned bases: 6013  total: 1259213

CONTIG: contig-1621_1884_0 (1884bp)
		This contig is unaligned. (1884 bp)
		Unaligned bases: 1884  total: 1261097

CONTIG: contig-1708_10950_0 (10950bp)
		This contig is unaligned. (10950 bp)
		Unaligned bases: 10950  total: 1272047

CONTIG: contig-261_40622_0 (40622bp)
		This contig is unaligned. (40622 bp)
		Unaligned bases: 40622  total: 1312669

CONTIG: contig-591_1501_0 (1501bp)
		This contig is unaligned. (1501 bp)
		Unaligned bases: 1501  total: 1314170

CONTIG: contig-1150_630_0 (630bp)
		This contig is unaligned. (630 bp)
		Unaligned bases: 630  total: 1314800

CONTIG: contig-1425_786_0 (786bp)
		This contig is unaligned. (786 bp)
		Unaligned bases: 786  total: 1315586

CONTIG: contig-414_1205_0 (1205bp)
		This contig is unaligned. (1205 bp)
		Unaligned bases: 1205  total: 1316791

CONTIG: contig-835_861_0 (861bp)
		This contig is unaligned. (861 bp)
		Unaligned bases: 861  total: 1317652

CONTIG: contig-330_1668_0 (1668bp)
		This contig is unaligned. (1668 bp)
		Unaligned bases: 1668  total: 1319320

CONTIG: contig-0_14613_0 (14613bp)
		This contig is unaligned. (14613 bp)
		Unaligned bases: 14613  total: 1333933

CONTIG: contig-762_19167_0 (19167bp)
		This contig is unaligned. (19167 bp)
		Unaligned bases: 19167  total: 1353100

CONTIG: contig-379_2258_0 (2258bp)
		This contig is unaligned. (2258 bp)
		Unaligned bases: 2258  total: 1355358

CONTIG: contig-548_43066_0 (43066bp)
		This contig is unaligned. (43066 bp)
		Unaligned bases: 43066  total: 1398424

CONTIG: contig-1302_1014_0 (1014bp)
		This contig is unaligned. (1014 bp)
		Unaligned bases: 1014  total: 1399438

CONTIG: contig-1242_16610_0 (16610bp)
		This contig is unaligned. (16610 bp)
		Unaligned bases: 16610  total: 1416048

CONTIG: contig-972_2882_0 (2882bp)
		This contig is unaligned. (2882 bp)
		Unaligned bases: 2882  total: 1418930

CONTIG: contig-1341_6199_0 (6199bp)
		This contig is unaligned. (6199 bp)
		Unaligned bases: 6199  total: 1425129

CONTIG: contig-700_626_0 (626bp)
		This contig is unaligned. (626 bp)
		Unaligned bases: 626  total: 1425755

CONTIG: contig-1155_34600_0 (34600bp)
		This contig is unaligned. (34600 bp)
		Unaligned bases: 34600  total: 1460355

CONTIG: contig-163_575_0 (575bp)
		This contig is unaligned. (575 bp)
		Unaligned bases: 575  total: 1460930

CONTIG: contig-112_29744_0 (29744bp)
		This contig is unaligned. (29744 bp)
		Unaligned bases: 29744  total: 1490674

CONTIG: contig-689_1261_0 (1261bp)
		This contig is unaligned. (1261 bp)
		Unaligned bases: 1261  total: 1491935

CONTIG: contig-1094_8225_0 (8225bp)
		This contig is unaligned. (8225 bp)
		Unaligned bases: 8225  total: 1500160

CONTIG: contig-1513_19429_0 (19429bp)
		This contig is unaligned. (19429 bp)
		Unaligned bases: 19429  total: 1519589

CONTIG: contig-1211_11261_0 (11261bp)
		This contig is unaligned. (11261 bp)
		Unaligned bases: 11261  total: 1530850

CONTIG: contig-619_606_0 (606bp)
		This contig is unaligned. (606 bp)
		Unaligned bases: 606  total: 1531456

CONTIG: contig-173_1501_0 (1501bp)
		This contig is unaligned. (1501 bp)
		Unaligned bases: 1501  total: 1532957

CONTIG: contig-899_931_0 (931bp)
		This contig is unaligned. (931 bp)
		Unaligned bases: 931  total: 1533888

CONTIG: contig-571_35385_0 (35385bp)
		This contig is unaligned. (35385 bp)
		Unaligned bases: 35385  total: 1569273

CONTIG: contig-867_49216_0 (49216bp)
		This contig is unaligned. (49216 bp)
		Unaligned bases: 49216  total: 1618489

CONTIG: contig-950_5314_0 (5314bp)
		This contig is unaligned. (5314 bp)
		Unaligned bases: 5314  total: 1623803

CONTIG: contig-267_30315_0 (30315bp)
		This contig is unaligned. (30315 bp)
		Unaligned bases: 30315  total: 1654118

CONTIG: contig-1575_43512_0 (43512bp)
		This contig is unaligned. (43512 bp)
		Unaligned bases: 43512  total: 1697630

CONTIG: contig-479_3818_0 (3818bp)
		This contig is unaligned. (3818 bp)
		Unaligned bases: 3818  total: 1701448

CONTIG: contig-952_63445_0 (63445bp)
		This contig is unaligned. (63445 bp)
		Unaligned bases: 63445  total: 1764893

CONTIG: contig-1453_7723_0 (7723bp)
		This contig is unaligned. (7723 bp)
		Unaligned bases: 7723  total: 1772616

CONTIG: contig-1061_4416_0 (4416bp)
		This contig is unaligned. (4416 bp)
		Unaligned bases: 4416  total: 1777032

CONTIG: contig-97_34040_0 (34040bp)
		This contig is unaligned. (34040 bp)
		Unaligned bases: 34040  total: 1811072

CONTIG: contig-146_1988_0 (1988bp)
		This contig is unaligned. (1988 bp)
		Unaligned bases: 1988  total: 1813060

CONTIG: contig-254_29509_0 (29509bp)
		This contig is unaligned. (29509 bp)
		Unaligned bases: 29509  total: 1842569

CONTIG: contig-1111_14481_0 (14481bp)
		This contig is unaligned. (14481 bp)
		Unaligned bases: 14481  total: 1857050

CONTIG: contig-99_1765_0 (1765bp)
		This contig is unaligned. (1765 bp)
		Unaligned bases: 1765  total: 1858815

CONTIG: contig-177_624_0 (624bp)
		This contig is unaligned. (624 bp)
		Unaligned bases: 624  total: 1859439

CONTIG: contig-105_4754_0 (4754bp)
		This contig is unaligned. (4754 bp)
		Unaligned bases: 4754  total: 1864193

CONTIG: contig-375_2077_0 (2077bp)
		This contig is unaligned. (2077 bp)
		Unaligned bases: 2077  total: 1866270

CONTIG: contig-1616_20144_0 (20144bp)
		This contig is unaligned. (20144 bp)
		Unaligned bases: 20144  total: 1886414

CONTIG: contig-597_73481_0 (73481bp)
		This contig is unaligned. (73481 bp)
		Unaligned bases: 73481  total: 1959895

CONTIG: contig-1644_1802_0 (1802bp)
		This contig is unaligned. (1802 bp)
		Unaligned bases: 1802  total: 1961697

CONTIG: contig-933_11771_0 (11771bp)
		This contig is unaligned. (11771 bp)
		Unaligned bases: 11771  total: 1973468

CONTIG: contig-214_173010_0 (173010bp)
		This contig is unaligned. (173010 bp)
		Unaligned bases: 173010  total: 2146478

CONTIG: contig-860_38102_0 (38102bp)
		This contig is unaligned. (38102 bp)
		Unaligned bases: 38102  total: 2184580

CONTIG: contig-1095_15924_0 (15924bp)
		This contig is unaligned. (15924 bp)
		Unaligned bases: 15924  total: 2200504

CONTIG: contig-47_1012_0 (1012bp)
		This contig is unaligned. (1012 bp)
		Unaligned bases: 1012  total: 2201516

CONTIG: contig-1262_1287_0 (1287bp)
		This contig is unaligned. (1287 bp)
		Unaligned bases: 1287  total: 2202803

CONTIG: contig-434_51847_0 (51847bp)
		This contig is unaligned. (51847 bp)
		Unaligned bases: 51847  total: 2254650

CONTIG: contig-1386_1721_0 (1721bp)
Top Length: 116  Top ID: 100.0
		This contig is misassembled. 3 total aligns.
			Warning! This contig is more unaligned than misassembled. Contig length is 1721 and total length of all aligns is 322
		Alignment: 1 116 | 1335 1450 | 116 116 | 100.0 | gi|225631039|ref|NC_012417.1|_Staphylococcus_aureus_subsp._aureus_USA300_TCH1516_plasmid_pUSA01-HOU__complete_sequence contig-1386_1721_0
		Alignment: 1984 2086 | 1 103 | 103 103 | 100.0 | gi|225631039|ref|NC_012417.1|_Staphylococcus_aureus_subsp._aureus_USA300_TCH1516_plasmid_pUSA01-HOU__complete_sequence contig-1386_1721_0
		Alignment: 1984 2086 | 1721 1619 | 103 103 | 98.06 | gi|225631039|ref|NC_012417.1|_Staphylococcus_aureus_subsp._aureus_USA300_TCH1516_plasmid_pUSA01-HOU__complete_sequence contig-1386_1721_0
		Unaligned bases: 1399
CONTIG: contig-90_55024_0 (55024bp)
		This contig is unaligned. (55024 bp)
		Unaligned bases: 55024  total: 2309674

CONTIG: contig-612_7182_0 (7182bp)
		This contig is unaligned. (7182 bp)
		Unaligned bases: 7182  total: 2316856

CONTIG: contig-607_3723_0 (3723bp)
		This contig is unaligned. (3723 bp)
		Unaligned bases: 3723  total: 2320579

CONTIG: contig-658_2244_0 (2244bp)
		This contig is unaligned. (2244 bp)
		Unaligned bases: 2244  total: 2322823

CONTIG: contig-1097_74074_0 (74074bp)
		This contig is unaligned. (74074 bp)
		Unaligned bases: 74074  total: 2396897

CONTIG: contig-40_59240_0 (59240bp)
		This contig is unaligned. (59240 bp)
		Unaligned bases: 59240  total: 2456137

CONTIG: contig-236_33314_0 (33314bp)
		This contig is unaligned. (33314 bp)
		Unaligned bases: 33314  total: 2489451

CONTIG: contig-1193_34898_0 (34898bp)
		This contig is unaligned. (34898 bp)
		Unaligned bases: 34898  total: 2524349

CONTIG: contig-601_9139_0 (9139bp)
		This contig is unaligned. (9139 bp)
		Unaligned bases: 9139  total: 2533488

CONTIG: contig-137_792_0 (792bp)
		This contig is unaligned. (792 bp)
		Unaligned bases: 792  total: 2534280

CONTIG: contig-322_61952_0 (61952bp)
		This contig is unaligned. (61952 bp)
		Unaligned bases: 61952  total: 2596232

CONTIG: contig-266_78236_0 (78236bp)
		This contig is unaligned. (78236 bp)
		Unaligned bases: 78236  total: 2674468

CONTIG: contig-1423_1840_0 (1840bp)
		This contig is unaligned. (1840 bp)
		Unaligned bases: 1840  total: 2676308

CONTIG: contig-187_23344_0 (23344bp)
		This contig is unaligned. (23344 bp)
		Unaligned bases: 23344  total: 2699652

CONTIG: contig-164_34718_0 (34718bp)
		This contig is unaligned. (34718 bp)
		Unaligned bases: 34718  total: 2734370

CONTIG: contig-152_11093_0 (11093bp)
		This contig is unaligned. (11093 bp)
		Unaligned bases: 11093  total: 2745463

CONTIG: contig-474_19076_0 (19076bp)
		This contig is unaligned. (19076 bp)
		Unaligned bases: 19076  total: 2764539

Analyzing coverage...
Writing SNPs into /usit/invitro/data/galaxy/master/sabbai/galaxy-dist/database/job_working_directory/000/736/dataset_773_files/contigs_reports/nucmer_output/SA-H-Sga.used_snps
	Reference gi|225631039|ref|NC_012417.1|_Staphylococcus_aureus_subsp._aureus_USA300_TCH1516_plasmid_pUSA01-HOU__complete_sequence: 1 total alignments. 1 total regions.
		Region: 1 to 3125 (3125 bp)
			START in gap: 1 to 1910 (1909 bp)
			Align 1: 1910 2064 contig-464_21537_0 155 1
			END in gap: 2064 to 3125 (1061 bp)

Analysis is finished!
Founded SNPs were written into /usit/invitro/data/galaxy/master/sabbai/galaxy-dist/database/job_working_directory/000/736/dataset_773_files/contigs_reports/nucmer_output/SA-H-Sga.used_snps

Results:
	Local Misassemblies: 0
	Misassemblies: 0
		Relocations: 0
		Translocations: 0
		Inversions: 0
	Misassembled Contigs: 0
	Misassembled Contig Bases: 0
	Misassmblies Inter-Contig Overlap: 0
Uncovered Regions: 0 (0)
Unaligned Contigs: 148 + 2 part
Partially Unaligned Contigs with Misassemblies: 1
Unaligned Contig Bases: 2787320

Ambiguously Mapped Contigs: 0
Total Bases in Ambiguously Mapped Contigs: 0
Note that --allow-ambiguity option was set to "one" and only first alignment per each contig was used.

	Covered Bases: 155

	SNPs: 4
	Insertions: 0
	Deletions: 0

	Positive Gaps: 2
		Internal Gaps:  0
		External Gaps:  2
		External Gap Total:  2970
		External Gap Average: 1485
	Negative Gaps: 0
		Internal Overlaps:  0
		External Overlaps:  0
		External Overlaps Total:  0
		External Overlaps Average: 0
	Contigs with Redundant Alignments: 0 (0)
