/usit/invitro/data/galaxy/master/sabbai/galaxy-dist/tools/assembly_benchmark/quast/quast.py -o /usit/invitro/data/galaxy/master/sabbai/galaxy-dist/database/job_working_directory/000/387/dataset_388_files -R /usit/invitro/data/galaxy/master/sabbai/galaxy-dist/database/files/000/dataset_219.dat -l velvet /usit/invitro/data/galaxy/master/sabbai/galaxy-dist/database/files/000/dataset_9.dat

Version 2.2, build 19.07.2013 21:21


System information:
  OS: Linux-2.6.18-371.el5-x86_64-with-redhat-5.10-Tikanga
  Python version: 2.7.0
  CPUs number: 64

Started: 2014-01-20 14:20:18

Logging to /usit/invitro/data/galaxy/master/sabbai/galaxy-dist/database/job_working_directory/000/387/dataset_388_files/quast.log

NOTICE: Output directory already exists. Existing Nucmer alignments can be used.

NOTICE: Maximum number of threads is set to 64 (use --threads option to set it manually)

Reference:
  /usit/invitro/data/galaxy/master/sabbai/galaxy-dist/database/files/000/dataset_219.dat ==> dataset_219

Contigs:
  /usit/invitro/data/galaxy/master/sabbai/galaxy-dist/database/files/000/dataset_9.dat ==> velvet

2014-01-20 14:20:21
Running Basic statistics processor...
  Reference genome:
    dataset_219.dat, Reference length = 2961149, Reference GC % = 47.70
  Contig files: 
    velvet
  Calculating N50 and L50...
    velvet, N50 = 105176, L50 = 12, Total length = 3892321, GC % = 47.69, # N's per 100 kbp =  1.28
  Drawing cumulative plot...
    saved to /usit/invitro/data/galaxy/master/sabbai/galaxy-dist/database/job_working_directory/000/387/dataset_388_files/basic_stats/cumulative_plot.pdf
  Drawing GC content plot...
    saved to /usit/invitro/data/galaxy/master/sabbai/galaxy-dist/database/job_working_directory/000/387/dataset_388_files/basic_stats/GC_content_plot.pdf
  Drawing Nx plot...
    saved to /usit/invitro/data/galaxy/master/sabbai/galaxy-dist/database/job_working_directory/000/387/dataset_388_files/basic_stats/Nx_plot.pdf
  Drawing NGx plot...
    saved to /usit/invitro/data/galaxy/master/sabbai/galaxy-dist/database/job_working_directory/000/387/dataset_388_files/basic_stats/NGx_plot.pdf
Done.

2014-01-20 14:20:22
Running Contig analyzer...
  velvet
  Logging to files /usit/invitro/data/galaxy/master/sabbai/galaxy-dist/database/job_working_directory/000/387/dataset_388_files/contigs_reports/contigs_report_velvet.stdout and contigs_report_velvet.stderr...
  Running Nucmer... 
/usit/invitro/data/galaxy/master/sabbai/galaxy-dist/database/job_working_directory/000/387/dataset_388_files/contigs_reports/alignments_velvet.tsv
  Analysis is finished.
  Creating total report...
    saved to /usit/invitro/data/galaxy/master/sabbai/galaxy-dist/database/job_working_directory/000/387/dataset_388_files/contigs_reports/misassemblies_report.txt, misassemblies_report.tsv, and misassemblies_report.tex
  Creating total report...
    saved to /usit/invitro/data/galaxy/master/sabbai/galaxy-dist/database/job_working_directory/000/387/dataset_388_files/contigs_reports/unaligned_report.txt, unaligned_report.tsv, and unaligned_report.tex
Done.

2014-01-20 14:20:34
Running NA-NGA calculation...
  Calculating NA50 and NGA50...
    velvet, Largest alignment = 246346, NA50 = 77000, NGA50 = 118025, LA50 = 13, LGA50 = 8
  Drawing cumulative plot...
    saved to /usit/invitro/data/galaxy/master/sabbai/galaxy-dist/database/job_working_directory/000/387/dataset_388_files/aligned_stats/cumulative_plot.pdf
  Drawing NAx plot...
    saved to /usit/invitro/data/galaxy/master/sabbai/galaxy-dist/database/job_working_directory/000/387/dataset_388_files/aligned_stats/NAx_plot.pdf
  Drawing NGAx plot...
    saved to /usit/invitro/data/galaxy/master/sabbai/galaxy-dist/database/job_working_directory/000/387/dataset_388_files/aligned_stats/NGAx_plot.pdf
  Done.

2014-01-20 14:20:35
Running Genome analyzer...
  NOTICE: Annotated genes file was not provided. Use -G option to specify it.
  NOTICE: Annotated operons file was not provided. Use -O option to specify it.
  velvet
  Drawing Genome fraction, % histogram...
    saved to /usit/invitro/data/galaxy/master/sabbai/galaxy-dist/database/job_working_directory/000/387/dataset_388_files/genome_stats/genome_fraction_histogram.pdf
Done.

NOTICE: Genes are not predicted by default. Use --gene-finding option to enable it.

2014-01-20 14:20:37
Summarizing...
  Creating total report...
    saved to /usit/invitro/data/galaxy/master/sabbai/galaxy-dist/database/job_working_directory/000/387/dataset_388_files/report.txt, report.tsv, and report.tex
  Transposed version of total report...
    saved to /usit/invitro/data/galaxy/master/sabbai/galaxy-dist/database/job_working_directory/000/387/dataset_388_files/transposed_report.txt, transposed_report.tsv, and transposed_report.tex
  HTML version saved to /usit/invitro/data/galaxy/master/sabbai/galaxy-dist/database/job_working_directory/000/387/dataset_388_files/report.html
  All pdf files are merged to /usit/invitro/data/galaxy/master/sabbai/galaxy-dist/database/job_working_directory/000/387/dataset_388_files/plots.pdf
Log saved to /usit/invitro/data/galaxy/master/sabbai/galaxy-dist/database/job_working_directory/000/387/dataset_388_files/quast.log

Finished: 2014-01-20 14:20:37
Elapsed time: 0:00:19.176689
