/usit/invitro/data/galaxy/master/sabbai/galaxy-dist/tools/assembly_benchmark/quast/quast.pyc --meta /usit/invitro/data/galaxy/master/sabbai/galaxy-dist/database/job_working_directory/001/1041/dataset_1124_files/corrected_input/A_to_NC_008570.fasta -R /usit/invitro/data/galaxy/master/sabbai/galaxy-dist/database/job_working_directory/001/1041/dataset_1124_files/corrected_input/NC_008570.fna -o /usit/invitro/data/galaxy/master/sabbai/galaxy-dist/database/job_working_directory/001/1041/dataset_1124_files/NC_008570_quast_output --labels A.hydrophila

Started: 2014-03-24 15:20:18

Logging to /usit/invitro/data/galaxy/master/sabbai/galaxy-dist/database/job_working_directory/001/1041/dataset_1124_files/NC_008570_quast_output/quast.log

NOTICE: Maximum number of threads is set to 64 (use --threads option to set it manually)

Reference:
  /usit/invitro/data/galaxy/master/sabbai/galaxy-dist/database/job_working_directory/001/1041/dataset_1124_files/corrected_input/NC_008570.fna ==> NC_008570

Contigs:
  /usit/invitro/data/galaxy/master/sabbai/galaxy-dist/database/job_working_directory/001/1041/dataset_1124_files/corrected_input/A_to_NC_008570.fasta ==> A.hydrophila

2014-03-24 15:20:18
Running Basic statistics processor...
  Reference genome:
    NC_008570.fna, Reference length = 4744448, Reference GC % = 61.55
  Contig files: 
    A.hydrophila
  Calculating N50 and L50...
    A.hydrophila, N50 = 63684, L50 = 2, Total length = 417776, GC % = 61.53, # N's per 100 kbp =  5.03
  Drawing cumulative plot...
    saved to /usit/invitro/data/galaxy/master/sabbai/galaxy-dist/database/job_working_directory/001/1041/dataset_1124_files/NC_008570_quast_output/basic_stats/cumulative_plot.pdf
  Drawing GC content plot...
    saved to /usit/invitro/data/galaxy/master/sabbai/galaxy-dist/database/job_working_directory/001/1041/dataset_1124_files/NC_008570_quast_output/basic_stats/GC_content_plot.pdf
  Drawing Nx plot...
    saved to /usit/invitro/data/galaxy/master/sabbai/galaxy-dist/database/job_working_directory/001/1041/dataset_1124_files/NC_008570_quast_output/basic_stats/Nx_plot.pdf
  Drawing NGx plot...
    saved to /usit/invitro/data/galaxy/master/sabbai/galaxy-dist/database/job_working_directory/001/1041/dataset_1124_files/NC_008570_quast_output/basic_stats/NGx_plot.pdf
Done.

2014-03-24 15:20:20
Running Contig analyzer...
  A.hydrophila
  Logging to files /usit/invitro/data/galaxy/master/sabbai/galaxy-dist/database/job_working_directory/001/1041/dataset_1124_files/NC_008570_quast_output/contigs_reports/contigs_report_A.hydrophila.stdout and contigs_report_A.hydrophila.stderr...
  Running Nucmer... 
/usit/invitro/data/galaxy/master/sabbai/galaxy-dist/database/job_working_directory/001/1041/dataset_1124_files/NC_008570_quast_output/contigs_reports/alignments_A.hydrophila.tsv
  Analysis is finished.
  Creating total report...
    saved to /usit/invitro/data/galaxy/master/sabbai/galaxy-dist/database/job_working_directory/001/1041/dataset_1124_files/NC_008570_quast_output/contigs_reports/misassemblies_report.txt, misassemblies_report.tsv, and misassemblies_report.tex
  Creating total report...
    saved to /usit/invitro/data/galaxy/master/sabbai/galaxy-dist/database/job_working_directory/001/1041/dataset_1124_files/NC_008570_quast_output/contigs_reports/unaligned_report.txt, unaligned_report.tsv, and unaligned_report.tex
Done.

2014-03-24 15:20:29
Running NA-NGA calculation...
  Calculating NA50 and NGA50...
    A.hydrophila, Largest alignment = 21135, NA50 = None, NGA50 = None, LA50 = None, LGA50 = None
  Drawing cumulative plot...
    saved to /usit/invitro/data/galaxy/master/sabbai/galaxy-dist/database/job_working_directory/001/1041/dataset_1124_files/NC_008570_quast_output/aligned_stats/cumulative_plot.pdf
  Drawing NAx plot...
    saved to /usit/invitro/data/galaxy/master/sabbai/galaxy-dist/database/job_working_directory/001/1041/dataset_1124_files/NC_008570_quast_output/aligned_stats/NAx_plot.pdf
  Drawing NGAx plot...
    saved to /usit/invitro/data/galaxy/master/sabbai/galaxy-dist/database/job_working_directory/001/1041/dataset_1124_files/NC_008570_quast_output/aligned_stats/NGAx_plot.pdf
  Done.

2014-03-24 15:20:30
Running Genome analyzer...
  NOTICE: Annotated genes file was not provided. Use -G option to specify it.
  NOTICE: Annotated operons file was not provided. Use -O option to specify it.
  A.hydrophila
  Drawing Genome fraction, % histogram...
    saved to /usit/invitro/data/galaxy/master/sabbai/galaxy-dist/database/job_working_directory/001/1041/dataset_1124_files/NC_008570_quast_output/genome_stats/genome_fraction_histogram.pdf
Done.

NOTICE: Genes are not predicted by default. Use --gene-finding option to enable it.

2014-03-24 15:20:45
Summarizing...
  Creating total report...
    saved to /usit/invitro/data/galaxy/master/sabbai/galaxy-dist/database/job_working_directory/001/1041/dataset_1124_files/NC_008570_quast_output/report.txt, report.tsv, and report.tex
  Transposed version of total report...
    saved to /usit/invitro/data/galaxy/master/sabbai/galaxy-dist/database/job_working_directory/001/1041/dataset_1124_files/NC_008570_quast_output/transposed_report.txt, transposed_report.tsv, and transposed_report.tex
  HTML version saved to /usit/invitro/data/galaxy/master/sabbai/galaxy-dist/database/job_working_directory/001/1041/dataset_1124_files/NC_008570_quast_output/report.html
  All pdf files are merged to /usit/invitro/data/galaxy/master/sabbai/galaxy-dist/database/job_working_directory/001/1041/dataset_1124_files/NC_008570_quast_output/plots.pdf
Log saved to /usit/invitro/data/galaxy/master/sabbai/galaxy-dist/database/job_working_directory/001/1041/dataset_1124_files/NC_008570_quast_output/quast.log

Finished: 2014-03-24 15:20:45
Elapsed time: 0:00:26.950187
