/usit/invitro/data/galaxy/master/sabbai/galaxy-dist/tools/assembly_benchmark/quast/quast.pyc -G /usit/invitro/data/galaxy/master/sabbai/galaxy-dist/database/files/000/dataset_903.dat --meta /usit/invitro/data/galaxy/master/sabbai/galaxy-dist/database/job_working_directory/001/1008/dataset_1091_files/corrected_input/dataset_497.dat -R /usit/invitro/data/galaxy/master/sabbai/galaxy-dist/database/job_working_directory/001/1008/dataset_1091_files/corrected_input/combined_reference.fasta -o /usit/invitro/data/galaxy/master/sabbai/galaxy-dist/database/job_working_directory/001/1008/dataset_1091_files/combined_quast_output --labels dataset_497.dat

Started: 2014-03-24 10:36:00

Logging to /usit/invitro/data/galaxy/master/sabbai/galaxy-dist/database/job_working_directory/001/1008/dataset_1091_files/combined_quast_output/quast.log

NOTICE: Maximum number of threads is set to 64 (use --threads option to set it manually)

Reference:
  /usit/invitro/data/galaxy/master/sabbai/galaxy-dist/database/job_working_directory/001/1008/dataset_1091_files/corrected_input/combined_reference.fasta ==> combined_reference

Contigs:
  /usit/invitro/data/galaxy/master/sabbai/galaxy-dist/database/job_working_directory/001/1008/dataset_1091_files/corrected_input/dataset_497.dat ==> dataset_497.dat

2014-03-24 10:36:07
Running Basic statistics processor...
  Reference genome:
    combined_reference.fasta, Reference length = 5432652, Reference GC % = 35.50
  Contig files: 
    dataset_497.dat
  Calculating N50 and L50...
    dataset_497.dat, N50 = 130570, L50 = 12, Total length = 5380960, GC % = 35.30, # N's per 100 kbp =  102.42
  Drawing cumulative plot...
    saved to /usit/invitro/data/galaxy/master/sabbai/galaxy-dist/database/job_working_directory/001/1008/dataset_1091_files/combined_quast_output/basic_stats/cumulative_plot.pdf
  Drawing GC content plot...
    saved to /usit/invitro/data/galaxy/master/sabbai/galaxy-dist/database/job_working_directory/001/1008/dataset_1091_files/combined_quast_output/basic_stats/GC_content_plot.pdf
  Drawing Nx plot...
    saved to /usit/invitro/data/galaxy/master/sabbai/galaxy-dist/database/job_working_directory/001/1008/dataset_1091_files/combined_quast_output/basic_stats/Nx_plot.pdf
  Drawing NGx plot...
    saved to /usit/invitro/data/galaxy/master/sabbai/galaxy-dist/database/job_working_directory/001/1008/dataset_1091_files/combined_quast_output/basic_stats/NGx_plot.pdf
Done.

2014-03-24 10:36:09
Running Contig analyzer...
  dataset_497.dat
  Logging to files /usit/invitro/data/galaxy/master/sabbai/galaxy-dist/database/job_working_directory/001/1008/dataset_1091_files/combined_quast_output/contigs_reports/contigs_report_dataset_497.stdout and contigs_report_dataset_497.stderr...
  Running Nucmer... 
