/software/galaxy/master/sabbai/galaxy-dist/tools/comparative_assembly_statistics/quast-2.2/quast.py -o /software/galaxy/master/sabbai/galaxy-dist/database/job_working_directory/002/2322/dataset_2404_files/Scaffold -l CABOG_miseq_scf, CABOG_hiseq_scf, MaSuRCA_miseq_scf, MaSuRCA_hiseq_scf, SOAPdenovo_miseq_scf, SOAPdenovo_hiseq_scf, SPAdes_miseq_scf, SPAdes_hiseq_scf, Velvet_miseq_scf, Velvet_hiseq_scf --contig-thresholds 200,1000 --scaffolds /software/galaxy/master/sabbai/galaxy-dist/database/files/002/dataset_2324.dat /software/galaxy/master/sabbai/galaxy-dist/database/files/002/dataset_2225.dat /software/galaxy/master/sabbai/galaxy-dist/database/files/002/dataset_2255.dat /software/galaxy/master/sabbai/galaxy-dist/database/files/002/dataset_2249.dat /software/galaxy/master/sabbai/galaxy-dist/database/files/002/dataset_2279.dat /software/galaxy/master/sabbai/galaxy-dist/database/files/002/dataset_2276.dat /software/galaxy/master/sabbai/galaxy-dist/database/files/002/dataset_2191.dat /software/galaxy/master/sabbai/galaxy-dist/database/files/002/dataset_2189.dat /software/galaxy/master/sabbai/galaxy-dist/database/files/002/dataset_2204.dat /software/galaxy/master/sabbai/galaxy-dist/database/files/002/dataset_2202.dat

Version 2.2, build 19.07.2013 21:21


System information:
  OS: Linux-2.6.32-431.11.2.el6.x86_64-x86_64-with-redhat-6.5-Santiago
  Python version: 2.7.6
  CPUs number: 64

Started: 2014-07-08 05:43:47

Logging to /software/galaxy/master/sabbai/galaxy-dist/database/job_working_directory/002/2322/dataset_2404_files/Scaffold/quast.log

NOTICE: Output directory already exists. Existing Nucmer alignments can be used.

NOTICE: Maximum number of threads is set to 64 (use --threads option to set it manually)

Contigs:
  /software/galaxy/master/sabbai/galaxy-dist/database/files/002/dataset_2324.dat ==> CABOG_miseq_scf
  breaking scaffolds into contigs:
      1 scaffolds (CABOG_miseq_scf) were broken into 188 contigs (CABOG_miseq_scf_broken)
  /software/galaxy/master/sabbai/galaxy-dist/database/files/002/dataset_2225.dat ==> CABOG_hiseq_scf
  breaking scaffolds into contigs:
      22938 scaffolds (CABOG_hiseq_scf) were broken into 144 contigs (CABOG_hiseq_scf_broken)
  /software/galaxy/master/sabbai/galaxy-dist/database/files/002/dataset_2255.dat ==> MaSuRCA_miseq_scf
  breaking scaffolds into contigs:
      1 scaffolds (MaSuRCA_miseq_scf) were broken into 173 contigs (MaSuRCA_miseq_scf_broken)
  /software/galaxy/master/sabbai/galaxy-dist/database/files/002/dataset_2249.dat ==> MaSuRCA_hiseq_scf
  breaking scaffolds into contigs:
      1 scaffolds (MaSuRCA_hiseq_scf) were broken into 137 contigs (MaSuRCA_hiseq_scf_broken)
  /software/galaxy/master/sabbai/galaxy-dist/database/files/002/dataset_2279.dat ==> SOAPdenovo_miseq_scf
  breaking scaffolds into contigs:
      1 scaffolds (SOAPdenovo_miseq_scf) were broken into 563 contigs (SOAPdenovo_miseq_scf_broken)
  /software/galaxy/master/sabbai/galaxy-dist/database/files/002/dataset_2276.dat ==> SOAPdenovo_hiseq_scf
  breaking scaffolds into contigs:
      1 scaffolds (SOAPdenovo_hiseq_scf) were broken into 700 contigs (SOAPdenovo_hiseq_scf_broken)
  /software/galaxy/master/sabbai/galaxy-dist/database/files/002/dataset_2191.dat ==> SPAdes_miseq_scf
  breaking scaffolds into contigs:
      1 scaffolds (SPAdes_miseq_scf) were broken into 1491 contigs (SPAdes_miseq_scf_broken)
  /software/galaxy/master/sabbai/galaxy-dist/database/files/002/dataset_2189.dat ==> SPAdes_hiseq_scf
  breaking scaffolds into contigs:
      1 scaffolds (SPAdes_hiseq_scf) were broken into 200 contigs (SPAdes_hiseq_scf_broken)
  /software/galaxy/master/sabbai/galaxy-dist/database/files/002/dataset_2204.dat ==> Velvet_miseq_scf
  breaking scaffolds into contigs:
      1 scaffolds (Velvet_miseq_scf) were broken into 182 contigs (Velvet_miseq_scf_broken)
  /software/galaxy/master/sabbai/galaxy-dist/database/files/002/dataset_2202.dat ==> Velvet_hiseq_scf
  breaking scaffolds into contigs:
      1 scaffolds (Velvet_hiseq_scf) were broken into 317 contigs (Velvet_hiseq_scf_broken)

2014-07-08 05:43:57
Running Basic statistics processor...
  Contig files: 
    1  CABOG_miseq_scf broken
    2  CABOG_miseq_scf
    3  CABOG_hiseq_scf broken
    4  CABOG_hiseq_scf
    5  MaSuRCA_miseq_scf broken
    6  MaSuRCA_miseq_scf
    7  MaSuRCA_hiseq_scf broken
    8  MaSuRCA_hiseq_scf
    9  SOAPdenovo_miseq_scf broken
    10  SOAPdenovo_miseq_scf
    11 SOAPdenovo_hiseq_scf broken
    12 SOAPdenovo_hiseq_scf
    13 SPAdes_miseq_scf broken
    14 SPAdes_miseq_scf
    15 SPAdes_hiseq_scf broken
    16 SPAdes_hiseq_scf
    17 Velvet_miseq_scf broken
    18 Velvet_miseq_scf
    19 Velvet_hiseq_scf broken
    20 Velvet_hiseq_scf
  Calculating N50 and L50...
    1  CABOG_miseq_scf broken, N50 = 1707, L50 = 69, Total length = 318746, GC % = 41.54, # N's per 100 kbp =  0.00
    2  CABOG_miseq_scf, N50 = 1707, L50 = 69, Total length = 318746, GC % = 41.54, # N's per 100 kbp =  0.00
    3  CABOG_hiseq_scf broken, N50 = 57089, L50 = 20, Total length = 3848582, GC % = 47.54, # N's per 100 kbp =  0.00
    4  CABOG_hiseq_scf, N50 = 134075, L50 = 10, Total length = 3850141, GC % = 47.54, # N's per 100 kbp =  25.97
    5  MaSuRCA_miseq_scf broken, N50 = 76131, L50 = 16, Total length = 4030761, GC % = 47.47, # N's per 100 kbp =  0.00
    6  MaSuRCA_miseq_scf, N50 = 76131, L50 = 16, Total length = 4030761, GC % = 47.47, # N's per 100 kbp =  0.00
    7  MaSuRCA_hiseq_scf broken, N50 = 108823, L50 = 9, Total length = 3988448, GC % = 47.51, # N's per 100 kbp =  0.00
    8  MaSuRCA_hiseq_scf, N50 = 246836, L50 = 6, Total length = 3990088, GC % = 47.50, # N's per 100 kbp =  17.54
    9  SOAPdenovo_miseq_scf broken, N50 = 30205, L50 = 37, Total length = 3882932, GC % = 47.60, # N's per 100 kbp =  0.00
    10  SOAPdenovo_miseq_scf, N50 = 92267, L50 = 14, Total length = 3955352, GC % = 47.55, # N's per 100 kbp =  1026.18
    11 SOAPdenovo_hiseq_scf broken, N50 = 23972, L50 = 53, Total length = 3891092, GC % = 47.52, # N's per 100 kbp =  0.05
    12 SOAPdenovo_hiseq_scf, N50 = 202254, L50 = 6, Total length = 3967072, GC % = 47.51, # N's per 100 kbp =  1287.95
    13 SPAdes_miseq_scf broken, N50 = 262160, L50 = 5, Total length = 4042074, GC % = 47.37, # N's per 100 kbp =  5.84
    14 SPAdes_miseq_scf, N50 = 262160, L50 = 5, Total length = 4042074, GC % = 47.37, # N's per 100 kbp =  5.84
    15 SPAdes_hiseq_scf broken, N50 = 225904, L50 = 6, Total length = 4211504, GC % = 47.47, # N's per 100 kbp =  9.00
    16 SPAdes_hiseq_scf, N50 = 225904, L50 = 6, Total length = 4211504, GC % = 47.47, # N's per 100 kbp =  9.00
    17 Velvet_miseq_scf broken, N50 = 105176, L50 = 12, Total length = 3891016, GC % = 47.69, # N's per 100 kbp =  0.00
    18 Velvet_miseq_scf, N50 = 105176, L50 = 12, Total length = 3892321, GC % = 47.69, # N's per 100 kbp =  1.28
    19 Velvet_hiseq_scf broken, N50 = 41373, L50 = 29, Total length = 3880977, GC % = 47.63, # N's per 100 kbp =  0.00
    20 Velvet_hiseq_scf, N50 = 163386, L50 = 8, Total length = 3903678, GC % = 47.63, # N's per 100 kbp =  515.80
  Drawing cumulative plot...
    saved to /software/galaxy/master/sabbai/galaxy-dist/database/job_working_directory/002/2322/dataset_2404_files/Scaffold/basic_stats/cumulative_plot.pdf
  Drawing GC content plot...
    saved to /software/galaxy/master/sabbai/galaxy-dist/database/job_working_directory/002/2322/dataset_2404_files/Scaffold/basic_stats/GC_content_plot.pdf
  Drawing Nx plot...
    saved to /software/galaxy/master/sabbai/galaxy-dist/database/job_working_directory/002/2322/dataset_2404_files/Scaffold/basic_stats/Nx_plot.pdf
Done.

NOTICE: Genes are not predicted by default. Use --gene-finding option to enable it.

2014-07-08 05:44:05
Summarizing...
  Creating total report...
    saved to /software/galaxy/master/sabbai/galaxy-dist/database/job_working_directory/002/2322/dataset_2404_files/Scaffold/report.txt, report.tsv, and report.tex
  Transposed version of total report...
    saved to /software/galaxy/master/sabbai/galaxy-dist/database/job_working_directory/002/2322/dataset_2404_files/Scaffold/transposed_report.txt, transposed_report.tsv, and transposed_report.tex
  HTML version saved to /software/galaxy/master/sabbai/galaxy-dist/database/job_working_directory/002/2322/dataset_2404_files/Scaffold/report.html
  All pdf files are merged to /software/galaxy/master/sabbai/galaxy-dist/database/job_working_directory/002/2322/dataset_2404_files/Scaffold/plots.pdf
Log saved to /software/galaxy/master/sabbai/galaxy-dist/database/job_working_directory/002/2322/dataset_2404_files/Scaffold/quast.log

Finished: 2014-07-08 05:44:05
Elapsed time: 0:00:18.767578
