/usit/invitro/data/galaxy/master/sabbai/galaxy-dist/tools/assembly_benchmark/quast/quast.py -o /usit/invitro/data/galaxy/master/sabbai/galaxy-dist/database/job_working_directory/000/735/dataset_772_files -R /usit/invitro/data/galaxy/master/sabbai/galaxy-dist/database/files/000/dataset_706.dat -l SA-H-Abyss, SA-H-Cabog, SA-H-Mira, SA-H-Msrca, SA-H-Sga, SA-H-Soap, SA-H-Spades, SA-H-Velvet -G /usit/invitro/data/galaxy/master/sabbai/galaxy-dist/database/files/000/dataset_707.dat /usit/invitro/data/galaxy/master/sabbai/galaxy-dist/database/files/000/dataset_548.dat /usit/invitro/data/galaxy/master/sabbai/galaxy-dist/database/files/000/dataset_549.dat /usit/invitro/data/galaxy/master/sabbai/galaxy-dist/database/files/000/dataset_550.dat /usit/invitro/data/galaxy/master/sabbai/galaxy-dist/database/files/000/dataset_551.dat /usit/invitro/data/galaxy/master/sabbai/galaxy-dist/database/files/000/dataset_552.dat /usit/invitro/data/galaxy/master/sabbai/galaxy-dist/database/files/000/dataset_553.dat /usit/invitro/data/galaxy/master/sabbai/galaxy-dist/database/files/000/dataset_554.dat /usit/invitro/data/galaxy/master/sabbai/galaxy-dist/database/files/000/dataset_555.dat

Version 2.2, build 19.07.2013 21:21


System information:
  OS: Linux-2.6.18-371.el5-x86_64-with-redhat-5.10-Tikanga
  Python version: 2.7.0
  CPUs number: 64

Started: 2014-02-26 06:19:50

Logging to /usit/invitro/data/galaxy/master/sabbai/galaxy-dist/database/job_working_directory/000/735/dataset_772_files/quast.log

NOTICE: Output directory already exists. Existing Nucmer alignments can be used.

NOTICE: Maximum number of threads is set to 64 (use --threads option to set it manually)

Reference:
  /usit/invitro/data/galaxy/master/sabbai/galaxy-dist/database/files/000/dataset_706.dat ==> dataset_706

Contigs:
  /usit/invitro/data/galaxy/master/sabbai/galaxy-dist/database/files/000/dataset_548.dat ==> SA-H-Abyss
  /usit/invitro/data/galaxy/master/sabbai/galaxy-dist/database/files/000/dataset_549.dat ==> SA-H-Cabog
  /usit/invitro/data/galaxy/master/sabbai/galaxy-dist/database/files/000/dataset_550.dat ==> SA-H-Mira
  /usit/invitro/data/galaxy/master/sabbai/galaxy-dist/database/files/000/dataset_551.dat ==> SA-H-Msrca
  /usit/invitro/data/galaxy/master/sabbai/galaxy-dist/database/files/000/dataset_552.dat ==> SA-H-Sga
  /usit/invitro/data/galaxy/master/sabbai/galaxy-dist/database/files/000/dataset_553.dat ==> SA-H-Soap
  /usit/invitro/data/galaxy/master/sabbai/galaxy-dist/database/files/000/dataset_554.dat ==> SA-H-Spades
  /usit/invitro/data/galaxy/master/sabbai/galaxy-dist/database/files/000/dataset_555.dat ==> SA-H-Velvet

2014-02-26 06:19:55
Running Basic statistics processor...
  Reference genome:
    dataset_706.dat, Reference length = 2872915, Reference GC % = 32.76
  Contig files: 
    1  SA-H-Abyss
    2  SA-H-Cabog
    3  SA-H-Mira
    4  SA-H-Msrca
    5  SA-H-Sga
    6  SA-H-Soap
    7  SA-H-Spades
    8  SA-H-Velvet
  Calculating N50 and L50...
    1  SA-H-Abyss, N50 = 64963, L50 = 13, Total length = 3034102, GC % = 32.92, # N's per 100 kbp =  0.00
    2  SA-H-Cabog, N50 = 111165, L50 = 7, Total length = 2796508, GC % = 32.73, # N's per 100 kbp =  0.00
    3  SA-H-Mira, N50 = 132448, L50 = 7, Total length = 2853942, GC % = 32.75, # N's per 100 kbp =  1.61
    4  SA-H-Msrca, N50 = 221821, L50 = 5, Total length = 2892444, GC % = 32.85, # N's per 100 kbp =  0.00
    5  SA-H-Sga, N50 = 39954, L50 = 22, Total length = 2787797, GC % = 32.63, # N's per 100 kbp =  0.00
    6  SA-H-Soap, N50 = 146332, L50 = 7, Total length = 2822930, GC % = 32.69, # N's per 100 kbp =  0.00
    7  SA-H-Spades, N50 = 187080, L50 = 6, Total length = 2854235, GC % = 32.78, # N's per 100 kbp =  2.00
    8  SA-H-Velvet, N50 = 122507, L50 = 7, Total length = 2824718, GC % = 32.73, # N's per 100 kbp =  0.00
  Drawing cumulative plot...
    saved to /usit/invitro/data/galaxy/master/sabbai/galaxy-dist/database/job_working_directory/000/735/dataset_772_files/basic_stats/cumulative_plot.pdf
  Drawing GC content plot...
    saved to /usit/invitro/data/galaxy/master/sabbai/galaxy-dist/database/job_working_directory/000/735/dataset_772_files/basic_stats/GC_content_plot.pdf
  Drawing Nx plot...
    saved to /usit/invitro/data/galaxy/master/sabbai/galaxy-dist/database/job_working_directory/000/735/dataset_772_files/basic_stats/Nx_plot.pdf
  Drawing NGx plot...
    saved to /usit/invitro/data/galaxy/master/sabbai/galaxy-dist/database/job_working_directory/000/735/dataset_772_files/basic_stats/NGx_plot.pdf
Done.

2014-02-26 06:20:00
Running Contig analyzer...
  1  SA-H-Abyss
  1  Logging to files /usit/invitro/data/galaxy/master/sabbai/galaxy-dist/database/job_working_directory/000/735/dataset_772_files/contigs_reports/contigs_report_SA-H-Abyss.stdout and contigs_report_SA-H-Abyss.stderr...
  1  Running Nucmer... 
  2  SA-H-Cabog
  2  Logging to files /usit/invitro/data/galaxy/master/sabbai/galaxy-dist/database/job_working_directory/000/735/dataset_772_files/contigs_reports/contigs_report_SA-H-Cabog.stdout and contigs_report_SA-H-Cabog.stderr...
  2  Running Nucmer... 
  3  Logging to files /usit/invitro/data/galaxy/master/sabbai/galaxy-dist/database/job_working_directory/000/735/dataset_772_files/contigs_reports/contigs_report_SA-H-Mira.stdout and contigs_report_SA-H-Mira.stderr...
  3  Running Nucmer... 
  4  SA-H-Msrca
  4  Logging to files /usit/invitro/data/galaxy/master/sabbai/galaxy-dist/database/job_working_directory/000/735/dataset_772_files/contigs_reports/contigs_report_SA-H-Msrca.stdout and contigs_report_SA-H-Msrca.stderr...
  5  SA-H-Sga
  4  Running Nucmer... 
  5  Logging to files /usit/invitro/data/galaxy/master/sabbai/galaxy-dist/database/job_working_directory/000/735/dataset_772_files/contigs_reports/contigs_report_SA-H-Sga.stdout and contigs_report_SA-H-Sga.stderr...
  5  Running Nucmer... 
  6  SA-H-Soap
  6  Logging to files /usit/invitro/data/galaxy/master/sabbai/galaxy-dist/database/job_working_directory/000/735/dataset_772_files/contigs_reports/contigs_report_SA-H-Soap.stdout and contigs_report_SA-H-Soap.stderr...
  7  SA-H-Spades
  6  Running Nucmer... 
  8  SA-H-Velvet
  7  Logging to files /usit/invitro/data/galaxy/master/sabbai/galaxy-dist/database/job_working_directory/000/735/dataset_772_files/contigs_reports/contigs_report_SA-H-Spades.stdout and contigs_report_SA-H-Spades.stderr...
  8  Logging to files /usit/invitro/data/galaxy/master/sabbai/galaxy-dist/database/job_working_directory/000/735/dataset_772_files/contigs_reports/contigs_report_SA-H-Velvet.stdout and contigs_report_SA-H-Velvet.stderr...
  7  Running Nucmer... 
  8  Running Nucmer... 
/usit/invitro/data/galaxy/master/sabbai/galaxy-dist/database/job_working_directory/000/735/dataset_772_files/contigs_reports/alignments_SA-H-Sga.tsv
  30317 Analysis is finished.
/usit/invitro/data/galaxy/master/sabbai/galaxy-dist/database/job_working_directory/000/735/dataset_772_files/contigs_reports/alignments_SA-H-Mira.tsv
  45499 Analysis is finished.
/usit/invitro/data/galaxy/master/sabbai/galaxy-dist/database/job_working_directory/000/735/dataset_772_files/contigs_reports/alignments_SA-H-Soap.tsv
  45382 Analysis is finished.
/usit/invitro/data/galaxy/master/sabbai/galaxy-dist/database/job_working_directory/000/735/dataset_772_files/contigs_reports/alignments_SA-H-Spades.tsv
  235934 Analysis is finished.
/usit/invitro/data/galaxy/master/sabbai/galaxy-dist/database/job_working_directory/000/735/dataset_772_files/contigs_reports/alignments_SA-H-Msrca.tsv
  46006 Analysis is finished.
/usit/invitro/data/galaxy/master/sabbai/galaxy-dist/database/job_working_directory/000/735/dataset_772_files/contigs_reports/alignments_SA-H-Abyss.tsv
  43234 Analysis is finished.
/usit/invitro/data/galaxy/master/sabbai/galaxy-dist/database/job_working_directory/000/735/dataset_772_files/contigs_reports/alignments_SA-H-Velvet.tsv
  45377 Analysis is finished.
/usit/invitro/data/galaxy/master/sabbai/galaxy-dist/database/job_working_directory/000/735/dataset_772_files/contigs_reports/alignments_SA-H-Cabog.tsv
  204663 Analysis is finished.
  Creating total report...
    saved to /usit/invitro/data/galaxy/master/sabbai/galaxy-dist/database/job_working_directory/000/735/dataset_772_files/contigs_reports/misassemblies_report.txt, misassemblies_report.tsv, and misassemblies_report.tex
  Creating total report...
    saved to /usit/invitro/data/galaxy/master/sabbai/galaxy-dist/database/job_working_directory/000/735/dataset_772_files/contigs_reports/unaligned_report.txt, unaligned_report.tsv, and unaligned_report.tex
Done.

2014-02-26 06:20:16
Running NA-NGA calculation...
  Calculating NA50 and NGA50...
    1  SA-H-Abyss, Largest alignment = 187397, NA50 = 42776, NGA50 = 50757, LA50 = 19, LGA50 = 17
    2  SA-H-Cabog, Largest alignment = 172651, NA50 = 45901, NGA50 = 45901, LA50 = 17, LGA50 = 17
    3  SA-H-Mira, Largest alignment = 187515, NA50 = 52166, NGA50 = 52166, LA50 = 16, LGA50 = 16
    4  SA-H-Msrca, Largest alignment = 187458, NA50 = 70865, NGA50 = 70865, LA50 = 13, LGA50 = 13
    5  SA-H-Sga, Largest alignment = 137514, NA50 = 32628, NGA50 = 32320, LA50 = 28, LGA50 = 29
    6  SA-H-Soap, Largest alignment = 187397, NA50 = 79978, NGA50 = 79978, LA50 = 13, LGA50 = 13
    7  SA-H-Spades, Largest alignment = 187456, NA50 = 70865, NGA50 = 70865, LA50 = 13, LGA50 = 13
    8  SA-H-Velvet, Largest alignment = 187397, NA50 = 64058, NGA50 = 57767, LA50 = 14, LGA50 = 15
  Drawing cumulative plot...
    saved to /usit/invitro/data/galaxy/master/sabbai/galaxy-dist/database/job_working_directory/000/735/dataset_772_files/aligned_stats/cumulative_plot.pdf
  Drawing NAx plot...
    saved to /usit/invitro/data/galaxy/master/sabbai/galaxy-dist/database/job_working_directory/000/735/dataset_772_files/aligned_stats/NAx_plot.pdf
  Drawing NGAx plot...
    saved to /usit/invitro/data/galaxy/master/sabbai/galaxy-dist/database/job_working_directory/000/735/dataset_772_files/aligned_stats/NGAx_plot.pdf
  Done.

2014-02-26 06:20:18
Running Genome analyzer...
  Loaded 2805 genes
  NOTICE: Annotated operons file was not provided. Use -O option to specify it.
  1  SA-H-Abyss
  2  SA-H-Cabog
  3  SA-H-Mira
  4  SA-H-Msrca
  5  SA-H-Sga
  6  SA-H-Soap
  7  SA-H-Spades
  8  SA-H-Velvet
  Drawing genes cumulative plot...
    saved to /usit/invitro/data/galaxy/master/sabbai/galaxy-dist/database/job_working_directory/000/735/dataset_772_files/genome_stats/genes_cumulative_plot.pdf
  Drawing # complete genes histogram...
    saved to /usit/invitro/data/galaxy/master/sabbai/galaxy-dist/database/job_working_directory/000/735/dataset_772_files/genome_stats/complete_genes_histogram.pdf
  Drawing Genome fraction, % histogram...
    saved to /usit/invitro/data/galaxy/master/sabbai/galaxy-dist/database/job_working_directory/000/735/dataset_772_files/genome_stats/genome_fraction_histogram.pdf
Done.

NOTICE: Genes are not predicted by default. Use --gene-finding option to enable it.

2014-02-26 06:20:35
Summarizing...
  Creating total report...
    saved to /usit/invitro/data/galaxy/master/sabbai/galaxy-dist/database/job_working_directory/000/735/dataset_772_files/report.txt, report.tsv, and report.tex
  Transposed version of total report...
    saved to /usit/invitro/data/galaxy/master/sabbai/galaxy-dist/database/job_working_directory/000/735/dataset_772_files/transposed_report.txt, transposed_report.tsv, and transposed_report.tex
  HTML version saved to /usit/invitro/data/galaxy/master/sabbai/galaxy-dist/database/job_working_directory/000/735/dataset_772_files/report.html
  All pdf files are merged to /usit/invitro/data/galaxy/master/sabbai/galaxy-dist/database/job_working_directory/000/735/dataset_772_files/plots.pdf
Log saved to /usit/invitro/data/galaxy/master/sabbai/galaxy-dist/database/job_working_directory/000/735/dataset_772_files/quast.log

Finished: 2014-02-26 06:20:36
Elapsed time: 0:00:45.920589
