/usit/invitro/data/galaxy/master/sabbai/galaxy-dist/tools/assembly_benchmark/quast/quast.py -o /usit/invitro/data/galaxy/master/sabbai/galaxy-dist/database/job_working_directory/000/726/dataset_763_files -R /usit/invitro/data/galaxy/master/sabbai/galaxy-dist/database/files/000/dataset_686.dat -l MA-H-Abyss, MA-M-Abyss, MA-H-Cabog, MA-M-Cabog, MA-H-Mira, MA-M-Mira, MA-H-Msrca, MA-M-Msrca, MA-H-Sga, MA-M-Sga, MA-H-Soap, MA-M-Soap, MA-H-Spades, MA-M-Spades, MA-H-Velvet, MA-M-Velvet -G /usit/invitro/data/galaxy/master/sabbai/galaxy-dist/database/files/000/dataset_686.dat /usit/invitro/data/galaxy/master/sabbai/galaxy-dist/database/files/000/dataset_513.dat /usit/invitro/data/galaxy/master/sabbai/galaxy-dist/database/files/000/dataset_522.dat /usit/invitro/data/galaxy/master/sabbai/galaxy-dist/database/files/000/dataset_514.dat /usit/invitro/data/galaxy/master/sabbai/galaxy-dist/database/files/000/dataset_523.dat /usit/invitro/data/galaxy/master/sabbai/galaxy-dist/database/files/000/dataset_515.dat /usit/invitro/data/galaxy/master/sabbai/galaxy-dist/database/files/000/dataset_524.dat /usit/invitro/data/galaxy/master/sabbai/galaxy-dist/database/files/000/dataset_516.dat /usit/invitro/data/galaxy/master/sabbai/galaxy-dist/database/files/000/dataset_525.dat /usit/invitro/data/galaxy/master/sabbai/galaxy-dist/database/files/000/dataset_517.dat /usit/invitro/data/galaxy/master/sabbai/galaxy-dist/database/files/000/dataset_526.dat /usit/invitro/data/galaxy/master/sabbai/galaxy-dist/database/files/000/dataset_518.dat /usit/invitro/data/galaxy/master/sabbai/galaxy-dist/database/files/000/dataset_531.dat /usit/invitro/data/galaxy/master/sabbai/galaxy-dist/database/files/000/dataset_520.dat /usit/invitro/data/galaxy/master/sabbai/galaxy-dist/database/files/000/dataset_529.dat /usit/invitro/data/galaxy/master/sabbai/galaxy-dist/database/files/000/dataset_521.dat /usit/invitro/data/galaxy/master/sabbai/galaxy-dist/database/files/000/dataset_530.dat

Version 2.2, build 19.07.2013 21:21


System information:
  OS: Linux-2.6.18-371.el5-x86_64-with-redhat-5.10-Tikanga
  Python version: 2.7.0
  CPUs number: 64

Started: 2014-02-26 06:04:32

Logging to /usit/invitro/data/galaxy/master/sabbai/galaxy-dist/database/job_working_directory/000/726/dataset_763_files/quast.log

NOTICE: Output directory already exists. Existing Nucmer alignments can be used.

NOTICE: Maximum number of threads is set to 64 (use --threads option to set it manually)

Reference:
  /usit/invitro/data/galaxy/master/sabbai/galaxy-dist/database/files/000/dataset_686.dat ==> dataset_686

Contigs:
  /usit/invitro/data/galaxy/master/sabbai/galaxy-dist/database/files/000/dataset_513.dat ==> MA-H-Abyss
  /usit/invitro/data/galaxy/master/sabbai/galaxy-dist/database/files/000/dataset_522.dat ==> MA-M-Abyss
  /usit/invitro/data/galaxy/master/sabbai/galaxy-dist/database/files/000/dataset_514.dat ==> MA-H-Cabog
  /usit/invitro/data/galaxy/master/sabbai/galaxy-dist/database/files/000/dataset_523.dat ==> MA-M-Cabog
  /usit/invitro/data/galaxy/master/sabbai/galaxy-dist/database/files/000/dataset_515.dat ==> MA-H-Mira
  /usit/invitro/data/galaxy/master/sabbai/galaxy-dist/database/files/000/dataset_524.dat ==> MA-M-Mira
  /usit/invitro/data/galaxy/master/sabbai/galaxy-dist/database/files/000/dataset_516.dat ==> MA-H-Msrca
  /usit/invitro/data/galaxy/master/sabbai/galaxy-dist/database/files/000/dataset_525.dat ==> MA-M-Msrca
  /usit/invitro/data/galaxy/master/sabbai/galaxy-dist/database/files/000/dataset_517.dat ==> MA-H-Sga
  /usit/invitro/data/galaxy/master/sabbai/galaxy-dist/database/files/000/dataset_526.dat ==> MA-M-Sga
  /usit/invitro/data/galaxy/master/sabbai/galaxy-dist/database/files/000/dataset_518.dat ==> MA-H-Soap
  /usit/invitro/data/galaxy/master/sabbai/galaxy-dist/database/files/000/dataset_531.dat ==> MA-M-Soap
  /usit/invitro/data/galaxy/master/sabbai/galaxy-dist/database/files/000/dataset_520.dat ==> MA-H-Spades
  /usit/invitro/data/galaxy/master/sabbai/galaxy-dist/database/files/000/dataset_529.dat ==> MA-M-Spades
  /usit/invitro/data/galaxy/master/sabbai/galaxy-dist/database/files/000/dataset_521.dat ==> MA-H-Velvet
  /usit/invitro/data/galaxy/master/sabbai/galaxy-dist/database/files/000/dataset_530.dat ==> MA-M-Velvet

2014-02-26 06:04:42
Running Basic statistics processor...
  Reference genome:
    dataset_686.dat, Reference length = 5067172, Reference GC % = 64.13
  Contig files: 
    1  MA-H-Abyss
    2  MA-M-Abyss
    3  MA-H-Cabog
    4  MA-M-Cabog
    5  MA-H-Mira
    6  MA-M-Mira
    7  MA-H-Msrca
    8  MA-M-Msrca
    9  MA-H-Sga
    10  MA-M-Sga
    11 MA-H-Soap
    12 MA-M-Soap
    13 MA-H-Spades
    14 MA-M-Spades
    15 MA-H-Velvet
    16 MA-M-Velvet
  Calculating N50 and L50...
    1  MA-H-Abyss, N50 = 119446, L50 = 15, Total length = 5123560, GC % = 64.10, # N's per 100 kbp =  12.10
    2  MA-M-Abyss, N50 = 70424, L50 = 24, Total length = 5116522, GC % = 64.10, # N's per 100 kbp =  4.28
    3  MA-H-Cabog, N50 = 81416, L50 = 21, Total length = 5116091, GC % = 64.10, # N's per 100 kbp =  0.70
    4  MA-M-Cabog, N50 = 8655, L50 = 176, Total length = 5116310, GC % = 64.08, # N's per 100 kbp =  0.00
    5  MA-H-Mira, N50 = 147272, L50 = 12, Total length = 5151058, GC % = 64.11, # N's per 100 kbp =  2.06
    6  MA-M-Mira, N50 = 89612, L50 = 15, Total length = 5431987, GC % = 64.09, # N's per 100 kbp =  3.04
    7  MA-H-Msrca, N50 = 246830, L50 = 9, Total length = 5144734, GC % = 64.13, # N's per 100 kbp =  0.00
    8  MA-M-Msrca, N50 = 36211, L50 = 52, Total length = 5418108, GC % = 64.10, # N's per 100 kbp =  0.00
    9  MA-H-Sga, N50 = 28734, L50 = 55, Total length = 5122631, GC % = 64.11, # N's per 100 kbp =  0.00
    10  MA-M-Sga, N50 = 12890, L50 = 126, Total length = 5232350, GC % = 64.08, # N's per 100 kbp =  0.00
    11 MA-H-Soap, N50 = 148639, L50 = 11, Total length = 5136175, GC % = 64.09, # N's per 100 kbp =  0.00
    12 MA-M-Soap, N50 = 131561, L50 = 14, Total length = 5133667, GC % = 64.09, # N's per 100 kbp =  0.00
    13 MA-H-Spades, N50 = 150258, L50 = 10, Total length = 5132082, GC % = 64.11, # N's per 100 kbp =  0.00
    14 MA-M-Spades, N50 = 220161, L50 = 8, Total length = 5158616, GC % = 64.02, # N's per 100 kbp =  3.57
    15 MA-H-Velvet, N50 = 60955, L50 = 28, Total length = 5126222, GC % = 64.11, # N's per 100 kbp =  0.00
    16 MA-M-Velvet, N50 = 47327, L50 = 35, Total length = 5136825, GC % = 64.07, # N's per 100 kbp =  0.00
  Drawing cumulative plot...
    saved to /usit/invitro/data/galaxy/master/sabbai/galaxy-dist/database/job_working_directory/000/726/dataset_763_files/basic_stats/cumulative_plot.pdf
  Drawing GC content plot...
    saved to /usit/invitro/data/galaxy/master/sabbai/galaxy-dist/database/job_working_directory/000/726/dataset_763_files/basic_stats/GC_content_plot.pdf
  Drawing Nx plot...
    saved to /usit/invitro/data/galaxy/master/sabbai/galaxy-dist/database/job_working_directory/000/726/dataset_763_files/basic_stats/Nx_plot.pdf
  Drawing NGx plot...
    saved to /usit/invitro/data/galaxy/master/sabbai/galaxy-dist/database/job_working_directory/000/726/dataset_763_files/basic_stats/NGx_plot.pdf
Done.

2014-02-26 06:04:51
Running Contig analyzer...
  1  MA-H-Abyss
  2  MA-M-Abyss
  1  Logging to files /usit/invitro/data/galaxy/master/sabbai/galaxy-dist/database/job_working_directory/000/726/dataset_763_files/contigs_reports/contigs_report_MA-H-Abyss.stdout and contigs_report_MA-H-Abyss.stderr...
  1  Running Nucmer... 
  2  Logging to files /usit/invitro/data/galaxy/master/sabbai/galaxy-dist/database/job_working_directory/000/726/dataset_763_files/contigs_reports/contigs_report_MA-M-Abyss.stdout and contigs_report_MA-M-Abyss.stderr...
  3  MA-H-Cabog
  2  Running Nucmer... 
  3  Logging to files /usit/invitro/data/galaxy/master/sabbai/galaxy-dist/database/job_working_directory/000/726/dataset_763_files/contigs_reports/contigs_report_MA-H-Cabog.stdout and contigs_report_MA-H-Cabog.stderr...
  4  MA-M-Cabog
  3  Running Nucmer... 
  4  Logging to files /usit/invitro/data/galaxy/master/sabbai/galaxy-dist/database/job_working_directory/000/726/dataset_763_files/contigs_reports/contigs_report_MA-M-Cabog.stdout and contigs_report_MA-M-Cabog.stderr...
  4  Running Nucmer... 
  5  MA-H-Mira
  5  Logging to files /usit/invitro/data/galaxy/master/sabbai/galaxy-dist/database/job_working_directory/000/726/dataset_763_files/contigs_reports/contigs_report_MA-H-Mira.stdout and contigs_report_MA-H-Mira.stderr...
  5  Running Nucmer... 
  6  MA-M-Mira
  6  Logging to files /usit/invitro/data/galaxy/master/sabbai/galaxy-dist/database/job_working_directory/000/726/dataset_763_files/contigs_reports/contigs_report_MA-M-Mira.stdout and contigs_report_MA-M-Mira.stderr...
  6  Running Nucmer... 
  7  MA-H-Msrca
  7  Logging to files /usit/invitro/data/galaxy/master/sabbai/galaxy-dist/database/job_working_directory/000/726/dataset_763_files/contigs_reports/contigs_report_MA-H-Msrca.stdout and contigs_report_MA-H-Msrca.stderr...
  7  Running Nucmer... 
  8  MA-M-Msrca
  8  Logging to files /usit/invitro/data/galaxy/master/sabbai/galaxy-dist/database/job_working_directory/000/726/dataset_763_files/contigs_reports/contigs_report_MA-M-Msrca.stdout and contigs_report_MA-M-Msrca.stderr...
  9  MA-H-Sga
  8  Running Nucmer... 
  9  Logging to files /usit/invitro/data/galaxy/master/sabbai/galaxy-dist/database/job_working_directory/000/726/dataset_763_files/contigs_reports/contigs_report_MA-H-Sga.stdout and contigs_report_MA-H-Sga.stderr...
  10  MA-M-Sga
  10  Logging to files /usit/invitro/data/galaxy/master/sabbai/galaxy-dist/database/job_working_directory/000/726/dataset_763_files/contigs_reports/contigs_report_MA-M-Sga.stdout and contigs_report_MA-M-Sga.stderr...
  11 MA-H-Soap
  10  Running Nucmer... 
  11 Logging to files /usit/invitro/data/galaxy/master/sabbai/galaxy-dist/database/job_working_directory/000/726/dataset_763_files/contigs_reports/contigs_report_MA-H-Soap.stdout and contigs_report_MA-H-Soap.stderr...
  11 Running Nucmer... 
  12 MA-M-Soap
  12 Logging to files /usit/invitro/data/galaxy/master/sabbai/galaxy-dist/database/job_working_directory/000/726/dataset_763_files/contigs_reports/contigs_report_MA-M-Soap.stdout and contigs_report_MA-M-Soap.stderr...
  12 Running Nucmer... 
  13 MA-H-Spades
  13 Logging to files /usit/invitro/data/galaxy/master/sabbai/galaxy-dist/database/job_working_directory/000/726/dataset_763_files/contigs_reports/contigs_report_MA-H-Spades.stdout and contigs_report_MA-H-Spades.stderr...
  14 MA-M-Spades
  13 Running Nucmer... 
  15 MA-H-Velvet
  14 Logging to files /usit/invitro/data/galaxy/master/sabbai/galaxy-dist/database/job_working_directory/000/726/dataset_763_files/contigs_reports/contigs_report_MA-M-Spades.stdout and contigs_report_MA-M-Spades.stderr...
  15 Logging to files /usit/invitro/data/galaxy/master/sabbai/galaxy-dist/database/job_working_directory/000/726/dataset_763_files/contigs_reports/contigs_report_MA-H-Velvet.stdout and contigs_report_MA-H-Velvet.stderr...
  14 Running Nucmer... 
  15 Running Nucmer... 
  16 MA-M-Velvet
  16 Logging to files /usit/invitro/data/galaxy/master/sabbai/galaxy-dist/database/job_working_directory/000/726/dataset_763_files/contigs_reports/contigs_report_MA-M-Velvet.stdout and contigs_report_MA-M-Velvet.stderr...
  16 Running Nucmer... 
/usit/invitro/data/galaxy/master/sabbai/galaxy-dist/database/job_working_directory/000/726/dataset_763_files/contigs_reports/alignments_MA-M-Abyss.tsv
  32446 Analysis is finished.
/usit/invitro/data/galaxy/master/sabbai/galaxy-dist/database/job_working_directory/000/726/dataset_763_files/contigs_reports/alignments_MA-M-Sga.tsv
  14983 Analysis is finished.
/usit/invitro/data/galaxy/master/sabbai/galaxy-dist/database/job_working_directory/000/726/dataset_763_files/contigs_reports/alignments_MA-H-Sga.tsv
  27616 Analysis is finished.
/usit/invitro/data/galaxy/master/sabbai/galaxy-dist/database/job_working_directory/000/726/dataset_763_files/contigs_reports/alignments_MA-H-Msrca.tsv
  32472 Analysis is finished.
/usit/invitro/data/galaxy/master/sabbai/galaxy-dist/database/job_working_directory/000/726/dataset_763_files/contigs_reports/alignments_MA-H-Soap.tsv
  60899 Analysis is finished.
/usit/invitro/data/galaxy/master/sabbai/galaxy-dist/database/job_working_directory/000/726/dataset_763_files/contigs_reports/alignments_MA-H-Spades.tsv
  60906 Analysis is finished.
/usit/invitro/data/galaxy/master/sabbai/galaxy-dist/database/job_working_directory/000/726/dataset_763_files/contigs_reports/alignments_MA-H-Velvet.tsv
  53433 Analysis is finished.
/usit/invitro/data/galaxy/master/sabbai/galaxy-dist/database/job_working_directory/000/726/dataset_763_files/contigs_reports/alignments_MA-M-Soap.tsv
  60886 Analysis is finished.
/usit/invitro/data/galaxy/master/sabbai/galaxy-dist/database/job_working_directory/000/726/dataset_763_files/contigs_reports/alignments_MA-H-Abyss.tsv
  32454 Analysis is finished.
/usit/invitro/data/galaxy/master/sabbai/galaxy-dist/database/job_working_directory/000/726/dataset_763_files/contigs_reports/alignments_MA-H-Cabog.tsv
  23477 Analysis is finished.
/usit/invitro/data/galaxy/master/sabbai/galaxy-dist/database/job_working_directory/000/726/dataset_763_files/contigs_reports/alignments_MA-M-Cabog.tsv
  8304 Analysis is finished.
/usit/invitro/data/galaxy/master/sabbai/galaxy-dist/database/job_working_directory/000/726/dataset_763_files/contigs_reports/alignments_MA-M-Spades.tsv
  32457 Analysis is finished.
/usit/invitro/data/galaxy/master/sabbai/galaxy-dist/database/job_working_directory/000/726/dataset_763_files/contigs_reports/alignments_MA-M-Msrca.tsv
  61295 Analysis is finished.
/usit/invitro/data/galaxy/master/sabbai/galaxy-dist/database/job_working_directory/000/726/dataset_763_files/contigs_reports/alignments_MA-M-Mira.tsv
  32457 Analysis is finished.
/usit/invitro/data/galaxy/master/sabbai/galaxy-dist/database/job_working_directory/000/726/dataset_763_files/contigs_reports/alignments_MA-M-Velvet.tsv
  27849 Analysis is finished.
/usit/invitro/data/galaxy/master/sabbai/galaxy-dist/database/job_working_directory/000/726/dataset_763_files/contigs_reports/alignments_MA-H-Mira.tsv
  198008 Analysis is finished.
  Creating total report...
    saved to /usit/invitro/data/galaxy/master/sabbai/galaxy-dist/database/job_working_directory/000/726/dataset_763_files/contigs_reports/misassemblies_report.txt, misassemblies_report.tsv, and misassemblies_report.tex
  Creating total report...
    saved to /usit/invitro/data/galaxy/master/sabbai/galaxy-dist/database/job_working_directory/000/726/dataset_763_files/contigs_reports/unaligned_report.txt, unaligned_report.tsv, and unaligned_report.tex
Done.

2014-02-26 06:05:19
Running NA-NGA calculation...
  Calculating NA50 and NGA50...
    1  MA-H-Abyss, Largest alignment = 610150, NA50 = 111763, NGA50 = 115738, LA50 = 16, LGA50 = 15
    2  MA-M-Abyss, Largest alignment = 245660, NA50 = 67488, NGA50 = 68549, LA50 = 25, LGA50 = 24
    3  MA-H-Cabog, Largest alignment = 238341, NA50 = 78165, NGA50 = 78165, LA50 = 23, LGA50 = 23
    4  MA-M-Cabog, Largest alignment = 40668, NA50 = 8265, NGA50 = 8421, LA50 = 182, LGA50 = 179
    5  MA-H-Mira, Largest alignment = 313312, NA50 = 129075, NGA50 = 129075, LA50 = 15, LGA50 = 15
    6  MA-M-Mira, Largest alignment = 257874, NA50 = 69002, NGA50 = 74997, LA50 = 23, LGA50 = 20
    7  MA-H-Msrca, Largest alignment = 309535, NA50 = 187809, NGA50 = 187809, LA50 = 10, LGA50 = 10
    8  MA-M-Msrca, Largest alignment = 104372, NA50 = 35496, NGA50 = 37156, LA50 = 53, LGA50 = 49
    9  MA-H-Sga, Largest alignment = 101254, NA50 = 27712, NGA50 = 27760, LA50 = 57, LGA50 = 56
    10  MA-M-Sga, Largest alignment = 59847, NA50 = 12516, NGA50 = 12871, LA50 = 130, LGA50 = 124
    11 MA-H-Soap, Largest alignment = 474277, NA50 = 147199, NGA50 = 147199, LA50 = 12, LGA50 = 12
    12 MA-M-Soap, Largest alignment = 261142, NA50 = 113272, NGA50 = 113272, LA50 = 15, LGA50 = 15
    13 MA-H-Spades, Largest alignment = 627055, NA50 = 147871, NGA50 = 147871, LA50 = 10, LGA50 = 10
    14 MA-M-Spades, Largest alignment = 498363, NA50 = 209894, NGA50 = 209894, LA50 = 9, LGA50 = 9
    15 MA-H-Velvet, Largest alignment = 191465, NA50 = 58337, NGA50 = 60267, LA50 = 29, LGA50 = 28
    16 MA-M-Velvet, Largest alignment = 130350, NA50 = 40129, NGA50 = 41485, LA50 = 40, LGA50 = 39
  Drawing cumulative plot...
    saved to /usit/invitro/data/galaxy/master/sabbai/galaxy-dist/database/job_working_directory/000/726/dataset_763_files/aligned_stats/cumulative_plot.pdf
  Drawing NAx plot...
    saved to /usit/invitro/data/galaxy/master/sabbai/galaxy-dist/database/job_working_directory/000/726/dataset_763_files/aligned_stats/NAx_plot.pdf
  Drawing NGAx plot...
    saved to /usit/invitro/data/galaxy/master/sabbai/galaxy-dist/database/job_working_directory/000/726/dataset_763_files/aligned_stats/NGAx_plot.pdf
  Done.

2014-02-26 06:05:22
Running Genome analyzer...
WARNING: Incorrect format of gene's file! GFF, NCBI and the plain TXT format accepted. See manual.
WARNING: /usit/invitro/data/galaxy/master/sabbai/galaxy-dist/database/files/000/dataset_686.dat was skipped
  WARNING: No genes were loaded.
  NOTICE: Annotated operons file was not provided. Use -O option to specify it.
  1  MA-H-Abyss
  2  MA-M-Abyss
  3  MA-H-Cabog
  4  MA-M-Cabog
  5  MA-H-Mira
  6  MA-M-Mira
  7  MA-H-Msrca
  8  MA-M-Msrca
  9  MA-H-Sga
  10  MA-M-Sga
  11 MA-H-Soap
  12 MA-M-Soap
  13 MA-H-Spades
  14 MA-M-Spades
  15 MA-H-Velvet
  16 MA-M-Velvet
  Drawing Genome fraction, % histogram...
    saved to /usit/invitro/data/galaxy/master/sabbai/galaxy-dist/database/job_working_directory/000/726/dataset_763_files/genome_stats/genome_fraction_histogram.pdf
Done.

NOTICE: Genes are not predicted by default. Use --gene-finding option to enable it.

2014-02-26 06:06:13
Summarizing...
  Creating total report...
    saved to /usit/invitro/data/galaxy/master/sabbai/galaxy-dist/database/job_working_directory/000/726/dataset_763_files/report.txt, report.tsv, and report.tex
  Transposed version of total report...
    saved to /usit/invitro/data/galaxy/master/sabbai/galaxy-dist/database/job_working_directory/000/726/dataset_763_files/transposed_report.txt, transposed_report.tsv, and transposed_report.tex
  HTML version saved to /usit/invitro/data/galaxy/master/sabbai/galaxy-dist/database/job_working_directory/000/726/dataset_763_files/report.html
  All pdf files are merged to /usit/invitro/data/galaxy/master/sabbai/galaxy-dist/database/job_working_directory/000/726/dataset_763_files/plots.pdf
Log saved to /usit/invitro/data/galaxy/master/sabbai/galaxy-dist/database/job_working_directory/000/726/dataset_763_files/quast.log

Finished: 2014-02-26 06:06:13
Elapsed time: 0:01:41.395748
