Aligning contigs to reference...
	Running Nucmer...
Parsing coords...
Loading Assembly...
Loading reference...
	Loaded [gi|169627108|ref|NC_010397.1|_Mycobacterium_abscessus_chromosome__complete_sequence]
	Loaded [gi|169786809|ref|NC_010394.1|_Mycobacterium_abscessus_plasmid__complete_sequence]
Loading SNPs...
Loading regions...
	No regions given, using whole reference.
	Total Regions: 2
	Total Region Length: 5090491
Analyzing contigs...
CONTIG: 241_10121_363114 (10121bp)
Top Length: 10121  Top ID: 100.0
		One align captures most of this contig: 4903410 4913530 | 1 10121 | 10121 10121 | 100.0 | gi|169627108|ref|NC_010397.1|_Mycobacterium_abscessus_chromosome__complete_sequence 241_10121_363114

CONTIG: 396_115855_4550528_19+_198- (115855bp)
Top Length: 115855  Top ID: 99.99
		One align captures most of this contig: 1463171 1579027 | 1 115855 | 115857 115855 | 99.99 | gi|169627108|ref|NC_010397.1|_Mycobacterium_abscessus_chromosome__complete_sequence 396_115855_4550528_19+_198-

CONTIG: 277_13518_515680 (13518bp)
Top Length: 13518  Top ID: 99.99
		One align captures most of this contig: 3579092 3592609 | 1 13518 | 13518 13518 | 99.99 | gi|169627108|ref|NC_010397.1|_Mycobacterium_abscessus_chromosome__complete_sequence 277_13518_515680

CONTIG: 310_29206_1163028 (29206bp)
Top Length: 29206  Top ID: 100.0
		One align captures most of this contig: 4093610 4122815 | 1 29206 | 29206 29206 | 100.0 | gi|169627108|ref|NC_010397.1|_Mycobacterium_abscessus_chromosome__complete_sequence 310_29206_1163028

CONTIG: 371_36304_1462587 (36304bp)
Top Length: 36304  Top ID: 100.0
		One align captures most of this contig: 125477 161780 | 1 36304 | 36304 36304 | 100.0 | gi|169627108|ref|NC_010397.1|_Mycobacterium_abscessus_chromosome__complete_sequence 371_36304_1462587

CONTIG: 217_12690_470376 (12690bp)
Top Length: 12690  Top ID: 99.99
		One align captures most of this contig: 2493512 2506201 | 1 12690 | 12690 12690 | 99.99 | gi|169627108|ref|NC_010397.1|_Mycobacterium_abscessus_chromosome__complete_sequence 217_12690_470376

CONTIG: 189_6118_232954 (6118bp)
Top Length: 6118  Top ID: 100.0
		One align captures most of this contig: 4767810 4773927 | 6118 1 | 6118 6118 | 100.0 | gi|169627108|ref|NC_010397.1|_Mycobacterium_abscessus_chromosome__complete_sequence 189_6118_232954

CONTIG: 75_4672_178617 (4672bp)
Top Length: 4672  Top ID: 100.0
		One align captures most of this contig: 4762740 4767411 | 1 4672 | 4672 4672 | 100.0 | gi|169627108|ref|NC_010397.1|_Mycobacterium_abscessus_chromosome__complete_sequence 75_4672_178617

CONTIG: 283_26784_1050617 (26784bp)
Top Length: 26727  Top ID: 100.0
		One align captures most of this contig: 1978960 2005686 | 58 26784 | 26727 26727 | 100.0 | gi|169627108|ref|NC_010397.1|_Mycobacterium_abscessus_chromosome__complete_sequence 283_26784_1050617

CONTIG: 199_97841_3714814 (97841bp)
Top Length: 97841  Top ID: 100.0
		One align captures most of this contig: 2725808 2823648 | 1 97841 | 97841 97841 | 100.0 | gi|169627108|ref|NC_010397.1|_Mycobacterium_abscessus_chromosome__complete_sequence 199_97841_3714814

CONTIG: 79_13656_494447 (13656bp)
Top Length: 13656  Top ID: 100.0
		One align captures most of this contig: 3403199 3416854 | 1 13656 | 13656 13656 | 100.0 | gi|169627108|ref|NC_010397.1|_Mycobacterium_abscessus_chromosome__complete_sequence 79_13656_494447

CONTIG: 397_105380_4038916_39+_386+_130- (105380bp)
Top Length: 105380  Top ID: 99.96
		One align captures most of this contig: 3439948 3545325 | 1 105380 | 105378 105380 | 99.96 | gi|169627108|ref|NC_010397.1|_Mycobacterium_abscessus_chromosome__complete_sequence 397_105380_4038916_39+_386+_130-

CONTIG: 14_18994_788004 (18994bp)
Top Length: 18994  Top ID: 100.0
		One align captures most of this contig: 4774742 4793735 | 1 18994 | 18994 18994 | 100.0 | gi|169627108|ref|NC_010397.1|_Mycobacterium_abscessus_chromosome__complete_sequence 14_18994_788004

CONTIG: 287_67088_2324869 (67088bp)
Top Length: 67088  Top ID: 100.0
		One align captures most of this contig: 1727824 1794911 | 1 67088 | 67088 67088 | 100.0 | gi|169627108|ref|NC_010397.1|_Mycobacterium_abscessus_chromosome__complete_sequence 287_67088_2324869

CONTIG: 195_43179_1730260 (43179bp)
Top Length: 43179  Top ID: 100.0
		One align captures most of this contig: 1051566 1094744 | 43179 1 | 43179 43179 | 100.0 | gi|169627108|ref|NC_010397.1|_Mycobacterium_abscessus_chromosome__complete_sequence 195_43179_1730260

CONTIG: 123_516_9771 (516bp)
Top Length: 516  Top ID: 100.0
		One align captures most of this contig: 987257 987772 | 516 1 | 516 516 | 100.0 | gi|169627108|ref|NC_010397.1|_Mycobacterium_abscessus_chromosome__complete_sequence 123_516_9771

CONTIG: 22_70126_2786112 (70126bp)
Top Length: 70126  Top ID: 100.0
		One align captures most of this contig: 560534 630659 | 70126 1 | 70126 70126 | 100.0 | gi|169627108|ref|NC_010397.1|_Mycobacterium_abscessus_chromosome__complete_sequence 22_70126_2786112

CONTIG: 215_6329_268632 (6329bp)
Top Length: 6329  Top ID: 100.0
		One align captures most of this contig: 4220040 4226368 | 6329 1 | 6329 6329 | 100.0 | gi|169627108|ref|NC_010397.1|_Mycobacterium_abscessus_chromosome__complete_sequence 215_6329_268632

CONTIG: 234_689_15808 (689bp)
Top Length: 689  Top ID: 100.0
		One align captures most of this contig: 2848479 2849167 | 1 689 | 689 689 | 100.0 | gi|169627108|ref|NC_010397.1|_Mycobacterium_abscessus_chromosome__complete_sequence 234_689_15808

CONTIG: 31_15463_562194 (15463bp)
Top Length: 15463  Top ID: 100.0
		One align captures most of this contig: 2659407 2674869 | 1 15463 | 15463 15463 | 100.0 | gi|169627108|ref|NC_010397.1|_Mycobacterium_abscessus_chromosome__complete_sequence 31_15463_562194

CONTIG: 30_4331_164655 (4331bp)
Top Length: 4331  Top ID: 100.0
		One align captures most of this contig: 3167463 3171793 | 1 4331 | 4331 4331 | 100.0 | gi|169627108|ref|NC_010397.1|_Mycobacterium_abscessus_chromosome__complete_sequence 30_4331_164655

CONTIG: 239_1280_53116 (1280bp)
Top Length: 1280  Top ID: 100.0
		One align captures most of this contig: 472421 473700 | 1280 1 | 1280 1280 | 100.0 | gi|169627108|ref|NC_010397.1|_Mycobacterium_abscessus_chromosome__complete_sequence 239_1280_53116

CONTIG: 167_77412_2844470 (77412bp)
Top Length: 77412  Top ID: 99.99
		One align captures most of this contig: 1815646 1893056 | 1 77412 | 77411 77412 | 99.99 | gi|169627108|ref|NC_010397.1|_Mycobacterium_abscessus_chromosome__complete_sequence 167_77412_2844470

CONTIG: 148_2698_95225 (2698bp)
Top Length: 2698  Top ID: 100.0
		One align captures most of this contig: 458360 461057 | 1 2698 | 2698 2698 | 100.0 | gi|169627108|ref|NC_010397.1|_Mycobacterium_abscessus_chromosome__complete_sequence 148_2698_95225

CONTIG: 105_20354_777199 (20354bp)
Top Length: 20354  Top ID: 100.0
		One align captures most of this contig: 1923940 1944293 | 20354 1 | 20354 20354 | 100.0 | gi|169627108|ref|NC_010397.1|_Mycobacterium_abscessus_chromosome__complete_sequence 105_20354_777199

CONTIG: 404_80452_2964544_162-_384-_18+ (80452bp)
Top Length: 58534  Top ID: 99.95
		This contig is misassembled. 2 total aligns.
			Real Alignment 1: 4122880 4144799 | 1 21920 | 21920 21920 | 100.0 | gi|169627108|ref|NC_010397.1|_Mycobacterium_abscessus_chromosome__complete_sequence 404_80452_2964544_162-_384-_18+
			  Extensive misassembly ( relocation, inconsistency = 2244 ) between these two alignments
			Real Alignment 2: 4147042 4205582 | 21919 80452 | 58541 58534 | 99.95 | gi|169627108|ref|NC_010397.1|_Mycobacterium_abscessus_chromosome__complete_sequence 404_80452_2964544_162-_384-_18+

CONTIG: 21_50469_1992036 (50469bp)
Top Length: 50469  Top ID: 99.99
		One align captures most of this contig: 3067442 3117910 | 1 50469 | 50469 50469 | 99.99 | gi|169627108|ref|NC_010397.1|_Mycobacterium_abscessus_chromosome__complete_sequence 21_50469_1992036

CONTIG: 73_2491_82348 (2491bp)
Top Length: 2491  Top ID: 100.0
		One align captures most of this contig: 864404 866894 | 1 2491 | 2491 2491 | 100.0 | gi|169627108|ref|NC_010397.1|_Mycobacterium_abscessus_chromosome__complete_sequence 73_2491_82348

CONTIG: 42_140880_5656254 (140880bp)
Top Length: 140880  Top ID: 99.99
		One align captures most of this contig: 3836792 3977671 | 140880 1 | 140880 140880 | 99.99 | gi|169627108|ref|NC_010397.1|_Mycobacterium_abscessus_chromosome__complete_sequence 42_140880_5656254

CONTIG: 257_20707_733677 (20707bp)
Top Length: 20707  Top ID: 100.0
		One align captures most of this contig: 1794892 1815598 | 20707 1 | 20707 20707 | 100.0 | gi|169627108|ref|NC_010397.1|_Mycobacterium_abscessus_chromosome__complete_sequence 257_20707_733677

CONTIG: 289_91793_3375904 (91793bp)
Top Length: 91793  Top ID: 99.99
		One align captures most of this contig: 4913729 5005522 | 91793 1 | 91794 91793 | 99.99 | gi|169627108|ref|NC_010397.1|_Mycobacterium_abscessus_chromosome__complete_sequence 289_91793_3375904

CONTIG: 59_10263_436672 (10263bp)
Top Length: 10206  Top ID: 100.0
		One align captures most of this contig: 4609995 4620200 | 10206 1 | 10206 10206 | 100.0 | gi|169627108|ref|NC_010397.1|_Mycobacterium_abscessus_chromosome__complete_sequence 59_10263_436672

CONTIG: 218_16063_602855 (16063bp)
Top Length: 16010  Top ID: 100.0
		One align captures most of this contig: 4357480 4373489 | 1 16010 | 16010 16010 | 100.0 | gi|169627108|ref|NC_010397.1|_Mycobacterium_abscessus_chromosome__complete_sequence 218_16063_602855

CONTIG: 281_20237_741485 (20237bp)
Top Length: 20237  Top ID: 99.98
		One align captures most of this contig: 3592606 3612842 | 1 20237 | 20237 20237 | 99.98 | gi|169627108|ref|NC_010397.1|_Mycobacterium_abscessus_chromosome__complete_sequence 281_20237_741485

CONTIG: 38_51271_2017065 (51271bp)
Top Length: 51271  Top ID: 99.99
		One align captures most of this contig: 4852078 4903348 | 1 51271 | 51271 51271 | 99.99 | gi|169627108|ref|NC_010397.1|_Mycobacterium_abscessus_chromosome__complete_sequence 38_51271_2017065

CONTIG: 325_508_17269 (508bp)
Top Length: 508  Top ID: 100.0
		One align captures most of this contig: 4067370 4067877 | 508 1 | 508 508 | 100.0 | gi|169627108|ref|NC_010397.1|_Mycobacterium_abscessus_chromosome__complete_sequence 325_508_17269

CONTIG: 106_31367_1277095 (31367bp)
Top Length: 31367  Top ID: 100.0
		One align captures most of this contig: 311571 342937 | 1 31367 | 31367 31367 | 100.0 | gi|169627108|ref|NC_010397.1|_Mycobacterium_abscessus_chromosome__complete_sequence 106_31367_1277095

CONTIG: 366_756_20699 (756bp)
Top Length: 756  Top ID: 100.0
		One align captures most of this contig: 124757 125512 | 1 756 | 756 756 | 100.0 | gi|169627108|ref|NC_010397.1|_Mycobacterium_abscessus_chromosome__complete_sequence 366_756_20699

CONTIG: 282_24403_927022 (24403bp)
Top Length: 24403  Top ID: 100.0
		One align captures most of this contig: 3258706 3283108 | 1 24403 | 24403 24403 | 100.0 | gi|169627108|ref|NC_010397.1|_Mycobacterium_abscessus_chromosome__complete_sequence 282_24403_927022

CONTIG: 242_11950_454824 (11950bp)
Top Length: 8757  Top ID: 100.0
		This contig is misassembled. 2 total aligns.
			Real Alignment 1: 676409 679603 | 1 3195 | 3195 3195 | 99.97 | gi|169627108|ref|NC_010397.1|_Mycobacterium_abscessus_chromosome__complete_sequence 242_11950_454824
			  Extensive misassembly ( relocation, inconsistency = 2429 ) between these two alignments
			Real Alignment 2: 682031 690787 | 3194 11950 | 8757 8757 | 100.0 | gi|169627108|ref|NC_010397.1|_Mycobacterium_abscessus_chromosome__complete_sequence 242_11950_454824

CONTIG: 62_70424_2714522 (70424bp)
Top Length: 70424  Top ID: 99.99
		One align captures most of this contig: 2253824 2324247 | 1 70424 | 70424 70424 | 99.99 | gi|169627108|ref|NC_010397.1|_Mycobacterium_abscessus_chromosome__complete_sequence 62_70424_2714522

CONTIG: 165_30894_1248519 (30894bp)
Top Length: 30894  Top ID: 99.99
		One align captures most of this contig: 3805882 3836775 | 1 30894 | 30894 30894 | 99.99 | gi|169627108|ref|NC_010397.1|_Mycobacterium_abscessus_chromosome__complete_sequence 165_30894_1248519

CONTIG: 261_144370_5597071 (144370bp)
Top Length: 144316  Top ID: 100.0
		One align captures most of this contig: 2349077 2493392 | 144370 55 | 144316 144316 | 100.0 | gi|169627108|ref|NC_010397.1|_Mycobacterium_abscessus_chromosome__complete_sequence 261_144370_5597071

CONTIG: 308_15142_566565 (15142bp)
Top Length: 15142  Top ID: 100.0
		One align captures most of this contig: 2506191 2521332 | 1 15142 | 15142 15142 | 100.0 | gi|169627108|ref|NC_010397.1|_Mycobacterium_abscessus_chromosome__complete_sequence 308_15142_566565

CONTIG: 78_11740_502216 (11740bp)
Top Length: 11740  Top ID: 100.0
		One align captures most of this contig: 161826 173565 | 11740 1 | 11740 11740 | 100.0 | gi|169627108|ref|NC_010397.1|_Mycobacterium_abscessus_chromosome__complete_sequence 78_11740_502216

CONTIG: 76_7122_300823 (7122bp)
Top Length: 7122  Top ID: 100.0
		One align captures most of this contig: 1386169 1393290 | 7122 1 | 7122 7122 | 100.0 | gi|169627108|ref|NC_010397.1|_Mycobacterium_abscessus_chromosome__complete_sequence 76_7122_300823

CONTIG: 235_649_28262 (649bp)
Top Length: 649  Top ID: 100.0
		One align captures most of this contig: 4226673 4227321 | 1 649 | 649 649 | 100.0 | gi|169627108|ref|NC_010397.1|_Mycobacterium_abscessus_chromosome__complete_sequence 235_649_28262

CONTIG: 124_870_30148 (870bp)
Top Length: 870  Top ID: 100.0
		One align captures most of this contig: 3545862 3546731 | 870 1 | 870 870 | 100.0 | gi|169627108|ref|NC_010397.1|_Mycobacterium_abscessus_chromosome__complete_sequence 124_870_30148

CONTIG: 407_109941_4490136_367+_..._149+ (109941bp)
Top Length: 109941  Top ID: 99.98
		One align captures most of this contig: 4227266 4337211 | 109941 1 | 109946 109941 | 99.98 | gi|169627108|ref|NC_010397.1|_Mycobacterium_abscessus_chromosome__complete_sequence 407_109941_4490136_367+_..._149+

CONTIG: 399_41512_1678109_81+_256- (41512bp)
Top Length: 41467  Top ID: 100.0
		One align captures most of this contig: 1235576 1277042 | 46 41512 | 41467 41467 | 100.0 | gi|169627108|ref|NC_010397.1|_Mycobacterium_abscessus_chromosome__complete_sequence 399_41512_1678109_81+_256-

CONTIG: 260_102593_3670120 (102593bp)
Top Length: 46283  Top ID: 100.0
		This contig is misassembled. 2 total aligns.
			Warning! This contig is more unaligned than misassembled. Contig length is 102593 and total length of all aligns is 48380
		Alignment: 1100654 1102750 | 102593 100497 | 2097 2097 | 100.0 | gi|169627108|ref|NC_010397.1|_Mycobacterium_abscessus_chromosome__complete_sequence 260_102593_3670120
		Alignment: 1102713 1148995 | 46283 1 | 46283 46283 | 100.0 | gi|169627108|ref|NC_010397.1|_Mycobacterium_abscessus_chromosome__complete_sequence 260_102593_3670120
		Unaligned bases: 54213
		This contig has both significant aligned and unaligned parts (of length >= min-contig)!
CONTIG: 307_10063_390914 (10063bp)
Top Length: 10063  Top ID: 100.0
		One align captures most of this contig: 1305237 1315299 | 10063 1 | 10063 10063 | 100.0 | gi|169627108|ref|NC_010397.1|_Mycobacterium_abscessus_chromosome__complete_sequence 307_10063_390914

CONTIG: 16_26171_976657 (26171bp)
Top Length: 26171  Top ID: 100.0
		One align captures most of this contig: 1278978 1305148 | 1 26171 | 26171 26171 | 100.0 | gi|169627108|ref|NC_010397.1|_Mycobacterium_abscessus_chromosome__complete_sequence 16_26171_976657

CONTIG: 395_110473_4309869_12+_..._63- (110473bp)
Top Length: 110473  Top ID: 99.98
		One align captures most of this contig: 343103 453573 | 110473 1 | 110471 110473 | 99.98 | gi|169627108|ref|NC_010397.1|_Mycobacterium_abscessus_chromosome__complete_sequence 395_110473_4309869_12+_..._63-

CONTIG: 191_11797_439194 (11797bp)
Top Length: 11797  Top ID: 100.0
		One align captures most of this contig: 2823592 2835388 | 1 11797 | 11797 11797 | 100.0 | gi|169627108|ref|NC_010397.1|_Mycobacterium_abscessus_chromosome__complete_sequence 191_11797_439194

CONTIG: 37_45276_1792918 (45276bp)
Top Length: 45276  Top ID: 99.99
		One align captures most of this contig: 1315506 1360781 | 45276 1 | 45276 45276 | 99.99 | gi|169627108|ref|NC_010397.1|_Mycobacterium_abscessus_chromosome__complete_sequence 37_45276_1792918

CONTIG: 274_1284_67049 (1284bp)
Top Length: 1284  Top ID: 100.0
		One align captures most of this contig: 173517 174800 | 1284 1 | 1284 1284 | 100.0 | gi|169627108|ref|NC_010397.1|_Mycobacterium_abscessus_chromosome__complete_sequence 274_1284_67049

CONTIG: 243_14264_559327 (14264bp)
Top Length: 14264  Top ID: 100.0
		One align captures most of this contig: 1036671 1050934 | 1 14264 | 14264 14264 | 100.0 | gi|169627108|ref|NC_010397.1|_Mycobacterium_abscessus_chromosome__complete_sequence 243_14264_559327

CONTIG: 36_30875_1228043 (30875bp)
Top Length: 30875  Top ID: 100.0
		One align captures most of this contig: 1893122 1923996 | 1 30875 | 30875 30875 | 100.0 | gi|169627108|ref|NC_010397.1|_Mycobacterium_abscessus_chromosome__complete_sequence 36_30875_1228043

CONTIG: 133_89296_3494132 (89296bp)
Top Length: 89296  Top ID: 100.0
		One align captures most of this contig: 3977652 4066947 | 89296 1 | 89296 89296 | 100.0 | gi|169627108|ref|NC_010397.1|_Mycobacterium_abscessus_chromosome__complete_sequence 133_89296_3494132

CONTIG: 369_12780_497497 (12780bp)
Top Length: 12780  Top ID: 99.99
		One align captures most of this contig: 1016669 1029448 | 1 12780 | 12780 12780 | 99.99 | gi|169627108|ref|NC_010397.1|_Mycobacterium_abscessus_chromosome__complete_sequence 369_12780_497497

CONTIG: 324_573_17365 (573bp)
Top Length: 573  Top ID: 100.0
		One align captures most of this contig: 4609410 4609982 | 573 1 | 573 573 | 100.0 | gi|169627108|ref|NC_010397.1|_Mycobacterium_abscessus_chromosome__complete_sequence 324_573_17365

CONTIG: 238_712_30551 (712bp)
Top Length: 712  Top ID: 100.0
		One align captures most of this contig: 44619 45330 | 1 712 | 712 712 | 100.0 | gi|169627108|ref|NC_010397.1|_Mycobacterium_abscessus_chromosome__complete_sequence 238_712_30551

CONTIG: 374_218254_8457827 (218254bp)
Top Length: 214874  Top ID: 99.99
		This contig is partially unaligned. (214874 out of 218254)
		Alignment: 4394570 4609442 | 3381 218254 | 214873 214874 | 99.99 | gi|169627108|ref|NC_010397.1|_Mycobacterium_abscessus_chromosome__complete_sequence 374_218254_8457827
		Unaligned bases: 1 to 3380 (3380)
		This contig has both significant aligned and unaligned parts (of length >= min-contig)!

CONTIG: 398_29217_1263089_74-_385-_35+ (29217bp)
Top Length: 29217  Top ID: 99.95
		One align captures most of this contig: 5005466 5034695 | 29217 1 | 29230 29217 | 99.95 | gi|169627108|ref|NC_010397.1|_Mycobacterium_abscessus_chromosome__complete_sequence 398_29217_1263089_74-_385-_35+

CONTIG: 168_61020_2326307 (61020bp)
Top Length: 61020  Top ID: 100.0
		One align captures most of this contig: 1579336 1640355 | 1 61020 | 61020 61020 | 100.0 | gi|169627108|ref|NC_010397.1|_Mycobacterium_abscessus_chromosome__complete_sequence 168_61020_2326307

CONTIG: 107_45675_1749742 (45675bp)
Top Length: 45675  Top ID: 100.0
		One align captures most of this contig: 3206241 3251915 | 45675 1 | 45675 45675 | 100.0 | gi|169627108|ref|NC_010397.1|_Mycobacterium_abscessus_chromosome__complete_sequence 107_45675_1749742

CONTIG: 164_53942_2141884 (53942bp)
Top Length: 53942  Top ID: 99.99
		One align captures most of this contig: 2898553 2952497 | 1 53942 | 53945 53942 | 99.99 | gi|169627108|ref|NC_010397.1|_Mycobacterium_abscessus_chromosome__complete_sequence 164_53942_2141884

CONTIG: 104_15963_632954 (15963bp)
Top Length: 15963  Top ID: 100.0
		One align captures most of this contig: 773984 789946 | 15963 1 | 15963 15963 | 100.0 | gi|169627108|ref|NC_010397.1|_Mycobacterium_abscessus_chromosome__complete_sequence 104_15963_632954

CONTIG: 401_85920_3344806_129+_391+_285+ (85920bp)
Top Length: 69166  Top ID: 99.96
		This contig is misassembled. 2 total aligns.
			Real Alignment 1: 1149307 1166059 | 85920 69168 | 16753 16753 | 99.99 | gi|169627108|ref|NC_010397.1|_Mycobacterium_abscessus_chromosome__complete_sequence 401_85920_3344806_129+_391+_285+
			  Gap between these two alignments (local misassembly). Inconsistency = 315
			Real Alignment 2: 1166376 1235531 | 69166 1 | 69156 69166 | 99.96 | gi|169627108|ref|NC_010397.1|_Mycobacterium_abscessus_chromosome__complete_sequence 401_85920_3344806_129+_391+_285+

CONTIG: 28_572_16714 (572bp)
Top Length: 572  Top ID: 100.0
		One align captures most of this contig: 2251789 2252360 | 1 572 | 572 572 | 100.0 | gi|169627108|ref|NC_010397.1|_Mycobacterium_abscessus_chromosome__complete_sequence 28_572_16714

CONTIG: 15_19458_743875 (19458bp)
Top Length: 19458  Top ID: 100.0
		One align captures most of this contig: 4337157 4356614 | 19458 1 | 19458 19458 | 100.0 | gi|169627108|ref|NC_010397.1|_Mycobacterium_abscessus_chromosome__complete_sequence 15_19458_743875

CONTIG: 278_14550_574053 (14550bp)
Top Length: 14550  Top ID: 100.0
		One align captures most of this contig: 3024350 3038899 | 14550 1 | 14550 14550 | 100.0 | gi|169627108|ref|NC_010397.1|_Mycobacterium_abscessus_chromosome__complete_sequence 278_14550_574053

CONTIG: 125_2620_91704 (2620bp)
Top Length: 2620  Top ID: 100.0
		One align captures most of this contig: 455542 458161 | 2620 1 | 2620 2620 | 100.0 | gi|169627108|ref|NC_010397.1|_Mycobacterium_abscessus_chromosome__complete_sequence 125_2620_91704

CONTIG: 17_29566_1108108 (29566bp)
Top Length: 21038  Top ID: 100.0
		This contig is partially unaligned. (21038 out of 29566)
		Alignment: 4373577 4394614 | 29566 8529 | 21038 21038 | 100.0 | gi|169627108|ref|NC_010397.1|_Mycobacterium_abscessus_chromosome__complete_sequence 17_29566_1108108
		Unaligned bases: 1 to 8528 (8528)
		This contig has both significant aligned and unaligned parts (of length >= min-contig)!

CONTIG: 306_8962_352162 (8962bp)
Top Length: 8962  Top ID: 100.0
		One align captures most of this contig: 1963941 1972902 | 1 8962 | 8962 8962 | 100.0 | gi|169627108|ref|NC_010397.1|_Mycobacterium_abscessus_chromosome__complete_sequence 306_8962_352162

CONTIG: 406_50895_1982455_305-_393-_194+ (50895bp)
Top Length: 50895  Top ID: 99.93
		One align captures most of this contig: 2674903 2725816 | 50895 1 | 50914 50895 | 99.93 | gi|169627108|ref|NC_010397.1|_Mycobacterium_abscessus_chromosome__complete_sequence 406_50895_1982455_305-_393-_194+

CONTIG: 108_49596_1909559 (49596bp)
Top Length: 49596  Top ID: 99.99
		One align captures most of this contig: 3117924 3167519 | 1 49596 | 49596 49596 | 99.99 | gi|169627108|ref|NC_010397.1|_Mycobacterium_abscessus_chromosome__complete_sequence 108_49596_1909559

CONTIG: 370_26971_971253 (26971bp)
Top Length: 26971  Top ID: 100.0
		One align captures most of this contig: 3179327 3206297 | 1 26971 | 26971 26971 | 100.0 | gi|169627108|ref|NC_010397.1|_Mycobacterium_abscessus_chromosome__complete_sequence 370_26971_971253

CONTIG: 13_18589_638365 (18589bp)
Top Length: 6115  Top ID: 100.0
		This contig is misassembled. 2 total aligns.
			Warning! This contig is more unaligned than misassembled. Contig length is 18589 and total length of all aligns is 6690
		Alignment: 464254 470368 | 18589 12475 | 6115 6115 | 100.0 | gi|169627108|ref|NC_010397.1|_Mycobacterium_abscessus_chromosome__complete_sequence 13_18589_638365
		Alignment: 470367 470941 | 575 1 | 575 575 | 100.0 | gi|169627108|ref|NC_010397.1|_Mycobacterium_abscessus_chromosome__complete_sequence 13_18589_638365
		Unaligned bases: 11899
		This contig has both significant aligned and unaligned parts (of length >= min-contig)!
CONTIG: 187_2589_82156 (2589bp)
Top Length: 2589  Top ID: 100.0
		One align captures most of this contig: 4811557 4814145 | 1 2589 | 2589 2589 | 100.0 | gi|169627108|ref|NC_010397.1|_Mycobacterium_abscessus_chromosome__complete_sequence 187_2589_82156

CONTIG: 34_24507_887868 (24507bp)
Top Length: 24507  Top ID: 99.99
		One align captures most of this contig: 2324259 2348765 | 24507 1 | 24507 24507 | 99.99 | gi|169627108|ref|NC_010397.1|_Mycobacterium_abscessus_chromosome__complete_sequence 34_24507_887868

CONTIG: 365_556_19532 (556bp)
Top Length: 556  Top ID: 100.0
		One align captures most of this contig: 3402698 3403253 | 556 1 | 556 556 | 100.0 | gi|169627108|ref|NC_010397.1|_Mycobacterium_abscessus_chromosome__complete_sequence 365_556_19532

CONTIG: 147_1161_83702 (1161bp)
Top Length: 1161  Top ID: 99.83
		This contig has 2 significant alignments. [An ambiguously mapped contig]
		Using only first of these alignment (option --ambiguity-usage is set to "one"):
		Alignment: 1277874 1279034 | 1 1161 | 1161 1161 | 99.83 | gi|169627108|ref|NC_010397.1|_Mycobacterium_abscessus_chromosome__complete_sequence 147_1161_83702
		Skipping alignment  453517 454677 | 1161 1 | 1161 1161 | 99.22 | gi|169627108|ref|NC_010397.1|_Mycobacterium_abscessus_chromosome__complete_sequence 147_1161_83702

CONTIG: 280_15402_627755 (15402bp)
Top Length: 15402  Top ID: 100.0
		One align captures most of this contig: 28518 43919 | 15402 1 | 15402 15402 | 100.0 | gi|169627108|ref|NC_010397.1|_Mycobacterium_abscessus_chromosome__complete_sequence 280_15402_627755

CONTIG: 245_31809_1234315 (31809bp)
Top Length: 31809  Top ID: 100.0
		One align captures most of this contig: 3547268 3579076 | 1 31809 | 31809 31809 | 100.0 | gi|169627108|ref|NC_010397.1|_Mycobacterium_abscessus_chromosome__complete_sequence 245_31809_1234315

CONTIG: 240_1288_44972 (1288bp)
Top Length: 1288  Top ID: 100.0
		One align captures most of this contig: 2615161 2616448 | 1 1288 | 1288 1288 | 100.0 | gi|169627108|ref|NC_010397.1|_Mycobacterium_abscessus_chromosome__complete_sequence 240_1288_44972

CONTIG: 80_14507_545993 (14507bp)
Top Length: 14507  Top ID: 100.0
		One align captures most of this contig: 4205550 4220056 | 14507 1 | 14507 14507 | 100.0 | gi|169627108|ref|NC_010397.1|_Mycobacterium_abscessus_chromosome__complete_sequence 80_14507_545993

CONTIG: 279_14896_588216 (14896bp)
Top Length: 14896  Top ID: 99.99
		One align captures most of this contig: 109896 124792 | 1 14896 | 14897 14896 | 99.99 | gi|169627108|ref|NC_010397.1|_Mycobacterium_abscessus_chromosome__complete_sequence 279_14896_588216

CONTIG: 213_2743_117980 (2743bp)
Top Length: 2743  Top ID: 100.0
		One align captures most of this contig: 461037 463779 | 1 2743 | 2743 2743 | 100.0 | gi|169627108|ref|NC_010397.1|_Mycobacterium_abscessus_chromosome__complete_sequence 213_2743_117980

CONTIG: 77_7132_265036 (7132bp)
Top Length: 7132  Top ID: 100.0
		One align captures most of this contig: 3172239 3179370 | 7132 1 | 7132 7132 | 100.0 | gi|169627108|ref|NC_010397.1|_Mycobacterium_abscessus_chromosome__complete_sequence 77_7132_265036

CONTIG: 131_48516_1929547 (48516bp)
Top Length: 48516  Top ID: 100.0
		One align captures most of this contig: 1640355 1688870 | 1 48516 | 48516 48516 | 100.0 | gi|169627108|ref|NC_010397.1|_Mycobacterium_abscessus_chromosome__complete_sequence 131_48516_1929547

CONTIG: 40_73947_3009652 (73947bp)
Top Length: 73947  Top ID: 100.0
		One align captures most of this contig: 473909 547855 | 73947 1 | 73947 73947 | 100.0 | gi|169627108|ref|NC_010397.1|_Mycobacterium_abscessus_chromosome__complete_sequence 40_73947_3009652

CONTIG: 405_68549_2736020_246+_..._346- (68549bp)
Top Length: 68549  Top ID: 99.99
		One align captures most of this contig: 1393413 1461968 | 68549 1 | 68556 68549 | 99.99 | gi|169627108|ref|NC_010397.1|_Mycobacterium_abscessus_chromosome__complete_sequence 405_68549_2736020_246+_..._346-

CONTIG: 154_28814_1116248 (28814bp)
Top Length: 28814  Top ID: 100.0
		One align captures most of this contig: 987783 1016596 | 1 28814 | 28814 28814 | 100.0 | gi|169627108|ref|NC_010397.1|_Mycobacterium_abscessus_chromosome__complete_sequence 154_28814_1116248

CONTIG: 126_5988_208857 (5988bp)
Top Length: 5932  Top ID: 100.0
		One align captures most of this contig: 1972995 1978926 | 57 5988 | 5932 5932 | 100.0 | gi|169627108|ref|NC_010397.1|_Mycobacterium_abscessus_chromosome__complete_sequence 126_5988_208857

CONTIG: 109_142482_5640702 (142482bp)
Top Length: 142428  Top ID: 100.0
		One align captures most of this contig: 4620233 4762660 | 142428 1 | 142428 142428 | 100.0 | gi|169627108|ref|NC_010397.1|_Mycobacterium_abscessus_chromosome__complete_sequence 109_142482_5640702

CONTIG: 329_67488_2510717 (67488bp)
Top Length: 67488  Top ID: 99.99
		One align captures most of this contig: 2952484 3019971 | 67488 1 | 67488 67488 | 99.99 | gi|169627108|ref|NC_010397.1|_Mycobacterium_abscessus_chromosome__complete_sequence 329_67488_2510717

CONTIG: 192_13417_474882 (13417bp)
Top Length: 13417  Top ID: 99.99
		One align captures most of this contig: 4797811 4811228 | 13417 1 | 13418 13417 | 99.99 | gi|169627108|ref|NC_010397.1|_Mycobacterium_abscessus_chromosome__complete_sequence 192_13417_474882

CONTIG: 303_915_29741 (915bp)
Top Length: 915  Top ID: 100.0
		One align captures most of this contig: 1094961 1095875 | 1 915 | 915 915 | 100.0 | gi|169627108|ref|NC_010397.1|_Mycobacterium_abscessus_chromosome__complete_sequence 303_915_29741

CONTIG: 166_73179_2707193 (73179bp)
Top Length: 73179  Top ID: 99.99
		One align captures most of this contig: 3732670 3805848 | 73179 1 | 73179 73179 | 99.99 | gi|169627108|ref|NC_010397.1|_Mycobacterium_abscessus_chromosome__complete_sequence 166_73179_2707193

CONTIG: 311_60884_2357807 (60884bp)
Top Length: 32444  Top ID: 100.0
		This contig is misassembled. 2 total aligns.
			Real Alignment 2: 5034729 5067172 | 1 32444 | 32444 32444 | 100.0 | gi|169627108|ref|NC_010397.1|_Mycobacterium_abscessus_chromosome__complete_sequence 311_60884_2357807
			  Fake misassembly (caused by linear representation of circular genome) between these two alignments
			Real Alignment 1: 1 28440 | 32445 60884 | 28440 28440 | 100.0 | gi|169627108|ref|NC_010397.1|_Mycobacterium_abscessus_chromosome__complete_sequence 311_60884_2357807

CONTIG: 161_41952_1510555 (41952bp)
Top Length: 41952  Top ID: 99.99
		One align captures most of this contig: 2616731 2658683 | 1 41952 | 41953 41952 | 99.99 | gi|169627108|ref|NC_010397.1|_Mycobacterium_abscessus_chromosome__complete_sequence 161_41952_1510555

CONTIG: 403_24834_977964_152+_390-_128+ (24834bp)
Top Length: 24834  Top ID: 99.9
		One align captures most of this contig: 3364796 3389610 | 24834 1 | 24815 24834 | 99.9 | gi|169627108|ref|NC_010397.1|_Mycobacterium_abscessus_chromosome__complete_sequence 403_24834_977964_152+_390-_128+

CONTIG: 188_2872_114222 (2872bp)
Top Length: 2872  Top ID: 100.0
		One align captures most of this contig: 4794134 4797005 | 1 2872 | 2872 2872 | 100.0 | gi|169627108|ref|NC_010397.1|_Mycobacterium_abscessus_chromosome__complete_sequence 188_2872_114222

CONTIG: 150_6030_230379 (6030bp)
Top Length: 6030  Top ID: 100.0
		One align captures most of this contig: 670436 676465 | 6030 1 | 6030 6030 | 100.0 | gi|169627108|ref|NC_010397.1|_Mycobacterium_abscessus_chromosome__complete_sequence 150_6030_230379

CONTIG: 163_19500_722170 (19500bp)
Top Length: 19500  Top ID: 100.0
		One align captures most of this contig: 220750 240249 | 1 19500 | 19500 19500 | 100.0 | gi|169627108|ref|NC_010397.1|_Mycobacterium_abscessus_chromosome__complete_sequence 163_19500_722170

CONTIG: 258_24157_972572 (24157bp)
Top Length: 24157  Top ID: 100.0
		One align captures most of this contig: 1360725 1384881 | 1 24157 | 24157 24157 | 100.0 | gi|169627108|ref|NC_010397.1|_Mycobacterium_abscessus_chromosome__complete_sequence 258_24157_972572

CONTIG: 302_549_59807 (549bp)
Top Length: 549  Top ID: 100.0
		This contig has 3 significant alignments. [An ambiguously mapped contig]
		Using only first of these alignment (option --ambiguity-usage is set to "one"):
		Alignment: 669937 670485 | 1 549 | 549 549 | 100.0 | gi|169627108|ref|NC_010397.1|_Mycobacterium_abscessus_chromosome__complete_sequence 302_549_59807
		Skipping alignment  45864 46412 | 1 549 | 549 549 | 99.45 | gi|169627108|ref|NC_010397.1|_Mycobacterium_abscessus_chromosome__complete_sequence 302_549_59807
		Skipping alignment  2251297 2251845 | 549 1 | 549 549 | 99.45 | gi|169627108|ref|NC_010397.1|_Mycobacterium_abscessus_chromosome__complete_sequence 302_549_59807

CONTIG: 151_7014_257440 (7014bp)
Top Length: 7014  Top ID: 100.0
		One align captures most of this contig: 1029435 1036448 | 1 7014 | 7014 7014 | 100.0 | gi|169627108|ref|NC_010397.1|_Mycobacterium_abscessus_chromosome__complete_sequence 151_7014_257440

CONTIG: 197_75020_2961979 (75020bp)
Top Length: 75020  Top ID: 99.99
		One align captures most of this contig: 3657706 3732726 | 1 75020 | 75021 75020 | 99.99 | gi|169627108|ref|NC_010397.1|_Mycobacterium_abscessus_chromosome__complete_sequence 197_75020_2961979

CONTIG: 375_773_56311_24-_118+_254- (773bp)
Top Length: 773  Top ID: 96.64
		This contig has 2 significant alignments. [An ambiguously mapped contig]
		Using only first of these alignment (option --ambiguity-usage is set to "one"):
		Alignment: 454826 455598 | 1 773 | 773 773 | 96.64 | gi|169627108|ref|NC_010397.1|_Mycobacterium_abscessus_chromosome__complete_sequence 375_773_56311_24-_118+_254-
		Skipping alignment  1276986 1277758 | 773 1 | 773 773 | 96.12 | gi|169627108|ref|NC_010397.1|_Mycobacterium_abscessus_chromosome__complete_sequence 375_773_56311_24-_118+_254-

CONTIG: 244_22201_824442 (22201bp)
Top Length: 22201  Top ID: 100.0
		One align captures most of this contig: 3416848 3439048 | 1 22201 | 22201 22201 | 100.0 | gi|169627108|ref|NC_010397.1|_Mycobacterium_abscessus_chromosome__complete_sequence 244_22201_824442

CONTIG: 20_44872_1710364 (44872bp)
Top Length: 44872  Top ID: 100.0
		One align captures most of this contig: 3612786 3657657 | 1 44872 | 44872 44872 | 100.0 | gi|169627108|ref|NC_010397.1|_Mycobacterium_abscessus_chromosome__complete_sequence 20_44872_1710364

CONTIG: 284_39013_1516071 (39013bp)
Top Length: 39013  Top ID: 100.0
		One align captures most of this contig: 1688814 1727826 | 1 39013 | 39013 39013 | 100.0 | gi|169627108|ref|NC_010397.1|_Mycobacterium_abscessus_chromosome__complete_sequence 284_39013_1516071

CONTIG: 221_119325_4649445 (119325bp)
Top Length: 119325  Top ID: 99.99
		One align captures most of this contig: 867037 986361 | 119325 1 | 119325 119325 | 99.99 | gi|169627108|ref|NC_010397.1|_Mycobacterium_abscessus_chromosome__complete_sequence 221_119325_4649445

CONTIG: 29_949_11128 (949bp)
Top Length: 949  Top ID: 100.0
		One align captures most of this contig: 1462141 1463089 | 1 949 | 949 949 | 100.0 | gi|169627108|ref|NC_010397.1|_Mycobacterium_abscessus_chromosome__complete_sequence 29_949_11128

CONTIG: 327_11123_374872 (11123bp)
Top Length: 11123  Top ID: 100.0
		One align captures most of this contig: 825290 836412 | 1 11123 | 11123 11123 | 100.0 | gi|169627108|ref|NC_010397.1|_Mycobacterium_abscessus_chromosome__complete_sequence 327_11123_374872

CONTIG: 400_245660_9338367_82+_214- (245660bp)
Top Length: 245660  Top ID: 99.99
		One align captures most of this contig: 2005687 2251346 | 245660 1 | 245660 245660 | 99.99 | gi|169627108|ref|NC_010397.1|_Mycobacterium_abscessus_chromosome__complete_sequence 400_245660_9338367_82+_214-

CONTIG: 326_10334_377266 (10334bp)
Top Length: 10276  Top ID: 100.0
		One align captures most of this contig: 1944739 1955014 | 10334 59 | 10276 10276 | 100.0 | gi|169627108|ref|NC_010397.1|_Mycobacterium_abscessus_chromosome__complete_sequence 326_10334_377266

CONTIG: 368_12269_482372 (12269bp)
Top Length: 12269  Top ID: 100.0
		One align captures most of this contig: 547801 560069 | 12269 1 | 12269 12269 | 100.0 | gi|169627108|ref|NC_010397.1|_Mycobacterium_abscessus_chromosome__complete_sequence 368_12269_482372

CONTIG: 237_735_22697 (735bp)
Top Length: 735  Top ID: 100.0
		One align captures most of this contig: 2658696 2659430 | 1 735 | 735 735 | 100.0 | gi|169627108|ref|NC_010397.1|_Mycobacterium_abscessus_chromosome__complete_sequence 237_735_22697

CONTIG: 61_27917_1107619 (27917bp)
Top Length: 27917  Top ID: 100.0
		One align captures most of this contig: 836499 864415 | 27917 1 | 27917 27917 | 100.0 | gi|169627108|ref|NC_010397.1|_Mycobacterium_abscessus_chromosome__complete_sequence 61_27917_1107619

CONTIG: 33_17473_667300 (17473bp)
Top Length: 17473  Top ID: 100.0
		One align captures most of this contig: 756456 773928 | 17473 1 | 17473 17473 | 100.0 | gi|169627108|ref|NC_010397.1|_Mycobacterium_abscessus_chromosome__complete_sequence 33_17473_667300

CONTIG: 193_35186_1268759 (35186bp)
Top Length: 35186  Top ID: 100.0
		One align captures most of this contig: 790054 825239 | 35186 1 | 35186 35186 | 100.0 | gi|169627108|ref|NC_010397.1|_Mycobacterium_abscessus_chromosome__complete_sequence 193_35186_1268759

CONTIG: 196_45429_1824906 (45429bp)
Top Length: 45429  Top ID: 100.0
		One align captures most of this contig: 175013 220441 | 45429 1 | 45429 45429 | 100.0 | gi|169627108|ref|NC_010397.1|_Mycobacterium_abscessus_chromosome__complete_sequence 196_45429_1824906

CONTIG: 379_525_24144_136-_339-_343+ (525bp)
Top Length: 525  Top ID: 100.0
		One align captures most of this contig: 1384825 1385349 | 525 1 | 525 525 | 100.0 | gi|169627108|ref|NC_010397.1|_Mycobacterium_abscessus_chromosome__complete_sequence 379_525_24144_136-_339-_343+

CONTIG: 286_64892_2629404 (64892bp)
Top Length: 64844  Top ID: 99.99
		One align captures most of this contig: 690781 755624 | 64844 1 | 64844 64844 | 99.99 | gi|169627108|ref|NC_010397.1|_Mycobacterium_abscessus_chromosome__complete_sequence 286_64892_2629404

CONTIG: 402_63334_2670706_132+_392+_216- (63334bp)
Top Length: 63334  Top ID: 99.88
		One align captures most of this contig: 46356 109711 | 1 63334 | 63356 63334 | 99.88 | gi|169627108|ref|NC_010397.1|_Mycobacterium_abscessus_chromosome__complete_sequence 402_63334_2670706_132+_392+_216-

CONTIG: 276_8509_325445 (8509bp)
Top Length: 8453  Top ID: 99.99
		One align captures most of this contig: 1955034 1963486 | 1 8453 | 8453 8453 | 99.99 | gi|169627108|ref|NC_010397.1|_Mycobacterium_abscessus_chromosome__complete_sequence 276_8509_325445

CONTIG: 190_11205_441772 (11205bp)
Top Length: 11205  Top ID: 100.0
		One align captures most of this contig: 2835394 2846598 | 11205 1 | 11205 11205 | 100.0 | gi|169627108|ref|NC_010397.1|_Mycobacterium_abscessus_chromosome__complete_sequence 190_11205_441772

CONTIG: 219_28594_1044454 (28594bp)
Top Length: 28594  Top ID: 99.99
		One align captures most of this contig: 3038843 3067436 | 1 28594 | 28594 28594 | 99.99 | gi|169627108|ref|NC_010397.1|_Mycobacterium_abscessus_chromosome__complete_sequence 219_28594_1044454

CONTIG: 408_75469_2770971_373+_119+ (75469bp)
Top Length: 75469  Top ID: 99.99
		Marking as insignificant: 1963605 1963997 | 75077 75469 | 393 393 | 100.0 | gi|169627108|ref|NC_010397.1|_Mycobacterium_abscessus_chromosome__complete_sequence 408_75469_2770971_373+_119+
		One align captures most of this contig: 2521276 2596744 | 75469 1 | 75469 75469 | 99.99 | gi|169627108|ref|NC_010397.1|_Mycobacterium_abscessus_chromosome__complete_sequence 408_75469_2770971_373+_119+

CONTIG: 236_721_17960 (721bp)
Top Length: 721  Top ID: 100.0
		One align captures most of this contig: 2252404 2253124 | 721 1 | 721 721 | 100.0 | gi|169627108|ref|NC_010397.1|_Mycobacterium_abscessus_chromosome__complete_sequence 236_721_17960

CONTIG: 220_39233_1615440 (39233bp)
Top Length: 39233  Top ID: 100.0
		One align captures most of this contig: 630699 669931 | 1 39233 | 39233 39233 | 100.0 | gi|169627108|ref|NC_010397.1|_Mycobacterium_abscessus_chromosome__complete_sequence 220_39233_1615440

CONTIG: 158_1222_35455 (1222bp)
Top Length: 1167  Top ID: 100.0
		This contig is partially unaligned. (1167 out of 1222)
		Alignment: 470972 472138 | 56 1222 | 1167 1167 | 100.0 | gi|169627108|ref|NC_010397.1|_Mycobacterium_abscessus_chromosome__complete_sequence 158_1222_35455
		Unaligned bases: 1 to 55 (55)

CONTIG: 32_17383_643425 (17383bp)
Top Length: 17383  Top ID: 100.0
		One align captures most of this contig: 2597570 2614952 | 17383 1 | 17383 17383 | 100.0 | gi|169627108|ref|NC_010397.1|_Mycobacterium_abscessus_chromosome__complete_sequence 32_17383_643425

CONTIG: 372_49383_1825674 (49383bp)
Top Length: 49383  Top ID: 99.89
		One align captures most of this contig: 2849218 2898544 | 1 49383 | 49327 49383 | 99.89 | gi|169627108|ref|NC_010397.1|_Mycobacterium_abscessus_chromosome__complete_sequence 372_49383_1825674

CONTIG: 328_25299_988865 (25299bp)
Top Length: 25299  Top ID: 99.98
		One align captures most of this contig: 4068300 4093597 | 25299 1 | 25298 25299 | 99.98 | gi|169627108|ref|NC_010397.1|_Mycobacterium_abscessus_chromosome__complete_sequence 328_25299_988865

CONTIG: 11_1941_51777 (1941bp)
Top Length: 1941  Top ID: 100.0
		One align captures most of this contig: 2846581 2848521 | 1941 1 | 1941 1941 | 100.0 | gi|169627108|ref|NC_010397.1|_Mycobacterium_abscessus_chromosome__complete_sequence 11_1941_51777

CONTIG: 255_6258_201793 (6258bp)
Top Length: 6258  Top ID: 100.0
		One align captures most of this contig: 3252380 3258637 | 1 6258 | 6258 6258 | 100.0 | gi|169627108|ref|NC_010397.1|_Mycobacterium_abscessus_chromosome__complete_sequence 255_6258_201793

CONTIG: 288_81751_3034215 (81751bp)
Top Length: 66404  Top ID: 99.99
		This contig is misassembled. 2 total aligns.
			Real Alignment 1: 3283106 3349503 | 81695 15292 | 66398 66404 | 99.99 | gi|169627108|ref|NC_010397.1|_Mycobacterium_abscessus_chromosome__complete_sequence 288_81751_3034215
			  Gap between these two alignments (local misassembly). Inconsistency = 6
			Real Alignment 2: 3329503 3364743 | 35298 52 | 35241 35247 | 99.98 | gi|169627108|ref|NC_010397.1|_Mycobacterium_abscessus_chromosome__complete_sequence 288_81751_3034215

CONTIG: 60_13025_503398 (13025bp)
Top Length: 13025  Top ID: 100.0
		One align captures most of this contig: 3389554 3402578 | 1 13025 | 13025 13025 | 100.0 | gi|169627108|ref|NC_010397.1|_Mycobacterium_abscessus_chromosome__complete_sequence 60_13025_503398

CONTIG: 275_2862_99276 (2862bp)
Top Length: 2862  Top ID: 100.0
		One align captures most of this contig: 3020733 3023594 | 1 2862 | 2862 2862 | 100.0 | gi|169627108|ref|NC_010397.1|_Mycobacterium_abscessus_chromosome__complete_sequence 275_2862_99276

CONTIG: 259_71343_2798153 (71343bp)
Top Length: 71343  Top ID: 99.99
		One align captures most of this contig: 240230 311572 | 71343 1 | 71343 71343 | 99.99 | gi|169627108|ref|NC_010397.1|_Mycobacterium_abscessus_chromosome__complete_sequence 259_71343_2798153

CONTIG: 304_4574_174997 (4574bp)
Top Length: 4574  Top ID: 100.0
		One align captures most of this contig: 1096092 1100665 | 1 4574 | 4574 4574 | 100.0 | gi|169627108|ref|NC_010397.1|_Mycobacterium_abscessus_chromosome__complete_sequence 304_4574_174997

CONTIG: 153_27174_1116565 (27174bp)
Top Length: 27174  Top ID: 99.99
		One align captures most of this contig: 4824961 4852134 | 1 27174 | 27174 27174 | 99.99 | gi|169627108|ref|NC_010397.1|_Mycobacterium_abscessus_chromosome__complete_sequence 153_27174_1116565

CONTIG: 122_578_39412 (578bp)
Top Length: 578  Top ID: 100.0
		This contig has 2 significant alignments. [An ambiguously mapped contig]
		Using only first of these alignment (option --ambiguity-usage is set to "one"):
		Alignment: 560013 560590 | 578 1 | 578 578 | 100.0 | gi|169627108|ref|NC_010397.1|_Mycobacterium_abscessus_chromosome__complete_sequence 122_578_39412
		Skipping alignment  3251859 3252436 | 1 578 | 578 578 | 99.48 | gi|169627108|ref|NC_010397.1|_Mycobacterium_abscessus_chromosome__complete_sequence 122_578_39412

CONTIG: 127_10486_402041 (10486bp)
Top Length: 10486  Top ID: 99.99
		One align captures most of this contig: 4814474 4824958 | 1 10486 | 10485 10486 | 99.99 | gi|169627108|ref|NC_010397.1|_Mycobacterium_abscessus_chromosome__complete_sequence 127_10486_402041

Analyzing coverage...
Writing SNPs into /usit/invitro/data/galaxy/master/sabbai/galaxy-dist/database/job_working_directory/001/1818/dataset_1900_files/Contig/contigs_reports/nucmer_output/MA-M-Abyss-Contig.used_snps
	Reference gi|169627108|ref|NC_010397.1|_Mycobacterium_abscessus_chromosome__complete_sequence: 152 total alignments. 1 total regions.
		Region: 1 to 5067172 (5067172 bp)
			Align 1: 1 28440 311_60884_2357807 32445 60884
				Gap between this and next alignment: 28440 to 28518 (77 bp)
				Next Alignment: 28518 43919 280_15402_627755 15402 1

			Align 2: 28518 43919 280_15402_627755 15402 1
				Gap between this and next alignment: 43919 to 44619 (699 bp)
				Next Alignment: 44619 45330 238_712_30551 1 712

			Align 3: 44619 45330 238_712_30551 1 712
				Gap between this and next alignment: 45330 to 46356 (1025 bp)
				Next Alignment: 46356 109711 402_63334_2670706_132+_392+_216- 1 63334

			Align 4: 46356 109711 402_63334_2670706_132+_392+_216- 1 63334
				Gap between this and next alignment: 109711 to 109896 (184 bp)
				Next Alignment: 109896 124792 279_14896_588216 1 14896

			Align 5: 109896 124792 279_14896_588216 1 14896
				Negative gap (overlap) between this and next alignment: 124792 to 124757 (-35 bp)
				Next Alignment: 124757 125512 366_756_20699 1 756

			Previous gap was negative, modifying coordinates to ignore overlap
				Moving contig start from 1 to 37.
			Align 6: 124793 125512 366_756_20699 37 756
				Negative gap (overlap) between this and next alignment: 125512 to 125477 (-35 bp)
				Next Alignment: 125477 161780 371_36304_1462587 1 36304

			Previous gap was negative, modifying coordinates to ignore overlap
				Moving contig start from 1 to 37.
			Align 7: 125513 161780 371_36304_1462587 37 36304
				Gap between this and next alignment: 161780 to 161826 (45 bp)
				Next Alignment: 161826 173565 78_11740_502216 11740 1

			Align 8: 161826 173565 78_11740_502216 11740 1
				Negative gap (overlap) between this and next alignment: 173565 to 173517 (-48 bp)
				Next Alignment: 173517 174800 274_1284_67049 1284 1

			Previous gap was negative, modifying coordinates to ignore overlap
				Moving contig start from 1284 to 1235.
			Align 9: 173566 174800 274_1284_67049 1235 1
				Gap between this and next alignment: 174800 to 175013 (212 bp)
				Next Alignment: 175013 220441 196_45429_1824906 45429 1

			Align 10: 175013 220441 196_45429_1824906 45429 1
				Gap between this and next alignment: 220441 to 220750 (308 bp)
				Next Alignment: 220750 240249 163_19500_722170 1 19500

			Align 11: 220750 240249 163_19500_722170 1 19500
				Negative gap (overlap) between this and next alignment: 240249 to 240230 (-19 bp)
				Next Alignment: 240230 311572 259_71343_2798153 71343 1

			Previous gap was negative, modifying coordinates to ignore overlap
				Moving contig start from 71343 to 71323.
			Align 12: 240250 311572 259_71343_2798153 71323 1
				Negative gap (overlap) between this and next alignment: 311572 to 311571 (-1 bp)
				Next Alignment: 311571 342937 106_31367_1277095 1 31367

			Previous gap was negative, modifying coordinates to ignore overlap
				Moving contig start from 1 to 3.
			Align 13: 311573 342937 106_31367_1277095 3 31367
				Gap between this and next alignment: 342937 to 343103 (165 bp)
				Next Alignment: 343103 453573 395_110473_4309869_12+_..._63- 110473 1

			Align 14: 343103 453573 395_110473_4309869_12+_..._63- 110473 1
				Gap between this and next alignment: 453573 to 454826 (1252 bp)
				Next Alignment: 454826 455598 375_773_56311_24-_118+_254- 1 773

			Align 15: 454826 455598 375_773_56311_24-_118+_254- 1 773
				Negative gap (overlap) between this and next alignment: 455598 to 455542 (-56 bp)
				Next Alignment: 455542 458161 125_2620_91704 2620 1

			Previous gap was negative, modifying coordinates to ignore overlap
				Moving contig start from 2620 to 2563.
			Align 16: 455599 458161 125_2620_91704 2563 1
				Gap between this and next alignment: 458161 to 458360 (198 bp)
				Next Alignment: 458360 461057 148_2698_95225 1 2698

			Align 17: 458360 461057 148_2698_95225 1 2698
				Negative gap (overlap) between this and next alignment: 461057 to 461037 (-20 bp)
				Next Alignment: 461037 463779 213_2743_117980 1 2743

			Previous gap was negative, modifying coordinates to ignore overlap
				Moving contig start from 1 to 22.
			Align 18: 461058 463779 213_2743_117980 22 2743
				Gap between this and next alignment: 463779 to 470972 (7192 bp)
				Next Alignment: 470972 472138 158_1222_35455 56 1222

			Align 19: 470972 472138 158_1222_35455 56 1222
				Gap between this and next alignment: 472138 to 472421 (282 bp)
				Next Alignment: 472421 473700 239_1280_53116 1280 1

			Align 20: 472421 473700 239_1280_53116 1280 1
				Gap between this and next alignment: 473700 to 473909 (208 bp)
				Next Alignment: 473909 547855 40_73947_3009652 73947 1

			Align 21: 473909 547855 40_73947_3009652 73947 1
				Negative gap (overlap) between this and next alignment: 547855 to 547801 (-54 bp)
				Next Alignment: 547801 560069 368_12269_482372 12269 1

			Previous gap was negative, modifying coordinates to ignore overlap
				Moving contig start from 12269 to 12214.
			Align 22: 547856 560069 368_12269_482372 12214 1
				Negative gap (overlap) between this and next alignment: 560069 to 560013 (-56 bp)
				Next Alignment: 560013 560590 122_578_39412 578 1

			Previous gap was negative, modifying coordinates to ignore overlap
				Moving contig start from 578 to 521.
			Align 23: 560070 560590 122_578_39412 521 1
				Negative gap (overlap) between this and next alignment: 560590 to 560534 (-56 bp)
				Next Alignment: 560534 630659 22_70126_2786112 70126 1

			Previous gap was negative, modifying coordinates to ignore overlap
				Moving contig start from 70126 to 70069.
			Align 24: 560591 630659 22_70126_2786112 70069 1
				Gap between this and next alignment: 630659 to 630699 (39 bp)
				Next Alignment: 630699 669931 220_39233_1615440 1 39233

			Align 25: 630699 669931 220_39233_1615440 1 39233
				Gap between this and next alignment: 669931 to 669937 (5 bp)
				Next Alignment: 669937 670485 302_549_59807 1 549

			Align 26: 669937 670485 302_549_59807 1 549
				Negative gap (overlap) between this and next alignment: 670485 to 670436 (-49 bp)
				Next Alignment: 670436 676465 150_6030_230379 6030 1

			Previous gap was negative, modifying coordinates to ignore overlap
				Moving contig start from 6030 to 5980.
			Align 27: 670486 676465 150_6030_230379 5980 1
				Negative gap (overlap) between this and next alignment: 676465 to 676409 (-56 bp)
				Next Alignment: 676409 679603 242_11950_454824 1 3195

			Previous gap was negative, modifying coordinates to ignore overlap
				Moving contig start from 1 to 58.
			Align 28: 676466 679603 242_11950_454824 58 3195
				Gap between this and next alignment: 679603 to 682031 (2427 bp)
				Next Alignment: 682031 690787 242_11950_454824 3194 11950

			Align 29: 682031 690787 242_11950_454824 3194 11950
				Negative gap (overlap) between this and next alignment: 690787 to 690781 (-6 bp)
				Next Alignment: 690781 755624 286_64892_2629404 64844 1

			Previous gap was negative, modifying coordinates to ignore overlap
				Moving contig start from 64844 to 64837.
			Align 30: 690788 755624 286_64892_2629404 64837 1
				Gap between this and next alignment: 755624 to 756456 (831 bp)
				Next Alignment: 756456 773928 33_17473_667300 17473 1

			Align 31: 756456 773928 33_17473_667300 17473 1
				Gap between this and next alignment: 773928 to 773984 (55 bp)
				Next Alignment: 773984 789946 104_15963_632954 15963 1

			Align 32: 773984 789946 104_15963_632954 15963 1
				Gap between this and next alignment: 789946 to 790054 (107 bp)
				Next Alignment: 790054 825239 193_35186_1268759 35186 1

			Align 33: 790054 825239 193_35186_1268759 35186 1
				Gap between this and next alignment: 825239 to 825290 (50 bp)
				Next Alignment: 825290 836412 327_11123_374872 1 11123

			Align 34: 825290 836412 327_11123_374872 1 11123
				Gap between this and next alignment: 836412 to 836499 (86 bp)
				Next Alignment: 836499 864415 61_27917_1107619 27917 1

			Align 35: 836499 864415 61_27917_1107619 27917 1
				Negative gap (overlap) between this and next alignment: 864415 to 864404 (-11 bp)
				Next Alignment: 864404 866894 73_2491_82348 1 2491

			Previous gap was negative, modifying coordinates to ignore overlap
				Moving contig start from 1 to 13.
			Align 36: 864416 866894 73_2491_82348 13 2491
				Gap between this and next alignment: 866894 to 867037 (142 bp)
				Next Alignment: 867037 986361 221_119325_4649445 119325 1

			Align 37: 867037 986361 221_119325_4649445 119325 1
				Gap between this and next alignment: 986361 to 987257 (895 bp)
				Next Alignment: 987257 987772 123_516_9771 516 1

			Align 38: 987257 987772 123_516_9771 516 1
				Gap between this and next alignment: 987772 to 987783 (10 bp)
				Next Alignment: 987783 1016596 154_28814_1116248 1 28814

			Align 39: 987783 1016596 154_28814_1116248 1 28814
				Gap between this and next alignment: 1016596 to 1016669 (72 bp)
				Next Alignment: 1016669 1029448 369_12780_497497 1 12780

			Align 40: 1016669 1029448 369_12780_497497 1 12780
				Negative gap (overlap) between this and next alignment: 1029448 to 1029435 (-13 bp)
				Next Alignment: 1029435 1036448 151_7014_257440 1 7014

			Previous gap was negative, modifying coordinates to ignore overlap
				Moving contig start from 1 to 15.
			Align 41: 1029449 1036448 151_7014_257440 15 7014
				Gap between this and next alignment: 1036448 to 1036671 (222 bp)
				Next Alignment: 1036671 1050934 243_14264_559327 1 14264

			Align 42: 1036671 1050934 243_14264_559327 1 14264
				Gap between this and next alignment: 1050934 to 1051566 (631 bp)
				Next Alignment: 1051566 1094744 195_43179_1730260 43179 1

			Align 43: 1051566 1094744 195_43179_1730260 43179 1
				Gap between this and next alignment: 1094744 to 1094961 (216 bp)
				Next Alignment: 1094961 1095875 303_915_29741 1 915

			Align 44: 1094961 1095875 303_915_29741 1 915
				Gap between this and next alignment: 1095875 to 1096092 (216 bp)
				Next Alignment: 1096092 1100665 304_4574_174997 1 4574

			Align 45: 1096092 1100665 304_4574_174997 1 4574
				Gap between this and next alignment: 1100665 to 1149307 (48641 bp)
				Next Alignment: 1149307 1166059 401_85920_3344806_129+_391+_285+ 85920 69168

			Align 46: 1149307 1166059 401_85920_3344806_129+_391+_285+ 85920 69168
				Gap between this and next alignment: 1166059 to 1166376 (316 bp)
				Next Alignment: 1166376 1235531 401_85920_3344806_129+_391+_285+ 69166 1

			Align 47: 1166376 1235531 401_85920_3344806_129+_391+_285+ 69166 1
				Gap between this and next alignment: 1235531 to 1235576 (44 bp)
				Next Alignment: 1235576 1277042 399_41512_1678109_81+_256- 46 41512

			Align 48: 1235576 1277042 399_41512_1678109_81+_256- 46 41512
				Gap between this and next alignment: 1277042 to 1277874 (831 bp)
				Next Alignment: 1277874 1279034 147_1161_83702 1 1161

			Align 49: 1277874 1279034 147_1161_83702 1 1161
				Negative gap (overlap) between this and next alignment: 1279034 to 1278978 (-56 bp)
				Next Alignment: 1278978 1305148 16_26171_976657 1 26171

			Previous gap was negative, modifying coordinates to ignore overlap
				Moving contig start from 1 to 58.
			Align 50: 1279035 1305148 16_26171_976657 58 26171
				Gap between this and next alignment: 1305148 to 1305237 (88 bp)
				Next Alignment: 1305237 1315299 307_10063_390914 10063 1

			Align 51: 1305237 1315299 307_10063_390914 10063 1
				Gap between this and next alignment: 1315299 to 1315506 (206 bp)
				Next Alignment: 1315506 1360781 37_45276_1792918 45276 1

			Align 52: 1315506 1360781 37_45276_1792918 45276 1
				Negative gap (overlap) between this and next alignment: 1360781 to 1360725 (-56 bp)
				Next Alignment: 1360725 1384881 258_24157_972572 1 24157

			Previous gap was negative, modifying coordinates to ignore overlap
				Moving contig start from 1 to 58.
			Align 53: 1360782 1384881 258_24157_972572 58 24157
				Negative gap (overlap) between this and next alignment: 1384881 to 1384825 (-56 bp)
				Next Alignment: 1384825 1385349 379_525_24144_136-_339-_343+ 525 1

			Previous gap was negative, modifying coordinates to ignore overlap
				Moving contig start from 525 to 468.
			Align 54: 1384882 1385349 379_525_24144_136-_339-_343+ 468 1
				Gap between this and next alignment: 1385349 to 1386169 (819 bp)
				Next Alignment: 1386169 1393290 76_7122_300823 7122 1

			Align 55: 1386169 1393290 76_7122_300823 7122 1
				Gap between this and next alignment: 1393290 to 1393413 (122 bp)
				Next Alignment: 1393413 1461968 405_68549_2736020_246+_..._346- 68549 1

			Align 56: 1393413 1461968 405_68549_2736020_246+_..._346- 68549 1
				Gap between this and next alignment: 1461968 to 1462141 (172 bp)
				Next Alignment: 1462141 1463089 29_949_11128 1 949

			Align 57: 1462141 1463089 29_949_11128 1 949
				Gap between this and next alignment: 1463089 to 1463171 (81 bp)
				Next Alignment: 1463171 1579027 396_115855_4550528_19+_198- 1 115855

			Align 58: 1463171 1579027 396_115855_4550528_19+_198- 1 115855
				Gap between this and next alignment: 1579027 to 1579336 (308 bp)
				Next Alignment: 1579336 1640355 168_61020_2326307 1 61020

			Align 59: 1579336 1640355 168_61020_2326307 1 61020
				Negative gap (overlap) between this and next alignment: 1640355 to 1640355 (0 bp)
				Next Alignment: 1640355 1688870 131_48516_1929547 1 48516

			Previous gap was negative, modifying coordinates to ignore overlap
				Moving contig start from 1 to 2.
			Align 60: 1640356 1688870 131_48516_1929547 2 48516
				Negative gap (overlap) between this and next alignment: 1688870 to 1688814 (-56 bp)
				Next Alignment: 1688814 1727826 284_39013_1516071 1 39013

			Previous gap was negative, modifying coordinates to ignore overlap
				Moving contig start from 1 to 58.
			Align 61: 1688871 1727826 284_39013_1516071 58 39013
				Negative gap (overlap) between this and next alignment: 1727826 to 1727824 (-2 bp)
				Next Alignment: 1727824 1794911 287_67088_2324869 1 67088

			Previous gap was negative, modifying coordinates to ignore overlap
				Moving contig start from 1 to 4.
			Align 62: 1727827 1794911 287_67088_2324869 4 67088
				Negative gap (overlap) between this and next alignment: 1794911 to 1794892 (-19 bp)
				Next Alignment: 1794892 1815598 257_20707_733677 20707 1

			Previous gap was negative, modifying coordinates to ignore overlap
				Moving contig start from 20707 to 20687.
			Align 63: 1794912 1815598 257_20707_733677 20687 1
				Gap between this and next alignment: 1815598 to 1815646 (47 bp)
				Next Alignment: 1815646 1893056 167_77412_2844470 1 77412

			Align 64: 1815646 1893056 167_77412_2844470 1 77412
				Gap between this and next alignment: 1893056 to 1893122 (65 bp)
				Next Alignment: 1893122 1923996 36_30875_1228043 1 30875

			Align 65: 1893122 1923996 36_30875_1228043 1 30875
				Negative gap (overlap) between this and next alignment: 1923996 to 1923940 (-56 bp)
				Next Alignment: 1923940 1944293 105_20354_777199 20354 1

			Previous gap was negative, modifying coordinates to ignore overlap
				Moving contig start from 20354 to 20297.
			Align 66: 1923997 1944293 105_20354_777199 20297 1
				Gap between this and next alignment: 1944293 to 1944739 (445 bp)
				Next Alignment: 1944739 1955014 326_10334_377266 10334 59

			Align 67: 1944739 1955014 326_10334_377266 10334 59
				Gap between this and next alignment: 1955014 to 1955034 (19 bp)
				Next Alignment: 1955034 1963486 276_8509_325445 1 8453

			Align 68: 1955034 1963486 276_8509_325445 1 8453
				Gap between this and next alignment: 1963486 to 1963941 (454 bp)
				Next Alignment: 1963941 1972902 306_8962_352162 1 8962

			Align 69: 1963941 1972902 306_8962_352162 1 8962
				Gap between this and next alignment: 1972902 to 1972995 (92 bp)
				Next Alignment: 1972995 1978926 126_5988_208857 57 5988

			Align 70: 1972995 1978926 126_5988_208857 57 5988
				Gap between this and next alignment: 1978926 to 1978960 (33 bp)
				Next Alignment: 1978960 2005686 283_26784_1050617 58 26784

			Align 71: 1978960 2005686 283_26784_1050617 58 26784
				Next Alignment: 2005687 2251346 400_245660_9338367_82+_214- 245660 1

			Align 72: 2005687 2251346 400_245660_9338367_82+_214- 245660 1
				Gap between this and next alignment: 2251346 to 2251789 (442 bp)
				Next Alignment: 2251789 2252360 28_572_16714 1 572

			Align 73: 2251789 2252360 28_572_16714 1 572
				Gap between this and next alignment: 2252360 to 2252404 (43 bp)
				Next Alignment: 2252404 2253124 236_721_17960 721 1

			Align 74: 2252404 2253124 236_721_17960 721 1
				Gap between this and next alignment: 2253124 to 2253824 (699 bp)
				Next Alignment: 2253824 2324247 62_70424_2714522 1 70424

			Align 75: 2253824 2324247 62_70424_2714522 1 70424
				Gap between this and next alignment: 2324247 to 2324259 (11 bp)
				Next Alignment: 2324259 2348765 34_24507_887868 24507 1

			Align 76: 2324259 2348765 34_24507_887868 24507 1
				Gap between this and next alignment: 2348765 to 2349077 (311 bp)
				Next Alignment: 2349077 2493392 261_144370_5597071 144370 55

			Align 77: 2349077 2493392 261_144370_5597071 144370 55
				Gap between this and next alignment: 2493392 to 2493512 (119 bp)
				Next Alignment: 2493512 2506201 217_12690_470376 1 12690

			Align 78: 2493512 2506201 217_12690_470376 1 12690
				Negative gap (overlap) between this and next alignment: 2506201 to 2506191 (-10 bp)
				Next Alignment: 2506191 2521332 308_15142_566565 1 15142

			Previous gap was negative, modifying coordinates to ignore overlap
				Moving contig start from 1 to 12.
			Align 79: 2506202 2521332 308_15142_566565 12 15142
				Negative gap (overlap) between this and next alignment: 2521332 to 2521276 (-56 bp)
				Next Alignment: 2521276 2596744 408_75469_2770971_373+_119+ 75469 1

			Previous gap was negative, modifying coordinates to ignore overlap
				Moving contig start from 75469 to 75412.
			Align 80: 2521333 2596744 408_75469_2770971_373+_119+ 75412 1
				Gap between this and next alignment: 2596744 to 2597570 (825 bp)
				Next Alignment: 2597570 2614952 32_17383_643425 17383 1

			Align 81: 2597570 2614952 32_17383_643425 17383 1
				Gap between this and next alignment: 2614952 to 2615161 (208 bp)
				Next Alignment: 2615161 2616448 240_1288_44972 1 1288

			Align 82: 2615161 2616448 240_1288_44972 1 1288
				Gap between this and next alignment: 2616448 to 2616731 (282 bp)
				Next Alignment: 2616731 2658683 161_41952_1510555 1 41952

			Align 83: 2616731 2658683 161_41952_1510555 1 41952
				Gap between this and next alignment: 2658683 to 2658696 (12 bp)
				Next Alignment: 2658696 2659430 237_735_22697 1 735

			Align 84: 2658696 2659430 237_735_22697 1 735
				Negative gap (overlap) between this and next alignment: 2659430 to 2659407 (-23 bp)
				Next Alignment: 2659407 2674869 31_15463_562194 1 15463

			Previous gap was negative, modifying coordinates to ignore overlap
				Moving contig start from 1 to 25.
			Align 85: 2659431 2674869 31_15463_562194 25 15463
				Gap between this and next alignment: 2674869 to 2674903 (33 bp)
				Next Alignment: 2674903 2725816 406_50895_1982455_305-_393-_194+ 50895 1

			Align 86: 2674903 2725816 406_50895_1982455_305-_393-_194+ 50895 1
				Negative gap (overlap) between this and next alignment: 2725816 to 2725808 (-8 bp)
				Next Alignment: 2725808 2823648 199_97841_3714814 1 97841

			Previous gap was negative, modifying coordinates to ignore overlap
				Moving contig start from 1 to 10.
			Align 87: 2725817 2823648 199_97841_3714814 10 97841
				Negative gap (overlap) between this and next alignment: 2823648 to 2823592 (-56 bp)
				Next Alignment: 2823592 2835388 191_11797_439194 1 11797

			Previous gap was negative, modifying coordinates to ignore overlap
				Moving contig start from 1 to 58.
			Align 88: 2823649 2835388 191_11797_439194 58 11797
				Gap between this and next alignment: 2835388 to 2835394 (5 bp)
				Next Alignment: 2835394 2846598 190_11205_441772 11205 1

			Align 89: 2835394 2846598 190_11205_441772 11205 1
				Negative gap (overlap) between this and next alignment: 2846598 to 2846581 (-17 bp)
				Next Alignment: 2846581 2848521 11_1941_51777 1941 1

			Previous gap was negative, modifying coordinates to ignore overlap
				Moving contig start from 1941 to 1923.
			Align 90: 2846599 2848521 11_1941_51777 1923 1
				Negative gap (overlap) between this and next alignment: 2848521 to 2848479 (-42 bp)
				Next Alignment: 2848479 2849167 234_689_15808 1 689

			Previous gap was negative, modifying coordinates to ignore overlap
				Moving contig start from 1 to 44.
			Align 91: 2848522 2849167 234_689_15808 44 689
				Gap between this and next alignment: 2849167 to 2849218 (50 bp)
				Next Alignment: 2849218 2898544 372_49383_1825674 1 49383

			Align 92: 2849218 2898544 372_49383_1825674 1 49383
				Gap between this and next alignment: 2898544 to 2898553 (8 bp)
				Next Alignment: 2898553 2952497 164_53942_2141884 1 53942

			Align 93: 2898553 2952497 164_53942_2141884 1 53942
				Negative gap (overlap) between this and next alignment: 2952497 to 2952484 (-13 bp)
				Next Alignment: 2952484 3019971 329_67488_2510717 67488 1

			Previous gap was negative, modifying coordinates to ignore overlap
				Moving contig start from 67488 to 67474.
			Align 94: 2952498 3019971 329_67488_2510717 67474 1
				Gap between this and next alignment: 3019971 to 3020733 (761 bp)
				Next Alignment: 3020733 3023594 275_2862_99276 1 2862

			Align 95: 3020733 3023594 275_2862_99276 1 2862
				Gap between this and next alignment: 3023594 to 3024350 (755 bp)
				Next Alignment: 3024350 3038899 278_14550_574053 14550 1

			Align 96: 3024350 3038899 278_14550_574053 14550 1
				Negative gap (overlap) between this and next alignment: 3038899 to 3038843 (-56 bp)
				Next Alignment: 3038843 3067436 219_28594_1044454 1 28594

			Previous gap was negative, modifying coordinates to ignore overlap
				Moving contig start from 1 to 58.
			Align 97: 3038900 3067436 219_28594_1044454 58 28594
				Gap between this and next alignment: 3067436 to 3067442 (5 bp)
				Next Alignment: 3067442 3117910 21_50469_1992036 1 50469

			Align 98: 3067442 3117910 21_50469_1992036 1 50469
				Gap between this and next alignment: 3117910 to 3117924 (13 bp)
				Next Alignment: 3117924 3167519 108_49596_1909559 1 49596

			Align 99: 3117924 3167519 108_49596_1909559 1 49596
				Negative gap (overlap) between this and next alignment: 3167519 to 3167463 (-56 bp)
				Next Alignment: 3167463 3171793 30_4331_164655 1 4331

			Previous gap was negative, modifying coordinates to ignore overlap
				Moving contig start from 1 to 58.
			Align 100: 3167520 3171793 30_4331_164655 58 4331
				Gap between this and next alignment: 3171793 to 3172239 (445 bp)
				Next Alignment: 3172239 3179370 77_7132_265036 7132 1

			Align 101: 3172239 3179370 77_7132_265036 7132 1
				Negative gap (overlap) between this and next alignment: 3179370 to 3179327 (-43 bp)
				Next Alignment: 3179327 3206297 370_26971_971253 1 26971

			Previous gap was negative, modifying coordinates to ignore overlap
				Moving contig start from 1 to 45.
			Align 102: 3179371 3206297 370_26971_971253 45 26971
				Negative gap (overlap) between this and next alignment: 3206297 to 3206241 (-56 bp)
				Next Alignment: 3206241 3251915 107_45675_1749742 45675 1

			Previous gap was negative, modifying coordinates to ignore overlap
				Moving contig start from 45675 to 45618.
			Align 103: 3206298 3251915 107_45675_1749742 45618 1
				Gap between this and next alignment: 3251915 to 3252380 (464 bp)
				Next Alignment: 3252380 3258637 255_6258_201793 1 6258

			Align 104: 3252380 3258637 255_6258_201793 1 6258
				Gap between this and next alignment: 3258637 to 3258706 (68 bp)
				Next Alignment: 3258706 3283108 282_24403_927022 1 24403

			Align 105: 3258706 3283108 282_24403_927022 1 24403
				Negative gap (overlap) between this and next alignment: 3283108 to 3283106 (-2 bp)
				Next Alignment: 3283106 3349503 288_81751_3034215 81695 15292

			Previous gap was negative, modifying coordinates to ignore overlap
				Moving contig start from 81695 to 81692.
			Align 106: 3283109 3349503 288_81751_3034215 81692 15292
				Negative gap (overlap) between this and next alignment: 3349503 to 3329503 (-20000 bp)
				Next Alignment: 3329503 3364743 288_81751_3034215 35298 52

			Previous gap was negative, modifying coordinates to ignore overlap
				Moving contig start from 35298 to 15285.
			Align 107: 3349504 3364743 288_81751_3034215 15285 52
				Gap between this and next alignment: 3364743 to 3364796 (52 bp)
				Next Alignment: 3364796 3389610 403_24834_977964_152+_390-_128+ 24834 1

			Align 108: 3364796 3389610 403_24834_977964_152+_390-_128+ 24834 1
				Negative gap (overlap) between this and next alignment: 3389610 to 3389554 (-56 bp)
				Next Alignment: 3389554 3402578 60_13025_503398 1 13025

			Previous gap was negative, modifying coordinates to ignore overlap
				Moving contig start from 1 to 58.
			Align 109: 3389611 3402578 60_13025_503398 58 13025
				Gap between this and next alignment: 3402578 to 3402698 (119 bp)
				Next Alignment: 3402698 3403253 365_556_19532 556 1

			Align 110: 3402698 3403253 365_556_19532 556 1
				Negative gap (overlap) between this and next alignment: 3403253 to 3403199 (-54 bp)
				Next Alignment: 3403199 3416854 79_13656_494447 1 13656

			Previous gap was negative, modifying coordinates to ignore overlap
				Moving contig start from 1 to 56.
			Align 111: 3403254 3416854 79_13656_494447 56 13656
				Negative gap (overlap) between this and next alignment: 3416854 to 3416848 (-6 bp)
				Next Alignment: 3416848 3439048 244_22201_824442 1 22201

			Previous gap was negative, modifying coordinates to ignore overlap
				Moving contig start from 1 to 8.
			Align 112: 3416855 3439048 244_22201_824442 8 22201
				Gap between this and next alignment: 3439048 to 3439948 (899 bp)
				Next Alignment: 3439948 3545325 397_105380_4038916_39+_386+_130- 1 105380

			Align 113: 3439948 3545325 397_105380_4038916_39+_386+_130- 1 105380
				Gap between this and next alignment: 3545325 to 3545862 (536 bp)
				Next Alignment: 3545862 3546731 124_870_30148 870 1

			Align 114: 3545862 3546731 124_870_30148 870 1
				Gap between this and next alignment: 3546731 to 3547268 (536 bp)
				Next Alignment: 3547268 3579076 245_31809_1234315 1 31809

			Align 115: 3547268 3579076 245_31809_1234315 1 31809
				Gap between this and next alignment: 3579076 to 3579092 (15 bp)
				Next Alignment: 3579092 3592609 277_13518_515680 1 13518

			Align 116: 3579092 3592609 277_13518_515680 1 13518
				Negative gap (overlap) between this and next alignment: 3592609 to 3592606 (-3 bp)
				Next Alignment: 3592606 3612842 281_20237_741485 1 20237

			Previous gap was negative, modifying coordinates to ignore overlap
				Moving contig start from 1 to 5.
			Align 117: 3592610 3612842 281_20237_741485 5 20237
				Negative gap (overlap) between this and next alignment: 3612842 to 3612786 (-56 bp)
				Next Alignment: 3612786 3657657 20_44872_1710364 1 44872

			Previous gap was negative, modifying coordinates to ignore overlap
				Moving contig start from 1 to 58.
			Align 118: 3612843 3657657 20_44872_1710364 58 44872
				Gap between this and next alignment: 3657657 to 3657706 (48 bp)
				Next Alignment: 3657706 3732726 197_75020_2961979 1 75020

			Align 119: 3657706 3732726 197_75020_2961979 1 75020
				Negative gap (overlap) between this and next alignment: 3732726 to 3732670 (-56 bp)
				Next Alignment: 3732670 3805848 166_73179_2707193 73179 1

			Previous gap was negative, modifying coordinates to ignore overlap
				Moving contig start from 73179 to 73122.
			Align 120: 3732727 3805848 166_73179_2707193 73122 1
				Gap between this and next alignment: 3805848 to 3805882 (33 bp)
				Next Alignment: 3805882 3836775 165_30894_1248519 1 30894

			Align 121: 3805882 3836775 165_30894_1248519 1 30894
				Gap between this and next alignment: 3836775 to 3836792 (16 bp)
				Next Alignment: 3836792 3977671 42_140880_5656254 140880 1

			Align 122: 3836792 3977671 42_140880_5656254 140880 1
				Negative gap (overlap) between this and next alignment: 3977671 to 3977652 (-19 bp)
				Next Alignment: 3977652 4066947 133_89296_3494132 89296 1

			Previous gap was negative, modifying coordinates to ignore overlap
				Moving contig start from 89296 to 89276.
			Align 123: 3977672 4066947 133_89296_3494132 89276 1
				Gap between this and next alignment: 4066947 to 4067370 (422 bp)
				Next Alignment: 4067370 4067877 325_508_17269 508 1

			Align 124: 4067370 4067877 325_508_17269 508 1
				Gap between this and next alignment: 4067877 to 4068300 (422 bp)
				Next Alignment: 4068300 4093597 328_25299_988865 25299 1

			Align 125: 4068300 4093597 328_25299_988865 25299 1
				Gap between this and next alignment: 4093597 to 4093610 (12 bp)
				Next Alignment: 4093610 4122815 310_29206_1163028 1 29206

			Align 126: 4093610 4122815 310_29206_1163028 1 29206
				Gap between this and next alignment: 4122815 to 4122880 (64 bp)
				Next Alignment: 4122880 4144799 404_80452_2964544_162-_384-_18+ 1 21920

			Align 127: 4122880 4144799 404_80452_2964544_162-_384-_18+ 1 21920
				Gap between this and next alignment: 4144799 to 4147042 (2242 bp)
				Next Alignment: 4147042 4205582 404_80452_2964544_162-_384-_18+ 21919 80452

			Align 128: 4147042 4205582 404_80452_2964544_162-_384-_18+ 21919 80452
				Negative gap (overlap) between this and next alignment: 4205582 to 4205550 (-32 bp)
				Next Alignment: 4205550 4220056 80_14507_545993 14507 1

			Previous gap was negative, modifying coordinates to ignore overlap
				Moving contig start from 14507 to 14474.
			Align 129: 4205583 4220056 80_14507_545993 14474 1
				Negative gap (overlap) between this and next alignment: 4220056 to 4220040 (-16 bp)
				Next Alignment: 4220040 4226368 215_6329_268632 6329 1

			Previous gap was negative, modifying coordinates to ignore overlap
				Moving contig start from 6329 to 6312.
			Align 130: 4220057 4226368 215_6329_268632 6312 1
				Gap between this and next alignment: 4226368 to 4226673 (304 bp)
				Next Alignment: 4226673 4227321 235_649_28262 1 649

			Align 131: 4226673 4227321 235_649_28262 1 649
				Negative gap (overlap) between this and next alignment: 4227321 to 4227266 (-55 bp)
				Next Alignment: 4227266 4337211 407_109941_4490136_367+_..._149+ 109941 1

			Previous gap was negative, modifying coordinates to ignore overlap
				Moving contig start from 109941 to 109885.
			Align 132: 4227322 4337211 407_109941_4490136_367+_..._149+ 109885 1
				Negative gap (overlap) between this and next alignment: 4337211 to 4337157 (-54 bp)
				Next Alignment: 4337157 4356614 15_19458_743875 19458 1

			Previous gap was negative, modifying coordinates to ignore overlap
				Moving contig start from 19458 to 19403.
			Align 133: 4337212 4356614 15_19458_743875 19403 1
				Gap between this and next alignment: 4356614 to 4357480 (865 bp)
				Next Alignment: 4357480 4373489 218_16063_602855 1 16010

			Align 134: 4357480 4373489 218_16063_602855 1 16010
				Gap between this and next alignment: 4373489 to 4373577 (87 bp)
				Next Alignment: 4373577 4394614 17_29566_1108108 29566 8529

			Align 135: 4373577 4394614 17_29566_1108108 29566 8529
				Negative gap (overlap) between this and next alignment: 4394614 to 4394570 (-44 bp)
				Next Alignment: 4394570 4609442 374_218254_8457827 3381 218254

			Previous gap was negative, modifying coordinates to ignore overlap
				Moving contig start from 3381 to 3426.
			Align 136: 4394615 4609442 374_218254_8457827 3426 218254
				Negative gap (overlap) between this and next alignment: 4609442 to 4609410 (-32 bp)
				Next Alignment: 4609410 4609982 324_573_17365 573 1

			Previous gap was negative, modifying coordinates to ignore overlap
				Moving contig start from 573 to 540.
			Align 137: 4609443 4609982 324_573_17365 540 1
				Gap between this and next alignment: 4609982 to 4609995 (12 bp)
				Next Alignment: 4609995 4620200 59_10263_436672 10206 1

			Align 138: 4609995 4620200 59_10263_436672 10206 1
				Gap between this and next alignment: 4620200 to 4620233 (32 bp)
				Next Alignment: 4620233 4762660 109_142482_5640702 142428 1

			Align 139: 4620233 4762660 109_142482_5640702 142428 1
				Gap between this and next alignment: 4762660 to 4762740 (79 bp)
				Next Alignment: 4762740 4767411 75_4672_178617 1 4672

			Align 140: 4762740 4767411 75_4672_178617 1 4672
				Gap between this and next alignment: 4767411 to 4767810 (398 bp)
				Next Alignment: 4767810 4773927 189_6118_232954 6118 1

			Align 141: 4767810 4773927 189_6118_232954 6118 1
				Gap between this and next alignment: 4773927 to 4774742 (814 bp)
				Next Alignment: 4774742 4793735 14_18994_788004 1 18994

			Align 142: 4774742 4793735 14_18994_788004 1 18994
				Gap between this and next alignment: 4793735 to 4794134 (398 bp)
				Next Alignment: 4794134 4797005 188_2872_114222 1 2872

			Align 143: 4794134 4797005 188_2872_114222 1 2872
				Gap between this and next alignment: 4797005 to 4797811 (805 bp)
				Next Alignment: 4797811 4811228 192_13417_474882 13417 1

			Align 144: 4797811 4811228 192_13417_474882 13417 1
				Gap between this and next alignment: 4811228 to 4811557 (328 bp)
				Next Alignment: 4811557 4814145 187_2589_82156 1 2589

			Align 145: 4811557 4814145 187_2589_82156 1 2589
				Gap between this and next alignment: 4814145 to 4814474 (328 bp)
				Next Alignment: 4814474 4824958 127_10486_402041 1 10486

			Align 146: 4814474 4824958 127_10486_402041 1 10486
				Gap between this and next alignment: 4824958 to 4824961 (2 bp)
				Next Alignment: 4824961 4852134 153_27174_1116565 1 27174

			Align 147: 4824961 4852134 153_27174_1116565 1 27174
				Negative gap (overlap) between this and next alignment: 4852134 to 4852078 (-56 bp)
				Next Alignment: 4852078 4903348 38_51271_2017065 1 51271

			Previous gap was negative, modifying coordinates to ignore overlap
				Moving contig start from 1 to 58.
			Align 148: 4852135 4903348 38_51271_2017065 58 51271
				Gap between this and next alignment: 4903348 to 4903410 (61 bp)
				Next Alignment: 4903410 4913530 241_10121_363114 1 10121

			Align 149: 4903410 4913530 241_10121_363114 1 10121
				Gap between this and next alignment: 4913530 to 4913729 (198 bp)
				Next Alignment: 4913729 5005522 289_91793_3375904 91793 1

			Align 150: 4913729 5005522 289_91793_3375904 91793 1
				Negative gap (overlap) between this and next alignment: 5005522 to 5005466 (-56 bp)
				Next Alignment: 5005466 5034695 398_29217_1263089_74-_385-_35+ 29217 1

			Previous gap was negative, modifying coordinates to ignore overlap
				Moving contig start from 29217 to 29160.
			Align 151: 5005523 5034695 398_29217_1263089_74-_385-_35+ 29160 1
				Gap between this and next alignment: 5034695 to 5034729 (33 bp)
				Next Alignment: 5034729 5067172 311_60884_2357807 1 32444

			Align 152: 5034729 5067172 311_60884_2357807 1 32444
			END in current alignment.  Modifying 5067172 to 5067172.

ERROR: Reference [$ref] does not have any alignments!  Check that this is the same file used for alignment.
ERROR: Alignment Reference Headers: ['gi|169627108|ref|NC_010397.1|_Mycobacterium_abscessus_chromosome__complete_sequence']
Analysis is finished!
Founded SNPs were written into /usit/invitro/data/galaxy/master/sabbai/galaxy-dist/database/job_working_directory/001/1818/dataset_1900_files/Contig/contigs_reports/nucmer_output/MA-M-Abyss-Contig.used_snps

Results:
	Local Misassemblies: 2
	Misassemblies: 2
		Relocations: 2
		Translocations: 0
		Inversions: 0
	Misassembled Contigs: 2
	Misassembled Contig Bases: 92402
	Misassmblies Inter-Contig Overlap: 20011
Uncovered Regions: 0 (0)
Unaligned Contigs: 0 + 5 part
Partially Unaligned Contigs with Misassemblies: 2
Unaligned Contig Bases: 78075

Ambiguously Mapped Contigs: 4
Total Bases in Ambiguously Mapped Contigs: 3061
Note that --allow-ambiguity option was set to "one" and only first alignment per each contig was used.

	Covered Bases: 4980819

	SNPs: 79
	Insertions: 111
	Deletions: 92

	Positive Gaps: 98
		Internal Gaps:  3
		External Gaps:  95
		External Gap Total:  81368
		External Gap Average: 857
	Negative Gaps: 52
		Internal Overlaps:  1
		External Overlaps:  51
		External Overlaps Total: -1849
		External Overlaps Average: -36
	Contigs with Redundant Alignments: 0 (0)
