ERROR: Could not parse delta file, /usit/invitro/data/galaxy/master/sabbai/galaxy-dist/database/job_working_directory/001/1965/dataset_2047_files/Contig/contigs_reports/nucmer_output/abyss_1.3.delta
error no: 402
ERROR: Could not parse delta file, /usit/invitro/data/galaxy/master/sabbai/galaxy-dist/database/job_working_directory/001/1965/dataset_2047_files/Contig/contigs_reports/nucmer_output/abyss_1.3.delta
error no: 402
et_2047_files/Contig/contigs_reports/nucmer_output/abyss_1.3.ntref" of length 4033466
# construct suffix tree for sequence of length 4033466
# (maximum reference length is 536870908)
# (maximum query length is 4294967295)
# process 40334 characters per dot
of length 4033466
# construct suffix tree for sequence of length 4033466
# (maximum reference length is 536870908)
# (maximum query length is 4294967295)
# process 40334 characters per dot
#.#......................................................................................................................................................................................................
# CONSTRUCTIONTIME /usit/invitro/data/galaxy/master/sabbai/galaxy-dist/tools/comparative_assembly_statistics/quast-2.2/libs/MUMmer3.23-linux/mummer /usit/invitro/data/galaxy/master/sabbai/galaxy-dist/database/job_working_directory/001/1965/dataset_2047_files/Contig/contigs_reports/nucmer_output/abyss_1.3.ntref 1.88
# reading input file "/usit/invitro/data/galaxy/master/sabbai/galaxy-dist/database/job_working_directory/001/1965/dataset_2047_files/Contig/corrected_input/abyss_1.3.6" .
# CONSTRUCTIONTIME /usit/invitro/data/galaxy/master/sabbai/galaxy-dist/tools/comparative_assembly_statistics/quast-2.2/libs/MUMmer3.23-linux/mummer /usit/invitro/data/galaxy/master/sabbai/galaxy-dist/database/job_working_directory/001/1965/dataset_2047_files/Contig/contigs_reports/nucmer_output/abyss_1.3.ntref 1.90
# reading input file "/usit/invitro/data/galaxy/master/sabbai/galaxy-dist/database/job_working_directory/001/1965/dataset_2047_files/Contig/corrected_input/abyss_1.3.4" of length 3895494
# matching query-file "/usit/invitro/data/galaxy/master/sabbai/galaxy-dist/database/job_working_directory/001/1965/dataset_2047_files/Contig/corrected_input/abyss_1.3.6"
# against subject-file "/usit/invitro/data/galaxy/master/sabbai/galaxy-dist/database/job_working_directory/001/1965/dataset_2047_files/Contig/contigs_reports/nucmer_output/abyss_1.3.ntref"
of length 3895494
# matching query-file "/usit/invitro/data/galaxy/master/sabbai/galaxy-dist/database/job_working_directory/001/1965/dataset_2047_files/Contig/corrected_input/abyss_1.3.4"
# against subject-file "/usit/invitro/data/galaxy/master/sabbai/galaxy-dist/database/job_working_directory/001/1965/dataset_2047_files/Contig/contigs_reports/nucmer_output/abyss_1.3.ntref"
# COMPLETETIME /usit/invitro/data/galaxy/master/sabbai/galaxy-dist/tools/comparative_assembly_statistics/quast-2.2/libs/MUMmer3.23-linux/mummer /usit/invitro/data/galaxy/master/sabbai/galaxy-dist/database/job_working_directory/001/1965/dataset_2047_files/Contig/contigs_reports/nucmer_output/abyss_1.3.ntref 6.64
# SPACE /usit/invitro/data/galaxy/master/sabbai/galaxy-dist/tools/comparative_assembly_statistics/quast-2.2/libs/MUMmer3.23-linux/mummer /usit/invitro/data/galaxy/master/sabbai/galaxy-dist/database/job_working_directory/001/1965/dataset_2047_files/Contig/contigs_reports/nucmer_output/abyss_1.3.ntref 7.69
4: FINISHING DATA
# COMPLETETIME /usit/invitro/data/galaxy/master/sabbai/galaxy-dist/tools/comparative_assembly_statistics/quast-2.2/libs/MUMmer3.23-linux/mummer /usit/invitro/data/galaxy/master/sabbai/galaxy-dist/database/job_working_directory/001/1965/dataset_2047_files/Contig/contigs_reports/nucmer_output/abyss_1.3.ntref 7.08
# SPACE /usit/invitro/data/galaxy/master/sabbai/galaxy-dist/tools/comparative_assembly_statistics/quast-2.2/libs/MUMmer3.23-linux/mummer /usit/invitro/data/galaxy/master/sabbai/galaxy-dist/database/job_working_directory/001/1965/dataset_2047_files/Contig/contigs_reports/nucmer_output/abyss_1.3.ntref 7.69
4: FINISHING DATA
WARNING: there was a problem deleting the temporary output files
