Aligning contigs to reference...
	Running Nucmer...
Parsing coords...
Loading Assembly...
Loading reference...
	Loaded [gi|552530711|ref|NC_007488.2|_Rhodobacter_sphaeroides_2.4.1_plasmid_B__complete_sequence]
Loading SNPs...
Loading regions...
	No regions given, using whole reference.
	Total Regions: 1
	Total Region Length: 114179
Analyzing contigs...
CONTIG: contig626 (9083bp)
		This contig is unaligned. (9083 bp)
		Unaligned bases: 9083  total: 9083

CONTIG: contig544 (4125bp)
		This contig is unaligned. (4125 bp)
		Unaligned bases: 4125  total: 13208

CONTIG: contig39 (3752bp)
		This contig is unaligned. (3752 bp)
		Unaligned bases: 3752  total: 16960

CONTIG: contig38 (1690bp)
		This contig is unaligned. (1690 bp)
		Unaligned bases: 1690  total: 18650

CONTIG: contig35 (1852bp)
		This contig is unaligned. (1852 bp)
		Unaligned bases: 1852  total: 20502

CONTIG: contig34 (665bp)
		This contig is unaligned. (665 bp)
		Unaligned bases: 665  total: 21167

CONTIG: contig37 (1304bp)
		This contig is unaligned. (1304 bp)
		Unaligned bases: 1304  total: 22471

CONTIG: contig31 (864bp)
		This contig is unaligned. (864 bp)
		Unaligned bases: 864  total: 23335

CONTIG: contig30 (6544bp)
		This contig is unaligned. (6544 bp)
		Unaligned bases: 6544  total: 29879

CONTIG: contig33 (1343bp)
		This contig is unaligned. (1343 bp)
		Unaligned bases: 1343  total: 31222

CONTIG: contig32 (982bp)
		This contig is unaligned. (982 bp)
		Unaligned bases: 982  total: 32204

CONTIG: contig594 (879bp)
		This contig is unaligned. (879 bp)
		Unaligned bases: 879  total: 33083

CONTIG: contig148 (3747bp)
		This contig is unaligned. (3747 bp)
		Unaligned bases: 3747  total: 36830

CONTIG: contig149 (681bp)
		This contig is unaligned. (681 bp)
		Unaligned bases: 681  total: 37511

CONTIG: contig141 (24134bp)
		This contig is unaligned. (24134 bp)
		Unaligned bases: 24134  total: 61645

CONTIG: contig143 (1470bp)
		This contig is unaligned. (1470 bp)
		Unaligned bases: 1470  total: 63115

CONTIG: contig144 (3499bp)
		This contig is unaligned. (3499 bp)
		Unaligned bases: 3499  total: 66614

CONTIG: contig145 (12977bp)
		This contig is unaligned. (12977 bp)
		Unaligned bases: 12977  total: 79591

CONTIG: contig146 (3921bp)
		This contig is unaligned. (3921 bp)
		Unaligned bases: 3921  total: 83512

CONTIG: contig546 (1476bp)
		This contig is unaligned. (1476 bp)
		Unaligned bases: 1476  total: 84988

CONTIG: contig581 (895bp)
		This contig is unaligned. (895 bp)
		Unaligned bases: 895  total: 85883

CONTIG: contig49 (936bp)
		This contig is unaligned. (936 bp)
		Unaligned bases: 936  total: 86819

CONTIG: contig592 (2077bp)
		This contig is unaligned. (2077 bp)
		Unaligned bases: 2077  total: 88896

CONTIG: contig40 (636bp)
		This contig is unaligned. (636 bp)
		Unaligned bases: 636  total: 89532

CONTIG: contig41 (15296bp)
		This contig is unaligned. (15296 bp)
		Unaligned bases: 15296  total: 104828

CONTIG: contig42 (11699bp)
		This contig is unaligned. (11699 bp)
		Unaligned bases: 11699  total: 116527

CONTIG: contig43 (10048bp)
		This contig is unaligned. (10048 bp)
		Unaligned bases: 10048  total: 126575

CONTIG: contig44 (5047bp)
		This contig is unaligned. (5047 bp)
		Unaligned bases: 5047  total: 131622

CONTIG: contig45 (3135bp)
		This contig is unaligned. (3135 bp)
		Unaligned bases: 3135  total: 134757

CONTIG: contig46 (971bp)
		This contig is unaligned. (971 bp)
		Unaligned bases: 971  total: 135728

CONTIG: contig47 (15104bp)
		This contig is unaligned. (15104 bp)
		Unaligned bases: 15104  total: 150832

CONTIG: contig287 (1323bp)
		This contig is unaligned. (1323 bp)
		Unaligned bases: 1323  total: 152155

CONTIG: contig286 (2913bp)
		This contig is unaligned. (2913 bp)
		Unaligned bases: 2913  total: 155068

CONTIG: contig285 (8488bp)
		This contig is unaligned. (8488 bp)
		Unaligned bases: 8488  total: 163556

CONTIG: contig284 (4345bp)
		This contig is unaligned. (4345 bp)
		Unaligned bases: 4345  total: 167901

CONTIG: contig328 (1224bp)
Top Length: 1224  Top ID: 99.67
		One align captures most of this contig: 50836 52059 | 1224 1 | 1224 1224 | 99.67 | gi|552530711|ref|NC_007488.2|_Rhodobacter_sphaeroides_2.4.1_plasmid_B__complete_sequence contig328

CONTIG: contig282 (8990bp)
		This contig is unaligned. (8990 bp)
		Unaligned bases: 8990  total: 176891

CONTIG: contig281 (2426bp)
		This contig is unaligned. (2426 bp)
		Unaligned bases: 2426  total: 179317

CONTIG: contig280 (7992bp)
		This contig is unaligned. (7992 bp)
		Unaligned bases: 7992  total: 187309

CONTIG: contig325 (8422bp)
		This contig is unaligned. (8422 bp)
		Unaligned bases: 8422  total: 195731

CONTIG: contig326 (5589bp)
		This contig is unaligned. (5589 bp)
		Unaligned bases: 5589  total: 201320

CONTIG: contig327 (11833bp)
		This contig is unaligned. (11833 bp)
		Unaligned bases: 11833  total: 213153

CONTIG: contig320 (2804bp)
		This contig is unaligned. (2804 bp)
		Unaligned bases: 2804  total: 215957

CONTIG: contig321 (7463bp)
		This contig is unaligned. (7463 bp)
		Unaligned bases: 7463  total: 223420

CONTIG: contig322 (3920bp)
		This contig is unaligned. (3920 bp)
		Unaligned bases: 3920  total: 227340

CONTIG: contig323 (4738bp)
Top Length: 4736  Top ID: 100.0
		One align captures most of this contig: 29058 33793 | 4738 3 | 4736 4736 | 100.0 | gi|552530711|ref|NC_007488.2|_Rhodobacter_sphaeroides_2.4.1_plasmid_B__complete_sequence contig323

CONTIG: contig737 (8607bp)
		This contig is unaligned. (8607 bp)
		Unaligned bases: 8607  total: 235947

CONTIG: contig736 (10217bp)
		This contig is unaligned. (10217 bp)
		Unaligned bases: 10217  total: 246164

CONTIG: contig735 (8867bp)
		This contig is unaligned. (8867 bp)
		Unaligned bases: 8867  total: 255031

CONTIG: contig734 (5814bp)
		This contig is unaligned. (5814 bp)
		Unaligned bases: 5814  total: 260845

CONTIG: contig733 (4466bp)
		This contig is unaligned. (4466 bp)
		Unaligned bases: 4466  total: 265311

CONTIG: contig732 (2965bp)
		This contig is unaligned. (2965 bp)
		Unaligned bases: 2965  total: 268276

CONTIG: contig731 (3626bp)
		This contig is unaligned. (3626 bp)
		Unaligned bases: 3626  total: 271902

CONTIG: contig730 (1127bp)
		This contig is unaligned. (1127 bp)
		Unaligned bases: 1127  total: 273029

CONTIG: contig456 (4492bp)
		This contig is unaligned. (4492 bp)
		Unaligned bases: 4492  total: 277521

CONTIG: contig457 (1121bp)
		This contig is unaligned. (1121 bp)
		Unaligned bases: 1121  total: 278642

CONTIG: contig454 (13976bp)
		This contig is unaligned. (13976 bp)
		Unaligned bases: 13976  total: 292618

CONTIG: contig455 (12858bp)
		This contig is unaligned. (12858 bp)
		Unaligned bases: 12858  total: 305476

CONTIG: contig452 (6661bp)
		This contig is unaligned. (6661 bp)
		Unaligned bases: 6661  total: 312137

CONTIG: contig453 (13610bp)
		This contig is unaligned. (13610 bp)
		Unaligned bases: 13610  total: 325747

CONTIG: contig450 (1074bp)
		This contig is unaligned. (1074 bp)
		Unaligned bases: 1074  total: 326821

CONTIG: contig451 (6757bp)
		This contig is unaligned. (6757 bp)
		Unaligned bases: 6757  total: 333578

CONTIG: contig517 (10285bp)
		This contig is unaligned. (10285 bp)
		Unaligned bases: 10285  total: 343863

CONTIG: contig516 (3569bp)
		This contig is unaligned. (3569 bp)
		Unaligned bases: 3569  total: 347432

CONTIG: contig515 (14190bp)
		This contig is unaligned. (14190 bp)
		Unaligned bases: 14190  total: 361622

CONTIG: contig514 (6410bp)
		This contig is unaligned. (6410 bp)
		Unaligned bases: 6410  total: 368032

CONTIG: contig513 (1725bp)
		This contig is unaligned. (1725 bp)
		Unaligned bases: 1725  total: 369757

CONTIG: contig512 (2129bp)
		This contig is unaligned. (2129 bp)
		Unaligned bases: 2129  total: 371886

CONTIG: contig511 (27136bp)
		This contig is unaligned. (27136 bp)
		Unaligned bases: 27136  total: 399022

CONTIG: contig459 (4713bp)
		This contig is unaligned. (4713 bp)
		Unaligned bases: 4713  total: 403735

CONTIG: contig359 (2016bp)
		This contig is unaligned. (2016 bp)
		Unaligned bases: 2016  total: 405751

CONTIG: contig211 (2139bp)
Top Length: 2139  Top ID: 99.95
		One align captures most of this contig: 8861 10999 | 2139 1 | 2139 2139 | 99.95 | gi|552530711|ref|NC_007488.2|_Rhodobacter_sphaeroides_2.4.1_plasmid_B__complete_sequence contig211

CONTIG: contig212 (4927bp)
Top Length: 4927  Top ID: 99.94
		One align captures most of this contig: 3856 8782 | 4927 1 | 4927 4927 | 99.94 | gi|552530711|ref|NC_007488.2|_Rhodobacter_sphaeroides_2.4.1_plasmid_B__complete_sequence contig212

CONTIG: contig213 (5216bp)
		This contig is unaligned. (5216 bp)
		Unaligned bases: 5216  total: 410967

CONTIG: contig214 (9547bp)
		This contig is unaligned. (9547 bp)
		Unaligned bases: 9547  total: 420514

CONTIG: contig278 (8732bp)
		This contig is unaligned. (8732 bp)
		Unaligned bases: 8732  total: 429246

CONTIG: contig216 (6016bp)
		This contig is unaligned. (6016 bp)
		Unaligned bases: 6016  total: 435262

CONTIG: contig217 (2135bp)
		This contig is unaligned. (2135 bp)
		Unaligned bases: 2135  total: 437397

CONTIG: contig351 (18510bp)
		This contig is unaligned. (18510 bp)
		Unaligned bases: 18510  total: 455907

CONTIG: contig219 (30981bp)
		This contig is unaligned. (30981 bp)
		Unaligned bases: 30981  total: 486888

CONTIG: contig353 (1339bp)
		This contig is unaligned. (1339 bp)
		Unaligned bases: 1339  total: 488227

CONTIG: contig279 (7295bp)
		This contig is unaligned. (7295 bp)
		Unaligned bases: 7295  total: 495522

CONTIG: contig355 (7255bp)
		This contig is unaligned. (7255 bp)
		Unaligned bases: 7255  total: 502777

CONTIG: contig354 (4185bp)
		This contig is unaligned. (4185 bp)
		Unaligned bases: 4185  total: 506962

CONTIG: contig357 (6047bp)
		This contig is unaligned. (6047 bp)
		Unaligned bases: 6047  total: 513009

CONTIG: contig356 (4123bp)
		This contig is unaligned. (4123 bp)
		Unaligned bases: 4123  total: 517132

CONTIG: contig290 (1112bp)
		This contig is unaligned. (1112 bp)
		Unaligned bases: 1112  total: 518244

CONTIG: contig52 (28497bp)
		This contig is unaligned. (28497 bp)
		Unaligned bases: 28497  total: 546741

CONTIG: contig51 (11424bp)
		This contig is unaligned. (11424 bp)
		Unaligned bases: 11424  total: 558165

CONTIG: contig710 (4706bp)
		This contig is unaligned. (4706 bp)
		Unaligned bases: 4706  total: 562871

CONTIG: contig294 (17733bp)
		This contig is unaligned. (17733 bp)
		Unaligned bases: 17733  total: 580604

CONTIG: contig713 (2339bp)
		This contig is unaligned. (2339 bp)
		Unaligned bases: 2339  total: 582943

CONTIG: contig295 (1344bp)
		This contig is unaligned. (1344 bp)
		Unaligned bases: 1344  total: 584287

CONTIG: contig712 (3743bp)
		This contig is unaligned. (3743 bp)
		Unaligned bases: 3743  total: 588030

CONTIG: contig296 (3552bp)
		This contig is unaligned. (3552 bp)
		Unaligned bases: 3552  total: 591582

CONTIG: contig715 (4785bp)
		This contig is unaligned. (4785 bp)
		Unaligned bases: 4785  total: 596367

CONTIG: contig297 (13763bp)
		This contig is unaligned. (13763 bp)
		Unaligned bases: 13763  total: 610130

CONTIG: contig714 (2289bp)
		This contig is unaligned. (2289 bp)
		Unaligned bases: 2289  total: 612419

CONTIG: contig683 (2657bp)
		This contig is unaligned. (2657 bp)
		Unaligned bases: 2657  total: 615076

CONTIG: contig717 (4132bp)
		This contig is unaligned. (4132 bp)
		Unaligned bases: 4132  total: 619208

CONTIG: contig729 (1644bp)
		This contig is unaligned. (1644 bp)
		Unaligned bases: 1644  total: 620852

CONTIG: contig716 (944bp)
		This contig is unaligned. (944 bp)
		Unaligned bases: 944  total: 621796

CONTIG: contig7425 (1980bp)
		This contig is unaligned. (1980 bp)
		Unaligned bases: 1980  total: 623776

CONTIG: contig7424 (2038bp)
		This contig is unaligned. (2038 bp)
		Unaligned bases: 2038  total: 625814

CONTIG: contig7427 (2108bp)
		This contig is unaligned. (2108 bp)
		Unaligned bases: 2108  total: 627922

CONTIG: contig680 (26876bp)
		This contig is unaligned. (26876 bp)
		Unaligned bases: 26876  total: 654798

CONTIG: contig7421 (1907bp)
		This contig is unaligned. (1907 bp)
		Unaligned bases: 1907  total: 656705

CONTIG: contig7420 (1594bp)
		This contig is unaligned. (1594 bp)
		Unaligned bases: 1594  total: 658299

CONTIG: contig7423 (1820bp)
Top Length: 1820  Top ID: 100.0
		One align captures most of this contig: 1515 3334 | 1820 1 | 1820 1820 | 100.0 | gi|552530711|ref|NC_007488.2|_Rhodobacter_sphaeroides_2.4.1_plasmid_B__complete_sequence contig7423

CONTIG: contig7422 (1882bp)
		This contig is unaligned. (1882 bp)
		Unaligned bases: 1882  total: 660181

CONTIG: contig7429 (2809bp)
		This contig is unaligned. (2809 bp)
		Unaligned bases: 2809  total: 662990

CONTIG: contig7428 (2162bp)
		This contig is unaligned. (2162 bp)
		Unaligned bases: 2162  total: 665152

CONTIG: contig686 (8721bp)
		This contig is unaligned. (8721 bp)
		Unaligned bases: 8721  total: 673873

CONTIG: contig104 (5495bp)
		This contig is unaligned. (5495 bp)
		Unaligned bases: 5495  total: 679368

CONTIG: contig105 (2088bp)
		This contig is unaligned. (2088 bp)
		Unaligned bases: 2088  total: 681456

CONTIG: contig106 (16365bp)
		This contig is unaligned. (16365 bp)
		Unaligned bases: 16365  total: 697821

CONTIG: contig100 (752bp)
		This contig is unaligned. (752 bp)
		Unaligned bases: 752  total: 698573

CONTIG: contig101 (758bp)
		This contig is unaligned. (758 bp)
		Unaligned bases: 758  total: 699331

CONTIG: contig102 (863bp)
		This contig is unaligned. (863 bp)
		Unaligned bases: 863  total: 700194

CONTIG: contig103 (4688bp)
		This contig is unaligned. (4688 bp)
		Unaligned bases: 4688  total: 704882

CONTIG: contig684 (1595bp)
		This contig is unaligned. (1595 bp)
		Unaligned bases: 1595  total: 706477

CONTIG: contig109 (9003bp)
		This contig is unaligned. (9003 bp)
		Unaligned bases: 9003  total: 715480

CONTIG: contig721 (9024bp)
		This contig is unaligned. (9024 bp)
		Unaligned bases: 9024  total: 724504

CONTIG: contig689 (1830bp)
		This contig is unaligned. (1830 bp)
		Unaligned bases: 1830  total: 726334

CONTIG: contig688 (3759bp)
		This contig is unaligned. (3759 bp)
		Unaligned bases: 3759  total: 730093

CONTIG: contig538 (6938bp)
		This contig is unaligned. (6938 bp)
		Unaligned bases: 6938  total: 737031

CONTIG: contig727 (3115bp)
		This contig is unaligned. (3115 bp)
		Unaligned bases: 3115  total: 740146

CONTIG: contig171 (6235bp)
		This contig is unaligned. (6235 bp)
		Unaligned bases: 6235  total: 746381

CONTIG: contig170 (10600bp)
		This contig is unaligned. (10600 bp)
		Unaligned bases: 10600  total: 756981

CONTIG: contig173 (3002bp)
		This contig is unaligned. (3002 bp)
		Unaligned bases: 3002  total: 759983

CONTIG: contig172 (1506bp)
		This contig is unaligned. (1506 bp)
		Unaligned bases: 1506  total: 761489

CONTIG: contig175 (12997bp)
		This contig is unaligned. (12997 bp)
		Unaligned bases: 12997  total: 774486

CONTIG: contig174 (2790bp)
		This contig is unaligned. (2790 bp)
		Unaligned bases: 2790  total: 777276

CONTIG: contig177 (972bp)
		This contig is unaligned. (972 bp)
		Unaligned bases: 972  total: 778248

CONTIG: contig176 (21544bp)
		This contig is unaligned. (21544 bp)
		Unaligned bases: 21544  total: 799792

CONTIG: contig179 (21717bp)
		This contig is unaligned. (21717 bp)
		Unaligned bases: 21717  total: 821509

CONTIG: contig598 (1446bp)
		This contig is unaligned. (1446 bp)
		Unaligned bases: 1446  total: 822955

CONTIG: contig652 (3974bp)
		This contig is unaligned. (3974 bp)
		Unaligned bases: 3974  total: 826929

CONTIG: contig653 (7124bp)
		This contig is unaligned. (7124 bp)
		Unaligned bases: 7124  total: 834053

CONTIG: contig654 (1641bp)
		This contig is unaligned. (1641 bp)
		Unaligned bases: 1641  total: 835694

CONTIG: contig655 (9496bp)
		This contig is unaligned. (9496 bp)
		Unaligned bases: 9496  total: 845190

CONTIG: contig656 (1363bp)
		This contig is unaligned. (1363 bp)
		Unaligned bases: 1363  total: 846553

CONTIG: contig657 (9660bp)
		This contig is unaligned. (9660 bp)
		Unaligned bases: 9660  total: 856213

CONTIG: contig658 (2327bp)
		This contig is unaligned. (2327 bp)
		Unaligned bases: 2327  total: 858540

CONTIG: contig659 (2294bp)
		This contig is unaligned. (2294 bp)
		Unaligned bases: 2294  total: 860834

CONTIG: contig258 (6763bp)
		This contig is unaligned. (6763 bp)
		Unaligned bases: 6763  total: 867597

CONTIG: contig259 (1089bp)
		This contig is unaligned. (1089 bp)
		Unaligned bases: 1089  total: 868686

CONTIG: contig254 (45522bp)
		This contig is unaligned. (45522 bp)
		Unaligned bases: 45522  total: 914208

CONTIG: contig255 (19070bp)
		This contig is unaligned. (19070 bp)
		Unaligned bases: 19070  total: 933278

CONTIG: contig256 (1796bp)
		This contig is unaligned. (1796 bp)
		Unaligned bases: 1796  total: 935074

CONTIG: contig257 (7886bp)
		This contig is unaligned. (7886 bp)
		Unaligned bases: 7886  total: 942960

CONTIG: contig250 (3660bp)
Top Length: 3660  Top ID: 100.0
		One align captures most of this contig: 39554 43213 | 3660 1 | 3660 3660 | 100.0 | gi|552530711|ref|NC_007488.2|_Rhodobacter_sphaeroides_2.4.1_plasmid_B__complete_sequence contig250

CONTIG: contig251 (35805bp)
		This contig is unaligned. (35805 bp)
		Unaligned bases: 35805  total: 978765

CONTIG: contig252 (4358bp)
		This contig is unaligned. (4358 bp)
		Unaligned bases: 4358  total: 983123

CONTIG: contig253 (11675bp)
		This contig is unaligned. (11675 bp)
		Unaligned bases: 11675  total: 994798

CONTIG: contig315 (2826bp)
		This contig is unaligned. (2826 bp)
		Unaligned bases: 2826  total: 997624

CONTIG: contig316 (16735bp)
		This contig is unaligned. (16735 bp)
		Unaligned bases: 16735  total: 1014359

CONTIG: contig311 (14109bp)
		This contig is unaligned. (14109 bp)
		Unaligned bases: 14109  total: 1028468

CONTIG: contig313 (692bp)
		This contig is unaligned. (692 bp)
		Unaligned bases: 692  total: 1029160

CONTIG: contig312 (775bp)
		This contig is unaligned. (775 bp)
		Unaligned bases: 775  total: 1029935

CONTIG: contig319 (4019bp)
		This contig is unaligned. (4019 bp)
		Unaligned bases: 4019  total: 1033954

CONTIG: contig318 (1684bp)
		This contig is unaligned. (1684 bp)
		Unaligned bases: 1684  total: 1035638

CONTIG: contig669 (1281bp)
		This contig is unaligned. (1281 bp)
		Unaligned bases: 1281  total: 1036919

CONTIG: contig611 (2585bp)
Top Length: 2576  Top ID: 100.0
		One align captures most of this contig: 68922 71497 | 1 2576 | 2576 2576 | 100.0 | gi|552530711|ref|NC_007488.2|_Rhodobacter_sphaeroides_2.4.1_plasmid_B__complete_sequence contig611

CONTIG: contig429 (27754bp)
		This contig is unaligned. (27754 bp)
		Unaligned bases: 27754  total: 1064673

CONTIG: contig428 (761bp)
		This contig is unaligned. (761 bp)
		Unaligned bases: 761  total: 1065434

CONTIG: contig427 (2763bp)
		This contig is unaligned. (2763 bp)
		Unaligned bases: 2763  total: 1068197

CONTIG: contig426 (5900bp)
		This contig is unaligned. (5900 bp)
		Unaligned bases: 5900  total: 1074097

CONTIG: contig425 (11877bp)
		This contig is unaligned. (11877 bp)
		Unaligned bases: 11877  total: 1085974

CONTIG: contig424 (26619bp)
		This contig is unaligned. (26619 bp)
		Unaligned bases: 26619  total: 1112593

CONTIG: contig423 (6241bp)
		This contig is unaligned. (6241 bp)
		Unaligned bases: 6241  total: 1118834

CONTIG: contig422 (1610bp)
		This contig is unaligned. (1610 bp)
		Unaligned bases: 1610  total: 1120444

CONTIG: contig421 (3066bp)
		This contig is unaligned. (3066 bp)
		Unaligned bases: 3066  total: 1123510

CONTIG: contig420 (3922bp)
		This contig is unaligned. (3922 bp)
		Unaligned bases: 3922  total: 1127432

CONTIG: contig587 (5996bp)
		This contig is unaligned. (5996 bp)
		Unaligned bases: 5996  total: 1133428

CONTIG: contig612 (1121bp)
		This contig is unaligned. (1121 bp)
		Unaligned bases: 1121  total: 1134549

CONTIG: contig678 (5481bp)
		This contig is unaligned. (5481 bp)
		Unaligned bases: 5481  total: 1140030

CONTIG: contig229 (788bp)
		This contig is unaligned. (788 bp)
		Unaligned bases: 788  total: 1140818

CONTIG: contig228 (6460bp)
		This contig is unaligned. (6460 bp)
		Unaligned bases: 6460  total: 1147278

CONTIG: contig490 (550bp)
		This contig is unaligned. (550 bp)
		Unaligned bases: 550  total: 1147828

CONTIG: contig491 (5636bp)
		This contig is unaligned. (5636 bp)
		Unaligned bases: 5636  total: 1153464

CONTIG: contig496 (4852bp)
		This contig is unaligned. (4852 bp)
		Unaligned bases: 4852  total: 1158316

CONTIG: contig497 (583bp)
		This contig is unaligned. (583 bp)
		Unaligned bases: 583  total: 1158899

CONTIG: contig494 (2296bp)
		This contig is unaligned. (2296 bp)
		Unaligned bases: 2296  total: 1161195

CONTIG: contig495 (8682bp)
		This contig is unaligned. (8682 bp)
		Unaligned bases: 8682  total: 1169877

CONTIG: contig221 (3010bp)
		This contig is unaligned. (3010 bp)
		Unaligned bases: 3010  total: 1172887

CONTIG: contig220 (713bp)
		This contig is unaligned. (713 bp)
		Unaligned bases: 713  total: 1173600

CONTIG: contig223 (8329bp)
		This contig is unaligned. (8329 bp)
		Unaligned bases: 8329  total: 1181929

CONTIG: contig499 (18627bp)
		This contig is unaligned. (18627 bp)
		Unaligned bases: 18627  total: 1200556

CONTIG: contig225 (2194bp)
		This contig is unaligned. (2194 bp)
		Unaligned bases: 2194  total: 1202750

CONTIG: contig224 (1833bp)
		This contig is unaligned. (1833 bp)
		Unaligned bases: 1833  total: 1204583

CONTIG: contig227 (9059bp)
		This contig is unaligned. (9059 bp)
		Unaligned bases: 9059  total: 1213642

CONTIG: contig226 (6663bp)
		This contig is unaligned. (6663 bp)
		Unaligned bases: 6663  total: 1220305

CONTIG: contig613 (4984bp)
Top Length: 4984  Top ID: 99.96
		One align captures most of this contig: 73716 78699 | 4984 1 | 4984 4984 | 99.96 | gi|552530711|ref|NC_007488.2|_Rhodobacter_sphaeroides_2.4.1_plasmid_B__complete_sequence contig613

CONTIG: contig7375 (541bp)
		This contig is unaligned. (541 bp)
		Unaligned bases: 541  total: 1220846

CONTIG: contig7377 (511bp)
		This contig is unaligned. (511 bp)
		Unaligned bases: 511  total: 1221357

CONTIG: contig7376 (524bp)
		This contig is unaligned. (524 bp)
		Unaligned bases: 524  total: 1221881

CONTIG: contig7379 (585bp)
		This contig is unaligned. (585 bp)
		Unaligned bases: 585  total: 1222466

CONTIG: contig7435 (5955bp)
		This contig is unaligned. (5955 bp)
		Unaligned bases: 5955  total: 1228421

CONTIG: contig651 (4169bp)
		This contig is unaligned. (4169 bp)
		Unaligned bases: 4169  total: 1232590

CONTIG: contig139 (2500bp)
		This contig is unaligned. (2500 bp)
		Unaligned bases: 2500  total: 1235090

CONTIG: contig138 (7475bp)
		This contig is unaligned. (7475 bp)
		Unaligned bases: 7475  total: 1242565

CONTIG: contig135 (5093bp)
Top Length: 5093  Top ID: 99.94
		One align captures most of this contig: 34322 39414 | 1 5093 | 5093 5093 | 99.94 | gi|552530711|ref|NC_007488.2|_Rhodobacter_sphaeroides_2.4.1_plasmid_B__complete_sequence contig135

CONTIG: contig134 (9447bp)
		This contig is unaligned. (9447 bp)
		Unaligned bases: 9447  total: 1252012

CONTIG: contig137 (8854bp)
		This contig is unaligned. (8854 bp)
		Unaligned bases: 8854  total: 1260866

CONTIG: contig131 (1440bp)
		This contig is unaligned. (1440 bp)
		Unaligned bases: 1440  total: 1262306

CONTIG: contig130 (626bp)
		This contig is unaligned. (626 bp)
		Unaligned bases: 626  total: 1262932

CONTIG: contig133 (7036bp)
		This contig is unaligned. (7036 bp)
		Unaligned bases: 7036  total: 1269968

CONTIG: contig132 (4677bp)
		This contig is unaligned. (4677 bp)
		Unaligned bases: 4677  total: 1274645

CONTIG: contig7426 (1929bp)
		This contig is unaligned. (1929 bp)
		Unaligned bases: 1929  total: 1276574

CONTIG: contig298 (9269bp)
		This contig is unaligned. (9269 bp)
		Unaligned bases: 9269  total: 1285843

CONTIG: contig299 (4676bp)
		This contig is unaligned. (4676 bp)
		Unaligned bases: 4676  total: 1290519

CONTIG: contig59 (7477bp)
		This contig is unaligned. (7477 bp)
		Unaligned bases: 7477  total: 1297996

CONTIG: contig545 (11091bp)
		This contig is unaligned. (11091 bp)
		Unaligned bases: 11091  total: 1309087

CONTIG: contig53 (4567bp)
		This contig is unaligned. (4567 bp)
		Unaligned bases: 4567  total: 1313654

CONTIG: contig291 (4903bp)
		This contig is unaligned. (4903 bp)
		Unaligned bases: 4903  total: 1318557

CONTIG: contig292 (5359bp)
		This contig is unaligned. (5359 bp)
		Unaligned bases: 5359  total: 1323916

CONTIG: contig50 (776bp)
		This contig is unaligned. (776 bp)
		Unaligned bases: 776  total: 1324692

CONTIG: contig57 (8224bp)
		This contig is unaligned. (8224 bp)
		Unaligned bases: 8224  total: 1332916

CONTIG: contig56 (3746bp)
		This contig is unaligned. (3746 bp)
		Unaligned bases: 3746  total: 1336662

CONTIG: contig55 (5112bp)
		This contig is unaligned. (5112 bp)
		Unaligned bases: 5112  total: 1341774

CONTIG: contig54 (813bp)
		This contig is unaligned. (813 bp)
		Unaligned bases: 813  total: 1342587

CONTIG: contig3 (504bp)
		This contig is unaligned. (504 bp)
		Unaligned bases: 504  total: 1343091

CONTIG: contig682 (4595bp)
		This contig is unaligned. (4595 bp)
		Unaligned bases: 4595  total: 1347686

CONTIG: contig681 (3360bp)
		This contig is unaligned. (3360 bp)
		Unaligned bases: 3360  total: 1351046

CONTIG: contig551 (1967bp)
		This contig is unaligned. (1967 bp)
		Unaligned bases: 1967  total: 1353013

CONTIG: contig687 (3532bp)
Top Length: 3532  Top ID: 100.0
		One align captures most of this contig: 15871 19402 | 3532 1 | 3532 3532 | 100.0 | gi|552530711|ref|NC_007488.2|_Rhodobacter_sphaeroides_2.4.1_plasmid_B__complete_sequence contig687

CONTIG: contig6 (2238bp)
		This contig is unaligned. (2238 bp)
		Unaligned bases: 2238  total: 1355251

CONTIG: contig5 (13961bp)
Top Length: 13961  Top ID: 99.98
		One align captures most of this contig: 88891 102851 | 1 13961 | 13961 13961 | 99.98 | gi|552530711|ref|NC_007488.2|_Rhodobacter_sphaeroides_2.4.1_plasmid_B__complete_sequence contig5

CONTIG: contig4 (1370bp)
		This contig is unaligned. (1370 bp)
		Unaligned bases: 1370  total: 1356621

CONTIG: contig720 (4562bp)
		This contig is unaligned. (4562 bp)
		Unaligned bases: 4562  total: 1361183

CONTIG: contig540 (9100bp)
		This contig is unaligned. (9100 bp)
		Unaligned bases: 9100  total: 1370283

CONTIG: contig9 (7033bp)
		This contig is unaligned. (7033 bp)
		Unaligned bases: 7033  total: 1377316

CONTIG: contig8 (888bp)
		This contig is unaligned. (888 bp)
		Unaligned bases: 888  total: 1378204

CONTIG: contig724 (3016bp)
		This contig is unaligned. (3016 bp)
		Unaligned bases: 3016  total: 1381220

CONTIG: contig725 (3129bp)
		This contig is unaligned. (3129 bp)
		Unaligned bases: 3129  total: 1384349

CONTIG: contig726 (4546bp)
		This contig is unaligned. (4546 bp)
		Unaligned bases: 4546  total: 1388895

CONTIG: contig541 (906bp)
		This contig is unaligned. (906 bp)
		Unaligned bases: 906  total: 1389801

CONTIG: contig543 (1965bp)
		This contig is unaligned. (1965 bp)
		Unaligned bases: 1965  total: 1391766

CONTIG: contig500 (2124bp)
		This contig is unaligned. (2124 bp)
		Unaligned bases: 2124  total: 1393890

CONTIG: contig501 (5311bp)
		This contig is unaligned. (5311 bp)
		Unaligned bases: 5311  total: 1399201

CONTIG: contig503 (640bp)
		This contig is unaligned. (640 bp)
		Unaligned bases: 640  total: 1399841

CONTIG: contig504 (7220bp)
		This contig is unaligned. (7220 bp)
		Unaligned bases: 7220  total: 1407061

CONTIG: contig505 (15792bp)
		This contig is unaligned. (15792 bp)
		Unaligned bases: 15792  total: 1422853

CONTIG: contig506 (2076bp)
		This contig is unaligned. (2076 bp)
		Unaligned bases: 2076  total: 1424929

CONTIG: contig507 (4808bp)
		This contig is unaligned. (4808 bp)
		Unaligned bases: 4808  total: 1429737

CONTIG: contig508 (4154bp)
		This contig is unaligned. (4154 bp)
		Unaligned bases: 4154  total: 1433891

CONTIG: contig509 (23269bp)
		This contig is unaligned. (23269 bp)
		Unaligned bases: 23269  total: 1457160

CONTIG: contig663 (3137bp)
		This contig is unaligned. (3137 bp)
		Unaligned bases: 3137  total: 1460297

CONTIG: contig662 (1609bp)
		This contig is unaligned. (1609 bp)
		Unaligned bases: 1609  total: 1461906

CONTIG: contig665 (3314bp)
		This contig is unaligned. (3314 bp)
		Unaligned bases: 3314  total: 1465220

CONTIG: contig664 (636bp)
		This contig is unaligned. (636 bp)
		Unaligned bases: 636  total: 1465856

CONTIG: contig667 (2457bp)
		This contig is unaligned. (2457 bp)
		Unaligned bases: 2457  total: 1468313

CONTIG: contig666 (5309bp)
		This contig is unaligned. (5309 bp)
		Unaligned bases: 5309  total: 1473622

CONTIG: contig597 (2062bp)
		This contig is unaligned. (2062 bp)
		Unaligned bases: 2062  total: 1475684

CONTIG: contig814 (11147bp)
		This contig is unaligned. (11147 bp)
		Unaligned bases: 11147  total: 1486831

CONTIG: contig596 (7422bp)
		This contig is unaligned. (7422 bp)
		Unaligned bases: 7422  total: 1494253

CONTIG: contig595 (5594bp)
		This contig is unaligned. (5594 bp)
		Unaligned bases: 5594  total: 1499847

CONTIG: contig7392 (675bp)
		This contig is unaligned. (675 bp)
		Unaligned bases: 675  total: 1500522

CONTIG: contig265 (11170bp)
		This contig is unaligned. (11170 bp)
		Unaligned bases: 11170  total: 1511692

CONTIG: contig264 (1192bp)
		This contig is unaligned. (1192 bp)
		Unaligned bases: 1192  total: 1512884

CONTIG: contig267 (12723bp)
		This contig is unaligned. (12723 bp)
		Unaligned bases: 12723  total: 1525607

CONTIG: contig349 (7664bp)
		This contig is unaligned. (7664 bp)
		Unaligned bases: 7664  total: 1533271

CONTIG: contig593 (2415bp)
		This contig is unaligned. (2415 bp)
		Unaligned bases: 2415  total: 1535686

CONTIG: contig260 (17000bp)
		This contig is unaligned. (17000 bp)
		Unaligned bases: 17000  total: 1552686

CONTIG: contig263 (11340bp)
		This contig is unaligned. (11340 bp)
		Unaligned bases: 11340  total: 1564026

CONTIG: contig262 (1826bp)
		This contig is unaligned. (1826 bp)
		Unaligned bases: 1826  total: 1565852

CONTIG: contig342 (739bp)
		This contig is unaligned. (739 bp)
		Unaligned bases: 739  total: 1566591

CONTIG: contig615 (3216bp)
Top Length: 3216  Top ID: 100.0
		One align captures most of this contig: 79634 82849 | 3216 1 | 3216 3216 | 100.0 | gi|552530711|ref|NC_007488.2|_Rhodobacter_sphaeroides_2.4.1_plasmid_B__complete_sequence contig615

CONTIG: contig616 (2672bp)
		This contig is unaligned. (2672 bp)
		Unaligned bases: 2672  total: 1569263

CONTIG: contig341 (19524bp)
		This contig is unaligned. (19524 bp)
		Unaligned bases: 19524  total: 1588787

CONTIG: contig346 (556bp)
		This contig is unaligned. (556 bp)
		Unaligned bases: 556  total: 1589343

CONTIG: contig347 (5703bp)
		This contig is unaligned. (5703 bp)
		Unaligned bases: 5703  total: 1595046

CONTIG: contig344 (1870bp)
		This contig is unaligned. (1870 bp)
		Unaligned bases: 1870  total: 1596916

CONTIG: contig345 (9288bp)
		This contig is unaligned. (9288 bp)
		Unaligned bases: 9288  total: 1606204

CONTIG: contig591 (2795bp)
		This contig is unaligned. (2795 bp)
		Unaligned bases: 2795  total: 1608999

CONTIG: contig590 (14224bp)
		This contig is unaligned. (14224 bp)
		Unaligned bases: 14224  total: 1623223

CONTIG: contig614 (1320bp)
Top Length: 1320  Top ID: 100.0
		One align captures most of this contig: 14511 15830 | 1320 1 | 1320 1320 | 100.0 | gi|552530711|ref|NC_007488.2|_Rhodobacter_sphaeroides_2.4.1_plasmid_B__complete_sequence contig614

CONTIG: contig676 (15246bp)
		This contig is unaligned. (15246 bp)
		Unaligned bases: 15246  total: 1638469

CONTIG: contig555 (1852bp)
		This contig is unaligned. (1852 bp)
		Unaligned bases: 1852  total: 1640321

CONTIG: contig617 (20640bp)
		This contig is unaligned. (20640 bp)
		Unaligned bases: 20640  total: 1660961

CONTIG: contig7398 (870bp)
		This contig is unaligned. (870 bp)
		Unaligned bases: 870  total: 1661831

CONTIG: contig610 (998bp)
		This contig is unaligned. (998 bp)
		Unaligned bases: 998  total: 1662829

CONTIG: contig268 (23435bp)
		This contig is unaligned. (23435 bp)
		Unaligned bases: 23435  total: 1686264

CONTIG: contig469 (17750bp)
		This contig is unaligned. (17750 bp)
		Unaligned bases: 17750  total: 1704014

CONTIG: contig468 (7504bp)
		This contig is unaligned. (7504 bp)
		Unaligned bases: 7504  total: 1711518

CONTIG: contig599 (1053bp)
		This contig is unaligned. (1053 bp)
		Unaligned bases: 1053  total: 1712571

CONTIG: contig677 (8188bp)
		This contig is unaligned. (8188 bp)
		Unaligned bases: 8188  total: 1720759

CONTIG: contig463 (9775bp)
		This contig is unaligned. (9775 bp)
		Unaligned bases: 9775  total: 1730534

CONTIG: contig462 (31129bp)
		This contig is unaligned. (31129 bp)
		Unaligned bases: 31129  total: 1761663

CONTIG: contig461 (4704bp)
		This contig is unaligned. (4704 bp)
		Unaligned bases: 4704  total: 1766367

CONTIG: contig460 (4153bp)
		This contig is unaligned. (4153 bp)
		Unaligned bases: 4153  total: 1770520

CONTIG: contig467 (6640bp)
		This contig is unaligned. (6640 bp)
		Unaligned bases: 6640  total: 1777160

CONTIG: contig466 (943bp)
		This contig is unaligned. (943 bp)
		Unaligned bases: 943  total: 1778103

CONTIG: contig465 (10028bp)
		This contig is unaligned. (10028 bp)
		Unaligned bases: 10028  total: 1788131

CONTIG: contig464 (4873bp)
		This contig is unaligned. (4873 bp)
		Unaligned bases: 4873  total: 1793004

CONTIG: contig7418 (1529bp)
		This contig is unaligned. (1529 bp)
		Unaligned bases: 1529  total: 1794533

CONTIG: contig7419 (1671bp)
		This contig is unaligned. (1671 bp)
		Unaligned bases: 1671  total: 1796204

CONTIG: contig7410 (1166bp)
		This contig is unaligned. (1166 bp)
		Unaligned bases: 1166  total: 1797370

CONTIG: contig7411 (1227bp)
		This contig is unaligned. (1227 bp)
		Unaligned bases: 1227  total: 1798597

CONTIG: contig7412 (1160bp)
		This contig is unaligned. (1160 bp)
		Unaligned bases: 1160  total: 1799757

CONTIG: contig7413 (1232bp)
		This contig is unaligned. (1232 bp)
		Unaligned bases: 1232  total: 1800989

CONTIG: contig7414 (1302bp)
		This contig is unaligned. (1302 bp)
		Unaligned bases: 1302  total: 1802291

CONTIG: contig7415 (1321bp)
		This contig is unaligned. (1321 bp)
		Unaligned bases: 1321  total: 1803612

CONTIG: contig7416 (1337bp)
		This contig is unaligned. (1337 bp)
		Unaligned bases: 1337  total: 1804949

CONTIG: contig7417 (1388bp)
		This contig is unaligned. (1388 bp)
		Unaligned bases: 1388  total: 1806337

CONTIG: contig7388 (728bp)
		This contig is unaligned. (728 bp)
		Unaligned bases: 728  total: 1807065

CONTIG: contig7389 (701bp)
Top Length: 701  Top ID: 99.86
		One align captures most of this contig: 28280 28980 | 1 701 | 701 701 | 99.86 | gi|552530711|ref|NC_007488.2|_Rhodobacter_sphaeroides_2.4.1_plasmid_B__complete_sequence contig7389

CONTIG: contig7380 (616bp)
Top Length: 616  Top ID: 100.0
		One align captures most of this contig: 66367 66982 | 1 616 | 616 616 | 100.0 | gi|552530711|ref|NC_007488.2|_Rhodobacter_sphaeroides_2.4.1_plasmid_B__complete_sequence contig7380

CONTIG: contig7381 (635bp)
Top Length: 635  Top ID: 100.0
		One align captures most of this contig: 52296 52930 | 635 1 | 635 635 | 100.0 | gi|552530711|ref|NC_007488.2|_Rhodobacter_sphaeroides_2.4.1_plasmid_B__complete_sequence contig7381

CONTIG: contig7382 (644bp)
		This contig is unaligned. (644 bp)
		Unaligned bases: 644  total: 1807709

CONTIG: contig7383 (564bp)
		This contig is unaligned. (564 bp)
		Unaligned bases: 564  total: 1808273

CONTIG: contig7384 (645bp)
		This contig is unaligned. (645 bp)
		Unaligned bases: 645  total: 1808918

CONTIG: contig7385 (603bp)
		This contig is unaligned. (603 bp)
		Unaligned bases: 603  total: 1809521

CONTIG: contig7386 (627bp)
		This contig is unaligned. (627 bp)
		Unaligned bases: 627  total: 1810148

CONTIG: contig7387 (681bp)
		This contig is unaligned. (681 bp)
		Unaligned bases: 681  total: 1810829

CONTIG: contig17 (13618bp)
		This contig is unaligned. (13618 bp)
		Unaligned bases: 13618  total: 1824447

CONTIG: contig16 (937bp)
		This contig is unaligned. (937 bp)
		Unaligned bases: 937  total: 1825384

CONTIG: contig14 (9666bp)
		This contig is unaligned. (9666 bp)
		Unaligned bases: 9666  total: 1835050

CONTIG: contig399 (1532bp)
		This contig is unaligned. (1532 bp)
		Unaligned bases: 1532  total: 1836582

CONTIG: contig398 (17012bp)
		This contig is unaligned. (17012 bp)
		Unaligned bases: 17012  total: 1853594

CONTIG: contig11 (23916bp)
		This contig is unaligned. (23916 bp)
		Unaligned bases: 23916  total: 1877510

CONTIG: contig10 (846bp)
		This contig is unaligned. (846 bp)
		Unaligned bases: 846  total: 1878356

CONTIG: contig395 (2422bp)
		This contig is unaligned. (2422 bp)
		Unaligned bases: 2422  total: 1880778

CONTIG: contig394 (2024bp)
		This contig is unaligned. (2024 bp)
		Unaligned bases: 2024  total: 1882802

CONTIG: contig397 (10906bp)
		This contig is unaligned. (10906 bp)
		Unaligned bases: 10906  total: 1893708

CONTIG: contig396 (5258bp)
		This contig is unaligned. (5258 bp)
		Unaligned bases: 5258  total: 1898966

CONTIG: contig391 (2416bp)
		This contig is unaligned. (2416 bp)
		Unaligned bases: 2416  total: 1901382

CONTIG: contig390 (3583bp)
		This contig is unaligned. (3583 bp)
		Unaligned bases: 3583  total: 1904965

CONTIG: contig19 (2096bp)
		This contig is unaligned. (2096 bp)
		Unaligned bases: 2096  total: 1907061

CONTIG: contig329 (24997bp)
		This contig is unaligned. (24997 bp)
		Unaligned bases: 24997  total: 1932058

CONTIG: contig764 (5669bp)
		This contig is unaligned. (5669 bp)
		Unaligned bases: 5669  total: 1937727

CONTIG: contig768 (6968bp)
		This contig is unaligned. (6968 bp)
		Unaligned bases: 6968  total: 1944695

CONTIG: contig162 (866bp)
		This contig is unaligned. (866 bp)
		Unaligned bases: 866  total: 1945561

CONTIG: contig163 (650bp)
		This contig is unaligned. (650 bp)
		Unaligned bases: 650  total: 1946211

CONTIG: contig160 (5169bp)
		This contig is unaligned. (5169 bp)
		Unaligned bases: 5169  total: 1951380

CONTIG: contig161 (8016bp)
		This contig is unaligned. (8016 bp)
		Unaligned bases: 8016  total: 1959396

CONTIG: contig88 (1140bp)
		This contig is unaligned. (1140 bp)
		Unaligned bases: 1140  total: 1960536

CONTIG: contig167 (1838bp)
Top Length: 1838  Top ID: 100.0
		One align captures most of this contig: 48858 50695 | 1838 1 | 1838 1838 | 100.0 | gi|552530711|ref|NC_007488.2|_Rhodobacter_sphaeroides_2.4.1_plasmid_B__complete_sequence contig167

CONTIG: contig165 (838bp)
		This contig is unaligned. (838 bp)
		Unaligned bases: 838  total: 1961374

CONTIG: contig84 (16274bp)
		This contig is unaligned. (16274 bp)
		Unaligned bases: 16274  total: 1977648

CONTIG: contig85 (2694bp)
		This contig is unaligned. (2694 bp)
		Unaligned bases: 2694  total: 1980342

CONTIG: contig168 (3819bp)
		This contig is unaligned. (3819 bp)
		Unaligned bases: 3819  total: 1984161

CONTIG: contig169 (15496bp)
		This contig is unaligned. (15496 bp)
		Unaligned bases: 15496  total: 1999657

CONTIG: contig83 (28886bp)
		This contig is unaligned. (28886 bp)
		Unaligned bases: 28886  total: 2028543

CONTIG: contig625 (3973bp)
		This contig is unaligned. (3973 bp)
		Unaligned bases: 3973  total: 2032516

CONTIG: contig624 (1231bp)
		This contig is unaligned. (1231 bp)
		Unaligned bases: 1231  total: 2033747

CONTIG: contig627 (5820bp)
		This contig is unaligned. (5820 bp)
		Unaligned bases: 5820  total: 2039567

CONTIG: contig283 (24610bp)
		This contig is unaligned. (24610 bp)
		Unaligned bases: 24610  total: 2064177

CONTIG: contig621 (2036bp)
Top Length: 2030  Top ID: 100.0
		One align captures most of this contig: 71594 73623 | 2030 1 | 2030 2030 | 100.0 | gi|552530711|ref|NC_007488.2|_Rhodobacter_sphaeroides_2.4.1_plasmid_B__complete_sequence contig621

CONTIG: contig620 (897bp)
		This contig is unaligned. (897 bp)
		Unaligned bases: 897  total: 2065074

CONTIG: contig623 (4445bp)
		This contig is unaligned. (4445 bp)
		Unaligned bases: 4445  total: 2069519

CONTIG: contig622 (6900bp)
		This contig is unaligned. (6900 bp)
		Unaligned bases: 6900  total: 2076419

CONTIG: contig781 (6972bp)
		This contig is unaligned. (6972 bp)
		Unaligned bases: 6972  total: 2083391

CONTIG: contig629 (1037bp)
		This contig is unaligned. (1037 bp)
		Unaligned bases: 1037  total: 2084428

CONTIG: contig628 (12646bp)
		This contig is unaligned. (12646 bp)
		Unaligned bases: 12646  total: 2097074

CONTIG: contig289 (5310bp)
		This contig is unaligned. (5310 bp)
		Unaligned bases: 5310  total: 2102384

CONTIG: contig531 (1494bp)
		This contig is unaligned. (1494 bp)
		Unaligned bases: 1494  total: 2103878

CONTIG: contig711 (2483bp)
		This contig is unaligned. (2483 bp)
		Unaligned bases: 2483  total: 2106361

CONTIG: contig307 (687bp)
		This contig is unaligned. (687 bp)
		Unaligned bases: 687  total: 2107048

CONTIG: contig304 (3900bp)
		This contig is unaligned. (3900 bp)
		Unaligned bases: 3900  total: 2110948

CONTIG: contig305 (3247bp)
		This contig is unaligned. (3247 bp)
		Unaligned bases: 3247  total: 2114195

CONTIG: contig302 (859bp)
		This contig is unaligned. (859 bp)
		Unaligned bases: 859  total: 2115054

CONTIG: contig303 (1153bp)
		This contig is unaligned. (1153 bp)
		Unaligned bases: 1153  total: 2116207

CONTIG: contig300 (5037bp)
		This contig is unaligned. (5037 bp)
		Unaligned bases: 5037  total: 2121244

CONTIG: contig600 (2513bp)
		This contig is unaligned. (2513 bp)
		Unaligned bases: 2513  total: 2123757

CONTIG: contig719 (5190bp)
		This contig is unaligned. (5190 bp)
		Unaligned bases: 5190  total: 2128947

CONTIG: contig718 (4087bp)
		This contig is unaligned. (4087 bp)
		Unaligned bases: 4087  total: 2133034

CONTIG: contig308 (23530bp)
		This contig is unaligned. (23530 bp)
		Unaligned bases: 23530  total: 2156564

CONTIG: contig309 (2821bp)
		This contig is unaligned. (2821 bp)
		Unaligned bases: 2821  total: 2159385

CONTIG: contig430 (9321bp)
		This contig is unaligned. (9321 bp)
		Unaligned bases: 9321  total: 2168706

CONTIG: contig431 (10993bp)
		This contig is unaligned. (10993 bp)
		Unaligned bases: 10993  total: 2179699

CONTIG: contig432 (12240bp)
		This contig is unaligned. (12240 bp)
		Unaligned bases: 12240  total: 2191939

CONTIG: contig434 (25964bp)
		This contig is unaligned. (25964 bp)
		Unaligned bases: 25964  total: 2217903

CONTIG: contig435 (8957bp)
		This contig is unaligned. (8957 bp)
		Unaligned bases: 8957  total: 2226860

CONTIG: contig436 (16382bp)
		This contig is unaligned. (16382 bp)
		Unaligned bases: 16382  total: 2243242

CONTIG: contig437 (11128bp)
		This contig is unaligned. (11128 bp)
		Unaligned bases: 11128  total: 2254370

CONTIG: contig438 (7917bp)
		This contig is unaligned. (7917 bp)
		Unaligned bases: 7917  total: 2262287

CONTIG: contig439 (851bp)
		This contig is unaligned. (851 bp)
		Unaligned bases: 851  total: 2263138

CONTIG: contig533 (8796bp)
		This contig is unaligned. (8796 bp)
		Unaligned bases: 8796  total: 2271934

CONTIG: contig532 (1054bp)
		This contig is unaligned. (1054 bp)
		Unaligned bases: 1054  total: 2272988

CONTIG: contig535 (4598bp)
		This contig is unaligned. (4598 bp)
		Unaligned bases: 4598  total: 2277586

CONTIG: contig534 (616bp)
		This contig is unaligned. (616 bp)
		Unaligned bases: 616  total: 2278202

CONTIG: contig537 (18548bp)
		This contig is unaligned. (18548 bp)
		Unaligned bases: 18548  total: 2296750

CONTIG: contig536 (15950bp)
		This contig is unaligned. (15950 bp)
		Unaligned bases: 15950  total: 2312700

CONTIG: contig266 (20357bp)
		This contig is unaligned. (20357 bp)
		Unaligned bases: 20357  total: 2333057

CONTIG: contig602 (3069bp)
		This contig is unaligned. (3069 bp)
		Unaligned bases: 3069  total: 2336126

CONTIG: contig238 (1524bp)
		This contig is unaligned. (1524 bp)
		Unaligned bases: 1524  total: 2337650

CONTIG: contig239 (2235bp)
		This contig is unaligned. (2235 bp)
		Unaligned bases: 2235  total: 2339885

CONTIG: contig548 (3689bp)
		This contig is unaligned. (3689 bp)
		Unaligned bases: 3689  total: 2343574

CONTIG: contig549 (2827bp)
		This contig is unaligned. (2827 bp)
		Unaligned bases: 2827  total: 2346401

CONTIG: contig232 (1750bp)
		This contig is unaligned. (1750 bp)
		Unaligned bases: 1750  total: 2348151

CONTIG: contig233 (4813bp)
		This contig is unaligned. (4813 bp)
		Unaligned bases: 4813  total: 2352964

CONTIG: contig230 (20648bp)
		This contig is unaligned. (20648 bp)
		Unaligned bases: 20648  total: 2373612

CONTIG: contig231 (8102bp)
		This contig is unaligned. (8102 bp)
		Unaligned bases: 8102  total: 2381714

CONTIG: contig236 (4461bp)
Top Length: 4461  Top ID: 99.89
		One align captures most of this contig: 23816 28276 | 4461 1 | 4461 4461 | 99.89 | gi|552530711|ref|NC_007488.2|_Rhodobacter_sphaeroides_2.4.1_plasmid_B__complete_sequence contig236

CONTIG: contig237 (4133bp)
Top Length: 4127  Top ID: 98.23
		One align captures most of this contig: 19858 23912 | 4127 1 | 4055 4127 | 98.23 | gi|552530711|ref|NC_007488.2|_Rhodobacter_sphaeroides_2.4.1_plasmid_B__complete_sequence contig237

CONTIG: contig235 (7319bp)
		This contig is unaligned. (7319 bp)
		Unaligned bases: 7319  total: 2389033

CONTIG: contig519 (6557bp)
		This contig is unaligned. (6557 bp)
		Unaligned bases: 6557  total: 2395590

CONTIG: contig518 (7924bp)
		This contig is unaligned. (7924 bp)
		Unaligned bases: 7924  total: 2403514

CONTIG: contig722 (3167bp)
		This contig is unaligned. (3167 bp)
		Unaligned bases: 3167  total: 2406681

CONTIG: contig660 (6651bp)
		This contig is unaligned. (6651 bp)
		Unaligned bases: 6651  total: 2413332

CONTIG: contig18 (2147bp)
		This contig is unaligned. (2147 bp)
		Unaligned bases: 2147  total: 2415479

CONTIG: contig510 (1556bp)
		This contig is unaligned. (1556 bp)
		Unaligned bases: 1556  total: 2417035

CONTIG: contig129 (17188bp)
		This contig is unaligned. (17188 bp)
		Unaligned bases: 17188  total: 2434223

CONTIG: contig126 (932bp)
		This contig is unaligned. (932 bp)
		Unaligned bases: 932  total: 2435155

CONTIG: contig127 (1006bp)
		This contig is unaligned. (1006 bp)
		Unaligned bases: 1006  total: 2436161

CONTIG: contig124 (3071bp)
		This contig is unaligned. (3071 bp)
		Unaligned bases: 3071  total: 2439232

CONTIG: contig125 (891bp)
		This contig is unaligned. (891 bp)
		Unaligned bases: 891  total: 2440123

CONTIG: contig122 (2878bp)
		This contig is unaligned. (2878 bp)
		Unaligned bases: 2878  total: 2443001

CONTIG: contig120 (3060bp)
		This contig is unaligned. (3060 bp)
		Unaligned bases: 3060  total: 2446061

CONTIG: contig121 (36585bp)
		This contig is unaligned. (36585 bp)
		Unaligned bases: 36585  total: 2482646

CONTIG: contig68 (13686bp)
		This contig is unaligned. (13686 bp)
		Unaligned bases: 13686  total: 2496332

CONTIG: contig69 (1027bp)
		This contig is unaligned. (1027 bp)
		Unaligned bases: 1027  total: 2497359

CONTIG: contig67 (6734bp)
Top Length: 6734  Top ID: 100.0
		One align captures most of this contig: 102936 109669 | 1 6734 | 6734 6734 | 100.0 | gi|552530711|ref|NC_007488.2|_Rhodobacter_sphaeroides_2.4.1_plasmid_B__complete_sequence contig67

CONTIG: contig64 (802bp)
		This contig is unaligned. (802 bp)
		Unaligned bases: 802  total: 2498161

CONTIG: contig65 (3334bp)
		This contig is unaligned. (3334 bp)
		Unaligned bases: 3334  total: 2501495

CONTIG: contig63 (684bp)
		This contig is unaligned. (684 bp)
		Unaligned bases: 684  total: 2502179

CONTIG: contig60 (11302bp)
		This contig is unaligned. (11302 bp)
		Unaligned bases: 11302  total: 2513481

CONTIG: contig61 (9421bp)
		This contig is unaligned. (9421 bp)
		Unaligned bases: 9421  total: 2522902

CONTIG: contig694 (19659bp)
		This contig is unaligned. (19659 bp)
		Unaligned bases: 19659  total: 2542561

CONTIG: contig492 (6202bp)
		This contig is unaligned. (6202 bp)
		Unaligned bases: 6202  total: 2548763

CONTIG: contig696 (2482bp)
		This contig is unaligned. (2482 bp)
		Unaligned bases: 2482  total: 2551245

CONTIG: contig697 (1703bp)
Top Length: 1703  Top ID: 100.0
		One align captures most of this contig: 67095 68797 | 1703 1 | 1703 1703 | 100.0 | gi|552530711|ref|NC_007488.2|_Rhodobacter_sphaeroides_2.4.1_plasmid_B__complete_sequence contig697

CONTIG: contig690 (8059bp)
		This contig is unaligned. (8059 bp)
		Unaligned bases: 8059  total: 2559304

CONTIG: contig691 (4045bp)
		This contig is unaligned. (4045 bp)
		Unaligned bases: 4045  total: 2563349

CONTIG: contig692 (2522bp)
		This contig is unaligned. (2522 bp)
		Unaligned bases: 2522  total: 2565871

CONTIG: contig493 (6262bp)
		This contig is unaligned. (6262 bp)
		Unaligned bases: 6262  total: 2572133

CONTIG: contig757 (6303bp)
		This contig is unaligned. (6303 bp)
		Unaligned bases: 6303  total: 2578436

CONTIG: contig648 (8583bp)
		This contig is unaligned. (8583 bp)
		Unaligned bases: 8583  total: 2587019

CONTIG: contig698 (18659bp)
		This contig is unaligned. (18659 bp)
		Unaligned bases: 18659  total: 2605678

CONTIG: contig559 (6379bp)
		This contig is unaligned. (6379 bp)
		Unaligned bases: 6379  total: 2612057

CONTIG: contig558 (2643bp)
		This contig is unaligned. (2643 bp)
		Unaligned bases: 2643  total: 2614700

CONTIG: contig192 (12870bp)
		This contig is unaligned. (12870 bp)
		Unaligned bases: 12870  total: 2627570

CONTIG: contig190 (25575bp)
		This contig is unaligned. (25575 bp)
		Unaligned bases: 25575  total: 2653145

CONTIG: contig196 (13291bp)
		This contig is unaligned. (13291 bp)
		Unaligned bases: 13291  total: 2666436

CONTIG: contig195 (1099bp)
		This contig is unaligned. (1099 bp)
		Unaligned bases: 1099  total: 2667535

CONTIG: contig194 (5840bp)
		This contig is unaligned. (5840 bp)
		Unaligned bases: 5840  total: 2673375

CONTIG: contig575 (12383bp)
		This contig is unaligned. (12383 bp)
		Unaligned bases: 12383  total: 2685758

CONTIG: contig574 (23435bp)
		This contig is unaligned. (23435 bp)
		Unaligned bases: 23435  total: 2709193

CONTIG: contig577 (1101bp)
		This contig is unaligned. (1101 bp)
		Unaligned bases: 1101  total: 2710294

CONTIG: contig679 (3027bp)
		This contig is unaligned. (3027 bp)
		Unaligned bases: 3027  total: 2713321

CONTIG: contig571 (4000bp)
		This contig is unaligned. (4000 bp)
		Unaligned bases: 4000  total: 2717321

CONTIG: contig151 (726bp)
		This contig is unaligned. (726 bp)
		Unaligned bases: 726  total: 2718047

CONTIG: contig573 (9191bp)
		This contig is unaligned. (9191 bp)
		Unaligned bases: 9191  total: 2727238

CONTIG: contig572 (2968bp)
		This contig is unaligned. (2968 bp)
		Unaligned bases: 2968  total: 2730206

CONTIG: contig672 (2513bp)
		This contig is unaligned. (2513 bp)
		Unaligned bases: 2513  total: 2732719

CONTIG: contig673 (2131bp)
		This contig is unaligned. (2131 bp)
		Unaligned bases: 2131  total: 2734850

CONTIG: contig670 (4064bp)
		This contig is unaligned. (4064 bp)
		Unaligned bases: 4064  total: 2738914

CONTIG: contig671 (9848bp)
		This contig is unaligned. (9848 bp)
		Unaligned bases: 9848  total: 2748762

CONTIG: contig579 (7294bp)
		This contig is unaligned. (7294 bp)
		Unaligned bases: 7294  total: 2756056

CONTIG: contig578 (10101bp)
		This contig is unaligned. (10101 bp)
		Unaligned bases: 10101  total: 2766157

CONTIG: contig661 (14690bp)
		This contig is unaligned. (14690 bp)
		Unaligned bases: 14690  total: 2780847

CONTIG: contig675 (8990bp)
		This contig is unaligned. (8990 bp)
		Unaligned bases: 8990  total: 2789837

CONTIG: contig553 (1915bp)
		This contig is unaligned. (1915 bp)
		Unaligned bases: 1915  total: 2791752

CONTIG: contig641 (4516bp)
		This contig is unaligned. (4516 bp)
		Unaligned bases: 4516  total: 2796268

CONTIG: contig552 (784bp)
		This contig is unaligned. (784 bp)
		Unaligned bases: 784  total: 2797052

CONTIG: contig640 (1052bp)
		This contig is unaligned. (1052 bp)
		Unaligned bases: 1052  total: 2798104

CONTIG: contig498 (3517bp)
		This contig is unaligned. (3517 bp)
		Unaligned bases: 3517  total: 2801621

CONTIG: contig588 (2588bp)
		This contig is unaligned. (2588 bp)
		Unaligned bases: 2588  total: 2804209

CONTIG: contig589 (6863bp)
		This contig is unaligned. (6863 bp)
		Unaligned bases: 6863  total: 2811072

CONTIG: contig580 (2502bp)
		This contig is unaligned. (2502 bp)
		Unaligned bases: 2502  total: 2813574

CONTIG: contig557 (7370bp)
		This contig is unaligned. (7370 bp)
		Unaligned bases: 7370  total: 2820944

CONTIG: contig582 (6816bp)
		This contig is unaligned. (6816 bp)
		Unaligned bases: 6816  total: 2827760

CONTIG: contig583 (4766bp)
		This contig is unaligned. (4766 bp)
		Unaligned bases: 4766  total: 2832526

CONTIG: contig584 (13945bp)
		This contig is unaligned. (13945 bp)
		Unaligned bases: 13945  total: 2846471

CONTIG: contig585 (12235bp)
		This contig is unaligned. (12235 bp)
		Unaligned bases: 12235  total: 2858706

CONTIG: contig586 (1001bp)
		This contig is unaligned. (1001 bp)
		Unaligned bases: 1001  total: 2859707

CONTIG: contig556 (1008bp)
		This contig is unaligned. (1008 bp)
		Unaligned bases: 1008  total: 2860715

CONTIG: contig276 (20953bp)
		This contig is unaligned. (20953 bp)
		Unaligned bases: 20953  total: 2881668

CONTIG: contig277 (3392bp)
		This contig is unaligned. (3392 bp)
		Unaligned bases: 3392  total: 2885060

CONTIG: contig274 (13367bp)
		This contig is unaligned. (13367 bp)
		Unaligned bases: 13367  total: 2898427

CONTIG: contig275 (6636bp)
		This contig is unaligned. (6636 bp)
		Unaligned bases: 6636  total: 2905063

CONTIG: contig272 (1618bp)
		This contig is unaligned. (1618 bp)
		Unaligned bases: 1618  total: 2906681

CONTIG: contig273 (3936bp)
		This contig is unaligned. (3936 bp)
		Unaligned bases: 3936  total: 2910617

CONTIG: contig270 (5356bp)
		This contig is unaligned. (5356 bp)
		Unaligned bases: 5356  total: 2915973

CONTIG: contig378 (1428bp)
Top Length: 1428  Top ID: 99.93
		One align captures most of this contig: 54036 55463 | 1428 1 | 1428 1428 | 99.93 | gi|552530711|ref|NC_007488.2|_Rhodobacter_sphaeroides_2.4.1_plasmid_B__complete_sequence contig378

CONTIG: contig377 (1713bp)
		This contig is unaligned. (1713 bp)
		Unaligned bases: 1713  total: 2917686

CONTIG: contig376 (1602bp)
Top Length: 1591  Top ID: 99.87
		One align captures most of this contig: 55628 57218 | 1591 1 | 1591 1591 | 99.87 | gi|552530711|ref|NC_007488.2|_Rhodobacter_sphaeroides_2.4.1_plasmid_B__complete_sequence contig376

CONTIG: contig375 (2365bp)
		This contig is unaligned. (2365 bp)
		Unaligned bases: 2365  total: 2920051

CONTIG: contig554 (2008bp)
		This contig is unaligned. (2008 bp)
		Unaligned bases: 2008  total: 2922059

CONTIG: contig373 (5051bp)
		This contig is unaligned. (5051 bp)
		Unaligned bases: 5051  total: 2927110

CONTIG: contig372 (5686bp)
		This contig is unaligned. (5686 bp)
		Unaligned bases: 5686  total: 2932796

CONTIG: contig371 (757bp)
		This contig is unaligned. (757 bp)
		Unaligned bases: 757  total: 2933553

CONTIG: contig370 (7044bp)
		This contig is unaligned. (7044 bp)
		Unaligned bases: 7044  total: 2940597

CONTIG: contig409 (3557bp)
		This contig is unaligned. (3557 bp)
		Unaligned bases: 3557  total: 2944154

CONTIG: contig408 (8682bp)
		This contig is unaligned. (8682 bp)
		Unaligned bases: 8682  total: 2952836

CONTIG: contig401 (1097bp)
		This contig is unaligned. (1097 bp)
		Unaligned bases: 1097  total: 2953933

CONTIG: contig400 (1612bp)
		This contig is unaligned. (1612 bp)
		Unaligned bases: 1612  total: 2955545

CONTIG: contig403 (2251bp)
		This contig is unaligned. (2251 bp)
		Unaligned bases: 2251  total: 2957796

CONTIG: contig402 (535bp)
		This contig is unaligned. (535 bp)
		Unaligned bases: 535  total: 2958331

CONTIG: contig405 (18148bp)
		This contig is unaligned. (18148 bp)
		Unaligned bases: 18148  total: 2976479

CONTIG: contig404 (1494bp)
		This contig is unaligned. (1494 bp)
		Unaligned bases: 1494  total: 2977973

CONTIG: contig407 (1115bp)
		This contig is unaligned. (1115 bp)
		Unaligned bases: 1115  total: 2979088

CONTIG: contig406 (937bp)
		This contig is unaligned. (937 bp)
		Unaligned bases: 937  total: 2980025

CONTIG: contig210 (9508bp)
		This contig is unaligned. (9508 bp)
		Unaligned bases: 9508  total: 2989533

CONTIG: contig358 (28723bp)
		This contig is unaligned. (28723 bp)
		Unaligned bases: 28723  total: 3018256

CONTIG: contig609 (1238bp)
		This contig is unaligned. (1238 bp)
		Unaligned bases: 1238  total: 3019494

CONTIG: contig608 (4228bp)
		This contig is unaligned. (4228 bp)
		Unaligned bases: 4228  total: 3023722

CONTIG: contig478 (6672bp)
		This contig is unaligned. (6672 bp)
		Unaligned bases: 6672  total: 3030394

CONTIG: contig479 (1068bp)
		This contig is unaligned. (1068 bp)
		Unaligned bases: 1068  total: 3031462

CONTIG: contig474 (4798bp)
		This contig is unaligned. (4798 bp)
		Unaligned bases: 4798  total: 3036260

CONTIG: contig475 (1057bp)
		This contig is unaligned. (1057 bp)
		Unaligned bases: 1057  total: 3037317

CONTIG: contig476 (7063bp)
		This contig is unaligned. (7063 bp)
		Unaligned bases: 7063  total: 3044380

CONTIG: contig477 (5841bp)
		This contig is unaligned. (5841 bp)
		Unaligned bases: 5841  total: 3050221

CONTIG: contig470 (15690bp)
		This contig is unaligned. (15690 bp)
		Unaligned bases: 15690  total: 3065911

CONTIG: contig471 (15887bp)
		This contig is unaligned. (15887 bp)
		Unaligned bases: 15887  total: 3081798

CONTIG: contig472 (25015bp)
		This contig is unaligned. (25015 bp)
		Unaligned bases: 25015  total: 3106813

CONTIG: contig473 (982bp)
		This contig is unaligned. (982 bp)
		Unaligned bases: 982  total: 3107795

CONTIG: contig7409 (1199bp)
		This contig is unaligned. (1199 bp)
		Unaligned bases: 1199  total: 3108994

CONTIG: contig7408 (1195bp)
		This contig is unaligned. (1195 bp)
		Unaligned bases: 1195  total: 3110189

CONTIG: contig7407 (1000bp)
		This contig is unaligned. (1000 bp)
		Unaligned bases: 1000  total: 3111189

CONTIG: contig7406 (1142bp)
		This contig is unaligned. (1142 bp)
		Unaligned bases: 1142  total: 3112331

CONTIG: contig7405 (1094bp)
		This contig is unaligned. (1094 bp)
		Unaligned bases: 1094  total: 3113425

CONTIG: contig7404 (1038bp)
		This contig is unaligned. (1038 bp)
		Unaligned bases: 1038  total: 3114463

CONTIG: contig7403 (915bp)
		This contig is unaligned. (915 bp)
		Unaligned bases: 915  total: 3115378

CONTIG: contig7402 (964bp)
		This contig is unaligned. (964 bp)
		Unaligned bases: 964  total: 3116342

CONTIG: contig7401 (923bp)
		This contig is unaligned. (923 bp)
		Unaligned bases: 923  total: 3117265

CONTIG: contig7400 (938bp)
Top Length: 938  Top ID: 100.0
		One align captures most of this contig: 52932 53869 | 938 1 | 938 938 | 100.0 | gi|552530711|ref|NC_007488.2|_Rhodobacter_sphaeroides_2.4.1_plasmid_B__complete_sequence contig7400

CONTIG: contig603 (26314bp)
		This contig is unaligned. (26314 bp)
		Unaligned bases: 26314  total: 3143579

CONTIG: contig7399 (921bp)
		This contig is unaligned. (921 bp)
		Unaligned bases: 921  total: 3144500

CONTIG: contig350 (4981bp)
		This contig is unaligned. (4981 bp)
		Unaligned bases: 4981  total: 3149481

CONTIG: contig7397 (863bp)
		This contig is unaligned. (863 bp)
		Unaligned bases: 863  total: 3150344

CONTIG: contig7396 (768bp)
		This contig is unaligned. (768 bp)
		Unaligned bases: 768  total: 3151112

CONTIG: contig7395 (829bp)
		This contig is unaligned. (829 bp)
		Unaligned bases: 829  total: 3151941

CONTIG: contig7394 (791bp)
		This contig is unaligned. (791 bp)
		Unaligned bases: 791  total: 3152732

CONTIG: contig7393 (706bp)
		This contig is unaligned. (706 bp)
		Unaligned bases: 706  total: 3153438

CONTIG: contig601 (13693bp)
		This contig is unaligned. (13693 bp)
		Unaligned bases: 13693  total: 3167131

CONTIG: contig7391 (680bp)
Top Length: 680  Top ID: 100.0
		One align captures most of this contig: 88163 88842 | 1 680 | 680 680 | 100.0 | gi|552530711|ref|NC_007488.2|_Rhodobacter_sphaeroides_2.4.1_plasmid_B__complete_sequence contig7391

CONTIG: contig7390 (720bp)
		This contig is unaligned. (720 bp)
		Unaligned bases: 720  total: 3167851

CONTIG: contig352 (5078bp)
		This contig is unaligned. (5078 bp)
		Unaligned bases: 5078  total: 3172929

CONTIG: contig607 (1459bp)
		This contig is unaligned. (1459 bp)
		Unaligned bases: 1459  total: 3174388

CONTIG: contig606 (4506bp)
		This contig is unaligned. (4506 bp)
		Unaligned bases: 4506  total: 3178894

CONTIG: contig605 (3619bp)
		This contig is unaligned. (3619 bp)
		Unaligned bases: 3619  total: 3182513

CONTIG: contig604 (7916bp)
		This contig is unaligned. (7916 bp)
		Unaligned bases: 7916  total: 3190429

CONTIG: contig28 (4991bp)
		This contig is unaligned. (4991 bp)
		Unaligned bases: 4991  total: 3195420

CONTIG: contig22 (3058bp)
		This contig is unaligned. (3058 bp)
		Unaligned bases: 3058  total: 3198478

CONTIG: contig23 (1249bp)
Top Length: 1249  Top ID: 99.84
		One align captures most of this contig: 43293 44541 | 1 1249 | 1249 1249 | 99.84 | gi|552530711|ref|NC_007488.2|_Rhodobacter_sphaeroides_2.4.1_plasmid_B__complete_sequence contig23

CONTIG: contig20 (568bp)
		This contig is unaligned. (568 bp)
		Unaligned bases: 568  total: 3199046

CONTIG: contig21 (4035bp)
		This contig is unaligned. (4035 bp)
		Unaligned bases: 4035  total: 3203081

CONTIG: contig26 (23880bp)
		This contig is unaligned. (23880 bp)
		Unaligned bases: 23880  total: 3226961

CONTIG: contig27 (3242bp)
		This contig is unaligned. (3242 bp)
		Unaligned bases: 3242  total: 3230203

CONTIG: contig24 (510bp)
Top Length: 510  Top ID: 99.61
		One align captures most of this contig: 44516 45025 | 1 510 | 510 510 | 99.61 | gi|552530711|ref|NC_007488.2|_Rhodobacter_sphaeroides_2.4.1_plasmid_B__complete_sequence contig24

CONTIG: contig25 (3823bp)
Top Length: 3823  Top ID: 100.0
		One align captures most of this contig: 44938 48760 | 1 3823 | 3823 3823 | 100.0 | gi|552530711|ref|NC_007488.2|_Rhodobacter_sphaeroides_2.4.1_plasmid_B__complete_sequence contig25

CONTIG: contig388 (521bp)
		This contig is unaligned. (521 bp)
		Unaligned bases: 521  total: 3230724

CONTIG: contig389 (10261bp)
		This contig is unaligned. (10261 bp)
		Unaligned bases: 10261  total: 3240985

CONTIG: contig386 (13063bp)
		This contig is unaligned. (13063 bp)
		Unaligned bases: 13063  total: 3254048

CONTIG: contig387 (11326bp)
		This contig is unaligned. (11326 bp)
		Unaligned bases: 11326  total: 3265374

CONTIG: contig384 (5525bp)
		This contig is unaligned. (5525 bp)
		Unaligned bases: 5525  total: 3270899

CONTIG: contig385 (13059bp)
		This contig is unaligned. (13059 bp)
		Unaligned bases: 13059  total: 3283958

CONTIG: contig382 (1482bp)
		This contig is unaligned. (1482 bp)
		Unaligned bases: 1482  total: 3285440

CONTIG: contig383 (6723bp)
		This contig is unaligned. (6723 bp)
		Unaligned bases: 6723  total: 3292163

CONTIG: contig380 (4547bp)
		This contig is unaligned. (4547 bp)
		Unaligned bases: 4547  total: 3296710

CONTIG: contig381 (8387bp)
		This contig is unaligned. (8387 bp)
		Unaligned bases: 8387  total: 3305097

CONTIG: contig156 (11354bp)
		This contig is unaligned. (11354 bp)
		Unaligned bases: 11354  total: 3316451

CONTIG: contig154 (16769bp)
		This contig is unaligned. (16769 bp)
		Unaligned bases: 16769  total: 3333220

CONTIG: contig153 (3387bp)
Top Length: 3387  Top ID: 100.0
		One align captures most of this contig: 109723 113109 | 3387 1 | 3387 3387 | 100.0 | gi|552530711|ref|NC_007488.2|_Rhodobacter_sphaeroides_2.4.1_plasmid_B__complete_sequence contig153

CONTIG: contig152 (1183bp)
Top Length: 1169  Top ID: 99.83
		This contig is partially unaligned. (1169 out of 1183)
		Alignment: 113011 114179 | 1183 15 | 1169 1169 | 99.83 | gi|552530711|ref|NC_007488.2|_Rhodobacter_sphaeroides_2.4.1_plasmid_B__complete_sequence contig152
		Unaligned bases: 1 to 14 (14)

CONTIG: contig99 (5774bp)
		This contig is unaligned. (5774 bp)
		Unaligned bases: 5774  total: 3338994

CONTIG: contig98 (10854bp)
		This contig is unaligned. (10854 bp)
		Unaligned bases: 10854  total: 3349848

CONTIG: contig97 (6041bp)
		This contig is unaligned. (6041 bp)
		Unaligned bases: 6041  total: 3355889

CONTIG: contig94 (11970bp)
		This contig is unaligned. (11970 bp)
		Unaligned bases: 11970  total: 3367859

CONTIG: contig93 (2796bp)
		This contig is unaligned. (2796 bp)
		Unaligned bases: 2796  total: 3370655

CONTIG: contig92 (6606bp)
		This contig is unaligned. (6606 bp)
		Unaligned bases: 6606  total: 3377261

CONTIG: contig91 (2865bp)
		This contig is unaligned. (2865 bp)
		Unaligned bases: 2865  total: 3380126

CONTIG: contig636 (2653bp)
		This contig is unaligned. (2653 bp)
		Unaligned bases: 2653  total: 3382779

CONTIG: contig637 (4519bp)
		This contig is unaligned. (4519 bp)
		Unaligned bases: 4519  total: 3387298

CONTIG: contig634 (23267bp)
		This contig is unaligned. (23267 bp)
		Unaligned bases: 23267  total: 3410565

CONTIG: contig635 (1249bp)
		This contig is unaligned. (1249 bp)
		Unaligned bases: 1249  total: 3411814

CONTIG: contig632 (4534bp)
		This contig is unaligned. (4534 bp)
		Unaligned bases: 4534  total: 3416348

CONTIG: contig633 (6099bp)
		This contig is unaligned. (6099 bp)
		Unaligned bases: 6099  total: 3422447

CONTIG: contig630 (4084bp)
		This contig is unaligned. (4084 bp)
		Unaligned bases: 4084  total: 3426531

CONTIG: contig631 (3328bp)
		This contig is unaligned. (3328 bp)
		Unaligned bases: 3328  total: 3429859

CONTIG: contig685 (12419bp)
		This contig is unaligned. (12419 bp)
		Unaligned bases: 12419  total: 3442278

CONTIG: contig339 (3452bp)
		This contig is unaligned. (3452 bp)
		Unaligned bases: 3452  total: 3445730

CONTIG: contig338 (9902bp)
		This contig is unaligned. (9902 bp)
		Unaligned bases: 9902  total: 3455632

CONTIG: contig333 (17716bp)
		This contig is unaligned. (17716 bp)
		Unaligned bases: 17716  total: 3473348

CONTIG: contig331 (10722bp)
		This contig is unaligned. (10722 bp)
		Unaligned bases: 10722  total: 3484070

CONTIG: contig330 (4050bp)
		This contig is unaligned. (4050 bp)
		Unaligned bases: 4050  total: 3488120

CONTIG: contig337 (25107bp)
		This contig is unaligned. (25107 bp)
		Unaligned bases: 25107  total: 3513227

CONTIG: contig336 (1358bp)
		This contig is unaligned. (1358 bp)
		Unaligned bases: 1358  total: 3514585

CONTIG: contig334 (975bp)
		This contig is unaligned. (975 bp)
		Unaligned bases: 975  total: 3515560

CONTIG: contig702 (8961bp)
		This contig is unaligned. (8961 bp)
		Unaligned bases: 8961  total: 3524521

CONTIG: contig703 (3486bp)
		This contig is unaligned. (3486 bp)
		Unaligned bases: 3486  total: 3528007

CONTIG: contig700 (2947bp)
		This contig is unaligned. (2947 bp)
		Unaligned bases: 2947  total: 3530954

CONTIG: contig701 (2396bp)
		This contig is unaligned. (2396 bp)
		Unaligned bases: 2396  total: 3533350

CONTIG: contig706 (5973bp)
		This contig is unaligned. (5973 bp)
		Unaligned bases: 5973  total: 3539323

CONTIG: contig707 (3945bp)
		This contig is unaligned. (3945 bp)
		Unaligned bases: 3945  total: 3543268

CONTIG: contig704 (1920bp)
		This contig is unaligned. (1920 bp)
		Unaligned bases: 1920  total: 3545188

CONTIG: contig705 (822bp)
		This contig is unaligned. (822 bp)
		Unaligned bases: 822  total: 3546010

CONTIG: contig708 (3027bp)
		This contig is unaligned. (3027 bp)
		Unaligned bases: 3027  total: 3549037

CONTIG: contig159 (3043bp)
		This contig is unaligned. (3043 bp)
		Unaligned bases: 3043  total: 3552080

CONTIG: contig445 (1386bp)
		This contig is unaligned. (1386 bp)
		Unaligned bases: 1386  total: 3553466

CONTIG: contig444 (4375bp)
		This contig is unaligned. (4375 bp)
		Unaligned bases: 4375  total: 3557841

CONTIG: contig447 (40274bp)
		This contig is unaligned. (40274 bp)
		Unaligned bases: 40274  total: 3598115

CONTIG: contig446 (604bp)
		This contig is unaligned. (604 bp)
		Unaligned bases: 604  total: 3598719

CONTIG: contig441 (1692bp)
		This contig is unaligned. (1692 bp)
		Unaligned bases: 1692  total: 3600411

CONTIG: contig440 (4032bp)
		This contig is unaligned. (4032 bp)
		Unaligned bases: 4032  total: 3604443

CONTIG: contig443 (1944bp)
		This contig is unaligned. (1944 bp)
		Unaligned bases: 1944  total: 3606387

CONTIG: contig442 (814bp)
		This contig is unaligned. (814 bp)
		Unaligned bases: 814  total: 3607201

CONTIG: contig522 (2111bp)
		This contig is unaligned. (2111 bp)
		Unaligned bases: 2111  total: 3609312

CONTIG: contig523 (7701bp)
		This contig is unaligned. (7701 bp)
		Unaligned bases: 7701  total: 3617013

CONTIG: contig520 (1110bp)
		This contig is unaligned. (1110 bp)
		Unaligned bases: 1110  total: 3618123

CONTIG: contig521 (6226bp)
		This contig is unaligned. (6226 bp)
		Unaligned bases: 6226  total: 3624349

CONTIG: contig449 (19737bp)
		This contig is unaligned. (19737 bp)
		Unaligned bases: 19737  total: 3644086

CONTIG: contig448 (8960bp)
		This contig is unaligned. (8960 bp)
		Unaligned bases: 8960  total: 3653046

CONTIG: contig524 (8962bp)
		This contig is unaligned. (8962 bp)
		Unaligned bases: 8962  total: 3662008

CONTIG: contig525 (1007bp)
		This contig is unaligned. (1007 bp)
		Unaligned bases: 1007  total: 3663015

CONTIG: contig877 (1470bp)
		This contig is unaligned. (1470 bp)
		Unaligned bases: 1470  total: 3664485

CONTIG: contig878 (7595bp)
		This contig is unaligned. (7595 bp)
		Unaligned bases: 7595  total: 3672080

CONTIG: contig209 (1413bp)
		This contig is unaligned. (1413 bp)
		Unaligned bases: 1413  total: 3673493

CONTIG: contig208 (2682bp)
		This contig is unaligned. (2682 bp)
		Unaligned bases: 2682  total: 3676175

CONTIG: contig207 (2225bp)
		This contig is unaligned. (2225 bp)
		Unaligned bases: 2225  total: 3678400

CONTIG: contig206 (12560bp)
		This contig is unaligned. (12560 bp)
		Unaligned bases: 12560  total: 3690960

CONTIG: contig205 (22232bp)
		This contig is unaligned. (22232 bp)
		Unaligned bases: 22232  total: 3713192

CONTIG: contig204 (4647bp)
		This contig is unaligned. (4647 bp)
		Unaligned bases: 4647  total: 3717839

CONTIG: contig201 (28620bp)
		This contig is unaligned. (28620 bp)
		Unaligned bases: 28620  total: 3746459

CONTIG: contig200 (4663bp)
		This contig is unaligned. (4663 bp)
		Unaligned bases: 4663  total: 3751122

CONTIG: contig530 (8676bp)
		This contig is unaligned. (8676 bp)
		Unaligned bases: 8676  total: 3759798

CONTIG: contig695 (4862bp)
		This contig is unaligned. (4862 bp)
		Unaligned bases: 4862  total: 3764660

CONTIG: contig728 (1167bp)
		This contig is unaligned. (1167 bp)
		Unaligned bases: 1167  total: 3765827

CONTIG: contig709 (1948bp)
		This contig is unaligned. (1948 bp)
		Unaligned bases: 1948  total: 3767775

CONTIG: contig693 (1977bp)
		This contig is unaligned. (1977 bp)
		Unaligned bases: 1977  total: 3769752

CONTIG: contig12 (792bp)
		This contig is unaligned. (792 bp)
		Unaligned bases: 792  total: 3770544

CONTIG: contig756 (5185bp)
		This contig is unaligned. (5185 bp)
		Unaligned bases: 5185  total: 3775729

CONTIG: contig528 (6081bp)
		This contig is unaligned. (6081 bp)
		Unaligned bases: 6081  total: 3781810

CONTIG: contig699 (2285bp)
Top Length: 2285  Top ID: 99.96
		One align captures most of this contig: 64140 66424 | 2285 1 | 2285 2285 | 99.96 | gi|552530711|ref|NC_007488.2|_Rhodobacter_sphaeroides_2.4.1_plasmid_B__complete_sequence contig699

CONTIG: contig7436 (3300bp)
		This contig is unaligned. (3300 bp)
		Unaligned bases: 3300  total: 3785110

CONTIG: contig7434 (4603bp)
		This contig is unaligned. (4603 bp)
		Unaligned bases: 4603  total: 3789713

CONTIG: contig529 (3384bp)
		This contig is unaligned. (3384 bp)
		Unaligned bases: 3384  total: 3793097

CONTIG: contig7432 (3029bp)
		This contig is unaligned. (3029 bp)
		Unaligned bases: 3029  total: 3796126

CONTIG: contig7433 (2968bp)
		This contig is unaligned. (2968 bp)
		Unaligned bases: 2968  total: 3799094

CONTIG: contig7430 (2586bp)
		This contig is unaligned. (2586 bp)
		Unaligned bases: 2586  total: 3801680

CONTIG: contig7431 (2643bp)
		This contig is unaligned. (2643 bp)
		Unaligned bases: 2643  total: 3804323

CONTIG: contig112 (35518bp)
		This contig is unaligned. (35518 bp)
		Unaligned bases: 35518  total: 3839841

CONTIG: contig111 (10512bp)
		This contig is unaligned. (10512 bp)
		Unaligned bases: 10512  total: 3850353

CONTIG: contig110 (15184bp)
		This contig is unaligned. (15184 bp)
		Unaligned bases: 15184  total: 3865537

CONTIG: contig117 (4393bp)
		This contig is unaligned. (4393 bp)
		Unaligned bases: 4393  total: 3869930

CONTIG: contig116 (604bp)
		This contig is unaligned. (604 bp)
		Unaligned bases: 604  total: 3870534

CONTIG: contig115 (2183bp)
		This contig is unaligned. (2183 bp)
		Unaligned bases: 2183  total: 3872717

CONTIG: contig114 (2647bp)
		This contig is unaligned. (2647 bp)
		Unaligned bases: 2647  total: 3875364

CONTIG: contig119 (588bp)
		This contig is unaligned. (588 bp)
		Unaligned bases: 588  total: 3875952

CONTIG: contig118 (6204bp)
		This contig is unaligned. (6204 bp)
		Unaligned bases: 6204  total: 3882156

CONTIG: contig392 (9584bp)
		This contig is unaligned. (9584 bp)
		Unaligned bases: 9584  total: 3891740

CONTIG: contig526 (2870bp)
		This contig is unaligned. (2870 bp)
		Unaligned bases: 2870  total: 3894610

CONTIG: contig527 (1719bp)
		This contig is unaligned. (1719 bp)
		Unaligned bases: 1719  total: 3896329

CONTIG: contig70 (566bp)
		This contig is unaligned. (566 bp)
		Unaligned bases: 566  total: 3896895

CONTIG: contig73 (10885bp)
		This contig is unaligned. (10885 bp)
		Unaligned bases: 10885  total: 3907780

CONTIG: contig72 (8850bp)
		This contig is unaligned. (8850 bp)
		Unaligned bases: 8850  total: 3916630

CONTIG: contig76 (551bp)
		This contig is unaligned. (551 bp)
		Unaligned bases: 551  total: 3917181

CONTIG: contig79 (933bp)
		This contig is unaligned. (933 bp)
		Unaligned bases: 933  total: 3918114

CONTIG: contig78 (12563bp)
		This contig is unaligned. (12563 bp)
		Unaligned bases: 12563  total: 3930677

CONTIG: contig723 (3020bp)
		This contig is unaligned. (3020 bp)
		Unaligned bases: 3020  total: 3933697

CONTIG: contig742 (5121bp)
		This contig is unaligned. (5121 bp)
		Unaligned bases: 5121  total: 3938818

CONTIG: contig188 (4318bp)
Top Length: 4298  Top ID: 99.98
		One align captures most of this contig: 83816 88113 | 4298 1 | 4298 4298 | 99.98 | gi|552530711|ref|NC_007488.2|_Rhodobacter_sphaeroides_2.4.1_plasmid_B__complete_sequence contig188

CONTIG: contig189 (11712bp)
		This contig is unaligned. (11712 bp)
		Unaligned bases: 11712  total: 3950530

CONTIG: contig184 (13117bp)
		This contig is unaligned. (13117 bp)
		Unaligned bases: 13117  total: 3963647

CONTIG: contig185 (6282bp)
		This contig is unaligned. (6282 bp)
		Unaligned bases: 6282  total: 3969929

CONTIG: contig186 (2000bp)
		This contig is unaligned. (2000 bp)
		Unaligned bases: 2000  total: 3971929

CONTIG: contig187 (2148bp)
		This contig is unaligned. (2148 bp)
		Unaligned bases: 2148  total: 3974077

CONTIG: contig180 (1262bp)
		This contig is unaligned. (1262 bp)
		Unaligned bases: 1262  total: 3975339

CONTIG: contig181 (3293bp)
Top Length: 3293  Top ID: 99.97
		One align captures most of this contig: 11117 14409 | 1 3293 | 3293 3293 | 99.97 | gi|552530711|ref|NC_007488.2|_Rhodobacter_sphaeroides_2.4.1_plasmid_B__complete_sequence contig181

CONTIG: contig182 (632bp)
		This contig is unaligned. (632 bp)
		Unaligned bases: 632  total: 3975971

CONTIG: contig183 (540bp)
		This contig is unaligned. (540 bp)
		Unaligned bases: 540  total: 3976511

CONTIG: contig566 (1293bp)
		This contig is unaligned. (1293 bp)
		Unaligned bases: 1293  total: 3977804

CONTIG: contig567 (14188bp)
		This contig is unaligned. (14188 bp)
		Unaligned bases: 14188  total: 3991992

CONTIG: contig564 (700bp)
		This contig is unaligned. (700 bp)
		Unaligned bases: 700  total: 3992692

CONTIG: contig565 (7851bp)
		This contig is unaligned. (7851 bp)
		Unaligned bases: 7851  total: 4000543

CONTIG: contig562 (7843bp)
		This contig is unaligned. (7843 bp)
		Unaligned bases: 7843  total: 4008386

CONTIG: contig563 (6709bp)
		This contig is unaligned. (6709 bp)
		Unaligned bases: 6709  total: 4015095

CONTIG: contig560 (1239bp)
		This contig is unaligned. (1239 bp)
		Unaligned bases: 1239  total: 4016334

CONTIG: contig561 (3950bp)
		This contig is unaligned. (3950 bp)
		Unaligned bases: 3950  total: 4020284

CONTIG: contig647 (1246bp)
		This contig is unaligned. (1246 bp)
		Unaligned bases: 1246  total: 4021530

CONTIG: contig646 (6136bp)
		This contig is unaligned. (6136 bp)
		Unaligned bases: 6136  total: 4027666

CONTIG: contig645 (1719bp)
		This contig is unaligned. (1719 bp)
		Unaligned bases: 1719  total: 4029385

CONTIG: contig644 (1463bp)
		This contig is unaligned. (1463 bp)
		Unaligned bases: 1463  total: 4030848

CONTIG: contig643 (821bp)
		This contig is unaligned. (821 bp)
		Unaligned bases: 821  total: 4031669

CONTIG: contig642 (7717bp)
		This contig is unaligned. (7717 bp)
		Unaligned bases: 7717  total: 4039386

CONTIG: contig568 (670bp)
		This contig is unaligned. (670 bp)
		Unaligned bases: 670  total: 4040056

CONTIG: contig569 (636bp)
		This contig is unaligned. (636 bp)
		Unaligned bases: 636  total: 4040692

CONTIG: contig570 (7152bp)
		This contig is unaligned. (7152 bp)
		Unaligned bases: 7152  total: 4047844

CONTIG: contig249 (789bp)
		This contig is unaligned. (789 bp)
		Unaligned bases: 789  total: 4048633

CONTIG: contig248 (1241bp)
		This contig is unaligned. (1241 bp)
		Unaligned bases: 1241  total: 4049874

CONTIG: contig243 (11461bp)
		This contig is unaligned. (11461 bp)
		Unaligned bases: 11461  total: 4061335

CONTIG: contig242 (8809bp)
		This contig is unaligned. (8809 bp)
		Unaligned bases: 8809  total: 4070144

CONTIG: contig241 (575bp)
		This contig is unaligned. (575 bp)
		Unaligned bases: 575  total: 4070719

CONTIG: contig246 (7367bp)
		This contig is unaligned. (7367 bp)
		Unaligned bases: 7367  total: 4078086

CONTIG: contig244 (6864bp)
Top Length: 5142  Top ID: 99.81
		This contig is misassembled. 2 total aligns.
			Real Alignment 1: 57287 59008 | 1 1722 | 1722 1722 | 99.88 | gi|552530711|ref|NC_007488.2|_Rhodobacter_sphaeroides_2.4.1_plasmid_B__complete_sequence contig244
			  Overlap between these two alignments (local misassembly). Inconsistency = -62
			Real Alignment 2: 58947 64087 | 1723 6864 | 5141 5142 | 99.81 | gi|552530711|ref|NC_007488.2|_Rhodobacter_sphaeroides_2.4.1_plasmid_B__complete_sequence contig244

CONTIG: contig362 (5599bp)
		This contig is unaligned. (5599 bp)
		Unaligned bases: 5599  total: 4083685

CONTIG: contig363 (6646bp)
		This contig is unaligned. (6646 bp)
		Unaligned bases: 6646  total: 4090331

CONTIG: contig365 (1021bp)
		This contig is unaligned. (1021 bp)
		Unaligned bases: 1021  total: 4091352

CONTIG: contig366 (1967bp)
		This contig is unaligned. (1967 bp)
		Unaligned bases: 1967  total: 4093319

CONTIG: contig367 (19139bp)
		This contig is unaligned. (19139 bp)
		Unaligned bases: 19139  total: 4112458

CONTIG: contig368 (5391bp)
		This contig is unaligned. (5391 bp)
		Unaligned bases: 5391  total: 4117849

CONTIG: contig369 (7356bp)
		This contig is unaligned. (7356 bp)
		Unaligned bases: 7356  total: 4125205

CONTIG: contig89 (986bp)
		This contig is unaligned. (986 bp)
		Unaligned bases: 986  total: 4126191

CONTIG: contig418 (6061bp)
		This contig is unaligned. (6061 bp)
		Unaligned bases: 6061  total: 4132252

CONTIG: contig419 (842bp)
		This contig is unaligned. (842 bp)
		Unaligned bases: 842  total: 4133094

CONTIG: contig412 (1231bp)
		This contig is unaligned. (1231 bp)
		Unaligned bases: 1231  total: 4134325

CONTIG: contig413 (6989bp)
		This contig is unaligned. (6989 bp)
		Unaligned bases: 6989  total: 4141314

CONTIG: contig410 (15123bp)
		This contig is unaligned. (15123 bp)
		Unaligned bases: 15123  total: 4156437

CONTIG: contig411 (12699bp)
		This contig is unaligned. (12699 bp)
		Unaligned bases: 12699  total: 4169136

CONTIG: contig416 (3156bp)
		This contig is unaligned. (3156 bp)
		Unaligned bases: 3156  total: 4172292

CONTIG: contig417 (11370bp)
		This contig is unaligned. (11370 bp)
		Unaligned bases: 11370  total: 4183662

CONTIG: contig414 (16643bp)
		This contig is unaligned. (16643 bp)
		Unaligned bases: 16643  total: 4200305

CONTIG: contig415 (8207bp)
		This contig is unaligned. (8207 bp)
		Unaligned bases: 8207  total: 4208512

CONTIG: contig674 (2219bp)
		This contig is unaligned. (2219 bp)
		Unaligned bases: 2219  total: 4210731

CONTIG: contig86 (917bp)
		This contig is unaligned. (917 bp)
		Unaligned bases: 917  total: 4211648

CONTIG: contig87 (16669bp)
		This contig is unaligned. (16669 bp)
		Unaligned bases: 16669  total: 4228317

CONTIG: contig481 (10162bp)
		This contig is unaligned. (10162 bp)
		Unaligned bases: 10162  total: 4238479

CONTIG: contig480 (2975bp)
		This contig is unaligned. (2975 bp)
		Unaligned bases: 2975  total: 4241454

CONTIG: contig483 (11329bp)
		This contig is unaligned. (11329 bp)
		Unaligned bases: 11329  total: 4252783

CONTIG: contig482 (2371bp)
		This contig is unaligned. (2371 bp)
		Unaligned bases: 2371  total: 4255154

CONTIG: contig485 (5598bp)
		This contig is unaligned. (5598 bp)
		Unaligned bases: 5598  total: 4260752

CONTIG: contig484 (893bp)
		This contig is unaligned. (893 bp)
		Unaligned bases: 893  total: 4261645

CONTIG: contig487 (544bp)
		This contig is unaligned. (544 bp)
		Unaligned bases: 544  total: 4262189

CONTIG: contig486 (19888bp)
		This contig is unaligned. (19888 bp)
		Unaligned bases: 19888  total: 4282077

CONTIG: contig489 (15667bp)
		This contig is unaligned. (15667 bp)
		Unaligned bases: 15667  total: 4297744

CONTIG: contig488 (27641bp)
		This contig is unaligned. (27641 bp)
		Unaligned bases: 27641  total: 4325385

CONTIG: contig668 (7635bp)
		This contig is unaligned. (7635 bp)
		Unaligned bases: 7635  total: 4333020

Analyzing coverage...
Writing SNPs into /usit/invitro/data/galaxy/master/sabbai/galaxy-dist/database/job_working_directory/000/727/dataset_764_files/contigs_reports/nucmer_output/RS-H-Soap.used_snps
	Reference gi|552530711|ref|NC_007488.2|_Rhodobacter_sphaeroides_2.4.1_plasmid_B__complete_sequence: 36 total alignments. 1 total regions.
		Region: 1 to 114179 (114179 bp)
			START in gap: 1 to 1515 (1514 bp)
			Align 1: 1515 3334 contig7423 1820 1
				Gap between this and next alignment: 3334 to 3856 (521 bp)
				Next Alignment: 3856 8782 contig212 4927 1

			Align 2: 3856 8782 contig212 4927 1
				Gap between this and next alignment: 8782 to 8861 (78 bp)
				Next Alignment: 8861 10999 contig211 2139 1

			Align 3: 8861 10999 contig211 2139 1
				Gap between this and next alignment: 10999 to 11117 (117 bp)
				Next Alignment: 11117 14409 contig181 1 3293

			Align 4: 11117 14409 contig181 1 3293
				Gap between this and next alignment: 14409 to 14511 (101 bp)
				Next Alignment: 14511 15830 contig614 1320 1

			Align 5: 14511 15830 contig614 1320 1
				Gap between this and next alignment: 15830 to 15871 (40 bp)
				Next Alignment: 15871 19402 contig687 3532 1

			Align 6: 15871 19402 contig687 3532 1
				Gap between this and next alignment: 19402 to 19858 (455 bp)
				Next Alignment: 19858 23912 contig237 4127 1

			Align 7: 19858 23912 contig237 4127 1
				Negative gap (overlap) between this and next alignment: 23912 to 23816 (-96 bp)
				Next Alignment: 23816 28276 contig236 4461 1

			Previous gap was negative, modifying coordinates to ignore overlap
				Moving contig start from 4461 to 4364.
			Align 8: 23913 28276 contig236 4364 1
				Gap between this and next alignment: 28276 to 28280 (3 bp)
				Next Alignment: 28280 28980 contig7389 1 701

			Align 9: 28280 28980 contig7389 1 701
				Gap between this and next alignment: 28980 to 29058 (77 bp)
				Next Alignment: 29058 33793 contig323 4738 3

			Align 10: 29058 33793 contig323 4738 3
				Gap between this and next alignment: 33793 to 34322 (528 bp)
				Next Alignment: 34322 39414 contig135 1 5093

			Align 11: 34322 39414 contig135 1 5093
				Gap between this and next alignment: 39414 to 39554 (139 bp)
				Next Alignment: 39554 43213 contig250 3660 1

			Align 12: 39554 43213 contig250 3660 1
				Gap between this and next alignment: 43213 to 43293 (79 bp)
				Next Alignment: 43293 44541 contig23 1 1249

			Align 13: 43293 44541 contig23 1 1249
				Negative gap (overlap) between this and next alignment: 44541 to 44516 (-25 bp)
				Next Alignment: 44516 45025 contig24 1 510

			Previous gap was negative, modifying coordinates to ignore overlap
				Moving contig start from 1 to 27.
			Align 14: 44542 45025 contig24 27 510
				Negative gap (overlap) between this and next alignment: 45025 to 44938 (-87 bp)
				Next Alignment: 44938 48760 contig25 1 3823

			Previous gap was negative, modifying coordinates to ignore overlap
				Moving contig start from 1 to 89.
			Align 15: 45026 48760 contig25 89 3823
				Gap between this and next alignment: 48760 to 48858 (97 bp)
				Next Alignment: 48858 50695 contig167 1838 1

			Align 16: 48858 50695 contig167 1838 1
				Gap between this and next alignment: 50695 to 50836 (140 bp)
				Next Alignment: 50836 52059 contig328 1224 1

			Align 17: 50836 52059 contig328 1224 1
				Gap between this and next alignment: 52059 to 52296 (236 bp)
				Next Alignment: 52296 52930 contig7381 635 1

			Align 18: 52296 52930 contig7381 635 1
				Gap between this and next alignment: 52930 to 52932 (1 bp)
				Next Alignment: 52932 53869 contig7400 938 1

			Align 19: 52932 53869 contig7400 938 1
				Gap between this and next alignment: 53869 to 54036 (166 bp)
				Next Alignment: 54036 55463 contig378 1428 1

			Align 20: 54036 55463 contig378 1428 1
				Gap between this and next alignment: 55463 to 55628 (164 bp)
				Next Alignment: 55628 57218 contig376 1591 1

			Align 21: 55628 57218 contig376 1591 1
				Gap between this and next alignment: 57218 to 57287 (68 bp)
				Next Alignment: 57287 59008 contig244 1 1722

			Align 22: 57287 59008 contig244 1 1722
				Negative gap (overlap) between this and next alignment: 59008 to 58947 (-61 bp)
				Next Alignment: 58947 64087 contig244 1723 6864

			Previous gap was negative, modifying coordinates to ignore overlap
				Moving contig start from 1723 to 1786.
			Align 23: 59009 64087 contig244 1786 6864
				Gap between this and next alignment: 64087 to 64140 (52 bp)
				Next Alignment: 64140 66424 contig699 2285 1

			Align 24: 64140 66424 contig699 2285 1
				Negative gap (overlap) between this and next alignment: 66424 to 66367 (-57 bp)
				Next Alignment: 66367 66982 contig7380 1 616

			Previous gap was negative, modifying coordinates to ignore overlap
				Moving contig start from 1 to 59.
			Align 25: 66425 66982 contig7380 59 616
				Gap between this and next alignment: 66982 to 67095 (112 bp)
				Next Alignment: 67095 68797 contig697 1703 1

			Align 26: 67095 68797 contig697 1703 1
				Gap between this and next alignment: 68797 to 68922 (124 bp)
				Next Alignment: 68922 71497 contig611 1 2576

			Align 27: 68922 71497 contig611 1 2576
				Gap between this and next alignment: 71497 to 71594 (96 bp)
				Next Alignment: 71594 73623 contig621 2030 1

			Align 28: 71594 73623 contig621 2030 1
				Gap between this and next alignment: 73623 to 73716 (92 bp)
				Next Alignment: 73716 78699 contig613 4984 1

			Align 29: 73716 78699 contig613 4984 1
				Gap between this and next alignment: 78699 to 79634 (934 bp)
				Next Alignment: 79634 82849 contig615 3216 1

			Align 30: 79634 82849 contig615 3216 1
				Gap between this and next alignment: 82849 to 83816 (966 bp)
				Next Alignment: 83816 88113 contig188 4298 1

			Align 31: 83816 88113 contig188 4298 1
				Gap between this and next alignment: 88113 to 88163 (49 bp)
				Next Alignment: 88163 88842 contig7391 1 680

			Align 32: 88163 88842 contig7391 1 680
				Gap between this and next alignment: 88842 to 88891 (48 bp)
				Next Alignment: 88891 102851 contig5 1 13961

			Align 33: 88891 102851 contig5 1 13961
				Gap between this and next alignment: 102851 to 102936 (84 bp)
				Next Alignment: 102936 109669 contig67 1 6734

			Align 34: 102936 109669 contig67 1 6734
				Gap between this and next alignment: 109669 to 109723 (53 bp)
				Next Alignment: 109723 113109 contig153 3387 1

			Align 35: 109723 113109 contig153 3387 1
				Negative gap (overlap) between this and next alignment: 113109 to 113011 (-98 bp)
				Next Alignment: 113011 114179 contig152 1183 15

			Previous gap was negative, modifying coordinates to ignore overlap
				Moving contig start from 1183 to 1084.
			Align 36: 113110 114179 contig152 1084 15
			END in current alignment.  Modifying 114179 to 114179.

Analysis is finished!
Founded SNPs were written into /usit/invitro/data/galaxy/master/sabbai/galaxy-dist/database/job_working_directory/000/727/dataset_764_files/contigs_reports/nucmer_output/RS-H-Soap.used_snps

Results:
	Local Misassemblies: 1
	Misassemblies: 0
		Relocations: 0
		Translocations: 0
		Inversions: 0
	Misassembled Contigs: 0
	Misassembled Contig Bases: 0
	Misassmblies Inter-Contig Overlap: 0
Uncovered Regions: 0 (0)
Unaligned Contigs: 685 + 1 part
Partially Unaligned Contigs with Misassemblies: 0
Unaligned Contig Bases: 4333034

Ambiguously Mapped Contigs: 0
Total Bases in Ambiguously Mapped Contigs: 0
Note that --allow-ambiguity option was set to "one" and only first alignment per each contig was used.

	Covered Bases: 107045

	SNPs: 36
	Insertions: 72
	Deletions: 0

	Positive Gaps: 30
		Internal Gaps:  0
		External Gaps:  30
		External Gap Total:  7134
		External Gap Average: 238
	Negative Gaps: 6
		Internal Overlaps:  1
		External Overlaps:  5
		External Overlaps Total: -363
		External Overlaps Average: -73
	Contigs with Redundant Alignments: 0 (0)
