Aligning contigs to reference...
	Running Nucmer...
Parsing coords...
Loading Assembly...
Loading reference...
	Loaded [gi|552530711|ref|NC_007488.2|_Rhodobacter_sphaeroides_2.4.1_plasmid_B__complete_sequence]
Loading SNPs...
Loading regions...
	No regions given, using whole reference.
	Total Regions: 1
	Total Region Length: 114179
Analyzing contigs...
CONTIG: contig625 (2085bp)
		This contig is unaligned. (2085 bp)
		Unaligned bases: 2085  total: 2085

CONTIG: contig28 (46959bp)
		This contig is unaligned. (46959 bp)
		Unaligned bases: 46959  total: 49044

CONTIG: contig29 (37869bp)
		This contig is unaligned. (37869 bp)
		Unaligned bases: 37869  total: 86913

CONTIG: contig429 (1718bp)
		This contig is unaligned. (1718 bp)
		Unaligned bases: 1718  total: 88631

CONTIG: contig428 (916bp)
		This contig is unaligned. (916 bp)
		Unaligned bases: 916  total: 89547

CONTIG: contig22 (3323bp)
		This contig is unaligned. (3323 bp)
		Unaligned bases: 3323  total: 92870

CONTIG: contig23 (5384bp)
		This contig is unaligned. (5384 bp)
		Unaligned bases: 5384  total: 98254

CONTIG: contig20 (8356bp)
		This contig is unaligned. (8356 bp)
		Unaligned bases: 8356  total: 106610

CONTIG: contig21 (2324bp)
		This contig is unaligned. (2324 bp)
		Unaligned bases: 2324  total: 108934

CONTIG: contig27 (20153bp)
		This contig is unaligned. (20153 bp)
		Unaligned bases: 20153  total: 129087

CONTIG: contig24 (6997bp)
		This contig is unaligned. (6997 bp)
		Unaligned bases: 6997  total: 136084

CONTIG: contig321 (4524bp)
		This contig is unaligned. (4524 bp)
		Unaligned bases: 4524  total: 140608

CONTIG: contig289 (8417bp)
		This contig is unaligned. (8417 bp)
		Unaligned bases: 8417  total: 149025

CONTIG: contig388 (2283bp)
		This contig is unaligned. (2283 bp)
		Unaligned bases: 2283  total: 151308

CONTIG: contig389 (18478bp)
		This contig is unaligned. (18478 bp)
		Unaligned bases: 18478  total: 169786

CONTIG: contig386 (2803bp)
		This contig is unaligned. (2803 bp)
		Unaligned bases: 2803  total: 172589

CONTIG: contig387 (2351bp)
		This contig is unaligned. (2351 bp)
		Unaligned bases: 2351  total: 174940

CONTIG: contig288 (9871bp)
		This contig is unaligned. (9871 bp)
		Unaligned bases: 9871  total: 184811

CONTIG: contig382 (19927bp)
		This contig is unaligned. (19927 bp)
		Unaligned bases: 19927  total: 204738

CONTIG: contig383 (32897bp)
		This contig is unaligned. (32897 bp)
		Unaligned bases: 32897  total: 237635

CONTIG: contig380 (3395bp)
		This contig is unaligned. (3395 bp)
		Unaligned bases: 3395  total: 241030

CONTIG: contig381 (36308bp)
		This contig is unaligned. (36308 bp)
		Unaligned bases: 36308  total: 277338

CONTIG: contig282 (11588bp)
		This contig is unaligned. (11588 bp)
		Unaligned bases: 11588  total: 288926

CONTIG: contig349 (2473bp)
		This contig is unaligned. (2473 bp)
		Unaligned bases: 2473  total: 291399

CONTIG: contig393 (4825bp)
		This contig is unaligned. (4825 bp)
		Unaligned bases: 4825  total: 296224

CONTIG: contig320 (15523bp)
		This contig is unaligned. (15523 bp)
		Unaligned bases: 15523  total: 311747

CONTIG: contig362 (633bp)
		This contig is unaligned. (633 bp)
		Unaligned bases: 633  total: 312380

CONTIG: contig157 (10237bp)
		This contig is unaligned. (10237 bp)
		Unaligned bases: 10237  total: 322617

CONTIG: contig156 (6040bp)
		This contig is unaligned. (6040 bp)
		Unaligned bases: 6040  total: 328657

CONTIG: contig155 (7146bp)
		This contig is unaligned. (7146 bp)
		Unaligned bases: 7146  total: 335803

CONTIG: contig154 (3240bp)
		This contig is unaligned. (3240 bp)
		Unaligned bases: 3240  total: 339043

CONTIG: contig153 (36708bp)
		This contig is unaligned. (36708 bp)
		Unaligned bases: 36708  total: 375751

CONTIG: contig152 (6659bp)
		This contig is unaligned. (6659 bp)
		Unaligned bases: 6659  total: 382410

CONTIG: contig151 (58477bp)
		This contig is unaligned. (58477 bp)
		Unaligned bases: 58477  total: 440887

CONTIG: contig150 (1634bp)
		This contig is unaligned. (1634 bp)
		Unaligned bases: 1634  total: 442521

CONTIG: contig221 (5470bp)
		This contig is unaligned. (5470 bp)
		Unaligned bases: 5470  total: 447991

CONTIG: contig220 (873bp)
Top Length: 873  Top ID: 100.0
		One align captures most of this contig: 52138 53010 | 1 873 | 873 873 | 100.0 | gi|552530711|ref|NC_007488.2|_Rhodobacter_sphaeroides_2.4.1_plasmid_B__complete_sequence contig220

CONTIG: contig551 (1578bp)
Top Length: 1578  Top ID: 100.0
		One align captures most of this contig: 95024 96601 | 1578 1 | 1578 1578 | 100.0 | gi|552530711|ref|NC_007488.2|_Rhodobacter_sphaeroides_2.4.1_plasmid_B__complete_sequence contig551

CONTIG: contig94 (2659bp)
		This contig is unaligned. (2659 bp)
		Unaligned bases: 2659  total: 450650

CONTIG: contig225 (64489bp)
		This contig is unaligned. (64489 bp)
		Unaligned bases: 64489  total: 515139

CONTIG: contig224 (2175bp)
		This contig is unaligned. (2175 bp)
		Unaligned bases: 2175  total: 517314

CONTIG: contig159 (15923bp)
		This contig is unaligned. (15923 bp)
		Unaligned bases: 15923  total: 533237

CONTIG: contig158 (7193bp)
		This contig is unaligned. (7193 bp)
		Unaligned bases: 7193  total: 540430

CONTIG: contig539 (13842bp)
		This contig is unaligned. (13842 bp)
		Unaligned bases: 13842  total: 554272

CONTIG: contig425 (1719bp)
		This contig is unaligned. (1719 bp)
		Unaligned bases: 1719  total: 555991

CONTIG: contig433 (8288bp)
		This contig is unaligned. (8288 bp)
		Unaligned bases: 8288  total: 564279

CONTIG: contig434 (18207bp)
		This contig is unaligned. (18207 bp)
		Unaligned bases: 18207  total: 582486

CONTIG: contig435 (32610bp)
		This contig is unaligned. (32610 bp)
		Unaligned bases: 32610  total: 615096

CONTIG: contig437 (657bp)
		This contig is unaligned. (657 bp)
		Unaligned bases: 657  total: 615753

CONTIG: contig438 (17841bp)
		This contig is unaligned. (17841 bp)
		Unaligned bases: 17841  total: 633594

CONTIG: contig439 (5391bp)
		This contig is unaligned. (5391 bp)
		Unaligned bases: 5391  total: 638985

CONTIG: contig367 (16567bp)
		This contig is unaligned. (16567 bp)
		Unaligned bases: 16567  total: 655552

CONTIG: contig326 (24434bp)
		This contig is unaligned. (24434 bp)
		Unaligned bases: 24434  total: 679986

CONTIG: contig536 (3504bp)
		This contig is unaligned. (3504 bp)
		Unaligned bases: 3504  total: 683490

CONTIG: contig368 (6531bp)
		This contig is unaligned. (6531 bp)
		Unaligned bases: 6531  total: 690021

CONTIG: contig369 (3601bp)
		This contig is unaligned. (3601 bp)
		Unaligned bases: 3601  total: 693622

CONTIG: contig464 (23747bp)
		This contig is unaligned. (23747 bp)
		Unaligned bases: 23747  total: 717369

CONTIG: contig148 (1024bp)
		This contig is unaligned. (1024 bp)
		Unaligned bases: 1024  total: 718393

CONTIG: contig149 (12324bp)
		This contig is unaligned. (12324 bp)
		Unaligned bases: 12324  total: 730717

CONTIG: contig339 (3422bp)
		This contig is unaligned. (3422 bp)
		Unaligned bases: 3422  total: 734139

CONTIG: contig338 (46096bp)
		This contig is unaligned. (46096 bp)
		Unaligned bases: 46096  total: 780235

CONTIG: contig140 (1686bp)
		This contig is unaligned. (1686 bp)
		Unaligned bases: 1686  total: 781921

CONTIG: contig332 (24347bp)
		This contig is unaligned. (24347 bp)
		Unaligned bases: 24347  total: 806268

CONTIG: contig142 (2725bp)
		This contig is unaligned. (2725 bp)
		Unaligned bases: 2725  total: 808993

CONTIG: contig330 (4986bp)
		This contig is unaligned. (4986 bp)
		Unaligned bases: 4986  total: 813979

CONTIG: contig337 (22500bp)
		This contig is unaligned. (22500 bp)
		Unaligned bases: 22500  total: 836479

CONTIG: contig336 (5752bp)
		This contig is unaligned. (5752 bp)
		Unaligned bases: 5752  total: 842231

CONTIG: contig146 (35820bp)
		This contig is unaligned. (35820 bp)
		Unaligned bases: 35820  total: 878051

CONTIG: contig333 (33352bp)
		This contig is unaligned. (33352 bp)
		Unaligned bases: 33352  total: 911403

CONTIG: contig238 (30258bp)
		This contig is unaligned. (30258 bp)
		Unaligned bases: 30258  total: 941661

CONTIG: contig239 (1016bp)
		This contig is unaligned. (1016 bp)
		Unaligned bases: 1016  total: 942677

CONTIG: contig486 (17966bp)
		This contig is unaligned. (17966 bp)
		Unaligned bases: 17966  total: 960643

CONTIG: contig232 (18503bp)
		This contig is unaligned. (18503 bp)
		Unaligned bases: 18503  total: 979146

CONTIG: contig233 (44348bp)
		This contig is unaligned. (44348 bp)
		Unaligned bases: 44348  total: 1023494

CONTIG: contig230 (2003bp)
		This contig is unaligned. (2003 bp)
		Unaligned bases: 2003  total: 1025497

CONTIG: contig231 (47671bp)
		This contig is unaligned. (47671 bp)
		Unaligned bases: 47671  total: 1073168

CONTIG: contig236 (50428bp)
		This contig is unaligned. (50428 bp)
		Unaligned bases: 50428  total: 1123596

CONTIG: contig237 (1925bp)
		This contig is unaligned. (1925 bp)
		Unaligned bases: 1925  total: 1125521

CONTIG: contig234 (29099bp)
		This contig is unaligned. (29099 bp)
		Unaligned bases: 29099  total: 1154620

CONTIG: contig235 (21999bp)
		This contig is unaligned. (21999 bp)
		Unaligned bases: 21999  total: 1176619

CONTIG: contig445 (6915bp)
		This contig is unaligned. (6915 bp)
		Unaligned bases: 6915  total: 1183534

CONTIG: contig444 (20694bp)
		This contig is unaligned. (20694 bp)
		Unaligned bases: 20694  total: 1204228

CONTIG: contig528 (636bp)
		This contig is unaligned. (636 bp)
		Unaligned bases: 636  total: 1204864

CONTIG: contig328 (16727bp)
		This contig is unaligned. (16727 bp)
		Unaligned bases: 16727  total: 1221591

CONTIG: contig441 (19363bp)
		This contig is unaligned. (19363 bp)
		Unaligned bases: 19363  total: 1240954

CONTIG: contig278 (9640bp)
		This contig is unaligned. (9640 bp)
		Unaligned bases: 9640  total: 1250594

CONTIG: contig443 (7171bp)
		This contig is unaligned. (7171 bp)
		Unaligned bases: 7171  total: 1257765

CONTIG: contig442 (46867bp)
		This contig is unaligned. (46867 bp)
		Unaligned bases: 46867  total: 1304632

CONTIG: contig309 (3141bp)
		This contig is unaligned. (3141 bp)
		Unaligned bases: 3141  total: 1307773

CONTIG: contig520 (629bp)
		This contig is unaligned. (629 bp)
		Unaligned bases: 629  total: 1308402

CONTIG: contig478 (1186bp)
		This contig is unaligned. (1186 bp)
		Unaligned bases: 1186  total: 1309588

CONTIG: contig449 (1377bp)
		This contig is unaligned. (1377 bp)
		Unaligned bases: 1377  total: 1310965

CONTIG: contig527 (14044bp)
		This contig is unaligned. (14044 bp)
		Unaligned bases: 14044  total: 1325009

CONTIG: contig317 (28685bp)
		This contig is unaligned. (28685 bp)
		Unaligned bases: 28685  total: 1353694

CONTIG: contig525 (1936bp)
		This contig is unaligned. (1936 bp)
		Unaligned bases: 1936  total: 1355630

CONTIG: contig479 (29326bp)
		This contig is unaligned. (29326 bp)
		Unaligned bases: 29326  total: 1384956

CONTIG: contig40 (2037bp)
		This contig is unaligned. (2037 bp)
		Unaligned bases: 2037  total: 1386993

CONTIG: contig398 (1025bp)
		This contig is unaligned. (1025 bp)
		Unaligned bases: 1025  total: 1388018

CONTIG: contig451 (7785bp)
		This contig is unaligned. (7785 bp)
		Unaligned bases: 7785  total: 1395803

CONTIG: contig453 (2869bp)
		This contig is unaligned. (2869 bp)
		Unaligned bases: 2869  total: 1398672

CONTIG: contig287 (1652bp)
		This contig is unaligned. (1652 bp)
		Unaligned bases: 1652  total: 1400324

CONTIG: contig286 (14612bp)
		This contig is unaligned. (14612 bp)
		Unaligned bases: 14612  total: 1414936

CONTIG: contig285 (9319bp)
		This contig is unaligned. (9319 bp)
		Unaligned bases: 9319  total: 1424255

CONTIG: contig284 (4725bp)
		This contig is unaligned. (4725 bp)
		Unaligned bases: 4725  total: 1428980

CONTIG: contig139 (2959bp)
Top Length: 2959  Top ID: 99.97
		One align captures most of this contig: 101819 104777 | 2959 1 | 2959 2959 | 99.97 | gi|552530711|ref|NC_007488.2|_Rhodobacter_sphaeroides_2.4.1_plasmid_B__complete_sequence contig139

CONTIG: contig138 (8965bp)
		This contig is unaligned. (8965 bp)
		Unaligned bases: 8965  total: 1437945

CONTIG: contig281 (11047bp)
		This contig is unaligned. (11047 bp)
		Unaligned bases: 11047  total: 1448992

CONTIG: contig280 (3489bp)
		This contig is unaligned. (3489 bp)
		Unaligned bases: 3489  total: 1452481

CONTIG: contig135 (4477bp)
		This contig is unaligned. (4477 bp)
		Unaligned bases: 4477  total: 1456958

CONTIG: contig134 (4148bp)
		This contig is unaligned. (4148 bp)
		Unaligned bases: 4148  total: 1461106

CONTIG: contig137 (26045bp)
		This contig is unaligned. (26045 bp)
		Unaligned bases: 26045  total: 1487151

CONTIG: contig327 (20002bp)
		This contig is unaligned. (20002 bp)
		Unaligned bases: 20002  total: 1507153

CONTIG: contig131 (42942bp)
		This contig is unaligned. (42942 bp)
		Unaligned bases: 42942  total: 1550095

CONTIG: contig130 (13128bp)
		This contig is unaligned. (13128 bp)
		Unaligned bases: 13128  total: 1563223

CONTIG: contig133 (23146bp)
		This contig is unaligned. (23146 bp)
		Unaligned bases: 23146  total: 1586369

CONTIG: contig132 (5648bp)
		This contig is unaligned. (5648 bp)
		Unaligned bases: 5648  total: 1592017

CONTIG: contig540 (1026bp)
		This contig is unaligned. (1026 bp)
		Unaligned bases: 1026  total: 1593043

CONTIG: contig468 (35963bp)
		This contig is unaligned. (35963 bp)
		Unaligned bases: 35963  total: 1629006

CONTIG: contig208 (24248bp)
		This contig is unaligned. (24248 bp)
		Unaligned bases: 24248  total: 1653254

CONTIG: contig207 (25243bp)
		This contig is unaligned. (25243 bp)
		Unaligned bases: 25243  total: 1678497

CONTIG: contig206 (21487bp)
		This contig is unaligned. (21487 bp)
		Unaligned bases: 21487  total: 1699984

CONTIG: contig205 (7625bp)
		This contig is unaligned. (7625 bp)
		Unaligned bases: 7625  total: 1707609

CONTIG: contig204 (11548bp)
		This contig is unaligned. (11548 bp)
		Unaligned bases: 11548  total: 1719157

CONTIG: contig203 (2233bp)
		This contig is unaligned. (2233 bp)
		Unaligned bases: 2233  total: 1721390

CONTIG: contig469 (22557bp)
		This contig is unaligned. (22557 bp)
		Unaligned bases: 22557  total: 1743947

CONTIG: contig273 (3974bp)
		This contig is unaligned. (3974 bp)
		Unaligned bases: 3974  total: 1747921

CONTIG: contig457 (5007bp)
		This contig is unaligned. (5007 bp)
		Unaligned bases: 5007  total: 1752928

CONTIG: contig454 (809bp)
		This contig is unaligned. (809 bp)
		Unaligned bases: 809  total: 1753737

CONTIG: contig518 (13131bp)
		This contig is unaligned. (13131 bp)
		Unaligned bases: 13131  total: 1766868

CONTIG: contig452 (9808bp)
		This contig is unaligned. (9808 bp)
		Unaligned bases: 9808  total: 1776676

CONTIG: contig379 (11001bp)
		This contig is unaligned. (11001 bp)
		Unaligned bases: 11001  total: 1787677

CONTIG: contig450 (3761bp)
		This contig is unaligned. (3761 bp)
		Unaligned bases: 3761  total: 1791438

CONTIG: contig306 (39659bp)
		This contig is unaligned. (39659 bp)
		Unaligned bases: 39659  total: 1831097

CONTIG: contig517 (930bp)
		This contig is unaligned. (930 bp)
		Unaligned bases: 930  total: 1832027

CONTIG: contig515 (1294bp)
		This contig is unaligned. (1294 bp)
		Unaligned bases: 1294  total: 1833321

CONTIG: contig513 (3413bp)
		This contig is unaligned. (3413 bp)
		Unaligned bases: 3413  total: 1836734

CONTIG: contig458 (1447bp)
		This contig is unaligned. (1447 bp)
		Unaligned bases: 1447  total: 1838181

CONTIG: contig459 (16654bp)
		This contig is unaligned. (16654 bp)
		Unaligned bases: 16654  total: 1854835

CONTIG: contig440 (7836bp)
		This contig is unaligned. (7836 bp)
		Unaligned bases: 7836  total: 1862671

CONTIG: contig544 (710bp)
		This contig is unaligned. (710 bp)
		Unaligned bases: 710  total: 1863381

CONTIG: contig59 (868bp)
		This contig is unaligned. (868 bp)
		Unaligned bases: 868  total: 1864249

CONTIG: contig370 (11759bp)
		This contig is unaligned. (11759 bp)
		Unaligned bases: 11759  total: 1876008

CONTIG: contig290 (29395bp)
		This contig is unaligned. (29395 bp)
		Unaligned bases: 29395  total: 1905403

CONTIG: contig124 (19177bp)
		This contig is unaligned. (19177 bp)
		Unaligned bases: 19177  total: 1924580

CONTIG: contig292 (2191bp)
		This contig is unaligned. (2191 bp)
		Unaligned bases: 2191  total: 1926771

CONTIG: contig293 (4907bp)
		This contig is unaligned. (4907 bp)
		Unaligned bases: 4907  total: 1931678

CONTIG: contig57 (570bp)
		This contig is unaligned. (570 bp)
		Unaligned bases: 570  total: 1932248

CONTIG: contig295 (5223bp)
		This contig is unaligned. (5223 bp)
		Unaligned bases: 5223  total: 1937471

CONTIG: contig296 (3822bp)
		This contig is unaligned. (3822 bp)
		Unaligned bases: 3822  total: 1941293

CONTIG: contig3 (14354bp)
		This contig is unaligned. (14354 bp)
		Unaligned bases: 14354  total: 1955647

CONTIG: contig2 (1606bp)
Top Length: 1567  Top ID: 99.3
		This contig is partially unaligned. (1567 out of 1606)
		Alignment: 1 1568 | 40 1606 | 1568 1567 | 99.3 | gi|552530711|ref|NC_007488.2|_Rhodobacter_sphaeroides_2.4.1_plasmid_B__complete_sequence contig2
		Unaligned bases: 1 to 39 (39)

CONTIG: contig1 (5577bp)
		This contig is unaligned. (5577 bp)
		Unaligned bases: 5577  total: 1961224

CONTIG: contig374 (1411bp)
		This contig is unaligned. (1411 bp)
		Unaligned bases: 1411  total: 1962635

CONTIG: contig7 (42054bp)
Top Length: 42054  Top ID: 100.0
		One align captures most of this contig: 52981 95034 | 1 42054 | 42054 42054 | 100.0 | gi|552530711|ref|NC_007488.2|_Rhodobacter_sphaeroides_2.4.1_plasmid_B__complete_sequence contig7

CONTIG: contig6 (12735bp)
		This contig is unaligned. (12735 bp)
		Unaligned bases: 12735  total: 1975370

CONTIG: contig128 (24300bp)
		This contig is unaligned. (24300 bp)
		Unaligned bases: 24300  total: 1999670

CONTIG: contig129 (9976bp)
		This contig is unaligned. (9976 bp)
		Unaligned bases: 9976  total: 2009646

CONTIG: contig126 (19948bp)
Top Length: 19945  Top ID: 99.99
		One align captures most of this contig: 13868 33812 | 1 19945 | 19945 19945 | 99.99 | gi|552530711|ref|NC_007488.2|_Rhodobacter_sphaeroides_2.4.1_plasmid_B__complete_sequence contig126

CONTIG: contig127 (1562bp)
		This contig is unaligned. (1562 bp)
		Unaligned bases: 1562  total: 2011208

CONTIG: contig9 (14804bp)
		This contig is unaligned. (14804 bp)
		Unaligned bases: 14804  total: 2026012

CONTIG: contig8 (11246bp)
		This contig is unaligned. (11246 bp)
		Unaligned bases: 11246  total: 2037258

CONTIG: contig122 (17565bp)
		This contig is unaligned. (17565 bp)
		Unaligned bases: 17565  total: 2054823

CONTIG: contig123 (13396bp)
		This contig is unaligned. (13396 bp)
		Unaligned bases: 13396  total: 2068219

CONTIG: contig120 (25396bp)
		This contig is unaligned. (25396 bp)
		Unaligned bases: 25396  total: 2093615

CONTIG: contig121 (1172bp)
		This contig is unaligned. (1172 bp)
		Unaligned bases: 1172  total: 2094787

CONTIG: contig210 (13663bp)
		This contig is unaligned. (13663 bp)
		Unaligned bases: 13663  total: 2108450

CONTIG: contig211 (1881bp)
		This contig is unaligned. (1881 bp)
		Unaligned bases: 1881  total: 2110331

CONTIG: contig212 (11718bp)
		This contig is unaligned. (11718 bp)
		Unaligned bases: 11718  total: 2122049

CONTIG: contig213 (6764bp)
		This contig is unaligned. (6764 bp)
		Unaligned bases: 6764  total: 2128813

CONTIG: contig214 (16486bp)
		This contig is unaligned. (16486 bp)
		Unaligned bases: 16486  total: 2145299

CONTIG: contig215 (22109bp)
		This contig is unaligned. (22109 bp)
		Unaligned bases: 22109  total: 2167408

CONTIG: contig216 (33548bp)
		This contig is unaligned. (33548 bp)
		Unaligned bases: 33548  total: 2200956

CONTIG: contig217 (23542bp)
		This contig is unaligned. (23542 bp)
		Unaligned bases: 23542  total: 2224498

CONTIG: contig218 (9692bp)
		This contig is unaligned. (9692 bp)
		Unaligned bases: 9692  total: 2234190

CONTIG: contig219 (5226bp)
		This contig is unaligned. (5226 bp)
		Unaligned bases: 5226  total: 2239416

CONTIG: contig279 (18509bp)
		This contig is unaligned. (18509 bp)
		Unaligned bases: 18509  total: 2257925

CONTIG: contig355 (4955bp)
		This contig is unaligned. (4955 bp)
		Unaligned bases: 4955  total: 2262880

CONTIG: contig354 (9532bp)
		This contig is unaligned. (9532 bp)
		Unaligned bases: 9532  total: 2272412

CONTIG: contig357 (15318bp)
		This contig is unaligned. (15318 bp)
		Unaligned bases: 15318  total: 2287730

CONTIG: contig356 (12687bp)
		This contig is unaligned. (12687 bp)
		Unaligned bases: 12687  total: 2300417

CONTIG: contig501 (1112bp)
		This contig is unaligned. (1112 bp)
		Unaligned bases: 1112  total: 2301529

CONTIG: contig502 (1854bp)
		This contig is unaligned. (1854 bp)
		Unaligned bases: 1854  total: 2303383

CONTIG: contig474 (7195bp)
		This contig is unaligned. (7195 bp)
		Unaligned bases: 7195  total: 2310578

CONTIG: contig553 (7954bp)
		This contig is unaligned. (7954 bp)
		Unaligned bases: 7954  total: 2318532

CONTIG: contig543 (14931bp)
		This contig is unaligned. (14931 bp)
		Unaligned bases: 14931  total: 2333463

CONTIG: contig394 (70664bp)
		This contig is unaligned. (70664 bp)
		Unaligned bases: 70664  total: 2404127

CONTIG: contig446 (6900bp)
		This contig is unaligned. (6900 bp)
		Unaligned bases: 6900  total: 2411027

CONTIG: contig291 (7018bp)
		This contig is unaligned. (7018 bp)
		Unaligned bases: 7018  total: 2418045

CONTIG: contig532 (784bp)
		This contig is unaligned. (784 bp)
		Unaligned bases: 784  total: 2418829

CONTIG: contig67 (2193bp)
		This contig is unaligned. (2193 bp)
		Unaligned bases: 2193  total: 2421022

CONTIG: contig496 (556bp)
		This contig is unaligned. (556 bp)
		Unaligned bases: 556  total: 2421578

CONTIG: contig60 (524bp)
		This contig is unaligned. (524 bp)
		Unaligned bases: 524  total: 2422102

CONTIG: contig376 (20978bp)
		This contig is unaligned. (20978 bp)
		Unaligned bases: 20978  total: 2443080

CONTIG: contig112 (1310bp)
		This contig is unaligned. (1310 bp)
		Unaligned bases: 1310  total: 2444390

CONTIG: contig117 (21712bp)
		This contig is unaligned. (21712 bp)
		Unaligned bases: 21712  total: 2466102

CONTIG: contig116 (5664bp)
Top Length: 5664  Top ID: 100.0
		One align captures most of this contig: 1540 7203 | 1 5664 | 5664 5664 | 100.0 | gi|552530711|ref|NC_007488.2|_Rhodobacter_sphaeroides_2.4.1_plasmid_B__complete_sequence contig116

CONTIG: contig228 (26047bp)
		This contig is unaligned. (26047 bp)
		Unaligned bases: 26047  total: 2492149

CONTIG: contig294 (1866bp)
		This contig is unaligned. (1866 bp)
		Unaligned bases: 1866  total: 2494015

CONTIG: contig119 (8566bp)
		This contig is unaligned. (8566 bp)
		Unaligned bases: 8566  total: 2502581

CONTIG: contig118 (23798bp)
		This contig is unaligned. (23798 bp)
		Unaligned bases: 23798  total: 2526379

CONTIG: contig304 (22305bp)
		This contig is unaligned. (22305 bp)
		Unaligned bases: 22305  total: 2548684

CONTIG: contig466 (3917bp)
		This contig is unaligned. (3917 bp)
		Unaligned bases: 3917  total: 2552601

CONTIG: contig475 (4861bp)
		This contig is unaligned. (4861 bp)
		Unaligned bases: 4861  total: 2557462

CONTIG: contig467 (12261bp)
		This contig is unaligned. (12261 bp)
		Unaligned bases: 12261  total: 2569723

CONTIG: contig267 (25053bp)
		This contig is unaligned. (25053 bp)
		Unaligned bases: 25053  total: 2594776

CONTIG: contig198 (16131bp)
		This contig is unaligned. (16131 bp)
		Unaligned bases: 16131  total: 2610907

CONTIG: contig261 (504bp)
		This contig is unaligned. (504 bp)
		Unaligned bases: 504  total: 2611411

CONTIG: contig260 (1349bp)
		This contig is unaligned. (1349 bp)
		Unaligned bases: 1349  total: 2612760

CONTIG: contig322 (9930bp)
		This contig is unaligned. (9930 bp)
		Unaligned bases: 9930  total: 2622690

CONTIG: contig262 (6568bp)
Top Length: 6568  Top ID: 100.0
		One align captures most of this contig: 7323 13890 | 6568 1 | 6568 6568 | 100.0 | gi|552530711|ref|NC_007488.2|_Rhodobacter_sphaeroides_2.4.1_plasmid_B__complete_sequence contig262

CONTIG: contig193 (528bp)
		This contig is unaligned. (528 bp)
		Unaligned bases: 528  total: 2623218

CONTIG: contig192 (4284bp)
		This contig is unaligned. (4284 bp)
		Unaligned bases: 4284  total: 2627502

CONTIG: contig191 (18548bp)
		This contig is unaligned. (18548 bp)
		Unaligned bases: 18548  total: 2646050

CONTIG: contig341 (7084bp)
Top Length: 7084  Top ID: 100.0
		One align captures most of this contig: 104858 111941 | 7084 1 | 7084 7084 | 100.0 | gi|552530711|ref|NC_007488.2|_Rhodobacter_sphaeroides_2.4.1_plasmid_B__complete_sequence contig341

CONTIG: contig269 (3442bp)
		This contig is unaligned. (3442 bp)
		Unaligned bases: 3442  total: 2649492

CONTIG: contig268 (4072bp)
		This contig is unaligned. (4072 bp)
		Unaligned bases: 4072  total: 2653564

CONTIG: contig344 (13495bp)
		This contig is unaligned. (13495 bp)
		Unaligned bases: 13495  total: 2667059

CONTIG: contig303 (31012bp)
		This contig is unaligned. (31012 bp)
		Unaligned bases: 31012  total: 2698071

CONTIG: contig526 (41186bp)
		This contig is unaligned. (41186 bp)
		Unaligned bases: 41186  total: 2739257

CONTIG: contig578 (511bp)
		This contig is unaligned. (511 bp)
		Unaligned bases: 511  total: 2739768

CONTIG: contig342 (12570bp)
		This contig is unaligned. (12570 bp)
		Unaligned bases: 12570  total: 2752338

CONTIG: contig75 (2513bp)
		This contig is unaligned. (2513 bp)
		Unaligned bases: 2513  total: 2754851

CONTIG: contig524 (6099bp)
		This contig is unaligned. (6099 bp)
		Unaligned bases: 6099  total: 2760950

CONTIG: contig343 (15637bp)
		This contig is unaligned. (15637 bp)
		Unaligned bases: 15637  total: 2776587

CONTIG: contig340 (1694bp)
		This contig is unaligned. (1694 bp)
		Unaligned bases: 1694  total: 2778281

CONTIG: contig105 (2384bp)
		This contig is unaligned. (2384 bp)
		Unaligned bases: 2384  total: 2780665

CONTIG: contig5 (30207bp)
		This contig is unaligned. (30207 bp)
		Unaligned bases: 30207  total: 2810872

CONTIG: contig580 (3112bp)
		This contig is unaligned. (3112 bp)
		Unaligned bases: 3112  total: 2813984

CONTIG: contig4 (32776bp)
		This contig is unaligned. (32776 bp)
		Unaligned bases: 32776  total: 2846760

CONTIG: contig461 (4717bp)
		This contig is unaligned. (4717 bp)
		Unaligned bases: 4717  total: 2851477

CONTIG: contig647 (1037bp)
		This contig is unaligned. (1037 bp)
		Unaligned bases: 1037  total: 2852514

CONTIG: contig276 (2507bp)
		This contig is unaligned. (2507 bp)
		Unaligned bases: 2507  total: 2855021

CONTIG: contig277 (8133bp)
		This contig is unaligned. (8133 bp)
		Unaligned bases: 8133  total: 2863154

CONTIG: contig274 (13887bp)
		This contig is unaligned. (13887 bp)
		Unaligned bases: 13887  total: 2877041

CONTIG: contig275 (12146bp)
		This contig is unaligned. (12146 bp)
		Unaligned bases: 12146  total: 2889187

CONTIG: contig272 (5479bp)
		This contig is unaligned. (5479 bp)
		Unaligned bases: 5479  total: 2894666

CONTIG: contig227 (19971bp)
		This contig is unaligned. (19971 bp)
		Unaligned bases: 19971  total: 2914637

CONTIG: contig270 (47486bp)
		This contig is unaligned. (47486 bp)
		Unaligned bases: 47486  total: 2962123

CONTIG: contig271 (3235bp)
		This contig is unaligned. (3235 bp)
		Unaligned bases: 3235  total: 2965358

CONTIG: contig463 (23762bp)
		This contig is unaligned. (23762 bp)
		Unaligned bases: 23762  total: 2989120

CONTIG: contig363 (8562bp)
		This contig is unaligned. (8562 bp)
		Unaligned bases: 8562  total: 2997682

CONTIG: contig375 (10803bp)
		This contig is unaligned. (10803 bp)
		Unaligned bases: 10803  total: 3008485

CONTIG: contig226 (50143bp)
		This contig is unaligned. (50143 bp)
		Unaligned bases: 50143  total: 3058628

CONTIG: contig373 (10964bp)
		This contig is unaligned. (10964 bp)
		Unaligned bases: 10964  total: 3069592

CONTIG: contig181 (702bp)
		This contig is unaligned. (702 bp)
		Unaligned bases: 702  total: 3070294

CONTIG: contig182 (693bp)
		This contig is unaligned. (693 bp)
		Unaligned bases: 693  total: 3070987

CONTIG: contig183 (1484bp)
		This contig is unaligned. (1484 bp)
		Unaligned bases: 1484  total: 3072471

CONTIG: contig482 (7261bp)
		This contig is unaligned. (7261 bp)
		Unaligned bases: 7261  total: 3079732

CONTIG: contig125 (71713bp)
		This contig is unaligned. (71713 bp)
		Unaligned bases: 71713  total: 3151445

CONTIG: contig649 (639bp)
		This contig is unaligned. (639 bp)
		Unaligned bases: 639  total: 3152084

CONTIG: contig561 (526bp)
		This contig is unaligned. (526 bp)
		Unaligned bases: 526  total: 3152610

CONTIG: contig401 (39468bp)
		This contig is unaligned. (39468 bp)
		Unaligned bases: 39468  total: 3192078

CONTIG: contig400 (7346bp)
		This contig is unaligned. (7346 bp)
		Unaligned bases: 7346  total: 3199424

CONTIG: contig402 (2978bp)
		This contig is unaligned. (2978 bp)
		Unaligned bases: 2978  total: 3202402

CONTIG: contig462 (29565bp)
		This contig is unaligned. (29565 bp)
		Unaligned bases: 29565  total: 3231967

CONTIG: contig542 (5191bp)
		This contig is unaligned. (5191 bp)
		Unaligned bases: 5191  total: 3237158

CONTIG: contig491 (2708bp)
		This contig is unaligned. (2708 bp)
		Unaligned bases: 2708  total: 3239866

CONTIG: contig484 (2169bp)
		This contig is unaligned. (2169 bp)
		Unaligned bases: 2169  total: 3242035

CONTIG: contig481 (1440bp)
		This contig is unaligned. (1440 bp)
		Unaligned bases: 1440  total: 3243475

CONTIG: contig249 (26634bp)
		This contig is unaligned. (26634 bp)
		Unaligned bases: 26634  total: 3270109

CONTIG: contig331 (4673bp)
		This contig is unaligned. (4673 bp)
		Unaligned bases: 4673  total: 3274782

CONTIG: contig358 (21554bp)
		This contig is unaligned. (21554 bp)
		Unaligned bases: 21554  total: 3296336

CONTIG: contig243 (14708bp)
		This contig is unaligned. (14708 bp)
		Unaligned bases: 14708  total: 3311044

CONTIG: contig240 (52650bp)
		This contig is unaligned. (52650 bp)
		Unaligned bases: 52650  total: 3363694

CONTIG: contig247 (2255bp)
Top Length: 2255  Top ID: 100.0
		One align captures most of this contig: 111914 114168 | 2255 1 | 2255 2255 | 100.0 | gi|552530711|ref|NC_007488.2|_Rhodobacter_sphaeroides_2.4.1_plasmid_B__complete_sequence contig247

CONTIG: contig246 (6602bp)
		This contig is unaligned. (6602 bp)
		Unaligned bases: 6602  total: 3370296

CONTIG: contig245 (19042bp)
		This contig is unaligned. (19042 bp)
		Unaligned bases: 19042  total: 3389338

CONTIG: contig244 (48910bp)
		This contig is unaligned. (48910 bp)
		Unaligned bases: 48910  total: 3438248

CONTIG: contig531 (18869bp)
		This contig is unaligned. (18869 bp)
		Unaligned bases: 18869  total: 3457117

CONTIG: contig324 (6541bp)
		This contig is unaligned. (6541 bp)
		Unaligned bases: 6541  total: 3463658

CONTIG: contig316 (5184bp)
		This contig is unaligned. (5184 bp)
		Unaligned bases: 5184  total: 3468842

CONTIG: contig364 (35087bp)
		This contig is unaligned. (35087 bp)
		Unaligned bases: 35087  total: 3503929

CONTIG: contig365 (5140bp)
		This contig is unaligned. (5140 bp)
		Unaligned bases: 5140  total: 3509069

CONTIG: contig366 (3985bp)
		This contig is unaligned. (3985 bp)
		Unaligned bases: 3985  total: 3513054

CONTIG: contig229 (6662bp)
		This contig is unaligned. (6662 bp)
		Unaligned bases: 6662  total: 3519716

CONTIG: contig179 (2965bp)
		This contig is unaligned. (2965 bp)
		Unaligned bases: 2965  total: 3522681

CONTIG: contig178 (9246bp)
		This contig is unaligned. (9246 bp)
		Unaligned bases: 9246  total: 3531927

CONTIG: contig470 (1191bp)
		This contig is unaligned. (1191 bp)
		Unaligned bases: 1191  total: 3533118

CONTIG: contig471 (12649bp)
		This contig is unaligned. (12649 bp)
		Unaligned bases: 12649  total: 3545767

CONTIG: contig472 (23979bp)
		This contig is unaligned. (23979 bp)
		Unaligned bases: 23979  total: 3569746

CONTIG: contig473 (2336bp)
		This contig is unaligned. (2336 bp)
		Unaligned bases: 2336  total: 3572082

CONTIG: contig650 (948bp)
		This contig is unaligned. (948 bp)
		Unaligned bases: 948  total: 3573030

CONTIG: contig480 (26426bp)
		This contig is unaligned. (26426 bp)
		Unaligned bases: 26426  total: 3599456

CONTIG: contig465 (2306bp)
		This contig is unaligned. (2306 bp)
		Unaligned bases: 2306  total: 3601762

CONTIG: contig313 (1042bp)
		This contig is unaligned. (1042 bp)
		Unaligned bases: 1042  total: 3602804

CONTIG: contig392 (3586bp)
		This contig is unaligned. (3586 bp)
		Unaligned bases: 3586  total: 3606390

CONTIG: contig523 (3380bp)
		This contig is unaligned. (3380 bp)
		Unaligned bases: 3380  total: 3609770

CONTIG: contig460 (3072bp)
		This contig is unaligned. (3072 bp)
		Unaligned bases: 3072  total: 3612842

CONTIG: contig323 (8062bp)
		This contig is unaligned. (8062 bp)
		Unaligned bases: 8062  total: 3620904

CONTIG: contig415 (1835bp)
		This contig is unaligned. (1835 bp)
		Unaligned bases: 1835  total: 3622739

CONTIG: contig17 (22495bp)
		This contig is unaligned. (22495 bp)
		Unaligned bases: 22495  total: 3645234

CONTIG: contig351 (48695bp)
		This contig is unaligned. (48695 bp)
		Unaligned bases: 48695  total: 3693929

CONTIG: contig15 (25676bp)
		This contig is unaligned. (25676 bp)
		Unaligned bases: 25676  total: 3719605

CONTIG: contig14 (5275bp)
Top Length: 5275  Top ID: 100.0
		One align captures most of this contig: 96574 101848 | 5275 1 | 5275 5275 | 100.0 | gi|552530711|ref|NC_007488.2|_Rhodobacter_sphaeroides_2.4.1_plasmid_B__complete_sequence contig14

CONTIG: contig13 (23233bp)
		This contig is unaligned. (23233 bp)
		Unaligned bases: 23233  total: 3742838

CONTIG: contig12 (39660bp)
		This contig is unaligned. (39660 bp)
		Unaligned bases: 39660  total: 3782498

CONTIG: contig11 (20501bp)
		This contig is unaligned. (20501 bp)
		Unaligned bases: 20501  total: 3802999

CONTIG: contig10 (4938bp)
		This contig is unaligned. (4938 bp)
		Unaligned bases: 4938  total: 3807937

CONTIG: contig395 (70228bp)
		This contig is unaligned. (70228 bp)
		Unaligned bases: 70228  total: 3878165

CONTIG: contig283 (19837bp)
		This contig is unaligned. (19837 bp)
		Unaligned bases: 19837  total: 3898002

CONTIG: contig396 (44745bp)
		This contig is unaligned. (44745 bp)
		Unaligned bases: 44745  total: 3942747

CONTIG: contig391 (13982bp)
		This contig is unaligned. (13982 bp)
		Unaligned bases: 13982  total: 3956729

CONTIG: contig390 (3491bp)
		This contig is unaligned. (3491 bp)
		Unaligned bases: 3491  total: 3960220

CONTIG: contig19 (712bp)
		This contig is unaligned. (712 bp)
		Unaligned bases: 712  total: 3960932

CONTIG: contig18 (15528bp)
		This contig is unaligned. (15528 bp)
		Unaligned bases: 15528  total: 3976460

CONTIG: contig483 (983bp)
		This contig is unaligned. (983 bp)
		Unaligned bases: 983  total: 3977443

CONTIG: contig352 (32812bp)
		This contig is unaligned. (32812 bp)
		Unaligned bases: 32812  total: 4010255

CONTIG: contig258 (3975bp)
		This contig is unaligned. (3975 bp)
		Unaligned bases: 3975  total: 4014230

CONTIG: contig259 (45852bp)
		This contig is unaligned. (45852 bp)
		Unaligned bases: 45852  total: 4060082

CONTIG: contig254 (40533bp)
		This contig is unaligned. (40533 bp)
		Unaligned bases: 40533  total: 4100615

CONTIG: contig255 (35067bp)
		This contig is unaligned. (35067 bp)
		Unaligned bases: 35067  total: 4135682

CONTIG: contig256 (23735bp)
		This contig is unaligned. (23735 bp)
		Unaligned bases: 23735  total: 4159417

CONTIG: contig257 (12517bp)
		This contig is unaligned. (12517 bp)
		Unaligned bases: 12517  total: 4171934

CONTIG: contig250 (26032bp)
		This contig is unaligned. (26032 bp)
		Unaligned bases: 26032  total: 4197966

CONTIG: contig251 (6239bp)
		This contig is unaligned. (6239 bp)
		Unaligned bases: 6239  total: 4204205

CONTIG: contig252 (10816bp)
		This contig is unaligned. (10816 bp)
		Unaligned bases: 10816  total: 4215021

CONTIG: contig253 (2040bp)
		This contig is unaligned. (2040 bp)
		Unaligned bases: 2040  total: 4217061

CONTIG: contig329 (14689bp)
		This contig is unaligned. (14689 bp)
		Unaligned bases: 14689  total: 4231750

CONTIG: contig163 (1752bp)
		This contig is unaligned. (1752 bp)
		Unaligned bases: 1752  total: 4233502

CONTIG: contig160 (20265bp)
		This contig is unaligned. (20265 bp)
		Unaligned bases: 20265  total: 4253767

CONTIG: contig161 (18363bp)
Top Length: 18363  Top ID: 100.0
		One align captures most of this contig: 33800 52162 | 18363 1 | 18363 18363 | 100.0 | gi|552530711|ref|NC_007488.2|_Rhodobacter_sphaeroides_2.4.1_plasmid_B__complete_sequence contig161

CONTIG: contig485 (41327bp)
		This contig is unaligned. (41327 bp)
		Unaligned bases: 41327  total: 4295094

CONTIG: contig310 (6873bp)
		This contig is unaligned. (6873 bp)
		Unaligned bases: 6873  total: 4301967

CONTIG: contig164 (1322bp)
		This contig is unaligned. (1322 bp)
		Unaligned bases: 1322  total: 4303289

CONTIG: contig325 (18153bp)
		This contig is unaligned. (18153 bp)
		Unaligned bases: 18153  total: 4321442

CONTIG: contig84 (1681bp)
		This contig is unaligned. (1681 bp)
		Unaligned bases: 1681  total: 4323123

CONTIG: contig530 (688bp)
		This contig is unaligned. (688 bp)
		Unaligned bases: 688  total: 4323811

CONTIG: contig87 (2144bp)
		This contig is unaligned. (2144 bp)
		Unaligned bases: 2144  total: 4325955

CONTIG: contig319 (20330bp)
		This contig is unaligned. (20330 bp)
		Unaligned bases: 20330  total: 4346285

CONTIG: contig318 (5938bp)
		This contig is unaligned. (5938 bp)
		Unaligned bases: 5938  total: 4352223

CONTIG: contig350 (17587bp)
		This contig is unaligned. (17587 bp)
		Unaligned bases: 17587  total: 4369810

CONTIG: contig83 (1477bp)
		This contig is unaligned. (1477 bp)
		Unaligned bases: 1477  total: 4371287

Analyzing coverage...
Writing SNPs into /usit/invitro/data/galaxy/master/sabbai/galaxy-dist/database/job_working_directory/000/727/dataset_764_files/contigs_reports/nucmer_output/RS-M-Velvet.used_snps
	Reference gi|552530711|ref|NC_007488.2|_Rhodobacter_sphaeroides_2.4.1_plasmid_B__complete_sequence: 12 total alignments. 1 total regions.
		Region: 1 to 114179 (114179 bp)
			Align 1: 1 1568 contig2 40 1606
				Negative gap (overlap) between this and next alignment: 1568 to 1540 (-28 bp)
				Next Alignment: 1540 7203 contig116 1 5664

			Previous gap was negative, modifying coordinates to ignore overlap
				Moving contig start from 1 to 30.
			Align 2: 1569 7203 contig116 30 5664
				Gap between this and next alignment: 7203 to 7323 (119 bp)
				Next Alignment: 7323 13890 contig262 6568 1

			Align 3: 7323 13890 contig262 6568 1
				Negative gap (overlap) between this and next alignment: 13890 to 13868 (-22 bp)
				Next Alignment: 13868 33812 contig126 1 19945

			Previous gap was negative, modifying coordinates to ignore overlap
				Moving contig start from 1 to 24.
			Align 4: 13891 33812 contig126 24 19945
				Negative gap (overlap) between this and next alignment: 33812 to 33800 (-12 bp)
				Next Alignment: 33800 52162 contig161 18363 1

			Previous gap was negative, modifying coordinates to ignore overlap
				Moving contig start from 18363 to 18350.
			Align 5: 33813 52162 contig161 18350 1
				Negative gap (overlap) between this and next alignment: 52162 to 52138 (-24 bp)
				Next Alignment: 52138 53010 contig220 1 873

			Previous gap was negative, modifying coordinates to ignore overlap
				Moving contig start from 1 to 26.
			Align 6: 52163 53010 contig220 26 873
				Negative gap (overlap) between this and next alignment: 53010 to 52981 (-29 bp)
				Next Alignment: 52981 95034 contig7 1 42054

			Previous gap was negative, modifying coordinates to ignore overlap
				Moving contig start from 1 to 31.
			Align 7: 53011 95034 contig7 31 42054
				Negative gap (overlap) between this and next alignment: 95034 to 95024 (-10 bp)
				Next Alignment: 95024 96601 contig551 1578 1

			Previous gap was negative, modifying coordinates to ignore overlap
				Moving contig start from 1578 to 1567.
			Align 8: 95035 96601 contig551 1567 1
				Negative gap (overlap) between this and next alignment: 96601 to 96574 (-27 bp)
				Next Alignment: 96574 101848 contig14 5275 1

			Previous gap was negative, modifying coordinates to ignore overlap
				Moving contig start from 5275 to 5247.
			Align 9: 96602 101848 contig14 5247 1
				Negative gap (overlap) between this and next alignment: 101848 to 101819 (-29 bp)
				Next Alignment: 101819 104777 contig139 2959 1

			Previous gap was negative, modifying coordinates to ignore overlap
				Moving contig start from 2959 to 2929.
			Align 10: 101849 104777 contig139 2929 1
				Gap between this and next alignment: 104777 to 104858 (80 bp)
				Next Alignment: 104858 111941 contig341 7084 1

			Align 11: 104858 111941 contig341 7084 1
				Negative gap (overlap) between this and next alignment: 111941 to 111914 (-27 bp)
				Next Alignment: 111914 114168 contig247 2255 1

			Previous gap was negative, modifying coordinates to ignore overlap
				Moving contig start from 2255 to 2227.
			Align 12: 111942 114168 contig247 2227 1
			END in gap: 114168 to 114179 (11 bp)

Analysis is finished!
Founded SNPs were written into /usit/invitro/data/galaxy/master/sabbai/galaxy-dist/database/job_working_directory/000/727/dataset_764_files/contigs_reports/nucmer_output/RS-M-Velvet.used_snps

Results:
	Local Misassemblies: 0
	Misassemblies: 0
		Relocations: 0
		Translocations: 0
		Inversions: 0
	Misassembled Contigs: 0
	Misassembled Contig Bases: 0
	Misassmblies Inter-Contig Overlap: 0
Uncovered Regions: 0 (0)
Unaligned Contigs: 320 + 1 part
Partially Unaligned Contigs with Misassemblies: 0
Unaligned Contig Bases: 4371326

Ambiguously Mapped Contigs: 0
Total Bases in Ambiguously Mapped Contigs: 0
Note that --allow-ambiguity option was set to "one" and only first alignment per each contig was used.

	Covered Bases: 113969

	SNPs: 10
	Insertions: 1
	Deletions: 2

	Positive Gaps: 3
		Internal Gaps:  0
		External Gaps:  3
		External Gap Total:  210
		External Gap Average: 70
	Negative Gaps: 9
		Internal Overlaps:  0
		External Overlaps:  9
		External Overlaps Total: -208
		External Overlaps Average: -23
	Contigs with Redundant Alignments: 0 (0)
