/usit/invitro/data/galaxy/master/sabbai/galaxy-dist/tools/assembly_benchmark/quast/quast.py -o /usit/invitro/data/galaxy/master/sabbai/galaxy-dist/database/job_working_directory/001/1513/dataset_1596_files/Contig -R /usit/invitro/data/galaxy/master/sabbai/galaxy-dist/database/files/000/dataset_676.dat /usit/invitro/data/galaxy/master/sabbai/galaxy-dist/database/files/000/dataset_488.dat

Version 2.2, build 19.07.2013 21:21


System information:
  OS: Linux-2.6.18-371.el5-x86_64-with-redhat-5.10-Tikanga
  Python version: 2.7.0
  CPUs number: 64

Started: 2014-04-22 13:16:46

Logging to /usit/invitro/data/galaxy/master/sabbai/galaxy-dist/database/job_working_directory/001/1513/dataset_1596_files/Contig/quast.log

NOTICE: Output directory already exists. Existing Nucmer alignments can be used.

NOTICE: Maximum number of threads is set to 64 (use --threads option to set it manually)

Reference:
  /usit/invitro/data/galaxy/master/sabbai/galaxy-dist/database/files/000/dataset_676.dat ==> dataset_676

Contigs:
  /usit/invitro/data/galaxy/master/sabbai/galaxy-dist/database/files/000/dataset_488.dat ==> dataset_488.dat

2014-04-22 13:17:03
Running Basic statistics processor...
  Reference genome:
    dataset_676.dat, Reference length = 4744448, Reference GC % = 61.55
  Contig files: 
    dataset_488.dat
  Calculating N50 and L50...
    dataset_488.dat, N50 = 180361, L50 = 9, Total length = 4886581, GC % = 61.61, # N's per 100 kbp =  0.00
  Drawing cumulative plot...
    saved to /usit/invitro/data/galaxy/master/sabbai/galaxy-dist/database/job_working_directory/001/1513/dataset_1596_files/Contig/basic_stats/cumulative_plot.pdf
  Drawing GC content plot...
    saved to /usit/invitro/data/galaxy/master/sabbai/galaxy-dist/database/job_working_directory/001/1513/dataset_1596_files/Contig/basic_stats/GC_content_plot.pdf
  Drawing Nx plot...
    saved to /usit/invitro/data/galaxy/master/sabbai/galaxy-dist/database/job_working_directory/001/1513/dataset_1596_files/Contig/basic_stats/Nx_plot.pdf
  Drawing NGx plot...
    saved to /usit/invitro/data/galaxy/master/sabbai/galaxy-dist/database/job_working_directory/001/1513/dataset_1596_files/Contig/basic_stats/NGx_plot.pdf
Done.

2014-04-22 13:17:05
Running Contig analyzer...
  dataset_488.dat
  Logging to files /usit/invitro/data/galaxy/master/sabbai/galaxy-dist/database/job_working_directory/001/1513/dataset_1596_files/Contig/contigs_reports/contigs_report_dataset_488.stdout and contigs_report_dataset_488.stderr...
  Running Nucmer... 
/usit/invitro/data/galaxy/master/sabbai/galaxy-dist/database/job_working_directory/001/1513/dataset_1596_files/Contig/contigs_reports/alignments_dataset_488.tsv
  Analysis is finished.
  Creating total report...
    saved to /usit/invitro/data/galaxy/master/sabbai/galaxy-dist/database/job_working_directory/001/1513/dataset_1596_files/Contig/contigs_reports/misassemblies_report.txt, misassemblies_report.tsv, and misassemblies_report.tex
  Creating total report...
    saved to /usit/invitro/data/galaxy/master/sabbai/galaxy-dist/database/job_working_directory/001/1513/dataset_1596_files/Contig/contigs_reports/unaligned_report.txt, unaligned_report.tsv, and unaligned_report.tex
Done.

2014-04-22 13:17:54
Running NA-NGA calculation...
  Calculating NA50 and NGA50...
    dataset_488.dat, Largest alignment = 52419, NA50 = None, NGA50 = None, LA50 = None, LGA50 = None
  Drawing cumulative plot...
    saved to /usit/invitro/data/galaxy/master/sabbai/galaxy-dist/database/job_working_directory/001/1513/dataset_1596_files/Contig/aligned_stats/cumulative_plot.pdf
  Drawing NAx plot...
    saved to /usit/invitro/data/galaxy/master/sabbai/galaxy-dist/database/job_working_directory/001/1513/dataset_1596_files/Contig/aligned_stats/NAx_plot.pdf
  Drawing NGAx plot...
    saved to /usit/invitro/data/galaxy/master/sabbai/galaxy-dist/database/job_working_directory/001/1513/dataset_1596_files/Contig/aligned_stats/NGAx_plot.pdf
  Done.

2014-04-22 13:17:55
Running Genome analyzer...
  NOTICE: Annotated genes file was not provided. Use -G option to specify it.
  NOTICE: Annotated operons file was not provided. Use -O option to specify it.
  dataset_488.dat
  Drawing Genome fraction, % histogram...
    saved to /usit/invitro/data/galaxy/master/sabbai/galaxy-dist/database/job_working_directory/001/1513/dataset_1596_files/Contig/genome_stats/genome_fraction_histogram.pdf
Done.

NOTICE: Genes are not predicted by default. Use --gene-finding option to enable it.

2014-04-22 13:17:56
Summarizing...
  Creating total report...
    saved to /usit/invitro/data/galaxy/master/sabbai/galaxy-dist/database/job_working_directory/001/1513/dataset_1596_files/Contig/report.txt, report.tsv, and report.tex
  Transposed version of total report...
    saved to /usit/invitro/data/galaxy/master/sabbai/galaxy-dist/database/job_working_directory/001/1513/dataset_1596_files/Contig/transposed_report.txt, transposed_report.tsv, and transposed_report.tex
  HTML version saved to /usit/invitro/data/galaxy/master/sabbai/galaxy-dist/database/job_working_directory/001/1513/dataset_1596_files/Contig/report.html
  All pdf files are merged to /usit/invitro/data/galaxy/master/sabbai/galaxy-dist/database/job_working_directory/001/1513/dataset_1596_files/Contig/plots.pdf
Log saved to /usit/invitro/data/galaxy/master/sabbai/galaxy-dist/database/job_working_directory/001/1513/dataset_1596_files/Contig/quast.log

Finished: 2014-04-22 13:17:57
Elapsed time: 0:01:10.099963
