Aligning contigs to reference...
	Running Nucmer...
Parsing coords...
Loading Assembly...
Loading reference...
	Loaded [gi|552536492|ref|NC_007494.2|_Rhodobacter_sphaeroides_2.4.1_chromosome_2__complete_sequence]
Loading SNPs...
Loading regions...
	No regions given, using whole reference.
	Total Regions: 1
	Total Region Length: 943018
Analyzing contigs...
CONTIG: contig39 (899bp)
		This contig is unaligned. (899 bp)
		Unaligned bases: 899  total: 899

CONTIG: contig38 (32522bp)
		This contig is unaligned. (32522 bp)
		Unaligned bases: 32522  total: 33421

CONTIG: contig35 (26196bp)
Top Length: 26196  Top ID: 99.99
		One align captures most of this contig: 254854 281048 | 26196 1 | 26195 26196 | 99.99 | gi|552536492|ref|NC_007494.2|_Rhodobacter_sphaeroides_2.4.1_chromosome_2__complete_sequence contig35

CONTIG: contig37 (21145bp)
		This contig is unaligned. (21145 bp)
		Unaligned bases: 21145  total: 54566

CONTIG: contig36 (2378bp)
Top Length: 2378  Top ID: 100.0
		One align captures most of this contig: 252575 254952 | 2378 1 | 2378 2378 | 100.0 | gi|552536492|ref|NC_007494.2|_Rhodobacter_sphaeroides_2.4.1_chromosome_2__complete_sequence contig36

CONTIG: contig30 (14777bp)
		This contig is unaligned. (14777 bp)
		Unaligned bases: 14777  total: 69343

CONTIG: contig33 (37878bp)
Top Length: 37878  Top ID: 99.99
		Marking as insignificant: 901889 902559 | 4165 4835 | 671 671 | 95.38 | gi|552536492|ref|NC_007494.2|_Rhodobacter_sphaeroides_2.4.1_chromosome_2__complete_sequence contig33
		Marking as insignificant: 904229 906439 | 4859 7069 | 2211 2211 | 96.2 | gi|552536492|ref|NC_007494.2|_Rhodobacter_sphaeroides_2.4.1_chromosome_2__complete_sequence contig33
		One align captures most of this contig: 707773 745650 | 37878 1 | 37878 37878 | 99.99 | gi|552536492|ref|NC_007494.2|_Rhodobacter_sphaeroides_2.4.1_chromosome_2__complete_sequence contig33

CONTIG: contig32 (14573bp)
Top Length: 14573  Top ID: 100.0
		Marking as insignificant: 704775 705589 | 1898 1085 | 815 814 | 96.07 | gi|552536492|ref|NC_007494.2|_Rhodobacter_sphaeroides_2.4.1_chromosome_2__complete_sequence contig32
		One align captures most of this contig: 745651 760223 | 14573 1 | 14573 14573 | 100.0 | gi|552536492|ref|NC_007494.2|_Rhodobacter_sphaeroides_2.4.1_chromosome_2__complete_sequence contig32

CONTIG: contig148 (22654bp)
		This contig is unaligned. (22654 bp)
		Unaligned bases: 22654  total: 91997

CONTIG: contig149 (15520bp)
		This contig is unaligned. (15520 bp)
		Unaligned bases: 15520  total: 107517

CONTIG: contig141 (4397bp)
		This contig is unaligned. (4397 bp)
		Unaligned bases: 4397  total: 111914

CONTIG: contig142 (45378bp)
		This contig is unaligned. (45378 bp)
		Unaligned bases: 45378  total: 157292

CONTIG: contig143 (20231bp)
		This contig is unaligned. (20231 bp)
		Unaligned bases: 20231  total: 177523

CONTIG: contig144 (2134bp)
		This contig is unaligned. (2134 bp)
		Unaligned bases: 2134  total: 179657

CONTIG: contig145 (4654bp)
		This contig is unaligned. (4654 bp)
		Unaligned bases: 4654  total: 184311

CONTIG: contig146 (37644bp)
		This contig is unaligned. (37644 bp)
		Unaligned bases: 37644  total: 221955

CONTIG: contig48 (5594bp)
Top Length: 5594  Top ID: 100.0
		One align captures most of this contig: 160381 165974 | 5594 1 | 5594 5594 | 100.0 | gi|552536492|ref|NC_007494.2|_Rhodobacter_sphaeroides_2.4.1_chromosome_2__complete_sequence contig48

CONTIG: contig49 (22177bp)
Top Length: 22177  Top ID: 100.0
		One align captures most of this contig: 138160 160336 | 22177 1 | 22177 22177 | 100.0 | gi|552536492|ref|NC_007494.2|_Rhodobacter_sphaeroides_2.4.1_chromosome_2__complete_sequence contig49

CONTIG: contig40 (37177bp)
		This contig is unaligned. (37177 bp)
		Unaligned bases: 37177  total: 259132

CONTIG: contig41 (10641bp)
		This contig is unaligned. (10641 bp)
		Unaligned bases: 10641  total: 269773

CONTIG: contig42 (2125bp)
		This contig is unaligned. (2125 bp)
		Unaligned bases: 2125  total: 271898

CONTIG: contig43 (11764bp)
		This contig is unaligned. (11764 bp)
		Unaligned bases: 11764  total: 283662

CONTIG: contig45 (10359bp)
		This contig is unaligned. (10359 bp)
		Unaligned bases: 10359  total: 294021

CONTIG: contig46 (583bp)
		This contig is unaligned. (583 bp)
		Unaligned bases: 583  total: 294604

CONTIG: contig47 (7679bp)
Top Length: 7679  Top ID: 100.0
		One align captures most of this contig: 165959 173637 | 7679 1 | 7679 7679 | 100.0 | gi|552536492|ref|NC_007494.2|_Rhodobacter_sphaeroides_2.4.1_chromosome_2__complete_sequence contig47

CONTIG: contig286 (26744bp)
		This contig is unaligned. (26744 bp)
		Unaligned bases: 26744  total: 321348

CONTIG: contig285 (3646bp)
		This contig is unaligned. (3646 bp)
		Unaligned bases: 3646  total: 324994

CONTIG: contig284 (522bp)
		This contig is unaligned. (522 bp)
		Unaligned bases: 522  total: 325516

CONTIG: contig283 (2618bp)
		This contig is unaligned. (2618 bp)
		Unaligned bases: 2618  total: 328134

CONTIG: contig282 (5122bp)
		This contig is unaligned. (5122 bp)
		Unaligned bases: 5122  total: 333256

CONTIG: contig281 (1867bp)
		This contig is unaligned. (1867 bp)
		Unaligned bases: 1867  total: 335123

CONTIG: contig280 (2522bp)
		This contig is unaligned. (2522 bp)
		Unaligned bases: 2522  total: 337645

CONTIG: contig324 (1536bp)
		This contig is unaligned. (1536 bp)
		Unaligned bases: 1536  total: 339181

CONTIG: contig325 (1143bp)
		This contig is unaligned. (1143 bp)
		Unaligned bases: 1143  total: 340324

CONTIG: contig326 (14413bp)
Top Length: 78  Top ID: 100.0
		This contig is partially unaligned. (78 out of 14413)
		Alignment: 373163 373240 | 1 78 | 78 78 | 100.0 | gi|552536492|ref|NC_007494.2|_Rhodobacter_sphaeroides_2.4.1_chromosome_2__complete_sequence contig326
		Unaligned bases: 79 to 14413 (14335)

CONTIG: contig327 (4934bp)
		This contig is unaligned. (4934 bp)
		Unaligned bases: 4934  total: 345258

CONTIG: contig320 (5975bp)
		This contig is unaligned. (5975 bp)
		Unaligned bases: 5975  total: 351233

CONTIG: contig321 (1619bp)
		This contig is unaligned. (1619 bp)
		Unaligned bases: 1619  total: 352852

CONTIG: contig322 (2061bp)
		This contig is unaligned. (2061 bp)
		Unaligned bases: 2061  total: 354913

CONTIG: contig288 (24674bp)
Top Length: 24674  Top ID: 100.0
		Marking as insignificant: 42754 42836 | 6997 6915 | 83 83 | 100.0 | gi|552536492|ref|NC_007494.2|_Rhodobacter_sphaeroides_2.4.1_chromosome_2__complete_sequence contig288
		One align captures most of this contig: 7545 32218 | 1 24674 | 24674 24674 | 100.0 | gi|552536492|ref|NC_007494.2|_Rhodobacter_sphaeroides_2.4.1_chromosome_2__complete_sequence contig288

CONTIG: contig210 (1122bp)
		This contig is unaligned. (1122 bp)
		Unaligned bases: 1122  total: 356035

CONTIG: contig211 (34030bp)
		This contig is unaligned. (34030 bp)
		Unaligned bases: 34030  total: 390065

CONTIG: contig212 (3179bp)
		This contig is unaligned. (3179 bp)
		Unaligned bases: 3179  total: 393244

CONTIG: contig213 (7813bp)
		This contig is unaligned. (7813 bp)
		Unaligned bases: 7813  total: 401057

CONTIG: contig214 (19089bp)
		This contig is unaligned. (19089 bp)
		Unaligned bases: 19089  total: 420146

CONTIG: contig215 (2150bp)
		This contig is unaligned. (2150 bp)
		Unaligned bases: 2150  total: 422296

CONTIG: contig216 (78970bp)
		This contig is unaligned. (78970 bp)
		Unaligned bases: 78970  total: 501266

CONTIG: contig218 (6303bp)
		This contig is unaligned. (6303 bp)
		Unaligned bases: 6303  total: 507569

CONTIG: contig350 (579bp)
		This contig is unaligned. (579 bp)
		Unaligned bases: 579  total: 508148

CONTIG: contig353 (22591bp)
		This contig is unaligned. (22591 bp)
		Unaligned bases: 22591  total: 530739

CONTIG: contig279 (15822bp)
		This contig is unaligned. (15822 bp)
		Unaligned bases: 15822  total: 546561

CONTIG: contig355 (1943bp)
		This contig is unaligned. (1943 bp)
		Unaligned bases: 1943  total: 548504

CONTIG: contig354 (8748bp)
		This contig is unaligned. (8748 bp)
		Unaligned bases: 8748  total: 557252

CONTIG: contig357 (1210bp)
		This contig is unaligned. (1210 bp)
		Unaligned bases: 1210  total: 558462

CONTIG: contig356 (29704bp)
		This contig is unaligned. (29704 bp)
		Unaligned bases: 29704  total: 588166

CONTIG: contig290 (2402bp)
		This contig is unaligned. (2402 bp)
		Unaligned bases: 2402  total: 590568

CONTIG: contig52 (10690bp)
		This contig is unaligned. (10690 bp)
		Unaligned bases: 10690  total: 601258

CONTIG: contig51 (28186bp)
		This contig is unaligned. (28186 bp)
		Unaligned bases: 28186  total: 629444

CONTIG: contig50 (1481bp)
Top Length: 1481  Top ID: 100.0
		One align captures most of this contig: 136796 138276 | 1481 1 | 1481 1481 | 100.0 | gi|552536492|ref|NC_007494.2|_Rhodobacter_sphaeroides_2.4.1_chromosome_2__complete_sequence contig50

CONTIG: contig294 (15762bp)
Top Length: 79  Top ID: 100.0
		This contig is partially unaligned. (79 out of 15762)
		Alignment: 706550 706628 | 15684 15762 | 79 79 | 100.0 | gi|552536492|ref|NC_007494.2|_Rhodobacter_sphaeroides_2.4.1_chromosome_2__complete_sequence contig294
		Unaligned bases: 1 to 15683 (15683)

CONTIG: contig295 (2283bp)
		This contig is unaligned. (2283 bp)
		Unaligned bases: 2283  total: 631727

CONTIG: contig296 (1447bp)
		This contig is unaligned. (1447 bp)
		Unaligned bases: 1447  total: 633174

CONTIG: contig297 (9078bp)
		This contig is unaligned. (9078 bp)
		Unaligned bases: 9078  total: 642252

CONTIG: contig104 (1125bp)
		This contig is unaligned. (1125 bp)
		Unaligned bases: 1125  total: 643377

CONTIG: contig105 (9472bp)
		This contig is unaligned. (9472 bp)
		Unaligned bases: 9472  total: 652849

CONTIG: contig106 (3705bp)
		This contig is unaligned. (3705 bp)
		Unaligned bases: 3705  total: 656554

CONTIG: contig107 (854bp)
		This contig is unaligned. (854 bp)
		Unaligned bases: 854  total: 657408

CONTIG: contig100 (71815bp)
		This contig is unaligned. (71815 bp)
		Unaligned bases: 71815  total: 729223

CONTIG: contig101 (12249bp)
		This contig is unaligned. (12249 bp)
		Unaligned bases: 12249  total: 741472

CONTIG: contig102 (8092bp)
		This contig is unaligned. (8092 bp)
		Unaligned bases: 8092  total: 749564

CONTIG: contig103 (6588bp)
		This contig is unaligned. (6588 bp)
		Unaligned bases: 6588  total: 756152

CONTIG: contig108 (8234bp)
		This contig is unaligned. (8234 bp)
		Unaligned bases: 8234  total: 764386

CONTIG: contig109 (1271bp)
		This contig is unaligned. (1271 bp)
		Unaligned bases: 1271  total: 765657

CONTIG: contig171 (44963bp)
		This contig is unaligned. (44963 bp)
		Unaligned bases: 44963  total: 810620

CONTIG: contig170 (957bp)
		This contig is unaligned. (957 bp)
		Unaligned bases: 957  total: 811577

CONTIG: contig173 (905bp)
		This contig is unaligned. (905 bp)
		Unaligned bases: 905  total: 812482

CONTIG: contig172 (14301bp)
		This contig is unaligned. (14301 bp)
		Unaligned bases: 14301  total: 826783

CONTIG: contig175 (46593bp)
		This contig is unaligned. (46593 bp)
		Unaligned bases: 46593  total: 873376

CONTIG: contig174 (115051bp)
		This contig is unaligned. (115051 bp)
		Unaligned bases: 115051  total: 988427

CONTIG: contig177 (36571bp)
		This contig is unaligned. (36571 bp)
		Unaligned bases: 36571  total: 1024998

CONTIG: contig176 (2969bp)
		This contig is unaligned. (2969 bp)
		Unaligned bases: 2969  total: 1027967

CONTIG: contig179 (16436bp)
		This contig is unaligned. (16436 bp)
		Unaligned bases: 16436  total: 1044403

CONTIG: contig178 (3031bp)
		This contig is unaligned. (3031 bp)
		Unaligned bases: 3031  total: 1047434

CONTIG: contig258 (1358bp)
		This contig is unaligned. (1358 bp)
		Unaligned bases: 1358  total: 1048792

CONTIG: contig259 (10018bp)
		This contig is unaligned. (10018 bp)
		Unaligned bases: 10018  total: 1058810

CONTIG: contig254 (7419bp)
		This contig is unaligned. (7419 bp)
		Unaligned bases: 7419  total: 1066229

CONTIG: contig255 (24568bp)
		This contig is unaligned. (24568 bp)
		Unaligned bases: 24568  total: 1090797

CONTIG: contig256 (1408bp)
		This contig is unaligned. (1408 bp)
		Unaligned bases: 1408  total: 1092205

CONTIG: contig257 (1316bp)
		This contig is unaligned. (1316 bp)
		Unaligned bases: 1316  total: 1093521

CONTIG: contig250 (2387bp)
		This contig is unaligned. (2387 bp)
		Unaligned bases: 2387  total: 1095908

CONTIG: contig251 (3702bp)
Top Length: 3649  Top ID: 100.0
		Skipping redundant alignment 5272 5350 | 1 79 | 79 79 | 100.0 | gi|552536492|ref|NC_007494.2|_Rhodobacter_sphaeroides_2.4.1_chromosome_2__complete_sequence contig251
		This contig is partially unaligned. (3649 out of 3702)
		Alignment: 38944 42592 | 1 3649 | 3649 3649 | 100.0 | gi|552536492|ref|NC_007494.2|_Rhodobacter_sphaeroides_2.4.1_chromosome_2__complete_sequence contig251
		Unaligned bases: 3650 to 3702 (53)

CONTIG: contig252 (11736bp)
Top Length: 11736  Top ID: 100.0
		Marking as insignificant: 14459 14541 | 250 168 | 83 83 | 100.0 | gi|552536492|ref|NC_007494.2|_Rhodobacter_sphaeroides_2.4.1_chromosome_2__complete_sequence contig252
		One align captures most of this contig: 42587 54322 | 1 11736 | 11736 11736 | 100.0 | gi|552536492|ref|NC_007494.2|_Rhodobacter_sphaeroides_2.4.1_chromosome_2__complete_sequence contig252

CONTIG: contig253 (1098bp)
Top Length: 1098  Top ID: 100.0
		One align captures most of this contig: 54221 55318 | 1 1098 | 1098 1098 | 100.0 | gi|552536492|ref|NC_007494.2|_Rhodobacter_sphaeroides_2.4.1_chromosome_2__complete_sequence contig253

CONTIG: contig315 (983bp)
		This contig is unaligned. (983 bp)
		Unaligned bases: 983  total: 1096891

CONTIG: contig314 (571bp)
Top Length: 79  Top ID: 100.0
		Skipping redundant alignment 38945 39022 | 1 78 | 78 78 | 100.0 | gi|552536492|ref|NC_007494.2|_Rhodobacter_sphaeroides_2.4.1_chromosome_2__complete_sequence contig314
		This contig is partially unaligned. (79 out of 571)
		Alignment: 5273 5351 | 1 79 | 79 79 | 100.0 | gi|552536492|ref|NC_007494.2|_Rhodobacter_sphaeroides_2.4.1_chromosome_2__complete_sequence contig314
		Unaligned bases: 80 to 571 (492)

CONTIG: contig317 (985bp)
Top Length: 985  Top ID: 100.0
		One align captures most of this contig: 651076 652060 | 985 1 | 985 985 | 100.0 | gi|552536492|ref|NC_007494.2|_Rhodobacter_sphaeroides_2.4.1_chromosome_2__complete_sequence contig317

CONTIG: contig316 (54677bp)
Top Length: 54677  Top ID: 100.0
		Marking as insignificant: 758326 759139 | 1854 1040 | 814 815 | 96.07 | gi|552536492|ref|NC_007494.2|_Rhodobacter_sphaeroides_2.4.1_chromosome_2__complete_sequence contig316
		One align captures most of this contig: 651952 706628 | 54677 1 | 54677 54677 | 100.0 | gi|552536492|ref|NC_007494.2|_Rhodobacter_sphaeroides_2.4.1_chromosome_2__complete_sequence contig316

CONTIG: contig311 (1477bp)
Top Length: 1477  Top ID: 100.0
		One align captures most of this contig: 96756 98232 | 1 1477 | 1477 1477 | 100.0 | gi|552536492|ref|NC_007494.2|_Rhodobacter_sphaeroides_2.4.1_chromosome_2__complete_sequence contig311

CONTIG: contig310 (41212bp)
Top Length: 41212  Top ID: 100.0
		One align captures most of this contig: 55636 96847 | 1 41212 | 41212 41212 | 100.0 | gi|552536492|ref|NC_007494.2|_Rhodobacter_sphaeroides_2.4.1_chromosome_2__complete_sequence contig310

CONTIG: contig313 (1304bp)
Top Length: 1304  Top ID: 100.0
		One align captures most of this contig: 250919 252222 | 1 1304 | 1304 1304 | 100.0 | gi|552536492|ref|NC_007494.2|_Rhodobacter_sphaeroides_2.4.1_chromosome_2__complete_sequence contig313

CONTIG: contig312 (7224bp)
Top Length: 7224  Top ID: 100.0
		One align captures most of this contig: 243789 251012 | 1 7224 | 7224 7224 | 100.0 | gi|552536492|ref|NC_007494.2|_Rhodobacter_sphaeroides_2.4.1_chromosome_2__complete_sequence contig312

CONTIG: contig319 (1122bp)
		This contig is unaligned. (1122 bp)
		Unaligned bases: 1122  total: 1098013

CONTIG: contig318 (945bp)
		This contig is unaligned. (945 bp)
		Unaligned bases: 945  total: 1098958

CONTIG: contig429 (22562bp)
Top Length: 22562  Top ID: 100.0
		One align captures most of this contig: 761515 784076 | 1 22562 | 22562 22562 | 100.0 | gi|552536492|ref|NC_007494.2|_Rhodobacter_sphaeroides_2.4.1_chromosome_2__complete_sequence contig429

CONTIG: contig428 (821bp)
Top Length: 821  Top ID: 100.0
		One align captures most of this contig: 760613 761433 | 1 821 | 821 821 | 100.0 | gi|552536492|ref|NC_007494.2|_Rhodobacter_sphaeroides_2.4.1_chromosome_2__complete_sequence contig428

CONTIG: contig427 (1221bp)
Top Length: 79  Top ID: 100.0
		This contig is partially unaligned. (79 out of 1221)
		Alignment: 42213 42291 | 79 1 | 79 79 | 100.0 | gi|552536492|ref|NC_007494.2|_Rhodobacter_sphaeroides_2.4.1_chromosome_2__complete_sequence contig427
		Unaligned bases: 80 to 1221 (1142)

CONTIG: contig425 (695bp)
		This contig is unaligned. (695 bp)
		Unaligned bases: 695  total: 1099653

CONTIG: contig424 (565bp)
		This contig is unaligned. (565 bp)
		Unaligned bases: 565  total: 1100218

CONTIG: contig423 (517bp)
Top Length: 517  Top ID: 100.0
		One align captures most of this contig: 706550 707066 | 517 1 | 517 517 | 100.0 | gi|552536492|ref|NC_007494.2|_Rhodobacter_sphaeroides_2.4.1_chromosome_2__complete_sequence contig423

CONTIG: contig229 (1168bp)
		This contig is unaligned. (1168 bp)
		Unaligned bases: 1168  total: 1101386

CONTIG: contig228 (16585bp)
		This contig is unaligned. (16585 bp)
		Unaligned bases: 16585  total: 1117971

CONTIG: contig221 (3127bp)
		This contig is unaligned. (3127 bp)
		Unaligned bases: 3127  total: 1121098

CONTIG: contig220 (50864bp)
		This contig is unaligned. (50864 bp)
		Unaligned bases: 50864  total: 1171962

CONTIG: contig223 (563bp)
		This contig is unaligned. (563 bp)
		Unaligned bases: 563  total: 1172525

CONTIG: contig222 (37027bp)
		This contig is unaligned. (37027 bp)
		Unaligned bases: 37027  total: 1209552

CONTIG: contig225 (598bp)
Top Length: 598  Top ID: 100.0
		One align captures most of this contig: 236709 237306 | 598 1 | 598 598 | 100.0 | gi|552536492|ref|NC_007494.2|_Rhodobacter_sphaeroides_2.4.1_chromosome_2__complete_sequence contig225

CONTIG: contig224 (6480bp)
Top Length: 6480  Top ID: 100.0
		One align captures most of this contig: 237194 243673 | 6480 1 | 6480 6480 | 100.0 | gi|552536492|ref|NC_007494.2|_Rhodobacter_sphaeroides_2.4.1_chromosome_2__complete_sequence contig224

CONTIG: contig227 (1050bp)
		This contig is unaligned. (1050 bp)
		Unaligned bases: 1050  total: 1210602

CONTIG: contig226 (28264bp)
		This contig is unaligned. (28264 bp)
		Unaligned bases: 28264  total: 1238866

CONTIG: contig138 (35791bp)
		This contig is unaligned. (35791 bp)
		Unaligned bases: 35791  total: 1274657

CONTIG: contig134 (15133bp)
		This contig is unaligned. (15133 bp)
		Unaligned bases: 15133  total: 1289790

CONTIG: contig137 (1523bp)
		This contig is unaligned. (1523 bp)
		Unaligned bases: 1523  total: 1291313

CONTIG: contig136 (3930bp)
		This contig is unaligned. (3930 bp)
		Unaligned bases: 3930  total: 1295243

CONTIG: contig131 (4738bp)
		This contig is unaligned. (4738 bp)
		Unaligned bases: 4738  total: 1299981

CONTIG: contig130 (32618bp)
		This contig is unaligned. (32618 bp)
		Unaligned bases: 32618  total: 1332599

CONTIG: contig132 (17460bp)
		This contig is unaligned. (17460 bp)
		Unaligned bases: 17460  total: 1350059

CONTIG: contig299 (7775bp)
		This contig is unaligned. (7775 bp)
		Unaligned bases: 7775  total: 1357834

CONTIG: contig59 (8421bp)
		This contig is unaligned. (8421 bp)
		Unaligned bases: 8421  total: 1366255

CONTIG: contig58 (1027bp)
		This contig is unaligned. (1027 bp)
		Unaligned bases: 1027  total: 1367282

CONTIG: contig53 (2912bp)
		This contig is unaligned. (2912 bp)
		Unaligned bases: 2912  total: 1370194

CONTIG: contig291 (1430bp)
		This contig is unaligned. (1430 bp)
		Unaligned bases: 1430  total: 1371624

CONTIG: contig292 (40328bp)
		This contig is unaligned. (40328 bp)
		Unaligned bases: 40328  total: 1411952

CONTIG: contig293 (1574bp)
		This contig is unaligned. (1574 bp)
		Unaligned bases: 1574  total: 1413526

CONTIG: contig57 (32243bp)
		This contig is unaligned. (32243 bp)
		Unaligned bases: 32243  total: 1445769

CONTIG: contig56 (28603bp)
		This contig is unaligned. (28603 bp)
		Unaligned bases: 28603  total: 1474372

CONTIG: contig55 (1901bp)
		This contig is unaligned. (1901 bp)
		Unaligned bases: 1901  total: 1476273

CONTIG: contig54 (51508bp)
		This contig is unaligned. (51508 bp)
		Unaligned bases: 51508  total: 1527781

CONTIG: contig3 (505bp)
		This contig is unaligned. (505 bp)
		Unaligned bases: 505  total: 1528286

CONTIG: contig2 (748bp)
		This contig is unaligned. (748 bp)
		Unaligned bases: 748  total: 1529034

CONTIG: contig1 (1636bp)
		This contig is unaligned. (1636 bp)
		Unaligned bases: 1636  total: 1530670

CONTIG: contig7 (1691bp)
		This contig is unaligned. (1691 bp)
		Unaligned bases: 1691  total: 1532361

CONTIG: contig6 (31957bp)
		This contig is unaligned. (31957 bp)
		Unaligned bases: 31957  total: 1564318

CONTIG: contig4 (1732bp)
		This contig is unaligned. (1732 bp)
		Unaligned bases: 1732  total: 1566050

CONTIG: contig9 (20020bp)
		This contig is unaligned. (20020 bp)
		Unaligned bases: 20020  total: 1586070

CONTIG: contig8 (5989bp)
		This contig is unaligned. (5989 bp)
		Unaligned bases: 5989  total: 1592059

CONTIG: contig265 (803bp)
		This contig is unaligned. (803 bp)
		Unaligned bases: 803  total: 1592862

CONTIG: contig264 (6572bp)
		This contig is unaligned. (6572 bp)
		Unaligned bases: 6572  total: 1599434

CONTIG: contig348 (6162bp)
		This contig is unaligned. (6162 bp)
		Unaligned bases: 6162  total: 1605596

CONTIG: contig349 (811bp)
		This contig is unaligned. (811 bp)
		Unaligned bases: 811  total: 1606407

CONTIG: contig261 (8983bp)
		This contig is unaligned. (8983 bp)
		Unaligned bases: 8983  total: 1615390

CONTIG: contig260 (2030bp)
		This contig is unaligned. (2030 bp)
		Unaligned bases: 2030  total: 1617420

CONTIG: contig263 (616bp)
		This contig is unaligned. (616 bp)
		Unaligned bases: 616  total: 1618036

CONTIG: contig262 (937bp)
		This contig is unaligned. (937 bp)
		Unaligned bases: 937  total: 1618973

CONTIG: contig342 (3620bp)
		This contig is unaligned. (3620 bp)
		Unaligned bases: 3620  total: 1622593

CONTIG: contig340 (5789bp)
		This contig is unaligned. (5789 bp)
		Unaligned bases: 5789  total: 1628382

CONTIG: contig341 (3399bp)
		This contig is unaligned. (3399 bp)
		Unaligned bases: 3399  total: 1631781

CONTIG: contig346 (5855bp)
		This contig is unaligned. (5855 bp)
		Unaligned bases: 5855  total: 1637636

CONTIG: contig347 (1444bp)
Top Length: 79  Top ID: 100.0
		This contig is partially unaligned. (79 out of 1444)
		Alignment: 942614 942692 | 1366 1444 | 79 79 | 100.0 | gi|552536492|ref|NC_007494.2|_Rhodobacter_sphaeroides_2.4.1_chromosome_2__complete_sequence contig347
		Unaligned bases: 1 to 1365 (1365)

CONTIG: contig344 (2084bp)
		This contig is unaligned. (2084 bp)
		Unaligned bases: 2084  total: 1639720

CONTIG: contig345 (1236bp)
		This contig is unaligned. (1236 bp)
		Unaligned bases: 1236  total: 1640956

CONTIG: contig268 (2185bp)
		This contig is unaligned. (2185 bp)
		Unaligned bases: 2185  total: 1643141

CONTIG: contig371 (32905bp)
		This contig is unaligned. (32905 bp)
		Unaligned bases: 32905  total: 1676046

CONTIG: contig17 (38539bp)
Top Length: 38539  Top ID: 99.99
		Marking as insignificant: 740816 741486 | 19544 20214 | 671 671 | 95.38 | gi|552536492|ref|NC_007494.2|_Rhodobacter_sphaeroides_2.4.1_chromosome_2__complete_sequence contig17
		Marking as insignificant: 737711 738582 | 1 872 | 872 872 | 95.76 | gi|552536492|ref|NC_007494.2|_Rhodobacter_sphaeroides_2.4.1_chromosome_2__complete_sequence contig17
		Marking as insignificant: 738579 740792 | 15661 17874 | 2214 2214 | 96.21 | gi|552536492|ref|NC_007494.2|_Rhodobacter_sphaeroides_2.4.1_chromosome_2__complete_sequence contig17
		One align captures most of this contig: 883564 922102 | 38539 1 | 38539 38539 | 99.99 | gi|552536492|ref|NC_007494.2|_Rhodobacter_sphaeroides_2.4.1_chromosome_2__complete_sequence contig17

CONTIG: contig16 (652bp)
		This contig is unaligned. (652 bp)
		Unaligned bases: 652  total: 1676698

CONTIG: contig15 (1577bp)
		This contig is unaligned. (1577 bp)
		Unaligned bases: 1577  total: 1678275

CONTIG: contig14 (8090bp)
		This contig is unaligned. (8090 bp)
		Unaligned bases: 8090  total: 1686365

CONTIG: contig13 (11108bp)
		This contig is unaligned. (11108 bp)
		Unaligned bases: 11108  total: 1697473

CONTIG: contig11 (22081bp)
		This contig is unaligned. (22081 bp)
		Unaligned bases: 22081  total: 1719554

CONTIG: contig10 (1486bp)
		This contig is unaligned. (1486 bp)
		Unaligned bases: 1486  total: 1721040

CONTIG: contig328 (24662bp)
		This contig is unaligned. (24662 bp)
		Unaligned bases: 24662  total: 1745702

CONTIG: contig19 (13787bp)
		This contig is unaligned. (13787 bp)
		Unaligned bases: 13787  total: 1759489

CONTIG: contig162 (43430bp)
		This contig is unaligned. (43430 bp)
		Unaligned bases: 43430  total: 1802919

CONTIG: contig163 (14676bp)
		This contig is unaligned. (14676 bp)
		Unaligned bases: 14676  total: 1817595

CONTIG: contig160 (36020bp)
Top Length: 21621  Top ID: 99.99
		This contig is misassembled. 2 total aligns.
			Real Alignment 1: 100428 114920 | 36020 21527 | 14493 14494 | 99.99 | gi|552536492|ref|NC_007494.2|_Rhodobacter_sphaeroides_2.4.1_chromosome_2__complete_sequence contig160
			  Gap between these two alignments (local misassembly). Inconsistency = 94
			Real Alignment 2: 114920 136538 | 21621 1 | 21619 21621 | 99.99 | gi|552536492|ref|NC_007494.2|_Rhodobacter_sphaeroides_2.4.1_chromosome_2__complete_sequence contig160

CONTIG: contig161 (1875bp)
Top Length: 1875  Top ID: 100.0
		One align captures most of this contig: 98660 100534 | 1875 1 | 1875 1875 | 100.0 | gi|552536492|ref|NC_007494.2|_Rhodobacter_sphaeroides_2.4.1_chromosome_2__complete_sequence contig161

CONTIG: contig88 (1733bp)
		This contig is unaligned. (1733 bp)
		Unaligned bases: 1733  total: 1819328

CONTIG: contig167 (5864bp)
		This contig is unaligned. (5864 bp)
		Unaligned bases: 5864  total: 1825192

CONTIG: contig164 (1737bp)
		This contig is unaligned. (1737 bp)
		Unaligned bases: 1737  total: 1826929

CONTIG: contig165 (3654bp)
		This contig is unaligned. (3654 bp)
		Unaligned bases: 3654  total: 1830583

CONTIG: contig84 (5276bp)
		This contig is unaligned. (5276 bp)
		Unaligned bases: 5276  total: 1835859

CONTIG: contig168 (2093bp)
		This contig is unaligned. (2093 bp)
		Unaligned bases: 2093  total: 1837952

CONTIG: contig169 (1299bp)
		This contig is unaligned. (1299 bp)
		Unaligned bases: 1299  total: 1839251

CONTIG: contig80 (4323bp)
		This contig is unaligned. (4323 bp)
		Unaligned bases: 4323  total: 1843574

CONTIG: contig81 (18759bp)
		This contig is unaligned. (18759 bp)
		Unaligned bases: 18759  total: 1862333

CONTIG: contig82 (13289bp)
Top Length: 13289  Top ID: 100.0
		One align captures most of this contig: 923832 937120 | 1 13289 | 13289 13289 | 100.0 | gi|552536492|ref|NC_007494.2|_Rhodobacter_sphaeroides_2.4.1_chromosome_2__complete_sequence contig82

CONTIG: contig83 (2895bp)
Top Length: 2895  Top ID: 100.0
		One align captures most of this contig: 937010 939904 | 1 2895 | 2895 2895 | 100.0 | gi|552536492|ref|NC_007494.2|_Rhodobacter_sphaeroides_2.4.1_chromosome_2__complete_sequence contig83

CONTIG: contig289 (1419bp)
Top Length: 1419  Top ID: 100.0
		Marking as insignificant: 942733 942870 | 1282 1419 | 138 138 | 98.55 | gi|552536492|ref|NC_007494.2|_Rhodobacter_sphaeroides_2.4.1_chromosome_2__complete_sequence contig289
		One align captures most of this contig: 32107 33525 | 1 1419 | 1419 1419 | 100.0 | gi|552536492|ref|NC_007494.2|_Rhodobacter_sphaeroides_2.4.1_chromosome_2__complete_sequence contig289

CONTIG: contig306 (55030bp)
		This contig is unaligned. (55030 bp)
		Unaligned bases: 55030  total: 1917363

CONTIG: contig307 (741bp)
		This contig is unaligned. (741 bp)
		Unaligned bases: 741  total: 1918104

CONTIG: contig304 (18260bp)
		This contig is unaligned. (18260 bp)
		Unaligned bases: 18260  total: 1936364

CONTIG: contig305 (1236bp)
		This contig is unaligned. (1236 bp)
		Unaligned bases: 1236  total: 1937600

CONTIG: contig303 (26642bp)
		This contig is unaligned. (26642 bp)
		Unaligned bases: 26642  total: 1964242

CONTIG: contig300 (500bp)
		This contig is unaligned. (500 bp)
		Unaligned bases: 500  total: 1964742

CONTIG: contig301 (69253bp)
		This contig is unaligned. (69253 bp)
		Unaligned bases: 69253  total: 2033995

CONTIG: contig308 (16889bp)
		This contig is unaligned. (16889 bp)
		Unaligned bases: 16889  total: 2050884

CONTIG: contig309 (3152bp)
		This contig is unaligned. (3152 bp)
		Unaligned bases: 3152  total: 2054036

CONTIG: contig430 (670bp)
Top Length: 670  Top ID: 100.0
		One align captures most of this contig: 783970 784639 | 1 670 | 670 670 | 100.0 | gi|552536492|ref|NC_007494.2|_Rhodobacter_sphaeroides_2.4.1_chromosome_2__complete_sequence contig430

CONTIG: contig431 (1654bp)
Top Length: 1654  Top ID: 100.0
		One align captures most of this contig: 337859 339512 | 1 1654 | 1654 1654 | 100.0 | gi|552536492|ref|NC_007494.2|_Rhodobacter_sphaeroides_2.4.1_chromosome_2__complete_sequence contig431

CONTIG: contig432 (1712bp)
Top Length: 1712  Top ID: 100.0
		Marking as insignificant: 38945 39022 | 1 78 | 78 78 | 100.0 | gi|552536492|ref|NC_007494.2|_Rhodobacter_sphaeroides_2.4.1_chromosome_2__complete_sequence contig432
		One align captures most of this contig: 5273 6984 | 1 1712 | 1712 1712 | 100.0 | gi|552536492|ref|NC_007494.2|_Rhodobacter_sphaeroides_2.4.1_chromosome_2__complete_sequence contig432

CONTIG: contig433 (1862bp)
Top Length: 1862  Top ID: 100.0
		One align captures most of this contig: 922049 923910 | 1 1862 | 1862 1862 | 100.0 | gi|552536492|ref|NC_007494.2|_Rhodobacter_sphaeroides_2.4.1_chromosome_2__complete_sequence contig433

CONTIG: contig434 (2343bp)
		This contig is unaligned. (2343 bp)
		Unaligned bases: 2343  total: 2056379

CONTIG: contig435 (2710bp)
		This contig is unaligned. (2710 bp)
		Unaligned bases: 2710  total: 2059089

CONTIG: contig436 (2170bp)
		This contig is unaligned. (2170 bp)
		Unaligned bases: 2170  total: 2061259

CONTIG: contig437 (4478bp)
Top Length: 4478  Top ID: 100.0
		This contig has 2 significant alignments. [An ambiguously mapped contig]
		Using only first of these alignment (option --ambiguity-usage is set to "one"):
		Alignment: 239 4716 | 1 4478 | 4478 4478 | 100.0 | gi|552536492|ref|NC_007494.2|_Rhodobacter_sphaeroides_2.4.1_chromosome_2__complete_sequence contig437
		Skipping alignment  33912 38388 | 1 4478 | 4477 4478 | 99.98 | gi|552536492|ref|NC_007494.2|_Rhodobacter_sphaeroides_2.4.1_chromosome_2__complete_sequence contig437

CONTIG: contig438 (17233bp)
		This contig is unaligned. (17233 bp)
		Unaligned bases: 17233  total: 2078492

CONTIG: contig439 (1208bp)
Top Length: 71  Top ID: 100.0
		This contig is partially unaligned. (71 out of 1208)
		Alignment: 42522 42592 | 1208 1138 | 71 71 | 100.0 | gi|552536492|ref|NC_007494.2|_Rhodobacter_sphaeroides_2.4.1_chromosome_2__complete_sequence contig439
		Unaligned bases: 1 to 1137 (1137)

CONTIG: contig266 (27623bp)
		This contig is unaligned. (27623 bp)
		Unaligned bases: 27623  total: 2106115

CONTIG: contig238 (648bp)
		This contig is unaligned. (648 bp)
		Unaligned bases: 648  total: 2106763

CONTIG: contig231 (1986bp)
Top Length: 1986  Top ID: 100.0
		One align captures most of this contig: 486434 488419 | 1 1986 | 1986 1986 | 100.0 | gi|552536492|ref|NC_007494.2|_Rhodobacter_sphaeroides_2.4.1_chromosome_2__complete_sequence contig231

CONTIG: contig234 (2411bp)
		This contig is unaligned. (2411 bp)
		Unaligned bases: 2411  total: 2109174

CONTIG: contig235 (507bp)
Top Length: 79  Top ID: 100.0
		This contig is partially unaligned. (79 out of 507)
		Alignment: 373163 373241 | 507 429 | 79 79 | 100.0 | gi|552536492|ref|NC_007494.2|_Rhodobacter_sphaeroides_2.4.1_chromosome_2__complete_sequence contig235
		Unaligned bases: 1 to 428 (428)

CONTIG: contig128 (28808bp)
Top Length: 28808  Top ID: 100.0
		One align captures most of this contig: 491051 519858 | 28808 1 | 28808 28808 | 100.0 | gi|552536492|ref|NC_007494.2|_Rhodobacter_sphaeroides_2.4.1_chromosome_2__complete_sequence contig128

CONTIG: contig129 (2425bp)
Top Length: 2425  Top ID: 100.0
		One align captures most of this contig: 488753 491177 | 2425 1 | 2425 2425 | 100.0 | gi|552536492|ref|NC_007494.2|_Rhodobacter_sphaeroides_2.4.1_chromosome_2__complete_sequence contig129

CONTIG: contig126 (5754bp)
Top Length: 5754  Top ID: 100.0
		One align captures most of this contig: 642192 647945 | 5754 1 | 5754 5754 | 100.0 | gi|552536492|ref|NC_007494.2|_Rhodobacter_sphaeroides_2.4.1_chromosome_2__complete_sequence contig126

CONTIG: contig127 (1697bp)
Top Length: 1697  Top ID: 100.0
		One align captures most of this contig: 640594 642290 | 1697 1 | 1697 1697 | 100.0 | gi|552536492|ref|NC_007494.2|_Rhodobacter_sphaeroides_2.4.1_chromosome_2__complete_sequence contig127

CONTIG: contig125 (2824bp)
Top Length: 2824  Top ID: 100.0
		One align captures most of this contig: 647930 650753 | 2824 1 | 2824 2824 | 100.0 | gi|552536492|ref|NC_007494.2|_Rhodobacter_sphaeroides_2.4.1_chromosome_2__complete_sequence contig125

CONTIG: contig123 (10081bp)
Top Length: 10081  Top ID: 100.0
		One align captures most of this contig: 361632 371712 | 10081 1 | 10081 10081 | 100.0 | gi|552536492|ref|NC_007494.2|_Rhodobacter_sphaeroides_2.4.1_chromosome_2__complete_sequence contig123

CONTIG: contig120 (1333bp)
		This contig is unaligned. (1333 bp)
		Unaligned bases: 1333  total: 2110507

CONTIG: contig121 (933bp)
Top Length: 146  Top ID: 99.32
		This contig is partially unaligned. (146 out of 933)
		Alignment: 202447 202592 | 834 689 | 146 146 | 99.32 | gi|552536492|ref|NC_007494.2|_Rhodobacter_sphaeroides_2.4.1_chromosome_2__complete_sequence contig121
		Unaligned bases: 1 to 688 (688)
		Unaligned bases: 835 to 933 (99)

CONTIG: contig69 (13588bp)
		This contig is unaligned. (13588 bp)
		Unaligned bases: 13588  total: 2124095

CONTIG: contig66 (25070bp)
		This contig is unaligned. (25070 bp)
		Unaligned bases: 25070  total: 2149165

CONTIG: contig67 (1235bp)
		This contig is unaligned. (1235 bp)
		Unaligned bases: 1235  total: 2150400

CONTIG: contig64 (9785bp)
		This contig is unaligned. (9785 bp)
		Unaligned bases: 9785  total: 2160185

CONTIG: contig65 (1089bp)
		This contig is unaligned. (1089 bp)
		Unaligned bases: 1089  total: 2161274

CONTIG: contig62 (30407bp)
		This contig is unaligned. (30407 bp)
		Unaligned bases: 30407  total: 2191681

CONTIG: contig63 (850bp)
		This contig is unaligned. (850 bp)
		Unaligned bases: 850  total: 2192531

CONTIG: contig60 (50643bp)
		This contig is unaligned. (50643 bp)
		Unaligned bases: 50643  total: 2243174

CONTIG: contig61 (2803bp)
		This contig is unaligned. (2803 bp)
		Unaligned bases: 2803  total: 2245977

CONTIG: contig199 (761bp)
		This contig is unaligned. (761 bp)
		Unaligned bases: 761  total: 2246738

CONTIG: contig198 (2771bp)
		This contig is unaligned. (2771 bp)
		Unaligned bases: 2771  total: 2249509

CONTIG: contig193 (32275bp)
Top Length: 32275  Top ID: 100.0
		One align captures most of this contig: 850718 882992 | 32275 1 | 32275 32275 | 100.0 | gi|552536492|ref|NC_007494.2|_Rhodobacter_sphaeroides_2.4.1_chromosome_2__complete_sequence contig193

CONTIG: contig192 (1503bp)
		This contig is unaligned. (1503 bp)
		Unaligned bases: 1503  total: 2251012

CONTIG: contig191 (8592bp)
Top Length: 79  Top ID: 100.0
		This contig is partially unaligned. (79 out of 8592)
		Alignment: 373162 373240 | 1 79 | 79 79 | 100.0 | gi|552536492|ref|NC_007494.2|_Rhodobacter_sphaeroides_2.4.1_chromosome_2__complete_sequence contig191
		Unaligned bases: 80 to 8592 (8513)

CONTIG: contig190 (630bp)
		This contig is unaligned. (630 bp)
		Unaligned bases: 630  total: 2251642

CONTIG: contig197 (4908bp)
		This contig is unaligned. (4908 bp)
		Unaligned bases: 4908  total: 2256550

CONTIG: contig196 (755bp)
		This contig is unaligned. (755 bp)
		Unaligned bases: 755  total: 2257305

CONTIG: contig195 (32606bp)
		This contig is unaligned. (32606 bp)
		Unaligned bases: 32606  total: 2289911

CONTIG: contig151 (3936bp)
		This contig is unaligned. (3936 bp)
		Unaligned bases: 3936  total: 2293847

CONTIG: contig150 (8729bp)
		This contig is unaligned. (8729 bp)
		Unaligned bases: 8729  total: 2302576

CONTIG: contig276 (38597bp)
Top Length: 38597  Top ID: 100.0
		One align captures most of this contig: 296720 335316 | 38597 1 | 38597 38597 | 100.0 | gi|552536492|ref|NC_007494.2|_Rhodobacter_sphaeroides_2.4.1_chromosome_2__complete_sequence contig276

CONTIG: contig274 (6949bp)
		This contig is unaligned. (6949 bp)
		Unaligned bases: 6949  total: 2309525

CONTIG: contig275 (1762bp)
		This contig is unaligned. (1762 bp)
		Unaligned bases: 1762  total: 2311287

CONTIG: contig272 (15849bp)
Top Length: 15849  Top ID: 100.0
		One align captures most of this contig: 469741 485589 | 1 15849 | 15849 15849 | 100.0 | gi|552536492|ref|NC_007494.2|_Rhodobacter_sphaeroides_2.4.1_chromosome_2__complete_sequence contig272

CONTIG: contig273 (588bp)
Top Length: 588  Top ID: 100.0
		One align captures most of this contig: 485486 486073 | 1 588 | 588 588 | 100.0 | gi|552536492|ref|NC_007494.2|_Rhodobacter_sphaeroides_2.4.1_chromosome_2__complete_sequence contig273

CONTIG: contig270 (31637bp)
Top Length: 31637  Top ID: 99.99
		One align captures most of this contig: 424001 455637 | 1 31637 | 31637 31637 | 99.99 | gi|552536492|ref|NC_007494.2|_Rhodobacter_sphaeroides_2.4.1_chromosome_2__complete_sequence contig270

CONTIG: contig271 (14132bp)
Top Length: 14132  Top ID: 100.0
		One align captures most of this contig: 455614 469745 | 1 14132 | 14132 14132 | 100.0 | gi|552536492|ref|NC_007494.2|_Rhodobacter_sphaeroides_2.4.1_chromosome_2__complete_sequence contig271

CONTIG: contig375 (1356bp)
		This contig is unaligned. (1356 bp)
		Unaligned bases: 1356  total: 2312643

CONTIG: contig374 (15043bp)
		This contig is unaligned. (15043 bp)
		Unaligned bases: 15043  total: 2327686

CONTIG: contig373 (1211bp)
		This contig is unaligned. (1211 bp)
		Unaligned bases: 1211  total: 2328897

CONTIG: contig372 (839bp)
		This contig is unaligned. (839 bp)
		Unaligned bases: 839  total: 2329736

CONTIG: contig278 (24086bp)
		This contig is unaligned. (24086 bp)
		Unaligned bases: 24086  total: 2353822

CONTIG: contig370 (2148bp)
		This contig is unaligned. (2148 bp)
		Unaligned bases: 2148  total: 2355970

CONTIG: contig401 (1804bp)
		This contig is unaligned. (1804 bp)
		Unaligned bases: 1804  total: 2357774

CONTIG: contig400 (1409bp)
		This contig is unaligned. (1409 bp)
		Unaligned bases: 1409  total: 2359183

CONTIG: contig359 (1813bp)
		This contig is unaligned. (1813 bp)
		Unaligned bases: 1813  total: 2360996

CONTIG: contig358 (7172bp)
		This contig is unaligned. (7172 bp)
		Unaligned bases: 7172  total: 2368168

CONTIG: contig351 (30253bp)
		This contig is unaligned. (30253 bp)
		Unaligned bases: 30253  total: 2398421

CONTIG: contig219 (651bp)
		This contig is unaligned. (651 bp)
		Unaligned bases: 651  total: 2399072

CONTIG: contig352 (661bp)
		This contig is unaligned. (661 bp)
		Unaligned bases: 661  total: 2399733

CONTIG: contig28 (65205bp)
Top Length: 42874  Top ID: 100.0
		Skipping redundant alignment 796637 806719 | 11677 21767 | 10083 10091 | 99.92 | gi|552536492|ref|NC_007494.2|_Rhodobacter_sphaeroides_2.4.1_chromosome_2__complete_sequence contig28
		This contig is misassembled. 3 total aligns.
			Real Alignment 1: 784961 806719 | 1 21759 | 21759 21759 | 100.0 | gi|552536492|ref|NC_007494.2|_Rhodobacter_sphaeroides_2.4.1_chromosome_2__complete_sequence contig28
			  Overlap between these two alignments (local misassembly). Inconsistency = -664
			Real Alignment 2: 806628 849501 | 22332 65205 | 42874 42874 | 100.0 | gi|552536492|ref|NC_007494.2|_Rhodobacter_sphaeroides_2.4.1_chromosome_2__complete_sequence contig28

CONTIG: contig29 (698bp)
Top Length: 698  Top ID: 100.0
		One align captures most of this contig: 849377 850074 | 1 698 | 698 698 | 100.0 | gi|552536492|ref|NC_007494.2|_Rhodobacter_sphaeroides_2.4.1_chromosome_2__complete_sequence contig29

CONTIG: contig22 (4614bp)
		This contig is unaligned. (4614 bp)
		Unaligned bases: 4614  total: 2404347

CONTIG: contig23 (865bp)
		This contig is unaligned. (865 bp)
		Unaligned bases: 865  total: 2405212

CONTIG: contig20 (55325bp)
		This contig is unaligned. (55325 bp)
		Unaligned bases: 55325  total: 2460537

CONTIG: contig26 (3298bp)
		This contig is unaligned. (3298 bp)
		Unaligned bases: 3298  total: 2463835

CONTIG: contig24 (12958bp)
		This contig is unaligned. (12958 bp)
		Unaligned bases: 12958  total: 2476793

CONTIG: contig25 (1351bp)
		This contig is unaligned. (1351 bp)
		Unaligned bases: 1351  total: 2478144

CONTIG: contig380 (4729bp)
		This contig is unaligned. (4729 bp)
		Unaligned bases: 4729  total: 2482873

CONTIG: contig381 (1175bp)
		This contig is unaligned. (1175 bp)
		Unaligned bases: 1175  total: 2484048

CONTIG: contig157 (1196bp)
Top Length: 1196  Top ID: 100.0
		One align captures most of this contig: 409950 411145 | 1196 1 | 1196 1196 | 100.0 | gi|552536492|ref|NC_007494.2|_Rhodobacter_sphaeroides_2.4.1_chromosome_2__complete_sequence contig157

CONTIG: contig156 (12423bp)
Top Length: 12423  Top ID: 100.0
		One align captures most of this contig: 411165 423587 | 12423 1 | 12423 12423 | 100.0 | gi|552536492|ref|NC_007494.2|_Rhodobacter_sphaeroides_2.4.1_chromosome_2__complete_sequence contig156

CONTIG: contig155 (3387bp)
		This contig is unaligned. (3387 bp)
		Unaligned bases: 3387  total: 2487435

CONTIG: contig154 (568bp)
		This contig is unaligned. (568 bp)
		Unaligned bases: 568  total: 2488003

CONTIG: contig153 (665bp)
		This contig is unaligned. (665 bp)
		Unaligned bases: 665  total: 2488668

CONTIG: contig152 (643bp)
		This contig is unaligned. (643 bp)
		Unaligned bases: 643  total: 2489311

CONTIG: contig99 (6737bp)
		This contig is unaligned. (6737 bp)
		Unaligned bases: 6737  total: 2496048

CONTIG: contig98 (12631bp)
		This contig is unaligned. (12631 bp)
		Unaligned bases: 12631  total: 2508679

CONTIG: contig97 (2208bp)
Top Length: 2208  Top ID: 100.0
		One align captures most of this contig: 234264 236471 | 1 2208 | 2208 2208 | 100.0 | gi|552536492|ref|NC_007494.2|_Rhodobacter_sphaeroides_2.4.1_chromosome_2__complete_sequence contig97

CONTIG: contig96 (10364bp)
Top Length: 10364  Top ID: 100.0
		One align captures most of this contig: 224000 234363 | 1 10364 | 10364 10364 | 100.0 | gi|552536492|ref|NC_007494.2|_Rhodobacter_sphaeroides_2.4.1_chromosome_2__complete_sequence contig96

CONTIG: contig95 (50094bp)
Top Length: 50094  Top ID: 100.0
		One align captures most of this contig: 173922 224015 | 1 50094 | 50094 50094 | 100.0 | gi|552536492|ref|NC_007494.2|_Rhodobacter_sphaeroides_2.4.1_chromosome_2__complete_sequence contig95

CONTIG: contig93 (5963bp)
		This contig is unaligned. (5963 bp)
		Unaligned bases: 5963  total: 2514642

CONTIG: contig92 (5499bp)
		This contig is unaligned. (5499 bp)
		Unaligned bases: 5499  total: 2520141

CONTIG: contig91 (68751bp)
		This contig is unaligned. (68751 bp)
		Unaligned bases: 68751  total: 2588892

CONTIG: contig90 (1960bp)
		This contig is unaligned. (1960 bp)
		Unaligned bases: 1960  total: 2590852

CONTIG: contig339 (761bp)
Top Length: 761  Top ID: 100.0
		One align captures most of this contig: 941932 942692 | 1 761 | 761 761 | 100.0 | gi|552536492|ref|NC_007494.2|_Rhodobacter_sphaeroides_2.4.1_chromosome_2__complete_sequence contig339

CONTIG: contig338 (1870bp)
Top Length: 1870  Top ID: 100.0
		One align captures most of this contig: 940174 942043 | 1 1870 | 1870 1870 | 100.0 | gi|552536492|ref|NC_007494.2|_Rhodobacter_sphaeroides_2.4.1_chromosome_2__complete_sequence contig338

CONTIG: contig333 (8231bp)
		This contig is unaligned. (8231 bp)
		Unaligned bases: 8231  total: 2599083

CONTIG: contig332 (9895bp)
		This contig is unaligned. (9895 bp)
		Unaligned bases: 9895  total: 2608978

CONTIG: contig331 (2725bp)
		This contig is unaligned. (2725 bp)
		Unaligned bases: 2725  total: 2611703

CONTIG: contig330 (9662bp)
		This contig is unaligned. (9662 bp)
		Unaligned bases: 9662  total: 2621365

CONTIG: contig337 (1256bp)
Top Length: 1256  Top ID: 100.0
		One align captures most of this contig: 294865 296120 | 1 1256 | 1256 1256 | 100.0 | gi|552536492|ref|NC_007494.2|_Rhodobacter_sphaeroides_2.4.1_chromosome_2__complete_sequence contig337

CONTIG: contig336 (13689bp)
Top Length: 13689  Top ID: 100.0
		One align captures most of this contig: 281294 294982 | 1 13689 | 13689 13689 | 100.0 | gi|552536492|ref|NC_007494.2|_Rhodobacter_sphaeroides_2.4.1_chromosome_2__complete_sequence contig336

CONTIG: contig335 (39389bp)
		This contig is unaligned. (39389 bp)
		Unaligned bases: 39389  total: 2660754

CONTIG: contig334 (884bp)
		This contig is unaligned. (884 bp)
		Unaligned bases: 884  total: 2661638

CONTIG: contig159 (1079bp)
Top Length: 1079  Top ID: 100.0
		One align captures most of this contig: 373163 374241 | 1079 1 | 1079 1079 | 100.0 | gi|552536492|ref|NC_007494.2|_Rhodobacter_sphaeroides_2.4.1_chromosome_2__complete_sequence contig159

CONTIG: contig441 (1458bp)
		This contig is unaligned. (1458 bp)
		Unaligned bases: 1458  total: 2663096

CONTIG: contig440 (5093bp)
		This contig is unaligned. (5093 bp)
		Unaligned bases: 5093  total: 2668189

CONTIG: contig158 (35809bp)
Top Length: 35809  Top ID: 100.0
		One align captures most of this contig: 374125 409933 | 35809 1 | 35809 35809 | 100.0 | gi|552536492|ref|NC_007494.2|_Rhodobacter_sphaeroides_2.4.1_chromosome_2__complete_sequence contig158

CONTIG: contig209 (22779bp)
		This contig is unaligned. (22779 bp)
		Unaligned bases: 22779  total: 2690968

CONTIG: contig207 (55931bp)
		This contig is unaligned. (55931 bp)
		Unaligned bases: 55931  total: 2746899

CONTIG: contig206 (33829bp)
		This contig is unaligned. (33829 bp)
		Unaligned bases: 33829  total: 2780728

CONTIG: contig205 (9855bp)
		This contig is unaligned. (9855 bp)
		Unaligned bases: 9855  total: 2790583

CONTIG: contig204 (1035bp)
		This contig is unaligned. (1035 bp)
		Unaligned bases: 1035  total: 2791618

CONTIG: contig201 (33110bp)
		This contig is unaligned. (33110 bp)
		Unaligned bases: 33110  total: 2824728

CONTIG: contig200 (6244bp)
		This contig is unaligned. (6244 bp)
		Unaligned bases: 6244  total: 2830972

CONTIG: contig113 (6132bp)
		This contig is unaligned. (6132 bp)
		Unaligned bases: 6132  total: 2837104

CONTIG: contig112 (59849bp)
		This contig is unaligned. (59849 bp)
		Unaligned bases: 59849  total: 2896953

CONTIG: contig110 (58621bp)
Top Length: 58621  Top ID: 100.0
		One align captures most of this contig: 576493 635113 | 58621 1 | 58621 58621 | 100.0 | gi|552536492|ref|NC_007494.2|_Rhodobacter_sphaeroides_2.4.1_chromosome_2__complete_sequence contig110

CONTIG: contig116 (1989bp)
Top Length: 1989  Top ID: 100.0
		One align captures most of this contig: 573663 575651 | 1 1989 | 1989 1989 | 100.0 | gi|552536492|ref|NC_007494.2|_Rhodobacter_sphaeroides_2.4.1_chromosome_2__complete_sequence contig116

CONTIG: contig115 (53802bp)
Top Length: 53802  Top ID: 100.0
		One align captures most of this contig: 519822 573623 | 1 53802 | 53802 53802 | 100.0 | gi|552536492|ref|NC_007494.2|_Rhodobacter_sphaeroides_2.4.1_chromosome_2__complete_sequence contig115

CONTIG: contig114 (2230bp)
		This contig is unaligned. (2230 bp)
		Unaligned bases: 2230  total: 2899183

CONTIG: contig118 (4948bp)
		This contig is unaligned. (4948 bp)
		Unaligned bases: 4948  total: 2904131

CONTIG: contig71 (20901bp)
		This contig is unaligned. (20901 bp)
		Unaligned bases: 20901  total: 2925032

CONTIG: contig70 (2714bp)
		This contig is unaligned. (2714 bp)
		Unaligned bases: 2714  total: 2927746

CONTIG: contig73 (45723bp)
		This contig is unaligned. (45723 bp)
		Unaligned bases: 45723  total: 2973469

CONTIG: contig75 (1685bp)
Top Length: 79  Top ID: 100.0
		This contig is partially unaligned. (79 out of 1685)
		Alignment: 371635 371713 | 1607 1685 | 79 79 | 100.0 | gi|552536492|ref|NC_007494.2|_Rhodobacter_sphaeroides_2.4.1_chromosome_2__complete_sequence contig75
		Unaligned bases: 1 to 1606 (1606)

CONTIG: contig74 (99509bp)
		This contig is unaligned. (99509 bp)
		Unaligned bases: 99509  total: 3072978

CONTIG: contig77 (18973bp)
		This contig is unaligned. (18973 bp)
		Unaligned bases: 18973  total: 3091951

CONTIG: contig76 (7096bp)
		This contig is unaligned. (7096 bp)
		Unaligned bases: 7096  total: 3099047

CONTIG: contig79 (96246bp)
		This contig is unaligned. (96246 bp)
		Unaligned bases: 96246  total: 3195293

CONTIG: contig78 (770bp)
		This contig is unaligned. (770 bp)
		Unaligned bases: 770  total: 3196063

CONTIG: contig188 (1829bp)
		This contig is unaligned. (1829 bp)
		Unaligned bases: 1829  total: 3197892

CONTIG: contig189 (11753bp)
		This contig is unaligned. (11753 bp)
		Unaligned bases: 11753  total: 3209645

CONTIG: contig184 (752bp)
Top Length: 752  Top ID: 100.0
		One align captures most of this contig: 339769 340520 | 752 1 | 752 752 | 100.0 | gi|552536492|ref|NC_007494.2|_Rhodobacter_sphaeroides_2.4.1_chromosome_2__complete_sequence contig184

CONTIG: contig185 (2952bp)
		This contig is unaligned. (2952 bp)
		Unaligned bases: 2952  total: 3212597

CONTIG: contig186 (33491bp)
		This contig is unaligned. (33491 bp)
		Unaligned bases: 33491  total: 3246088

CONTIG: contig187 (38902bp)
		This contig is unaligned. (38902 bp)
		Unaligned bases: 38902  total: 3284990

CONTIG: contig181 (5366bp)
		This contig is unaligned. (5366 bp)
		Unaligned bases: 5366  total: 3290356

CONTIG: contig182 (848bp)
		This contig is unaligned. (848 bp)
		Unaligned bases: 848  total: 3291204

CONTIG: contig183 (20818bp)
Top Length: 20818  Top ID: 100.0
		One align captures most of this contig: 340421 361238 | 20818 1 | 20818 20818 | 100.0 | gi|552536492|ref|NC_007494.2|_Rhodobacter_sphaeroides_2.4.1_chromosome_2__complete_sequence contig183

CONTIG: contig249 (14533bp)
		This contig is unaligned. (14533 bp)
		Unaligned bases: 14533  total: 3305737

CONTIG: contig248 (3322bp)
		This contig is unaligned. (3322 bp)
		Unaligned bases: 3322  total: 3309059

CONTIG: contig243 (42560bp)
		This contig is unaligned. (42560 bp)
		Unaligned bases: 42560  total: 3351619

CONTIG: contig242 (10702bp)
		This contig is unaligned. (10702 bp)
		Unaligned bases: 10702  total: 3362321

CONTIG: contig241 (3965bp)
		This contig is unaligned. (3965 bp)
		Unaligned bases: 3965  total: 3366286

CONTIG: contig240 (37277bp)
		This contig is unaligned. (37277 bp)
		Unaligned bases: 37277  total: 3403563

CONTIG: contig247 (38771bp)
		This contig is unaligned. (38771 bp)
		Unaligned bases: 38771  total: 3442334

CONTIG: contig245 (5175bp)
		This contig is unaligned. (5175 bp)
		Unaligned bases: 5175  total: 3447509

CONTIG: contig244 (75603bp)
		This contig is unaligned. (75603 bp)
		Unaligned bases: 75603  total: 3523112

CONTIG: contig360 (2420bp)
		This contig is unaligned. (2420 bp)
		Unaligned bases: 2420  total: 3525532

CONTIG: contig361 (793bp)
		This contig is unaligned. (793 bp)
		Unaligned bases: 793  total: 3526325

CONTIG: contig362 (1634bp)
		This contig is unaligned. (1634 bp)
		Unaligned bases: 1634  total: 3527959

CONTIG: contig363 (772bp)
Top Length: 772  Top ID: 100.0
		One align captures most of this contig: 335620 336391 | 1 772 | 772 772 | 100.0 | gi|552536492|ref|NC_007494.2|_Rhodobacter_sphaeroides_2.4.1_chromosome_2__complete_sequence contig363

CONTIG: contig364 (1455bp)
Top Length: 1455  Top ID: 100.0
		One align captures most of this contig: 336282 337736 | 1 1455 | 1455 1455 | 100.0 | gi|552536492|ref|NC_007494.2|_Rhodobacter_sphaeroides_2.4.1_chromosome_2__complete_sequence contig364

CONTIG: contig365 (937bp)
		This contig is unaligned. (937 bp)
		Unaligned bases: 937  total: 3528896

CONTIG: contig366 (1113bp)
		This contig is unaligned. (1113 bp)
		Unaligned bases: 1113  total: 3530009

CONTIG: contig367 (3682bp)
Top Length: 3682  Top ID: 100.0
		One align captures most of this contig: 635476 639157 | 1 3682 | 3682 3682 | 100.0 | gi|552536492|ref|NC_007494.2|_Rhodobacter_sphaeroides_2.4.1_chromosome_2__complete_sequence contig367

CONTIG: contig368 (1318bp)
Top Length: 1318  Top ID: 100.0
		One align captures most of this contig: 639052 640369 | 1 1318 | 1318 1318 | 100.0 | gi|552536492|ref|NC_007494.2|_Rhodobacter_sphaeroides_2.4.1_chromosome_2__complete_sequence contig368

CONTIG: contig369 (1194bp)
		This contig is unaligned. (1194 bp)
		Unaligned bases: 1194  total: 3531203

CONTIG: contig412 (10019bp)
		This contig is unaligned. (10019 bp)
		Unaligned bases: 10019  total: 3541222

CONTIG: contig413 (2798bp)
		This contig is unaligned. (2798 bp)
		Unaligned bases: 2798  total: 3544020

CONTIG: contig414 (2819bp)
		This contig is unaligned. (2819 bp)
		Unaligned bases: 2819  total: 3546839

CONTIG: contig86 (5329bp)
		This contig is unaligned. (5329 bp)
		Unaligned bases: 5329  total: 3552168

CONTIG: contig87 (906bp)
		This contig is unaligned. (906 bp)
		Unaligned bases: 906  total: 3553074

Analyzing coverage...
Writing SNPs into /usit/invitro/data/galaxy/master/sabbai/galaxy-dist/database/job_working_directory/000/731/dataset_768_files/contigs_reports/nucmer_output/RS-M-Soap.used_snps
	Reference gi|552536492|ref|NC_007494.2|_Rhodobacter_sphaeroides_2.4.1_chromosome_2__complete_sequence: 81 total alignments. 1 total regions.
		Region: 1 to 943018 (943018 bp)
			START in gap: 1 to 239 (238 bp)
			Align 1: 239 4716 contig437 1 4478
				Gap between this and next alignment: 4716 to 5273 (556 bp)
				Next Alignment: 5273 5351 contig314 1 79

			Align 2: 5273 5351 contig314 1 79
				Negative gap (overlap) between this and next alignment: 5351 to 5273 (-78 bp)
				Next Alignment: 5273 6984 contig432 1 1712

			Previous gap was negative, modifying coordinates to ignore overlap
				Moving contig start from 1 to 80.
			Align 3: 5352 6984 contig432 80 1712
				Gap between this and next alignment: 6984 to 7545 (560 bp)
				Next Alignment: 7545 32218 contig288 1 24674

			Align 4: 7545 32218 contig288 1 24674
				Negative gap (overlap) between this and next alignment: 32218 to 32107 (-111 bp)
				Next Alignment: 32107 33525 contig289 1 1419

			Previous gap was negative, modifying coordinates to ignore overlap
				Moving contig start from 1 to 113.
			Align 5: 32219 33525 contig289 113 1419
				Gap between this and next alignment: 33525 to 38944 (5418 bp)
				Next Alignment: 38944 42592 contig251 1 3649

			Align 6: 38944 42592 contig251 1 3649
				The next alignment (42213 42291 contig427 79 1) is redundant. Skipping.
				The next alignment (42522 42592 contig439 1208 1138) is redundant. Skipping.
				Negative gap (overlap) between this and next alignment: 42592 to 42587 (-5 bp)
				Next Alignment: 42587 54322 contig252 1 11736

			Previous gap was negative, modifying coordinates to ignore overlap
				Moving contig start from 1 to 7.
			Align 9: 42593 54322 contig252 7 11736
				Negative gap (overlap) between this and next alignment: 54322 to 54221 (-101 bp)
				Next Alignment: 54221 55318 contig253 1 1098

			Previous gap was negative, modifying coordinates to ignore overlap
				Moving contig start from 1 to 103.
			Align 10: 54323 55318 contig253 103 1098
				Gap between this and next alignment: 55318 to 55636 (317 bp)
				Next Alignment: 55636 96847 contig310 1 41212

			Align 11: 55636 96847 contig310 1 41212
				Negative gap (overlap) between this and next alignment: 96847 to 96756 (-91 bp)
				Next Alignment: 96756 98232 contig311 1 1477

			Previous gap was negative, modifying coordinates to ignore overlap
				Moving contig start from 1 to 93.
			Align 12: 96848 98232 contig311 93 1477
				Gap between this and next alignment: 98232 to 98660 (427 bp)
				Next Alignment: 98660 100534 contig161 1875 1

			Align 13: 98660 100534 contig161 1875 1
				Negative gap (overlap) between this and next alignment: 100534 to 100428 (-106 bp)
				Next Alignment: 100428 114920 contig160 36020 21527

			Previous gap was negative, modifying coordinates to ignore overlap
				Moving contig start from 36020 to 35913.
			Align 14: 100535 114920 contig160 35913 21527
				Negative gap (overlap) between this and next alignment: 114920 to 114920 (0 bp)
				Next Alignment: 114920 136538 contig160 21621 1

			Previous gap was negative, modifying coordinates to ignore overlap
				Moving contig start from 21621 to 21620.
			Align 15: 114921 136538 contig160 21620 1
				Gap between this and next alignment: 136538 to 136796 (257 bp)
				Next Alignment: 136796 138276 contig50 1481 1

			Align 16: 136796 138276 contig50 1481 1
				Negative gap (overlap) between this and next alignment: 138276 to 138160 (-116 bp)
				Next Alignment: 138160 160336 contig49 22177 1

			Previous gap was negative, modifying coordinates to ignore overlap
				Moving contig start from 22177 to 22060.
			Align 17: 138277 160336 contig49 22060 1
				Gap between this and next alignment: 160336 to 160381 (44 bp)
				Next Alignment: 160381 165974 contig48 5594 1

			Align 18: 160381 165974 contig48 5594 1
				Negative gap (overlap) between this and next alignment: 165974 to 165959 (-15 bp)
				Next Alignment: 165959 173637 contig47 7679 1

			Previous gap was negative, modifying coordinates to ignore overlap
				Moving contig start from 7679 to 7663.
			Align 19: 165975 173637 contig47 7663 1
				Gap between this and next alignment: 173637 to 173922 (284 bp)
				Next Alignment: 173922 224015 contig95 1 50094

			Align 20: 173922 224015 contig95 1 50094
				The next alignment (202447 202592 contig121 834 689) is redundant. Skipping.
				Negative gap (overlap) between this and next alignment: 224015 to 224000 (-15 bp)
				Next Alignment: 224000 234363 contig96 1 10364

			Previous gap was negative, modifying coordinates to ignore overlap
				Moving contig start from 1 to 17.
			Align 22: 224016 234363 contig96 17 10364
				Negative gap (overlap) between this and next alignment: 234363 to 234264 (-99 bp)
				Next Alignment: 234264 236471 contig97 1 2208

			Previous gap was negative, modifying coordinates to ignore overlap
				Moving contig start from 1 to 101.
			Align 23: 234364 236471 contig97 101 2208
				Gap between this and next alignment: 236471 to 236709 (237 bp)
				Next Alignment: 236709 237306 contig225 598 1

			Align 24: 236709 237306 contig225 598 1
				Negative gap (overlap) between this and next alignment: 237306 to 237194 (-112 bp)
				Next Alignment: 237194 243673 contig224 6480 1

			Previous gap was negative, modifying coordinates to ignore overlap
				Moving contig start from 6480 to 6367.
			Align 25: 237307 243673 contig224 6367 1
				Gap between this and next alignment: 243673 to 243789 (115 bp)
				Next Alignment: 243789 251012 contig312 1 7224

			Align 26: 243789 251012 contig312 1 7224
				Negative gap (overlap) between this and next alignment: 251012 to 250919 (-93 bp)
				Next Alignment: 250919 252222 contig313 1 1304

			Previous gap was negative, modifying coordinates to ignore overlap
				Moving contig start from 1 to 95.
			Align 27: 251013 252222 contig313 95 1304
				Gap between this and next alignment: 252222 to 252575 (352 bp)
				Next Alignment: 252575 254952 contig36 2378 1

			Align 28: 252575 254952 contig36 2378 1
				Negative gap (overlap) between this and next alignment: 254952 to 254854 (-98 bp)
				Next Alignment: 254854 281048 contig35 26196 1

			Previous gap was negative, modifying coordinates to ignore overlap
				Moving contig start from 26196 to 26097.
			Align 29: 254953 281048 contig35 26097 1
				Gap between this and next alignment: 281048 to 281294 (245 bp)
				Next Alignment: 281294 294982 contig336 1 13689

			Align 30: 281294 294982 contig336 1 13689
				Negative gap (overlap) between this and next alignment: 294982 to 294865 (-117 bp)
				Next Alignment: 294865 296120 contig337 1 1256

			Previous gap was negative, modifying coordinates to ignore overlap
				Moving contig start from 1 to 119.
			Align 31: 294983 296120 contig337 119 1256
				Gap between this and next alignment: 296120 to 296720 (599 bp)
				Next Alignment: 296720 335316 contig276 38597 1

			Align 32: 296720 335316 contig276 38597 1
				Gap between this and next alignment: 335316 to 335620 (303 bp)
				Next Alignment: 335620 336391 contig363 1 772

			Align 33: 335620 336391 contig363 1 772
				Negative gap (overlap) between this and next alignment: 336391 to 336282 (-109 bp)
				Next Alignment: 336282 337736 contig364 1 1455

			Previous gap was negative, modifying coordinates to ignore overlap
				Moving contig start from 1 to 111.
			Align 34: 336392 337736 contig364 111 1455
				Gap between this and next alignment: 337736 to 337859 (122 bp)
				Next Alignment: 337859 339512 contig431 1 1654

			Align 35: 337859 339512 contig431 1 1654
				Gap between this and next alignment: 339512 to 339769 (256 bp)
				Next Alignment: 339769 340520 contig184 752 1

			Align 36: 339769 340520 contig184 752 1
				Negative gap (overlap) between this and next alignment: 340520 to 340421 (-99 bp)
				Next Alignment: 340421 361238 contig183 20818 1

			Previous gap was negative, modifying coordinates to ignore overlap
				Moving contig start from 20818 to 20718.
			Align 37: 340521 361238 contig183 20718 1
				Gap between this and next alignment: 361238 to 361632 (393 bp)
				Next Alignment: 361632 371712 contig123 10081 1

			Align 38: 361632 371712 contig123 10081 1
				Negative gap (overlap) between this and next alignment: 371712 to 371635 (-77 bp)
				Next Alignment: 371635 371713 contig75 1607 1685

			Previous gap was negative, modifying coordinates to ignore overlap
				Moving contig start from 1607 to 1685.
			Align 39: 371713 371713 contig75 1685 1685
				Gap between this and next alignment: 371713 to 373162 (1448 bp)
				Next Alignment: 373162 373240 contig191 1 79

			Align 40: 373162 373240 contig191 1 79
				The next alignment (373163 373240 contig326 1 78) is redundant. Skipping.
				Negative gap (overlap) between this and next alignment: 373240 to 373163 (-77 bp)
				Next Alignment: 373163 373241 contig235 507 429

			Previous gap was negative, modifying coordinates to ignore overlap
				Moving contig start from 507 to 429.
			Align 42: 373241 373241 contig235 429 429
				Negative gap (overlap) between this and next alignment: 373241 to 373163 (-78 bp)
				Next Alignment: 373163 374241 contig159 1079 1

			Previous gap was negative, modifying coordinates to ignore overlap
				Moving contig start from 1079 to 1000.
			Align 43: 373242 374241 contig159 1000 1
				Negative gap (overlap) between this and next alignment: 374241 to 374125 (-116 bp)
				Next Alignment: 374125 409933 contig158 35809 1

			Previous gap was negative, modifying coordinates to ignore overlap
				Moving contig start from 35809 to 35692.
			Align 44: 374242 409933 contig158 35692 1
				Gap between this and next alignment: 409933 to 409950 (16 bp)
				Next Alignment: 409950 411145 contig157 1196 1

			Align 45: 409950 411145 contig157 1196 1
				Gap between this and next alignment: 411145 to 411165 (19 bp)
				Next Alignment: 411165 423587 contig156 12423 1

			Align 46: 411165 423587 contig156 12423 1
				Gap between this and next alignment: 423587 to 424001 (413 bp)
				Next Alignment: 424001 455637 contig270 1 31637

			Align 47: 424001 455637 contig270 1 31637
				Negative gap (overlap) between this and next alignment: 455637 to 455614 (-23 bp)
				Next Alignment: 455614 469745 contig271 1 14132

			Previous gap was negative, modifying coordinates to ignore overlap
				Moving contig start from 1 to 25.
			Align 48: 455638 469745 contig271 25 14132
				Negative gap (overlap) between this and next alignment: 469745 to 469741 (-4 bp)
				Next Alignment: 469741 485589 contig272 1 15849

			Previous gap was negative, modifying coordinates to ignore overlap
				Moving contig start from 1 to 6.
			Align 49: 469746 485589 contig272 6 15849
				Negative gap (overlap) between this and next alignment: 485589 to 485486 (-103 bp)
				Next Alignment: 485486 486073 contig273 1 588

			Previous gap was negative, modifying coordinates to ignore overlap
				Moving contig start from 1 to 105.
			Align 50: 485590 486073 contig273 105 588
				Gap between this and next alignment: 486073 to 486434 (360 bp)
				Next Alignment: 486434 488419 contig231 1 1986

			Align 51: 486434 488419 contig231 1 1986
				Gap between this and next alignment: 488419 to 488753 (333 bp)
				Next Alignment: 488753 491177 contig129 2425 1

			Align 52: 488753 491177 contig129 2425 1
				Negative gap (overlap) between this and next alignment: 491177 to 491051 (-126 bp)
				Next Alignment: 491051 519858 contig128 28808 1

			Previous gap was negative, modifying coordinates to ignore overlap
				Moving contig start from 28808 to 28681.
			Align 53: 491178 519858 contig128 28681 1
				Negative gap (overlap) between this and next alignment: 519858 to 519822 (-36 bp)
				Next Alignment: 519822 573623 contig115 1 53802

			Previous gap was negative, modifying coordinates to ignore overlap
				Moving contig start from 1 to 38.
			Align 54: 519859 573623 contig115 38 53802
				Gap between this and next alignment: 573623 to 573663 (39 bp)
				Next Alignment: 573663 575651 contig116 1 1989

			Align 55: 573663 575651 contig116 1 1989
				Gap between this and next alignment: 575651 to 576493 (841 bp)
				Next Alignment: 576493 635113 contig110 58621 1

			Align 56: 576493 635113 contig110 58621 1
				Gap between this and next alignment: 635113 to 635476 (362 bp)
				Next Alignment: 635476 639157 contig367 1 3682

			Align 57: 635476 639157 contig367 1 3682
				Negative gap (overlap) between this and next alignment: 639157 to 639052 (-105 bp)
				Next Alignment: 639052 640369 contig368 1 1318

			Previous gap was negative, modifying coordinates to ignore overlap
				Moving contig start from 1 to 107.
			Align 58: 639158 640369 contig368 107 1318
				Gap between this and next alignment: 640369 to 640594 (224 bp)
				Next Alignment: 640594 642290 contig127 1697 1

			Align 59: 640594 642290 contig127 1697 1
				Negative gap (overlap) between this and next alignment: 642290 to 642192 (-98 bp)
				Next Alignment: 642192 647945 contig126 5754 1

			Previous gap was negative, modifying coordinates to ignore overlap
				Moving contig start from 5754 to 5655.
			Align 60: 642291 647945 contig126 5655 1
				Negative gap (overlap) between this and next alignment: 647945 to 647930 (-15 bp)
				Next Alignment: 647930 650753 contig125 2824 1

			Previous gap was negative, modifying coordinates to ignore overlap
				Moving contig start from 2824 to 2808.
			Align 61: 647946 650753 contig125 2808 1
				Gap between this and next alignment: 650753 to 651076 (322 bp)
				Next Alignment: 651076 652060 contig317 985 1

			Align 62: 651076 652060 contig317 985 1
				Negative gap (overlap) between this and next alignment: 652060 to 651952 (-108 bp)
				Next Alignment: 651952 706628 contig316 54677 1

			Previous gap was negative, modifying coordinates to ignore overlap
				Moving contig start from 54677 to 54568.
			Align 63: 652061 706628 contig316 54568 1
				The next alignment (706550 706628 contig294 15684 15762) is redundant. Skipping.
				Negative gap (overlap) between this and next alignment: 706628 to 706550 (-78 bp)
				Next Alignment: 706550 707066 contig423 517 1

			Previous gap was negative, modifying coordinates to ignore overlap
				Moving contig start from 517 to 438.
			Align 65: 706629 707066 contig423 438 1
				Gap between this and next alignment: 707066 to 707773 (706 bp)
				Next Alignment: 707773 745650 contig33 37878 1

			Align 66: 707773 745650 contig33 37878 1
				Next Alignment: 745651 760223 contig32 14573 1

			Align 67: 745651 760223 contig32 14573 1
				Gap between this and next alignment: 760223 to 760613 (389 bp)
				Next Alignment: 760613 761433 contig428 1 821

			Align 68: 760613 761433 contig428 1 821
				Gap between this and next alignment: 761433 to 761515 (81 bp)
				Next Alignment: 761515 784076 contig429 1 22562

			Align 69: 761515 784076 contig429 1 22562
				Negative gap (overlap) between this and next alignment: 784076 to 783970 (-106 bp)
				Next Alignment: 783970 784639 contig430 1 670

			Previous gap was negative, modifying coordinates to ignore overlap
				Moving contig start from 1 to 108.
			Align 70: 784077 784639 contig430 108 670
				Gap between this and next alignment: 784639 to 784961 (321 bp)
				Next Alignment: 784961 806719 contig28 1 21759

			Align 71: 784961 806719 contig28 1 21759
				Negative gap (overlap) between this and next alignment: 806719 to 806628 (-91 bp)
				Next Alignment: 806628 849501 contig28 22332 65205

			Previous gap was negative, modifying coordinates to ignore overlap
				Moving contig start from 22332 to 22424.
			Align 72: 806720 849501 contig28 22424 65205
				Negative gap (overlap) between this and next alignment: 849501 to 849377 (-124 bp)
				Next Alignment: 849377 850074 contig29 1 698

			Previous gap was negative, modifying coordinates to ignore overlap
				Moving contig start from 1 to 126.
			Align 73: 849502 850074 contig29 126 698
				Gap between this and next alignment: 850074 to 850718 (643 bp)
				Next Alignment: 850718 882992 contig193 32275 1

			Align 74: 850718 882992 contig193 32275 1
				Gap between this and next alignment: 882992 to 883564 (571 bp)
				Next Alignment: 883564 922102 contig17 38539 1

			Align 75: 883564 922102 contig17 38539 1
				Negative gap (overlap) between this and next alignment: 922102 to 922049 (-53 bp)
				Next Alignment: 922049 923910 contig433 1 1862

			Previous gap was negative, modifying coordinates to ignore overlap
				Moving contig start from 1 to 55.
			Align 76: 922103 923910 contig433 55 1862
				Negative gap (overlap) between this and next alignment: 923910 to 923832 (-78 bp)
				Next Alignment: 923832 937120 contig82 1 13289

			Previous gap was negative, modifying coordinates to ignore overlap
				Moving contig start from 1 to 80.
			Align 77: 923911 937120 contig82 80 13289
				Negative gap (overlap) between this and next alignment: 937120 to 937010 (-110 bp)
				Next Alignment: 937010 939904 contig83 1 2895

			Previous gap was negative, modifying coordinates to ignore overlap
				Moving contig start from 1 to 112.
			Align 78: 937121 939904 contig83 112 2895
				Gap between this and next alignment: 939904 to 940174 (269 bp)
				Next Alignment: 940174 942043 contig338 1 1870

			Align 79: 940174 942043 contig338 1 1870
				Negative gap (overlap) between this and next alignment: 942043 to 941932 (-111 bp)
				Next Alignment: 941932 942692 contig339 1 761

			Previous gap was negative, modifying coordinates to ignore overlap
				Moving contig start from 1 to 113.
			Align 80: 942044 942692 contig339 113 761
				The next alignment (942614 942692 contig347 1366 1444) is redundant. Skipping.

Analysis is finished!
Founded SNPs were written into /usit/invitro/data/galaxy/master/sabbai/galaxy-dist/database/job_working_directory/000/731/dataset_768_files/contigs_reports/nucmer_output/RS-M-Soap.used_snps

Results:
	Local Misassemblies: 2
	Misassemblies: 0
		Relocations: 0
		Translocations: 0
		Inversions: 0
	Misassembled Contigs: 0
	Misassembled Contig Bases: 0
	Misassmblies Inter-Contig Overlap: 95
Uncovered Regions: 0 (0)
Unaligned Contigs: 275 + 11 part
Partially Unaligned Contigs with Misassemblies: 0
Unaligned Contig Bases: 3598615

Ambiguously Mapped Contigs: 1
Total Bases in Ambiguously Mapped Contigs: 4478
Note that --allow-ambiguity option was set to "one" and only first alignment per each contig was used.

	Covered Bases: 924612

	SNPs: 7
	Insertions: 12
	Deletions: 0

	Positive Gaps: 36
		Internal Gaps:  0
		External Gaps:  36
		External Gap Total:  18080
		External Gap Average: 502
	Negative Gaps: 38
		Internal Overlaps:  2
		External Overlaps:  36
		External Overlaps Total: -2991
		External Overlaps Average: -83
	Contigs with Redundant Alignments: 5 (532)
