Aligning contigs to reference...
	Running Nucmer...
Parsing coords...
Loading Assembly...
Loading reference...
	Loaded [gi|552536492|ref|NC_007494.2|_Rhodobacter_sphaeroides_2.4.1_chromosome_2__complete_sequence]
Loading SNPs...
Loading regions...
	No regions given, using whole reference.
	Total Regions: 1
	Total Region Length: 943018
Analyzing contigs...
CONTIG: NODE_333_length_15822_cov_44.7692 (15822bp)
Top Length: 15822  Top ID: 100.0
		Marking as insignificant: 42754 42836 | 9246 9164 | 83 83 | 100.0 | gi|552536492|ref|NC_007494.2|_Rhodobacter_sphaeroides_2.4.1_chromosome_2__complete_sequence NODE_333_length_15822_cov_44.7692
		One align captures most of this contig: 5296 21117 | 1 15822 | 15822 15822 | 100.0 | gi|552536492|ref|NC_007494.2|_Rhodobacter_sphaeroides_2.4.1_chromosome_2__complete_sequence NODE_333_length_15822_cov_44.7692

CONTIG: NODE_308_length_1043_cov_35.1103 (1043bp)
		This contig is unaligned. (1043 bp)
		Unaligned bases: 1043  total: 1043

CONTIG: NODE_270_length_59047_cov_32.0488 (59047bp)
		This contig is unaligned. (59047 bp)
		Unaligned bases: 59047  total: 60090

CONTIG: NODE_328_length_14097_cov_68.5009 (14097bp)
		This contig is unaligned. (14097 bp)
		Unaligned bases: 14097  total: 74187

CONTIG: NODE_117_length_12762_cov_33.4866 (12762bp)
		This contig is unaligned. (12762 bp)
		Unaligned bases: 12762  total: 86949

CONTIG: NODE_274_length_9330_cov_67.6954 (9330bp)
Top Length: 190  Top ID: 95.79
		This contig is partially unaligned. (190 out of 9330)
		Alignment: 888329 888518 | 190 1 | 190 190 | 95.79 | gi|552536492|ref|NC_007494.2|_Rhodobacter_sphaeroides_2.4.1_chromosome_2__complete_sequence NODE_274_length_9330_cov_67.6954
		Unaligned bases: 191 to 9330 (9140)

CONTIG: NODE_200_length_829_cov_46.8837 (829bp)
		This contig is unaligned. (829 bp)
		Unaligned bases: 829  total: 87778

CONTIG: NODE_222_length_617_cov_25.9715 (617bp)
		This contig is unaligned. (617 bp)
		Unaligned bases: 617  total: 88395

CONTIG: NODE_179_length_49959_cov_35.9903 (49959bp)
		This contig is unaligned. (49959 bp)
		Unaligned bases: 49959  total: 138354

CONTIG: NODE_338_length_124431_cov_33.4486 (124431bp)
		This contig is unaligned. (124431 bp)
		Unaligned bases: 124431  total: 262785

CONTIG: NODE_255_length_23405_cov_34.157 (23405bp)
Top Length: 23402  Top ID: 100.0
		One align captures most of this contig: 762202 785603 | 1 23402 | 23402 23402 | 100.0 | gi|552536492|ref|NC_007494.2|_Rhodobacter_sphaeroides_2.4.1_chromosome_2__complete_sequence NODE_255_length_23405_cov_34.157

CONTIG: NODE_334_length_111835_cov_34.0337 (111835bp)
		This contig is unaligned. (111835 bp)
		Unaligned bases: 111835  total: 374620

CONTIG: NODE_194_length_1659_cov_128.05 (1659bp)
		This contig is unaligned. (1659 bp)
		Unaligned bases: 1659  total: 376279

CONTIG: NODE_203_length_871_cov_44.6581 (871bp)
		This contig is unaligned. (871 bp)
		Unaligned bases: 871  total: 377150

CONTIG: NODE_323_length_2802_cov_27.7823 (2802bp)
Top Length: 2802  Top ID: 98.43
		Marking as insignificant: 921231 921744 | 514 1 | 514 514 | 98.44 | gi|552536492|ref|NC_007494.2|_Rhodobacter_sphaeroides_2.4.1_chromosome_2__complete_sequence NODE_323_length_2802_cov_27.7823
		Marking as insignificant: 904229 906442 | 2724 511 | 2214 2214 | 96.25 | gi|552536492|ref|NC_007494.2|_Rhodobacter_sphaeroides_2.4.1_chromosome_2__complete_sequence NODE_323_length_2802_cov_27.7823
		One align captures most of this contig: 738069 740870 | 1 2802 | 2802 2802 | 98.43 | gi|552536492|ref|NC_007494.2|_Rhodobacter_sphaeroides_2.4.1_chromosome_2__complete_sequence NODE_323_length_2802_cov_27.7823

CONTIG: NODE_247_length_910_cov_32.3965 (910bp)
Top Length: 910  Top ID: 99.89
		Marking as insignificant: 892850 893055 | 1 206 | 206 206 | 95.15 | gi|552536492|ref|NC_007494.2|_Rhodobacter_sphaeroides_2.4.1_chromosome_2__complete_sequence NODE_247_length_910_cov_32.3965
		One align captures most of this contig: 740962 741871 | 910 1 | 910 910 | 99.89 | gi|552536492|ref|NC_007494.2|_Rhodobacter_sphaeroides_2.4.1_chromosome_2__complete_sequence NODE_247_length_910_cov_32.3965

CONTIG: NODE_281_length_146569_cov_37.3544 (146569bp)
		This contig is unaligned. (146569 bp)
		Unaligned bases: 146569  total: 523719

CONTIG: NODE_326_length_733_cov_92.1416 (733bp)
		This contig is unaligned. (733 bp)
		Unaligned bases: 733  total: 524452

CONTIG: NODE_261_length_759_cov_10.152 (759bp)
		This contig is unaligned. (759 bp)
		Unaligned bases: 759  total: 525211

CONTIG: NODE_318_length_8087_cov_48.2658 (8087bp)
Top Length: 8087  Top ID: 99.38
		Marking as insignificant: 921690 922561 | 1 872 | 872 872 | 98.62 | gi|552536492|ref|NC_007494.2|_Rhodobacter_sphaeroides_2.4.1_chromosome_2__complete_sequence NODE_318_length_8087_cov_48.2658
		One align captures most of this contig: 730037 738123 | 8087 1 | 8087 8087 | 99.38 | gi|552536492|ref|NC_007494.2|_Rhodobacter_sphaeroides_2.4.1_chromosome_2__complete_sequence NODE_318_length_8087_cov_48.2658

CONTIG: NODE_115_length_13556_cov_32.7621 (13556bp)
		This contig is unaligned. (13556 bp)
		Unaligned bases: 13556  total: 538767

CONTIG: NODE_282_length_792_cov_24.076 (792bp)
		This contig is unaligned. (792 bp)
		Unaligned bases: 792  total: 539559

CONTIG: NODE_155_length_2390_cov_2.4197 (2390bp)
		This contig is unaligned. (2390 bp)
		Unaligned bases: 2390  total: 541949

CONTIG: NODE_297_length_28110_cov_103.918 (28110bp)
		This contig is unaligned. (28110 bp)
		Unaligned bases: 28110  total: 570059

CONTIG: NODE_307_length_73118_cov_65.5718 (73118bp)
		This contig is unaligned. (73118 bp)
		Unaligned bases: 73118  total: 643177

CONTIG: NODE_252_length_1095_cov_22.0385 (1095bp)
Top Length: 1095  Top ID: 100.0
		One align captures most of this contig: 759079 760173 | 1 1095 | 1095 1095 | 100.0 | gi|552536492|ref|NC_007494.2|_Rhodobacter_sphaeroides_2.4.1_chromosome_2__complete_sequence NODE_252_length_1095_cov_22.0385

CONTIG: NODE_336_length_20493_cov_35.2368 (20493bp)
Top Length: 20490  Top ID: 100.0
		One align captures most of this contig: 922357 942846 | 20490 1 | 20490 20490 | 100.0 | gi|552536492|ref|NC_007494.2|_Rhodobacter_sphaeroides_2.4.1_chromosome_2__complete_sequence NODE_336_length_20493_cov_35.2368

CONTIG: NODE_186_length_68531_cov_32.4726 (68531bp)
		This contig is unaligned. (68531 bp)
		Unaligned bases: 68531  total: 711708

CONTIG: NODE_286_length_1143_cov_75.6517 (1143bp)
		This contig is unaligned. (1143 bp)
		Unaligned bases: 1143  total: 712851

CONTIG: NODE_116_length_12370_cov_33.6979 (12370bp)
		This contig is unaligned. (12370 bp)
		Unaligned bases: 12370  total: 725221

CONTIG: NODE_276_length_51670_cov_42.2861 (51670bp)
Top Length: 51670  Top ID: 99.99
		One align captures most of this contig: 836810 888479 | 51670 1 | 51670 51670 | 99.99 | gi|552536492|ref|NC_007494.2|_Rhodobacter_sphaeroides_2.4.1_chromosome_2__complete_sequence NODE_276_length_51670_cov_42.2861

CONTIG: NODE_217_length_2424_cov_75.8037 (2424bp)
		This contig is unaligned. (2424 bp)
		Unaligned bases: 2424  total: 727645

CONTIG: NODE_130_length_72194_cov_34.0544 (72194bp)
		This contig is unaligned. (72194 bp)
		Unaligned bases: 72194  total: 799839

CONTIG: NODE_197_length_2381_cov_59.3568 (2381bp)
		This contig is unaligned. (2381 bp)
		Unaligned bases: 2381  total: 802220

CONTIG: NODE_112_length_7907_cov_34.597 (7907bp)
		This contig is unaligned. (7907 bp)
		Unaligned bases: 7907  total: 810127

CONTIG: NODE_136_length_1383_cov_21.5866 (1383bp)
		This contig is unaligned. (1383 bp)
		Unaligned bases: 1383  total: 811510

CONTIG: NODE_210_length_18605_cov_36.3231 (18605bp)
		This contig is unaligned. (18605 bp)
		Unaligned bases: 18605  total: 830115

CONTIG: NODE_139_length_60541_cov_32.1794 (60541bp)
Top Length: 60538  Top ID: 99.99
		One align captures most of this contig: 469738 530275 | 60541 4 | 60538 60538 | 99.99 | gi|552536492|ref|NC_007494.2|_Rhodobacter_sphaeroides_2.4.1_chromosome_2__complete_sequence NODE_139_length_60541_cov_32.1794

CONTIG: NODE_124_length_60291_cov_36.0587 (60291bp)
		This contig is unaligned. (60291 bp)
		Unaligned bases: 60291  total: 890406

CONTIG: NODE_303_length_4429_cov_74.6909 (4429bp)
Top Length: 1606  Top ID: 100.0
		This contig is partially unaligned. (1606 out of 4429)
		Alignment: 371635 373240 | 1 1606 | 1606 1606 | 100.0 | gi|552536492|ref|NC_007494.2|_Rhodobacter_sphaeroides_2.4.1_chromosome_2__complete_sequence NODE_303_length_4429_cov_74.6909
		Unaligned bases: 1607 to 4429 (2823)
		This contig has both significant aligned and unaligned parts (of length >= min-contig)!

CONTIG: NODE_121_length_19931_cov_31.62 (19931bp)
Top Length: 19931  Top ID: 99.99
		One align captures most of this contig: 530278 550208 | 1 19931 | 19931 19931 | 99.99 | gi|552536492|ref|NC_007494.2|_Rhodobacter_sphaeroides_2.4.1_chromosome_2__complete_sequence NODE_121_length_19931_cov_31.62

CONTIG: NODE_120_length_34641_cov_31.7835 (34641bp)
		This contig is unaligned. (34641 bp)
		Unaligned bases: 34641  total: 925047

CONTIG: NODE_296_length_537_cov_64.2344 (537bp)
		This contig is unaligned. (537 bp)
		Unaligned bases: 537  total: 925584

CONTIG: NODE_345_length_118414_cov_34.9963 (118414bp)
		This contig is unaligned. (118414 bp)
		Unaligned bases: 118414  total: 1043998

CONTIG: NODE_191_length_5577_cov_223.509 (5577bp)
Top Length: 5577  Top ID: 99.87
		Marking as insignificant: 942792 943018 | 5577 5351 | 227 227 | 100.0 | gi|552536492|ref|NC_007494.2|_Rhodobacter_sphaeroides_2.4.1_chromosome_2__complete_sequence NODE_191_length_5577_cov_223.509
		Marking as insignificant: 1 5350 | 5350 1 | 5350 5350 | 99.94 | gi|552536492|ref|NC_007494.2|_Rhodobacter_sphaeroides_2.4.1_chromosome_2__complete_sequence NODE_191_length_5577_cov_223.509
		One align captures most of this contig: 33447 39022 | 5577 1 | 5576 5577 | 99.87 | gi|552536492|ref|NC_007494.2|_Rhodobacter_sphaeroides_2.4.1_chromosome_2__complete_sequence NODE_191_length_5577_cov_223.509

CONTIG: NODE_169_length_540_cov_56.9031 (540bp)
Top Length: 537  Top ID: 96.46
		One align captures most of this contig: 893558 894093 | 540 4 | 536 537 | 96.46 | gi|552536492|ref|NC_007494.2|_Rhodobacter_sphaeroides_2.4.1_chromosome_2__complete_sequence NODE_169_length_540_cov_56.9031

CONTIG: NODE_195_length_1275_cov_39.5156 (1275bp)
Top Length: 1275  Top ID: 99.37
		One align captures most of this contig: 743287 744561 | 1275 1 | 1275 1275 | 99.37 | gi|552536492|ref|NC_007494.2|_Rhodobacter_sphaeroides_2.4.1_chromosome_2__complete_sequence NODE_195_length_1275_cov_39.5156

CONTIG: NODE_118_length_8349_cov_37.2901 (8349bp)
		This contig is unaligned. (8349 bp)
		Unaligned bases: 8349  total: 1052347

CONTIG: NODE_327_length_732_cov_17.4653 (732bp)
		This contig is unaligned. (732 bp)
		Unaligned bases: 732  total: 1053079

CONTIG: NODE_201_length_826_cov_44.1868 (826bp)
Top Length: 826  Top ID: 98.79
		One align captures most of this contig: 891295 892120 | 1 826 | 826 826 | 98.79 | gi|552536492|ref|NC_007494.2|_Rhodobacter_sphaeroides_2.4.1_chromosome_2__complete_sequence NODE_201_length_826_cov_44.1868

CONTIG: NODE_151_length_74486_cov_29.788 (74486bp)
		This contig is unaligned. (74486 bp)
		Unaligned bases: 74486  total: 1127565

CONTIG: NODE_266_length_2996_cov_72.8334 (2996bp)
		This contig is unaligned. (2996 bp)
		Unaligned bases: 2996  total: 1130561

CONTIG: NODE_199_length_734_cov_53.5685 (734bp)
Top Length: 734  Top ID: 98.91
		One align captures most of this contig: 742608 743341 | 1 734 | 734 734 | 98.91 | gi|552536492|ref|NC_007494.2|_Rhodobacter_sphaeroides_2.4.1_chromosome_2__complete_sequence NODE_199_length_734_cov_53.5685

CONTIG: NODE_128_length_47691_cov_38.0522 (47691bp)
		This contig is unaligned. (47691 bp)
		Unaligned bases: 47691  total: 1178252

CONTIG: NODE_190_length_12391_cov_32.5345 (12391bp)
Top Length: 12391  Top ID: 100.0
		One align captures most of this contig: 21111 33501 | 12391 1 | 12391 12391 | 100.0 | gi|552536492|ref|NC_007494.2|_Rhodobacter_sphaeroides_2.4.1_chromosome_2__complete_sequence NODE_190_length_12391_cov_32.5345

CONTIG: NODE_267_length_2996_cov_92.4624 (2996bp)
		This contig is unaligned. (2996 bp)
		Unaligned bases: 2996  total: 1181248

CONTIG: NODE_246_length_1248_cov_33.492 (1248bp)
Top Length: 1245  Top ID: 98.63
		Marking as insignificant: 741666 741871 | 206 1 | 206 206 | 95.15 | gi|552536492|ref|NC_007494.2|_Rhodobacter_sphaeroides_2.4.1_chromosome_2__complete_sequence NODE_246_length_1248_cov_33.492
		One align captures most of this contig: 892850 894093 | 1 1245 | 1244 1245 | 98.63 | gi|552536492|ref|NC_007494.2|_Rhodobacter_sphaeroides_2.4.1_chromosome_2__complete_sequence NODE_246_length_1248_cov_33.492

CONTIG: NODE_275_length_47313_cov_39.8269 (47313bp)
		This contig is unaligned. (47313 bp)
		Unaligned bases: 47313  total: 1228561

CONTIG: NODE_204_length_47310_cov_71.282 (47310bp)
Top Length: 1607  Top ID: 100.0
		This contig is partially unaligned. (1607 out of 47310)
		Alignment: 371635 373241 | 47310 45704 | 1607 1607 | 100.0 | gi|552536492|ref|NC_007494.2|_Rhodobacter_sphaeroides_2.4.1_chromosome_2__complete_sequence NODE_204_length_47310_cov_71.282
		Unaligned bases: 1 to 45703 (45703)
		This contig has both significant aligned and unaligned parts (of length >= min-contig)!

CONTIG: NODE_305_length_96559_cov_34.3867 (96559bp)
Top Length: 96559  Top ID: 99.99
		One align captures most of this contig: 275132 371689 | 96559 1 | 96558 96559 | 99.99 | gi|552536492|ref|NC_007494.2|_Rhodobacter_sphaeroides_2.4.1_chromosome_2__complete_sequence NODE_305_length_96559_cov_34.3867

CONTIG: NODE_314_length_60491_cov_33.8181 (60491bp)
		This contig is unaligned. (60491 bp)
		Unaligned bases: 60491  total: 1289052

CONTIG: NODE_198_length_1788_cov_34.382 (1788bp)
		This contig is unaligned. (1788 bp)
		Unaligned bases: 1788  total: 1290840

CONTIG: NODE_135_length_1248_cov_112.778 (1248bp)
		This contig is unaligned. (1248 bp)
		Unaligned bases: 1248  total: 1292088

CONTIG: NODE_205_length_2877_cov_41.68 (2877bp)
Top Length: 2877  Top ID: 99.9
		One align captures most of this contig: 708877 711753 | 2877 1 | 2877 2877 | 99.9 | gi|552536492|ref|NC_007494.2|_Rhodobacter_sphaeroides_2.4.1_chromosome_2__complete_sequence NODE_205_length_2877_cov_41.68

CONTIG: NODE_187_length_3300_cov_77.9886 (3300bp)
Top Length: 3300  Top ID: 100.0
		One align captures most of this contig: 38968 42267 | 1 3300 | 3300 3300 | 100.0 | gi|552536492|ref|NC_007494.2|_Rhodobacter_sphaeroides_2.4.1_chromosome_2__complete_sequence NODE_187_length_3300_cov_77.9886

CONTIG: NODE_346_length_118623_cov_32.5075 (118623bp)
		This contig is unaligned. (118623 bp)
		Unaligned bases: 118623  total: 1410711

CONTIG: NODE_129_length_6173_cov_32.5499 (6173bp)
		This contig is unaligned. (6173 bp)
		Unaligned bases: 6173  total: 1416884

CONTIG: NODE_242_length_910_cov_26.3965 (910bp)
		This contig is unaligned. (910 bp)
		Unaligned bases: 910  total: 1417794

CONTIG: NODE_180_length_947_cov_59.2892 (947bp)
		This contig is unaligned. (947 bp)
		Unaligned bases: 947  total: 1418741

CONTIG: NODE_299_length_3932_cov_79.8246 (3932bp)
		This contig is unaligned. (3932 bp)
		Unaligned bases: 3932  total: 1422673

CONTIG: NODE_126_length_34300_cov_31.8697 (34300bp)
		This contig is unaligned. (34300 bp)
		Unaligned bases: 34300  total: 1456973

CONTIG: NODE_185_length_4875_cov_79.0488 (4875bp)
		This contig is unaligned. (4875 bp)
		Unaligned bases: 4875  total: 1461848

CONTIG: NODE_322_length_42417_cov_35.5336 (42417bp)
Top Length: 380  Top ID: 100.0
		This contig is partially unaligned. (380 out of 42417)
		Alignment: 42213 42592 | 1 380 | 380 380 | 100.0 | gi|552536492|ref|NC_007494.2|_Rhodobacter_sphaeroides_2.4.1_chromosome_2__complete_sequence NODE_322_length_42417_cov_35.5336
		Unaligned bases: 381 to 42417 (42037)

CONTIG: NODE_340_length_3315_cov_69.4816 (3315bp)
		This contig is unaligned. (3315 bp)
		Unaligned bases: 3315  total: 1465163

CONTIG: NODE_226_length_3312_cov_28.9487 (3312bp)
		This contig is unaligned. (3312 bp)
		Unaligned bases: 3312  total: 1468475

CONTIG: NODE_150_length_116634_cov_32.2545 (116634bp)
Top Length: 116631  Top ID: 100.0
		One align captures most of this contig: 550186 666816 | 4 116634 | 116631 116631 | 100.0 | gi|552536492|ref|NC_007494.2|_Rhodobacter_sphaeroides_2.4.1_chromosome_2__complete_sequence NODE_150_length_116634_cov_32.2545

CONTIG: NODE_223_length_22222_cov_36.9507 (22222bp)
Top Length: 778  Top ID: 100.0
		This contig is partially unaligned. (778 out of 22222)
		Alignment: 706550 707327 | 778 1 | 778 778 | 100.0 | gi|552536492|ref|NC_007494.2|_Rhodobacter_sphaeroides_2.4.1_chromosome_2__complete_sequence NODE_223_length_22222_cov_36.9507
		Unaligned bases: 779 to 22222 (21444)
		This contig has both significant aligned and unaligned parts (of length >= min-contig)!

CONTIG: NODE_125_length_31363_cov_30.1349 (31363bp)
Top Length: 31363  Top ID: 99.99
		One align captures most of this contig: 243780 275142 | 1 31363 | 31363 31363 | 99.99 | gi|552536492|ref|NC_007494.2|_Rhodobacter_sphaeroides_2.4.1_chromosome_2__complete_sequence NODE_125_length_31363_cov_30.1349

CONTIG: NODE_146_length_53408_cov_32.6445 (53408bp)
		This contig is unaligned. (53408 bp)
		Unaligned bases: 53408  total: 1521883

CONTIG: NODE_278_length_17512_cov_52.5838 (17512bp)
		This contig is unaligned. (17512 bp)
		Unaligned bases: 17512  total: 1539395

CONTIG: NODE_241_length_3232_cov_43.5911 (3232bp)
		This contig is unaligned. (3232 bp)
		Unaligned bases: 3232  total: 1542627

CONTIG: NODE_108_length_1656_cov_27.649 (1656bp)
		This contig is unaligned. (1656 bp)
		Unaligned bases: 1656  total: 1544283

CONTIG: NODE_193_length_131485_cov_37.3682 (131485bp)
		This contig is unaligned. (131485 bp)
		Unaligned bases: 131485  total: 1675768

CONTIG: NODE_284_length_12844_cov_63.4127 (12844bp)
Top Length: 12844  Top ID: 100.0
		Marking as insignificant: 704775 705234 | 459 1 | 460 459 | 95.43 | gi|552536492|ref|NC_007494.2|_Rhodobacter_sphaeroides_2.4.1_chromosome_2__complete_sequence NODE_284_length_12844_cov_63.4127
		One align captures most of this contig: 745941 758784 | 12844 1 | 12844 12844 | 100.0 | gi|552536492|ref|NC_007494.2|_Rhodobacter_sphaeroides_2.4.1_chromosome_2__complete_sequence NODE_284_length_12844_cov_63.4127

CONTIG: NODE_227_length_3805_cov_29.1371 (3805bp)
		This contig is unaligned. (3805 bp)
		Unaligned bases: 3805  total: 1679573

CONTIG: NODE_335_length_119804_cov_34.9905 (119804bp)
Top Length: 233  Top ID: 100.0
		This contig is partially unaligned. (233 out of 119804)
		Alignment: 942614 942846 | 233 1 | 233 233 | 100.0 | gi|552536492|ref|NC_007494.2|_Rhodobacter_sphaeroides_2.4.1_chromosome_2__complete_sequence NODE_335_length_119804_cov_34.9905
		Unaligned bases: 234 to 119804 (119571)

CONTIG: NODE_113_length_8419_cov_34.1386 (8419bp)
		This contig is unaligned. (8419 bp)
		Unaligned bases: 8419  total: 1687992

CONTIG: NODE_137_length_30013_cov_33.1539 (30013bp)
		This contig is unaligned. (30013 bp)
		Unaligned bases: 30013  total: 1718005

CONTIG: NODE_206_length_2553_cov_43.1065 (2553bp)
		This contig is unaligned. (2553 bp)
		Unaligned bases: 2553  total: 1720558

CONTIG: NODE_316_length_18033_cov_33.644 (18033bp)
		This contig is unaligned. (18033 bp)
		Unaligned bases: 18033  total: 1738591

CONTIG: NODE_213_length_1647_cov_87.1187 (1647bp)
		This contig is unaligned. (1647 bp)
		Unaligned bases: 1647  total: 1740238

CONTIG: NODE_269_length_18732_cov_48.0466 (18732bp)
		This contig is unaligned. (18732 bp)
		Unaligned bases: 18732  total: 1758970

CONTIG: NODE_142_length_71177_cov_32.3168 (71177bp)
		This contig is unaligned. (71177 bp)
		Unaligned bases: 71177  total: 1830147

CONTIG: NODE_240_length_3232_cov_55.8499 (3232bp)
		This contig is unaligned. (3232 bp)
		Unaligned bases: 3232  total: 1833379

CONTIG: NODE_309_length_1845_cov_26.062 (1845bp)
		This contig is unaligned. (1845 bp)
		Unaligned bases: 1845  total: 1835224

CONTIG: NODE_254_length_1637_cov_49.6991 (1637bp)
Top Length: 1637  Top ID: 97.43
		One align captures most of this contig: 707295 708931 | 1 1637 | 1637 1637 | 97.43 | gi|552536492|ref|NC_007494.2|_Rhodobacter_sphaeroides_2.4.1_chromosome_2__complete_sequence NODE_254_length_1637_cov_49.6991

CONTIG: NODE_263_length_10504_cov_36.5568 (10504bp)
Top Length: 689  Top ID: 95.5
		This contig is partially unaligned. (689 out of 10504)
		Alignment: 712392 713080 | 1 689 | 689 689 | 95.5 | gi|552536492|ref|NC_007494.2|_Rhodobacter_sphaeroides_2.4.1_chromosome_2__complete_sequence NODE_263_length_10504_cov_36.5568
		Unaligned bases: 690 to 10504 (9815)
		This contig has both significant aligned and unaligned parts (of length >= min-contig)!

CONTIG: NODE_228_length_7404_cov_34.2351 (7404bp)
Top Length: 7404  Top ID: 99.97
		One align captures most of this contig: 895010 902413 | 7404 1 | 7404 7404 | 99.97 | gi|552536492|ref|NC_007494.2|_Rhodobacter_sphaeroides_2.4.1_chromosome_2__complete_sequence NODE_228_length_7404_cov_34.2351

CONTIG: NODE_141_length_63652_cov_36.6457 (63652bp)
		This contig is unaligned. (63652 bp)
		Unaligned bases: 63652  total: 1898876

CONTIG: NODE_134_length_581_cov_30.8992 (581bp)
		This contig is unaligned. (581 bp)
		Unaligned bases: 581  total: 1899457

CONTIG: NODE_253_length_625_cov_27.7649 (625bp)
Top Length: 625  Top ID: 95.36
		One align captures most of this contig: 707295 707919 | 1 625 | 625 625 | 95.36 | gi|552536492|ref|NC_007494.2|_Rhodobacter_sphaeroides_2.4.1_chromosome_2__complete_sequence NODE_253_length_625_cov_27.7649

CONTIG: NODE_347_length_51206_cov_34.349 (51206bp)
Top Length: 40129  Top ID: 99.92
		This contig is misassembled. 2 total aligns.
			Real Alignment 1: 785584 816686 | 1 31071 | 31103 31071 | 99.9 | gi|552536492|ref|NC_007494.2|_Rhodobacter_sphaeroides_2.4.1_chromosome_2__complete_sequence NODE_347_length_51206_cov_34.349
			  Overlap between these two alignments (local misassembly). Inconsistency = -32
			Real Alignment 2: 796661 836821 | 11078 51206 | 40161 40129 | 99.92 | gi|552536492|ref|NC_007494.2|_Rhodobacter_sphaeroides_2.4.1_chromosome_2__complete_sequence NODE_347_length_51206_cov_34.349

CONTIG: NODE_148_length_87434_cov_32.9824 (87434bp)
		This contig is unaligned. (87434 bp)
		Unaligned bases: 87434  total: 1986891

CONTIG: NODE_138_length_74016_cov_32.3919 (74016bp)
		This contig is unaligned. (74016 bp)
		Unaligned bases: 74016  total: 2060907

CONTIG: NODE_144_length_130248_cov_35.686 (130248bp)
		This contig is unaligned. (130248 bp)
		Unaligned bases: 130248  total: 2191155

CONTIG: NODE_152_length_83463_cov_32.1284 (83463bp)
		This contig is unaligned. (83463 bp)
		Unaligned bases: 83463  total: 2274618

CONTIG: NODE_302_length_19904_cov_41.2595 (19904bp)
Top Length: 1606  Top ID: 100.0
		This contig is partially unaligned. (1606 out of 19904)
		Alignment: 371635 373240 | 1 1606 | 1606 1606 | 100.0 | gi|552536492|ref|NC_007494.2|_Rhodobacter_sphaeroides_2.4.1_chromosome_2__complete_sequence NODE_302_length_19904_cov_41.2595
		Unaligned bases: 1607 to 19904 (18298)
		This contig has both significant aligned and unaligned parts (of length >= min-contig)!

CONTIG: NODE_312_length_12505_cov_75.4291 (12505bp)
		This contig is unaligned. (12505 bp)
		Unaligned bases: 12505  total: 2287123

CONTIG: NODE_140_length_42137_cov_31.8381 (42137bp)
		This contig is unaligned. (42137 bp)
		Unaligned bases: 42137  total: 2329260

CONTIG: NODE_329_length_2823_cov_49.2757 (2823bp)
		This contig is unaligned. (2823 bp)
		Unaligned bases: 2823  total: 2332083

CONTIG: NODE_225_length_526_cov_25.5711 (526bp)
Top Length: 526  Top ID: 100.0
		One align captures most of this contig: 894355 894880 | 1 526 | 526 526 | 100.0 | gi|552536492|ref|NC_007494.2|_Rhodobacter_sphaeroides_2.4.1_chromosome_2__complete_sequence NODE_225_length_526_cov_25.5711

CONTIG: NODE_277_length_2852_cov_120.792 (2852bp)
		This contig is unaligned. (2852 bp)
		Unaligned bases: 2852  total: 2334935

CONTIG: NODE_337_length_1946_cov_35.4389 (1946bp)
Top Length: 1946  Top ID: 99.74
		Marking as insignificant: 740816 741016 | 201 1 | 201 201 | 99.5 | gi|552536492|ref|NC_007494.2|_Rhodobacter_sphaeroides_2.4.1_chromosome_2__complete_sequence NODE_337_length_1946_cov_35.4389
		One align captures most of this contig: 902359 904304 | 1 1946 | 1946 1946 | 99.74 | gi|552536492|ref|NC_007494.2|_Rhodobacter_sphaeroides_2.4.1_chromosome_2__complete_sequence NODE_337_length_1946_cov_35.4389

CONTIG: NODE_207_length_2893_cov_47.0923 (2893bp)
		This contig is unaligned. (2893 bp)
		Unaligned bases: 2893  total: 2337828

CONTIG: NODE_319_length_27106_cov_73.9967 (27106bp)
		This contig is unaligned. (27106 bp)
		Unaligned bases: 27106  total: 2364934

CONTIG: NODE_306_length_94340_cov_44.7859 (94340bp)
		This contig is unaligned. (94340 bp)
		Unaligned bases: 94340  total: 2459274

CONTIG: NODE_147_length_10990_cov_29.9958 (10990bp)
		This contig is unaligned. (10990 bp)
		Unaligned bases: 10990  total: 2470264

CONTIG: NODE_320_length_1233_cov_34.6664 (1233bp)
		This contig is unaligned. (1233 bp)
		Unaligned bases: 1233  total: 2471497

CONTIG: NODE_216_length_2678_cov_93.7095 (2678bp)
		This contig is unaligned. (2678 bp)
		Unaligned bases: 2678  total: 2474175

CONTIG: NODE_262_length_17624_cov_39.6686 (17624bp)
Top Length: 17624  Top ID: 99.91
		One align captures most of this contig: 712392 730015 | 1 17624 | 17624 17624 | 99.91 | gi|552536492|ref|NC_007494.2|_Rhodobacter_sphaeroides_2.4.1_chromosome_2__complete_sequence NODE_262_length_17624_cov_39.6686

CONTIG: NODE_313_length_12038_cov_73.5761 (12038bp)
		This contig is unaligned. (12038 bp)
		Unaligned bases: 12038  total: 2486213

CONTIG: NODE_177_length_941_cov_46.7494 (941bp)
		This contig is unaligned. (941 bp)
		Unaligned bases: 941  total: 2487154

CONTIG: NODE_154_length_2390_cov_21.1383 (2390bp)
		This contig is unaligned. (2390 bp)
		Unaligned bases: 2390  total: 2489544

CONTIG: NODE_315_length_110583_cov_34.3347 (110583bp)
		This contig is unaligned. (110583 bp)
		Unaligned bases: 110583  total: 2600127

CONTIG: NODE_287_length_1143_cov_68.5855 (1143bp)
		This contig is unaligned. (1143 bp)
		Unaligned bases: 1143  total: 2601270

CONTIG: NODE_202_length_749_cov_44.2161 (749bp)
		This contig is unaligned. (749 bp)
		Unaligned bases: 749  total: 2602019

CONTIG: NODE_178_length_594_cov_6.34323 (594bp)
		This contig is unaligned. (594 bp)
		Unaligned bases: 594  total: 2602613

CONTIG: NODE_181_length_37180_cov_68.5546 (37180bp)
		This contig is unaligned. (37180 bp)
		Unaligned bases: 37180  total: 2639793

CONTIG: NODE_123_length_24851_cov_33.7771 (24851bp)
		This contig is unaligned. (24851 bp)
		Unaligned bases: 24851  total: 2664644

CONTIG: NODE_285_length_34817_cov_147.793 (34817bp)
		This contig is unaligned. (34817 bp)
		Unaligned bases: 34817  total: 2699461

CONTIG: NODE_273_length_559_cov_26.0337 (559bp)
Top Length: 557  Top ID: 99.46
		One align captures most of this contig: 745400 745956 | 557 1 | 557 557 | 99.46 | gi|552536492|ref|NC_007494.2|_Rhodobacter_sphaeroides_2.4.1_chromosome_2__complete_sequence NODE_273_length_559_cov_26.0337

CONTIG: NODE_321_length_1151_cov_32.5812 (1151bp)
		This contig is unaligned. (1151 bp)
		Unaligned bases: 1151  total: 2700612

CONTIG: NODE_304_length_28008_cov_63.6112 (28008bp)
Top Length: 1606  Top ID: 100.0
		This contig is partially unaligned. (1606 out of 28008)
		Alignment: 371635 373240 | 1 1606 | 1606 1606 | 100.0 | gi|552536492|ref|NC_007494.2|_Rhodobacter_sphaeroides_2.4.1_chromosome_2__complete_sequence NODE_304_length_28008_cov_63.6112
		Unaligned bases: 1607 to 28008 (26402)
		This contig has both significant aligned and unaligned parts (of length >= min-contig)!

CONTIG: NODE_317_length_21570_cov_42.7494 (21570bp)
		This contig is unaligned. (21570 bp)
		Unaligned bases: 21570  total: 2722182

CONTIG: NODE_218_length_748_cov_37.5584 (748bp)
Top Length: 748  Top ID: 99.87
		One align captures most of this contig: 711699 712446 | 748 1 | 748 748 | 99.87 | gi|552536492|ref|NC_007494.2|_Rhodobacter_sphaeroides_2.4.1_chromosome_2__complete_sequence NODE_218_length_748_cov_37.5584

CONTIG: NODE_119_length_43392_cov_33.1109 (43392bp)
		This contig is unaligned. (43392 bp)
		Unaligned bases: 43392  total: 2765574

CONTIG: NODE_250_length_610_cov_32.3928 (610bp)
Top Length: 610  Top ID: 100.0
		One align captures most of this contig: 741964 742573 | 1 610 | 610 610 | 100.0 | gi|552536492|ref|NC_007494.2|_Rhodobacter_sphaeroides_2.4.1_chromosome_2__complete_sequence NODE_250_length_610_cov_32.3928

CONTIG: NODE_332_length_27698_cov_33.7004 (27698bp)
		This contig is unaligned. (27698 bp)
		Unaligned bases: 27698  total: 2793272

CONTIG: NODE_298_length_98113_cov_34.3029 (98113bp)
Top Length: 98110  Top ID: 100.0
		One align captures most of this contig: 371635 469744 | 1 98110 | 98110 98110 | 100.0 | gi|552536492|ref|NC_007494.2|_Rhodobacter_sphaeroides_2.4.1_chromosome_2__complete_sequence NODE_298_length_98113_cov_34.3029

CONTIG: NODE_224_length_40516_cov_33.7892 (40516bp)
Top Length: 40514  Top ID: 100.0
		Marking as insignificant: 758326 759139 | 2553 1739 | 814 815 | 96.07 | gi|552536492|ref|NC_007494.2|_Rhodobacter_sphaeroides_2.4.1_chromosome_2__complete_sequence NODE_224_length_40516_cov_33.7892
		One align captures most of this contig: 666814 707327 | 40514 1 | 40514 40514 | 100.0 | gi|552536492|ref|NC_007494.2|_Rhodobacter_sphaeroides_2.4.1_chromosome_2__complete_sequence NODE_224_length_40516_cov_33.7892

CONTIG: NODE_127_length_67626_cov_35.8472 (67626bp)
		This contig is unaligned. (67626 bp)
		Unaligned bases: 67626  total: 2860898

CONTIG: NODE_331_length_52685_cov_36.4735 (52685bp)
		This contig is unaligned. (52685 bp)
		Unaligned bases: 52685  total: 2913583

CONTIG: NODE_111_length_3177_cov_75.3254 (3177bp)
		This contig is unaligned. (3177 bp)
		Unaligned bases: 3177  total: 2916760

CONTIG: NODE_214_length_2962_cov_80.3708 (2962bp)
		This contig is unaligned. (2962 bp)
		Unaligned bases: 2962  total: 2919722

CONTIG: NODE_283_length_792_cov_22.8399 (792bp)
		This contig is unaligned. (792 bp)
		Unaligned bases: 792  total: 2920514

CONTIG: NODE_271_length_2138_cov_21.1349 (2138bp)
Top Length: 2138  Top ID: 98.22
		One align captures most of this contig: 760119 762256 | 1 2138 | 2138 2138 | 98.22 | gi|552536492|ref|NC_007494.2|_Rhodobacter_sphaeroides_2.4.1_chromosome_2__complete_sequence NODE_271_length_2138_cov_21.1349

CONTIG: NODE_325_length_3259_cov_58.2831 (3259bp)
		This contig is unaligned. (3259 bp)
		Unaligned bases: 3259  total: 2923773

CONTIG: NODE_301_length_20794_cov_37.3494 (20794bp)
Top Length: 1606  Top ID: 100.0
		This contig is partially unaligned. (1606 out of 20794)
		Alignment: 371635 373240 | 1 1606 | 1606 1606 | 100.0 | gi|552536492|ref|NC_007494.2|_Rhodobacter_sphaeroides_2.4.1_chromosome_2__complete_sequence NODE_301_length_20794_cov_37.3494
		Unaligned bases: 1607 to 20794 (19188)
		This contig has both significant aligned and unaligned parts (of length >= min-contig)!

CONTIG: NODE_221_length_617_cov_35.2367 (617bp)
		This contig is unaligned. (617 bp)
		Unaligned bases: 617  total: 2924390

CONTIG: NODE_133_length_12674_cov_34.98 (12674bp)
		This contig is unaligned. (12674 bp)
		Unaligned bases: 12674  total: 2937064

CONTIG: NODE_310_length_201460_cov_33.8552 (201460bp)
Top Length: 128846  Top ID: 99.99
		Skipping redundant alignment 14459 14541 | 624 542 | 83 83 | 100.0 | gi|552536492|ref|NC_007494.2|_Rhodobacter_sphaeroides_2.4.1_chromosome_2__complete_sequence NODE_310_length_201460_cov_33.8552
		This contig is misassembled. 3 total aligns.
			Real Alignment 1: 42213 114920 | 1 72709 | 72708 72709 | 99.99 | gi|552536492|ref|NC_007494.2|_Rhodobacter_sphaeroides_2.4.1_chromosome_2__complete_sequence NODE_310_length_201460_cov_33.8552
			  Gap between these two alignments (local misassembly). Inconsistency = 94
			Real Alignment 2: 114920 243763 | 72615 201460 | 128844 128846 | 99.99 | gi|552536492|ref|NC_007494.2|_Rhodobacter_sphaeroides_2.4.1_chromosome_2__complete_sequence NODE_310_length_201460_cov_33.8552

CONTIG: NODE_256_length_3310_cov_28.4286 (3310bp)
		This contig is unaligned. (3310 bp)
		Unaligned bases: 3310  total: 2940374

CONTIG: NODE_243_length_910_cov_25.8129 (910bp)
		This contig is unaligned. (910 bp)
		Unaligned bases: 910  total: 2941284

CONTIG: NODE_104_length_764_cov_24.9873 (764bp)
		This contig is unaligned. (764 bp)
		Unaligned bases: 764  total: 2942048

CONTIG: NODE_268_length_120562_cov_37.0146 (120562bp)
		This contig is unaligned. (120562 bp)
		Unaligned bases: 120562  total: 3062610

CONTIG: NODE_215_length_4413_cov_46.321 (4413bp)
		This contig is unaligned. (4413 bp)
		Unaligned bases: 4413  total: 3067023

CONTIG: NODE_311_length_2197_cov_74.9309 (2197bp)
Top Length: 146  Top ID: 99.32
		This contig is partially unaligned. (146 out of 2197)
		Alignment: 202447 202592 | 1693 1838 | 146 146 | 99.32 | gi|552536492|ref|NC_007494.2|_Rhodobacter_sphaeroides_2.4.1_chromosome_2__complete_sequence NODE_311_length_2197_cov_74.9309
		Unaligned bases: 1 to 1692 (1692)
		Unaligned bases: 1839 to 2197 (359)

CONTIG: NODE_196_length_1491_cov_43.2772 (1491bp)
Top Length: 1491  Top ID: 99.33
		One align captures most of this contig: 889859 891349 | 1 1491 | 1491 1491 | 99.33 | gi|552536492|ref|NC_007494.2|_Rhodobacter_sphaeroides_2.4.1_chromosome_2__complete_sequence NODE_196_length_1491_cov_43.2772

CONTIG: NODE_324_length_17594_cov_35.071 (17594bp)
Top Length: 17516  Top ID: 99.54
		Marking as insignificant: 738069 738582 | 1 514 | 514 514 | 98.44 | gi|552536492|ref|NC_007494.2|_Rhodobacter_sphaeroides_2.4.1_chromosome_2__complete_sequence NODE_324_length_17594_cov_35.071
		Marking as insignificant: 738579 740870 | 15303 17594 | 2292 2292 | 97.99 | gi|552536492|ref|NC_007494.2|_Rhodobacter_sphaeroides_2.4.1_chromosome_2__complete_sequence NODE_324_length_17594_cov_35.071
		One align captures most of this contig: 904229 921744 | 17516 1 | 17516 17516 | 99.54 | gi|552536492|ref|NC_007494.2|_Rhodobacter_sphaeroides_2.4.1_chromosome_2__complete_sequence NODE_324_length_17594_cov_35.071

CONTIG: NODE_220_length_769_cov_48.8333 (769bp)
		This contig is unaligned. (769 bp)
		Unaligned bases: 769  total: 3067792

CONTIG: NODE_260_length_694_cov_7.89828 (694bp)
		This contig is unaligned. (694 bp)
		Unaligned bases: 694  total: 3068486

CONTIG: NODE_251_length_7049_cov_32.3931 (7049bp)
		This contig is unaligned. (7049 bp)
		Unaligned bases: 7049  total: 3075535

CONTIG: NODE_145_length_291333_cov_36.0221 (291333bp)
		This contig is unaligned. (291333 bp)
		Unaligned bases: 291333  total: 3366868

Analyzing coverage...
Writing SNPs into /usit/invitro/data/galaxy/master/sabbai/galaxy-dist/database/job_working_directory/000/731/dataset_768_files/contigs_reports/nucmer_output/RS-H-Spades.used_snps
	Reference gi|552536492|ref|NC_007494.2|_Rhodobacter_sphaeroides_2.4.1_chromosome_2__complete_sequence: 52 total alignments. 1 total regions.
		Region: 1 to 943018 (943018 bp)
			START in gap: 1 to 5296 (5295 bp)
			Align 1: 5296 21117 NODE_333_length_15822_cov_44.7692 1 15822
				Negative gap (overlap) between this and next alignment: 21117 to 21111 (-6 bp)
				Next Alignment: 21111 33501 NODE_190_length_12391_cov_32.5345 12391 1

			Previous gap was negative, modifying coordinates to ignore overlap
				Moving contig start from 12391 to 12384.
			Align 2: 21118 33501 NODE_190_length_12391_cov_32.5345 12384 1
				Negative gap (overlap) between this and next alignment: 33501 to 33447 (-54 bp)
				Next Alignment: 33447 39022 NODE_191_length_5577_cov_223.509 5577 1

			Previous gap was negative, modifying coordinates to ignore overlap
				Moving contig start from 5577 to 5522.
			Align 3: 33502 39022 NODE_191_length_5577_cov_223.509 5522 1
				Negative gap (overlap) between this and next alignment: 39022 to 38968 (-54 bp)
				Next Alignment: 38968 42267 NODE_187_length_3300_cov_77.9886 1 3300

			Previous gap was negative, modifying coordinates to ignore overlap
				Moving contig start from 1 to 56.
			Align 4: 39023 42267 NODE_187_length_3300_cov_77.9886 56 3300
				Negative gap (overlap) between this and next alignment: 42267 to 42213 (-54 bp)
				Next Alignment: 42213 42592 NODE_322_length_42417_cov_35.5336 1 380

			Previous gap was negative, modifying coordinates to ignore overlap
				Moving contig start from 1 to 56.
			Align 5: 42268 42592 NODE_322_length_42417_cov_35.5336 56 380
				Negative gap (overlap) between this and next alignment: 42592 to 42213 (-379 bp)
				Next Alignment: 42213 114920 NODE_310_length_201460_cov_33.8552 1 72709

			Previous gap was negative, modifying coordinates to ignore overlap
				Moving contig start from 1 to 381.
			Align 6: 42593 114920 NODE_310_length_201460_cov_33.8552 381 72709
				Negative gap (overlap) between this and next alignment: 114920 to 114920 (0 bp)
				Next Alignment: 114920 243763 NODE_310_length_201460_cov_33.8552 72615 201460

			Previous gap was negative, modifying coordinates to ignore overlap
				Moving contig start from 72615 to 72616.
			Align 7: 114921 243763 NODE_310_length_201460_cov_33.8552 72616 201460
				The next alignment (202447 202592 NODE_311_length_2197_cov_74.9309 1693 1838) is redundant. Skipping.
				Gap between this and next alignment: 243763 to 243780 (16 bp)
				Next Alignment: 243780 275142 NODE_125_length_31363_cov_30.1349 1 31363

			Align 9: 243780 275142 NODE_125_length_31363_cov_30.1349 1 31363
				Negative gap (overlap) between this and next alignment: 275142 to 275132 (-10 bp)
				Next Alignment: 275132 371689 NODE_305_length_96559_cov_34.3867 96559 1

			Previous gap was negative, modifying coordinates to ignore overlap
				Moving contig start from 96559 to 96548.
			Align 10: 275143 371689 NODE_305_length_96559_cov_34.3867 96548 1
				Negative gap (overlap) between this and next alignment: 371689 to 371635 (-54 bp)
				Next Alignment: 371635 373240 NODE_303_length_4429_cov_74.6909 1 1606

			Previous gap was negative, modifying coordinates to ignore overlap
				Moving contig start from 1 to 56.
			Align 11: 371690 373240 NODE_303_length_4429_cov_74.6909 56 1606
				Negative gap (overlap) between this and next alignment: 373240 to 371635 (-1605 bp)
				Next Alignment: 371635 373241 NODE_204_length_47310_cov_71.282 47310 45704

			Previous gap was negative, modifying coordinates to ignore overlap
				Moving contig start from 47310 to 45704.
			Align 12: 373241 373241 NODE_204_length_47310_cov_71.282 45704 45704
				The next alignment (371635 373240 NODE_302_length_19904_cov_41.2595 1 1606) is redundant. Skipping.
				The next alignment (371635 373240 NODE_304_length_28008_cov_63.6112 1 1606) is redundant. Skipping.
				Negative gap (overlap) between this and next alignment: 373241 to 371635 (-1606 bp)
				Next Alignment: 371635 469744 NODE_298_length_98113_cov_34.3029 1 98110

			Previous gap was negative, modifying coordinates to ignore overlap
				Moving contig start from 1 to 1608.
			Align 15: 373242 469744 NODE_298_length_98113_cov_34.3029 1608 98110
				The next alignment (371635 373240 NODE_301_length_20794_cov_37.3494 1 1606) is redundant. Skipping.
				Negative gap (overlap) between this and next alignment: 469744 to 469738 (-6 bp)
				Next Alignment: 469738 530275 NODE_139_length_60541_cov_32.1794 60541 4

			Previous gap was negative, modifying coordinates to ignore overlap
				Moving contig start from 60541 to 60534.
			Align 17: 469745 530275 NODE_139_length_60541_cov_32.1794 60534 4
				Gap between this and next alignment: 530275 to 530278 (2 bp)
				Next Alignment: 530278 550208 NODE_121_length_19931_cov_31.62 1 19931

			Align 18: 530278 550208 NODE_121_length_19931_cov_31.62 1 19931
				Negative gap (overlap) between this and next alignment: 550208 to 550186 (-22 bp)
				Next Alignment: 550186 666816 NODE_150_length_116634_cov_32.2545 4 116634

			Previous gap was negative, modifying coordinates to ignore overlap
				Moving contig start from 4 to 27.
			Align 19: 550209 666816 NODE_150_length_116634_cov_32.2545 27 116634
				Negative gap (overlap) between this and next alignment: 666816 to 666814 (-2 bp)
				Next Alignment: 666814 707327 NODE_224_length_40516_cov_33.7892 40514 1

			Previous gap was negative, modifying coordinates to ignore overlap
				Moving contig start from 40514 to 40511.
			Align 20: 666817 707327 NODE_224_length_40516_cov_33.7892 40511 1
				The next alignment (706550 707327 NODE_223_length_22222_cov_36.9507 778 1) is redundant. Skipping.
				Negative gap (overlap) between this and next alignment: 707327 to 707295 (-32 bp)
				Next Alignment: 707295 708931 NODE_254_length_1637_cov_49.6991 1 1637

			Previous gap was negative, modifying coordinates to ignore overlap
				Moving contig start from 1 to 34.
			Align 22: 707328 708931 NODE_254_length_1637_cov_49.6991 34 1637
				The next alignment (707295 707919 NODE_253_length_625_cov_27.7649 1 625) is redundant. Skipping.
				Negative gap (overlap) between this and next alignment: 708931 to 708877 (-54 bp)
				Next Alignment: 708877 711753 NODE_205_length_2877_cov_41.68 2877 1

			Previous gap was negative, modifying coordinates to ignore overlap
				Moving contig start from 2877 to 2822.
			Align 24: 708932 711753 NODE_205_length_2877_cov_41.68 2822 1
				Negative gap (overlap) between this and next alignment: 711753 to 711699 (-54 bp)
				Next Alignment: 711699 712446 NODE_218_length_748_cov_37.5584 748 1

			Previous gap was negative, modifying coordinates to ignore overlap
				Moving contig start from 748 to 693.
			Align 25: 711754 712446 NODE_218_length_748_cov_37.5584 693 1
				Negative gap (overlap) between this and next alignment: 712446 to 712392 (-54 bp)
				Next Alignment: 712392 713080 NODE_263_length_10504_cov_36.5568 1 689

			Previous gap was negative, modifying coordinates to ignore overlap
				Moving contig start from 1 to 56.
			Align 26: 712447 713080 NODE_263_length_10504_cov_36.5568 56 689
				Negative gap (overlap) between this and next alignment: 713080 to 712392 (-688 bp)
				Next Alignment: 712392 730015 NODE_262_length_17624_cov_39.6686 1 17624

			Previous gap was negative, modifying coordinates to ignore overlap
				Moving contig start from 1 to 690.
			Align 27: 713081 730015 NODE_262_length_17624_cov_39.6686 690 17624
				Gap between this and next alignment: 730015 to 730037 (21 bp)
				Next Alignment: 730037 738123 NODE_318_length_8087_cov_48.2658 8087 1

			Align 28: 730037 738123 NODE_318_length_8087_cov_48.2658 8087 1
				Negative gap (overlap) between this and next alignment: 738123 to 738069 (-54 bp)
				Next Alignment: 738069 740870 NODE_323_length_2802_cov_27.7823 1 2802

			Previous gap was negative, modifying coordinates to ignore overlap
				Moving contig start from 1 to 56.
			Align 29: 738124 740870 NODE_323_length_2802_cov_27.7823 56 2802
				Gap between this and next alignment: 740870 to 740962 (91 bp)
				Next Alignment: 740962 741871 NODE_247_length_910_cov_32.3965 910 1

			Align 30: 740962 741871 NODE_247_length_910_cov_32.3965 910 1
				Gap between this and next alignment: 741871 to 741964 (92 bp)
				Next Alignment: 741964 742573 NODE_250_length_610_cov_32.3928 1 610

			Align 31: 741964 742573 NODE_250_length_610_cov_32.3928 1 610
				Gap between this and next alignment: 742573 to 742608 (34 bp)
				Next Alignment: 742608 743341 NODE_199_length_734_cov_53.5685 1 734

			Align 32: 742608 743341 NODE_199_length_734_cov_53.5685 1 734
				Negative gap (overlap) between this and next alignment: 743341 to 743287 (-54 bp)
				Next Alignment: 743287 744561 NODE_195_length_1275_cov_39.5156 1275 1

			Previous gap was negative, modifying coordinates to ignore overlap
				Moving contig start from 1275 to 1220.
			Align 33: 743342 744561 NODE_195_length_1275_cov_39.5156 1220 1
				Gap between this and next alignment: 744561 to 745400 (838 bp)
				Next Alignment: 745400 745956 NODE_273_length_559_cov_26.0337 557 1

			Align 34: 745400 745956 NODE_273_length_559_cov_26.0337 557 1
				Negative gap (overlap) between this and next alignment: 745956 to 745941 (-15 bp)
				Next Alignment: 745941 758784 NODE_284_length_12844_cov_63.4127 12844 1

			Previous gap was negative, modifying coordinates to ignore overlap
				Moving contig start from 12844 to 12828.
			Align 35: 745957 758784 NODE_284_length_12844_cov_63.4127 12828 1
				Gap between this and next alignment: 758784 to 759079 (294 bp)
				Next Alignment: 759079 760173 NODE_252_length_1095_cov_22.0385 1 1095

			Align 36: 759079 760173 NODE_252_length_1095_cov_22.0385 1 1095
				Negative gap (overlap) between this and next alignment: 760173 to 760119 (-54 bp)
				Next Alignment: 760119 762256 NODE_271_length_2138_cov_21.1349 1 2138

			Previous gap was negative, modifying coordinates to ignore overlap
				Moving contig start from 1 to 56.
			Align 37: 760174 762256 NODE_271_length_2138_cov_21.1349 56 2138
				Negative gap (overlap) between this and next alignment: 762256 to 762202 (-54 bp)
				Next Alignment: 762202 785603 NODE_255_length_23405_cov_34.157 1 23402

			Previous gap was negative, modifying coordinates to ignore overlap
				Moving contig start from 1 to 56.
			Align 38: 762257 785603 NODE_255_length_23405_cov_34.157 56 23402
				Negative gap (overlap) between this and next alignment: 785603 to 785584 (-19 bp)
				Next Alignment: 785584 816686 NODE_347_length_51206_cov_34.349 1 31071

			Previous gap was negative, modifying coordinates to ignore overlap
				Moving contig start from 1 to 21.
			Align 39: 785604 816686 NODE_347_length_51206_cov_34.349 21 31071
				Negative gap (overlap) between this and next alignment: 816686 to 796661 (-20025 bp)
				Next Alignment: 796661 836821 NODE_347_length_51206_cov_34.349 11078 51206

			Previous gap was negative, modifying coordinates to ignore overlap
				Moving contig start from 11078 to 31040.
			Align 40: 816687 836821 NODE_347_length_51206_cov_34.349 31040 51206
				Negative gap (overlap) between this and next alignment: 836821 to 836810 (-11 bp)
				Next Alignment: 836810 888479 NODE_276_length_51670_cov_42.2861 51670 1

			Previous gap was negative, modifying coordinates to ignore overlap
				Moving contig start from 51670 to 51658.
			Align 41: 836822 888479 NODE_276_length_51670_cov_42.2861 51658 1
				Negative gap (overlap) between this and next alignment: 888479 to 888329 (-150 bp)
				Next Alignment: 888329 888518 NODE_274_length_9330_cov_67.6954 190 1

			Previous gap was negative, modifying coordinates to ignore overlap
				Moving contig start from 190 to 39.
			Align 42: 888480 888518 NODE_274_length_9330_cov_67.6954 39 1
				Gap between this and next alignment: 888518 to 889859 (1340 bp)
				Next Alignment: 889859 891349 NODE_196_length_1491_cov_43.2772 1 1491

			Align 43: 889859 891349 NODE_196_length_1491_cov_43.2772 1 1491
				Negative gap (overlap) between this and next alignment: 891349 to 891295 (-54 bp)
				Next Alignment: 891295 892120 NODE_201_length_826_cov_44.1868 1 826

			Previous gap was negative, modifying coordinates to ignore overlap
				Moving contig start from 1 to 56.
			Align 44: 891350 892120 NODE_201_length_826_cov_44.1868 56 826
				Gap between this and next alignment: 892120 to 892850 (729 bp)
				Next Alignment: 892850 894093 NODE_246_length_1248_cov_33.492 1 1245

			Align 45: 892850 894093 NODE_246_length_1248_cov_33.492 1 1245
				The next alignment (893558 894093 NODE_169_length_540_cov_56.9031 540 4) is redundant. Skipping.
				Gap between this and next alignment: 894093 to 894355 (261 bp)
				Next Alignment: 894355 894880 NODE_225_length_526_cov_25.5711 1 526

			Align 47: 894355 894880 NODE_225_length_526_cov_25.5711 1 526
				Gap between this and next alignment: 894880 to 895010 (129 bp)
				Next Alignment: 895010 902413 NODE_228_length_7404_cov_34.2351 7404 1

			Align 48: 895010 902413 NODE_228_length_7404_cov_34.2351 7404 1
				Negative gap (overlap) between this and next alignment: 902413 to 902359 (-54 bp)
				Next Alignment: 902359 904304 NODE_337_length_1946_cov_35.4389 1 1946

			Previous gap was negative, modifying coordinates to ignore overlap
				Moving contig start from 1 to 56.
			Align 49: 902414 904304 NODE_337_length_1946_cov_35.4389 56 1946
				Negative gap (overlap) between this and next alignment: 904304 to 904229 (-75 bp)
				Next Alignment: 904229 921744 NODE_324_length_17594_cov_35.071 17516 1

			Previous gap was negative, modifying coordinates to ignore overlap
				Moving contig start from 17516 to 17440.
			Align 50: 904305 921744 NODE_324_length_17594_cov_35.071 17440 1
				Gap between this and next alignment: 921744 to 922357 (612 bp)
				Next Alignment: 922357 942846 NODE_336_length_20493_cov_35.2368 20490 1

			Align 51: 922357 942846 NODE_336_length_20493_cov_35.2368 20490 1
				The next alignment (942614 942846 NODE_335_length_119804_cov_34.9905 233 1) is redundant. Skipping.

Analysis is finished!
Founded SNPs were written into /usit/invitro/data/galaxy/master/sabbai/galaxy-dist/database/job_working_directory/000/731/dataset_768_files/contigs_reports/nucmer_output/RS-H-Spades.used_snps

Results:
	Local Misassemblies: 2
	Misassemblies: 0
		Relocations: 0
		Translocations: 0
		Inversions: 0
	Misassembled Contigs: 0
	Misassembled Contig Bases: 0
	Misassmblies Inter-Contig Overlap: 20089
Uncovered Regions: 0 (0)
Unaligned Contigs: 113 + 11 part
Partially Unaligned Contigs with Misassemblies: 0
Unaligned Contig Bases: 3683340

Ambiguously Mapped Contigs: 0
Total Bases in Ambiguously Mapped Contigs: 0
Note that --allow-ambiguity option was set to "one" and only first alignment per each contig was used.

	Covered Bases: 933092

	SNPs: 141
	Insertions: 6
	Deletions: 35

	Positive Gaps: 14
		Internal Gaps:  0
		External Gaps:  14
		External Gap Total:  9754
		External Gap Average: 697
	Negative Gaps: 30
		Internal Overlaps:  2
		External Overlaps:  28
		External Overlaps Total: -5328
		External Overlaps Average: -190
	Contigs with Redundant Alignments: 7 (7136)
