Aligning contigs to reference...
	Running Nucmer...
Parsing coords...
Loading Assembly...
Loading reference...
	Loaded [gi|552536492|ref|NC_007494.2|_Rhodobacter_sphaeroides_2.4.1_chromosome_2__complete_sequence]
Loading SNPs...
Loading regions...
	No regions given, using whole reference.
	Total Regions: 1
	Total Region Length: 943018
Analyzing contigs...
CONTIG: 71_6230_142928 (6230bp)
Top Length: 6230  Top ID: 100.0
		One align captures most of this contig: 237505 243734 | 6230 1 | 6230 6230 | 100.0 | gi|552536492|ref|NC_007494.2|_Rhodobacter_sphaeroides_2.4.1_chromosome_2__complete_sequence 71_6230_142928

CONTIG: 308_6623_176417 (6623bp)
Top Length: 6623  Top ID: 100.0
		One align captures most of this contig: 14494 21116 | 6623 1 | 6623 6623 | 100.0 | gi|552536492|ref|NC_007494.2|_Rhodobacter_sphaeroides_2.4.1_chromosome_2__complete_sequence 308_6623_176417

CONTIG: 470_1803_54627 (1803bp)
		This contig is unaligned. (1803 bp)
		Unaligned bases: 1803  total: 1803

CONTIG: 506_9203_276276 (9203bp)
Top Length: 9203  Top ID: 100.0
		One align captures most of this contig: 5304 14506 | 9203 1 | 9203 9203 | 100.0 | gi|552536492|ref|NC_007494.2|_Rhodobacter_sphaeroides_2.4.1_chromosome_2__complete_sequence 506_9203_276276

CONTIG: 684_10886_265863 (10886bp)
		This contig is unaligned. (10886 bp)
		Unaligned bases: 10886  total: 12689

CONTIG: 1019_18092_487914 (18092bp)
		This contig is unaligned. (18092 bp)
		Unaligned bases: 18092  total: 30781

CONTIG: 1058_23074_587050 (23074bp)
		This contig is unaligned. (23074 bp)
		Unaligned bases: 23074  total: 53855

CONTIG: 81_10543_267703 (10543bp)
		This contig is unaligned. (10543 bp)
		Unaligned bases: 10543  total: 64398

CONTIG: 631_790_17345 (790bp)
		This contig is unaligned. (790 bp)
		Unaligned bases: 790  total: 65188

CONTIG: 424_18487_519470 (18487bp)
		This contig is unaligned. (18487 bp)
		Unaligned bases: 18487  total: 83675

CONTIG: 10_3042_209279 (3042bp)
		This contig is unaligned. (3042 bp)
		Unaligned bases: 3042  total: 86717

CONTIG: 596_26305_678536 (26305bp)
		This contig is unaligned. (26305 bp)
		Unaligned bases: 26305  total: 113022

CONTIG: 1072_518_9907_37+_..._410+ (518bp)
Top Length: 518  Top ID: 96.14
		One align captures most of this contig: 760119 760636 | 1 518 | 518 518 | 96.14 | gi|552536492|ref|NC_007494.2|_Rhodobacter_sphaeroides_2.4.1_chromosome_2__complete_sequence 1072_518_9907_37+_..._410+

CONTIG: 448_29832_790332 (29832bp)
		This contig is unaligned. (29832 bp)
		Unaligned bases: 29832  total: 142854

CONTIG: 113_7006_162395 (7006bp)
		This contig is unaligned. (7006 bp)
		Unaligned bases: 7006  total: 149860

CONTIG: 1084_503_17937_355-_16+_718+ (503bp)
Top Length: 503  Top ID: 100.0
		Marking as insignificant: 704921 705423 | 503 1 | 503 503 | 97.61 | gi|552536492|ref|NC_007494.2|_Rhodobacter_sphaeroides_2.4.1_chromosome_2__complete_sequence 1084_503_17937_355-_16+_718+
		One align captures most of this contig: 758471 758973 | 503 1 | 503 503 | 100.0 | gi|552536492|ref|NC_007494.2|_Rhodobacter_sphaeroides_2.4.1_chromosome_2__complete_sequence 1084_503_17937_355-_16+_718+

CONTIG: 114_10913_281368 (10913bp)
		This contig is unaligned. (10913 bp)
		Unaligned bases: 10913  total: 160773

CONTIG: 566_7977_226322 (7977bp)
		This contig is unaligned. (7977 bp)
		Unaligned bases: 7977  total: 168750

CONTIG: 138_8818_225539 (8818bp)
		This contig is unaligned. (8818 bp)
		Unaligned bases: 8818  total: 177568

CONTIG: 540_19090_502287 (19090bp)
		This contig is unaligned. (19090 bp)
		Unaligned bases: 19090  total: 196658

CONTIG: 941_10662_251890 (10662bp)
Top Length: 10662  Top ID: 100.0
		One align captures most of this contig: 124964 135625 | 10662 1 | 10662 10662 | 100.0 | gi|552536492|ref|NC_007494.2|_Rhodobacter_sphaeroides_2.4.1_chromosome_2__complete_sequence 941_10662_251890

CONTIG: 34_772_19867 (772bp)
Top Length: 772  Top ID: 100.0
		One align captures most of this contig: 779811 780582 | 1 772 | 772 772 | 100.0 | gi|552536492|ref|NC_007494.2|_Rhodobacter_sphaeroides_2.4.1_chromosome_2__complete_sequence 34_772_19867

CONTIG: 504_10156_279235 (10156bp)
		This contig is unaligned. (10156 bp)
		Unaligned bases: 10156  total: 206814

CONTIG: 780_3148_175494 (3148bp)
		This contig is unaligned. (3148 bp)
		Unaligned bases: 3148  total: 209962

CONTIG: 845_2798_56733 (2798bp)
		This contig is unaligned. (2798 bp)
		Unaligned bases: 2798  total: 212760

CONTIG: 1085_1372_59507_366+_797+_579+ (1372bp)
		This contig is unaligned. (1372 bp)
		Unaligned bases: 1372  total: 214132

CONTIG: 459_1174_93802 (1174bp)
		This contig is unaligned. (1174 bp)
		Unaligned bases: 1174  total: 215306

CONTIG: 479_3286_119601 (3286bp)
Top Length: 3286  Top ID: 100.0
		One align captures most of this contig: 38975 42260 | 3286 1 | 3286 3286 | 100.0 | gi|552536492|ref|NC_007494.2|_Rhodobacter_sphaeroides_2.4.1_chromosome_2__complete_sequence 479_3286_119601

CONTIG: 242_13294_377159 (13294bp)
		This contig is unaligned. (13294 bp)
		Unaligned bases: 13294  total: 228600

CONTIG: 228_1421_36538 (1421bp)
Top Length: 1421  Top ID: 100.0
		One align captures most of this contig: 838414 839834 | 1421 1 | 1421 1421 | 100.0 | gi|552536492|ref|NC_007494.2|_Rhodobacter_sphaeroides_2.4.1_chromosome_2__complete_sequence 228_1421_36538

CONTIG: 409_19144_878622 (19144bp)
		This contig is unaligned. (19144 bp)
		Unaligned bases: 19144  total: 247744

CONTIG: 1021_9386_257947 (9386bp)
		This contig is unaligned. (9386 bp)
		Unaligned bases: 9386  total: 257130

CONTIG: 365_29031_738987 (29031bp)
		This contig is unaligned. (29031 bp)
		Unaligned bases: 29031  total: 286161

CONTIG: 932_15733_725788 (15733bp)
		This contig is unaligned. (15733 bp)
		Unaligned bases: 15733  total: 301894

CONTIG: 541_17270_447693 (17270bp)
		This contig is unaligned. (17270 bp)
		Unaligned bases: 17270  total: 319164

CONTIG: 588_19195_2436843 (19195bp)
		This contig is unaligned. (19195 bp)
		Unaligned bases: 19195  total: 338359

CONTIG: 177_66861_1765079 (66861bp)
Top Length: 66861  Top ID: 100.0
		One align captures most of this contig: 42789 109649 | 66861 1 | 66861 66861 | 100.0 | gi|552536492|ref|NC_007494.2|_Rhodobacter_sphaeroides_2.4.1_chromosome_2__complete_sequence 177_66861_1765079

CONTIG: 534_33239_847735 (33239bp)
		This contig is unaligned. (33239 bp)
		Unaligned bases: 33239  total: 371598

CONTIG: 638_33591_858929 (33591bp)
		This contig is unaligned. (33591 bp)
		Unaligned bases: 33591  total: 405189

CONTIG: 277_4056_88302 (4056bp)
		This contig is unaligned. (4056 bp)
		Unaligned bases: 4056  total: 409245

CONTIG: 47_9431_277174 (9431bp)
		This contig is unaligned. (9431 bp)
		Unaligned bases: 9431  total: 418676

CONTIG: 543_19823_504827 (19823bp)
		This contig is unaligned. (19823 bp)
		Unaligned bases: 19823  total: 438499

CONTIG: 245_10738_366779 (10738bp)
Top Length: 10738  Top ID: 100.0
		One align captures most of this contig: 746020 756757 | 1 10738 | 10738 10738 | 100.0 | gi|552536492|ref|NC_007494.2|_Rhodobacter_sphaeroides_2.4.1_chromosome_2__complete_sequence 245_10738_366779

CONTIG: 250_907_27724 (907bp)
Top Length: 907  Top ID: 100.0
		One align captures most of this contig: 743448 744354 | 907 1 | 907 907 | 100.0 | gi|552536492|ref|NC_007494.2|_Rhodobacter_sphaeroides_2.4.1_chromosome_2__complete_sequence 250_907_27724

CONTIG: 170_2092_50512 (2092bp)
		This contig is unaligned. (2092 bp)
		Unaligned bases: 2092  total: 440591

CONTIG: 390_25769_587760 (25769bp)
		This contig is unaligned. (25769 bp)
		Unaligned bases: 25769  total: 466360

CONTIG: 717_13298_602393 (13298bp)
		This contig is unaligned. (13298 bp)
		Unaligned bases: 13298  total: 479658

CONTIG: 1048_1354_31064 (1354bp)
		This contig is unaligned. (1354 bp)
		Unaligned bases: 1354  total: 481012

CONTIG: 157_1714_111834 (1714bp)
		This contig is unaligned. (1714 bp)
		Unaligned bases: 1714  total: 482726

CONTIG: 995_729_31782 (729bp)
		This contig is unaligned. (729 bp)
		Unaligned bases: 729  total: 483455

CONTIG: 1049_13714_359976 (13714bp)
		This contig is unaligned. (13714 bp)
		Unaligned bases: 13714  total: 497169

CONTIG: 891_4233_110892 (4233bp)
		This contig is unaligned. (4233 bp)
		Unaligned bases: 4233  total: 501402

CONTIG: 581_3969_103898 (3969bp)
		This contig is unaligned. (3969 bp)
		Unaligned bases: 3969  total: 505371

CONTIG: 343_1472_106090 (1472bp)
		This contig is unaligned. (1472 bp)
		Unaligned bases: 1472  total: 506843

CONTIG: 484_11021_330034 (11021bp)
		This contig is unaligned. (11021 bp)
		Unaligned bases: 11021  total: 517864

CONTIG: 278_6673_151990 (6673bp)
		This contig is unaligned. (6673 bp)
		Unaligned bases: 6673  total: 524537

CONTIG: 862_5577_594191 (5577bp)
Top Length: 5577  Top ID: 99.87
		Marking as insignificant: 942792 943018 | 5577 5351 | 227 227 | 100.0 | gi|552536492|ref|NC_007494.2|_Rhodobacter_sphaeroides_2.4.1_chromosome_2__complete_sequence 862_5577_594191
		Marking as insignificant: 1 5350 | 5350 1 | 5350 5350 | 99.94 | gi|552536492|ref|NC_007494.2|_Rhodobacter_sphaeroides_2.4.1_chromosome_2__complete_sequence 862_5577_594191
		One align captures most of this contig: 33447 39022 | 5577 1 | 5576 5577 | 99.87 | gi|552536492|ref|NC_007494.2|_Rhodobacter_sphaeroides_2.4.1_chromosome_2__complete_sequence 862_5577_594191

CONTIG: 990_16808_448307 (16808bp)
		This contig is unaligned. (16808 bp)
		Unaligned bases: 16808  total: 541345

CONTIG: 563_12281_310000 (12281bp)
		This contig is unaligned. (12281 bp)
		Unaligned bases: 12281  total: 553626

CONTIG: 884_1156_29792 (1156bp)
Top Length: 1156  Top ID: 100.0
		One align captures most of this contig: 410010 411165 | 1156 1 | 1156 1156 | 100.0 | gi|552536492|ref|NC_007494.2|_Rhodobacter_sphaeroides_2.4.1_chromosome_2__complete_sequence 884_1156_29792

CONTIG: 463_28168_676371 (28168bp)
		This contig is unaligned. (28168 bp)
		Unaligned bases: 28168  total: 581794

CONTIG: 649_32635_833161 (32635bp)
		This contig is unaligned. (32635 bp)
		Unaligned bases: 32635  total: 614429

CONTIG: 1002_9056_199469 (9056bp)
		This contig is unaligned. (9056 bp)
		Unaligned bases: 9056  total: 623485

CONTIG: 600_30995_819088 (30995bp)
		This contig is unaligned. (30995 bp)
		Unaligned bases: 30995  total: 654480

CONTIG: 715_14241_363930 (14241bp)
		This contig is unaligned. (14241 bp)
		Unaligned bases: 14241  total: 668721

CONTIG: 872_1488_35029 (1488bp)
		This contig is unaligned. (1488 bp)
		Unaligned bases: 1488  total: 670209

CONTIG: 129_12015_298626 (12015bp)
Top Length: 12015  Top ID: 100.0
		One align captures most of this contig: 337771 349785 | 1 12015 | 12015 12015 | 100.0 | gi|552536492|ref|NC_007494.2|_Rhodobacter_sphaeroides_2.4.1_chromosome_2__complete_sequence 129_12015_298626

CONTIG: 130_10410_278767 (10410bp)
		This contig is unaligned. (10410 bp)
		Unaligned bases: 10410  total: 680619

CONTIG: 318_4827_120712 (4827bp)
		This contig is unaligned. (4827 bp)
		Unaligned bases: 4827  total: 685446

CONTIG: 592_1188_28474 (1188bp)
		This contig is unaligned. (1188 bp)
		Unaligned bases: 1188  total: 686634

CONTIG: 115_2150_45117 (2150bp)
		This contig is unaligned. (2150 bp)
		Unaligned bases: 2150  total: 688784

CONTIG: 381_48079_1214548 (48079bp)
		This contig is unaligned. (48079 bp)
		Unaligned bases: 48079  total: 736863

CONTIG: 835_12767_356399 (12767bp)
		This contig is unaligned. (12767 bp)
		Unaligned bases: 12767  total: 749630

CONTIG: 372_554_11367 (554bp)
		This contig is unaligned. (554 bp)
		Unaligned bases: 554  total: 750184

CONTIG: 423_18710_440862 (18710bp)
		This contig is unaligned. (18710 bp)
		Unaligned bases: 18710  total: 768894

CONTIG: 26_3169_67626 (3169bp)
		This contig is unaligned. (3169 bp)
		Unaligned bases: 3169  total: 772063

CONTIG: 325_23177_696893 (23177bp)
		This contig is unaligned. (23177 bp)
		Unaligned bases: 23177  total: 795240

CONTIG: 110_586_6386 (586bp)
		This contig is unaligned. (586 bp)
		Unaligned bases: 586  total: 795826

CONTIG: 921_2699_57583 (2699bp)
		This contig is unaligned. (2699 bp)
		Unaligned bases: 2699  total: 798525

CONTIG: 930_17805_468789 (17805bp)
		This contig is unaligned. (17805 bp)
		Unaligned bases: 17805  total: 816330

CONTIG: 655_5165_130414 (5165bp)
		This contig is unaligned. (5165 bp)
		Unaligned bases: 5165  total: 821495

CONTIG: 842_9189_227434 (9189bp)
		This contig is unaligned. (9189 bp)
		Unaligned bases: 9189  total: 830684

CONTIG: 135_34568_882934 (34568bp)
		This contig is unaligned. (34568 bp)
		Unaligned bases: 34568  total: 865252

CONTIG: 269_837_30180 (837bp)
		This contig is unaligned. (837 bp)
		Unaligned bases: 837  total: 866089

CONTIG: 335_22453_562433 (22453bp)
		This contig is unaligned. (22453 bp)
		Unaligned bases: 22453  total: 888542

CONTIG: 323_10212_264229 (10212bp)
Top Length: 10212  Top ID: 100.0
		One align captures most of this contig: 349812 360023 | 10212 1 | 10212 10212 | 100.0 | gi|552536492|ref|NC_007494.2|_Rhodobacter_sphaeroides_2.4.1_chromosome_2__complete_sequence 323_10212_264229

CONTIG: 103_13610_356563 (13610bp)
		This contig is unaligned. (13610 bp)
		Unaligned bases: 13610  total: 902152

CONTIG: 598_6942_175489 (6942bp)
		This contig is unaligned. (6942 bp)
		Unaligned bases: 6942  total: 909094

CONTIG: 140_41566_1072206 (41566bp)
		This contig is unaligned. (41566 bp)
		Unaligned bases: 41566  total: 950660

CONTIG: 465_17392_469634 (17392bp)
		This contig is unaligned. (17392 bp)
		Unaligned bases: 17392  total: 968052

CONTIG: 825_16332_406744 (16332bp)
		This contig is unaligned. (16332 bp)
		Unaligned bases: 16332  total: 984384

CONTIG: 513_49196_1274615 (49196bp)
		This contig is unaligned. (49196 bp)
		Unaligned bases: 49196  total: 1033580

CONTIG: 221_3469_75530 (3469bp)
		This contig is unaligned. (3469 bp)
		Unaligned bases: 3469  total: 1037049

CONTIG: 587_25960_676706 (25960bp)
		This contig is unaligned. (25960 bp)
		Unaligned bases: 25960  total: 1063009

CONTIG: 452_8731_226620 (8731bp)
Top Length: 8731  Top ID: 100.0
		One align captures most of this contig: 202527 211257 | 8731 1 | 8731 8731 | 100.0 | gi|552536492|ref|NC_007494.2|_Rhodobacter_sphaeroides_2.4.1_chromosome_2__complete_sequence 452_8731_226620

CONTIG: 160_512_15550 (512bp)
Top Length: 512  Top ID: 100.0
		One align captures most of this contig: 892377 892888 | 512 1 | 512 512 | 100.0 | gi|552536492|ref|NC_007494.2|_Rhodobacter_sphaeroides_2.4.1_chromosome_2__complete_sequence 160_512_15550

CONTIG: 881_30879_825945 (30879bp)
		This contig is unaligned. (30879 bp)
		Unaligned bases: 30879  total: 1093888

CONTIG: 618_6524_168163 (6524bp)
		This contig is unaligned. (6524 bp)
		Unaligned bases: 6524  total: 1100412

CONTIG: 298_3115_82893 (3115bp)
		This contig is unaligned. (3115 bp)
		Unaligned bases: 3115  total: 1103527

CONTIG: 1088_841_25744_531+_..._547- (841bp)
		This contig is unaligned. (841 bp)
		Unaligned bases: 841  total: 1104368

CONTIG: 183_8531_214799 (8531bp)
Top Length: 8494  Top ID: 100.0
		One align captures most of this contig: 243918 252411 | 8494 1 | 8494 8494 | 100.0 | gi|552536492|ref|NC_007494.2|_Rhodobacter_sphaeroides_2.4.1_chromosome_2__complete_sequence 183_8531_214799

CONTIG: 922_3804_112789 (3804bp)
Top Length: 3804  Top ID: 100.0
		One align captures most of this contig: 733537 737340 | 3804 1 | 3804 3804 | 100.0 | gi|552536492|ref|NC_007494.2|_Rhodobacter_sphaeroides_2.4.1_chromosome_2__complete_sequence 922_3804_112789

CONTIG: 360_11754_661951 (11754bp)
		This contig is unaligned. (11754 bp)
		Unaligned bases: 11754  total: 1116122

CONTIG: 149_35711_910461 (35711bp)
		This contig is unaligned. (35711 bp)
		Unaligned bases: 35711  total: 1151833

CONTIG: 387_39436_1055955 (39436bp)
		This contig is unaligned. (39436 bp)
		Unaligned bases: 39436  total: 1191269

CONTIG: 217_9624_229294 (9624bp)
Top Length: 5227  Top ID: 99.98
		This contig is misassembled. 2 total aligns.
			Real Alignment 1: 109695 114920 | 9624 4398 | 5226 5227 | 99.98 | gi|552536492|ref|NC_007494.2|_Rhodobacter_sphaeroides_2.4.1_chromosome_2__complete_sequence 217_9624_229294
			  Gap between these two alignments (local misassembly). Inconsistency = 94
			Real Alignment 2: 114920 119409 | 4492 1 | 4490 4492 | 99.96 | gi|552536492|ref|NC_007494.2|_Rhodobacter_sphaeroides_2.4.1_chromosome_2__complete_sequence 217_9624_229294

CONTIG: 263_6817_165014 (6817bp)
		This contig is unaligned. (6817 bp)
		Unaligned bases: 6817  total: 1198086

CONTIG: 795_33755_947595 (33755bp)
		This contig is unaligned. (33755 bp)
		Unaligned bases: 33755  total: 1231841

CONTIG: 24_16648_459562 (16648bp)
Top Length: 16648  Top ID: 100.0
		One align captures most of this contig: 713313 729960 | 1 16648 | 16648 16648 | 100.0 | gi|552536492|ref|NC_007494.2|_Rhodobacter_sphaeroides_2.4.1_chromosome_2__complete_sequence 24_16648_459562

CONTIG: 358_545_39999 (545bp)
		This contig is unaligned. (545 bp)
		Unaligned bases: 545  total: 1232386

CONTIG: 19_9688_242721 (9688bp)
		This contig is unaligned. (9688 bp)
		Unaligned bases: 9688  total: 1242074

CONTIG: 4_2854_70593 (2854bp)
		This contig is unaligned. (2854 bp)
		Unaligned bases: 2854  total: 1244928

CONTIG: 1036_6229_143969 (6229bp)
		This contig is unaligned. (6229 bp)
		Unaligned bases: 6229  total: 1251157

CONTIG: 450_15260_695357 (15260bp)
		This contig is unaligned. (15260 bp)
		Unaligned bases: 15260  total: 1266417

CONTIG: 683_28695_703724 (28695bp)
Top Length: 28695  Top ID: 99.99
		One align captures most of this contig: 252599 281292 | 28695 1 | 28694 28695 | 99.99 | gi|552536492|ref|NC_007494.2|_Rhodobacter_sphaeroides_2.4.1_chromosome_2__complete_sequence 683_28695_703724

CONTIG: 156_21647_526117 (21647bp)
		This contig is unaligned. (21647 bp)
		Unaligned bases: 21647  total: 1288064

CONTIG: 568_2771_190380 (2771bp)
		This contig is unaligned. (2771 bp)
		Unaligned bases: 2771  total: 1290835

CONTIG: 790_1921_147574 (1921bp)
		This contig is unaligned. (1921 bp)
		Unaligned bases: 1921  total: 1292756

CONTIG: 447_8555_222550 (8555bp)
		This contig is unaligned. (8555 bp)
		Unaligned bases: 8555  total: 1301311

CONTIG: 1016_1010_37791 (1010bp)
		This contig is unaligned. (1010 bp)
		Unaligned bases: 1010  total: 1302321

CONTIG: 83_2509_151908 (2509bp)
		This contig is unaligned. (2509 bp)
		Unaligned bases: 2509  total: 1304830

CONTIG: 544_1424_37426 (1424bp)
Top Length: 1424  Top ID: 100.0
		One align captures most of this contig: 360088 361511 | 1424 1 | 1424 1424 | 100.0 | gi|552536492|ref|NC_007494.2|_Rhodobacter_sphaeroides_2.4.1_chromosome_2__complete_sequence 544_1424_37426

CONTIG: 123_4105_108890 (4105bp)
		This contig is unaligned. (4105 bp)
		Unaligned bases: 4105  total: 1308935

CONTIG: 604_1416_39465 (1416bp)
		This contig is unaligned. (1416 bp)
		Unaligned bases: 1416  total: 1310351

CONTIG: 791_3233_95612 (3233bp)
Top Length: 3233  Top ID: 100.0
		One align captures most of this contig: 730044 733276 | 3233 1 | 3233 3233 | 100.0 | gi|552536492|ref|NC_007494.2|_Rhodobacter_sphaeroides_2.4.1_chromosome_2__complete_sequence 791_3233_95612

CONTIG: 986_21558_560605 (21558bp)
		This contig is unaligned. (21558 bp)
		Unaligned bases: 21558  total: 1331909

CONTIG: 95_30215_787677 (30215bp)
		This contig is unaligned. (30215 bp)
		Unaligned bases: 30215  total: 1362124

CONTIG: 349_50613_1376120 (50613bp)
		This contig is unaligned. (50613 bp)
		Unaligned bases: 50613  total: 1412737

CONTIG: 866_25988_704077 (25988bp)
		This contig is unaligned. (25988 bp)
		Unaligned bases: 25988  total: 1438725

CONTIG: 943_5197_446137 (5197bp)
		This contig is unaligned. (5197 bp)
		Unaligned bases: 5197  total: 1443922

CONTIG: 494_6580_144539 (6580bp)
		This contig is unaligned. (6580 bp)
		Unaligned bases: 6580  total: 1450502

CONTIG: 697_26690_723485 (26690bp)
		This contig is unaligned. (26690 bp)
		Unaligned bases: 26690  total: 1477192

CONTIG: 5_11958_318868 (11958bp)
		This contig is unaligned. (11958 bp)
		Unaligned bases: 11958  total: 1489150

CONTIG: 987_11951_323284 (11951bp)
		This contig is unaligned. (11951 bp)
		Unaligned bases: 11951  total: 1501101

CONTIG: 973_26920_724724 (26920bp)
		This contig is unaligned. (26920 bp)
		Unaligned bases: 26920  total: 1528021

CONTIG: 224_33423_835853 (33423bp)
		This contig is unaligned. (33423 bp)
		Unaligned bases: 33423  total: 1561444

CONTIG: 483_3501_64713 (3501bp)
		This contig is unaligned. (3501 bp)
		Unaligned bases: 3501  total: 1564945

CONTIG: 332_11383_287636 (11383bp)
Top Length: 11383  Top ID: 100.0
		One align captures most of this contig: 296363 307745 | 11383 1 | 11383 11383 | 100.0 | gi|552536492|ref|NC_007494.2|_Rhodobacter_sphaeroides_2.4.1_chromosome_2__complete_sequence 332_11383_287636

CONTIG: 989_13054_918626 (13054bp)
		This contig is unaligned. (13054 bp)
		Unaligned bases: 13054  total: 1577999

CONTIG: 944_16894_444317 (16894bp)
		This contig is unaligned. (16894 bp)
		Unaligned bases: 16894  total: 1594893

CONTIG: 801_2070_138253 (2070bp)
		This contig is unaligned. (2070 bp)
		Unaligned bases: 2070  total: 1596963

CONTIG: 962_5523_140069 (5523bp)
Top Length: 5523  Top ID: 100.0
		One align captures most of this contig: 160408 165930 | 5523 1 | 5523 5523 | 100.0 | gi|552536492|ref|NC_007494.2|_Rhodobacter_sphaeroides_2.4.1_chromosome_2__complete_sequence 962_5523_140069

CONTIG: 622_25307_671993 (25307bp)
		This contig is unaligned. (25307 bp)
		Unaligned bases: 25307  total: 1622270

CONTIG: 264_4888_130253 (4888bp)
		This contig is unaligned. (4888 bp)
		Unaligned bases: 4888  total: 1627158

CONTIG: 187_4822_132951 (4822bp)
		This contig is unaligned. (4822 bp)
		Unaligned bases: 4822  total: 1631980

CONTIG: 873_27749_687277 (27749bp)
		This contig is unaligned. (27749 bp)
		Unaligned bases: 27749  total: 1659729

CONTIG: 425_671_9522 (671bp)
		This contig is unaligned. (671 bp)
		Unaligned bases: 671  total: 1660400

CONTIG: 275_693_15578 (693bp)
		This contig is unaligned. (693 bp)
		Unaligned bases: 693  total: 1661093

CONTIG: 977_11464_277400 (11464bp)
Top Length: 11464  Top ID: 100.0
		One align captures most of this contig: 647945 659408 | 11464 1 | 11464 11464 | 100.0 | gi|552536492|ref|NC_007494.2|_Rhodobacter_sphaeroides_2.4.1_chromosome_2__complete_sequence 977_11464_277400

CONTIG: 589_3541_85554 (3541bp)
		This contig is unaligned. (3541 bp)
		Unaligned bases: 3541  total: 1664634

CONTIG: 233_44920_1098267 (44920bp)
		This contig is unaligned. (44920 bp)
		Unaligned bases: 44920  total: 1709554

CONTIG: 41_63979_1772132 (63979bp)
		This contig is unaligned. (63979 bp)
		Unaligned bases: 63979  total: 1773533

CONTIG: 22_11924_288201 (11924bp)
		This contig is unaligned. (11924 bp)
		Unaligned bases: 11924  total: 1785457

CONTIG: 291_25932_2245383 (25932bp)
		This contig is unaligned. (25932 bp)
		Unaligned bases: 25932  total: 1811389

CONTIG: 848_21202_540609 (21202bp)
		This contig is unaligned. (21202 bp)
		Unaligned bases: 21202  total: 1832591

CONTIG: 66_9422_755582 (9422bp)
		This contig is unaligned. (9422 bp)
		Unaligned bases: 9422  total: 1842013

CONTIG: 166_14484_336325 (14484bp)
		This contig is unaligned. (14484 bp)
		Unaligned bases: 14484  total: 1856497

CONTIG: 137_11576_283581 (11576bp)
		This contig is unaligned. (11576 bp)
		Unaligned bases: 11576  total: 1868073

CONTIG: 219_1924_38032 (1924bp)
		This contig is unaligned. (1924 bp)
		Unaligned bases: 1924  total: 1869997

CONTIG: 453_4515_100965 (4515bp)
		This contig is unaligned. (4515 bp)
		Unaligned bases: 4515  total: 1874512

CONTIG: 1093_5646_742183_669-_793-_1028- (5646bp)
		This contig is unaligned. (5646 bp)
		Unaligned bases: 5646  total: 1880158

CONTIG: 420_16302_423273 (16302bp)
		This contig is unaligned. (16302 bp)
		Unaligned bases: 16302  total: 1896460

CONTIG: 251_609_17855 (609bp)
Top Length: 609  Top ID: 100.0
		One align captures most of this contig: 165972 166580 | 1 609 | 609 609 | 100.0 | gi|552536492|ref|NC_007494.2|_Rhodobacter_sphaeroides_2.4.1_chromosome_2__complete_sequence 251_609_17855

CONTIG: 396_11021_290469 (11021bp)
		This contig is unaligned. (11021 bp)
		Unaligned bases: 11021  total: 1907481

CONTIG: 580_36587_998885 (36587bp)
		This contig is unaligned. (36587 bp)
		Unaligned bases: 36587  total: 1944068

CONTIG: 1038_9704_244276 (9704bp)
		This contig is unaligned. (9704 bp)
		Unaligned bases: 9704  total: 1953772

CONTIG: 1001_635_12252 (635bp)
Top Length: 635  Top ID: 100.0
		One align captures most of this contig: 135632 136266 | 635 1 | 635 635 | 100.0 | gi|552536492|ref|NC_007494.2|_Rhodobacter_sphaeroides_2.4.1_chromosome_2__complete_sequence 1001_635_12252

CONTIG: 976_5976_127134 (5976bp)
		This contig is unaligned. (5976 bp)
		Unaligned bases: 5976  total: 1959748

CONTIG: 69_2364_53852 (2364bp)
		This contig is unaligned. (2364 bp)
		Unaligned bases: 2364  total: 1962112

CONTIG: 314_32535_830169 (32535bp)
Top Length: 32535  Top ID: 100.0
		One align captures most of this contig: 373194 405728 | 32535 1 | 32535 32535 | 100.0 | gi|552536492|ref|NC_007494.2|_Rhodobacter_sphaeroides_2.4.1_chromosome_2__complete_sequence 314_32535_830169

CONTIG: 27_6675_173665 (6675bp)
		This contig is unaligned. (6675 bp)
		Unaligned bases: 6675  total: 1968787

CONTIG: 890_8974_231301 (8974bp)
		This contig is unaligned. (8974 bp)
		Unaligned bases: 8974  total: 1977761

CONTIG: 451_2855_72590 (2855bp)
		This contig is unaligned. (2855 bp)
		Unaligned bases: 2855  total: 1980616

CONTIG: 147_13838_409150 (13838bp)
Top Length: 13838  Top ID: 100.0
		One align captures most of this contig: 907441 921278 | 13838 1 | 13838 13838 | 100.0 | gi|552536492|ref|NC_007494.2|_Rhodobacter_sphaeroides_2.4.1_chromosome_2__complete_sequence 147_13838_409150

CONTIG: 101_37188_1270712 (37188bp)
		This contig is unaligned. (37188 bp)
		Unaligned bases: 37188  total: 2017804

CONTIG: 301_17614_462068 (17614bp)
		This contig is unaligned. (17614 bp)
		Unaligned bases: 17614  total: 2035418

CONTIG: 455_4971_124066 (4971bp)
		This contig is unaligned. (4971 bp)
		Unaligned bases: 4971  total: 2040389

CONTIG: 725_5360_153313 (5360bp)
Top Length: 5360  Top ID: 100.0
		One align captures most of this contig: 896685 902044 | 5360 1 | 5360 5360 | 100.0 | gi|552536492|ref|NC_007494.2|_Rhodobacter_sphaeroides_2.4.1_chromosome_2__complete_sequence 725_5360_153313

CONTIG: 159_4899_135092 (4899bp)
		This contig is unaligned. (4899 bp)
		Unaligned bases: 4899  total: 2045288

CONTIG: 847_514_35451 (514bp)
		This contig is unaligned. (514 bp)
		Unaligned bases: 514  total: 2045802

CONTIG: 865_25387_698481 (25387bp)
		This contig is unaligned. (25387 bp)
		Unaligned bases: 25387  total: 2071189

CONTIG: 197_3884_88999 (3884bp)
		This contig is unaligned. (3884 bp)
		Unaligned bases: 3884  total: 2075073

CONTIG: 127_2200_68419 (2200bp)
Top Length: 2200  Top ID: 100.0
		One align captures most of this contig: 708884 711083 | 2200 1 | 2200 2200 | 100.0 | gi|552536492|ref|NC_007494.2|_Rhodobacter_sphaeroides_2.4.1_chromosome_2__complete_sequence 127_2200_68419

CONTIG: 761_5270_128338 (5270bp)
		This contig is unaligned. (5270 bp)
		Unaligned bases: 5270  total: 2080343

CONTIG: 894_9348_233762 (9348bp)
		This contig is unaligned. (9348 bp)
		Unaligned bases: 9348  total: 2089691

CONTIG: 918_9089_229371 (9089bp)
		This contig is unaligned. (9089 bp)
		Unaligned bases: 9089  total: 2098780

CONTIG: 1041_7208_178741 (7208bp)
		This contig is unaligned. (7208 bp)
		Unaligned bases: 7208  total: 2105988

CONTIG: 297_7421_477124 (7421bp)
		This contig is unaligned. (7421 bp)
		Unaligned bases: 7421  total: 2113409

CONTIG: 31_11706_312014 (11706bp)
		This contig is unaligned. (11706 bp)
		Unaligned bases: 11706  total: 2125115

CONTIG: 394_933_47650 (933bp)
		This contig is unaligned. (933 bp)
		Unaligned bases: 933  total: 2126048

CONTIG: 186_1596_119576 (1596bp)
		This contig is unaligned. (1596 bp)
		Unaligned bases: 1596  total: 2127644

CONTIG: 611_4545_123137 (4545bp)
		This contig is unaligned. (4545 bp)
		Unaligned bases: 4545  total: 2132189

CONTIG: 320_2399_58683 (2399bp)
		This contig is unaligned. (2399 bp)
		Unaligned bases: 2399  total: 2134588

CONTIG: 950_59779_3139423 (59779bp)
		This contig is unaligned. (59779 bp)
		Unaligned bases: 59779  total: 2194367

CONTIG: 523_1616_40442 (1616bp)
		This contig is unaligned. (1616 bp)
		Unaligned bases: 1616  total: 2195983

CONTIG: 1087_1290_50925_429-_..._799- (1290bp)
Top Length: 1290  Top ID: 99.53
		Marking as insignificant: 921231 922520 | 1290 1 | 1290 1290 | 95.5 | gi|552536492|ref|NC_007494.2|_Rhodobacter_sphaeroides_2.4.1_chromosome_2__complete_sequence 1087_1290_50925_429-_..._799-
		One align captures most of this contig: 737293 738582 | 1 1290 | 1290 1290 | 99.53 | gi|552536492|ref|NC_007494.2|_Rhodobacter_sphaeroides_2.4.1_chromosome_2__complete_sequence 1087_1290_50925_429-_..._799-

CONTIG: 315_11997_298265 (11997bp)
		This contig is unaligned. (11997 bp)
		Unaligned bases: 11997  total: 2207980

CONTIG: 303_22413_556152 (22413bp)
		This contig is unaligned. (22413 bp)
		Unaligned bases: 22413  total: 2230393

CONTIG: 897_6954_189408 (6954bp)
		This contig is unaligned. (6954 bp)
		Unaligned bases: 6954  total: 2237347

CONTIG: 993_11675_329885 (11675bp)
		This contig is unaligned. (11675 bp)
		Unaligned bases: 11675  total: 2249022

CONTIG: 942_3520_152444 (3520bp)
		This contig is unaligned. (3520 bp)
		Unaligned bases: 3520  total: 2252542

CONTIG: 800_7546_210273 (7546bp)
		This contig is unaligned. (7546 bp)
		Unaligned bases: 7546  total: 2260088

CONTIG: 15_31562_817211 (31562bp)
		This contig is unaligned. (31562 bp)
		Unaligned bases: 31562  total: 2291650

CONTIG: 994_21441_546570 (21441bp)
Top Length: 21441  Top ID: 100.0
		One align captures most of this contig: 816946 838386 | 21441 1 | 21441 21441 | 100.0 | gi|552536492|ref|NC_007494.2|_Rhodobacter_sphaeroides_2.4.1_chromosome_2__complete_sequence 994_21441_546570

CONTIG: 98_1796_45752 (1796bp)
Top Length: 1796  Top ID: 100.0
		One align captures most of this contig: 902512 904307 | 1796 1 | 1796 1796 | 100.0 | gi|552536492|ref|NC_007494.2|_Rhodobacter_sphaeroides_2.4.1_chromosome_2__complete_sequence 98_1796_45752

CONTIG: 52_22228_567562 (22228bp)
		This contig is unaligned. (22228 bp)
		Unaligned bases: 22228  total: 2313878

CONTIG: 84_1077_82129 (1077bp)
		This contig is unaligned. (1077 bp)
		Unaligned bases: 1077  total: 2314955

CONTIG: 998_1087_81090 (1087bp)
		This contig is unaligned. (1087 bp)
		Unaligned bases: 1087  total: 2316042

CONTIG: 327_5959_157443 (5959bp)
		This contig is unaligned. (5959 bp)
		Unaligned bases: 5959  total: 2322001

CONTIG: 64_38246_1016943 (38246bp)
		This contig is unaligned. (38246 bp)
		Unaligned bases: 38246  total: 2360247

CONTIG: 553_19524_520744 (19524bp)
		This contig is unaligned. (19524 bp)
		Unaligned bases: 19524  total: 2379771

CONTIG: 40_5683_154876 (5683bp)
		This contig is unaligned. (5683 bp)
		Unaligned bases: 5683  total: 2385454

CONTIG: 179_1504_29965 (1504bp)
		This contig is unaligned. (1504 bp)
		Unaligned bases: 1504  total: 2386958

CONTIG: 999_561_15531 (561bp)
Top Length: 561  Top ID: 100.0
		One align captures most of this contig: 781963 782523 | 561 1 | 561 561 | 100.0 | gi|552536492|ref|NC_007494.2|_Rhodobacter_sphaeroides_2.4.1_chromosome_2__complete_sequence 999_561_15531

CONTIG: 1066_899_17806 (899bp)
		This contig is unaligned. (899 bp)
		Unaligned bases: 899  total: 2387857

CONTIG: 330_18316_815771 (18316bp)
		This contig is unaligned. (18316 bp)
		Unaligned bases: 18316  total: 2406173

CONTIG: 1091_1506_45643_606-_..._802- (1506bp)
		This contig is unaligned. (1506 bp)
		Unaligned bases: 1506  total: 2407679

CONTIG: 705_37903_1108089 (37903bp)
Top Length: 37903  Top ID: 100.0
		One align captures most of this contig: 850404 888306 | 37903 1 | 37903 37903 | 100.0 | gi|552536492|ref|NC_007494.2|_Rhodobacter_sphaeroides_2.4.1_chromosome_2__complete_sequence 705_37903_1108089

CONTIG: 475_13579_329679 (13579bp)
		This contig is unaligned. (13579 bp)
		Unaligned bases: 13579  total: 2421258

CONTIG: 348_700_45777 (700bp)
		This contig is unaligned. (700 bp)
		Unaligned bases: 700  total: 2421958

CONTIG: 340_5561_140752 (5561bp)
		This contig is unaligned. (5561 bp)
		Unaligned bases: 5561  total: 2427519

CONTIG: 491_19218_506546 (19218bp)
		This contig is unaligned. (19218 bp)
		Unaligned bases: 19218  total: 2446737

CONTIG: 836_7018_207131 (7018bp)
		This contig is unaligned. (7018 bp)
		Unaligned bases: 7018  total: 2453755

CONTIG: 131_3032_94633 (3032bp)
		This contig is unaligned. (3032 bp)
		Unaligned bases: 3032  total: 2456787

CONTIG: 384_731_54212 (731bp)
		This contig is unaligned. (731 bp)
		Unaligned bases: 731  total: 2457518

CONTIG: 926_21307_557649 (21307bp)
		This contig is unaligned. (21307 bp)
		Unaligned bases: 21307  total: 2478825

CONTIG: 704_3914_91949 (3914bp)
		This contig is unaligned. (3914 bp)
		Unaligned bases: 3914  total: 2482739

CONTIG: 144_45728_1226561 (45728bp)
		This contig is unaligned. (45728 bp)
		Unaligned bases: 45728  total: 2528467

CONTIG: 195_71578_1881665 (71578bp)
		This contig is unaligned. (71578 bp)
		Unaligned bases: 71578  total: 2600045

CONTIG: 265_10344_256373 (10344bp)
		This contig is unaligned. (10344 bp)
		Unaligned bases: 10344  total: 2610389

CONTIG: 686_2551_59407 (2551bp)
		This contig is unaligned. (2551 bp)
		Unaligned bases: 2551  total: 2612940

CONTIG: 8_634_49313 (634bp)
		This contig is unaligned. (634 bp)
		Unaligned bases: 634  total: 2613574

CONTIG: 753_645_13273 (645bp)
Top Length: 645  Top ID: 100.0
		One align captures most of this contig: 895125 895769 | 645 1 | 645 645 | 100.0 | gi|552536492|ref|NC_007494.2|_Rhodobacter_sphaeroides_2.4.1_chromosome_2__complete_sequence 753_645_13273

CONTIG: 852_5541_141922 (5541bp)
		This contig is unaligned. (5541 bp)
		Unaligned bases: 5541  total: 2619115

CONTIG: 357_23752_583399 (23752bp)
Top Length: 23752  Top ID: 100.0
		One align captures most of this contig: 488420 512171 | 23752 1 | 23752 23752 | 100.0 | gi|552536492|ref|NC_007494.2|_Rhodobacter_sphaeroides_2.4.1_chromosome_2__complete_sequence 357_23752_583399

CONTIG: 480_17458_470777 (17458bp)
		This contig is unaligned. (17458 bp)
		Unaligned bases: 17458  total: 2636573

CONTIG: 148_21039_558210 (21039bp)
		This contig is unaligned. (21039 bp)
		Unaligned bases: 21039  total: 2657612

CONTIG: 126_1716_52289 (1716bp)
		This contig is unaligned. (1716 bp)
		Unaligned bases: 1716  total: 2659328

CONTIG: 1078_707_18519_271-_..._1013- (707bp)
Top Length: 707  Top ID: 99.29
		One align captures most of this contig: 759259 759965 | 707 1 | 707 707 | 99.29 | gi|552536492|ref|NC_007494.2|_Rhodobacter_sphaeroides_2.4.1_chromosome_2__complete_sequence 1078_707_18519_271-_..._1013-

CONTIG: 1057_18906_422542 (18906bp)
Top Length: 18906  Top ID: 100.0
		One align captures most of this contig: 534667 553572 | 18906 1 | 18906 18906 | 100.0 | gi|552536492|ref|NC_007494.2|_Rhodobacter_sphaeroides_2.4.1_chromosome_2__complete_sequence 1057_18906_422542

CONTIG: 498_2256_151462 (2256bp)
		This contig is unaligned. (2256 bp)
		Unaligned bases: 2256  total: 2661584

CONTIG: 39_5193_118309 (5193bp)
		This contig is unaligned. (5193 bp)
		Unaligned bases: 5193  total: 2666777

CONTIG: 575_4107_104479 (4107bp)
		This contig is unaligned. (4107 bp)
		Unaligned bases: 4107  total: 2670884

CONTIG: 728_5688_138939 (5688bp)
		This contig is unaligned. (5688 bp)
		Unaligned bases: 5688  total: 2676572

CONTIG: 1_9331_261925 (9331bp)
		This contig is unaligned. (9331 bp)
		Unaligned bases: 9331  total: 2685903

CONTIG: 108_7880_206436 (7880bp)
		This contig is unaligned. (7880 bp)
		Unaligned bases: 7880  total: 2693783

CONTIG: 477_16154_433813 (16154bp)
		This contig is unaligned. (16154 bp)
		Unaligned bases: 16154  total: 2709937

CONTIG: 82_7020_167772 (7020bp)
		This contig is unaligned. (7020 bp)
		Unaligned bases: 7020  total: 2716957

CONTIG: 821_22444_586092 (22444bp)
Top Length: 22444  Top ID: 100.0
		One align captures most of this contig: 512195 534638 | 22444 1 | 22444 22444 | 100.0 | gi|552536492|ref|NC_007494.2|_Rhodobacter_sphaeroides_2.4.1_chromosome_2__complete_sequence 821_22444_586092

CONTIG: 605_2243_154052 (2243bp)
		This contig is unaligned. (2243 bp)
		Unaligned bases: 2243  total: 2719200

CONTIG: 460_503_11904 (503bp)
		This contig is unaligned. (503 bp)
		Unaligned bases: 503  total: 2719703

CONTIG: 746_25367_1117727 (25367bp)
		This contig is unaligned. (25367 bp)
		Unaligned bases: 25367  total: 2745070

CONTIG: 322_15036_391908 (15036bp)
Top Length: 15036  Top ID: 100.0
		One align captures most of this contig: 281321 296356 | 15036 1 | 15036 15036 | 100.0 | gi|552536492|ref|NC_007494.2|_Rhodobacter_sphaeroides_2.4.1_chromosome_2__complete_sequence 322_15036_391908

CONTIG: 398_7933_223098 (7933bp)
		This contig is unaligned. (7933 bp)
		Unaligned bases: 7933  total: 2753003

CONTIG: 532_7229_156549 (7229bp)
Top Length: 7229  Top ID: 100.0
		One align captures most of this contig: 553608 560836 | 7229 1 | 7229 7229 | 100.0 | gi|552536492|ref|NC_007494.2|_Rhodobacter_sphaeroides_2.4.1_chromosome_2__complete_sequence 532_7229_156549

CONTIG: 916_9576_641867 (9576bp)
		This contig is unaligned. (9576 bp)
		Unaligned bases: 9576  total: 2762579

CONTIG: 478_5033_286806 (5033bp)
		This contig is unaligned. (5033 bp)
		Unaligned bases: 5033  total: 2767612

CONTIG: 969_1222_29112 (1222bp)
Top Length: 1222  Top ID: 100.0
		One align captures most of this contig: 705376 706597 | 1 1222 | 1222 1222 | 100.0 | gi|552536492|ref|NC_007494.2|_Rhodobacter_sphaeroides_2.4.1_chromosome_2__complete_sequence 969_1222_29112

CONTIG: 804_582_14228 (582bp)
Top Length: 582  Top ID: 100.0
		One align captures most of this contig: 896049 896630 | 582 1 | 582 582 | 100.0 | gi|552536492|ref|NC_007494.2|_Rhodobacter_sphaeroides_2.4.1_chromosome_2__complete_sequence 804_582_14228

CONTIG: 764_24314_646310 (24314bp)
		This contig is unaligned. (24314 bp)
		Unaligned bases: 24314  total: 2791926

CONTIG: 88_7035_180849 (7035bp)
		This contig is unaligned. (7035 bp)
		Unaligned bases: 7035  total: 2798961

CONTIG: 376_13363_314857 (13363bp)
Top Length: 13363  Top ID: 100.0
		One align captures most of this contig: 224023 237385 | 13363 1 | 13363 13363 | 100.0 | gi|552536492|ref|NC_007494.2|_Rhodobacter_sphaeroides_2.4.1_chromosome_2__complete_sequence 376_13363_314857

CONTIG: 94_10182_249727 (10182bp)
Top Length: 10182  Top ID: 100.0
		One align captures most of this contig: 839843 850024 | 1 10182 | 10182 10182 | 100.0 | gi|552536492|ref|NC_007494.2|_Rhodobacter_sphaeroides_2.4.1_chromosome_2__complete_sequence 94_10182_249727

CONTIG: 975_6355_159563 (6355bp)
		This contig is unaligned. (6355 bp)
		Unaligned bases: 6355  total: 2805316

CONTIG: 201_550_10499 (550bp)
		This contig is unaligned. (550 bp)
		Unaligned bases: 550  total: 2805866

CONTIG: 243_1151_61858 (1151bp)
		This contig is unaligned. (1151 bp)
		Unaligned bases: 1151  total: 2807017

CONTIG: 256_33555_941129 (33555bp)
		This contig is unaligned. (33555 bp)
		Unaligned bases: 33555  total: 2840572

CONTIG: 657_1134_35486 (1134bp)
Top Length: 1134  Top ID: 100.0
		One align captures most of this contig: 890066 891199 | 1134 1 | 1134 1134 | 100.0 | gi|552536492|ref|NC_007494.2|_Rhodobacter_sphaeroides_2.4.1_chromosome_2__complete_sequence 657_1134_35486

CONTIG: 687_24272_653551 (24272bp)
		This contig is unaligned. (24272 bp)
		Unaligned bases: 24272  total: 2864844

CONTIG: 570_16584_405508 (16584bp)
		This contig is unaligned. (16584 bp)
		Unaligned bases: 16584  total: 2881428

CONTIG: 54_2060_62491 (2060bp)
		This contig is unaligned. (2060 bp)
		Unaligned bases: 2060  total: 2883488

CONTIG: 299_649_15194 (649bp)
		This contig is unaligned. (649 bp)
		Unaligned bases: 649  total: 2884137

CONTIG: 578_1797_49753 (1797bp)
Top Length: 1797  Top ID: 100.0
		One align captures most of this contig: 756722 758518 | 1797 1 | 1797 1797 | 100.0 | gi|552536492|ref|NC_007494.2|_Rhodobacter_sphaeroides_2.4.1_chromosome_2__complete_sequence 578_1797_49753

CONTIG: 342_7328_179079 (7328bp)
Top Length: 7328  Top ID: 100.0
		One align captures most of this contig: 640602 647929 | 7328 1 | 7328 7328 | 100.0 | gi|552536492|ref|NC_007494.2|_Rhodobacter_sphaeroides_2.4.1_chromosome_2__complete_sequence 342_7328_179079

CONTIG: 880_9283_254500 (9283bp)
		This contig is unaligned. (9283 bp)
		Unaligned bases: 9283  total: 2893420

CONTIG: 1040_5453_141943 (5453bp)
		This contig is unaligned. (5453 bp)
		Unaligned bases: 5453  total: 2898873

CONTIG: 281_6989_160235 (6989bp)
		This contig is unaligned. (6989 bp)
		Unaligned bases: 6989  total: 2905862

CONTIG: 965_16298_397907 (16298bp)
		This contig is unaligned. (16298 bp)
		Unaligned bases: 16298  total: 2922160

CONTIG: 163_26081_1349033 (26081bp)
		This contig is unaligned. (26081 bp)
		Unaligned bases: 26081  total: 2948241

CONTIG: 738_1103_25726 (1103bp)
Top Length: 1103  Top ID: 100.0
		One align captures most of this contig: 906315 907417 | 1103 1 | 1103 1103 | 100.0 | gi|552536492|ref|NC_007494.2|_Rhodobacter_sphaeroides_2.4.1_chromosome_2__complete_sequence 738_1103_25726

CONTIG: 896_12741_330194 (12741bp)
Top Length: 12741  Top ID: 100.0
		One align captures most of this contig: 211261 224001 | 12741 1 | 12741 12741 | 100.0 | gi|552536492|ref|NC_007494.2|_Rhodobacter_sphaeroides_2.4.1_chromosome_2__complete_sequence 896_12741_330194

CONTIG: 851_16279_430636 (16279bp)
Top Length: 16279  Top ID: 100.0
		One align captures most of this contig: 469748 486026 | 16279 1 | 16279 16279 | 100.0 | gi|552536492|ref|NC_007494.2|_Rhodobacter_sphaeroides_2.4.1_chromosome_2__complete_sequence 851_16279_430636

CONTIG: 112_45526_1155854 (45526bp)
Top Length: 45526  Top ID: 100.0
		One align captures most of this contig: 659443 704968 | 45526 1 | 45526 45526 | 100.0 | gi|552536492|ref|NC_007494.2|_Rhodobacter_sphaeroides_2.4.1_chromosome_2__complete_sequence 112_45526_1155854

CONTIG: 203_14354_382577 (14354bp)
		This contig is unaligned. (14354 bp)
		Unaligned bases: 14354  total: 2962595

CONTIG: 823_9116_222580 (9116bp)
		This contig is unaligned. (9116 bp)
		Unaligned bases: 9116  total: 2971711

CONTIG: 267_918_29858 (918bp)
		This contig is unaligned. (918 bp)
		Unaligned bases: 918  total: 2972629

CONTIG: 56_8604_208063 (8604bp)
		This contig is unaligned. (8604 bp)
		Unaligned bases: 8604  total: 2981233

CONTIG: 974_3525_83323 (3525bp)
Top Length: 3525  Top ID: 100.0
		One align captures most of this contig: 173421 176945 | 3525 1 | 3525 3525 | 100.0 | gi|552536492|ref|NC_007494.2|_Rhodobacter_sphaeroides_2.4.1_chromosome_2__complete_sequence 974_3525_83323

CONTIG: 696_1403_30323 (1403bp)
Top Length: 175  Top ID: 98.29
		This contig is partially unaligned. (175 out of 1403)
		Alignment: 761401 761575 | 1229 1403 | 175 175 | 98.29 | gi|552536492|ref|NC_007494.2|_Rhodobacter_sphaeroides_2.4.1_chromosome_2__complete_sequence 696_1403_30323
		Unaligned bases: 1 to 1228 (1228)

CONTIG: 616_5407_128322 (5407bp)
		This contig is unaligned. (5407 bp)
		Unaligned bases: 5407  total: 2986640

CONTIG: 516_14854_404838 (14854bp)
		This contig is unaligned. (14854 bp)
		Unaligned bases: 14854  total: 3001494

CONTIG: 419_13290_708433 (13290bp)
		This contig is unaligned. (13290 bp)
		Unaligned bases: 13290  total: 3014784

CONTIG: 490_10277_267949 (10277bp)
Top Length: 10277  Top ID: 100.0
		One align captures most of this contig: 806672 816948 | 10277 1 | 10277 10277 | 100.0 | gi|552536492|ref|NC_007494.2|_Rhodobacter_sphaeroides_2.4.1_chromosome_2__complete_sequence 490_10277_267949

CONTIG: 955_2976_70761 (2976bp)
		This contig is unaligned. (2976 bp)
		Unaligned bases: 2976  total: 3017760

CONTIG: 519_10985_264349 (10985bp)
		This contig is unaligned. (10985 bp)
		Unaligned bases: 10985  total: 3028745

CONTIG: 1010_11736_277469 (11736bp)
		This contig is unaligned. (11736 bp)
		Unaligned bases: 11736  total: 3040481

CONTIG: 1006_9109_227640 (9109bp)
		This contig is unaligned. (9109 bp)
		Unaligned bases: 9109  total: 3049590

CONTIG: 822_541_8777 (541bp)
		This contig is unaligned. (541 bp)
		Unaligned bases: 541  total: 3050131

CONTIG: 673_37644_988157 (37644bp)
		This contig is unaligned. (37644 bp)
		Unaligned bases: 37644  total: 3087775

CONTIG: 38_13125_346217 (13125bp)
		This contig is unaligned. (13125 bp)
		Unaligned bases: 13125  total: 3100900

CONTIG: 539_2009_60380 (2009bp)
		This contig is unaligned. (2009 bp)
		Unaligned bases: 2009  total: 3102909

CONTIG: 173_2806_136594 (2806bp)
		This contig is unaligned. (2806 bp)
		Unaligned bases: 2806  total: 3105715

CONTIG: 487_10219_259926 (10219bp)
		This contig is unaligned. (10219 bp)
		Unaligned bases: 10219  total: 3115934

CONTIG: 1045_7375_192401 (7375bp)
		This contig is unaligned. (7375 bp)
		Unaligned bases: 7375  total: 3123309

CONTIG: 641_63866_1702263 (63866bp)
Top Length: 63866  Top ID: 100.0
		One align captures most of this contig: 576737 640602 | 63866 1 | 63866 63866 | 100.0 | gi|552536492|ref|NC_007494.2|_Rhodobacter_sphaeroides_2.4.1_chromosome_2__complete_sequence 641_63866_1702263

CONTIG: 1007_1861_169706 (1861bp)
		This contig is unaligned. (1861 bp)
		Unaligned bases: 1861  total: 3125170

CONTIG: 1074_2417_267179_116-_..._548+ (2417bp)
		This contig is unaligned. (2417 bp)
		Unaligned bases: 2417  total: 3127587

CONTIG: 759_5587_132518 (5587bp)
Top Length: 5587  Top ID: 100.0
		One align captures most of this contig: 119423 125009 | 5587 1 | 5587 5587 | 100.0 | gi|552536492|ref|NC_007494.2|_Rhodobacter_sphaeroides_2.4.1_chromosome_2__complete_sequence 759_5587_132518

CONTIG: 462_11804_973804 (11804bp)
		This contig is unaligned. (11804 bp)
		Unaligned bases: 11804  total: 3139391

CONTIG: 509_23428_566079 (23428bp)
Top Length: 23428  Top ID: 100.0
		One align captures most of this contig: 136575 160002 | 23428 1 | 23428 23428 | 100.0 | gi|552536492|ref|NC_007494.2|_Rhodobacter_sphaeroides_2.4.1_chromosome_2__complete_sequence 509_23428_566079

CONTIG: 441_6845_175641 (6845bp)
		This contig is unaligned. (6845 bp)
		Unaligned bases: 6845  total: 3146236

CONTIG: 840_4179_110296 (4179bp)
Top Length: 4179  Top ID: 100.0
		One align captures most of this contig: 405778 409956 | 4179 1 | 4179 4179 | 100.0 | gi|552536492|ref|NC_007494.2|_Rhodobacter_sphaeroides_2.4.1_chromosome_2__complete_sequence 840_4179_110296

CONTIG: 742_607_13455 (607bp)
		This contig is unaligned. (607 bp)
		Unaligned bases: 607  total: 3146843

CONTIG: 1077_4018_338378_209+_..._617+ (4018bp)
		This contig is unaligned. (4018 bp)
		Unaligned bases: 4018  total: 3150861

CONTIG: 584_24180_628670 (24180bp)
Top Length: 24180  Top ID: 100.0
		One align captures most of this contig: 782496 806675 | 24180 1 | 24180 24180 | 100.0 | gi|552536492|ref|NC_007494.2|_Rhodobacter_sphaeroides_2.4.1_chromosome_2__complete_sequence 584_24180_628670

CONTIG: 695_657_14884 (657bp)
		This contig is unaligned. (657 bp)
		Unaligned bases: 657  total: 3151518

CONTIG: 86_9565_249223 (9565bp)
Top Length: 9565  Top ID: 100.0
		One align captures most of this contig: 23930 33494 | 9565 1 | 9565 9565 | 100.0 | gi|552536492|ref|NC_007494.2|_Rhodobacter_sphaeroides_2.4.1_chromosome_2__complete_sequence 86_9565_249223

CONTIG: 7_15089_711777 (15089bp)
		This contig is unaligned. (15089 bp)
		Unaligned bases: 15089  total: 3166607

CONTIG: 740_6853_165398 (6853bp)
		This contig is unaligned. (6853 bp)
		Unaligned bases: 6853  total: 3173460

CONTIG: 735_4564_102185 (4564bp)
		This contig is unaligned. (4564 bp)
		Unaligned bases: 4564  total: 3178024

CONTIG: 310_5782_143910 (5782bp)
		This contig is unaligned. (5782 bp)
		Unaligned bases: 5782  total: 3183806

CONTIG: 68_8932_193797 (8932bp)
		This contig is unaligned. (8932 bp)
		Unaligned bases: 8932  total: 3192738

CONTIG: 279_39789_1015099 (39789bp)
Top Length: 39789  Top ID: 100.0
		One align captures most of this contig: 411221 451009 | 39789 1 | 39789 39789 | 100.0 | gi|552536492|ref|NC_007494.2|_Rhodobacter_sphaeroides_2.4.1_chromosome_2__complete_sequence 279_39789_1015099

CONTIG: 877_6005_150663 (6005bp)
		This contig is unaligned. (6005 bp)
		Unaligned bases: 6005  total: 3198743

CONTIG: 214_11619_322354 (11619bp)
		This contig is unaligned. (11619 bp)
		Unaligned bases: 11619  total: 3210362

CONTIG: 1012_22050_537970 (22050bp)
		This contig is unaligned. (22050 bp)
		Unaligned bases: 22050  total: 3232412

CONTIG: 416_3525_208283 (3525bp)
		This contig is unaligned. (3525 bp)
		Unaligned bases: 3525  total: 3235937

CONTIG: 260_3423_86548 (3423bp)
		This contig is unaligned. (3423 bp)
		Unaligned bases: 3423  total: 3239360

CONTIG: 482_24908_669308 (24908bp)
		This contig is unaligned. (24908 bp)
		Unaligned bases: 24908  total: 3264268

CONTIG: 311_964_19468 (964bp)
		This contig is unaligned. (964 bp)
		Unaligned bases: 964  total: 3265232

CONTIG: 91_8486_237510 (8486bp)
		This contig is unaligned. (8486 bp)
		Unaligned bases: 8486  total: 3273718

CONTIG: 953_500_49351 (500bp)
		This contig is unaligned. (500 bp)
		Unaligned bases: 500  total: 3274218

CONTIG: 879_9433_250574 (9433bp)
		This contig is unaligned. (9433 bp)
		Unaligned bases: 9433  total: 3283651

CONTIG: 979_575_15839 (575bp)
		This contig is unaligned. (575 bp)
		Unaligned bases: 575  total: 3284226

CONTIG: 904_515_20329 (515bp)
		This contig is unaligned. (515 bp)
		Unaligned bases: 515  total: 3284741

CONTIG: 427_10628_277778 (10628bp)
		This contig is unaligned. (10628 bp)
		Unaligned bases: 10628  total: 3295369

CONTIG: 1083_934_86756_352-_888+_629- (934bp)
		This contig is unaligned. (934 bp)
		Unaligned bases: 934  total: 3296303

CONTIG: 805_27255_714188 (27255bp)
		This contig is unaligned. (27255 bp)
		Unaligned bases: 27255  total: 3323558

CONTIG: 33_20225_513203 (20225bp)
		This contig is unaligned. (20225 bp)
		Unaligned bases: 20225  total: 3343783

CONTIG: 259_10514_251629 (10514bp)
Top Length: 10514  Top ID: 100.0
		One align captures most of this contig: 327074 337587 | 10514 1 | 10514 10514 | 100.0 | gi|552536492|ref|NC_007494.2|_Rhodobacter_sphaeroides_2.4.1_chromosome_2__complete_sequence 259_10514_251629

CONTIG: 536_10602_269230 (10602bp)
		This contig is unaligned. (10602 bp)
		Unaligned bases: 10602  total: 3354385

CONTIG: 1080_630_53140_302+_..._690+ (630bp)
		This contig is unaligned. (630 bp)
		Unaligned bases: 630  total: 3355015

CONTIG: 13_7186_187517 (7186bp)
		This contig is unaligned. (7186 bp)
		Unaligned bases: 7186  total: 3362201

CONTIG: 694_3638_81660 (3638bp)
		This contig is unaligned. (3638 bp)
		Unaligned bases: 3638  total: 3365839

CONTIG: 437_4424_116157 (4424bp)
		This contig is unaligned. (4424 bp)
		Unaligned bases: 4424  total: 3370263

CONTIG: 14_20189_528652 (20189bp)
Top Length: 20189  Top ID: 100.0
		One align captures most of this contig: 922473 942661 | 20189 1 | 20189 20189 | 100.0 | gi|552536492|ref|NC_007494.2|_Rhodobacter_sphaeroides_2.4.1_chromosome_2__complete_sequence 14_20189_528652

CONTIG: 1082_2103_53427_341-_..._860- (2103bp)
Top Length: 2103  Top ID: 98.34
		This contig has 2 significant alignments. [An ambiguously mapped contig]
		Using only first of these alignment (option --ambiguity-usage is set to "one"):
		Alignment: 904260 906362 | 1 2103 | 2103 2103 | 98.34 | gi|552536492|ref|NC_007494.2|_Rhodobacter_sphaeroides_2.4.1_chromosome_2__complete_sequence 1082_2103_53427_341-_..._860-
		Skipping alignment  738659 740761 | 2103 1 | 2103 2103 | 98.1 | gi|552536492|ref|NC_007494.2|_Rhodobacter_sphaeroides_2.4.1_chromosome_2__complete_sequence 1082_2103_53427_341-_..._860-

CONTIG: 415_24651_1862222 (24651bp)
		This contig is unaligned. (24651 bp)
		Unaligned bases: 24651  total: 3394914

CONTIG: 2_36082_958103 (36082bp)
		This contig is unaligned. (36082 bp)
		Unaligned bases: 36082  total: 3430996

CONTIG: 785_2153_39525 (2153bp)
		This contig is unaligned. (2153 bp)
		Unaligned bases: 2153  total: 3433149

CONTIG: 388_1606_428105 (1606bp)
Top Length: 1606  Top ID: 100.0
		One align captures most of this contig: 371635 373240 | 1 1606 | 1606 1606 | 100.0 | gi|552536492|ref|NC_007494.2|_Rhodobacter_sphaeroides_2.4.1_chromosome_2__complete_sequence 388_1606_428105

CONTIG: 418_12221_691544 (12221bp)
		This contig is unaligned. (12221 bp)
		Unaligned bases: 12221  total: 3445370

CONTIG: 193_8180_201827 (8180bp)
		This contig is unaligned. (8180 bp)
		Unaligned bases: 8180  total: 3453550

CONTIG: 1070_2722_64466 (2722bp)
Top Length: 2722  Top ID: 100.0
		One align captures most of this contig: 21109 23830 | 2722 1 | 2722 2722 | 100.0 | gi|552536492|ref|NC_007494.2|_Rhodobacter_sphaeroides_2.4.1_chromosome_2__complete_sequence 1070_2722_64466

CONTIG: 368_3374_88815 (3374bp)
		This contig is unaligned. (3374 bp)
		Unaligned bases: 3374  total: 3456924

CONTIG: 597_19376_520428 (19376bp)
Top Length: 19376  Top ID: 100.0
		One align captures most of this contig: 307744 327119 | 19376 1 | 19376 19376 | 100.0 | gi|552536492|ref|NC_007494.2|_Rhodobacter_sphaeroides_2.4.1_chromosome_2__complete_sequence 597_19376_520428

CONTIG: 458_1722_81545 (1722bp)
		This contig is unaligned. (1722 bp)
		Unaligned bases: 1722  total: 3458646

CONTIG: 830_1572_35227 (1572bp)
		This contig is unaligned. (1572 bp)
		Unaligned bases: 1572  total: 3460218

CONTIG: 807_16050_430773 (16050bp)
		This contig is unaligned. (16050 bp)
		Unaligned bases: 16050  total: 3476268

CONTIG: 637_6754_174198 (6754bp)
Top Length: 6754  Top ID: 100.0
		One align captures most of this contig: 166631 173384 | 6754 1 | 6754 6754 | 100.0 | gi|552536492|ref|NC_007494.2|_Rhodobacter_sphaeroides_2.4.1_chromosome_2__complete_sequence 637_6754_174198

CONTIG: 982_25511_668585 (25511bp)
Top Length: 25511  Top ID: 100.0
		One align captures most of this contig: 176984 202494 | 25511 1 | 25511 25511 | 100.0 | gi|552536492|ref|NC_007494.2|_Rhodobacter_sphaeroides_2.4.1_chromosome_2__complete_sequence 982_25511_668585

CONTIG: 371_1172_57389 (1172bp)
		This contig is unaligned. (1172 bp)
		Unaligned bases: 1172  total: 3477440

CONTIG: 337_2117_55749 (2117bp)
Top Length: 2117  Top ID: 100.0
		One align captures most of this contig: 486276 488392 | 2117 1 | 2117 2117 | 100.0 | gi|552536492|ref|NC_007494.2|_Rhodobacter_sphaeroides_2.4.1_chromosome_2__complete_sequence 337_2117_55749

CONTIG: 898_612_17232 (612bp)
		This contig is unaligned. (612 bp)
		Unaligned bases: 612  total: 3478052

CONTIG: 859_512_12756 (512bp)
Top Length: 512  Top ID: 100.0
		One align captures most of this contig: 889395 889906 | 512 1 | 512 512 | 100.0 | gi|552536492|ref|NC_007494.2|_Rhodobacter_sphaeroides_2.4.1_chromosome_2__complete_sequence 859_512_12756

CONTIG: 766_18662_449329 (18662bp)
Top Length: 18662  Top ID: 100.0
		One align captures most of this contig: 451081 469742 | 18662 1 | 18662 18662 | 100.0 | gi|552536492|ref|NC_007494.2|_Rhodobacter_sphaeroides_2.4.1_chromosome_2__complete_sequence 766_18662_449329

CONTIG: 146_17421_441500 (17421bp)
Top Length: 17421  Top ID: 100.0
		One align captures most of this contig: 762432 779852 | 1 17421 | 17421 17421 | 100.0 | gi|552536492|ref|NC_007494.2|_Rhodobacter_sphaeroides_2.4.1_chromosome_2__complete_sequence 146_17421_441500

CONTIG: 472_5818_148798 (5818bp)
		This contig is unaligned. (5818 bp)
		Unaligned bases: 5818  total: 3483870

CONTIG: 362_771_33128 (771bp)
Top Length: 771  Top ID: 100.0
		One align captures most of this contig: 706550 707320 | 1 771 | 771 771 | 100.0 | gi|552536492|ref|NC_007494.2|_Rhodobacter_sphaeroides_2.4.1_chromosome_2__complete_sequence 362_771_33128

CONTIG: 46_1303_75937 (1303bp)
		This contig is unaligned. (1303 bp)
		Unaligned bases: 1303  total: 3485173

CONTIG: 336_835_14338 (835bp)
Top Length: 835  Top ID: 100.0
		One align captures most of this contig: 760589 761423 | 835 1 | 835 835 | 100.0 | gi|552536492|ref|NC_007494.2|_Rhodobacter_sphaeroides_2.4.1_chromosome_2__complete_sequence 336_835_14338

CONTIG: 571_2286_37324 (2286bp)
Top Length: 2286  Top ID: 100.0
		One align captures most of this contig: 573623 575908 | 2286 1 | 2286 2286 | 100.0 | gi|552536492|ref|NC_007494.2|_Rhodobacter_sphaeroides_2.4.1_chromosome_2__complete_sequence 571_2286_37324

CONTIG: 402_30779_864162 (30779bp)
		This contig is unaligned. (30779 bp)
		Unaligned bases: 30779  total: 3515952

CONTIG: 524_17601_526315 (17601bp)
		This contig is unaligned. (17601 bp)
		Unaligned bases: 17601  total: 3533553

CONTIG: 1014_3132_85216 (3132bp)
		This contig is unaligned. (3132 bp)
		Unaligned bases: 3132  total: 3536685

CONTIG: 42_2480_66061 (2480bp)
		This contig is unaligned. (2480 bp)
		Unaligned bases: 2480  total: 3539165

CONTIG: 970_3341_203186 (3341bp)
		This contig is unaligned. (3341 bp)
		Unaligned bases: 3341  total: 3542506

CONTIG: 1020_33368_880378 (33368bp)
		This contig is unaligned. (33368 bp)
		Unaligned bases: 33368  total: 3575874

CONTIG: 399_9806_242035 (9806bp)
Top Length: 9806  Top ID: 100.0
		One align captures most of this contig: 361876 371681 | 9806 1 | 9806 9806 | 100.0 | gi|552536492|ref|NC_007494.2|_Rhodobacter_sphaeroides_2.4.1_chromosome_2__complete_sequence 399_9806_242035

CONTIG: 662_11951_299898 (11951bp)
		This contig is unaligned. (11951 bp)
		Unaligned bases: 11951  total: 3587825

CONTIG: 128_12755_266462 (12755bp)
Top Length: 12755  Top ID: 99.99
		One align captures most of this contig: 560853 573607 | 12755 1 | 12755 12755 | 99.99 | gi|552536492|ref|NC_007494.2|_Rhodobacter_sphaeroides_2.4.1_chromosome_2__complete_sequence 128_12755_266462

CONTIG: 63_1218_21539 (1218bp)
		This contig is unaligned. (1218 bp)
		Unaligned bases: 1218  total: 3589043

Analyzing coverage...
Writing SNPs into /usit/invitro/data/galaxy/master/sabbai/galaxy-dist/database/job_working_directory/000/731/dataset_768_files/contigs_reports/nucmer_output/RS-M-Abyss.used_snps
	Reference gi|552536492|ref|NC_007494.2|_Rhodobacter_sphaeroides_2.4.1_chromosome_2__complete_sequence: 85 total alignments. 1 total regions.
		Region: 1 to 943018 (943018 bp)
			START in gap: 1 to 5304 (5303 bp)
			Align 1: 5304 14506 506_9203_276276 9203 1
				Negative gap (overlap) between this and next alignment: 14506 to 14494 (-12 bp)
				Next Alignment: 14494 21116 308_6623_176417 6623 1

			Previous gap was negative, modifying coordinates to ignore overlap
				Moving contig start from 6623 to 6610.
			Align 2: 14507 21116 308_6623_176417 6610 1
				Negative gap (overlap) between this and next alignment: 21116 to 21109 (-7 bp)
				Next Alignment: 21109 23830 1070_2722_64466 2722 1

			Previous gap was negative, modifying coordinates to ignore overlap
				Moving contig start from 2722 to 2714.
			Align 3: 21117 23830 1070_2722_64466 2714 1
				Gap between this and next alignment: 23830 to 23930 (99 bp)
				Next Alignment: 23930 33494 86_9565_249223 9565 1

			Align 4: 23930 33494 86_9565_249223 9565 1
				Negative gap (overlap) between this and next alignment: 33494 to 33447 (-47 bp)
				Next Alignment: 33447 39022 862_5577_594191 5577 1

			Previous gap was negative, modifying coordinates to ignore overlap
				Moving contig start from 5577 to 5529.
			Align 5: 33495 39022 862_5577_594191 5529 1
				Negative gap (overlap) between this and next alignment: 39022 to 38975 (-47 bp)
				Next Alignment: 38975 42260 479_3286_119601 3286 1

			Previous gap was negative, modifying coordinates to ignore overlap
				Moving contig start from 3286 to 3238.
			Align 6: 39023 42260 479_3286_119601 3238 1
				Gap between this and next alignment: 42260 to 42789 (528 bp)
				Next Alignment: 42789 109649 177_66861_1765079 66861 1

			Align 7: 42789 109649 177_66861_1765079 66861 1
				Gap between this and next alignment: 109649 to 109695 (45 bp)
				Next Alignment: 109695 114920 217_9624_229294 9624 4398

			Align 8: 109695 114920 217_9624_229294 9624 4398
				Negative gap (overlap) between this and next alignment: 114920 to 114920 (0 bp)
				Next Alignment: 114920 119409 217_9624_229294 4492 1

			Previous gap was negative, modifying coordinates to ignore overlap
				Moving contig start from 4492 to 4491.
			Align 9: 114921 119409 217_9624_229294 4491 1
				Gap between this and next alignment: 119409 to 119423 (13 bp)
				Next Alignment: 119423 125009 759_5587_132518 5587 1

			Align 10: 119423 125009 759_5587_132518 5587 1
				Negative gap (overlap) between this and next alignment: 125009 to 124964 (-45 bp)
				Next Alignment: 124964 135625 941_10662_251890 10662 1

			Previous gap was negative, modifying coordinates to ignore overlap
				Moving contig start from 10662 to 10616.
			Align 11: 125010 135625 941_10662_251890 10616 1
				Gap between this and next alignment: 135625 to 135632 (6 bp)
				Next Alignment: 135632 136266 1001_635_12252 635 1

			Align 12: 135632 136266 1001_635_12252 635 1
				Gap between this and next alignment: 136266 to 136575 (308 bp)
				Next Alignment: 136575 160002 509_23428_566079 23428 1

			Align 13: 136575 160002 509_23428_566079 23428 1
				Gap between this and next alignment: 160002 to 160408 (405 bp)
				Next Alignment: 160408 165930 962_5523_140069 5523 1

			Align 14: 160408 165930 962_5523_140069 5523 1
				Gap between this and next alignment: 165930 to 165972 (41 bp)
				Next Alignment: 165972 166580 251_609_17855 1 609

			Align 15: 165972 166580 251_609_17855 1 609
				Gap between this and next alignment: 166580 to 166631 (50 bp)
				Next Alignment: 166631 173384 637_6754_174198 6754 1

			Align 16: 166631 173384 637_6754_174198 6754 1
				Gap between this and next alignment: 173384 to 173421 (36 bp)
				Next Alignment: 173421 176945 974_3525_83323 3525 1

			Align 17: 173421 176945 974_3525_83323 3525 1
				Gap between this and next alignment: 176945 to 176984 (38 bp)
				Next Alignment: 176984 202494 982_25511_668585 25511 1

			Align 18: 176984 202494 982_25511_668585 25511 1
				Gap between this and next alignment: 202494 to 202527 (32 bp)
				Next Alignment: 202527 211257 452_8731_226620 8731 1

			Align 19: 202527 211257 452_8731_226620 8731 1
				Gap between this and next alignment: 211257 to 211261 (3 bp)
				Next Alignment: 211261 224001 896_12741_330194 12741 1

			Align 20: 211261 224001 896_12741_330194 12741 1
				Gap between this and next alignment: 224001 to 224023 (21 bp)
				Next Alignment: 224023 237385 376_13363_314857 13363 1

			Align 21: 224023 237385 376_13363_314857 13363 1
				Gap between this and next alignment: 237385 to 237505 (119 bp)
				Next Alignment: 237505 243734 71_6230_142928 6230 1

			Align 22: 237505 243734 71_6230_142928 6230 1
				Gap between this and next alignment: 243734 to 243918 (183 bp)
				Next Alignment: 243918 252411 183_8531_214799 8494 1

			Align 23: 243918 252411 183_8531_214799 8494 1
				Gap between this and next alignment: 252411 to 252599 (187 bp)
				Next Alignment: 252599 281292 683_28695_703724 28695 1

			Align 24: 252599 281292 683_28695_703724 28695 1
				Gap between this and next alignment: 281292 to 281321 (28 bp)
				Next Alignment: 281321 296356 322_15036_391908 15036 1

			Align 25: 281321 296356 322_15036_391908 15036 1
				Gap between this and next alignment: 296356 to 296363 (6 bp)
				Next Alignment: 296363 307745 332_11383_287636 11383 1

			Align 26: 296363 307745 332_11383_287636 11383 1
				Negative gap (overlap) between this and next alignment: 307745 to 307744 (-1 bp)
				Next Alignment: 307744 327119 597_19376_520428 19376 1

			Previous gap was negative, modifying coordinates to ignore overlap
				Moving contig start from 19376 to 19374.
			Align 27: 307746 327119 597_19376_520428 19374 1
				Negative gap (overlap) between this and next alignment: 327119 to 327074 (-45 bp)
				Next Alignment: 327074 337587 259_10514_251629 10514 1

			Previous gap was negative, modifying coordinates to ignore overlap
				Moving contig start from 10514 to 10468.
			Align 28: 327120 337587 259_10514_251629 10468 1
				Gap between this and next alignment: 337587 to 337771 (183 bp)
				Next Alignment: 337771 349785 129_12015_298626 1 12015

			Align 29: 337771 349785 129_12015_298626 1 12015
				Gap between this and next alignment: 349785 to 349812 (26 bp)
				Next Alignment: 349812 360023 323_10212_264229 10212 1

			Align 30: 349812 360023 323_10212_264229 10212 1
				Gap between this and next alignment: 360023 to 360088 (64 bp)
				Next Alignment: 360088 361511 544_1424_37426 1424 1

			Align 31: 360088 361511 544_1424_37426 1424 1
				Gap between this and next alignment: 361511 to 361876 (364 bp)
				Next Alignment: 361876 371681 399_9806_242035 9806 1

			Align 32: 361876 371681 399_9806_242035 9806 1
				Negative gap (overlap) between this and next alignment: 371681 to 371635 (-46 bp)
				Next Alignment: 371635 373240 388_1606_428105 1 1606

			Previous gap was negative, modifying coordinates to ignore overlap
				Moving contig start from 1 to 48.
			Align 33: 371682 373240 388_1606_428105 48 1606
				Negative gap (overlap) between this and next alignment: 373240 to 373194 (-46 bp)
				Next Alignment: 373194 405728 314_32535_830169 32535 1

			Previous gap was negative, modifying coordinates to ignore overlap
				Moving contig start from 32535 to 32488.
			Align 34: 373241 405728 314_32535_830169 32488 1
				Gap between this and next alignment: 405728 to 405778 (49 bp)
				Next Alignment: 405778 409956 840_4179_110296 4179 1

			Align 35: 405778 409956 840_4179_110296 4179 1
				Gap between this and next alignment: 409956 to 410010 (53 bp)
				Next Alignment: 410010 411165 884_1156_29792 1156 1

			Align 36: 410010 411165 884_1156_29792 1156 1
				Gap between this and next alignment: 411165 to 411221 (55 bp)
				Next Alignment: 411221 451009 279_39789_1015099 39789 1

			Align 37: 411221 451009 279_39789_1015099 39789 1
				Gap between this and next alignment: 451009 to 451081 (71 bp)
				Next Alignment: 451081 469742 766_18662_449329 18662 1

			Align 38: 451081 469742 766_18662_449329 18662 1
				Gap between this and next alignment: 469742 to 469748 (5 bp)
				Next Alignment: 469748 486026 851_16279_430636 16279 1

			Align 39: 469748 486026 851_16279_430636 16279 1
				Gap between this and next alignment: 486026 to 486276 (249 bp)
				Next Alignment: 486276 488392 337_2117_55749 2117 1

			Align 40: 486276 488392 337_2117_55749 2117 1
				Gap between this and next alignment: 488392 to 488420 (27 bp)
				Next Alignment: 488420 512171 357_23752_583399 23752 1

			Align 41: 488420 512171 357_23752_583399 23752 1
				Gap between this and next alignment: 512171 to 512195 (23 bp)
				Next Alignment: 512195 534638 821_22444_586092 22444 1

			Align 42: 512195 534638 821_22444_586092 22444 1
				Gap between this and next alignment: 534638 to 534667 (28 bp)
				Next Alignment: 534667 553572 1057_18906_422542 18906 1

			Align 43: 534667 553572 1057_18906_422542 18906 1
				Gap between this and next alignment: 553572 to 553608 (35 bp)
				Next Alignment: 553608 560836 532_7229_156549 7229 1

			Align 44: 553608 560836 532_7229_156549 7229 1
				Gap between this and next alignment: 560836 to 560853 (16 bp)
				Next Alignment: 560853 573607 128_12755_266462 12755 1

			Align 45: 560853 573607 128_12755_266462 12755 1
				Gap between this and next alignment: 573607 to 573623 (15 bp)
				Next Alignment: 573623 575908 571_2286_37324 2286 1

			Align 46: 573623 575908 571_2286_37324 2286 1
				Gap between this and next alignment: 575908 to 576737 (828 bp)
				Next Alignment: 576737 640602 641_63866_1702263 63866 1

			Align 47: 576737 640602 641_63866_1702263 63866 1
				Negative gap (overlap) between this and next alignment: 640602 to 640602 (0 bp)
				Next Alignment: 640602 647929 342_7328_179079 7328 1

			Previous gap was negative, modifying coordinates to ignore overlap
				Moving contig start from 7328 to 7327.
			Align 48: 640603 647929 342_7328_179079 7327 1
				Gap between this and next alignment: 647929 to 647945 (15 bp)
				Next Alignment: 647945 659408 977_11464_277400 11464 1

			Align 49: 647945 659408 977_11464_277400 11464 1
				Gap between this and next alignment: 659408 to 659443 (34 bp)
				Next Alignment: 659443 704968 112_45526_1155854 45526 1

			Align 50: 659443 704968 112_45526_1155854 45526 1
				Gap between this and next alignment: 704968 to 705376 (407 bp)
				Next Alignment: 705376 706597 969_1222_29112 1 1222

			Align 51: 705376 706597 969_1222_29112 1 1222
				Negative gap (overlap) between this and next alignment: 706597 to 706550 (-47 bp)
				Next Alignment: 706550 707320 362_771_33128 1 771

			Previous gap was negative, modifying coordinates to ignore overlap
				Moving contig start from 1 to 49.
			Align 52: 706598 707320 362_771_33128 49 771
				Gap between this and next alignment: 707320 to 708884 (1563 bp)
				Next Alignment: 708884 711083 127_2200_68419 2200 1

			Align 53: 708884 711083 127_2200_68419 2200 1
				Gap between this and next alignment: 711083 to 713313 (2229 bp)
				Next Alignment: 713313 729960 24_16648_459562 1 16648

			Align 54: 713313 729960 24_16648_459562 1 16648
				Gap between this and next alignment: 729960 to 730044 (83 bp)
				Next Alignment: 730044 733276 791_3233_95612 3233 1

			Align 55: 730044 733276 791_3233_95612 3233 1
				Gap between this and next alignment: 733276 to 733537 (260 bp)
				Next Alignment: 733537 737340 922_3804_112789 3804 1

			Align 56: 733537 737340 922_3804_112789 3804 1
				Negative gap (overlap) between this and next alignment: 737340 to 737293 (-47 bp)
				Next Alignment: 737293 738582 1087_1290_50925_429-_..._799- 1 1290

			Previous gap was negative, modifying coordinates to ignore overlap
				Moving contig start from 1 to 49.
			Align 57: 737341 738582 1087_1290_50925_429-_..._799- 49 1290
				Gap between this and next alignment: 738582 to 743448 (4865 bp)
				Next Alignment: 743448 744354 250_907_27724 907 1

			Align 58: 743448 744354 250_907_27724 907 1
				Gap between this and next alignment: 744354 to 746020 (1665 bp)
				Next Alignment: 746020 756757 245_10738_366779 1 10738

			Align 59: 746020 756757 245_10738_366779 1 10738
				Negative gap (overlap) between this and next alignment: 756757 to 756722 (-35 bp)
				Next Alignment: 756722 758518 578_1797_49753 1797 1

			Previous gap was negative, modifying coordinates to ignore overlap
				Moving contig start from 1797 to 1761.
			Align 60: 756758 758518 578_1797_49753 1761 1
				Negative gap (overlap) between this and next alignment: 758518 to 758471 (-47 bp)
				Next Alignment: 758471 758973 1084_503_17937_355-_16+_718+ 503 1

			Previous gap was negative, modifying coordinates to ignore overlap
				Moving contig start from 503 to 455.
			Align 61: 758519 758973 1084_503_17937_355-_16+_718+ 455 1
				Gap between this and next alignment: 758973 to 759259 (285 bp)
				Next Alignment: 759259 759965 1078_707_18519_271-_..._1013- 707 1

			Align 62: 759259 759965 1078_707_18519_271-_..._1013- 707 1
				Gap between this and next alignment: 759965 to 760119 (153 bp)
				Next Alignment: 760119 760636 1072_518_9907_37+_..._410+ 1 518

			Align 63: 760119 760636 1072_518_9907_37+_..._410+ 1 518
				Negative gap (overlap) between this and next alignment: 760636 to 760589 (-47 bp)
				Next Alignment: 760589 761423 336_835_14338 835 1

			Previous gap was negative, modifying coordinates to ignore overlap
				Moving contig start from 835 to 787.
			Align 64: 760637 761423 336_835_14338 787 1
				Negative gap (overlap) between this and next alignment: 761423 to 761401 (-22 bp)
				Next Alignment: 761401 761575 696_1403_30323 1229 1403

			Previous gap was negative, modifying coordinates to ignore overlap
				Moving contig start from 1229 to 1252.
			Align 65: 761424 761575 696_1403_30323 1252 1403
				Gap between this and next alignment: 761575 to 762432 (856 bp)
				Next Alignment: 762432 779852 146_17421_441500 1 17421

			Align 66: 762432 779852 146_17421_441500 1 17421
				Negative gap (overlap) between this and next alignment: 779852 to 779811 (-41 bp)
				Next Alignment: 779811 780582 34_772_19867 1 772

			Previous gap was negative, modifying coordinates to ignore overlap
				Moving contig start from 1 to 43.
			Align 67: 779853 780582 34_772_19867 43 772
				Gap between this and next alignment: 780582 to 781963 (1380 bp)
				Next Alignment: 781963 782523 999_561_15531 561 1

			Align 68: 781963 782523 999_561_15531 561 1
				Negative gap (overlap) between this and next alignment: 782523 to 782496 (-27 bp)
				Next Alignment: 782496 806675 584_24180_628670 24180 1

			Previous gap was negative, modifying coordinates to ignore overlap
				Moving contig start from 24180 to 24152.
			Align 69: 782524 806675 584_24180_628670 24152 1
				Negative gap (overlap) between this and next alignment: 806675 to 806672 (-3 bp)
				Next Alignment: 806672 816948 490_10277_267949 10277 1

			Previous gap was negative, modifying coordinates to ignore overlap
				Moving contig start from 10277 to 10273.
			Align 70: 806676 816948 490_10277_267949 10273 1
				Negative gap (overlap) between this and next alignment: 816948 to 816946 (-2 bp)
				Next Alignment: 816946 838386 994_21441_546570 21441 1

			Previous gap was negative, modifying coordinates to ignore overlap
				Moving contig start from 21441 to 21438.
			Align 71: 816949 838386 994_21441_546570 21438 1
				Gap between this and next alignment: 838386 to 838414 (27 bp)
				Next Alignment: 838414 839834 228_1421_36538 1421 1

			Align 72: 838414 839834 228_1421_36538 1421 1
				Gap between this and next alignment: 839834 to 839843 (8 bp)
				Next Alignment: 839843 850024 94_10182_249727 1 10182

			Align 73: 839843 850024 94_10182_249727 1 10182
				Gap between this and next alignment: 850024 to 850404 (379 bp)
				Next Alignment: 850404 888306 705_37903_1108089 37903 1

			Align 74: 850404 888306 705_37903_1108089 37903 1
				Gap between this and next alignment: 888306 to 889395 (1088 bp)
				Next Alignment: 889395 889906 859_512_12756 512 1

			Align 75: 889395 889906 859_512_12756 512 1
				Gap between this and next alignment: 889906 to 890066 (159 bp)
				Next Alignment: 890066 891199 657_1134_35486 1134 1

			Align 76: 890066 891199 657_1134_35486 1134 1
				Gap between this and next alignment: 891199 to 892377 (1177 bp)
				Next Alignment: 892377 892888 160_512_15550 512 1

			Align 77: 892377 892888 160_512_15550 512 1
				Gap between this and next alignment: 892888 to 895125 (2236 bp)
				Next Alignment: 895125 895769 753_645_13273 645 1

			Align 78: 895125 895769 753_645_13273 645 1
				Gap between this and next alignment: 895769 to 896049 (279 bp)
				Next Alignment: 896049 896630 804_582_14228 582 1

			Align 79: 896049 896630 804_582_14228 582 1
				Gap between this and next alignment: 896630 to 896685 (54 bp)
				Next Alignment: 896685 902044 725_5360_153313 5360 1

			Align 80: 896685 902044 725_5360_153313 5360 1
				Gap between this and next alignment: 902044 to 902512 (467 bp)
				Next Alignment: 902512 904307 98_1796_45752 1796 1

			Align 81: 902512 904307 98_1796_45752 1796 1
				Negative gap (overlap) between this and next alignment: 904307 to 904260 (-47 bp)
				Next Alignment: 904260 906362 1082_2103_53427_341-_..._860- 1 2103

			Previous gap was negative, modifying coordinates to ignore overlap
				Moving contig start from 1 to 49.
			Align 82: 904308 906362 1082_2103_53427_341-_..._860- 49 2103
				Negative gap (overlap) between this and next alignment: 906362 to 906315 (-47 bp)
				Next Alignment: 906315 907417 738_1103_25726 1103 1

			Previous gap was negative, modifying coordinates to ignore overlap
				Moving contig start from 1103 to 1055.
			Align 83: 906363 907417 738_1103_25726 1055 1
				Gap between this and next alignment: 907417 to 907441 (23 bp)
				Next Alignment: 907441 921278 147_13838_409150 13838 1

			Align 84: 907441 921278 147_13838_409150 13838 1
				Gap between this and next alignment: 921278 to 922473 (1194 bp)
				Next Alignment: 922473 942661 14_20189_528652 20189 1

			Align 85: 922473 942661 14_20189_528652 20189 1
			END in gap: 942661 to 943018 (357 bp)

Analysis is finished!
Founded SNPs were written into /usit/invitro/data/galaxy/master/sabbai/galaxy-dist/database/job_working_directory/000/731/dataset_768_files/contigs_reports/nucmer_output/RS-M-Abyss.used_snps

Results:
	Local Misassemblies: 1
	Misassemblies: 0
		Relocations: 0
		Translocations: 0
		Inversions: 0
	Misassembled Contigs: 0
	Misassembled Contig Bases: 0
	Misassmblies Inter-Contig Overlap: 95
Uncovered Regions: 0 (0)
Unaligned Contigs: 298 + 1 part
Partially Unaligned Contigs with Misassemblies: 0
Unaligned Contig Bases: 3590271

Ambiguously Mapped Contigs: 1
Total Bases in Ambiguously Mapped Contigs: 2103
Note that --allow-ambiguity option was set to "one" and only first alignment per each contig was used.

	Covered Bases: 912233

	SNPs: 76
	Insertions: 5
	Deletions: 0

	Positive Gaps: 63
		Internal Gaps:  0
		External Gaps:  63
		External Gap Total:  30785
		External Gap Average: 489
	Negative Gaps: 23
		Internal Overlaps:  1
		External Overlaps:  22
		External Overlaps Total: -708
		External Overlaps Average: -32
	Contigs with Redundant Alignments: 0 (0)
