Aligning contigs to reference...
	Running Nucmer...
Parsing coords...
Loading Assembly...
Loading reference...
	Loaded [gi|117617447|ref|NC_008570.1|_Aeromonas_hydrophila_subsp._hydrophila_ATCC_7966_chromosome__complete_genome]
Loading SNPs...
Loading regions...
	No regions given, using whole reference.
	Total Regions: 1
	Total Region Length: 4744448
Analyzing contigs...
CONTIG: mira_rep_c135 (5929bp)
		This contig is unaligned. (5929 bp)
		Unaligned bases: 5929  total: 5929

CONTIG: mira_rep_c168 (813bp)
		This contig is unaligned. (813 bp)
		Unaligned bases: 813  total: 6742

CONTIG: mira_rep_c165 (1264bp)
		This contig is unaligned. (1264 bp)
		Unaligned bases: 1264  total: 8006

CONTIG: mira_rep_c164 (555bp)
		This contig is unaligned. (555 bp)
		Unaligned bases: 555  total: 8561

CONTIG: mira_rep_c163 (623bp)
		This contig is unaligned. (623 bp)
		Unaligned bases: 623  total: 9184

CONTIG: mira_rep_c162 (750bp)
		This contig is unaligned. (750 bp)
		Unaligned bases: 750  total: 9934

CONTIG: mira_rep_c161 (1305bp)
		This contig is unaligned. (1305 bp)
		Unaligned bases: 1305  total: 11239

CONTIG: mira_c87 (6206bp)
		This contig is unaligned. (6206 bp)
		Unaligned bases: 6206  total: 17445

CONTIG: mira_c86 (1549bp)
		This contig is unaligned. (1549 bp)
		Unaligned bases: 1549  total: 18994

CONTIG: mira_c85 (3524bp)
		This contig is unaligned. (3524 bp)
		Unaligned bases: 3524  total: 22518

CONTIG: mira_c84 (1082bp)
		This contig is unaligned. (1082 bp)
		Unaligned bases: 1082  total: 23600

CONTIG: mira_c83 (5863bp)
		This contig is unaligned. (5863 bp)
		Unaligned bases: 5863  total: 29463

CONTIG: mira_c82 (972bp)
		This contig is unaligned. (972 bp)
		Unaligned bases: 972  total: 30435

CONTIG: mira_c81 (24548bp)
		This contig is unaligned. (24548 bp)
		Unaligned bases: 24548  total: 54983

CONTIG: mira_c80 (2702bp)
		This contig is unaligned. (2702 bp)
		Unaligned bases: 2702  total: 57685

CONTIG: mira_c89 (3562bp)
		This contig is unaligned. (3562 bp)
		Unaligned bases: 3562  total: 61247

CONTIG: mira_c88 (5130bp)
		This contig is unaligned. (5130 bp)
		Unaligned bases: 5130  total: 66377

CONTIG: mira_c32 (25226bp)
		This contig is unaligned. (25226 bp)
		Unaligned bases: 25226  total: 91603

CONTIG: mira_c33 (108646bp)
		This contig is unaligned. (108646 bp)
		Unaligned bases: 108646  total: 200249

CONTIG: mira_c30 (13502bp)
		This contig is unaligned. (13502 bp)
		Unaligned bases: 13502  total: 213751

CONTIG: mira_c31 (86138bp)
		This contig is unaligned. (86138 bp)
		Unaligned bases: 86138  total: 299889

CONTIG: mira_c36 (8405bp)
		This contig is unaligned. (8405 bp)
		Unaligned bases: 8405  total: 308294

CONTIG: mira_c37 (84300bp)
		This contig is unaligned. (84300 bp)
		Unaligned bases: 84300  total: 392594

CONTIG: mira_c34 (112794bp)
Top Length: 96  Top ID: 98.96
		This contig is partially unaligned. (96 out of 112794)
		Alignment: 809109 809204 | 112513 112418 | 96 96 | 98.96 | gi|117617447|ref|NC_008570.1|_Aeromonas_hydrophila_subsp._hydrophila_ATCC_7966_chromosome__complete_genome mira_c34
		Unaligned bases: 1 to 112417 (112417)
		Unaligned bases: 112514 to 112794 (281)

CONTIG: mira_c35 (15702bp)
		This contig is unaligned. (15702 bp)
		Unaligned bases: 15702  total: 408296

CONTIG: mira_c38 (75107bp)
		This contig is unaligned. (75107 bp)
		Unaligned bases: 75107  total: 483403

CONTIG: mira_c39 (115567bp)
		This contig is unaligned. (115567 bp)
		Unaligned bases: 115567  total: 598970

CONTIG: mira_rep_c176 (529bp)
		This contig is unaligned. (529 bp)
		Unaligned bases: 529  total: 599499

CONTIG: mira_c105 (655bp)
		This contig is unaligned. (655 bp)
		Unaligned bases: 655  total: 600154

CONTIG: mira_c104 (2328bp)
		This contig is unaligned. (2328 bp)
		Unaligned bases: 2328  total: 602482

CONTIG: mira_c107 (1921bp)
		This contig is unaligned. (1921 bp)
		Unaligned bases: 1921  total: 604403

CONTIG: mira_c106 (603bp)
		This contig is unaligned. (603 bp)
		Unaligned bases: 603  total: 605006

CONTIG: mira_c101 (6007bp)
		This contig is unaligned. (6007 bp)
		Unaligned bases: 6007  total: 611013

CONTIG: mira_c100 (3219bp)
		This contig is unaligned. (3219 bp)
		Unaligned bases: 3219  total: 614232

CONTIG: mira_c103 (1214bp)
		This contig is unaligned. (1214 bp)
		Unaligned bases: 1214  total: 615446

CONTIG: mira_c102 (3101bp)
		This contig is unaligned. (3101 bp)
		Unaligned bases: 3101  total: 618547

CONTIG: mira_c109 (1473bp)
		This contig is unaligned. (1473 bp)
		Unaligned bases: 1473  total: 620020

CONTIG: mira_c108 (1081bp)
		This contig is unaligned. (1081 bp)
		Unaligned bases: 1081  total: 621101

CONTIG: mira_c25 (4682bp)
		This contig is unaligned. (4682 bp)
		Unaligned bases: 4682  total: 625783

CONTIG: mira_c24 (52077bp)
		This contig is unaligned. (52077 bp)
		Unaligned bases: 52077  total: 677860

CONTIG: mira_c27 (7967bp)
		This contig is unaligned. (7967 bp)
		Unaligned bases: 7967  total: 685827

CONTIG: mira_c26 (155250bp)
		This contig is unaligned. (155250 bp)
		Unaligned bases: 155250  total: 841077

CONTIG: mira_c21 (20701bp)
Top Length: 96  Top ID: 98.96
		Skipping redundant alignment 355167 355258 | 20564 20473 | 92 92 | 100.0 | gi|117617447|ref|NC_008570.1|_Aeromonas_hydrophila_subsp._hydrophila_ATCC_7966_chromosome__complete_genome mira_c21
		Skipping redundant alignment 4449168 4449259 | 20473 20564 | 92 92 | 100.0 | gi|117617447|ref|NC_008570.1|_Aeromonas_hydrophila_subsp._hydrophila_ATCC_7966_chromosome__complete_genome mira_c21
		Skipping redundant alignment 4697518 4697609 | 20473 20564 | 92 92 | 100.0 | gi|117617447|ref|NC_008570.1|_Aeromonas_hydrophila_subsp._hydrophila_ATCC_7966_chromosome__complete_genome mira_c21
		This contig is partially unaligned. (96 out of 20701)
		Alignment: 809109 809204 | 20564 20469 | 96 96 | 98.96 | gi|117617447|ref|NC_008570.1|_Aeromonas_hydrophila_subsp._hydrophila_ATCC_7966_chromosome__complete_genome mira_c21
		Unaligned bases: 1 to 20468 (20468)
		Unaligned bases: 20565 to 20701 (137)

CONTIG: mira_c20 (111735bp)
		This contig is unaligned. (111735 bp)
		Unaligned bases: 111735  total: 952812

CONTIG: mira_c23 (54141bp)
		This contig is unaligned. (54141 bp)
		Unaligned bases: 54141  total: 1006953

CONTIG: mira_c22 (9708bp)
		This contig is unaligned. (9708 bp)
		Unaligned bases: 9708  total: 1016661

CONTIG: mira_c29 (9875bp)
		This contig is unaligned. (9875 bp)
		Unaligned bases: 9875  total: 1026536

CONTIG: mira_c28 (35238bp)
		This contig is unaligned. (35238 bp)
		Unaligned bases: 35238  total: 1061774

CONTIG: mira_c116 (1866bp)
		This contig is unaligned. (1866 bp)
		Unaligned bases: 1866  total: 1063640

CONTIG: mira_c117 (919bp)
		This contig is unaligned. (919 bp)
		Unaligned bases: 919  total: 1064559

CONTIG: mira_c114 (2365bp)
		This contig is unaligned. (2365 bp)
		Unaligned bases: 2365  total: 1066924

CONTIG: mira_c115 (1082bp)
		This contig is unaligned. (1082 bp)
		Unaligned bases: 1082  total: 1068006

CONTIG: mira_c112 (1172bp)
		This contig is unaligned. (1172 bp)
		Unaligned bases: 1172  total: 1069178

CONTIG: mira_c113 (816bp)
		This contig is unaligned. (816 bp)
		Unaligned bases: 816  total: 1069994

CONTIG: mira_c110 (1983bp)
		This contig is unaligned. (1983 bp)
		Unaligned bases: 1983  total: 1071977

CONTIG: mira_c111 (838bp)
		This contig is unaligned. (838 bp)
		Unaligned bases: 838  total: 1072815

CONTIG: mira_c118 (2412bp)
		This contig is unaligned. (2412 bp)
		Unaligned bases: 2412  total: 1075227

CONTIG: mira_rep_c194 (544bp)
		This contig is unaligned. (544 bp)
		Unaligned bases: 544  total: 1075771

CONTIG: mira_rep_c191 (1003bp)
		This contig is unaligned. (1003 bp)
		Unaligned bases: 1003  total: 1076774

CONTIG: mira_rep_c219 (542bp)
		This contig is unaligned. (542 bp)
		Unaligned bases: 542  total: 1077316

CONTIG: mira_c50 (36054bp)
		This contig is unaligned. (36054 bp)
		Unaligned bases: 36054  total: 1113370

CONTIG: mira_c51 (9501bp)
		This contig is unaligned. (9501 bp)
		Unaligned bases: 9501  total: 1122871

CONTIG: mira_c52 (32252bp)
		This contig is unaligned. (32252 bp)
		Unaligned bases: 32252  total: 1155123

CONTIG: mira_c53 (4509bp)
		This contig is unaligned. (4509 bp)
		Unaligned bases: 4509  total: 1159632

CONTIG: mira_c54 (42311bp)
		This contig is unaligned. (42311 bp)
		Unaligned bases: 42311  total: 1201943

CONTIG: mira_c55 (65124bp)
		This contig is unaligned. (65124 bp)
		Unaligned bases: 65124  total: 1267067

CONTIG: mira_c56 (3131bp)
Top Length: 96  Top ID: 98.96
		This contig is partially unaligned. (96 out of 3131)
		Alignment: 809109 809204 | 3114 3019 | 96 96 | 98.96 | gi|117617447|ref|NC_008570.1|_Aeromonas_hydrophila_subsp._hydrophila_ATCC_7966_chromosome__complete_genome mira_c56
		Unaligned bases: 1 to 3018 (3018)
		Unaligned bases: 3115 to 3131 (17)

CONTIG: mira_c57 (36831bp)
		This contig is unaligned. (36831 bp)
		Unaligned bases: 36831  total: 1303898

CONTIG: mira_c58 (46545bp)
		This contig is unaligned. (46545 bp)
		Unaligned bases: 46545  total: 1350443

CONTIG: mira_c59 (1362bp)
		This contig is unaligned. (1362 bp)
		Unaligned bases: 1362  total: 1351805

CONTIG: mira_rep_c136 (3445bp)
		This contig is unaligned. (3445 bp)
		Unaligned bases: 3445  total: 1355250

CONTIG: mira_c129 (1643bp)
		This contig is unaligned. (1643 bp)
		Unaligned bases: 1643  total: 1356893

CONTIG: mira_c128 (2387bp)
		This contig is unaligned. (2387 bp)
		Unaligned bases: 2387  total: 1359280

CONTIG: mira_c123 (1822bp)
		This contig is unaligned. (1822 bp)
		Unaligned bases: 1822  total: 1361102

CONTIG: mira_c122 (683bp)
		This contig is unaligned. (683 bp)
		Unaligned bases: 683  total: 1361785

CONTIG: mira_c121 (1073bp)
		This contig is unaligned. (1073 bp)
		Unaligned bases: 1073  total: 1362858

CONTIG: mira_c120 (1358bp)
		This contig is unaligned. (1358 bp)
		Unaligned bases: 1358  total: 1364216

CONTIG: mira_c127 (1339bp)
		This contig is unaligned. (1339 bp)
		Unaligned bases: 1339  total: 1365555

CONTIG: mira_c126 (1455bp)
		This contig is unaligned. (1455 bp)
		Unaligned bases: 1455  total: 1367010

CONTIG: mira_c124 (1368bp)
		This contig is unaligned. (1368 bp)
		Unaligned bases: 1368  total: 1368378

CONTIG: mira_c8 (53499bp)
		This contig is unaligned. (53499 bp)
		Unaligned bases: 53499  total: 1421877

CONTIG: mira_c9 (19460bp)
Top Length: 96  Top ID: 98.96
		This contig is partially unaligned. (96 out of 19460)
		Alignment: 809109 809204 | 19402 19307 | 96 96 | 98.96 | gi|117617447|ref|NC_008570.1|_Aeromonas_hydrophila_subsp._hydrophila_ATCC_7966_chromosome__complete_genome mira_c9
		Unaligned bases: 1 to 19306 (19306)
		Unaligned bases: 19403 to 19460 (58)

CONTIG: mira_c2 (35597bp)
		This contig is unaligned. (35597 bp)
		Unaligned bases: 35597  total: 1457474

CONTIG: mira_c3 (197237bp)
		This contig is unaligned. (197237 bp)
		Unaligned bases: 197237  total: 1654711

CONTIG: mira_c1 (37241bp)
		This contig is unaligned. (37241 bp)
		Unaligned bases: 37241  total: 1691952

CONTIG: mira_c6 (26151bp)
		This contig is unaligned. (26151 bp)
		Unaligned bases: 26151  total: 1718103

CONTIG: mira_c7 (90082bp)
		This contig is unaligned. (90082 bp)
		Unaligned bases: 90082  total: 1808185

CONTIG: mira_c4 (19461bp)
		This contig is unaligned. (19461 bp)
		Unaligned bases: 19461  total: 1827646

CONTIG: mira_c5 (355843bp)
Top Length: 80  Top ID: 97.5
		Skipping redundant alignments after choosing the best set of alignments
		Skipping [163365][163443] redundant alignment 163365 163443 | 355762 355841 | 79 80 | 97.5 | gi|117617447|ref|NC_008570.1|_Aeromonas_hydrophila_subsp._hydrophila_ATCC_7966_chromosome__complete_genome mira_c5
		Skipping [214900][214978] redundant alignment 214900 214978 | 355762 355841 | 79 80 | 97.5 | gi|117617447|ref|NC_008570.1|_Aeromonas_hydrophila_subsp._hydrophila_ATCC_7966_chromosome__complete_genome mira_c5
		Skipping [349939][350017] redundant alignment 349939 350017 | 355762 355841 | 79 80 | 97.5 | gi|117617447|ref|NC_008570.1|_Aeromonas_hydrophila_subsp._hydrophila_ATCC_7966_chromosome__complete_genome mira_c5
		Skipping [803836][803914] redundant alignment 803836 803914 | 355762 355841 | 79 80 | 97.5 | gi|117617447|ref|NC_008570.1|_Aeromonas_hydrophila_subsp._hydrophila_ATCC_7966_chromosome__complete_genome mira_c5
		Skipping [933013][933091] redundant alignment 933013 933091 | 355762 355841 | 79 80 | 97.5 | gi|117617447|ref|NC_008570.1|_Aeromonas_hydrophila_subsp._hydrophila_ATCC_7966_chromosome__complete_genome mira_c5
		Skipping [3956684][3956762] redundant alignment 3956684 3956762 | 355841 355762 | 79 80 | 97.5 | gi|117617447|ref|NC_008570.1|_Aeromonas_hydrophila_subsp._hydrophila_ATCC_7966_chromosome__complete_genome mira_c5
		Skipping [4371351][4371429] redundant alignment 4371351 4371429 | 355841 355762 | 79 80 | 97.5 | gi|117617447|ref|NC_008570.1|_Aeromonas_hydrophila_subsp._hydrophila_ATCC_7966_chromosome__complete_genome mira_c5
		Skipping [4454373][4454451] redundant alignment 4454373 4454451 | 355841 355762 | 79 80 | 97.5 | gi|117617447|ref|NC_008570.1|_Aeromonas_hydrophila_subsp._hydrophila_ATCC_7966_chromosome__complete_genome mira_c5
		Skipping [4702802][4702880] redundant alignment 4702802 4702880 | 355841 355762 | 79 80 | 97.5 | gi|117617447|ref|NC_008570.1|_Aeromonas_hydrophila_subsp._hydrophila_ATCC_7966_chromosome__complete_genome mira_c5
		This contig is partially unaligned. (80 out of 355843)
		Alignment: 85167 85245 | 355762 355841 | 79 80 | 97.5 | gi|117617447|ref|NC_008570.1|_Aeromonas_hydrophila_subsp._hydrophila_ATCC_7966_chromosome__complete_genome mira_c5
		Unaligned bases: 1 to 355761 (355761)
		Unaligned bases: 355842 to 355843 (2)

CONTIG: mira_rep_c184 (691bp)
		This contig is unaligned. (691 bp)
		Unaligned bases: 691  total: 1828337

CONTIG: mira_c43 (1106bp)
		This contig is unaligned. (1106 bp)
		Unaligned bases: 1106  total: 1829443

CONTIG: mira_c42 (2186bp)
		This contig is unaligned. (2186 bp)
		Unaligned bases: 2186  total: 1831629

CONTIG: mira_c41 (93072bp)
		This contig is unaligned. (93072 bp)
		Unaligned bases: 93072  total: 1924701

CONTIG: mira_c40 (10797bp)
		This contig is unaligned. (10797 bp)
		Unaligned bases: 10797  total: 1935498

CONTIG: mira_c47 (37333bp)
		This contig is unaligned. (37333 bp)
		Unaligned bases: 37333  total: 1972831

CONTIG: mira_c46 (62563bp)
Top Length: 83  Top ID: 97.59
		Skipping redundant alignment 3414420 3414494 | 4022 4096 | 75 75 | 100.0 | gi|117617447|ref|NC_008570.1|_Aeromonas_hydrophila_subsp._hydrophila_ATCC_7966_chromosome__complete_genome mira_c46
		This contig is partially unaligned. (83 out of 62563)
		Alignment: 4476056 4476138 | 4014 4096 | 83 83 | 97.59 | gi|117617447|ref|NC_008570.1|_Aeromonas_hydrophila_subsp._hydrophila_ATCC_7966_chromosome__complete_genome mira_c46
		Unaligned bases: 1 to 4013 (4013)
		Unaligned bases: 4097 to 62563 (58467)

CONTIG: mira_c45 (26062bp)
		This contig is unaligned. (26062 bp)
		Unaligned bases: 26062  total: 1998893

CONTIG: mira_c44 (3492bp)
		This contig is unaligned. (3492 bp)
		Unaligned bases: 3492  total: 2002385

CONTIG: mira_rep_c181 (527bp)
		This contig is unaligned. (527 bp)
		Unaligned bases: 527  total: 2002912

CONTIG: mira_c49 (12437bp)
		This contig is unaligned. (12437 bp)
		Unaligned bases: 12437  total: 2015349

CONTIG: mira_c48 (39171bp)
		This contig is unaligned. (39171 bp)
		Unaligned bases: 39171  total: 2054520

CONTIG: mira_c76 (5068bp)
		This contig is unaligned. (5068 bp)
		Unaligned bases: 5068  total: 2059588

CONTIG: mira_c77 (7473bp)
		This contig is unaligned. (7473 bp)
		Unaligned bases: 7473  total: 2067061

CONTIG: mira_c74 (23222bp)
		This contig is unaligned. (23222 bp)
		Unaligned bases: 23222  total: 2090283

CONTIG: mira_c75 (8799bp)
		This contig is unaligned. (8799 bp)
		Unaligned bases: 8799  total: 2099082

CONTIG: mira_c72 (1785bp)
		This contig is unaligned. (1785 bp)
		Unaligned bases: 1785  total: 2100867

CONTIG: mira_c73 (9556bp)
		This contig is unaligned. (9556 bp)
		Unaligned bases: 9556  total: 2110423

CONTIG: mira_c70 (9233bp)
		This contig is unaligned. (9233 bp)
		Unaligned bases: 9233  total: 2119656

CONTIG: mira_c71 (2754bp)
		This contig is unaligned. (2754 bp)
		Unaligned bases: 2754  total: 2122410

CONTIG: mira_rep_c138 (1408bp)
		This contig is unaligned. (1408 bp)
		Unaligned bases: 1408  total: 2123818

CONTIG: mira_rep_c139 (1501bp)
		This contig is unaligned. (1501 bp)
		Unaligned bases: 1501  total: 2125319

CONTIG: mira_c78 (3335bp)
		This contig is unaligned. (3335 bp)
		Unaligned bases: 3335  total: 2128654

CONTIG: mira_c79 (710bp)
		This contig is unaligned. (710 bp)
		Unaligned bases: 710  total: 2129364

CONTIG: mira_c69 (7595bp)
		This contig is unaligned. (7595 bp)
		Unaligned bases: 7595  total: 2136959

CONTIG: mira_c68 (8508bp)
		This contig is unaligned. (8508 bp)
		Unaligned bases: 8508  total: 2145467

CONTIG: mira_c61 (5018bp)
		This contig is unaligned. (5018 bp)
		Unaligned bases: 5018  total: 2150485

CONTIG: mira_c60 (10610bp)
		This contig is unaligned. (10610 bp)
		Unaligned bases: 10610  total: 2161095

CONTIG: mira_c63 (43347bp)
		This contig is unaligned. (43347 bp)
		Unaligned bases: 43347  total: 2204442

CONTIG: mira_c62 (9215bp)
		This contig is unaligned. (9215 bp)
		Unaligned bases: 9215  total: 2213657

CONTIG: mira_c65 (17576bp)
		This contig is unaligned. (17576 bp)
		Unaligned bases: 17576  total: 2231233

CONTIG: mira_c64 (4627bp)
		This contig is unaligned. (4627 bp)
		Unaligned bases: 4627  total: 2235860

CONTIG: mira_c67 (38713bp)
		This contig is unaligned. (38713 bp)
		Unaligned bases: 38713  total: 2274573

CONTIG: mira_c66 (6087bp)
		This contig is unaligned. (6087 bp)
		Unaligned bases: 6087  total: 2280660

CONTIG: mira_rep_c141 (1078bp)
		This contig is unaligned. (1078 bp)
		Unaligned bases: 1078  total: 2281738

CONTIG: mira_rep_c140 (1038bp)
		This contig is unaligned. (1038 bp)
		Unaligned bases: 1038  total: 2282776

CONTIG: mira_rep_c143 (946bp)
		This contig is unaligned. (946 bp)
		Unaligned bases: 946  total: 2283722

CONTIG: mira_rep_c142 (796bp)
		This contig is unaligned. (796 bp)
		Unaligned bases: 796  total: 2284518

CONTIG: mira_rep_c145 (703bp)
		This contig is unaligned. (703 bp)
		Unaligned bases: 703  total: 2285221

CONTIG: mira_rep_c144 (1240bp)
		This contig is unaligned. (1240 bp)
		Unaligned bases: 1240  total: 2286461

CONTIG: mira_rep_c147 (821bp)
		This contig is unaligned. (821 bp)
		Unaligned bases: 821  total: 2287282

CONTIG: mira_rep_c146 (622bp)
		This contig is unaligned. (622 bp)
		Unaligned bases: 622  total: 2287904

CONTIG: mira_rep_c149 (863bp)
		This contig is unaligned. (863 bp)
		Unaligned bases: 863  total: 2288767

CONTIG: mira_rep_c172 (1172bp)
		This contig is unaligned. (1172 bp)
		Unaligned bases: 1172  total: 2289939

CONTIG: mira_rep_c173 (1087bp)
		This contig is unaligned. (1087 bp)
		Unaligned bases: 1087  total: 2291026

CONTIG: mira_c18 (72221bp)
		This contig is unaligned. (72221 bp)
		Unaligned bases: 72221  total: 2363247

CONTIG: mira_c19 (3279bp)
Top Length: 75  Top ID: 100.0
		This contig is partially unaligned. (75 out of 3279)
		Alignment: 3414420 3414494 | 455 529 | 75 75 | 100.0 | gi|117617447|ref|NC_008570.1|_Aeromonas_hydrophila_subsp._hydrophila_ATCC_7966_chromosome__complete_genome mira_c19
		Unaligned bases: 1 to 454 (454)
		Unaligned bases: 530 to 3279 (2750)

CONTIG: mira_c14 (182885bp)
		This contig is unaligned. (182885 bp)
		Unaligned bases: 182885  total: 2546132

CONTIG: mira_c15 (15356bp)
		This contig is unaligned. (15356 bp)
		Unaligned bases: 15356  total: 2561488

CONTIG: mira_c16 (243230bp)
		This contig is unaligned. (243230 bp)
		Unaligned bases: 243230  total: 2804718

CONTIG: mira_c17 (46017bp)
		This contig is unaligned. (46017 bp)
		Unaligned bases: 46017  total: 2850735

CONTIG: mira_c10 (110549bp)
		This contig is unaligned. (110549 bp)
		Unaligned bases: 110549  total: 2961284

CONTIG: mira_c11 (383237bp)
		This contig is unaligned. (383237 bp)
		Unaligned bases: 383237  total: 3344521

CONTIG: mira_c12 (9975bp)
		This contig is unaligned. (9975 bp)
		Unaligned bases: 9975  total: 3354496

CONTIG: mira_c13 (15786bp)
		This contig is unaligned. (15786 bp)
		Unaligned bases: 15786  total: 3370282

CONTIG: mira_rep_c152 (739bp)
		This contig is unaligned. (739 bp)
		Unaligned bases: 739  total: 3371021

CONTIG: mira_rep_c153 (771bp)
		This contig is unaligned. (771 bp)
		Unaligned bases: 771  total: 3371792

CONTIG: mira_rep_c150 (1510bp)
		This contig is unaligned. (1510 bp)
		Unaligned bases: 1510  total: 3373302

CONTIG: mira_rep_c156 (640bp)
		This contig is unaligned. (640 bp)
		Unaligned bases: 640  total: 3373942

CONTIG: mira_rep_c155 (714bp)
		This contig is unaligned. (714 bp)
		Unaligned bases: 714  total: 3374656

CONTIG: mira_rep_c158 (806bp)
		This contig is unaligned. (806 bp)
		Unaligned bases: 806  total: 3375462

CONTIG: mira_c94 (825bp)
		This contig is unaligned. (825 bp)
		Unaligned bases: 825  total: 3376287

CONTIG: mira_c95 (1777bp)
		This contig is unaligned. (1777 bp)
		Unaligned bases: 1777  total: 3378064

CONTIG: mira_c96 (582bp)
		This contig is unaligned. (582 bp)
		Unaligned bases: 582  total: 3378646

CONTIG: mira_c97 (2928bp)
		This contig is unaligned. (2928 bp)
		Unaligned bases: 2928  total: 3381574

CONTIG: mira_c90 (3071bp)
		This contig is unaligned. (3071 bp)
		Unaligned bases: 3071  total: 3384645

CONTIG: mira_c91 (3407bp)
		This contig is unaligned. (3407 bp)
		Unaligned bases: 3407  total: 3388052

CONTIG: mira_c92 (5018bp)
		This contig is unaligned. (5018 bp)
		Unaligned bases: 5018  total: 3393070

CONTIG: mira_c93 (1055bp)
		This contig is unaligned. (1055 bp)
		Unaligned bases: 1055  total: 3394125

CONTIG: mira_c98 (1399bp)
		This contig is unaligned. (1399 bp)
		Unaligned bases: 1399  total: 3395524

CONTIG: mira_c99 (1786bp)
		This contig is unaligned. (1786 bp)
		Unaligned bases: 1786  total: 3397310

CONTIG: mira_rep_c137 (11190bp)
		This contig is unaligned. (11190 bp)
		Unaligned bases: 11190  total: 3408500

CONTIG: mira_rep_c222 (534bp)
		This contig is unaligned. (534 bp)
		Unaligned bases: 534  total: 3409034

Analyzing coverage...
Writing SNPs into /software/galaxy/master/sabbai/galaxy-dist/database/job_working_directory/002/2323/dataset_2405_files/Combined_dataset/contigs_reports/nucmer_output/MIRA_miseq_ctg.used_snps
	Reference gi|117617447|ref|NC_008570.1|_Aeromonas_hydrophila_subsp._hydrophila_ATCC_7966_chromosome__complete_genome: 7 total alignments. 1 total regions.
		Region: 1 to 4744448 (4744448 bp)
			START in gap: 1 to 85167 (85166 bp)
			Align 1: 85167 85245 mira_c5 355762 355841
				Gap between this and next alignment: 85245 to 809109 (723863 bp)
				Next Alignment: 809109 809204 mira_c34 112513 112418

			Align 2: 809109 809204 mira_c34 112513 112418
				The next alignment (809109 809204 mira_c21 20564 20469) is redundant. Skipping.
				The next alignment (809109 809204 mira_c56 3114 3019) is redundant. Skipping.
				The next alignment (809109 809204 mira_c9 19402 19307) is redundant. Skipping.
				Gap between this and next alignment: 809204 to 3414420 (2605215 bp)
				Next Alignment: 3414420 3414494 mira_c19 455 529

			Align 6: 3414420 3414494 mira_c19 455 529
				Gap between this and next alignment: 3414494 to 4476056 (1061561 bp)
				Next Alignment: 4476056 4476138 mira_c46 4014 4096

			Align 7: 4476056 4476138 mira_c46 4014 4096
			END in gap: 4476138 to 4744448 (268310 bp)

Analysis is finished!
Founded SNPs were written into /software/galaxy/master/sabbai/galaxy-dist/database/job_working_directory/002/2323/dataset_2405_files/Combined_dataset/contigs_reports/nucmer_output/MIRA_miseq_ctg.used_snps

Results:
	Local Misassemblies: 0
	Misassemblies: 0
		Relocations: 0
		Translocations: 0
		Inversions: 0
	Misassembled Contigs: 0
	Misassembled Contig Bases: 0
	Misassmblies Inter-Contig Overlap: 0
Uncovered Regions: 0 (0)
Unaligned Contigs: 155 + 7 part
Partially Unaligned Contigs with Misassemblies: 0
Unaligned Contig Bases: 3986183

Ambiguously Mapped Contigs: 0
Total Bases in Ambiguously Mapped Contigs: 0
Note that --allow-ambiguity option was set to "one" and only first alignment per each contig was used.

	Covered Bases: 333

	SNPs: 4
	Insertions: 1
	Deletions: 0

	Positive Gaps: 5
		Internal Gaps:  0
		External Gaps:  5
		External Gap Total:  4744115
		External Gap Average: 948823
	Negative Gaps: 0
		Internal Overlaps:  0
		External Overlaps:  0
		External Overlaps Total:  0
		External Overlaps Average: 0
	Contigs with Redundant Alignments: 1 (288)
