Aligning contigs to reference...
	Running Nucmer...
Parsing coords...
Loading Assembly...
Loading reference...
	Loaded [gi|117617447|ref|NC_008570.1|_Aeromonas_hydrophila_subsp._hydrophila_ATCC_7966_chromosome__complete_genome]
Loading SNPs...
Loading regions...
	No regions given, using whole reference.
	Total Regions: 1
	Total Region Length: 4744448
Analyzing contigs...
CONTIG: scaffold43_36.6 (53689bp)
		This contig is unaligned. (53689 bp)
		Unaligned bases: 53689  total: 53689

CONTIG: C2233_31.0 (695bp)
		This contig is unaligned. (695 bp)
		Unaligned bases: 695  total: 54384

CONTIG: C2309_30.0 (1125bp)
		This contig is unaligned. (1125 bp)
		Unaligned bases: 1125  total: 55509

CONTIG: scaffold36_37.4 (2102bp)
		This contig is unaligned. (2102 bp)
		Unaligned bases: 2102  total: 57611

CONTIG: C2207_31.0 (629bp)
		This contig is unaligned. (629 bp)
		Unaligned bases: 629  total: 58240

CONTIG: C2727_43.0 (18541bp)
		This contig is unaligned. (18541 bp)
		Unaligned bases: 18541  total: 76781

CONTIG: C2187_53.0 (568bp)
		This contig is unaligned. (568 bp)
		Unaligned bases: 568  total: 77349

CONTIG: scaffold20_41.8 (247950bp)
		This contig is unaligned. (247950 bp)
		Unaligned bases: 247950  total: 325299

CONTIG: scaffold11_40.0 (20294bp)
		This contig is unaligned. (20294 bp)
		Unaligned bases: 20294  total: 345593

CONTIG: scaffold16_25.3 (2330bp)
		This contig is unaligned. (2330 bp)
		Unaligned bases: 2330  total: 347923

CONTIG: scaffold8_45.8 (78226bp)
		This contig is unaligned. (78226 bp)
		Unaligned bases: 78226  total: 426149

CONTIG: scaffold6_29.0 (5749bp)
		This contig is unaligned. (5749 bp)
		Unaligned bases: 5749  total: 431898

CONTIG: scaffold12_39.1 (182009bp)
		This contig is unaligned. (182009 bp)
		Unaligned bases: 182009  total: 613907

CONTIG: C2299_54.0 (1060bp)
		This contig is unaligned. (1060 bp)
		Unaligned bases: 1060  total: 614967

CONTIG: C2317_56.0 (1197bp)
		This contig is unaligned. (1197 bp)
		Unaligned bases: 1197  total: 616164

CONTIG: scaffold44_31.8 (54921bp)
		This contig is unaligned. (54921 bp)
		Unaligned bases: 54921  total: 671085

CONTIG: scaffold57_41.1 (71438bp)
		This contig is unaligned. (71438 bp)
		Unaligned bases: 71438  total: 742523

CONTIG: scaffold48_30.6 (56462bp)
		This contig is unaligned. (56462 bp)
		Unaligned bases: 56462  total: 798985

CONTIG: scaffold21_30.4 (4192bp)
		This contig is unaligned. (4192 bp)
		Unaligned bases: 4192  total: 803177

CONTIG: scaffold4_42.6 (4798bp)
		This contig is unaligned. (4798 bp)
		Unaligned bases: 4798  total: 807975

CONTIG: scaffold25_46.0 (6172bp)
Top Length: 76  Top ID: 100.0
		Skipping redundant alignment 3414420 3414494 | 5908 5834 | 75 75 | 100.0 | gi|117617447|ref|NC_008570.1|_Aeromonas_hydrophila_subsp._hydrophila_ATCC_7966_chromosome__complete_genome scaffold25_46.0
		This contig is partially unaligned. (76 out of 6172)
		Alignment: 4476064 4476139 | 5908 5833 | 76 76 | 100.0 | gi|117617447|ref|NC_008570.1|_Aeromonas_hydrophila_subsp._hydrophila_ATCC_7966_chromosome__complete_genome scaffold25_46.0
		Unaligned bases: 1 to 5832 (5832)
		Unaligned bases: 5909 to 6172 (264)

CONTIG: C2251_45.0 (772bp)
		This contig is unaligned. (772 bp)
		Unaligned bases: 772  total: 808747

CONTIG: scaffold19_34.2 (395383bp)
		This contig is unaligned. (395383 bp)
		Unaligned bases: 395383  total: 1204130

CONTIG: scaffold15_63.0 (1707bp)
		This contig is unaligned. (1707 bp)
		Unaligned bases: 1707  total: 1205837

CONTIG: scaffold40_39.0 (3868bp)
		This contig is unaligned. (3868 bp)
		Unaligned bases: 3868  total: 1209705

CONTIG: C2273_43.0 (859bp)
		This contig is unaligned. (859 bp)
		Unaligned bases: 859  total: 1210564

CONTIG: scaffold52_21.7 (3856bp)
		This contig is unaligned. (3856 bp)
		Unaligned bases: 3856  total: 1214420

CONTIG: scaffold46_32.1 (2440bp)
		This contig is unaligned. (2440 bp)
		Unaligned bases: 2440  total: 1216860

CONTIG: scaffold29_41.6 (2473bp)
		This contig is unaligned. (2473 bp)
		Unaligned bases: 2473  total: 1219333

CONTIG: scaffold5_28.2 (6498bp)
		This contig is unaligned. (6498 bp)
		Unaligned bases: 6498  total: 1225831

CONTIG: scaffold27_30.0 (238264bp)
		This contig is unaligned. (238264 bp)
		Unaligned bases: 238264  total: 1464095

CONTIG: C2793_42.0 (25317bp)
		This contig is unaligned. (25317 bp)
		Unaligned bases: 25317  total: 1489412

CONTIG: scaffold18_25.7 (10139bp)
		This contig is unaligned. (10139 bp)
		Unaligned bases: 10139  total: 1499551

CONTIG: C2189_47.0 (577bp)
		This contig is unaligned. (577 bp)
		Unaligned bases: 577  total: 1500128

CONTIG: C2463_55.0 (3981bp)
		This contig is unaligned. (3981 bp)
		Unaligned bases: 3981  total: 1504109

CONTIG: scaffold32_39.7 (1237bp)
		This contig is unaligned. (1237 bp)
		Unaligned bases: 1237  total: 1505346

CONTIG: C2163_37.0 (528bp)
		This contig is unaligned. (528 bp)
		Unaligned bases: 528  total: 1505874

CONTIG: C2561_35.0 (7622bp)
		This contig is unaligned. (7622 bp)
		Unaligned bases: 7622  total: 1513496

CONTIG: scaffold23_38.0 (653bp)
		This contig is unaligned. (653 bp)
		Unaligned bases: 653  total: 1514149

CONTIG: C2171_11.0 (539bp)
		This contig is unaligned. (539 bp)
		Unaligned bases: 539  total: 1514688

CONTIG: C2313_63.0 (1183bp)
		This contig is unaligned. (1183 bp)
		Unaligned bases: 1183  total: 1515871

CONTIG: scaffold2_28.2 (11199bp)
		This contig is unaligned. (11199 bp)
		Unaligned bases: 11199  total: 1527070

CONTIG: scaffold7_27.9 (998bp)
		This contig is unaligned. (998 bp)
		Unaligned bases: 998  total: 1528068

CONTIG: C2249_43.0 (772bp)
		This contig is unaligned. (772 bp)
		Unaligned bases: 772  total: 1528840

CONTIG: scaffold35_39.7 (168240bp)
		This contig is unaligned. (168240 bp)
		Unaligned bases: 168240  total: 1697080

CONTIG: C2283_69.0 (932bp)
		This contig is unaligned. (932 bp)
		Unaligned bases: 932  total: 1698012

CONTIG: scaffold41_25.1 (2293bp)
		This contig is unaligned. (2293 bp)
		Unaligned bases: 2293  total: 1700305

CONTIG: scaffold10_55.5 (622bp)
		This contig is unaligned. (622 bp)
		Unaligned bases: 622  total: 1700927

CONTIG: C2287_28.0 (977bp)
		This contig is unaligned. (977 bp)
		Unaligned bases: 977  total: 1701904

CONTIG: scaffold3_63.6 (3221bp)
Top Length: 151  Top ID: 98.01
		Skipping redundant alignments after choosing the best set of alignments
		Skipping [167460][167610] redundant alignment 167460 167610 | 2332 2482 | 151 151 | 98.01 | gi|117617447|ref|NC_008570.1|_Aeromonas_hydrophila_subsp._hydrophila_ATCC_7966_chromosome__complete_genome scaffold3_63.6
		Skipping [218958][219108] redundant alignment 218958 219108 | 2332 2482 | 151 151 | 98.01 | gi|117617447|ref|NC_008570.1|_Aeromonas_hydrophila_subsp._hydrophila_ATCC_7966_chromosome__complete_genome scaffold3_63.6
		Skipping [354034][354184] redundant alignment 354034 354184 | 2332 2482 | 151 151 | 98.01 | gi|117617447|ref|NC_008570.1|_Aeromonas_hydrophila_subsp._hydrophila_ATCC_7966_chromosome__complete_genome scaffold3_63.6
		Skipping [807936][808086] redundant alignment 807936 808086 | 2332 2482 | 151 151 | 98.01 | gi|117617447|ref|NC_008570.1|_Aeromonas_hydrophila_subsp._hydrophila_ATCC_7966_chromosome__complete_genome scaffold3_63.6
		Skipping [937113][937263] redundant alignment 937113 937263 | 2332 2482 | 151 151 | 98.01 | gi|117617447|ref|NC_008570.1|_Aeromonas_hydrophila_subsp._hydrophila_ATCC_7966_chromosome__complete_genome scaffold3_63.6
		Skipping [3952512][3952662] redundant alignment 3952512 3952662 | 2482 2332 | 151 151 | 98.01 | gi|117617447|ref|NC_008570.1|_Aeromonas_hydrophila_subsp._hydrophila_ATCC_7966_chromosome__complete_genome scaffold3_63.6
		Skipping [4367221][4367371] redundant alignment 4367221 4367371 | 2482 2332 | 151 151 | 98.01 | gi|117617447|ref|NC_008570.1|_Aeromonas_hydrophila_subsp._hydrophila_ATCC_7966_chromosome__complete_genome scaffold3_63.6
		Skipping [4450243][4450393] redundant alignment 4450243 4450393 | 2482 2332 | 151 151 | 98.01 | gi|117617447|ref|NC_008570.1|_Aeromonas_hydrophila_subsp._hydrophila_ATCC_7966_chromosome__complete_genome scaffold3_63.6
		Skipping [4698632][4698782] redundant alignment 4698632 4698782 | 2482 2332 | 151 151 | 98.01 | gi|117617447|ref|NC_008570.1|_Aeromonas_hydrophila_subsp._hydrophila_ATCC_7966_chromosome__complete_genome scaffold3_63.6
		This contig is partially unaligned. (151 out of 3221)
		Alignment: 89291 89441 | 2332 2482 | 151 151 | 98.01 | gi|117617447|ref|NC_008570.1|_Aeromonas_hydrophila_subsp._hydrophila_ATCC_7966_chromosome__complete_genome scaffold3_63.6
		Unaligned bases: 1 to 2331 (2331)
		Unaligned bases: 2483 to 3221 (739)

CONTIG: scaffold54_30.9 (71789bp)
Top Length: 83  Top ID: 97.59
		Skipping redundant alignment 3414420 3414494 | 13083 13157 | 75 75 | 100.0 | gi|117617447|ref|NC_008570.1|_Aeromonas_hydrophila_subsp._hydrophila_ATCC_7966_chromosome__complete_genome scaffold54_30.9
		This contig is partially unaligned. (83 out of 71789)
		Alignment: 4476056 4476138 | 13075 13157 | 83 83 | 97.59 | gi|117617447|ref|NC_008570.1|_Aeromonas_hydrophila_subsp._hydrophila_ATCC_7966_chromosome__complete_genome scaffold54_30.9
		Unaligned bases: 1 to 13074 (13074)
		Unaligned bases: 13158 to 71789 (58632)

CONTIG: scaffold38_45.1 (92751bp)
		This contig is unaligned. (92751 bp)
		Unaligned bases: 92751  total: 1794655

CONTIG: scaffold56_32.0 (17258bp)
		This contig is unaligned. (17258 bp)
		Unaligned bases: 17258  total: 1811913

CONTIG: scaffold22_37.2 (745bp)
		This contig is unaligned. (745 bp)
		Unaligned bases: 745  total: 1812658

CONTIG: scaffold51_29.4 (172769bp)
		This contig is unaligned. (172769 bp)
		Unaligned bases: 172769  total: 1985427

CONTIG: scaffold47_30.6 (1712bp)
		This contig is unaligned. (1712 bp)
		Unaligned bases: 1712  total: 1987139

CONTIG: scaffold53_29.0 (113897bp)
		This contig is unaligned. (113897 bp)
		Unaligned bases: 113897  total: 2101036

CONTIG: scaffold24_37.3 (137281bp)
		This contig is unaligned. (137281 bp)
		Unaligned bases: 137281  total: 2238317

CONTIG: scaffold30_31.3 (169897bp)
		This contig is unaligned. (169897 bp)
		Unaligned bases: 169897  total: 2408214

CONTIG: scaffold49_32.4 (55698bp)
		This contig is unaligned. (55698 bp)
		Unaligned bases: 55698  total: 2463912

CONTIG: scaffold50_33.8 (357079bp)
		This contig is unaligned. (357079 bp)
		Unaligned bases: 357079  total: 2820991

CONTIG: scaffold14_32.6 (7784bp)
		This contig is unaligned. (7784 bp)
		Unaligned bases: 7784  total: 2828775

CONTIG: scaffold45_34.8 (81651bp)
		This contig is unaligned. (81651 bp)
		Unaligned bases: 81651  total: 2910426

CONTIG: scaffold42_31.7 (63413bp)
		This contig is unaligned. (63413 bp)
		Unaligned bases: 63413  total: 2973839

CONTIG: scaffold37_38.5 (202254bp)
		This contig is unaligned. (202254 bp)
		Unaligned bases: 202254  total: 3176093

CONTIG: scaffold17_32.8 (719bp)
		This contig is unaligned. (719 bp)
		Unaligned bases: 719  total: 3176812

CONTIG: scaffold26_20.6 (2143bp)
		This contig is unaligned. (2143 bp)
		Unaligned bases: 2143  total: 3178955

CONTIG: scaffold13_39.1 (104018bp)
		This contig is unaligned. (104018 bp)
		Unaligned bases: 104018  total: 3282973

CONTIG: scaffold33_35.8 (591bp)
		This contig is unaligned. (591 bp)
		Unaligned bases: 591  total: 3283564

CONTIG: scaffold34_30.2 (1806bp)
		This contig is unaligned. (1806 bp)
		Unaligned bases: 1806  total: 3285370

CONTIG: scaffold55_31.6 (8959bp)
		This contig is unaligned. (8959 bp)
		Unaligned bases: 8959  total: 3294329

CONTIG: scaffold39_33.8 (2110bp)
		This contig is unaligned. (2110 bp)
		Unaligned bases: 2110  total: 3296439

CONTIG: C2289_55.0 (986bp)
		This contig is unaligned. (986 bp)
		Unaligned bases: 986  total: 3297425

CONTIG: C2177_41.0 (551bp)
		This contig is unaligned. (551 bp)
		Unaligned bases: 551  total: 3297976

CONTIG: scaffold28_35.9 (5297bp)
		This contig is unaligned. (5297 bp)
		Unaligned bases: 5297  total: 3303273

CONTIG: scaffold1_32.5 (577829bp)
		This contig is unaligned. (577829 bp)
		Unaligned bases: 577829  total: 3881102

CONTIG: C2247_58.0 (762bp)
		This contig is unaligned. (762 bp)
		Unaligned bases: 762  total: 3881864

CONTIG: scaffold9_28.6 (4026bp)
		This contig is unaligned. (4026 bp)
		Unaligned bases: 4026  total: 3885890

Analyzing coverage...
Writing SNPs into /software/galaxy/master/sabbai/galaxy-dist/database/job_working_directory/002/2323/dataset_2405_files/Combined_dataset/contigs_reports/nucmer_output/SOAPdenovo_hiseq_scf.used_snps
	Reference gi|117617447|ref|NC_008570.1|_Aeromonas_hydrophila_subsp._hydrophila_ATCC_7966_chromosome__complete_genome: 3 total alignments. 1 total regions.
		Region: 1 to 4744448 (4744448 bp)
			START in gap: 1 to 89291 (89290 bp)
			Align 1: 89291 89441 scaffold3_63.6 2332 2482
				Gap between this and next alignment: 89441 to 4476056 (4386614 bp)
				Next Alignment: 4476056 4476138 scaffold54_30.9 13075 13157

			Align 2: 4476056 4476138 scaffold54_30.9 13075 13157
				Negative gap (overlap) between this and next alignment: 4476138 to 4476064 (-74 bp)
				Next Alignment: 4476064 4476139 scaffold25_46.0 5908 5833

			Previous gap was negative, modifying coordinates to ignore overlap
				Moving contig start from 5908 to 5833.
			Align 3: 4476139 4476139 scaffold25_46.0 5833 5833
			END in gap: 4476139 to 4744448 (268309 bp)

Analysis is finished!
Founded SNPs were written into /software/galaxy/master/sabbai/galaxy-dist/database/job_working_directory/002/2323/dataset_2405_files/Combined_dataset/contigs_reports/nucmer_output/SOAPdenovo_hiseq_scf.used_snps

Results:
	Local Misassemblies: 0
	Misassemblies: 0
		Relocations: 0
		Translocations: 0
		Inversions: 0
	Misassembled Contigs: 0
	Misassembled Contig Bases: 0
	Misassmblies Inter-Contig Overlap: 0
Uncovered Regions: 0 (0)
Unaligned Contigs: 75 + 3 part
Partially Unaligned Contigs with Misassemblies: 0
Unaligned Contig Bases: 3966762

Ambiguously Mapped Contigs: 0
Total Bases in Ambiguously Mapped Contigs: 0
Note that --allow-ambiguity option was set to "one" and only first alignment per each contig was used.

	Covered Bases: 235

	SNPs: 5
	Insertions: 0
	Deletions: 0

	Positive Gaps: 3
		Internal Gaps:  0
		External Gaps:  3
		External Gap Total:  4744213
		External Gap Average: 1581404
	Negative Gaps: 1
		Internal Overlaps:  0
		External Overlaps:  1
		External Overlaps Total: -74
		External Overlaps Average: -74
	Contigs with Redundant Alignments: 0 (0)
