Aligning contigs to reference...
	Running Nucmer...
Parsing coords...
Loading Assembly...
Loading reference...
	Loaded [gi|117617447|ref|NC_008570.1|_Aeromonas_hydrophila_subsp._hydrophila_ATCC_7966_chromosome__complete_genome]
Loading SNPs...
Loading regions...
	No regions given, using whole reference.
	Total Regions: 1
	Total Region Length: 4744448
Analyzing contigs...
CONTIG: scf7180000000589 (8062bp)
		This contig is unaligned. (8062 bp)
		Unaligned bases: 8062  total: 8062

CONTIG: scf7180000000588 (945bp)
		This contig is unaligned. (945 bp)
		Unaligned bases: 945  total: 9007

CONTIG: scf7180000000581 (97253bp)
		This contig is unaligned. (97253 bp)
		Unaligned bases: 97253  total: 106260

CONTIG: scf7180000000578 (6466bp)
		This contig is unaligned. (6466 bp)
		Unaligned bases: 6466  total: 112726

CONTIG: scf7180000000583 (2799bp)
		This contig is unaligned. (2799 bp)
		Unaligned bases: 2799  total: 115525

CONTIG: scf7180000000582 (3872bp)
		This contig is unaligned. (3872 bp)
		Unaligned bases: 3872  total: 119397

CONTIG: scf7180000000585 (2090bp)
		This contig is unaligned. (2090 bp)
		Unaligned bases: 2090  total: 121487

CONTIG: scf7180000000584 (1058bp)
		This contig is unaligned. (1058 bp)
		Unaligned bases: 1058  total: 122545

CONTIG: scf7180000000587 (1649bp)
		This contig is unaligned. (1649 bp)
		Unaligned bases: 1649  total: 124194

CONTIG: scf7180000000579 (1365bp)
		This contig is unaligned. (1365 bp)
		Unaligned bases: 1365  total: 125559

CONTIG: scf7180000000457 (2047bp)
		This contig is unaligned. (2047 bp)
		Unaligned bases: 2047  total: 127606

CONTIG: scf7180000000456 (777bp)
		This contig is unaligned. (777 bp)
		Unaligned bases: 777  total: 128383

CONTIG: scf7180000000455 (3466bp)
		This contig is unaligned. (3466 bp)
		Unaligned bases: 3466  total: 131849

CONTIG: scf7180000000454 (23418bp)
		This contig is unaligned. (23418 bp)
		Unaligned bases: 23418  total: 155267

CONTIG: scf7180000000453 (1863bp)
		This contig is unaligned. (1863 bp)
		Unaligned bases: 1863  total: 157130

CONTIG: scf7180000000452 (10860bp)
		This contig is unaligned. (10860 bp)
		Unaligned bases: 10860  total: 167990

CONTIG: scf7180000000451 (72091bp)
Top Length: 83  Top ID: 97.59
		Skipping redundant alignment 3414420 3414494 | 13542 13616 | 75 75 | 100.0 | gi|117617447|ref|NC_008570.1|_Aeromonas_hydrophila_subsp._hydrophila_ATCC_7966_chromosome__complete_genome scf7180000000451
		This contig is partially unaligned. (83 out of 72091)
		Alignment: 4476056 4476138 | 13534 13616 | 83 83 | 97.59 | gi|117617447|ref|NC_008570.1|_Aeromonas_hydrophila_subsp._hydrophila_ATCC_7966_chromosome__complete_genome scf7180000000451
		Unaligned bases: 1 to 13533 (13533)
		Unaligned bases: 13617 to 72091 (58475)

CONTIG: scf7180000000450 (57036bp)
		This contig is unaligned. (57036 bp)
		Unaligned bases: 57036  total: 225026

CONTIG: scf7180000000459 (16715bp)
		This contig is unaligned. (16715 bp)
		Unaligned bases: 16715  total: 241741

CONTIG: scf7180000000458 (998bp)
		This contig is unaligned. (998 bp)
		Unaligned bases: 998  total: 242739

CONTIG: scf7180000000580 (4674bp)
		This contig is unaligned. (4674 bp)
		Unaligned bases: 4674  total: 247413

CONTIG: scf7180000000469 (969bp)
		This contig is unaligned. (969 bp)
		Unaligned bases: 969  total: 248382

CONTIG: scf7180000000501 (44796bp)
		This contig is unaligned. (44796 bp)
		Unaligned bases: 44796  total: 293178

CONTIG: scf7180000000500 (3597bp)
		This contig is unaligned. (3597 bp)
		Unaligned bases: 3597  total: 296775

CONTIG: scf7180000000468 (825bp)
		This contig is unaligned. (825 bp)
		Unaligned bases: 825  total: 297600

CONTIG: scf7180000000502 (2047bp)
		This contig is unaligned. (2047 bp)
		Unaligned bases: 2047  total: 299647

CONTIG: scf7180000000504 (695bp)
		This contig is unaligned. (695 bp)
		Unaligned bases: 695  total: 300342

CONTIG: scf7180000000507 (177955bp)
		This contig is unaligned. (177955 bp)
		Unaligned bases: 177955  total: 478297

CONTIG: scf7180000000506 (246438bp)
Top Length: 96  Top ID: 98.96
		This contig is partially unaligned. (96 out of 246438)
		Alignment: 809109 809204 | 59 154 | 96 96 | 98.96 | gi|117617447|ref|NC_008570.1|_Aeromonas_hydrophila_subsp._hydrophila_ATCC_7966_chromosome__complete_genome scf7180000000506
		Unaligned bases: 1 to 58 (58)
		Unaligned bases: 155 to 246438 (246284)

CONTIG: scf7180000000462 (1478bp)
		This contig is unaligned. (1478 bp)
		Unaligned bases: 1478  total: 479775

CONTIG: scf7180000000508 (7293bp)
		This contig is unaligned. (7293 bp)
		Unaligned bases: 7293  total: 487068

CONTIG: scf7180000000460 (1035bp)
		This contig is unaligned. (1035 bp)
		Unaligned bases: 1035  total: 488103

CONTIG: scf7180000000461 (65695bp)
		This contig is unaligned. (65695 bp)
		Unaligned bases: 65695  total: 553798

CONTIG: scf7180000000466 (2762bp)
		This contig is unaligned. (2762 bp)
		Unaligned bases: 2762  total: 556560

CONTIG: scf7180000000467 (697bp)
		This contig is unaligned. (697 bp)
		Unaligned bases: 697  total: 557257

CONTIG: scf7180000000465 (1280bp)
		This contig is unaligned. (1280 bp)
		Unaligned bases: 1280  total: 558537

CONTIG: scf7180000000509 (3754bp)
		This contig is unaligned. (3754 bp)
		Unaligned bases: 3754  total: 562291

CONTIG: scf7180000000463 (2632bp)
		This contig is unaligned. (2632 bp)
		Unaligned bases: 2632  total: 564923

CONTIG: scf7180000000480 (874bp)
		This contig is unaligned. (874 bp)
		Unaligned bases: 874  total: 565797

CONTIG: scf7180000000481 (731bp)
		This contig is unaligned. (731 bp)
		Unaligned bases: 731  total: 566528

CONTIG: scf7180000000482 (2972bp)
		This contig is unaligned. (2972 bp)
		Unaligned bases: 2972  total: 569500

CONTIG: scf7180000000483 (1035bp)
		This contig is unaligned. (1035 bp)
		Unaligned bases: 1035  total: 570535

CONTIG: scf7180000000484 (9110bp)
		This contig is unaligned. (9110 bp)
		Unaligned bases: 9110  total: 579645

CONTIG: scf7180000000485 (1760bp)
		This contig is unaligned. (1760 bp)
		Unaligned bases: 1760  total: 581405

CONTIG: scf7180000000486 (967bp)
		This contig is unaligned. (967 bp)
		Unaligned bases: 967  total: 582372

CONTIG: scf7180000000487 (9559bp)
		This contig is unaligned. (9559 bp)
		Unaligned bases: 9559  total: 591931

CONTIG: scf7180000000489 (1745bp)
		This contig is unaligned. (1745 bp)
		Unaligned bases: 1745  total: 593676

CONTIG: scf7180000000574 (4723bp)
		This contig is unaligned. (4723 bp)
		Unaligned bases: 4723  total: 598399

CONTIG: scf7180000000575 (22767bp)
		This contig is unaligned. (22767 bp)
		Unaligned bases: 22767  total: 621166

CONTIG: scf7180000000576 (2968bp)
		This contig is unaligned. (2968 bp)
		Unaligned bases: 2968  total: 624134

CONTIG: scf7180000000577 (2841bp)
		This contig is unaligned. (2841 bp)
		Unaligned bases: 2841  total: 626975

CONTIG: scf7180000000479 (1437bp)
		This contig is unaligned. (1437 bp)
		Unaligned bases: 1437  total: 628412

CONTIG: scf7180000000478 (24147bp)
		This contig is unaligned. (24147 bp)
		Unaligned bases: 24147  total: 652559

CONTIG: scf7180000000572 (1252bp)
		This contig is unaligned. (1252 bp)
		Unaligned bases: 1252  total: 653811

CONTIG: scf7180000000573 (2359bp)
		This contig is unaligned. (2359 bp)
		Unaligned bases: 2359  total: 656170

CONTIG: scf7180000000475 (1805bp)
		This contig is unaligned. (1805 bp)
		Unaligned bases: 1805  total: 657975

CONTIG: scf7180000000474 (47043bp)
		This contig is unaligned. (47043 bp)
		Unaligned bases: 47043  total: 705018

CONTIG: scf7180000000477 (1819bp)
		This contig is unaligned. (1819 bp)
		Unaligned bases: 1819  total: 706837

CONTIG: scf7180000000476 (1145bp)
		This contig is unaligned. (1145 bp)
		Unaligned bases: 1145  total: 707982

CONTIG: scf7180000000471 (46649bp)
		This contig is unaligned. (46649 bp)
		Unaligned bases: 46649  total: 754631

CONTIG: scf7180000000470 (40568bp)
		This contig is unaligned. (40568 bp)
		Unaligned bases: 40568  total: 795199

CONTIG: scf7180000000473 (2013bp)
		This contig is unaligned. (2013 bp)
		Unaligned bases: 2013  total: 797212

CONTIG: scf7180000000472 (705bp)
		This contig is unaligned. (705 bp)
		Unaligned bases: 705  total: 797917

CONTIG: scf7180000000493 (6084bp)
		This contig is unaligned. (6084 bp)
		Unaligned bases: 6084  total: 804001

CONTIG: scf7180000000492 (9235bp)
		This contig is unaligned. (9235 bp)
		Unaligned bases: 9235  total: 813236

CONTIG: scf7180000000491 (17332bp)
		This contig is unaligned. (17332 bp)
		Unaligned bases: 17332  total: 830568

CONTIG: scf7180000000490 (20152bp)
		This contig is unaligned. (20152 bp)
		Unaligned bases: 20152  total: 850720

CONTIG: scf7180000000497 (1391bp)
		This contig is unaligned. (1391 bp)
		Unaligned bases: 1391  total: 852111

CONTIG: scf7180000000496 (2047bp)
		This contig is unaligned. (2047 bp)
		Unaligned bases: 2047  total: 854158

CONTIG: scf7180000000495 (3579bp)
		This contig is unaligned. (3579 bp)
		Unaligned bases: 3579  total: 857737

CONTIG: scf7180000000494 (4185bp)
		This contig is unaligned. (4185 bp)
		Unaligned bases: 4185  total: 861922

CONTIG: scf7180000000499 (63983bp)
		This contig is unaligned. (63983 bp)
		Unaligned bases: 63983  total: 925905

CONTIG: scf7180000000498 (80140bp)
		This contig is unaligned. (80140 bp)
		Unaligned bases: 80140  total: 1006045

CONTIG: scf7180000000419 (19194bp)
		This contig is unaligned. (19194 bp)
		Unaligned bases: 19194  total: 1025239

CONTIG: scf7180000000567 (683bp)
		This contig is unaligned. (683 bp)
		Unaligned bases: 683  total: 1025922

CONTIG: scf7180000000566 (832bp)
		This contig is unaligned. (832 bp)
		Unaligned bases: 832  total: 1026754

CONTIG: scf7180000000565 (1243bp)
		This contig is unaligned. (1243 bp)
		Unaligned bases: 1243  total: 1027997

CONTIG: scf7180000000564 (2878bp)
		This contig is unaligned. (2878 bp)
		Unaligned bases: 2878  total: 1030875

CONTIG: scf7180000000563 (966bp)
		This contig is unaligned. (966 bp)
		Unaligned bases: 966  total: 1031841

CONTIG: scf7180000000562 (3968bp)
		This contig is unaligned. (3968 bp)
		Unaligned bases: 3968  total: 1035809

CONTIG: scf7180000000561 (1510bp)
		This contig is unaligned. (1510 bp)
		Unaligned bases: 1510  total: 1037319

CONTIG: scf7180000000560 (599bp)
		This contig is unaligned. (599 bp)
		Unaligned bases: 599  total: 1037918

CONTIG: scf7180000000569 (2071bp)
		This contig is unaligned. (2071 bp)
		Unaligned bases: 2071  total: 1039989

CONTIG: scf7180000000568 (921bp)
		This contig is unaligned. (921 bp)
		Unaligned bases: 921  total: 1040910

CONTIG: scf7180000000570 (1632bp)
		This contig is unaligned. (1632 bp)
		Unaligned bases: 1632  total: 1042542

CONTIG: scf7180000000428 (98129bp)
		This contig is unaligned. (98129 bp)
		Unaligned bases: 98129  total: 1140671

CONTIG: scf7180000000429 (29129bp)
		This contig is unaligned. (29129 bp)
		Unaligned bases: 29129  total: 1169800

CONTIG: scf7180000000426 (45141bp)
		This contig is unaligned. (45141 bp)
		Unaligned bases: 45141  total: 1214941

CONTIG: scf7180000000427 (112863bp)
Top Length: 96  Top ID: 98.96
		This contig is partially unaligned. (96 out of 112863)
		Alignment: 809109 809204 | 274 369 | 96 96 | 98.96 | gi|117617447|ref|NC_008570.1|_Aeromonas_hydrophila_subsp._hydrophila_ATCC_7966_chromosome__complete_genome scf7180000000427
		Unaligned bases: 1 to 273 (273)
		Unaligned bases: 370 to 112863 (112494)

CONTIG: scf7180000000424 (117309bp)
		This contig is unaligned. (117309 bp)
		Unaligned bases: 117309  total: 1332250

CONTIG: scf7180000000425 (663bp)
		This contig is unaligned. (663 bp)
		Unaligned bases: 663  total: 1332913

CONTIG: scf7180000000422 (76131bp)
Top Length: 80  Top ID: 97.5
		Skipping redundant alignments after choosing the best set of alignments
		Skipping [163365][163443] redundant alignment 163365 163443 | 96 17 | 79 80 | 97.5 | gi|117617447|ref|NC_008570.1|_Aeromonas_hydrophila_subsp._hydrophila_ATCC_7966_chromosome__complete_genome scf7180000000422
		Skipping [163365][163443] redundant alignment 163365 163443 | 76036 76115 | 79 80 | 97.5 | gi|117617447|ref|NC_008570.1|_Aeromonas_hydrophila_subsp._hydrophila_ATCC_7966_chromosome__complete_genome scf7180000000422
		Skipping [214900][214978] redundant alignment 214900 214978 | 96 17 | 79 80 | 97.5 | gi|117617447|ref|NC_008570.1|_Aeromonas_hydrophila_subsp._hydrophila_ATCC_7966_chromosome__complete_genome scf7180000000422
		Skipping [214900][214978] redundant alignment 214900 214978 | 76036 76115 | 79 80 | 97.5 | gi|117617447|ref|NC_008570.1|_Aeromonas_hydrophila_subsp._hydrophila_ATCC_7966_chromosome__complete_genome scf7180000000422
		Skipping [349939][350017] redundant alignment 349939 350017 | 96 17 | 79 80 | 97.5 | gi|117617447|ref|NC_008570.1|_Aeromonas_hydrophila_subsp._hydrophila_ATCC_7966_chromosome__complete_genome scf7180000000422
		Skipping [349939][350017] redundant alignment 349939 350017 | 76036 76115 | 79 80 | 97.5 | gi|117617447|ref|NC_008570.1|_Aeromonas_hydrophila_subsp._hydrophila_ATCC_7966_chromosome__complete_genome scf7180000000422
		Skipping [803836][803914] redundant alignment 803836 803914 | 96 17 | 79 80 | 97.5 | gi|117617447|ref|NC_008570.1|_Aeromonas_hydrophila_subsp._hydrophila_ATCC_7966_chromosome__complete_genome scf7180000000422
		Skipping [803836][803914] redundant alignment 803836 803914 | 76036 76115 | 79 80 | 97.5 | gi|117617447|ref|NC_008570.1|_Aeromonas_hydrophila_subsp._hydrophila_ATCC_7966_chromosome__complete_genome scf7180000000422
		Skipping [933013][933091] redundant alignment 933013 933091 | 96 17 | 79 80 | 97.5 | gi|117617447|ref|NC_008570.1|_Aeromonas_hydrophila_subsp._hydrophila_ATCC_7966_chromosome__complete_genome scf7180000000422
		Skipping [933013][933091] redundant alignment 933013 933091 | 76036 76115 | 79 80 | 97.5 | gi|117617447|ref|NC_008570.1|_Aeromonas_hydrophila_subsp._hydrophila_ATCC_7966_chromosome__complete_genome scf7180000000422
		Skipping [3956684][3956762] redundant alignment 3956684 3956762 | 17 96 | 79 80 | 97.5 | gi|117617447|ref|NC_008570.1|_Aeromonas_hydrophila_subsp._hydrophila_ATCC_7966_chromosome__complete_genome scf7180000000422
		Skipping [3956684][3956762] redundant alignment 3956684 3956762 | 76115 76036 | 79 80 | 97.5 | gi|117617447|ref|NC_008570.1|_Aeromonas_hydrophila_subsp._hydrophila_ATCC_7966_chromosome__complete_genome scf7180000000422
		Skipping [4371351][4371429] redundant alignment 4371351 4371429 | 17 96 | 79 80 | 97.5 | gi|117617447|ref|NC_008570.1|_Aeromonas_hydrophila_subsp._hydrophila_ATCC_7966_chromosome__complete_genome scf7180000000422
		Skipping [4371351][4371429] redundant alignment 4371351 4371429 | 76115 76036 | 79 80 | 97.5 | gi|117617447|ref|NC_008570.1|_Aeromonas_hydrophila_subsp._hydrophila_ATCC_7966_chromosome__complete_genome scf7180000000422
		Skipping [4454373][4454451] redundant alignment 4454373 4454451 | 17 96 | 79 80 | 97.5 | gi|117617447|ref|NC_008570.1|_Aeromonas_hydrophila_subsp._hydrophila_ATCC_7966_chromosome__complete_genome scf7180000000422
		Skipping [4454373][4454451] redundant alignment 4454373 4454451 | 76115 76036 | 79 80 | 97.5 | gi|117617447|ref|NC_008570.1|_Aeromonas_hydrophila_subsp._hydrophila_ATCC_7966_chromosome__complete_genome scf7180000000422
		Skipping [4702802][4702880] redundant alignment 4702802 4702880 | 17 96 | 79 80 | 97.5 | gi|117617447|ref|NC_008570.1|_Aeromonas_hydrophila_subsp._hydrophila_ATCC_7966_chromosome__complete_genome scf7180000000422
		Skipping [4702802][4702880] redundant alignment 4702802 4702880 | 76115 76036 | 79 80 | 97.5 | gi|117617447|ref|NC_008570.1|_Aeromonas_hydrophila_subsp._hydrophila_ATCC_7966_chromosome__complete_genome scf7180000000422
		This contig is misassembled. 20 total aligns.
			Warning! This contig is more unaligned than misassembled. Contig length is 76131 and total length of all aligns is 160
		Alignment: 85167 85245 | 96 17 | 79 80 | 97.5 | gi|117617447|ref|NC_008570.1|_Aeromonas_hydrophila_subsp._hydrophila_ATCC_7966_chromosome__complete_genome scf7180000000422
		Alignment: 85167 85245 | 76036 76115 | 79 80 | 97.5 | gi|117617447|ref|NC_008570.1|_Aeromonas_hydrophila_subsp._hydrophila_ATCC_7966_chromosome__complete_genome scf7180000000422
		Unaligned bases: 75971
CONTIG: scf7180000000423 (3513bp)
Top Length: 96  Top ID: 98.96
		Skipping redundant alignment 355167 355258 | 3373 3282 | 92 92 | 100.0 | gi|117617447|ref|NC_008570.1|_Aeromonas_hydrophila_subsp._hydrophila_ATCC_7966_chromosome__complete_genome scf7180000000423
		Skipping redundant alignment 4449168 4449259 | 3282 3373 | 92 92 | 100.0 | gi|117617447|ref|NC_008570.1|_Aeromonas_hydrophila_subsp._hydrophila_ATCC_7966_chromosome__complete_genome scf7180000000423
		Skipping redundant alignment 4697518 4697609 | 3282 3373 | 92 92 | 100.0 | gi|117617447|ref|NC_008570.1|_Aeromonas_hydrophila_subsp._hydrophila_ATCC_7966_chromosome__complete_genome scf7180000000423
		This contig is partially unaligned. (96 out of 3513)
		Alignment: 809109 809204 | 3373 3278 | 96 96 | 98.96 | gi|117617447|ref|NC_008570.1|_Aeromonas_hydrophila_subsp._hydrophila_ATCC_7966_chromosome__complete_genome scf7180000000423
		Unaligned bases: 1 to 3277 (3277)
		Unaligned bases: 3374 to 3513 (140)

CONTIG: scf7180000000420 (1239bp)
		This contig is unaligned. (1239 bp)
		Unaligned bases: 1239  total: 1334152

CONTIG: scf7180000000421 (155187bp)
		This contig is unaligned. (155187 bp)
		Unaligned bases: 155187  total: 1489339

CONTIG: scf7180000000558 (3416bp)
		This contig is unaligned. (3416 bp)
		Unaligned bases: 3416  total: 1492755

CONTIG: scf7180000000559 (715bp)
		This contig is unaligned. (715 bp)
		Unaligned bases: 715  total: 1493470

CONTIG: scf7180000000552 (2632bp)
		This contig is unaligned. (2632 bp)
		Unaligned bases: 2632  total: 1496102

CONTIG: scf7180000000553 (1263bp)
		This contig is unaligned. (1263 bp)
		Unaligned bases: 1263  total: 1497365

CONTIG: scf7180000000550 (14811bp)
		This contig is unaligned. (14811 bp)
		Unaligned bases: 14811  total: 1512176

CONTIG: scf7180000000551 (11929bp)
		This contig is unaligned. (11929 bp)
		Unaligned bases: 11929  total: 1524105

CONTIG: scf7180000000556 (673bp)
		This contig is unaligned. (673 bp)
		Unaligned bases: 673  total: 1524778

CONTIG: scf7180000000554 (4222bp)
		This contig is unaligned. (4222 bp)
		Unaligned bases: 4222  total: 1529000

CONTIG: scf7180000000555 (3537bp)
		This contig is unaligned. (3537 bp)
		Unaligned bases: 3537  total: 1532537

CONTIG: scf7180000000571 (10290bp)
		This contig is unaligned. (10290 bp)
		Unaligned bases: 10290  total: 1542827

CONTIG: scf7180000000538 (16042bp)
		This contig is unaligned. (16042 bp)
		Unaligned bases: 16042  total: 1558869

CONTIG: scf7180000000539 (8366bp)
		This contig is unaligned. (8366 bp)
		Unaligned bases: 8366  total: 1567235

CONTIG: scf7180000000530 (34879bp)
		This contig is unaligned. (34879 bp)
		Unaligned bases: 34879  total: 1602114

CONTIG: scf7180000000531 (20547bp)
		This contig is unaligned. (20547 bp)
		Unaligned bases: 20547  total: 1622661

CONTIG: scf7180000000532 (100995bp)
		This contig is unaligned. (100995 bp)
		Unaligned bases: 100995  total: 1723656

CONTIG: scf7180000000533 (2796bp)
		This contig is unaligned. (2796 bp)
		Unaligned bases: 2796  total: 1726452

CONTIG: scf7180000000534 (31343bp)
		This contig is unaligned. (31343 bp)
		Unaligned bases: 31343  total: 1757795

CONTIG: scf7180000000535 (52732bp)
		This contig is unaligned. (52732 bp)
		Unaligned bases: 52732  total: 1810527

CONTIG: scf7180000000536 (79950bp)
		This contig is unaligned. (79950 bp)
		Unaligned bases: 79950  total: 1890477

CONTIG: scf7180000000537 (26266bp)
		This contig is unaligned. (26266 bp)
		Unaligned bases: 26266  total: 1916743

CONTIG: scf7180000000549 (54754bp)
		This contig is unaligned. (54754 bp)
		Unaligned bases: 54754  total: 1971497

CONTIG: scf7180000000548 (3113bp)
		This contig is unaligned. (3113 bp)
		Unaligned bases: 3113  total: 1974610

CONTIG: scf7180000000545 (2514bp)
		This contig is unaligned. (2514 bp)
		Unaligned bases: 2514  total: 1977124

CONTIG: scf7180000000544 (1091bp)
		This contig is unaligned. (1091 bp)
		Unaligned bases: 1091  total: 1978215

CONTIG: scf7180000000547 (1409bp)
		This contig is unaligned. (1409 bp)
		Unaligned bases: 1409  total: 1979624

CONTIG: scf7180000000546 (609bp)
		This contig is unaligned. (609 bp)
		Unaligned bases: 609  total: 1980233

CONTIG: scf7180000000541 (4733bp)
		This contig is unaligned. (4733 bp)
		Unaligned bases: 4733  total: 1984966

CONTIG: scf7180000000540 (1333bp)
		This contig is unaligned. (1333 bp)
		Unaligned bases: 1333  total: 1986299

CONTIG: scf7180000000543 (1379bp)
		This contig is unaligned. (1379 bp)
		Unaligned bases: 1379  total: 1987678

CONTIG: scf7180000000542 (4836bp)
		This contig is unaligned. (4836 bp)
		Unaligned bases: 4836  total: 1992514

CONTIG: scf7180000000529 (568bp)
		This contig is unaligned. (568 bp)
		Unaligned bases: 568  total: 1993082

CONTIG: scf7180000000528 (16793bp)
		This contig is unaligned. (16793 bp)
		Unaligned bases: 16793  total: 2009875

CONTIG: scf7180000000523 (47754bp)
		This contig is unaligned. (47754 bp)
		Unaligned bases: 47754  total: 2057629

CONTIG: scf7180000000522 (2047bp)
		This contig is unaligned. (2047 bp)
		Unaligned bases: 2047  total: 2059676

CONTIG: scf7180000000521 (60576bp)
		This contig is unaligned. (60576 bp)
		Unaligned bases: 60576  total: 2120252

CONTIG: scf7180000000520 (2047bp)
		This contig is unaligned. (2047 bp)
		Unaligned bases: 2047  total: 2122299

CONTIG: scf7180000000527 (53750bp)
		This contig is unaligned. (53750 bp)
		Unaligned bases: 53750  total: 2176049

CONTIG: scf7180000000526 (19135bp)
		This contig is unaligned. (19135 bp)
		Unaligned bases: 19135  total: 2195184

CONTIG: scf7180000000525 (32312bp)
		This contig is unaligned. (32312 bp)
		Unaligned bases: 32312  total: 2227496

CONTIG: scf7180000000524 (15634bp)
		This contig is unaligned. (15634 bp)
		Unaligned bases: 15634  total: 2243130

CONTIG: scf7180000000430 (1437bp)
		This contig is unaligned. (1437 bp)
		Unaligned bases: 1437  total: 2244567

CONTIG: scf7180000000433 (154073bp)
		This contig is unaligned. (154073 bp)
		Unaligned bases: 154073  total: 2398640

CONTIG: scf7180000000435 (2047bp)
		This contig is unaligned. (2047 bp)
		Unaligned bases: 2047  total: 2400687

CONTIG: scf7180000000434 (9083bp)
		This contig is unaligned. (9083 bp)
		Unaligned bases: 9083  total: 2409770

CONTIG: scf7180000000436 (6340bp)
		This contig is unaligned. (6340 bp)
		Unaligned bases: 6340  total: 2416110

CONTIG: scf7180000000439 (8316bp)
		This contig is unaligned. (8316 bp)
		Unaligned bases: 8316  total: 2424426

CONTIG: scf7180000000438 (2089bp)
		This contig is unaligned. (2089 bp)
		Unaligned bases: 2089  total: 2426515

CONTIG: scf7180000000590 (57151bp)
		This contig is unaligned. (57151 bp)
		Unaligned bases: 57151  total: 2483666

CONTIG: scf7180000000591 (255146bp)
		This contig is unaligned. (255146 bp)
		Unaligned bases: 255146  total: 2738812

CONTIG: scf7180000000518 (56371bp)
		This contig is unaligned. (56371 bp)
		Unaligned bases: 56371  total: 2795183

CONTIG: scf7180000000519 (51616bp)
		This contig is unaligned. (51616 bp)
		Unaligned bases: 51616  total: 2846799

CONTIG: scf7180000000516 (6269bp)
Top Length: 96  Top ID: 98.96
		This contig is misassembled. 2 total aligns.
			Warning! This contig is more unaligned than misassembled. Contig length is 6269 and total length of all aligns is 171
		Alignment: 809109 809204 | 3 98 | 96 96 | 98.96 | gi|117617447|ref|NC_008570.1|_Aeromonas_hydrophila_subsp._hydrophila_ATCC_7966_chromosome__complete_genome scf7180000000516
		Alignment: 3414420 3414494 | 5790 5716 | 75 75 | 100.0 | gi|117617447|ref|NC_008570.1|_Aeromonas_hydrophila_subsp._hydrophila_ATCC_7966_chromosome__complete_genome scf7180000000516
		Unaligned bases: 6098
CONTIG: scf7180000000517 (45736bp)
		This contig is unaligned. (45736 bp)
		Unaligned bases: 45736  total: 2892535

CONTIG: scf7180000000514 (30529bp)
		This contig is unaligned. (30529 bp)
		Unaligned bases: 30529  total: 2923064

CONTIG: scf7180000000515 (116432bp)
		This contig is unaligned. (116432 bp)
		Unaligned bases: 116432  total: 3039496

CONTIG: scf7180000000512 (19597bp)
		This contig is unaligned. (19597 bp)
		Unaligned bases: 19597  total: 3059093

CONTIG: scf7180000000513 (27836bp)
		This contig is unaligned. (27836 bp)
		Unaligned bases: 27836  total: 3086929

CONTIG: scf7180000000510 (63573bp)
		This contig is unaligned. (63573 bp)
		Unaligned bases: 63573  total: 3150502

CONTIG: scf7180000000511 (40335bp)
		This contig is unaligned. (40335 bp)
		Unaligned bases: 40335  total: 3190837

CONTIG: scf7180000000444 (2047bp)
		This contig is unaligned. (2047 bp)
		Unaligned bases: 2047  total: 3192884

CONTIG: scf7180000000446 (105536bp)
		This contig is unaligned. (105536 bp)
		Unaligned bases: 105536  total: 3298420

CONTIG: scf7180000000447 (2059bp)
		This contig is unaligned. (2059 bp)
		Unaligned bases: 2059  total: 3300479

CONTIG: scf7180000000440 (2824bp)
		This contig is unaligned. (2824 bp)
		Unaligned bases: 2824  total: 3303303

CONTIG: scf7180000000441 (30522bp)
		This contig is unaligned. (30522 bp)
		Unaligned bases: 30522  total: 3333825

CONTIG: scf7180000000442 (8913bp)
		This contig is unaligned. (8913 bp)
		Unaligned bases: 8913  total: 3342738

CONTIG: scf7180000000443 (10699bp)
		This contig is unaligned. (10699 bp)
		Unaligned bases: 10699  total: 3353437

CONTIG: scf7180000000448 (49573bp)
		This contig is unaligned. (49573 bp)
		Unaligned bases: 49573  total: 3403010

CONTIG: scf7180000000449 (110446bp)
		This contig is unaligned. (110446 bp)
		Unaligned bases: 110446  total: 3513456

Analyzing coverage...
Writing SNPs into /software/galaxy/master/sabbai/galaxy-dist/database/job_working_directory/002/2323/dataset_2405_files/Combined_dataset/contigs_reports/nucmer_output/MaSuRCA_miseq_scf.used_snps
	Reference gi|117617447|ref|NC_008570.1|_Aeromonas_hydrophila_subsp._hydrophila_ATCC_7966_chromosome__complete_genome: 4 total alignments. 1 total regions.
		Region: 1 to 4744448 (4744448 bp)
			START in gap: 1 to 809109 (809108 bp)
			Align 1: 809109 809204 scf7180000000506 59 154
				The next alignment (809109 809204 scf7180000000427 274 369) is redundant. Skipping.
				The next alignment (809109 809204 scf7180000000423 3373 3278) is redundant. Skipping.
				Gap between this and next alignment: 809204 to 4476056 (3666851 bp)
				Next Alignment: 4476056 4476138 scf7180000000451 13534 13616

			Align 4: 4476056 4476138 scf7180000000451 13534 13616
			END in gap: 4476138 to 4744448 (268310 bp)

Analysis is finished!
Founded SNPs were written into /software/galaxy/master/sabbai/galaxy-dist/database/job_working_directory/002/2323/dataset_2405_files/Combined_dataset/contigs_reports/nucmer_output/MaSuRCA_miseq_scf.used_snps

Results:
	Local Misassemblies: 0
	Misassemblies: 0
		Relocations: 0
		Translocations: 0
		Inversions: 0
	Misassembled Contigs: 0
	Misassembled Contig Bases: 0
	Misassmblies Inter-Contig Overlap: 0
Uncovered Regions: 0 (0)
Unaligned Contigs: 157 + 6 part
Partially Unaligned Contigs with Misassemblies: 2
Unaligned Contig Bases: 4030059

Ambiguously Mapped Contigs: 0
Total Bases in Ambiguously Mapped Contigs: 0
Note that --allow-ambiguity option was set to "one" and only first alignment per each contig was used.

	Covered Bases: 179

	SNPs: 3
	Insertions: 0
	Deletions: 0

	Positive Gaps: 3
		Internal Gaps:  0
		External Gaps:  3
		External Gap Total:  4744269
		External Gap Average: 1581423
	Negative Gaps: 0
		Internal Overlaps:  0
		External Overlaps:  0
		External Overlaps Total:  0
		External Overlaps Average: 0
	Contigs with Redundant Alignments: 1 (192)
