Aligning contigs to reference...
	Running Nucmer...
Parsing coords...
Loading Assembly...
Loading reference...
	Loaded [gi|117617447|ref|NC_008570.1|_Aeromonas_hydrophila_subsp._hydrophila_ATCC_7966_chromosome__complete_genome]
Loading SNPs...
Loading regions...
	No regions given, using whole reference.
	Total Regions: 1
	Total Region Length: 4744448
Analyzing contigs...
CONTIG: ctg7180000000283 (731bp)
		This contig is unaligned. (731 bp)
		Unaligned bases: 731  total: 731

CONTIG: ctg7180000000233 (9083bp)
		This contig is unaligned. (9083 bp)
		Unaligned bases: 9083  total: 9814

CONTIG: ctg7180000000232 (154073bp)
		This contig is unaligned. (154073 bp)
		Unaligned bases: 154073  total: 163887

CONTIG: ctg7180000000237 (2089bp)
		This contig is unaligned. (2089 bp)
		Unaligned bases: 2089  total: 165976

CONTIG: ctg7180000000235 (6340bp)
		This contig is unaligned. (6340 bp)
		Unaligned bases: 6340  total: 172316

CONTIG: ctg7180000000234 (2047bp)
		This contig is unaligned. (2047 bp)
		Unaligned bases: 2047  total: 174363

CONTIG: ctg7180000000239 (2824bp)
		This contig is unaligned. (2824 bp)
		Unaligned bases: 2824  total: 177187

CONTIG: ctg7180000000238 (8316bp)
		This contig is unaligned. (8316 bp)
		Unaligned bases: 8316  total: 185503

CONTIG: ctg7180000000387 (4723bp)
		This contig is unaligned. (4723 bp)
		Unaligned bases: 4723  total: 190226

CONTIG: ctg7180000000386 (2359bp)
		This contig is unaligned. (2359 bp)
		Unaligned bases: 2359  total: 192585

CONTIG: ctg7180000000385 (1252bp)
		This contig is unaligned. (1252 bp)
		Unaligned bases: 1252  total: 193837

CONTIG: ctg7180000000384 (10290bp)
		This contig is unaligned. (10290 bp)
		Unaligned bases: 10290  total: 204127

CONTIG: ctg7180000000383 (1632bp)
		This contig is unaligned. (1632 bp)
		Unaligned bases: 1632  total: 205759

CONTIG: ctg7180000000382 (2071bp)
		This contig is unaligned. (2071 bp)
		Unaligned bases: 2071  total: 207830

CONTIG: ctg7180000000381 (921bp)
		This contig is unaligned. (921 bp)
		Unaligned bases: 921  total: 208751

CONTIG: ctg7180000000380 (683bp)
		This contig is unaligned. (683 bp)
		Unaligned bases: 683  total: 209434

CONTIG: ctg7180000000388 (2841bp)
		This contig is unaligned. (2841 bp)
		Unaligned bases: 2841  total: 212275

CONTIG: ctg7180000000332 (60576bp)
		This contig is unaligned. (60576 bp)
		Unaligned bases: 60576  total: 272851

CONTIG: ctg7180000000333 (2047bp)
		This contig is unaligned. (2047 bp)
		Unaligned bases: 2047  total: 274898

CONTIG: ctg7180000000330 (51616bp)
		This contig is unaligned. (51616 bp)
		Unaligned bases: 51616  total: 326514

CONTIG: ctg7180000000331 (2047bp)
		This contig is unaligned. (2047 bp)
		Unaligned bases: 2047  total: 328561

CONTIG: ctg7180000000337 (32312bp)
		This contig is unaligned. (32312 bp)
		Unaligned bases: 32312  total: 360873

CONTIG: ctg7180000000334 (47754bp)
		This contig is unaligned. (47754 bp)
		Unaligned bases: 47754  total: 408627

CONTIG: ctg7180000000335 (15634bp)
		This contig is unaligned. (15634 bp)
		Unaligned bases: 15634  total: 424261

CONTIG: ctg7180000000338 (19135bp)
		This contig is unaligned. (19135 bp)
		Unaligned bases: 19135  total: 443396

CONTIG: ctg7180000000339 (53750bp)
		This contig is unaligned. (53750 bp)
		Unaligned bases: 53750  total: 497146

CONTIG: ctg7180000000371 (3416bp)
		This contig is unaligned. (3416 bp)
		Unaligned bases: 3416  total: 500562

CONTIG: ctg7180000000219 (1239bp)
		This contig is unaligned. (1239 bp)
		Unaligned bases: 1239  total: 501801

CONTIG: ctg7180000000218 (19194bp)
		This contig is unaligned. (19194 bp)
		Unaligned bases: 19194  total: 520995

CONTIG: ctg7180000000354 (1379bp)
		This contig is unaligned. (1379 bp)
		Unaligned bases: 1379  total: 522374

CONTIG: ctg7180000000356 (1091bp)
		This contig is unaligned. (1091 bp)
		Unaligned bases: 1091  total: 523465

CONTIG: ctg7180000000358 (2514bp)
		This contig is unaligned. (2514 bp)
		Unaligned bases: 2514  total: 525979

CONTIG: ctg7180000000359 (609bp)
		This contig is unaligned. (609 bp)
		Unaligned bases: 609  total: 526588

CONTIG: ctg7180000000325 (6269bp)
Top Length: 96  Top ID: 98.96
		This contig is misassembled. 2 total aligns.
			Warning! This contig is more unaligned than misassembled. Contig length is 6269 and total length of all aligns is 171
		Alignment: 809109 809204 | 3 98 | 96 96 | 98.96 | gi|117617447|ref|NC_008570.1|_Aeromonas_hydrophila_subsp._hydrophila_ATCC_7966_chromosome__complete_genome ctg7180000000325
		Alignment: 3414420 3414494 | 5790 5716 | 75 75 | 100.0 | gi|117617447|ref|NC_008570.1|_Aeromonas_hydrophila_subsp._hydrophila_ATCC_7966_chromosome__complete_genome ctg7180000000325
		Unaligned bases: 6098
CONTIG: ctg7180000000327 (45736bp)
		This contig is unaligned. (45736 bp)
		Unaligned bases: 45736  total: 572324

CONTIG: ctg7180000000321 (116432bp)
		This contig is unaligned. (116432 bp)
		Unaligned bases: 116432  total: 688756

CONTIG: ctg7180000000320 (30529bp)
		This contig is unaligned. (30529 bp)
		Unaligned bases: 30529  total: 719285

CONTIG: ctg7180000000288 (9559bp)
		This contig is unaligned. (9559 bp)
		Unaligned bases: 9559  total: 728844

CONTIG: ctg7180000000286 (1760bp)
		This contig is unaligned. (1760 bp)
		Unaligned bases: 1760  total: 730604

CONTIG: ctg7180000000287 (967bp)
		This contig is unaligned. (967 bp)
		Unaligned bases: 967  total: 731571

CONTIG: ctg7180000000284 (1035bp)
		This contig is unaligned. (1035 bp)
		Unaligned bases: 1035  total: 732606

CONTIG: ctg7180000000285 (9110bp)
		This contig is unaligned. (9110 bp)
		Unaligned bases: 9110  total: 741716

CONTIG: ctg7180000000282 (874bp)
		This contig is unaligned. (874 bp)
		Unaligned bases: 874  total: 742590

CONTIG: ctg7180000000328 (56371bp)
		This contig is unaligned. (56371 bp)
		Unaligned bases: 56371  total: 798961

CONTIG: ctg7180000000280 (1819bp)
		This contig is unaligned. (1819 bp)
		Unaligned bases: 1819  total: 800780

CONTIG: ctg7180000000281 (24147bp)
		This contig is unaligned. (24147 bp)
		Unaligned bases: 24147  total: 824927

CONTIG: ctg7180000000378 (1243bp)
		This contig is unaligned. (1243 bp)
		Unaligned bases: 1243  total: 826170

CONTIG: ctg7180000000379 (832bp)
		This contig is unaligned. (832 bp)
		Unaligned bases: 832  total: 827002

CONTIG: ctg7180000000343 (20547bp)
		This contig is unaligned. (20547 bp)
		Unaligned bases: 20547  total: 847549

CONTIG: ctg7180000000342 (34879bp)
		This contig is unaligned. (34879 bp)
		Unaligned bases: 34879  total: 882428

CONTIG: ctg7180000000341 (568bp)
		This contig is unaligned. (568 bp)
		Unaligned bases: 568  total: 882996

CONTIG: ctg7180000000340 (16793bp)
		This contig is unaligned. (16793 bp)
		Unaligned bases: 16793  total: 899789

CONTIG: ctg7180000000347 (52732bp)
		This contig is unaligned. (52732 bp)
		Unaligned bases: 52732  total: 952521

CONTIG: ctg7180000000269 (697bp)
		This contig is unaligned. (697 bp)
		Unaligned bases: 697  total: 953218

CONTIG: ctg7180000000345 (2796bp)
		This contig is unaligned. (2796 bp)
		Unaligned bases: 2796  total: 956014

CONTIG: ctg7180000000344 (100995bp)
		This contig is unaligned. (100995 bp)
		Unaligned bases: 100995  total: 1057009

CONTIG: ctg7180000000266 (1280bp)
		This contig is unaligned. (1280 bp)
		Unaligned bases: 1280  total: 1058289

CONTIG: ctg7180000000267 (2762bp)
		This contig is unaligned. (2762 bp)
		Unaligned bases: 2762  total: 1061051

CONTIG: ctg7180000000260 (65695bp)
		This contig is unaligned. (65695 bp)
		Unaligned bases: 65695  total: 1126746

CONTIG: ctg7180000000261 (1478bp)
		This contig is unaligned. (1478 bp)
		Unaligned bases: 1478  total: 1128224

CONTIG: ctg7180000000263 (2632bp)
		This contig is unaligned. (2632 bp)
		Unaligned bases: 2632  total: 1130856

CONTIG: ctg7180000000291 (1745bp)
		This contig is unaligned. (1745 bp)
		Unaligned bases: 1745  total: 1132601

CONTIG: ctg7180000000293 (20152bp)
		This contig is unaligned. (20152 bp)
		Unaligned bases: 20152  total: 1152753

CONTIG: ctg7180000000295 (6084bp)
		This contig is unaligned. (6084 bp)
		Unaligned bases: 6084  total: 1158837

CONTIG: ctg7180000000294 (9235bp)
		This contig is unaligned. (9235 bp)
		Unaligned bases: 9235  total: 1168072

CONTIG: ctg7180000000297 (3579bp)
		This contig is unaligned. (3579 bp)
		Unaligned bases: 3579  total: 1171651

CONTIG: ctg7180000000296 (4185bp)
		This contig is unaligned. (4185 bp)
		Unaligned bases: 4185  total: 1175836

CONTIG: ctg7180000000299 (1391bp)
		This contig is unaligned. (1391 bp)
		Unaligned bases: 1391  total: 1177227

CONTIG: ctg7180000000298 (2047bp)
		This contig is unaligned. (2047 bp)
		Unaligned bases: 2047  total: 1179274

CONTIG: ctg7180000000346 (31343bp)
		This contig is unaligned. (31343 bp)
		Unaligned bases: 31343  total: 1210617

CONTIG: ctg7180000000349 (26266bp)
		This contig is unaligned. (26266 bp)
		Unaligned bases: 26266  total: 1236883

CONTIG: ctg7180000000376 (966bp)
		This contig is unaligned. (966 bp)
		Unaligned bases: 966  total: 1237849

CONTIG: ctg7180000000377 (2878bp)
		This contig is unaligned. (2878 bp)
		Unaligned bases: 2878  total: 1240727

CONTIG: ctg7180000000374 (1510bp)
		This contig is unaligned. (1510 bp)
		Unaligned bases: 1510  total: 1242237

CONTIG: ctg7180000000375 (3968bp)
		This contig is unaligned. (3968 bp)
		Unaligned bases: 3968  total: 1246205

CONTIG: ctg7180000000372 (715bp)
		This contig is unaligned. (715 bp)
		Unaligned bases: 715  total: 1246920

CONTIG: ctg7180000000373 (599bp)
		This contig is unaligned. (599 bp)
		Unaligned bases: 599  total: 1247519

CONTIG: ctg7180000000278 (1145bp)
		This contig is unaligned. (1145 bp)
		Unaligned bases: 1145  total: 1248664

CONTIG: ctg7180000000277 (1805bp)
		This contig is unaligned. (1805 bp)
		Unaligned bases: 1805  total: 1250469

CONTIG: ctg7180000000276 (47043bp)
		This contig is unaligned. (47043 bp)
		Unaligned bases: 47043  total: 1297512

CONTIG: ctg7180000000275 (2013bp)
		This contig is unaligned. (2013 bp)
		Unaligned bases: 2013  total: 1299525

CONTIG: ctg7180000000274 (705bp)
		This contig is unaligned. (705 bp)
		Unaligned bases: 705  total: 1300230

CONTIG: ctg7180000000273 (46649bp)
		This contig is unaligned. (46649 bp)
		Unaligned bases: 46649  total: 1346879

CONTIG: ctg7180000000272 (40568bp)
		This contig is unaligned. (40568 bp)
		Unaligned bases: 40568  total: 1387447

CONTIG: ctg7180000000271 (969bp)
		This contig is unaligned. (969 bp)
		Unaligned bases: 969  total: 1388416

CONTIG: ctg7180000000270 (825bp)
		This contig is unaligned. (825 bp)
		Unaligned bases: 825  total: 1389241

CONTIG: ctg7180000000348 (79950bp)
		This contig is unaligned. (79950 bp)
		Unaligned bases: 79950  total: 1469191

CONTIG: ctg7180000000369 (673bp)
		This contig is unaligned. (673 bp)
		Unaligned bases: 673  total: 1469864

CONTIG: ctg7180000000368 (3537bp)
		This contig is unaligned. (3537 bp)
		Unaligned bases: 3537  total: 1473401

CONTIG: ctg7180000000361 (3113bp)
		This contig is unaligned. (3113 bp)
		Unaligned bases: 3113  total: 1476514

CONTIG: ctg7180000000360 (1409bp)
		This contig is unaligned. (1409 bp)
		Unaligned bases: 1409  total: 1477923

CONTIG: ctg7180000000363 (14811bp)
		This contig is unaligned. (14811 bp)
		Unaligned bases: 14811  total: 1492734

CONTIG: ctg7180000000362 (54754bp)
		This contig is unaligned. (54754 bp)
		Unaligned bases: 54754  total: 1547488

CONTIG: ctg7180000000365 (2632bp)
		This contig is unaligned. (2632 bp)
		Unaligned bases: 2632  total: 1550120

CONTIG: ctg7180000000364 (11929bp)
		This contig is unaligned. (11929 bp)
		Unaligned bases: 11929  total: 1562049

CONTIG: ctg7180000000367 (4222bp)
		This contig is unaligned. (4222 bp)
		Unaligned bases: 4222  total: 1566271

CONTIG: ctg7180000000366 (1263bp)
		This contig is unaligned. (1263 bp)
		Unaligned bases: 1263  total: 1567534

CONTIG: ctg7180000000350 (8366bp)
		This contig is unaligned. (8366 bp)
		Unaligned bases: 8366  total: 1575900

CONTIG: ctg7180000000351 (1333bp)
		This contig is unaligned. (1333 bp)
		Unaligned bases: 1333  total: 1577233

CONTIG: ctg7180000000400 (945bp)
		This contig is unaligned. (945 bp)
		Unaligned bases: 945  total: 1578178

CONTIG: ctg7180000000401 (8062bp)
		This contig is unaligned. (8062 bp)
		Unaligned bases: 8062  total: 1586240

CONTIG: ctg7180000000402 (57151bp)
		This contig is unaligned. (57151 bp)
		Unaligned bases: 57151  total: 1643391

CONTIG: ctg7180000000403 (255146bp)
		This contig is unaligned. (255146 bp)
		Unaligned bases: 255146  total: 1898537

CONTIG: ctg7180000000404 (155187bp)
		This contig is unaligned. (155187 bp)
		Unaligned bases: 155187  total: 2053724

CONTIG: ctg7180000000405 (76131bp)
Top Length: 80  Top ID: 97.5
		Skipping redundant alignments after choosing the best set of alignments
		Skipping [163365][163443] redundant alignment 163365 163443 | 96 17 | 79 80 | 97.5 | gi|117617447|ref|NC_008570.1|_Aeromonas_hydrophila_subsp._hydrophila_ATCC_7966_chromosome__complete_genome ctg7180000000405
		Skipping [163365][163443] redundant alignment 163365 163443 | 76036 76115 | 79 80 | 97.5 | gi|117617447|ref|NC_008570.1|_Aeromonas_hydrophila_subsp._hydrophila_ATCC_7966_chromosome__complete_genome ctg7180000000405
		Skipping [214900][214978] redundant alignment 214900 214978 | 96 17 | 79 80 | 97.5 | gi|117617447|ref|NC_008570.1|_Aeromonas_hydrophila_subsp._hydrophila_ATCC_7966_chromosome__complete_genome ctg7180000000405
		Skipping [214900][214978] redundant alignment 214900 214978 | 76036 76115 | 79 80 | 97.5 | gi|117617447|ref|NC_008570.1|_Aeromonas_hydrophila_subsp._hydrophila_ATCC_7966_chromosome__complete_genome ctg7180000000405
		Skipping [349939][350017] redundant alignment 349939 350017 | 96 17 | 79 80 | 97.5 | gi|117617447|ref|NC_008570.1|_Aeromonas_hydrophila_subsp._hydrophila_ATCC_7966_chromosome__complete_genome ctg7180000000405
		Skipping [349939][350017] redundant alignment 349939 350017 | 76036 76115 | 79 80 | 97.5 | gi|117617447|ref|NC_008570.1|_Aeromonas_hydrophila_subsp._hydrophila_ATCC_7966_chromosome__complete_genome ctg7180000000405
		Skipping [803836][803914] redundant alignment 803836 803914 | 96 17 | 79 80 | 97.5 | gi|117617447|ref|NC_008570.1|_Aeromonas_hydrophila_subsp._hydrophila_ATCC_7966_chromosome__complete_genome ctg7180000000405
		Skipping [803836][803914] redundant alignment 803836 803914 | 76036 76115 | 79 80 | 97.5 | gi|117617447|ref|NC_008570.1|_Aeromonas_hydrophila_subsp._hydrophila_ATCC_7966_chromosome__complete_genome ctg7180000000405
		Skipping [933013][933091] redundant alignment 933013 933091 | 96 17 | 79 80 | 97.5 | gi|117617447|ref|NC_008570.1|_Aeromonas_hydrophila_subsp._hydrophila_ATCC_7966_chromosome__complete_genome ctg7180000000405
		Skipping [933013][933091] redundant alignment 933013 933091 | 76036 76115 | 79 80 | 97.5 | gi|117617447|ref|NC_008570.1|_Aeromonas_hydrophila_subsp._hydrophila_ATCC_7966_chromosome__complete_genome ctg7180000000405
		Skipping [3956684][3956762] redundant alignment 3956684 3956762 | 17 96 | 79 80 | 97.5 | gi|117617447|ref|NC_008570.1|_Aeromonas_hydrophila_subsp._hydrophila_ATCC_7966_chromosome__complete_genome ctg7180000000405
		Skipping [3956684][3956762] redundant alignment 3956684 3956762 | 76115 76036 | 79 80 | 97.5 | gi|117617447|ref|NC_008570.1|_Aeromonas_hydrophila_subsp._hydrophila_ATCC_7966_chromosome__complete_genome ctg7180000000405
		Skipping [4371351][4371429] redundant alignment 4371351 4371429 | 17 96 | 79 80 | 97.5 | gi|117617447|ref|NC_008570.1|_Aeromonas_hydrophila_subsp._hydrophila_ATCC_7966_chromosome__complete_genome ctg7180000000405
		Skipping [4371351][4371429] redundant alignment 4371351 4371429 | 76115 76036 | 79 80 | 97.5 | gi|117617447|ref|NC_008570.1|_Aeromonas_hydrophila_subsp._hydrophila_ATCC_7966_chromosome__complete_genome ctg7180000000405
		Skipping [4454373][4454451] redundant alignment 4454373 4454451 | 17 96 | 79 80 | 97.5 | gi|117617447|ref|NC_008570.1|_Aeromonas_hydrophila_subsp._hydrophila_ATCC_7966_chromosome__complete_genome ctg7180000000405
		Skipping [4454373][4454451] redundant alignment 4454373 4454451 | 76115 76036 | 79 80 | 97.5 | gi|117617447|ref|NC_008570.1|_Aeromonas_hydrophila_subsp._hydrophila_ATCC_7966_chromosome__complete_genome ctg7180000000405
		Skipping [4702802][4702880] redundant alignment 4702802 4702880 | 17 96 | 79 80 | 97.5 | gi|117617447|ref|NC_008570.1|_Aeromonas_hydrophila_subsp._hydrophila_ATCC_7966_chromosome__complete_genome ctg7180000000405
		Skipping [4702802][4702880] redundant alignment 4702802 4702880 | 76115 76036 | 79 80 | 97.5 | gi|117617447|ref|NC_008570.1|_Aeromonas_hydrophila_subsp._hydrophila_ATCC_7966_chromosome__complete_genome ctg7180000000405
		This contig is misassembled. 20 total aligns.
			Warning! This contig is more unaligned than misassembled. Contig length is 76131 and total length of all aligns is 160
		Alignment: 85167 85245 | 96 17 | 79 80 | 97.5 | gi|117617447|ref|NC_008570.1|_Aeromonas_hydrophila_subsp._hydrophila_ATCC_7966_chromosome__complete_genome ctg7180000000405
		Alignment: 85167 85245 | 76036 76115 | 79 80 | 97.5 | gi|117617447|ref|NC_008570.1|_Aeromonas_hydrophila_subsp._hydrophila_ATCC_7966_chromosome__complete_genome ctg7180000000405
		Unaligned bases: 75971
CONTIG: ctg7180000000406 (45141bp)
		This contig is unaligned. (45141 bp)
		Unaligned bases: 45141  total: 2098865

CONTIG: ctg7180000000407 (105536bp)
		This contig is unaligned. (105536 bp)
		Unaligned bases: 105536  total: 2204401

CONTIG: ctg7180000000408 (57036bp)
		This contig is unaligned. (57036 bp)
		Unaligned bases: 57036  total: 2261437

CONTIG: ctg7180000000409 (1437bp)
		This contig is unaligned. (1437 bp)
		Unaligned bases: 1437  total: 2262874

CONTIG: ctg7180000000318 (19597bp)
		This contig is unaligned. (19597 bp)
		Unaligned bases: 19597  total: 2282471

CONTIG: ctg7180000000319 (27836bp)
		This contig is unaligned. (27836 bp)
		Unaligned bases: 27836  total: 2310307

CONTIG: ctg7180000000314 (177955bp)
		This contig is unaligned. (177955 bp)
		Unaligned bases: 177955  total: 2488262

CONTIG: ctg7180000000315 (7293bp)
		This contig is unaligned. (7293 bp)
		Unaligned bases: 7293  total: 2495555

CONTIG: ctg7180000000316 (3754bp)
		This contig is unaligned. (3754 bp)
		Unaligned bases: 3754  total: 2499309

CONTIG: ctg7180000000317 (40335bp)
		This contig is unaligned. (40335 bp)
		Unaligned bases: 40335  total: 2539644

CONTIG: ctg7180000000310 (695bp)
		This contig is unaligned. (695 bp)
		Unaligned bases: 695  total: 2540339

CONTIG: ctg7180000000313 (246438bp)
Top Length: 96  Top ID: 98.96
		This contig is partially unaligned. (96 out of 246438)
		Alignment: 809109 809204 | 59 154 | 96 96 | 98.96 | gi|117617447|ref|NC_008570.1|_Aeromonas_hydrophila_subsp._hydrophila_ATCC_7966_chromosome__complete_genome ctg7180000000313
		Unaligned bases: 1 to 58 (58)
		Unaligned bases: 155 to 246438 (246284)

CONTIG: ctg7180000000242 (10699bp)
		This contig is unaligned. (10699 bp)
		Unaligned bases: 10699  total: 2551038

CONTIG: ctg7180000000243 (2047bp)
		This contig is unaligned. (2047 bp)
		Unaligned bases: 2047  total: 2553085

CONTIG: ctg7180000000240 (30522bp)
		This contig is unaligned. (30522 bp)
		Unaligned bases: 30522  total: 2583607

CONTIG: ctg7180000000241 (8913bp)
		This contig is unaligned. (8913 bp)
		Unaligned bases: 8913  total: 2592520

CONTIG: ctg7180000000246 (2059bp)
		This contig is unaligned. (2059 bp)
		Unaligned bases: 2059  total: 2594579

CONTIG: ctg7180000000247 (49573bp)
		This contig is unaligned. (49573 bp)
		Unaligned bases: 49573  total: 2644152

CONTIG: ctg7180000000248 (110446bp)
		This contig is unaligned. (110446 bp)
		Unaligned bases: 110446  total: 2754598

CONTIG: ctg7180000000249 (72091bp)
Top Length: 83  Top ID: 97.59
		Skipping redundant alignment 3414420 3414494 | 13542 13616 | 75 75 | 100.0 | gi|117617447|ref|NC_008570.1|_Aeromonas_hydrophila_subsp._hydrophila_ATCC_7966_chromosome__complete_genome ctg7180000000249
		This contig is partially unaligned. (83 out of 72091)
		Alignment: 4476056 4476138 | 13534 13616 | 83 83 | 97.59 | gi|117617447|ref|NC_008570.1|_Aeromonas_hydrophila_subsp._hydrophila_ATCC_7966_chromosome__complete_genome ctg7180000000249
		Unaligned bases: 1 to 13533 (13533)
		Unaligned bases: 13617 to 72091 (58475)

CONTIG: ctg7180000000413 (63573bp)
		This contig is unaligned. (63573 bp)
		Unaligned bases: 63573  total: 2818171

CONTIG: ctg7180000000411 (17332bp)
		This contig is unaligned. (17332 bp)
		Unaligned bases: 17332  total: 2835503

CONTIG: ctg7180000000410 (2972bp)
		This contig is unaligned. (2972 bp)
		Unaligned bases: 2972  total: 2838475

CONTIG: ctg7180000000417 (22767bp)
		This contig is unaligned. (22767 bp)
		Unaligned bases: 22767  total: 2861242

CONTIG: ctg7180000000416 (4836bp)
		This contig is unaligned. (4836 bp)
		Unaligned bases: 4836  total: 2866078

CONTIG: ctg7180000000415 (4733bp)
		This contig is unaligned. (4733 bp)
		Unaligned bases: 4733  total: 2870811

CONTIG: ctg7180000000414 (16042bp)
		This contig is unaligned. (16042 bp)
		Unaligned bases: 16042  total: 2886853

CONTIG: ctg7180000000418 (2968bp)
		This contig is unaligned. (2968 bp)
		Unaligned bases: 2968  total: 2889821

CONTIG: ctg7180000000221 (3513bp)
Top Length: 96  Top ID: 98.96
		Skipping redundant alignment 355167 355258 | 3373 3282 | 92 92 | 100.0 | gi|117617447|ref|NC_008570.1|_Aeromonas_hydrophila_subsp._hydrophila_ATCC_7966_chromosome__complete_genome ctg7180000000221
		Skipping redundant alignment 4449168 4449259 | 3282 3373 | 92 92 | 100.0 | gi|117617447|ref|NC_008570.1|_Aeromonas_hydrophila_subsp._hydrophila_ATCC_7966_chromosome__complete_genome ctg7180000000221
		Skipping redundant alignment 4697518 4697609 | 3282 3373 | 92 92 | 100.0 | gi|117617447|ref|NC_008570.1|_Aeromonas_hydrophila_subsp._hydrophila_ATCC_7966_chromosome__complete_genome ctg7180000000221
		This contig is partially unaligned. (96 out of 3513)
		Alignment: 809109 809204 | 3373 3278 | 96 96 | 98.96 | gi|117617447|ref|NC_008570.1|_Aeromonas_hydrophila_subsp._hydrophila_ATCC_7966_chromosome__complete_genome ctg7180000000221
		Unaligned bases: 1 to 3277 (3277)
		Unaligned bases: 3374 to 3513 (140)

CONTIG: ctg7180000000222 (117309bp)
		This contig is unaligned. (117309 bp)
		Unaligned bases: 117309  total: 3007130

CONTIG: ctg7180000000223 (663bp)
		This contig is unaligned. (663 bp)
		Unaligned bases: 663  total: 3007793

CONTIG: ctg7180000000224 (112863bp)
Top Length: 96  Top ID: 98.96
		This contig is partially unaligned. (96 out of 112863)
		Alignment: 809109 809204 | 274 369 | 96 96 | 98.96 | gi|117617447|ref|NC_008570.1|_Aeromonas_hydrophila_subsp._hydrophila_ATCC_7966_chromosome__complete_genome ctg7180000000224
		Unaligned bases: 1 to 273 (273)
		Unaligned bases: 370 to 112863 (112494)

CONTIG: ctg7180000000225 (98129bp)
		This contig is unaligned. (98129 bp)
		Unaligned bases: 98129  total: 3105922

CONTIG: ctg7180000000226 (29129bp)
		This contig is unaligned. (29129 bp)
		Unaligned bases: 29129  total: 3135051

CONTIG: ctg7180000000228 (1437bp)
		This contig is unaligned. (1437 bp)
		Unaligned bases: 1437  total: 3136488

CONTIG: ctg7180000000304 (2047bp)
		This contig is unaligned. (2047 bp)
		Unaligned bases: 2047  total: 3138535

CONTIG: ctg7180000000303 (44796bp)
		This contig is unaligned. (44796 bp)
		Unaligned bases: 44796  total: 3183331

CONTIG: ctg7180000000302 (3597bp)
		This contig is unaligned. (3597 bp)
		Unaligned bases: 3597  total: 3186928

CONTIG: ctg7180000000301 (63983bp)
		This contig is unaligned. (63983 bp)
		Unaligned bases: 63983  total: 3250911

CONTIG: ctg7180000000300 (80140bp)
		This contig is unaligned. (80140 bp)
		Unaligned bases: 80140  total: 3331051

CONTIG: ctg7180000000255 (777bp)
		This contig is unaligned. (777 bp)
		Unaligned bases: 777  total: 3331828

CONTIG: ctg7180000000254 (3466bp)
		This contig is unaligned. (3466 bp)
		Unaligned bases: 3466  total: 3335294

CONTIG: ctg7180000000257 (998bp)
		This contig is unaligned. (998 bp)
		Unaligned bases: 998  total: 3336292

CONTIG: ctg7180000000256 (2047bp)
		This contig is unaligned. (2047 bp)
		Unaligned bases: 2047  total: 3338339

CONTIG: ctg7180000000251 (1863bp)
		This contig is unaligned. (1863 bp)
		Unaligned bases: 1863  total: 3340202

CONTIG: ctg7180000000250 (10860bp)
		This contig is unaligned. (10860 bp)
		Unaligned bases: 10860  total: 3351062

CONTIG: ctg7180000000252 (23418bp)
		This contig is unaligned. (23418 bp)
		Unaligned bases: 23418  total: 3374480

CONTIG: ctg7180000000259 (1035bp)
		This contig is unaligned. (1035 bp)
		Unaligned bases: 1035  total: 3375515

CONTIG: ctg7180000000258 (16715bp)
		This contig is unaligned. (16715 bp)
		Unaligned bases: 16715  total: 3392230

CONTIG: ctg7180000000394 (3872bp)
		This contig is unaligned. (3872 bp)
		Unaligned bases: 3872  total: 3396102

CONTIG: ctg7180000000395 (2799bp)
		This contig is unaligned. (2799 bp)
		Unaligned bases: 2799  total: 3398901

CONTIG: ctg7180000000396 (1058bp)
		This contig is unaligned. (1058 bp)
		Unaligned bases: 1058  total: 3399959

CONTIG: ctg7180000000397 (2090bp)
		This contig is unaligned. (2090 bp)
		Unaligned bases: 2090  total: 3402049

CONTIG: ctg7180000000390 (6466bp)
		This contig is unaligned. (6466 bp)
		Unaligned bases: 6466  total: 3408515

CONTIG: ctg7180000000391 (1365bp)
		This contig is unaligned. (1365 bp)
		Unaligned bases: 1365  total: 3409880

CONTIG: ctg7180000000392 (4674bp)
		This contig is unaligned. (4674 bp)
		Unaligned bases: 4674  total: 3414554

CONTIG: ctg7180000000393 (97253bp)
		This contig is unaligned. (97253 bp)
		Unaligned bases: 97253  total: 3511807

CONTIG: ctg7180000000399 (1649bp)
		This contig is unaligned. (1649 bp)
		Unaligned bases: 1649  total: 3513456

Analyzing coverage...
Writing SNPs into /software/galaxy/master/sabbai/galaxy-dist/database/job_working_directory/002/2323/dataset_2405_files/Combined_dataset/contigs_reports/nucmer_output/MaSuRCA_miseq_ctg.used_snps
	Reference gi|117617447|ref|NC_008570.1|_Aeromonas_hydrophila_subsp._hydrophila_ATCC_7966_chromosome__complete_genome: 4 total alignments. 1 total regions.
		Region: 1 to 4744448 (4744448 bp)
			START in gap: 1 to 809109 (809108 bp)
			Align 1: 809109 809204 ctg7180000000313 59 154
				The next alignment (809109 809204 ctg7180000000221 3373 3278) is redundant. Skipping.
				The next alignment (809109 809204 ctg7180000000224 274 369) is redundant. Skipping.
				Gap between this and next alignment: 809204 to 4476056 (3666851 bp)
				Next Alignment: 4476056 4476138 ctg7180000000249 13534 13616

			Align 4: 4476056 4476138 ctg7180000000249 13534 13616
			END in gap: 4476138 to 4744448 (268310 bp)

Analysis is finished!
Founded SNPs were written into /software/galaxy/master/sabbai/galaxy-dist/database/job_working_directory/002/2323/dataset_2405_files/Combined_dataset/contigs_reports/nucmer_output/MaSuRCA_miseq_ctg.used_snps

Results:
	Local Misassemblies: 0
	Misassemblies: 0
		Relocations: 0
		Translocations: 0
		Inversions: 0
	Misassembled Contigs: 0
	Misassembled Contig Bases: 0
	Misassmblies Inter-Contig Overlap: 0
Uncovered Regions: 0 (0)
Unaligned Contigs: 157 + 6 part
Partially Unaligned Contigs with Misassemblies: 2
Unaligned Contig Bases: 4030059

Ambiguously Mapped Contigs: 0
Total Bases in Ambiguously Mapped Contigs: 0
Note that --allow-ambiguity option was set to "one" and only first alignment per each contig was used.

	Covered Bases: 179

	SNPs: 3
	Insertions: 0
	Deletions: 0

	Positive Gaps: 3
		Internal Gaps:  0
		External Gaps:  3
		External Gap Total:  4744269
		External Gap Average: 1581423
	Negative Gaps: 0
		Internal Overlaps:  0
		External Overlaps:  0
		External Overlaps Total:  0
		External Overlaps Average: 0
	Contigs with Redundant Alignments: 1 (192)
