Aligning contigs to reference...
	Running Nucmer...
Parsing coords...
Loading Assembly...
Loading reference...
	Loaded [gi|117617447|ref|NC_008570.1|_Aeromonas_hydrophila_subsp._hydrophila_ATCC_7966_chromosome__complete_genome]
Loading SNPs...
Loading regions...
	No regions given, using whole reference.
	Total Regions: 1
	Total Region Length: 4744448
Analyzing contigs...
CONTIG: scf7180000002792 (356087bp)
		This contig is unaligned. (356087 bp)
		Unaligned bases: 356087  total: 356087

CONTIG: scf7180000002793 (7264bp)
		This contig is unaligned. (7264 bp)
		Unaligned bases: 7264  total: 363351

CONTIG: scf7180000002790 (324992bp)
		This contig is unaligned. (324992 bp)
		Unaligned bases: 324992  total: 688343

CONTIG: scf7180000002791 (85155bp)
		This contig is unaligned. (85155 bp)
		Unaligned bases: 85155  total: 773498

CONTIG: scf7180000002796 (4502bp)
		This contig is unaligned. (4502 bp)
		Unaligned bases: 4502  total: 778000

CONTIG: scf7180000002797 (3248bp)
		This contig is unaligned. (3248 bp)
		Unaligned bases: 3248  total: 781248

CONTIG: scf7180000002794 (2609bp)
		This contig is unaligned. (2609 bp)
		Unaligned bases: 2609  total: 783857

CONTIG: scf7180000002795 (1460bp)
		This contig is unaligned. (1460 bp)
		Unaligned bases: 1460  total: 785317

CONTIG: scf7180000002798 (2637bp)
		This contig is unaligned. (2637 bp)
		Unaligned bases: 2637  total: 787954

CONTIG: scf7180000002799 (939bp)
		This contig is unaligned. (939 bp)
		Unaligned bases: 939  total: 788893

CONTIG: scf7180000002725 (1907bp)
		This contig is unaligned. (1907 bp)
		Unaligned bases: 1907  total: 790800

CONTIG: scf7180000002724 (943bp)
		This contig is unaligned. (943 bp)
		Unaligned bases: 943  total: 791743

CONTIG: scf7180000002721 (895bp)
		This contig is unaligned. (895 bp)
		Unaligned bases: 895  total: 792638

CONTIG: scf7180000002720 (1241bp)
		This contig is unaligned. (1241 bp)
		Unaligned bases: 1241  total: 793879

CONTIG: scf7180000002815 (246836bp)
		This contig is unaligned. (246836 bp)
		Unaligned bases: 246836  total: 1040715

CONTIG: scf7180000002814 (5791bp)
		This contig is unaligned. (5791 bp)
		Unaligned bases: 5791  total: 1046506

CONTIG: scf7180000002817 (6335bp)
		This contig is unaligned. (6335 bp)
		Unaligned bases: 6335  total: 1052841

CONTIG: scf7180000002816 (1156bp)
		This contig is unaligned. (1156 bp)
		Unaligned bases: 1156  total: 1053997

CONTIG: scf7180000002811 (247296bp)
Top Length: 96  Top ID: 98.96
		This contig is partially unaligned. (96 out of 247296)
		Alignment: 809109 809204 | 247076 246981 | 96 96 | 98.96 | gi|117617447|ref|NC_008570.1|_Aeromonas_hydrophila_subsp._hydrophila_ATCC_7966_chromosome__complete_genome scf7180000002811
		Unaligned bases: 1 to 246980 (246980)
		Unaligned bases: 247077 to 247296 (220)

CONTIG: scf7180000002810 (16393bp)
		This contig is unaligned. (16393 bp)
		Unaligned bases: 16393  total: 1070390

CONTIG: scf7180000002813 (108960bp)
		This contig is unaligned. (108960 bp)
		Unaligned bases: 108960  total: 1179350

CONTIG: scf7180000002812 (47549bp)
		This contig is unaligned. (47549 bp)
		Unaligned bases: 47549  total: 1226899

CONTIG: scf7180000002785 (6589bp)
Top Length: 96  Top ID: 98.96
		This contig is misassembled. 2 total aligns.
			Warning! This contig is more unaligned than misassembled. Contig length is 6589 and total length of all aligns is 171
		Alignment: 809109 809204 | 6369 6274 | 96 96 | 98.96 | gi|117617447|ref|NC_008570.1|_Aeromonas_hydrophila_subsp._hydrophila_ATCC_7966_chromosome__complete_genome scf7180000002785
		Alignment: 3414420 3414494 | 582 656 | 75 75 | 100.0 | gi|117617447|ref|NC_008570.1|_Aeromonas_hydrophila_subsp._hydrophila_ATCC_7966_chromosome__complete_genome scf7180000002785
		Unaligned bases: 6418
CONTIG: scf7180000002784 (510bp)
		This contig is unaligned. (510 bp)
		Unaligned bases: 510  total: 1227409

CONTIG: scf7180000002787 (1456bp)
		This contig is unaligned. (1456 bp)
		Unaligned bases: 1456  total: 1228865

CONTIG: scf7180000002786 (42112bp)
		This contig is unaligned. (42112 bp)
		Unaligned bases: 42112  total: 1270977

CONTIG: scf7180000002781 (57567bp)
		This contig is unaligned. (57567 bp)
		Unaligned bases: 57567  total: 1328544

CONTIG: scf7180000002780 (9653bp)
		This contig is unaligned. (9653 bp)
		Unaligned bases: 9653  total: 1338197

CONTIG: scf7180000002783 (127211bp)
		This contig is unaligned. (127211 bp)
		Unaligned bases: 127211  total: 1465408

CONTIG: scf7180000002782 (17034bp)
		This contig is unaligned. (17034 bp)
		Unaligned bases: 17034  total: 1482442

CONTIG: scf7180000002789 (43030bp)
		This contig is unaligned. (43030 bp)
		Unaligned bases: 43030  total: 1525472

CONTIG: scf7180000002788 (4550bp)
		This contig is unaligned. (4550 bp)
		Unaligned bases: 4550  total: 1530022

CONTIG: scf7180000002778 (363446bp)
		This contig is unaligned. (363446 bp)
		Unaligned bases: 363446  total: 1893468

CONTIG: scf7180000002779 (236430bp)
		This contig is unaligned. (236430 bp)
		Unaligned bases: 236430  total: 2129898

CONTIG: scf7180000002770 (5804bp)
		This contig is unaligned. (5804 bp)
		Unaligned bases: 5804  total: 2135702

CONTIG: scf7180000002771 (109494bp)
Top Length: 96  Top ID: 98.96
		This contig is partially unaligned. (96 out of 109494)
		Alignment: 809109 809204 | 108857 108762 | 96 96 | 98.96 | gi|117617447|ref|NC_008570.1|_Aeromonas_hydrophila_subsp._hydrophila_ATCC_7966_chromosome__complete_genome scf7180000002771
		Unaligned bases: 1 to 108761 (108761)
		Unaligned bases: 108858 to 109494 (637)

CONTIG: scf7180000002772 (3936bp)
		This contig is unaligned. (3936 bp)
		Unaligned bases: 3936  total: 2139638

CONTIG: scf7180000002773 (1682bp)
		This contig is unaligned. (1682 bp)
		Unaligned bases: 1682  total: 2141320

CONTIG: scf7180000002774 (25073bp)
		This contig is unaligned. (25073 bp)
		Unaligned bases: 25073  total: 2166393

CONTIG: scf7180000002775 (555775bp)
		This contig is unaligned. (555775 bp)
		Unaligned bases: 555775  total: 2722168

CONTIG: scf7180000002776 (23881bp)
		This contig is unaligned. (23881 bp)
		Unaligned bases: 23881  total: 2746049

CONTIG: scf7180000002777 (30172bp)
		This contig is unaligned. (30172 bp)
		Unaligned bases: 30172  total: 2776221

CONTIG: scf7180000002769 (3271bp)
		This contig is unaligned. (3271 bp)
		Unaligned bases: 3271  total: 2779492

CONTIG: scf7180000002768 (3120bp)
		This contig is unaligned. (3120 bp)
		Unaligned bases: 3120  total: 2782612

CONTIG: scf7180000002763 (7693bp)
		This contig is unaligned. (7693 bp)
		Unaligned bases: 7693  total: 2790305

CONTIG: scf7180000002762 (79351bp)
		This contig is unaligned. (79351 bp)
		Unaligned bases: 79351  total: 2869656

CONTIG: scf7180000002761 (14874bp)
		This contig is unaligned. (14874 bp)
		Unaligned bases: 14874  total: 2884530

CONTIG: scf7180000002760 (24322bp)
		This contig is unaligned. (24322 bp)
		Unaligned bases: 24322  total: 2908852

CONTIG: scf7180000002767 (48002bp)
		This contig is unaligned. (48002 bp)
		Unaligned bases: 48002  total: 2956854

CONTIG: scf7180000002766 (171610bp)
		This contig is unaligned. (171610 bp)
		Unaligned bases: 171610  total: 3128464

CONTIG: scf7180000002765 (72088bp)
Top Length: 83  Top ID: 97.59
		Skipping redundant alignment 3414420 3414494 | 58656 58582 | 75 75 | 100.0 | gi|117617447|ref|NC_008570.1|_Aeromonas_hydrophila_subsp._hydrophila_ATCC_7966_chromosome__complete_genome scf7180000002765
		This contig is partially unaligned. (83 out of 72088)
		Alignment: 4476056 4476138 | 58664 58582 | 83 83 | 97.59 | gi|117617447|ref|NC_008570.1|_Aeromonas_hydrophila_subsp._hydrophila_ATCC_7966_chromosome__complete_genome scf7180000002765
		Unaligned bases: 1 to 58581 (58581)
		Unaligned bases: 58665 to 72088 (13424)

CONTIG: scf7180000002764 (4833bp)
		This contig is unaligned. (4833 bp)
		Unaligned bases: 4833  total: 3133297

CONTIG: scf7180000002758 (948bp)
		This contig is unaligned. (948 bp)
		Unaligned bases: 948  total: 3134245

CONTIG: scf7180000002759 (13600bp)
		This contig is unaligned. (13600 bp)
		Unaligned bases: 13600  total: 3147845

CONTIG: scf7180000002756 (1475bp)
		This contig is unaligned. (1475 bp)
		Unaligned bases: 1475  total: 3149320

CONTIG: scf7180000002757 (953bp)
		This contig is unaligned. (953 bp)
		Unaligned bases: 953  total: 3150273

CONTIG: scf7180000002754 (5038bp)
		This contig is unaligned. (5038 bp)
		Unaligned bases: 5038  total: 3155311

CONTIG: scf7180000002755 (3319bp)
		This contig is unaligned. (3319 bp)
		Unaligned bases: 3319  total: 3158630

CONTIG: scf7180000002752 (2350bp)
		This contig is unaligned. (2350 bp)
		Unaligned bases: 2350  total: 3160980

CONTIG: scf7180000002753 (1616bp)
		This contig is unaligned. (1616 bp)
		Unaligned bases: 1616  total: 3162596

CONTIG: scf7180000002750 (2553bp)
		This contig is unaligned. (2553 bp)
		Unaligned bases: 2553  total: 3165149

CONTIG: scf7180000002751 (6696bp)
		This contig is unaligned. (6696 bp)
		Unaligned bases: 6696  total: 3171845

CONTIG: scf7180000002741 (838bp)
		This contig is unaligned. (838 bp)
		Unaligned bases: 838  total: 3172683

CONTIG: scf7180000002740 (14890bp)
		This contig is unaligned. (14890 bp)
		Unaligned bases: 14890  total: 3187573

CONTIG: scf7180000002743 (1112bp)
		This contig is unaligned. (1112 bp)
		Unaligned bases: 1112  total: 3188685

CONTIG: scf7180000002742 (2446bp)
		This contig is unaligned. (2446 bp)
		Unaligned bases: 2446  total: 3191131

CONTIG: scf7180000002744 (1042bp)
		This contig is unaligned. (1042 bp)
		Unaligned bases: 1042  total: 3192173

CONTIG: scf7180000002747 (611bp)
		This contig is unaligned. (611 bp)
		Unaligned bases: 611  total: 3192784

CONTIG: scf7180000002746 (1185bp)
		This contig is unaligned. (1185 bp)
		Unaligned bases: 1185  total: 3193969

CONTIG: scf7180000002748 (896bp)
		This contig is unaligned. (896 bp)
		Unaligned bases: 896  total: 3194865

CONTIG: scf7180000002735 (878bp)
		This contig is unaligned. (878 bp)
		Unaligned bases: 878  total: 3195743

CONTIG: scf7180000002736 (2161bp)
		This contig is unaligned. (2161 bp)
		Unaligned bases: 2161  total: 3197904

CONTIG: scf7180000002737 (592bp)
		This contig is unaligned. (592 bp)
		Unaligned bases: 592  total: 3198496

CONTIG: scf7180000002730 (54690bp)
		This contig is unaligned. (54690 bp)
		Unaligned bases: 54690  total: 3253186

CONTIG: scf7180000002731 (1455bp)
		This contig is unaligned. (1455 bp)
		Unaligned bases: 1455  total: 3254641

CONTIG: scf7180000002732 (1095bp)
		This contig is unaligned. (1095 bp)
		Unaligned bases: 1095  total: 3255736

CONTIG: scf7180000002733 (1071bp)
		This contig is unaligned. (1071 bp)
		Unaligned bases: 1071  total: 3256807

CONTIG: scf7180000002738 (1144bp)
		This contig is unaligned. (1144 bp)
		Unaligned bases: 1144  total: 3257951

CONTIG: scf7180000002808 (4511bp)
		This contig is unaligned. (4511 bp)
		Unaligned bases: 4511  total: 3262462

CONTIG: scf7180000002809 (76901bp)
		This contig is unaligned. (76901 bp)
		Unaligned bases: 76901  total: 3339363

CONTIG: scf7180000002802 (20248bp)
		This contig is unaligned. (20248 bp)
		Unaligned bases: 20248  total: 3359611

CONTIG: scf7180000002803 (2300bp)
		This contig is unaligned. (2300 bp)
		Unaligned bases: 2300  total: 3361911

CONTIG: scf7180000002800 (86184bp)
		This contig is unaligned. (86184 bp)
		Unaligned bases: 86184  total: 3448095

CONTIG: scf7180000002801 (74254bp)
Top Length: 96  Top ID: 98.96
		Skipping redundant alignment 355167 355258 | 74093 74002 | 92 92 | 100.0 | gi|117617447|ref|NC_008570.1|_Aeromonas_hydrophila_subsp._hydrophila_ATCC_7966_chromosome__complete_genome scf7180000002801
		Skipping redundant alignment 4449168 4449259 | 74002 74093 | 92 92 | 100.0 | gi|117617447|ref|NC_008570.1|_Aeromonas_hydrophila_subsp._hydrophila_ATCC_7966_chromosome__complete_genome scf7180000002801
		Skipping redundant alignment 4697518 4697609 | 74002 74093 | 92 92 | 100.0 | gi|117617447|ref|NC_008570.1|_Aeromonas_hydrophila_subsp._hydrophila_ATCC_7966_chromosome__complete_genome scf7180000002801
		This contig is partially unaligned. (96 out of 74254)
		Alignment: 809109 809204 | 74093 73998 | 96 96 | 98.96 | gi|117617447|ref|NC_008570.1|_Aeromonas_hydrophila_subsp._hydrophila_ATCC_7966_chromosome__complete_genome scf7180000002801
		Unaligned bases: 1 to 73997 (73997)
		Unaligned bases: 74094 to 74254 (161)

CONTIG: scf7180000002806 (17528bp)
		This contig is unaligned. (17528 bp)
		Unaligned bases: 17528  total: 3465623

CONTIG: scf7180000002807 (11698bp)
		This contig is unaligned. (11698 bp)
		Unaligned bases: 11698  total: 3477321

CONTIG: scf7180000002804 (1349bp)
		This contig is unaligned. (1349 bp)
		Unaligned bases: 1349  total: 3478670

CONTIG: scf7180000002805 (1697bp)
		This contig is unaligned. (1697 bp)
		Unaligned bases: 1697  total: 3480367

Analyzing coverage...
Writing SNPs into /software/galaxy/master/sabbai/galaxy-dist/database/job_working_directory/002/2323/dataset_2405_files/Combined_dataset/contigs_reports/nucmer_output/MaSuRCA_hiseq_scf.used_snps
	Reference gi|117617447|ref|NC_008570.1|_Aeromonas_hydrophila_subsp._hydrophila_ATCC_7966_chromosome__complete_genome: 4 total alignments. 1 total regions.
		Region: 1 to 4744448 (4744448 bp)
			START in gap: 1 to 809109 (809108 bp)
			Align 1: 809109 809204 scf7180000002811 247076 246981
				The next alignment (809109 809204 scf7180000002771 108857 108762) is redundant. Skipping.
				The next alignment (809109 809204 scf7180000002801 74093 73998) is redundant. Skipping.
				Gap between this and next alignment: 809204 to 4476056 (3666851 bp)
				Next Alignment: 4476056 4476138 scf7180000002765 58664 58582

			Align 4: 4476056 4476138 scf7180000002765 58664 58582
			END in gap: 4476138 to 4744448 (268310 bp)

Analysis is finished!
Founded SNPs were written into /software/galaxy/master/sabbai/galaxy-dist/database/job_working_directory/002/2323/dataset_2405_files/Combined_dataset/contigs_reports/nucmer_output/MaSuRCA_hiseq_scf.used_snps

Results:
	Local Misassemblies: 0
	Misassemblies: 0
		Relocations: 0
		Translocations: 0
		Inversions: 0
	Misassembled Contigs: 0
	Misassembled Contig Bases: 0
	Misassmblies Inter-Contig Overlap: 0
Uncovered Regions: 0 (0)
Unaligned Contigs: 83 + 5 part
Partially Unaligned Contigs with Misassemblies: 1
Unaligned Contig Bases: 3989546

Ambiguously Mapped Contigs: 0
Total Bases in Ambiguously Mapped Contigs: 0
Note that --allow-ambiguity option was set to "one" and only first alignment per each contig was used.

	Covered Bases: 179

	SNPs: 3
	Insertions: 0
	Deletions: 0

	Positive Gaps: 3
		Internal Gaps:  0
		External Gaps:  3
		External Gap Total:  4744269
		External Gap Average: 1581423
	Negative Gaps: 0
		Internal Overlaps:  0
		External Overlaps:  0
		External Overlaps Total:  0
		External Overlaps Average: 0
	Contigs with Redundant Alignments: 1 (192)
