Aligning contigs to reference...
	Running Nucmer...
Parsing coords...
Loading Assembly...
Loading reference...
	Loaded [gi|77404693|ref|NC_007489.1|_Rhodobacter_sphaeroides_2.4.1_plasmid_C__complete_sequence]
Loading SNPs...
Loading regions...
	No regions given, using whole reference.
	Total Regions: 1
	Total Region Length: 105284
Analyzing contigs...
CONTIG: NODE_333_length_15822_cov_44.7692 (15822bp)
		This contig is unaligned. (15822 bp)
		Unaligned bases: 15822  total: 15822

CONTIG: NODE_308_length_1043_cov_35.1103 (1043bp)
		This contig is unaligned. (1043 bp)
		Unaligned bases: 1043  total: 16865

CONTIG: NODE_270_length_59047_cov_32.0488 (59047bp)
		This contig is unaligned. (59047 bp)
		Unaligned bases: 59047  total: 75912

CONTIG: NODE_328_length_14097_cov_68.5009 (14097bp)
		This contig is unaligned. (14097 bp)
		Unaligned bases: 14097  total: 90009

CONTIG: NODE_117_length_12762_cov_33.4866 (12762bp)
		This contig is unaligned. (12762 bp)
		Unaligned bases: 12762  total: 102771

CONTIG: NODE_274_length_9330_cov_67.6954 (9330bp)
		This contig is unaligned. (9330 bp)
		Unaligned bases: 9330  total: 112101

CONTIG: NODE_200_length_829_cov_46.8837 (829bp)
		This contig is unaligned. (829 bp)
		Unaligned bases: 829  total: 112930

CONTIG: NODE_222_length_617_cov_25.9715 (617bp)
		This contig is unaligned. (617 bp)
		Unaligned bases: 617  total: 113547

CONTIG: NODE_179_length_49959_cov_35.9903 (49959bp)
		This contig is unaligned. (49959 bp)
		Unaligned bases: 49959  total: 163506

CONTIG: NODE_338_length_124431_cov_33.4486 (124431bp)
		This contig is unaligned. (124431 bp)
		Unaligned bases: 124431  total: 287937

CONTIG: NODE_255_length_23405_cov_34.157 (23405bp)
		This contig is unaligned. (23405 bp)
		Unaligned bases: 23405  total: 311342

CONTIG: NODE_334_length_111835_cov_34.0337 (111835bp)
		This contig is unaligned. (111835 bp)
		Unaligned bases: 111835  total: 423177

CONTIG: NODE_194_length_1659_cov_128.05 (1659bp)
		This contig is unaligned. (1659 bp)
		Unaligned bases: 1659  total: 424836

CONTIG: NODE_203_length_871_cov_44.6581 (871bp)
		This contig is unaligned. (871 bp)
		Unaligned bases: 871  total: 425707

CONTIG: NODE_323_length_2802_cov_27.7823 (2802bp)
		This contig is unaligned. (2802 bp)
		Unaligned bases: 2802  total: 428509

CONTIG: NODE_247_length_910_cov_32.3965 (910bp)
		This contig is unaligned. (910 bp)
		Unaligned bases: 910  total: 429419

CONTIG: NODE_281_length_146569_cov_37.3544 (146569bp)
		This contig is unaligned. (146569 bp)
		Unaligned bases: 146569  total: 575988

CONTIG: NODE_326_length_733_cov_92.1416 (733bp)
		This contig is unaligned. (733 bp)
		Unaligned bases: 733  total: 576721

CONTIG: NODE_261_length_759_cov_10.152 (759bp)
		This contig is unaligned. (759 bp)
		Unaligned bases: 759  total: 577480

CONTIG: NODE_318_length_8087_cov_48.2658 (8087bp)
		This contig is unaligned. (8087 bp)
		Unaligned bases: 8087  total: 585567

CONTIG: NODE_115_length_13556_cov_32.7621 (13556bp)
		This contig is unaligned. (13556 bp)
		Unaligned bases: 13556  total: 599123

CONTIG: NODE_282_length_792_cov_24.076 (792bp)
		This contig is unaligned. (792 bp)
		Unaligned bases: 792  total: 599915

CONTIG: NODE_155_length_2390_cov_2.4197 (2390bp)
		This contig is unaligned. (2390 bp)
		Unaligned bases: 2390  total: 602305

CONTIG: NODE_297_length_28110_cov_103.918 (28110bp)
		This contig is unaligned. (28110 bp)
		Unaligned bases: 28110  total: 630415

CONTIG: NODE_307_length_73118_cov_65.5718 (73118bp)
Top Length: 73118  Top ID: 100.0
		One align captures most of this contig: 1451 74568 | 1 73118 | 73118 73118 | 100.0 | gi|77404693|ref|NC_007489.1|_Rhodobacter_sphaeroides_2.4.1_plasmid_C__complete_sequence NODE_307_length_73118_cov_65.5718

CONTIG: NODE_252_length_1095_cov_22.0385 (1095bp)
		This contig is unaligned. (1095 bp)
		Unaligned bases: 1095  total: 631510

CONTIG: NODE_336_length_20493_cov_35.2368 (20493bp)
		This contig is unaligned. (20493 bp)
		Unaligned bases: 20493  total: 652003

CONTIG: NODE_186_length_68531_cov_32.4726 (68531bp)
		This contig is unaligned. (68531 bp)
		Unaligned bases: 68531  total: 720534

CONTIG: NODE_286_length_1143_cov_75.6517 (1143bp)
Top Length: 1143  Top ID: 97.9
		One align captures most of this contig: 74514 75656 | 1 1143 | 1143 1143 | 97.9 | gi|77404693|ref|NC_007489.1|_Rhodobacter_sphaeroides_2.4.1_plasmid_C__complete_sequence NODE_286_length_1143_cov_75.6517

CONTIG: NODE_116_length_12370_cov_33.6979 (12370bp)
		This contig is unaligned. (12370 bp)
		Unaligned bases: 12370  total: 732904

CONTIG: NODE_276_length_51670_cov_42.2861 (51670bp)
		This contig is unaligned. (51670 bp)
		Unaligned bases: 51670  total: 784574

CONTIG: NODE_217_length_2424_cov_75.8037 (2424bp)
		This contig is unaligned. (2424 bp)
		Unaligned bases: 2424  total: 786998

CONTIG: NODE_130_length_72194_cov_34.0544 (72194bp)
		This contig is unaligned. (72194 bp)
		Unaligned bases: 72194  total: 859192

CONTIG: NODE_197_length_2381_cov_59.3568 (2381bp)
		This contig is unaligned. (2381 bp)
		Unaligned bases: 2381  total: 861573

CONTIG: NODE_112_length_7907_cov_34.597 (7907bp)
		This contig is unaligned. (7907 bp)
		Unaligned bases: 7907  total: 869480

CONTIG: NODE_136_length_1383_cov_21.5866 (1383bp)
		This contig is unaligned. (1383 bp)
		Unaligned bases: 1383  total: 870863

CONTIG: NODE_210_length_18605_cov_36.3231 (18605bp)
		This contig is unaligned. (18605 bp)
		Unaligned bases: 18605  total: 889468

CONTIG: NODE_139_length_60541_cov_32.1794 (60541bp)
		This contig is unaligned. (60541 bp)
		Unaligned bases: 60541  total: 950009

CONTIG: NODE_124_length_60291_cov_36.0587 (60291bp)
		This contig is unaligned. (60291 bp)
		Unaligned bases: 60291  total: 1010300

CONTIG: NODE_303_length_4429_cov_74.6909 (4429bp)
Top Length: 1502  Top ID: 99.8
		This contig is misassembled. 2 total aligns.
			Warning! This contig is more unaligned than misassembled. Contig length is 4429 and total length of all aligns is 1606
		Alignment: 1 1505 | 1502 1 | 1505 1502 | 99.8 | gi|77404693|ref|NC_007489.1|_Rhodobacter_sphaeroides_2.4.1_plasmid_C__complete_sequence NODE_303_length_4429_cov_74.6909
		Alignment: 105181 105284 | 1606 1503 | 104 104 | 100.0 | gi|77404693|ref|NC_007489.1|_Rhodobacter_sphaeroides_2.4.1_plasmid_C__complete_sequence NODE_303_length_4429_cov_74.6909
		Unaligned bases: 2823
		This contig has both significant aligned and unaligned parts (of length >= min-contig)!
CONTIG: NODE_121_length_19931_cov_31.62 (19931bp)
		This contig is unaligned. (19931 bp)
		Unaligned bases: 19931  total: 1030231

CONTIG: NODE_120_length_34641_cov_31.7835 (34641bp)
		This contig is unaligned. (34641 bp)
		Unaligned bases: 34641  total: 1064872

CONTIG: NODE_296_length_537_cov_64.2344 (537bp)
		This contig is unaligned. (537 bp)
		Unaligned bases: 537  total: 1065409

CONTIG: NODE_345_length_118414_cov_34.9963 (118414bp)
		This contig is unaligned. (118414 bp)
		Unaligned bases: 118414  total: 1183823

CONTIG: NODE_191_length_5577_cov_223.509 (5577bp)
		This contig is unaligned. (5577 bp)
		Unaligned bases: 5577  total: 1189400

CONTIG: NODE_169_length_540_cov_56.9031 (540bp)
		This contig is unaligned. (540 bp)
		Unaligned bases: 540  total: 1189940

CONTIG: NODE_195_length_1275_cov_39.5156 (1275bp)
		This contig is unaligned. (1275 bp)
		Unaligned bases: 1275  total: 1191215

CONTIG: NODE_118_length_8349_cov_37.2901 (8349bp)
		This contig is unaligned. (8349 bp)
		Unaligned bases: 8349  total: 1199564

CONTIG: NODE_327_length_732_cov_17.4653 (732bp)
		This contig is unaligned. (732 bp)
		Unaligned bases: 732  total: 1200296

CONTIG: NODE_201_length_826_cov_44.1868 (826bp)
		This contig is unaligned. (826 bp)
		Unaligned bases: 826  total: 1201122

CONTIG: NODE_151_length_74486_cov_29.788 (74486bp)
		This contig is unaligned. (74486 bp)
		Unaligned bases: 74486  total: 1275608

CONTIG: NODE_266_length_2996_cov_72.8334 (2996bp)
		This contig is unaligned. (2996 bp)
		Unaligned bases: 2996  total: 1278604

CONTIG: NODE_199_length_734_cov_53.5685 (734bp)
		This contig is unaligned. (734 bp)
		Unaligned bases: 734  total: 1279338

CONTIG: NODE_128_length_47691_cov_38.0522 (47691bp)
		This contig is unaligned. (47691 bp)
		Unaligned bases: 47691  total: 1327029

CONTIG: NODE_190_length_12391_cov_32.5345 (12391bp)
		This contig is unaligned. (12391 bp)
		Unaligned bases: 12391  total: 1339420

CONTIG: NODE_267_length_2996_cov_92.4624 (2996bp)
		This contig is unaligned. (2996 bp)
		Unaligned bases: 2996  total: 1342416

CONTIG: NODE_246_length_1248_cov_33.492 (1248bp)
		This contig is unaligned. (1248 bp)
		Unaligned bases: 1248  total: 1343664

CONTIG: NODE_275_length_47313_cov_39.8269 (47313bp)
		This contig is unaligned. (47313 bp)
		Unaligned bases: 47313  total: 1390977

CONTIG: NODE_204_length_47310_cov_71.282 (47310bp)
Top Length: 1502  Top ID: 99.8
		This contig is misassembled. 2 total aligns.
			Warning! This contig is more unaligned than misassembled. Contig length is 47310 and total length of all aligns is 1606
		Alignment: 1 1505 | 45809 47310 | 1505 1502 | 99.8 | gi|77404693|ref|NC_007489.1|_Rhodobacter_sphaeroides_2.4.1_plasmid_C__complete_sequence NODE_204_length_47310_cov_71.282
		Alignment: 105181 105284 | 45705 45808 | 104 104 | 100.0 | gi|77404693|ref|NC_007489.1|_Rhodobacter_sphaeroides_2.4.1_plasmid_C__complete_sequence NODE_204_length_47310_cov_71.282
		Unaligned bases: 45704
		This contig has both significant aligned and unaligned parts (of length >= min-contig)!
CONTIG: NODE_305_length_96559_cov_34.3867 (96559bp)
		This contig is unaligned. (96559 bp)
		Unaligned bases: 96559  total: 1487536

CONTIG: NODE_314_length_60491_cov_33.8181 (60491bp)
		This contig is unaligned. (60491 bp)
		Unaligned bases: 60491  total: 1548027

CONTIG: NODE_198_length_1788_cov_34.382 (1788bp)
		This contig is unaligned. (1788 bp)
		Unaligned bases: 1788  total: 1549815

CONTIG: NODE_135_length_1248_cov_112.778 (1248bp)
		This contig is unaligned. (1248 bp)
		Unaligned bases: 1248  total: 1551063

CONTIG: NODE_205_length_2877_cov_41.68 (2877bp)
		This contig is unaligned. (2877 bp)
		Unaligned bases: 2877  total: 1553940

CONTIG: NODE_187_length_3300_cov_77.9886 (3300bp)
		This contig is unaligned. (3300 bp)
		Unaligned bases: 3300  total: 1557240

CONTIG: NODE_346_length_118623_cov_32.5075 (118623bp)
		This contig is unaligned. (118623 bp)
		Unaligned bases: 118623  total: 1675863

CONTIG: NODE_129_length_6173_cov_32.5499 (6173bp)
		This contig is unaligned. (6173 bp)
		Unaligned bases: 6173  total: 1682036

CONTIG: NODE_242_length_910_cov_26.3965 (910bp)
		This contig is unaligned. (910 bp)
		Unaligned bases: 910  total: 1682946

CONTIG: NODE_180_length_947_cov_59.2892 (947bp)
		This contig is unaligned. (947 bp)
		Unaligned bases: 947  total: 1683893

CONTIG: NODE_299_length_3932_cov_79.8246 (3932bp)
		This contig is unaligned. (3932 bp)
		Unaligned bases: 3932  total: 1687825

CONTIG: NODE_126_length_34300_cov_31.8697 (34300bp)
		This contig is unaligned. (34300 bp)
		Unaligned bases: 34300  total: 1722125

CONTIG: NODE_185_length_4875_cov_79.0488 (4875bp)
		This contig is unaligned. (4875 bp)
		Unaligned bases: 4875  total: 1727000

CONTIG: NODE_322_length_42417_cov_35.5336 (42417bp)
		This contig is unaligned. (42417 bp)
		Unaligned bases: 42417  total: 1769417

CONTIG: NODE_340_length_3315_cov_69.4816 (3315bp)
Top Length: 528  Top ID: 96.21
		This contig is partially unaligned. (528 out of 3315)
		Alignment: 78779 79304 | 1 528 | 526 528 | 96.21 | gi|77404693|ref|NC_007489.1|_Rhodobacter_sphaeroides_2.4.1_plasmid_C__complete_sequence NODE_340_length_3315_cov_69.4816
		Unaligned bases: 529 to 3315 (2787)
		This contig has both significant aligned and unaligned parts (of length >= min-contig)!

CONTIG: NODE_226_length_3312_cov_28.9487 (3312bp)
		This contig is unaligned. (3312 bp)
		Unaligned bases: 3312  total: 1772729

CONTIG: NODE_150_length_116634_cov_32.2545 (116634bp)
		This contig is unaligned. (116634 bp)
		Unaligned bases: 116634  total: 1889363

CONTIG: NODE_223_length_22222_cov_36.9507 (22222bp)
		This contig is unaligned. (22222 bp)
		Unaligned bases: 22222  total: 1911585

CONTIG: NODE_125_length_31363_cov_30.1349 (31363bp)
		This contig is unaligned. (31363 bp)
		Unaligned bases: 31363  total: 1942948

CONTIG: NODE_146_length_53408_cov_32.6445 (53408bp)
		This contig is unaligned. (53408 bp)
		Unaligned bases: 53408  total: 1996356

CONTIG: NODE_278_length_17512_cov_52.5838 (17512bp)
		This contig is unaligned. (17512 bp)
		Unaligned bases: 17512  total: 2013868

CONTIG: NODE_241_length_3232_cov_43.5911 (3232bp)
Top Length: 3232  Top ID: 98.98
		One align captures most of this contig: 75602 78833 | 1 3232 | 3232 3232 | 98.98 | gi|77404693|ref|NC_007489.1|_Rhodobacter_sphaeroides_2.4.1_plasmid_C__complete_sequence NODE_241_length_3232_cov_43.5911

CONTIG: NODE_108_length_1656_cov_27.649 (1656bp)
		This contig is unaligned. (1656 bp)
		Unaligned bases: 1656  total: 2015524

CONTIG: NODE_193_length_131485_cov_37.3682 (131485bp)
		This contig is unaligned. (131485 bp)
		Unaligned bases: 131485  total: 2147009

CONTIG: NODE_284_length_12844_cov_63.4127 (12844bp)
		This contig is unaligned. (12844 bp)
		Unaligned bases: 12844  total: 2159853

CONTIG: NODE_227_length_3805_cov_29.1371 (3805bp)
		This contig is unaligned. (3805 bp)
		Unaligned bases: 3805  total: 2163658

CONTIG: NODE_335_length_119804_cov_34.9905 (119804bp)
		This contig is unaligned. (119804 bp)
		Unaligned bases: 119804  total: 2283462

CONTIG: NODE_113_length_8419_cov_34.1386 (8419bp)
		This contig is unaligned. (8419 bp)
		Unaligned bases: 8419  total: 2291881

CONTIG: NODE_137_length_30013_cov_33.1539 (30013bp)
		This contig is unaligned. (30013 bp)
		Unaligned bases: 30013  total: 2321894

CONTIG: NODE_206_length_2553_cov_43.1065 (2553bp)
		This contig is unaligned. (2553 bp)
		Unaligned bases: 2553  total: 2324447

CONTIG: NODE_316_length_18033_cov_33.644 (18033bp)
		This contig is unaligned. (18033 bp)
		Unaligned bases: 18033  total: 2342480

CONTIG: NODE_213_length_1647_cov_87.1187 (1647bp)
		This contig is unaligned. (1647 bp)
		Unaligned bases: 1647  total: 2344127

CONTIG: NODE_269_length_18732_cov_48.0466 (18732bp)
		This contig is unaligned. (18732 bp)
		Unaligned bases: 18732  total: 2362859

CONTIG: NODE_142_length_71177_cov_32.3168 (71177bp)
		This contig is unaligned. (71177 bp)
		Unaligned bases: 71177  total: 2434036

CONTIG: NODE_240_length_3232_cov_55.8499 (3232bp)
Top Length: 3232  Top ID: 98.48
		One align captures most of this contig: 75602 78833 | 1 3232 | 3232 3232 | 98.48 | gi|77404693|ref|NC_007489.1|_Rhodobacter_sphaeroides_2.4.1_plasmid_C__complete_sequence NODE_240_length_3232_cov_55.8499

CONTIG: NODE_309_length_1845_cov_26.062 (1845bp)
		This contig is unaligned. (1845 bp)
		Unaligned bases: 1845  total: 2435881

CONTIG: NODE_254_length_1637_cov_49.6991 (1637bp)
		This contig is unaligned. (1637 bp)
		Unaligned bases: 1637  total: 2437518

CONTIG: NODE_263_length_10504_cov_36.5568 (10504bp)
		This contig is unaligned. (10504 bp)
		Unaligned bases: 10504  total: 2448022

CONTIG: NODE_228_length_7404_cov_34.2351 (7404bp)
		This contig is unaligned. (7404 bp)
		Unaligned bases: 7404  total: 2455426

CONTIG: NODE_141_length_63652_cov_36.6457 (63652bp)
		This contig is unaligned. (63652 bp)
		Unaligned bases: 63652  total: 2519078

CONTIG: NODE_134_length_581_cov_30.8992 (581bp)
		This contig is unaligned. (581 bp)
		Unaligned bases: 581  total: 2519659

CONTIG: NODE_253_length_625_cov_27.7649 (625bp)
		This contig is unaligned. (625 bp)
		Unaligned bases: 625  total: 2520284

CONTIG: NODE_347_length_51206_cov_34.349 (51206bp)
		This contig is unaligned. (51206 bp)
		Unaligned bases: 51206  total: 2571490

CONTIG: NODE_148_length_87434_cov_32.9824 (87434bp)
		This contig is unaligned. (87434 bp)
		Unaligned bases: 87434  total: 2658924

CONTIG: NODE_138_length_74016_cov_32.3919 (74016bp)
		This contig is unaligned. (74016 bp)
		Unaligned bases: 74016  total: 2732940

CONTIG: NODE_144_length_130248_cov_35.686 (130248bp)
		This contig is unaligned. (130248 bp)
		Unaligned bases: 130248  total: 2863188

CONTIG: NODE_152_length_83463_cov_32.1284 (83463bp)
		This contig is unaligned. (83463 bp)
		Unaligned bases: 83463  total: 2946651

CONTIG: NODE_302_length_19904_cov_41.2595 (19904bp)
Top Length: 1502  Top ID: 99.8
		This contig is misassembled. 2 total aligns.
			Warning! This contig is more unaligned than misassembled. Contig length is 19904 and total length of all aligns is 1606
		Alignment: 1 1505 | 1502 1 | 1505 1502 | 99.8 | gi|77404693|ref|NC_007489.1|_Rhodobacter_sphaeroides_2.4.1_plasmid_C__complete_sequence NODE_302_length_19904_cov_41.2595
		Alignment: 105181 105284 | 1606 1503 | 104 104 | 100.0 | gi|77404693|ref|NC_007489.1|_Rhodobacter_sphaeroides_2.4.1_plasmid_C__complete_sequence NODE_302_length_19904_cov_41.2595
		Unaligned bases: 18298
		This contig has both significant aligned and unaligned parts (of length >= min-contig)!
CONTIG: NODE_312_length_12505_cov_75.4291 (12505bp)
		This contig is unaligned. (12505 bp)
		Unaligned bases: 12505  total: 2959156

CONTIG: NODE_140_length_42137_cov_31.8381 (42137bp)
		This contig is unaligned. (42137 bp)
		Unaligned bases: 42137  total: 3001293

CONTIG: NODE_329_length_2823_cov_49.2757 (2823bp)
		This contig is unaligned. (2823 bp)
		Unaligned bases: 2823  total: 3004116

CONTIG: NODE_225_length_526_cov_25.5711 (526bp)
		This contig is unaligned. (526 bp)
		Unaligned bases: 526  total: 3004642

CONTIG: NODE_277_length_2852_cov_120.792 (2852bp)
		This contig is unaligned. (2852 bp)
		Unaligned bases: 2852  total: 3007494

CONTIG: NODE_337_length_1946_cov_35.4389 (1946bp)
		This contig is unaligned. (1946 bp)
		Unaligned bases: 1946  total: 3009440

CONTIG: NODE_207_length_2893_cov_47.0923 (2893bp)
		This contig is unaligned. (2893 bp)
		Unaligned bases: 2893  total: 3012333

CONTIG: NODE_319_length_27106_cov_73.9967 (27106bp)
		This contig is unaligned. (27106 bp)
		Unaligned bases: 27106  total: 3039439

CONTIG: NODE_306_length_94340_cov_44.7859 (94340bp)
		This contig is unaligned. (94340 bp)
		Unaligned bases: 94340  total: 3133779

CONTIG: NODE_147_length_10990_cov_29.9958 (10990bp)
		This contig is unaligned. (10990 bp)
		Unaligned bases: 10990  total: 3144769

CONTIG: NODE_320_length_1233_cov_34.6664 (1233bp)
		This contig is unaligned. (1233 bp)
		Unaligned bases: 1233  total: 3146002

CONTIG: NODE_216_length_2678_cov_93.7095 (2678bp)
		This contig is unaligned. (2678 bp)
		Unaligned bases: 2678  total: 3148680

CONTIG: NODE_262_length_17624_cov_39.6686 (17624bp)
		This contig is unaligned. (17624 bp)
		Unaligned bases: 17624  total: 3166304

CONTIG: NODE_313_length_12038_cov_73.5761 (12038bp)
		This contig is unaligned. (12038 bp)
		Unaligned bases: 12038  total: 3178342

CONTIG: NODE_177_length_941_cov_46.7494 (941bp)
		This contig is unaligned. (941 bp)
		Unaligned bases: 941  total: 3179283

CONTIG: NODE_154_length_2390_cov_21.1383 (2390bp)
		This contig is unaligned. (2390 bp)
		Unaligned bases: 2390  total: 3181673

CONTIG: NODE_315_length_110583_cov_34.3347 (110583bp)
		This contig is unaligned. (110583 bp)
		Unaligned bases: 110583  total: 3292256

CONTIG: NODE_287_length_1143_cov_68.5855 (1143bp)
Top Length: 1143  Top ID: 98.6
		One align captures most of this contig: 74514 75656 | 1 1143 | 1143 1143 | 98.6 | gi|77404693|ref|NC_007489.1|_Rhodobacter_sphaeroides_2.4.1_plasmid_C__complete_sequence NODE_287_length_1143_cov_68.5855

CONTIG: NODE_202_length_749_cov_44.2161 (749bp)
		This contig is unaligned. (749 bp)
		Unaligned bases: 749  total: 3293005

CONTIG: NODE_178_length_594_cov_6.34323 (594bp)
		This contig is unaligned. (594 bp)
		Unaligned bases: 594  total: 3293599

CONTIG: NODE_181_length_37180_cov_68.5546 (37180bp)
		This contig is unaligned. (37180 bp)
		Unaligned bases: 37180  total: 3330779

CONTIG: NODE_123_length_24851_cov_33.7771 (24851bp)
		This contig is unaligned. (24851 bp)
		Unaligned bases: 24851  total: 3355630

CONTIG: NODE_285_length_34817_cov_147.793 (34817bp)
		This contig is unaligned. (34817 bp)
		Unaligned bases: 34817  total: 3390447

CONTIG: NODE_273_length_559_cov_26.0337 (559bp)
		This contig is unaligned. (559 bp)
		Unaligned bases: 559  total: 3391006

CONTIG: NODE_321_length_1151_cov_32.5812 (1151bp)
		This contig is unaligned. (1151 bp)
		Unaligned bases: 1151  total: 3392157

CONTIG: NODE_304_length_28008_cov_63.6112 (28008bp)
Top Length: 26506  Top ID: 100.0
		This contig is misassembled. 2 total aligns.
			Real Alignment 2: 78779 105284 | 28008 1503 | 26506 26506 | 100.0 | gi|77404693|ref|NC_007489.1|_Rhodobacter_sphaeroides_2.4.1_plasmid_C__complete_sequence NODE_304_length_28008_cov_63.6112
			  Fake misassembly (caused by linear representation of circular genome) between these two alignments
			Real Alignment 1: 1 1505 | 1502 1 | 1505 1502 | 99.8 | gi|77404693|ref|NC_007489.1|_Rhodobacter_sphaeroides_2.4.1_plasmid_C__complete_sequence NODE_304_length_28008_cov_63.6112

CONTIG: NODE_317_length_21570_cov_42.7494 (21570bp)
		This contig is unaligned. (21570 bp)
		Unaligned bases: 21570  total: 3413727

CONTIG: NODE_218_length_748_cov_37.5584 (748bp)
		This contig is unaligned. (748 bp)
		Unaligned bases: 748  total: 3414475

CONTIG: NODE_119_length_43392_cov_33.1109 (43392bp)
		This contig is unaligned. (43392 bp)
		Unaligned bases: 43392  total: 3457867

CONTIG: NODE_250_length_610_cov_32.3928 (610bp)
		This contig is unaligned. (610 bp)
		Unaligned bases: 610  total: 3458477

CONTIG: NODE_332_length_27698_cov_33.7004 (27698bp)
		This contig is unaligned. (27698 bp)
		Unaligned bases: 27698  total: 3486175

CONTIG: NODE_298_length_98113_cov_34.3029 (98113bp)
Top Length: 1502  Top ID: 99.8
		This contig is misassembled. 2 total aligns.
			Warning! This contig is more unaligned than misassembled. Contig length is 98113 and total length of all aligns is 1606
		Alignment: 1 1505 | 1502 1 | 1505 1502 | 99.8 | gi|77404693|ref|NC_007489.1|_Rhodobacter_sphaeroides_2.4.1_plasmid_C__complete_sequence NODE_298_length_98113_cov_34.3029
		Alignment: 105181 105284 | 1606 1503 | 104 104 | 100.0 | gi|77404693|ref|NC_007489.1|_Rhodobacter_sphaeroides_2.4.1_plasmid_C__complete_sequence NODE_298_length_98113_cov_34.3029
		Unaligned bases: 96507
		This contig has both significant aligned and unaligned parts (of length >= min-contig)!
CONTIG: NODE_224_length_40516_cov_33.7892 (40516bp)
		This contig is unaligned. (40516 bp)
		Unaligned bases: 40516  total: 3526691

CONTIG: NODE_127_length_67626_cov_35.8472 (67626bp)
		This contig is unaligned. (67626 bp)
		Unaligned bases: 67626  total: 3594317

CONTIG: NODE_331_length_52685_cov_36.4735 (52685bp)
		This contig is unaligned. (52685 bp)
		Unaligned bases: 52685  total: 3647002

CONTIG: NODE_111_length_3177_cov_75.3254 (3177bp)
		This contig is unaligned. (3177 bp)
		Unaligned bases: 3177  total: 3650179

CONTIG: NODE_214_length_2962_cov_80.3708 (2962bp)
		This contig is unaligned. (2962 bp)
		Unaligned bases: 2962  total: 3653141

CONTIG: NODE_283_length_792_cov_22.8399 (792bp)
		This contig is unaligned. (792 bp)
		Unaligned bases: 792  total: 3653933

CONTIG: NODE_271_length_2138_cov_21.1349 (2138bp)
		This contig is unaligned. (2138 bp)
		Unaligned bases: 2138  total: 3656071

CONTIG: NODE_325_length_3259_cov_58.2831 (3259bp)
		This contig is unaligned. (3259 bp)
		Unaligned bases: 3259  total: 3659330

CONTIG: NODE_301_length_20794_cov_37.3494 (20794bp)
Top Length: 1502  Top ID: 99.8
		This contig is misassembled. 2 total aligns.
			Warning! This contig is more unaligned than misassembled. Contig length is 20794 and total length of all aligns is 1606
		Alignment: 1 1505 | 1502 1 | 1505 1502 | 99.8 | gi|77404693|ref|NC_007489.1|_Rhodobacter_sphaeroides_2.4.1_plasmid_C__complete_sequence NODE_301_length_20794_cov_37.3494
		Alignment: 105181 105284 | 1606 1503 | 104 104 | 100.0 | gi|77404693|ref|NC_007489.1|_Rhodobacter_sphaeroides_2.4.1_plasmid_C__complete_sequence NODE_301_length_20794_cov_37.3494
		Unaligned bases: 19188
		This contig has both significant aligned and unaligned parts (of length >= min-contig)!
CONTIG: NODE_221_length_617_cov_35.2367 (617bp)
		This contig is unaligned. (617 bp)
		Unaligned bases: 617  total: 3659947

CONTIG: NODE_133_length_12674_cov_34.98 (12674bp)
		This contig is unaligned. (12674 bp)
		Unaligned bases: 12674  total: 3672621

CONTIG: NODE_310_length_201460_cov_33.8552 (201460bp)
		This contig is unaligned. (201460 bp)
		Unaligned bases: 201460  total: 3874081

CONTIG: NODE_256_length_3310_cov_28.4286 (3310bp)
		This contig is unaligned. (3310 bp)
		Unaligned bases: 3310  total: 3877391

CONTIG: NODE_243_length_910_cov_25.8129 (910bp)
		This contig is unaligned. (910 bp)
		Unaligned bases: 910  total: 3878301

CONTIG: NODE_104_length_764_cov_24.9873 (764bp)
		This contig is unaligned. (764 bp)
		Unaligned bases: 764  total: 3879065

CONTIG: NODE_268_length_120562_cov_37.0146 (120562bp)
		This contig is unaligned. (120562 bp)
		Unaligned bases: 120562  total: 3999627

CONTIG: NODE_215_length_4413_cov_46.321 (4413bp)
		This contig is unaligned. (4413 bp)
		Unaligned bases: 4413  total: 4004040

CONTIG: NODE_311_length_2197_cov_74.9309 (2197bp)
		This contig is unaligned. (2197 bp)
		Unaligned bases: 2197  total: 4006237

CONTIG: NODE_196_length_1491_cov_43.2772 (1491bp)
		This contig is unaligned. (1491 bp)
		Unaligned bases: 1491  total: 4007728

CONTIG: NODE_324_length_17594_cov_35.071 (17594bp)
		This contig is unaligned. (17594 bp)
		Unaligned bases: 17594  total: 4025322

CONTIG: NODE_220_length_769_cov_48.8333 (769bp)
		This contig is unaligned. (769 bp)
		Unaligned bases: 769  total: 4026091

CONTIG: NODE_260_length_694_cov_7.89828 (694bp)
		This contig is unaligned. (694 bp)
		Unaligned bases: 694  total: 4026785

CONTIG: NODE_251_length_7049_cov_32.3931 (7049bp)
		This contig is unaligned. (7049 bp)
		Unaligned bases: 7049  total: 4033834

CONTIG: NODE_145_length_291333_cov_36.0221 (291333bp)
		This contig is unaligned. (291333 bp)
		Unaligned bases: 291333  total: 4325167

Analyzing coverage...
Writing SNPs into /usit/invitro/data/galaxy/master/sabbai/galaxy-dist/database/job_working_directory/000/728/dataset_765_files/contigs_reports/nucmer_output/RS-H-Spades.used_snps
	Reference gi|77404693|ref|NC_007489.1|_Rhodobacter_sphaeroides_2.4.1_plasmid_C__complete_sequence: 8 total alignments. 1 total regions.
		Region: 1 to 105284 (105284 bp)
			Align 1: 1 1505 NODE_304_length_28008_cov_63.6112 1502 1
				Negative gap (overlap) between this and next alignment: 1505 to 1451 (-54 bp)
				Next Alignment: 1451 74568 NODE_307_length_73118_cov_65.5718 1 73118

			Previous gap was negative, modifying coordinates to ignore overlap
				Moving contig start from 1 to 56.
			Align 2: 1506 74568 NODE_307_length_73118_cov_65.5718 56 73118
				Negative gap (overlap) between this and next alignment: 74568 to 74514 (-54 bp)
				Next Alignment: 74514 75656 NODE_286_length_1143_cov_75.6517 1 1143

			Previous gap was negative, modifying coordinates to ignore overlap
				Moving contig start from 1 to 56.
			Align 3: 74569 75656 NODE_286_length_1143_cov_75.6517 56 1143
				The next alignment (74514 75656 NODE_287_length_1143_cov_68.5855 1 1143) is redundant. Skipping.
				Negative gap (overlap) between this and next alignment: 75656 to 75602 (-54 bp)
				Next Alignment: 75602 78833 NODE_241_length_3232_cov_43.5911 1 3232

			Previous gap was negative, modifying coordinates to ignore overlap
				Moving contig start from 1 to 56.
			Align 5: 75657 78833 NODE_241_length_3232_cov_43.5911 56 3232
				The next alignment (75602 78833 NODE_240_length_3232_cov_55.8499 1 3232) is redundant. Skipping.
				Negative gap (overlap) between this and next alignment: 78833 to 78779 (-54 bp)
				Next Alignment: 78779 79304 NODE_340_length_3315_cov_69.4816 1 528

			Previous gap was negative, modifying coordinates to ignore overlap
				Moving contig start from 1 to 56.
			Align 7: 78834 79304 NODE_340_length_3315_cov_69.4816 56 528
				Negative gap (overlap) between this and next alignment: 79304 to 78779 (-525 bp)
				Next Alignment: 78779 105284 NODE_304_length_28008_cov_63.6112 28008 1503

			Previous gap was negative, modifying coordinates to ignore overlap
				Moving contig start from 28008 to 27482.
			Align 8: 79305 105284 NODE_304_length_28008_cov_63.6112 27482 1503
			END in current alignment.  Modifying 105284 to 105284.

Analysis is finished!
Founded SNPs were written into /usit/invitro/data/galaxy/master/sabbai/galaxy-dist/database/job_working_directory/000/728/dataset_765_files/contigs_reports/nucmer_output/RS-H-Spades.used_snps

Results:
	Local Misassemblies: 0
	Misassemblies: 0
		Relocations: 0
		Translocations: 0
		Inversions: 0
	Misassembled Contigs: 0
	Misassembled Contig Bases: 0
	Misassmblies Inter-Contig Overlap: 0
Uncovered Regions: 0 (0)
Unaligned Contigs: 151 + 6 part
Partially Unaligned Contigs with Misassemblies: 5
Unaligned Contig Bases: 4510474

Ambiguously Mapped Contigs: 0
Total Bases in Ambiguously Mapped Contigs: 0
Note that --allow-ambiguity option was set to "one" and only first alignment per each contig was used.

	Covered Bases: 105284

	SNPs: 26
	Insertions: 2
	Deletions: 3

	Positive Gaps: 0
		Internal Gaps:  0
		External Gaps:  0
		External Gap Total:  0
		External Gap Average: 0
	Negative Gaps: 5
		Internal Overlaps:  0
		External Overlaps:  5
		External Overlaps Total: -741
		External Overlaps Average: -148
	Contigs with Redundant Alignments: 2 (4375)
