1: PREPARING DATA
1: PREPARING DATA
2,3: RUNNING mummer AND CREATING CLUSTERS
2,3: RUNNING mummer AND CREATING CLUSTERS
# reading input file "/software/galaxy/master/sabbai/galaxy-dist/database/job_working_directory/002/2215/dataset_2297_files/Contig/contigs_reports/nucmer_output/Velvet_1.2.ntref" # reading input file "/software/galaxy/master/sabbai/galaxy-dist/database/job_working_directory/002/2215/dataset_2297_files/Contig/contigs_reports/nucmer_output/Velvet_1.2.ntref" of length 4033466
# construct suffix tree for sequence of length 4033466
# (maximum reference length is 536870908)
# (maximum query length is 4294967295)
# process 40334 characters per dot
of length 4033466
# construct suffix tree for sequence of length 4033466
# (maximum reference length is 536870908)
# (maximum query length is 4294967295)
# process 40334 characters per dot
#.#....................................................................................................................................................................................................
# CONSTRUCTIONTIME /software/galaxy/master/sabbai/galaxy-dist/tools/comparative_assembly_statistics/quast-2.2/libs/MUMmer3.23-linux/mummer /software/galaxy/master/sabbai/galaxy-dist/database/job_working_directory/002/2215/dataset_2297_files/Contig/contigs_reports/nucmer_output/Velvet_1.2.ntref 1.74
# reading input file "/software/galaxy/master/sabbai/galaxy-dist/database/job_working_directory/002/2215/dataset_2297_files/Contig/corrected_input/Velvet_1.2.08-Hiseq" ..of length 3903781
# matching query-file "/software/galaxy/master/sabbai/galaxy-dist/database/job_working_directory/002/2215/dataset_2297_files/Contig/corrected_input/Velvet_1.2.08-Hiseq"
# against subject-file "/software/galaxy/master/sabbai/galaxy-dist/database/job_working_directory/002/2215/dataset_2297_files/Contig/contigs_reports/nucmer_output/Velvet_1.2.ntref"
.
# CONSTRUCTIONTIME /software/galaxy/master/sabbai/galaxy-dist/tools/comparative_assembly_statistics/quast-2.2/libs/MUMmer3.23-linux/mummer /software/galaxy/master/sabbai/galaxy-dist/database/job_working_directory/002/2215/dataset_2297_files/Contig/contigs_reports/nucmer_output/Velvet_1.2.ntref 1.80
# reading input file "/software/galaxy/master/sabbai/galaxy-dist/database/job_working_directory/002/2215/dataset_2297_files/Contig/corrected_input/Velvet_1.2.10-Hiseq" of length 3903781
# matching query-file "/software/galaxy/master/sabbai/galaxy-dist/database/job_working_directory/002/2215/dataset_2297_files/Contig/corrected_input/Velvet_1.2.10-Hiseq"
# against subject-file "/software/galaxy/master/sabbai/galaxy-dist/database/job_working_directory/002/2215/dataset_2297_files/Contig/contigs_reports/nucmer_output/Velvet_1.2.ntref"
# COMPLETETIME /software/galaxy/master/sabbai/galaxy-dist/tools/comparative_assembly_statistics/quast-2.2/libs/MUMmer3.23-linux/mummer /software/galaxy/master/sabbai/galaxy-dist/database/job_working_directory/002/2215/dataset_2297_files/Contig/contigs_reports/nucmer_output/Velvet_1.2.ntref 5.59
# SPACE /software/galaxy/master/sabbai/galaxy-dist/tools/comparative_assembly_statistics/quast-2.2/libs/MUMmer3.23-linux/mummer /software/galaxy/master/sabbai/galaxy-dist/database/job_working_directory/002/2215/dataset_2297_files/Contig/contigs_reports/nucmer_output/Velvet_1.2.ntref 7.70
4: FINISHING DATA
# COMPLETETIME /software/galaxy/master/sabbai/galaxy-dist/tools/comparative_assembly_statistics/quast-2.2/libs/MUMmer3.23-linux/mummer /software/galaxy/master/sabbai/galaxy-dist/database/job_working_directory/002/2215/dataset_2297_files/Contig/contigs_reports/nucmer_output/Velvet_1.2.ntref 5.70
# SPACE /software/galaxy/master/sabbai/galaxy-dist/tools/comparative_assembly_statistics/quast-2.2/libs/MUMmer3.23-linux/mummer /software/galaxy/master/sabbai/galaxy-dist/database/job_working_directory/002/2215/dataset_2297_files/Contig/contigs_reports/nucmer_output/Velvet_1.2.ntref 7.70
4: FINISHING DATA
WARNING: there was a problem deleting the temporary output files
