/usit/invitro/data/galaxy/master/sabbai/galaxy-dist/tools/comparative_assembly_statistics/quast-2.2/quast.py -o /usit/invitro/data/galaxy/master/sabbai/galaxy-dist/database/job_working_directory/001/1617/dataset_1699_files/Scaffold -R /usit/invitro/data/galaxy/master/sabbai/galaxy-dist/tools/comparative_assembly_statistics/reference/refGen/A_hydrophila_ATCC_7966.fna -G /usit/invitro/data/galaxy/master/sabbai/galaxy-dist/tools/comparative_assembly_statistics/reference/genefiles/A_hydrophila_ATCC_7966.gff -l AH-H-Abyss-Scaffold, AH-H-Cabog-Scaffold, AH-H-Msrca-Scaffold, AH-H-Sga-Scaffold, AH-H-Soap-Scaffold, AH-H-Spades-Scaffold, AH-H-Velvet-Scaffold --scaffolds /usit/invitro/data/galaxy/master/sabbai/galaxy-dist/database/files/000/dataset_585.dat /usit/invitro/data/galaxy/master/sabbai/galaxy-dist/database/files/000/dataset_586.dat /usit/invitro/data/galaxy/master/sabbai/galaxy-dist/database/files/000/dataset_587.dat /usit/invitro/data/galaxy/master/sabbai/galaxy-dist/database/files/000/dataset_588.dat /usit/invitro/data/galaxy/master/sabbai/galaxy-dist/database/files/000/dataset_589.dat /usit/invitro/data/galaxy/master/sabbai/galaxy-dist/database/files/000/dataset_590.dat /usit/invitro/data/galaxy/master/sabbai/galaxy-dist/database/files/000/dataset_591.dat

Version 2.2, build 19.07.2013 21:21


System information:
  OS: Linux-2.6.18-371.el5-x86_64-with-redhat-5.10-Tikanga
  Python version: 2.7.0
  CPUs number: 64

Started: 2014-05-02 18:33:12

Logging to /usit/invitro/data/galaxy/master/sabbai/galaxy-dist/database/job_working_directory/001/1617/dataset_1699_files/Scaffold/quast.log

NOTICE: Output directory already exists. Existing Nucmer alignments can be used.

NOTICE: Maximum number of threads is set to 64 (use --threads option to set it manually)

Reference:
  /usit/invitro/data/galaxy/master/sabbai/galaxy-dist/tools/comparative_assembly_statistics/reference/refGen/A_hydrophila_ATCC_7966.fna ==> A_hydrophila_ATCC_7966

Contigs:
  /usit/invitro/data/galaxy/master/sabbai/galaxy-dist/database/files/000/dataset_585.dat ==> AH-H-Abyss-Scaffold
  breaking scaffolds into contigs:
      2389 scaffolds (AH-H-Abyss-Scaffold) were broken into 167 contigs (AH-H-Abyss-Scaffold_broken)
  /usit/invitro/data/galaxy/master/sabbai/galaxy-dist/database/files/000/dataset_586.dat ==> AH-H-Cabog-Scaffold
  breaking scaffolds into contigs:
      257035 scaffolds (AH-H-Cabog-Scaffold) were broken into 113 contigs (AH-H-Cabog-Scaffold_broken)
  /usit/invitro/data/galaxy/master/sabbai/galaxy-dist/database/files/000/dataset_587.dat ==> AH-H-Msrca-Scaffold
  breaking scaffolds into contigs:
      1 scaffolds (AH-H-Msrca-Scaffold) were broken into 32 contigs (AH-H-Msrca-Scaffold_broken)
  /usit/invitro/data/galaxy/master/sabbai/galaxy-dist/database/files/000/dataset_588.dat ==> AH-H-Sga-Scaffold
  breaking scaffolds into contigs:
      1 scaffolds (AH-H-Sga-Scaffold) were broken into 189 contigs (AH-H-Sga-Scaffold_broken)
  /usit/invitro/data/galaxy/master/sabbai/galaxy-dist/database/files/000/dataset_589.dat ==> AH-H-Soap-Scaffold
  breaking scaffolds into contigs:
      200879 scaffolds (AH-H-Soap-Scaffold) were broken into 206 contigs (AH-H-Soap-Scaffold_broken)
  /usit/invitro/data/galaxy/master/sabbai/galaxy-dist/database/files/000/dataset_590.dat ==> AH-H-Spades-Scaffold
  breaking scaffolds into contigs:
      1 scaffolds (AH-H-Spades-Scaffold) were broken into 331 contigs (AH-H-Spades-Scaffold_broken)
  /usit/invitro/data/galaxy/master/sabbai/galaxy-dist/database/files/000/dataset_591.dat ==> AH-H-Velvet-Scaffold
  breaking scaffolds into contigs:
      1 scaffolds (AH-H-Velvet-Scaffold) were broken into 103 contigs (AH-H-Velvet-Scaffold_broken)

2014-05-02 18:33:20
Running Basic statistics processor...
  Reference genome:
    A_hydrophila_ATCC_7966.fna, Reference length = 4744448, Reference GC % = 61.55
  Contig files: 
    1  AH-H-Abyss-Scaffold broken
    2  AH-H-Abyss-Scaffold
    3  AH-H-Cabog-Scaffold broken
    4  AH-H-Cabog-Scaffold
    5  AH-H-Msrca-Scaffold broken
    6  AH-H-Msrca-Scaffold
    7  AH-H-Sga-Scaffold broken
    8  AH-H-Sga-Scaffold
    9  AH-H-Soap-Scaffold broken
    10  AH-H-Soap-Scaffold
    11 AH-H-Spades-Scaffold broken
    12 AH-H-Spades-Scaffold
    13 AH-H-Velvet-Scaffold broken
    14 AH-H-Velvet-Scaffold
  Calculating N50 and L50...
    1  AH-H-Abyss-Scaffold broken, N50 = 237457, L50 = 7, Total length = 4967765, GC % = 61.54, # N's per 100 kbp =  0.02
    2  AH-H-Abyss-Scaffold, N50 = 268392, L50 = 6, Total length = 4969781, GC % = 61.53, # N's per 100 kbp =  9.88
    3  AH-H-Cabog-Scaffold broken, N50 = 278382, L50 = 6, Total length = 5004541, GC % = 61.60, # N's per 100 kbp =  0.00
    4  AH-H-Cabog-Scaffold, N50 = 278382, L50 = 6, Total length = 5010956, GC % = 61.60, # N's per 100 kbp =  31.65
    5  AH-H-Msrca-Scaffold broken, N50 = 828647, L50 = 3, Total length = 4914380, GC % = 61.61, # N's per 100 kbp =  0.00
    6  AH-H-Msrca-Scaffold, N50 = 862315, L50 = 3, Total length = 4914420, GC % = 61.61, # N's per 100 kbp =  0.81
    7  AH-H-Sga-Scaffold broken, N50 = 67129, L50 = 25, Total length = 4864352, GC % = 61.63, # N's per 100 kbp =  0.00
    8  AH-H-Sga-Scaffold, N50 = 67129, L50 = 25, Total length = 4864352, GC % = 61.63, # N's per 100 kbp =  0.00
    9  AH-H-Soap-Scaffold broken, N50 = 334435, L50 = 5, Total length = 4889068, GC % = 61.61, # N's per 100 kbp =  0.20
    10  AH-H-Soap-Scaffold, N50 = 334435, L50 = 5, Total length = 4889068, GC % = 61.61, # N's per 100 kbp =  0.20
    11 AH-H-Spades-Scaffold broken, N50 = 379681, L50 = 5, Total length = 4928940, GC % = 61.54, # N's per 100 kbp =  1.28
    12 AH-H-Spades-Scaffold, N50 = 379681, L50 = 5, Total length = 4928940, GC % = 61.54, # N's per 100 kbp =  1.28
    13 AH-H-Velvet-Scaffold broken, N50 = 180361, L50 = 9, Total length = 4886581, GC % = 61.61, # N's per 100 kbp =  0.00
    14 AH-H-Velvet-Scaffold, N50 = 301388, L50 = 5, Total length = 4888113, GC % = 61.61, # N's per 100 kbp =  23.08
  Drawing cumulative plot...
    saved to /usit/invitro/data/galaxy/master/sabbai/galaxy-dist/database/job_working_directory/001/1617/dataset_1699_files/Scaffold/basic_stats/cumulative_plot.pdf
  Drawing GC content plot...
    saved to /usit/invitro/data/galaxy/master/sabbai/galaxy-dist/database/job_working_directory/001/1617/dataset_1699_files/Scaffold/basic_stats/GC_content_plot.pdf
  Drawing Nx plot...
    saved to /usit/invitro/data/galaxy/master/sabbai/galaxy-dist/database/job_working_directory/001/1617/dataset_1699_files/Scaffold/basic_stats/Nx_plot.pdf
  Drawing NGx plot...
    saved to /usit/invitro/data/galaxy/master/sabbai/galaxy-dist/database/job_working_directory/001/1617/dataset_1699_files/Scaffold/basic_stats/NGx_plot.pdf
Done.

2014-05-02 18:33:28
Running Contig analyzer...
  1  AH-H-Abyss-Scaffold broken
  1  Logging to files /usit/invitro/data/galaxy/master/sabbai/galaxy-dist/database/job_working_directory/001/1617/dataset_1699_files/Scaffold/contigs_reports/contigs_report_AH-H-Abyss-Scaffold_broken.stdout and contigs_report_AH-H-Abyss-Scaffold_broken.stderr...
  2  AH-H-Abyss-Scaffold
  2  Logging to files /usit/invitro/data/galaxy/master/sabbai/galaxy-dist/database/job_working_directory/001/1617/dataset_1699_files/Scaffold/contigs_reports/contigs_report_AH-H-Abyss-Scaffold.stdout and contigs_report_AH-H-Abyss-Scaffold.stderr...
  1  Running Nucmer... 
  3  Logging to files /usit/invitro/data/galaxy/master/sabbai/galaxy-dist/database/job_working_directory/001/1617/dataset_1699_files/Scaffold/contigs_reports/contigs_report_AH-H-Cabog-Scaffold_broken.stdout and contigs_report_AH-H-Cabog-Scaffold_broken.stderr...
  2  Running Nucmer... 
  3  Running Nucmer... 
  4  AH-H-Cabog-Scaffold
  4  Logging to files /usit/invitro/data/galaxy/master/sabbai/galaxy-dist/database/job_working_directory/001/1617/dataset_1699_files/Scaffold/contigs_reports/contigs_report_AH-H-Cabog-Scaffold.stdout and contigs_report_AH-H-Cabog-Scaffold.stderr...
  4  Running Nucmer... 
  5  AH-H-Msrca-Scaffold broken
  5  Logging to files /usit/invitro/data/galaxy/master/sabbai/galaxy-dist/database/job_working_directory/001/1617/dataset_1699_files/Scaffold/contigs_reports/contigs_report_AH-H-Msrca-Scaffold_broken.stdout and contigs_report_AH-H-Msrca-Scaffold_broken.stderr...
  5  Running Nucmer... 
  6  AH-H-Msrca-Scaffold
  6  Logging to files /usit/invitro/data/galaxy/master/sabbai/galaxy-dist/database/job_working_directory/001/1617/dataset_1699_files/Scaffold/contigs_reports/contigs_report_AH-H-Msrca-Scaffold.stdout and contigs_report_AH-H-Msrca-Scaffold.stderr...
  7  AH-H-Sga-Scaffold broken
  6  Running Nucmer... 
  7  Logging to files /usit/invitro/data/galaxy/master/sabbai/galaxy-dist/database/job_working_directory/001/1617/dataset_1699_files/Scaffold/contigs_reports/contigs_report_AH-H-Sga-Scaffold_broken.stdout and contigs_report_AH-H-Sga-Scaffold_broken.stderr...
  7  Running Nucmer... 
  8  AH-H-Sga-Scaffold
  8  Logging to files /usit/invitro/data/galaxy/master/sabbai/galaxy-dist/database/job_working_directory/001/1617/dataset_1699_files/Scaffold/contigs_reports/contigs_report_AH-H-Sga-Scaffold.stdout and contigs_report_AH-H-Sga-Scaffold.stderr...
  8  Running Nucmer... 
  9  AH-H-Soap-Scaffold broken
  9  Logging to files /usit/invitro/data/galaxy/master/sabbai/galaxy-dist/database/job_working_directory/001/1617/dataset_1699_files/Scaffold/contigs_reports/contigs_report_AH-H-Soap-Scaffold_broken.stdout and contigs_report_AH-H-Soap-Scaffold_broken.stderr...
  9  Running Nucmer... 
  10  AH-H-Soap-Scaffold
  10  Logging to files /usit/invitro/data/galaxy/master/sabbai/galaxy-dist/database/job_working_directory/001/1617/dataset_1699_files/Scaffold/contigs_reports/contigs_report_AH-H-Soap-Scaffold.stdout and contigs_report_AH-H-Soap-Scaffold.stderr...
  10  Running Nucmer... 
  11 AH-H-Spades-Scaffold broken
  11 Logging to files /usit/invitro/data/galaxy/master/sabbai/galaxy-dist/database/job_working_directory/001/1617/dataset_1699_files/Scaffold/contigs_reports/contigs_report_AH-H-Spades-Scaffold_broken.stdout and contigs_report_AH-H-Spades-Scaffold_broken.stderr...
  12 AH-H-Spades-Scaffold
  11 Running Nucmer... 
  13 AH-H-Velvet-Scaffold broken
  12 Logging to files /usit/invitro/data/galaxy/master/sabbai/galaxy-dist/database/job_working_directory/001/1617/dataset_1699_files/Scaffold/contigs_reports/contigs_report_AH-H-Spades-Scaffold.stdout and contigs_report_AH-H-Spades-Scaffold.stderr...
  14 AH-H-Velvet-Scaffold
  12 Running Nucmer... 
  13 Logging to files /usit/invitro/data/galaxy/master/sabbai/galaxy-dist/database/job_working_directory/001/1617/dataset_1699_files/Scaffold/contigs_reports/contigs_report_AH-H-Velvet-Scaffold_broken.stdout and contigs_report_AH-H-Velvet-Scaffold_broken.stderr...
  14 Logging to files /usit/invitro/data/galaxy/master/sabbai/galaxy-dist/database/job_working_directory/001/1617/dataset_1699_files/Scaffold/contigs_reports/contigs_report_AH-H-Velvet-Scaffold.stdout and contigs_report_AH-H-Velvet-Scaffold.stderr...
  14 Running Nucmer... 
  13 Running Nucmer... 
/usit/invitro/data/galaxy/master/sabbai/galaxy-dist/database/job_working_directory/001/1617/dataset_1699_files/Scaffold/contigs_reports/alignments_AH-H-Soap-Scaffold_broken.tsv
  18231 Analysis is finished.
/usit/invitro/data/galaxy/master/sabbai/galaxy-dist/database/job_working_directory/001/1617/dataset_1699_files/Scaffold/contigs_reports/alignments_AH-H-Soap-Scaffold.tsv
  18231 Analysis is finished.
/usit/invitro/data/galaxy/master/sabbai/galaxy-dist/database/job_working_directory/001/1617/dataset_1699_files/Scaffold/contigs_reports/alignments_AH-H-Velvet-Scaffold_broken.tsv
  19131 Analysis is finished.
/usit/invitro/data/galaxy/master/sabbai/galaxy-dist/database/job_working_directory/001/1617/dataset_1699_files/Scaffold/contigs_reports/alignments_AH-H-Msrca-Scaffold.tsv
  19461 Analysis is finished.
/usit/invitro/data/galaxy/master/sabbai/galaxy-dist/database/job_working_directory/001/1617/dataset_1699_files/Scaffold/contigs_reports/alignments_AH-H-Spades-Scaffold_broken.tsv
  19293 Analysis is finished.
/usit/invitro/data/galaxy/master/sabbai/galaxy-dist/database/job_working_directory/001/1617/dataset_1699_files/Scaffold/contigs_reports/alignments_AH-H-Velvet-Scaffold.tsv
  19131 Analysis is finished.
/usit/invitro/data/galaxy/master/sabbai/galaxy-dist/database/job_working_directory/001/1617/dataset_1699_files/Scaffold/contigs_reports/alignments_AH-H-Sga-Scaffold.tsv
  44510 Analysis is finished.
/usit/invitro/data/galaxy/master/sabbai/galaxy-dist/database/job_working_directory/001/1617/dataset_1699_files/Scaffold/contigs_reports/alignments_AH-H-Abyss-Scaffold_broken.tsv
  20244 Analysis is finished.
/usit/invitro/data/galaxy/master/sabbai/galaxy-dist/database/job_working_directory/001/1617/dataset_1699_files/Scaffold/contigs_reports/alignments_AH-H-Msrca-Scaffold_broken.tsv
  19461 Analysis is finished.
/usit/invitro/data/galaxy/master/sabbai/galaxy-dist/database/job_working_directory/001/1617/dataset_1699_files/Scaffold/contigs_reports/alignments_AH-H-Spades-Scaffold.tsv
  19293 Analysis is finished.
/usit/invitro/data/galaxy/master/sabbai/galaxy-dist/database/job_working_directory/001/1617/dataset_1699_files/Scaffold/contigs_reports/alignments_AH-H-Cabog-Scaffold_broken.tsv
  20486 Analysis is finished.
/usit/invitro/data/galaxy/master/sabbai/galaxy-dist/database/job_working_directory/001/1617/dataset_1699_files/Scaffold/contigs_reports/alignments_AH-H-Abyss-Scaffold.tsv
  2774 Analysis is finished.
/usit/invitro/data/galaxy/master/sabbai/galaxy-dist/database/job_working_directory/001/1617/dataset_1699_files/Scaffold/contigs_reports/alignments_AH-H-Sga-Scaffold_broken.tsv
  44510 Analysis is finished.
/usit/invitro/data/galaxy/master/sabbai/galaxy-dist/database/job_working_directory/001/1617/dataset_1699_files/Scaffold/contigs_reports/alignments_AH-H-Cabog-Scaffold.tsv
  20486 Analysis is finished.
  Creating total report...
    saved to /usit/invitro/data/galaxy/master/sabbai/galaxy-dist/database/job_working_directory/001/1617/dataset_1699_files/Scaffold/contigs_reports/misassemblies_report.txt, misassemblies_report.tsv, and misassemblies_report.tex
  Creating total report...
    saved to /usit/invitro/data/galaxy/master/sabbai/galaxy-dist/database/job_working_directory/001/1617/dataset_1699_files/Scaffold/contigs_reports/unaligned_report.txt, unaligned_report.tsv, and unaligned_report.tex
Done.

2014-05-02 18:34:28
Running NA-NGA calculation...
  Calculating NA50 and NGA50...
    1  AH-H-Abyss-Scaffold broken, Largest alignment = 52419, NA50 = None, NGA50 = None, LA50 = None, LGA50 = None
    2  AH-H-Abyss-Scaffold, Largest alignment = 52419, NA50 = None, NGA50 = None, LA50 = None, LGA50 = None
    3  AH-H-Cabog-Scaffold broken, Largest alignment = 52397, NA50 = None, NGA50 = None, LA50 = None, LGA50 = None
    4  AH-H-Cabog-Scaffold, Largest alignment = 52397, NA50 = None, NGA50 = None, LA50 = None, LGA50 = None
    5  AH-H-Msrca-Scaffold broken, Largest alignment = 52419, NA50 = None, NGA50 = None, LA50 = None, LGA50 = None
    6  AH-H-Msrca-Scaffold, Largest alignment = 52419, NA50 = None, NGA50 = None, LA50 = None, LGA50 = None
    7  AH-H-Sga-Scaffold broken, Largest alignment = 52419, NA50 = None, NGA50 = None, LA50 = None, LGA50 = None
    8  AH-H-Sga-Scaffold, Largest alignment = 52419, NA50 = None, NGA50 = None, LA50 = None, LGA50 = None
    9  AH-H-Soap-Scaffold broken, Largest alignment = 52419, NA50 = None, NGA50 = None, LA50 = None, LGA50 = None
    10  AH-H-Soap-Scaffold, Largest alignment = 52419, NA50 = None, NGA50 = None, LA50 = None, LGA50 = None
    11 AH-H-Spades-Scaffold broken, Largest alignment = 52419, NA50 = None, NGA50 = None, LA50 = None, LGA50 = None
    12 AH-H-Spades-Scaffold, Largest alignment = 52419, NA50 = None, NGA50 = None, LA50 = None, LGA50 = None
    13 AH-H-Velvet-Scaffold broken, Largest alignment = 52419, NA50 = None, NGA50 = None, LA50 = None, LGA50 = None
    14 AH-H-Velvet-Scaffold, Largest alignment = 52419, NA50 = None, NGA50 = None, LA50 = None, LGA50 = None
  Drawing cumulative plot...
    saved to /usit/invitro/data/galaxy/master/sabbai/galaxy-dist/database/job_working_directory/001/1617/dataset_1699_files/Scaffold/aligned_stats/cumulative_plot.pdf
  Drawing NAx plot...
    saved to /usit/invitro/data/galaxy/master/sabbai/galaxy-dist/database/job_working_directory/001/1617/dataset_1699_files/Scaffold/aligned_stats/NAx_plot.pdf
  Drawing NGAx plot...
    saved to /usit/invitro/data/galaxy/master/sabbai/galaxy-dist/database/job_working_directory/001/1617/dataset_1699_files/Scaffold/aligned_stats/NGAx_plot.pdf
  Done.

2014-05-02 18:34:31
Running Genome analyzer...
  Loaded 4284 genes
  NOTICE: Annotated operons file was not provided. Use -O option to specify it.
  1  AH-H-Abyss-Scaffold broken
  2  AH-H-Abyss-Scaffold
  3  AH-H-Cabog-Scaffold broken
  4  AH-H-Cabog-Scaffold
  5  AH-H-Msrca-Scaffold broken
  6  AH-H-Msrca-Scaffold
  7  AH-H-Sga-Scaffold broken
  8  AH-H-Sga-Scaffold
  9  AH-H-Soap-Scaffold broken
  10  AH-H-Soap-Scaffold
  11 AH-H-Spades-Scaffold broken
  12 AH-H-Spades-Scaffold
  13 AH-H-Velvet-Scaffold broken
  14 AH-H-Velvet-Scaffold
  Drawing genes cumulative plot...
    saved to /usit/invitro/data/galaxy/master/sabbai/galaxy-dist/database/job_working_directory/001/1617/dataset_1699_files/Scaffold/genome_stats/genes_cumulative_plot.pdf
  Drawing # complete genes histogram...
    saved to /usit/invitro/data/galaxy/master/sabbai/galaxy-dist/database/job_working_directory/001/1617/dataset_1699_files/Scaffold/genome_stats/complete_genes_histogram.pdf
  Drawing Genome fraction, % histogram...
    saved to /usit/invitro/data/galaxy/master/sabbai/galaxy-dist/database/job_working_directory/001/1617/dataset_1699_files/Scaffold/genome_stats/genome_fraction_histogram.pdf
Done.

NOTICE: Genes are not predicted by default. Use --gene-finding option to enable it.

2014-05-02 18:35:02
Summarizing...
  Creating total report...
    saved to /usit/invitro/data/galaxy/master/sabbai/galaxy-dist/database/job_working_directory/001/1617/dataset_1699_files/Scaffold/report.txt, report.tsv, and report.tex
  Transposed version of total report...
    saved to /usit/invitro/data/galaxy/master/sabbai/galaxy-dist/database/job_working_directory/001/1617/dataset_1699_files/Scaffold/transposed_report.txt, transposed_report.tsv, and transposed_report.tex
  HTML version saved to /usit/invitro/data/galaxy/master/sabbai/galaxy-dist/database/job_working_directory/001/1617/dataset_1699_files/Scaffold/report.html
  All pdf files are merged to /usit/invitro/data/galaxy/master/sabbai/galaxy-dist/database/job_working_directory/001/1617/dataset_1699_files/Scaffold/plots.pdf
Log saved to /usit/invitro/data/galaxy/master/sabbai/galaxy-dist/database/job_working_directory/001/1617/dataset_1699_files/Scaffold/quast.log

Finished: 2014-05-02 18:35:02
Elapsed time: 0:01:49.669159
