Aligning contigs to reference...
	Running Nucmer...
Parsing coords...
Loading Assembly...
Loading reference...
	Loaded [gi|117617447|ref|NC_008570.1|_Aeromonas_hydrophila_subsp._hydrophila_ATCC_7966_chromosome__complete_genome]
Loading SNPs...
Loading regions...
	No regions given, using whole reference.
	Total Regions: 1
	Total Region Length: 4744448
Analyzing contigs...
CONTIG: NODE_156_length_686_cov_36.237610_1 (734bp)
		This contig is unaligned. (734 bp)
		Unaligned bases: 734  total: 734

CONTIG: NODE_87_length_501_cov_44.684631_1 (549bp)
		This contig is unaligned. (549 bp)
		Unaligned bases: 549  total: 1283

CONTIG: NODE_511_length_246599_cov_46.510365_4 (30446bp)
		This contig is unaligned. (30446 bp)
		Unaligned bases: 30446  total: 31729

CONTIG: NODE_511_length_246599_cov_46.510365_2 (9220bp)
		This contig is unaligned. (9220 bp)
		Unaligned bases: 9220  total: 40949

CONTIG: NODE_511_length_246599_cov_46.510365_3 (157783bp)
		This contig is unaligned. (157783 bp)
		Unaligned bases: 157783  total: 198732

CONTIG: NODE_511_length_246599_cov_46.510365_1 (48677bp)
		This contig is unaligned. (48677 bp)
		Unaligned bases: 48677  total: 247409

CONTIG: NODE_4_length_17103_cov_37.322342_1 (17151bp)
		This contig is unaligned. (17151 bp)
		Unaligned bases: 17151  total: 264560

CONTIG: NODE_1_length_1135_cov_170.138321_1 (1183bp)
		This contig is unaligned. (1183 bp)
		Unaligned bases: 1183  total: 265743

CONTIG: NODE_443_length_218202_cov_41.327595_3 (56052bp)
		This contig is unaligned. (56052 bp)
		Unaligned bases: 56052  total: 321795

CONTIG: NODE_9_length_773_cov_35.557568_1 (821bp)
		This contig is unaligned. (821 bp)
		Unaligned bases: 821  total: 322616

CONTIG: NODE_266_length_411879_cov_35.355106_8 (22590bp)
		This contig is unaligned. (22590 bp)
		Unaligned bases: 22590  total: 345206

CONTIG: NODE_169_length_469_cov_62.876331_1 (517bp)
		This contig is unaligned. (517 bp)
		Unaligned bases: 517  total: 345723

CONTIG: NODE_266_length_411879_cov_35.355106_6 (34894bp)
		This contig is unaligned. (34894 bp)
		Unaligned bases: 34894  total: 380617

CONTIG: NODE_266_length_411879_cov_35.355106_7 (3017bp)
		This contig is unaligned. (3017 bp)
		Unaligned bases: 3017  total: 383634

CONTIG: NODE_266_length_411879_cov_35.355106_4 (9198bp)
		This contig is unaligned. (9198 bp)
		Unaligned bases: 9198  total: 392832

CONTIG: NODE_266_length_411879_cov_35.355106_5 (18661bp)
		This contig is unaligned. (18661 bp)
		Unaligned bases: 18661  total: 411493

CONTIG: NODE_141_length_23988_cov_29.897324_1 (19470bp)
		This contig is unaligned. (19470 bp)
		Unaligned bases: 19470  total: 430963

CONTIG: NODE_266_length_411879_cov_35.355106_3 (3338bp)
		This contig is unaligned. (3338 bp)
		Unaligned bases: 3338  total: 434301

CONTIG: NODE_141_length_23988_cov_29.897324_2 (4397bp)
		This contig is unaligned. (4397 bp)
		Unaligned bases: 4397  total: 438698

CONTIG: NODE_271_length_356388_cov_37.414185_6 (54119bp)
		This contig is unaligned. (54119 bp)
		Unaligned bases: 54119  total: 492817

CONTIG: NODE_271_length_356388_cov_37.414185_7 (137030bp)
		This contig is unaligned. (137030 bp)
		Unaligned bases: 137030  total: 629847

CONTIG: NODE_271_length_356388_cov_37.414185_4 (3229bp)
		This contig is unaligned. (3229 bp)
		Unaligned bases: 3229  total: 633076

CONTIG: NODE_271_length_356388_cov_37.414185_5 (1418bp)
		This contig is unaligned. (1418 bp)
		Unaligned bases: 1418  total: 634494

CONTIG: NODE_271_length_356388_cov_37.414185_2 (34439bp)
		This contig is unaligned. (34439 bp)
		Unaligned bases: 34439  total: 668933

CONTIG: NODE_271_length_356388_cov_37.414185_3 (7118bp)
		This contig is unaligned. (7118 bp)
		Unaligned bases: 7118  total: 676051

CONTIG: NODE_32_length_35130_cov_35.538059_1 (35178bp)
		This contig is unaligned. (35178 bp)
		Unaligned bases: 35178  total: 711229

CONTIG: NODE_191_length_85160_cov_42.406635_3 (1419bp)
		This contig is unaligned. (1419 bp)
		Unaligned bases: 1419  total: 712648

CONTIG: NODE_327_length_31385_cov_35.724838_1 (23704bp)
		This contig is unaligned. (23704 bp)
		Unaligned bases: 23704  total: 736352

CONTIG: NODE_330_length_560_cov_28.389286_1 (608bp)
		This contig is unaligned. (608 bp)
		Unaligned bases: 608  total: 736960

CONTIG: NODE_327_length_31385_cov_35.724838_2 (7556bp)
		This contig is unaligned. (7556 bp)
		Unaligned bases: 7556  total: 744516

CONTIG: NODE_79_length_41325_cov_42.573746_1 (41373bp)
		This contig is unaligned. (41373 bp)
		Unaligned bases: 41373  total: 785889

CONTIG: NODE_271_length_356388_cov_37.414185_8 (61617bp)
		This contig is unaligned. (61617 bp)
		Unaligned bases: 61617  total: 847506

CONTIG: NODE_81_length_920_cov_39.267391_1 (968bp)
		This contig is unaligned. (968 bp)
		Unaligned bases: 968  total: 848474

CONTIG: NODE_377_length_537_cov_63.931099_1 (585bp)
		This contig is unaligned. (585 bp)
		Unaligned bases: 585  total: 849059

CONTIG: NODE_2_length_2530_cov_37.303951_1 (2578bp)
		This contig is unaligned. (2578 bp)
		Unaligned bases: 2578  total: 851637

CONTIG: NODE_443_length_218202_cov_41.327595_9 (6055bp)
		This contig is unaligned. (6055 bp)
		Unaligned bases: 6055  total: 857692

CONTIG: NODE_404_length_60316_cov_45.778019_5 (5041bp)
		This contig is unaligned. (5041 bp)
		Unaligned bases: 5041  total: 862733

CONTIG: NODE_404_length_60316_cov_45.778019_1 (10817bp)
		This contig is unaligned. (10817 bp)
		Unaligned bases: 10817  total: 873550

CONTIG: NODE_404_length_60316_cov_45.778019_2 (21151bp)
		This contig is unaligned. (21151 bp)
		Unaligned bases: 21151  total: 894701

CONTIG: NODE_404_length_60316_cov_45.778019_3 (22520bp)
		This contig is unaligned. (22520 bp)
		Unaligned bases: 22520  total: 917221

CONTIG: NODE_265_length_19125_cov_34.589645_1 (2333bp)
		This contig is unaligned. (2333 bp)
		Unaligned bases: 2333  total: 919554

CONTIG: NODE_34_length_1402_cov_420.071320_1 (1450bp)
		This contig is unaligned. (1450 bp)
		Unaligned bases: 1450  total: 921004

CONTIG: NODE_265_length_19125_cov_34.589645_3 (14786bp)
		This contig is unaligned. (14786 bp)
		Unaligned bases: 14786  total: 935790

CONTIG: NODE_265_length_19125_cov_34.589645_2 (1709bp)
		This contig is unaligned. (1709 bp)
		Unaligned bases: 1709  total: 937499

CONTIG: NODE_117_length_30755_cov_45.046368_1 (5638bp)
		This contig is unaligned. (5638 bp)
		Unaligned bases: 5638  total: 943137

CONTIG: NODE_170_length_22236_cov_36.323303_1 (5101bp)
		This contig is unaligned. (5101 bp)
		Unaligned bases: 5101  total: 948238

CONTIG: NODE_44_length_1543_cov_34.794556_1 (1591bp)
		This contig is unaligned. (1591 bp)
		Unaligned bases: 1591  total: 949829

CONTIG: NODE_170_length_22236_cov_36.323303_2 (17027bp)
		This contig is unaligned. (17027 bp)
		Unaligned bases: 17027  total: 966856

CONTIG: NODE_60_length_3128_cov_377.599731_1 (3176bp)
		This contig is unaligned. (3176 bp)
		Unaligned bases: 3176  total: 970032

CONTIG: NODE_271_length_356388_cov_37.414185_10 (1460bp)
		This contig is unaligned. (1460 bp)
		Unaligned bases: 1460  total: 971492

CONTIG: NODE_298_length_82119_cov_39.153278_3 (1060bp)
		This contig is unaligned. (1060 bp)
		Unaligned bases: 1060  total: 972552

CONTIG: NODE_118_length_602_cov_51.870430_1 (650bp)
		This contig is unaligned. (650 bp)
		Unaligned bases: 650  total: 973202

CONTIG: NODE_3_length_575_cov_128.582611_1 (623bp)
		This contig is unaligned. (623 bp)
		Unaligned bases: 623  total: 973825

CONTIG: NODE_14_length_36795_cov_38.307407_1 (36843bp)
		This contig is unaligned. (36843 bp)
		Unaligned bases: 36843  total: 1010668

CONTIG: NODE_41_length_18147_cov_37.314541_1 (18195bp)
		This contig is unaligned. (18195 bp)
		Unaligned bases: 18195  total: 1028863

CONTIG: NODE_142_length_95637_cov_45.545425_4 (8645bp)
		This contig is unaligned. (8645 bp)
		Unaligned bases: 8645  total: 1037508

CONTIG: NODE_142_length_95637_cov_45.545425_1 (71501bp)
		This contig is unaligned. (71501 bp)
		Unaligned bases: 71501  total: 1109009

CONTIG: NODE_142_length_95637_cov_45.545425_2 (2479bp)
		This contig is unaligned. (2479 bp)
		Unaligned bases: 2479  total: 1111488

CONTIG: NODE_142_length_95637_cov_45.545425_3 (12622bp)
		This contig is unaligned. (12622 bp)
		Unaligned bases: 12622  total: 1124110

CONTIG: NODE_386_length_1056_cov_28.446022_1 (1104bp)
		This contig is unaligned. (1104 bp)
		Unaligned bases: 1104  total: 1125214

CONTIG: NODE_61_length_932_cov_70.850861_1 (980bp)
		This contig is unaligned. (980 bp)
		Unaligned bases: 980  total: 1126194

CONTIG: NODE_437_length_45477_cov_44.136574_3 (4336bp)
		This contig is unaligned. (4336 bp)
		Unaligned bases: 4336  total: 1130530

CONTIG: NODE_114_length_213661_cov_43.945068_4 (31971bp)
		This contig is unaligned. (31971 bp)
		Unaligned bases: 31971  total: 1162501

CONTIG: NODE_266_length_411879_cov_35.355106_9 (40877bp)
		This contig is unaligned. (40877 bp)
		Unaligned bases: 40877  total: 1203378

CONTIG: NODE_114_length_213661_cov_43.945068_1 (71595bp)
		This contig is unaligned. (71595 bp)
		Unaligned bases: 71595  total: 1274973

CONTIG: NODE_114_length_213661_cov_43.945068_2 (109273bp)
		This contig is unaligned. (109273 bp)
		Unaligned bases: 109273  total: 1384246

CONTIG: NODE_114_length_213661_cov_43.945068_3 (629bp)
		This contig is unaligned. (629 bp)
		Unaligned bases: 629  total: 1384875

CONTIG: NODE_303_length_215863_cov_36.947868_2 (15622bp)
		This contig is unaligned. (15622 bp)
		Unaligned bases: 15622  total: 1400497

CONTIG: NODE_303_length_215863_cov_36.947868_3 (2851bp)
		This contig is unaligned. (2851 bp)
		Unaligned bases: 2851  total: 1403348

CONTIG: NODE_10_length_17292_cov_29.514111_1 (17340bp)
		This contig is unaligned. (17340 bp)
		Unaligned bases: 17340  total: 1420688

CONTIG: NODE_303_length_215863_cov_36.947868_6 (2111bp)
		This contig is unaligned. (2111 bp)
		Unaligned bases: 2111  total: 1422799

CONTIG: NODE_303_length_215863_cov_36.947868_7 (12274bp)
		This contig is unaligned. (12274 bp)
		Unaligned bases: 12274  total: 1435073

CONTIG: NODE_19_length_491_cov_143.158859_1 (539bp)
		This contig is unaligned. (539 bp)
		Unaligned bases: 539  total: 1435612

CONTIG: NODE_302_length_40605_cov_34.539318_8 (8700bp)
		This contig is unaligned. (8700 bp)
		Unaligned bases: 8700  total: 1444312

CONTIG: NODE_262_length_91417_cov_38.787796_2 (4678bp)
		This contig is unaligned. (4678 bp)
		Unaligned bases: 4678  total: 1448990

CONTIG: NODE_262_length_91417_cov_38.787796_3 (57985bp)
		This contig is unaligned. (57985 bp)
		Unaligned bases: 57985  total: 1506975

CONTIG: NODE_302_length_40605_cov_34.539318_5 (8354bp)
		This contig is unaligned. (8354 bp)
		Unaligned bases: 8354  total: 1515329

CONTIG: NODE_262_length_91417_cov_38.787796_1 (12961bp)
		This contig is unaligned. (12961 bp)
		Unaligned bases: 12961  total: 1528290

CONTIG: NODE_302_length_40605_cov_34.539318_3 (8514bp)
		This contig is unaligned. (8514 bp)
		Unaligned bases: 8514  total: 1536804

CONTIG: NODE_33_length_13146_cov_44.723946_1 (13194bp)
		This contig is unaligned. (13194 bp)
		Unaligned bases: 13194  total: 1549998

CONTIG: NODE_262_length_91417_cov_38.787796_4 (3607bp)
		This contig is unaligned. (3607 bp)
		Unaligned bases: 3607  total: 1553605

CONTIG: NODE_262_length_91417_cov_38.787796_5 (11662bp)
		This contig is unaligned. (11662 bp)
		Unaligned bases: 11662  total: 1565267

CONTIG: NODE_225_length_38703_cov_32.371185_2 (4828bp)
		This contig is unaligned. (4828 bp)
		Unaligned bases: 4828  total: 1570095

CONTIG: NODE_225_length_38703_cov_32.371185_1 (33727bp)
		This contig is unaligned. (33727 bp)
		Unaligned bases: 33727  total: 1603822

CONTIG: NODE_69_length_11959_cov_29.748642_1 (12007bp)
		This contig is unaligned. (12007 bp)
		Unaligned bases: 12007  total: 1615829

CONTIG: NODE_188_length_711_cov_70.510551_1 (759bp)
		This contig is unaligned. (759 bp)
		Unaligned bases: 759  total: 1616588

CONTIG: NODE_266_length_411879_cov_35.355106_1 (12242bp)
		This contig is unaligned. (12242 bp)
		Unaligned bases: 12242  total: 1628830

CONTIG: NODE_437_length_45477_cov_44.136574_1 (25677bp)
		This contig is unaligned. (25677 bp)
		Unaligned bases: 25677  total: 1654507

CONTIG: NODE_164_length_2101_cov_33.191338_1 (2149bp)
		This contig is unaligned. (2149 bp)
		Unaligned bases: 2149  total: 1656656

CONTIG: NODE_74_length_75707_cov_51.779190_2 (6622bp)
		This contig is unaligned. (6622 bp)
		Unaligned bases: 6622  total: 1663278

CONTIG: NODE_266_length_411879_cov_35.355106_12 (6765bp)
		This contig is unaligned. (6765 bp)
		Unaligned bases: 6765  total: 1670043

CONTIG: NODE_74_length_75707_cov_51.779190_1 (68904bp)
		This contig is unaligned. (68904 bp)
		Unaligned bases: 68904  total: 1738947

CONTIG: NODE_193_length_10994_cov_45.402218_1 (11042bp)
		This contig is unaligned. (11042 bp)
		Unaligned bases: 11042  total: 1749989

CONTIG: NODE_298_length_82119_cov_39.153278_1 (24403bp)
		This contig is unaligned. (24403 bp)
		Unaligned bases: 24403  total: 1774392

CONTIG: NODE_252_length_678_cov_39.750736_1 (726bp)
		This contig is unaligned. (726 bp)
		Unaligned bases: 726  total: 1775118

CONTIG: NODE_298_length_82119_cov_39.153278_2 (56528bp)
		This contig is unaligned. (56528 bp)
		Unaligned bases: 56528  total: 1831646

CONTIG: NODE_491_length_1968_cov_37.170223_1 (2016bp)
		This contig is unaligned. (2016 bp)
		Unaligned bases: 2016  total: 1833662

CONTIG: NODE_83_length_718_cov_39.980503_1 (766bp)
		This contig is unaligned. (766 bp)
		Unaligned bases: 766  total: 1834428

CONTIG: NODE_42_length_1056_cov_69.939392_1 (1104bp)
		This contig is unaligned. (1104 bp)
		Unaligned bases: 1104  total: 1835532

CONTIG: NODE_231_length_3189_cov_36.975853_1 (1859bp)
		This contig is unaligned. (1859 bp)
		Unaligned bases: 1859  total: 1837391

CONTIG: NODE_231_length_3189_cov_36.975853_2 (1241bp)
		This contig is unaligned. (1241 bp)
		Unaligned bases: 1241  total: 1838632

CONTIG: NODE_443_length_218202_cov_41.327595_7 (5140bp)
		This contig is unaligned. (5140 bp)
		Unaligned bases: 5140  total: 1843772

CONTIG: NODE_305_length_1681_cov_32.985722_2 (1286bp)
		This contig is unaligned. (1286 bp)
		Unaligned bases: 1286  total: 1845058

CONTIG: NODE_68_length_1126_cov_99.617226_1 (1174bp)
		This contig is unaligned. (1174 bp)
		Unaligned bases: 1174  total: 1846232

CONTIG: NODE_271_length_356388_cov_37.414185_1 (28751bp)
		This contig is unaligned. (28751 bp)
		Unaligned bases: 28751  total: 1874983

CONTIG: NODE_113_length_4508_cov_61.804569_1 (4556bp)
		This contig is unaligned. (4556 bp)
		Unaligned bases: 4556  total: 1879539

CONTIG: NODE_175_length_463_cov_39.678185_1 (511bp)
		This contig is unaligned. (511 bp)
		Unaligned bases: 511  total: 1880050

CONTIG: NODE_287_length_471_cov_39.566879_1 (519bp)
		This contig is unaligned. (519 bp)
		Unaligned bases: 519  total: 1880569

CONTIG: NODE_221_length_114454_cov_32.657181_4 (17441bp)
		This contig is unaligned. (17441 bp)
		Unaligned bases: 17441  total: 1898010

CONTIG: NODE_219_length_91041_cov_39.421810_2 (14305bp)
		This contig is unaligned. (14305 bp)
		Unaligned bases: 14305  total: 1912315

CONTIG: NODE_219_length_91041_cov_39.421810_3 (7543bp)
		This contig is unaligned. (7543 bp)
		Unaligned bases: 7543  total: 1919858

CONTIG: NODE_155_length_5697_cov_27.679129_2 (3254bp)
		This contig is unaligned. (3254 bp)
		Unaligned bases: 3254  total: 1923112

CONTIG: NODE_266_length_411879_cov_35.355106_11 (19383bp)
		This contig is unaligned. (19383 bp)
		Unaligned bases: 19383  total: 1942495

CONTIG: NODE_219_length_91041_cov_39.421810_4 (51171bp)
		This contig is unaligned. (51171 bp)
		Unaligned bases: 51171  total: 1993666

CONTIG: NODE_266_length_411879_cov_35.355106_13 (33082bp)
		This contig is unaligned. (33082 bp)
		Unaligned bases: 33082  total: 2026748

CONTIG: NODE_31_length_92117_cov_45.300064_2 (59253bp)
		This contig is unaligned. (59253 bp)
		Unaligned bases: 59253  total: 2086001

CONTIG: NODE_443_length_218202_cov_41.327595_1 (17709bp)
		This contig is unaligned. (17709 bp)
		Unaligned bases: 17709  total: 2103710

CONTIG: NODE_443_length_218202_cov_41.327595_2 (59585bp)
		This contig is unaligned. (59585 bp)
		Unaligned bases: 59585  total: 2163295

CONTIG: NODE_31_length_92117_cov_45.300064_1 (32730bp)
		This contig is unaligned. (32730 bp)
		Unaligned bases: 32730  total: 2196025

CONTIG: NODE_443_length_218202_cov_41.327595_4 (2228bp)
		This contig is unaligned. (2228 bp)
		Unaligned bases: 2228  total: 2198253

CONTIG: NODE_443_length_218202_cov_41.327595_5 (601bp)
		This contig is unaligned. (601 bp)
		Unaligned bases: 601  total: 2198854

CONTIG: NODE_443_length_218202_cov_41.327595_6 (51582bp)
		This contig is unaligned. (51582 bp)
		Unaligned bases: 51582  total: 2250436

CONTIG: NODE_50_length_488_cov_95.829918_1 (536bp)
		This contig is unaligned. (536 bp)
		Unaligned bases: 536  total: 2250972

CONTIG: NODE_443_length_218202_cov_41.327595_8 (17954bp)
		This contig is unaligned. (17954 bp)
		Unaligned bases: 17954  total: 2268926

CONTIG: NODE_221_length_114454_cov_32.657181_1 (922bp)
		This contig is unaligned. (922 bp)
		Unaligned bases: 922  total: 2269848

CONTIG: NODE_403_length_51286_cov_33.184048_2 (12763bp)
		This contig is unaligned. (12763 bp)
		Unaligned bases: 12763  total: 2282611

CONTIG: NODE_187_length_2992_cov_33.610630_2 (2189bp)
		This contig is unaligned. (2189 bp)
		Unaligned bases: 2189  total: 2284800

CONTIG: NODE_187_length_2992_cov_33.610630_1 (632bp)
		This contig is unaligned. (632 bp)
		Unaligned bases: 632  total: 2285432

CONTIG: NODE_424_length_8969_cov_34.979595_2 (5226bp)
		This contig is unaligned. (5226 bp)
		Unaligned bases: 5226  total: 2290658

CONTIG: NODE_424_length_8969_cov_34.979595_1 (3593bp)
		This contig is unaligned. (3593 bp)
		Unaligned bases: 3593  total: 2294251

CONTIG: NODE_172_length_4173_cov_20.994488_1 (4221bp)
		This contig is unaligned. (4221 bp)
		Unaligned bases: 4221  total: 2298472

CONTIG: NODE_211_length_2208_cov_30.957428_1 (2256bp)
		This contig is unaligned. (2256 bp)
		Unaligned bases: 2256  total: 2300728

CONTIG: NODE_271_length_356388_cov_37.414185_9 (25597bp)
		This contig is unaligned. (25597 bp)
		Unaligned bases: 25597  total: 2326325

CONTIG: NODE_176_length_16744_cov_35.716972_1 (4994bp)
		This contig is unaligned. (4994 bp)
		Unaligned bases: 4994  total: 2331319

CONTIG: NODE_431_length_3161_cov_30.379311_1 (1074bp)
		This contig is unaligned. (1074 bp)
		Unaligned bases: 1074  total: 2332393

CONTIG: NODE_431_length_3161_cov_30.379311_2 (1998bp)
		This contig is unaligned. (1998 bp)
		Unaligned bases: 1998  total: 2334391

CONTIG: NODE_176_length_16744_cov_35.716972_2 (11564bp)
		This contig is unaligned. (11564 bp)
		Unaligned bases: 11564  total: 2345955

CONTIG: NODE_70_length_71575_cov_35.244316_2 (43946bp)
		This contig is unaligned. (43946 bp)
		Unaligned bases: 43946  total: 2389901

CONTIG: NODE_70_length_71575_cov_35.244316_3 (10193bp)
		This contig is unaligned. (10193 bp)
		Unaligned bases: 10193  total: 2400094

CONTIG: NODE_70_length_71575_cov_35.244316_1 (17267bp)
Top Length: 83  Top ID: 97.59
		Skipping redundant alignment 3414420 3414494 | 13080 13154 | 75 75 | 100.0 | gi|117617447|ref|NC_008570.1|_Aeromonas_hydrophila_subsp._hydrophila_ATCC_7966_chromosome__complete_genome NODE_70_length_71575_cov_35.244316_1
		This contig is partially unaligned. (83 out of 17267)
		Alignment: 4476056 4476138 | 13072 13154 | 83 83 | 97.59 | gi|117617447|ref|NC_008570.1|_Aeromonas_hydrophila_subsp._hydrophila_ATCC_7966_chromosome__complete_genome NODE_70_length_71575_cov_35.244316_1
		Unaligned bases: 1 to 13071 (13071)
		Unaligned bases: 13155 to 17267 (4113)

CONTIG: NODE_223_length_1896_cov_38.851791_1 (1944bp)
		This contig is unaligned. (1944 bp)
		Unaligned bases: 1944  total: 2402038

CONTIG: NODE_221_length_114454_cov_32.657181_5 (17314bp)
		This contig is unaligned. (17314 bp)
		Unaligned bases: 17314  total: 2419352

CONTIG: NODE_214_length_2119_cov_30.980652_2 (1159bp)
		This contig is unaligned. (1159 bp)
		Unaligned bases: 1159  total: 2420511

CONTIG: NODE_214_length_2119_cov_30.980652_1 (806bp)
		This contig is unaligned. (806 bp)
		Unaligned bases: 806  total: 2421317

CONTIG: NODE_221_length_114454_cov_32.657181_6 (33040bp)
		This contig is unaligned. (33040 bp)
		Unaligned bases: 33040  total: 2454357

CONTIG: NODE_168_length_452_cov_32.225662_1 (500bp)
		This contig is unaligned. (500 bp)
		Unaligned bases: 500  total: 2454857

CONTIG: NODE_221_length_114454_cov_32.657181_3 (18872bp)
		This contig is unaligned. (18872 bp)
		Unaligned bases: 18872  total: 2473729

CONTIG: NODE_221_length_114454_cov_32.657181_2 (26151bp)
		This contig is unaligned. (26151 bp)
		Unaligned bases: 26151  total: 2499880

CONTIG: NODE_228_length_548_cov_62.226276_1 (596bp)
		This contig is unaligned. (596 bp)
		Unaligned bases: 596  total: 2500476

CONTIG: NODE_115_length_169582_cov_33.611084_4 (15907bp)
		This contig is unaligned. (15907 bp)
		Unaligned bases: 15907  total: 2516383

CONTIG: NODE_140_length_1484_cov_20.839622_1 (1532bp)
		This contig is unaligned. (1532 bp)
		Unaligned bases: 1532  total: 2517915

CONTIG: NODE_210_length_812_cov_29.320196_1 (860bp)
		This contig is unaligned. (860 bp)
		Unaligned bases: 860  total: 2518775

CONTIG: NODE_296_length_5801_cov_49.157043_1 (5849bp)
Top Length: 75  Top ID: 100.0
		This contig is partially unaligned. (75 out of 5849)
		Alignment: 3414420 3414494 | 262 336 | 75 75 | 100.0 | gi|117617447|ref|NC_008570.1|_Aeromonas_hydrophila_subsp._hydrophila_ATCC_7966_chromosome__complete_genome NODE_296_length_5801_cov_49.157043_1
		Unaligned bases: 1 to 261 (261)
		Unaligned bases: 337 to 5849 (5513)

CONTIG: NODE_7_length_653_cov_85.041351_1 (701bp)
		This contig is unaligned. (701 bp)
		Unaligned bases: 701  total: 2519476

CONTIG: NODE_220_length_3991_cov_35.656227_1 (4039bp)
		This contig is unaligned. (4039 bp)
		Unaligned bases: 4039  total: 2523515

CONTIG: NODE_226_length_8061_cov_28.326014_1 (785bp)
		This contig is unaligned. (785 bp)
		Unaligned bases: 785  total: 2524300

CONTIG: NODE_226_length_8061_cov_28.326014_3 (5219bp)
		This contig is unaligned. (5219 bp)
		Unaligned bases: 5219  total: 2529519

CONTIG: NODE_226_length_8061_cov_28.326014_2 (1733bp)
		This contig is unaligned. (1733 bp)
		Unaligned bases: 1733  total: 2531252

CONTIG: NODE_103_length_916_cov_27.708515_1 (964bp)
		This contig is unaligned. (964 bp)
		Unaligned bases: 964  total: 2532216

CONTIG: NODE_139_length_1749_cov_14.909091_1 (1797bp)
		This contig is unaligned. (1797 bp)
		Unaligned bases: 1797  total: 2534013

CONTIG: NODE_312_length_4586_cov_60.508286_1 (4634bp)
		This contig is unaligned. (4634 bp)
		Unaligned bases: 4634  total: 2538647

CONTIG: NODE_301_length_1160_cov_71.619827_1 (1208bp)
		This contig is unaligned. (1208 bp)
		Unaligned bases: 1208  total: 2539855

CONTIG: NODE_133_length_163338_cov_41.393005_2 (82563bp)
		This contig is unaligned. (82563 bp)
		Unaligned bases: 82563  total: 2622418

CONTIG: NODE_303_length_215863_cov_36.947868_1 (47090bp)
		This contig is unaligned. (47090 bp)
		Unaligned bases: 47090  total: 2669508

CONTIG: NODE_437_length_45477_cov_44.136574_2 (15177bp)
		This contig is unaligned. (15177 bp)
		Unaligned bases: 15177  total: 2684685

CONTIG: NODE_155_length_5697_cov_27.679129_3 (2057bp)
		This contig is unaligned. (2057 bp)
		Unaligned bases: 2057  total: 2686742

CONTIG: NODE_186_length_18487_cov_47.398876_1 (18535bp)
		This contig is unaligned. (18535 bp)
		Unaligned bases: 18535  total: 2705277

CONTIG: NODE_461_length_37528_cov_40.169128_2 (19223bp)
		This contig is unaligned. (19223 bp)
		Unaligned bases: 19223  total: 2724500

CONTIG: NODE_291_length_3025_cov_30.774876_1 (3073bp)
		This contig is unaligned. (3073 bp)
		Unaligned bases: 3073  total: 2727573

CONTIG: NODE_115_length_169582_cov_33.611084_8 (21355bp)
		This contig is unaligned. (21355 bp)
		Unaligned bases: 21355  total: 2748928

CONTIG: NODE_115_length_169582_cov_33.611084_9 (14698bp)
		This contig is unaligned. (14698 bp)
		Unaligned bases: 14698  total: 2763626

CONTIG: NODE_115_length_169582_cov_33.611084_6 (20673bp)
		This contig is unaligned. (20673 bp)
		Unaligned bases: 20673  total: 2784299

CONTIG: NODE_115_length_169582_cov_33.611084_7 (9306bp)
		This contig is unaligned. (9306 bp)
		Unaligned bases: 9306  total: 2793605

CONTIG: NODE_76_length_1107_cov_299.857269_1 (1155bp)
		This contig is unaligned. (1155 bp)
		Unaligned bases: 1155  total: 2794760

CONTIG: NODE_115_length_169582_cov_33.611084_5 (30983bp)
		This contig is unaligned. (30983 bp)
		Unaligned bases: 30983  total: 2825743

CONTIG: NODE_115_length_169582_cov_33.611084_2 (42760bp)
		This contig is unaligned. (42760 bp)
		Unaligned bases: 42760  total: 2868503

CONTIG: NODE_115_length_169582_cov_33.611084_3 (10084bp)
		This contig is unaligned. (10084 bp)
		Unaligned bases: 10084  total: 2878587

CONTIG: NODE_222_length_11213_cov_53.384285_1 (11261bp)
		This contig is unaligned. (11261 bp)
		Unaligned bases: 11261  total: 2889848

CONTIG: NODE_115_length_169582_cov_33.611084_1 (2610bp)
		This contig is unaligned. (2610 bp)
		Unaligned bases: 2610  total: 2892458

CONTIG: NODE_302_length_40605_cov_34.539318_7 (3511bp)
		This contig is unaligned. (3511 bp)
		Unaligned bases: 3511  total: 2895969

CONTIG: NODE_244_length_566_cov_39.540634_1 (614bp)
		This contig is unaligned. (614 bp)
		Unaligned bases: 614  total: 2896583

CONTIG: NODE_303_length_215863_cov_36.947868_8 (22879bp)
		This contig is unaligned. (22879 bp)
		Unaligned bases: 22879  total: 2919462

CONTIG: NODE_266_length_411879_cov_35.355106_2 (54768bp)
		This contig is unaligned. (54768 bp)
		Unaligned bases: 54768  total: 2974230

CONTIG: NODE_303_length_215863_cov_36.947868_9 (75103bp)
		This contig is unaligned. (75103 bp)
		Unaligned bases: 75103  total: 3049333

CONTIG: NODE_219_length_91041_cov_39.421810_1 (17672bp)
Top Length: 96  Top ID: 98.96
		This contig is partially unaligned. (96 out of 17672)
		Alignment: 809109 809204 | 106 201 | 96 96 | 98.96 | gi|117617447|ref|NC_008570.1|_Aeromonas_hydrophila_subsp._hydrophila_ATCC_7966_chromosome__complete_genome NODE_219_length_91041_cov_39.421810_1
		Unaligned bases: 1 to 105 (105)
		Unaligned bases: 202 to 17672 (17471)

CONTIG: NODE_303_length_215863_cov_36.947868_10 (26546bp)
		This contig is unaligned. (26546 bp)
		Unaligned bases: 26546  total: 3075879

CONTIG: NODE_242_length_1863_cov_33.292538_1 (1911bp)
		This contig is unaligned. (1911 bp)
		Unaligned bases: 1911  total: 3077790

CONTIG: NODE_302_length_40605_cov_34.539318_1 (5965bp)
		This contig is unaligned. (5965 bp)
		Unaligned bases: 5965  total: 3083755

CONTIG: NODE_117_length_30755_cov_45.046368_2 (24986bp)
		This contig is unaligned. (24986 bp)
		Unaligned bases: 24986  total: 3108741

CONTIG: NODE_86_length_14609_cov_42.926552_1 (4011bp)
		This contig is unaligned. (4011 bp)
		Unaligned bases: 4011  total: 3112752

CONTIG: NODE_303_length_215863_cov_36.947868_4 (1166bp)
		This contig is unaligned. (1166 bp)
		Unaligned bases: 1166  total: 3113918

CONTIG: NODE_86_length_14609_cov_42.926552_2 (10445bp)
		This contig is unaligned. (10445 bp)
		Unaligned bases: 10445  total: 3124363

CONTIG: NODE_235_length_11382_cov_25.720436_1 (11430bp)
		This contig is unaligned. (11430 bp)
		Unaligned bases: 11430  total: 3135793

CONTIG: NODE_177_length_4670_cov_26.621414_1 (2771bp)
		This contig is unaligned. (2771 bp)
		Unaligned bases: 2771  total: 3138564

CONTIG: NODE_177_length_4670_cov_26.621414_2 (1270bp)
		This contig is unaligned. (1270 bp)
		Unaligned bases: 1270  total: 3139834

CONTIG: NODE_133_length_163338_cov_41.393005_1 (48774bp)
		This contig is unaligned. (48774 bp)
		Unaligned bases: 48774  total: 3188608

CONTIG: NODE_15_length_8349_cov_31.652533_1 (8397bp)
		This contig is unaligned. (8397 bp)
		Unaligned bases: 8397  total: 3197005

CONTIG: NODE_133_length_163338_cov_41.393005_3 (31721bp)
		This contig is unaligned. (31721 bp)
		Unaligned bases: 31721  total: 3228726

CONTIG: NODE_266_length_411879_cov_35.355106_14 (95918bp)
		This contig is unaligned. (95918 bp)
		Unaligned bases: 95918  total: 3324644

CONTIG: NODE_403_length_51286_cov_33.184048_1 (2233bp)
		This contig is unaligned. (2233 bp)
		Unaligned bases: 2233  total: 3326877

CONTIG: NODE_403_length_51286_cov_33.184048_3 (35948bp)
		This contig is unaligned. (35948 bp)
		Unaligned bases: 35948  total: 3362825

CONTIG: NODE_266_length_411879_cov_35.355106_15 (54882bp)
		This contig is unaligned. (54882 bp)
		Unaligned bases: 54882  total: 3417707

CONTIG: NODE_518_length_157161_cov_34.289494_1 (85054bp)
		This contig is unaligned. (85054 bp)
		Unaligned bases: 85054  total: 3502761

CONTIG: NODE_518_length_157161_cov_34.289494_2 (6039bp)
		This contig is unaligned. (6039 bp)
		Unaligned bases: 6039  total: 3508800

CONTIG: NODE_518_length_157161_cov_34.289494_3 (65736bp)
		This contig is unaligned. (65736 bp)
		Unaligned bases: 65736  total: 3574536

CONTIG: NODE_303_length_215863_cov_36.947868_5 (8771bp)
		This contig is unaligned. (8771 bp)
		Unaligned bases: 8771  total: 3583307

CONTIG: NODE_112_length_55508_cov_36.793076_3 (18890bp)
		This contig is unaligned. (18890 bp)
		Unaligned bases: 18890  total: 3602197

CONTIG: NODE_112_length_55508_cov_36.793076_2 (27891bp)
		This contig is unaligned. (27891 bp)
		Unaligned bases: 27891  total: 3630088

CONTIG: NODE_112_length_55508_cov_36.793076_1 (8445bp)
		This contig is unaligned. (8445 bp)
		Unaligned bases: 8445  total: 3638533

CONTIG: NODE_138_length_487_cov_38.211498_1 (535bp)
		This contig is unaligned. (535 bp)
		Unaligned bases: 535  total: 3639068

CONTIG: NODE_461_length_37528_cov_40.169128_1 (18174bp)
		This contig is unaligned. (18174 bp)
		Unaligned bases: 18174  total: 3657242

CONTIG: NODE_425_length_4316_cov_29.683966_1 (4364bp)
		This contig is unaligned. (4364 bp)
		Unaligned bases: 4364  total: 3661606

CONTIG: NODE_302_length_40605_cov_34.539318_6 (3740bp)
		This contig is unaligned. (3740 bp)
		Unaligned bases: 3740  total: 3665346

CONTIG: NODE_191_length_85160_cov_42.406635_4 (25840bp)
		This contig is unaligned. (25840 bp)
		Unaligned bases: 25840  total: 3691186

CONTIG: NODE_191_length_85160_cov_42.406635_5 (3227bp)
		This contig is unaligned. (3227 bp)
		Unaligned bases: 3227  total: 3694413

CONTIG: NODE_191_length_85160_cov_42.406635_6 (10881bp)
		This contig is unaligned. (10881 bp)
		Unaligned bases: 10881  total: 3705294

CONTIG: NODE_157_length_92051_cov_49.916992_2 (30832bp)
		This contig is unaligned. (30832 bp)
		Unaligned bases: 30832  total: 3736126

CONTIG: NODE_191_length_85160_cov_42.406635_1 (40085bp)
		This contig is unaligned. (40085 bp)
		Unaligned bases: 40085  total: 3776211

CONTIG: NODE_191_length_85160_cov_42.406635_2 (2872bp)
		This contig is unaligned. (2872 bp)
		Unaligned bases: 2872  total: 3779083

CONTIG: NODE_157_length_92051_cov_49.916992_1 (61106bp)
		This contig is unaligned. (61106 bp)
		Unaligned bases: 61106  total: 3840189

Analyzing coverage...
Writing SNPs into /software/galaxy/master/sabbai/galaxy-dist/database/job_working_directory/002/2323/dataset_2405_files/Scaffold/contigs_reports/nucmer_output/Velvet_hiseq_scf_broken.used_snps
	Reference gi|117617447|ref|NC_008570.1|_Aeromonas_hydrophila_subsp._hydrophila_ATCC_7966_chromosome__complete_genome: 3 total alignments. 1 total regions.
		Region: 1 to 4744448 (4744448 bp)
			START in gap: 1 to 809109 (809108 bp)
			Align 1: 809109 809204 NODE_219_length_91041_cov_39.421810_1 106 201
				Gap between this and next alignment: 809204 to 3414420 (2605215 bp)
				Next Alignment: 3414420 3414494 NODE_296_length_5801_cov_49.157043_1 262 336

			Align 2: 3414420 3414494 NODE_296_length_5801_cov_49.157043_1 262 336
				Gap between this and next alignment: 3414494 to 4476056 (1061561 bp)
				Next Alignment: 4476056 4476138 NODE_70_length_71575_cov_35.244316_1 13072 13154

			Align 3: 4476056 4476138 NODE_70_length_71575_cov_35.244316_1 13072 13154
			END in gap: 4476138 to 4744448 (268310 bp)

Analysis is finished!
Founded SNPs were written into /software/galaxy/master/sabbai/galaxy-dist/database/job_working_directory/002/2323/dataset_2405_files/Scaffold/contigs_reports/nucmer_output/Velvet_hiseq_scf_broken.used_snps

Results:
	Local Misassemblies: 0
	Misassemblies: 0
		Relocations: 0
		Translocations: 0
		Inversions: 0
	Misassembled Contigs: 0
	Misassembled Contig Bases: 0
	Misassmblies Inter-Contig Overlap: 0
Uncovered Regions: 0 (0)
Unaligned Contigs: 217 + 3 part
Partially Unaligned Contigs with Misassemblies: 0
Unaligned Contig Bases: 3880723

Ambiguously Mapped Contigs: 0
Total Bases in Ambiguously Mapped Contigs: 0
Note that --allow-ambiguity option was set to "one" and only first alignment per each contig was used.

	Covered Bases: 254

	SNPs: 3
	Insertions: 0
	Deletions: 0

	Positive Gaps: 4
		Internal Gaps:  0
		External Gaps:  4
		External Gap Total:  4744194
		External Gap Average: 1186048
	Negative Gaps: 0
		Internal Overlaps:  0
		External Overlaps:  0
		External Overlaps Total:  0
		External Overlaps Average: 0
	Contigs with Redundant Alignments: 0 (0)
