Aligning contigs to reference...
	Running Nucmer...
Parsing coords...
Loading Assembly...
Loading reference...
	Loaded [gi|117617447|ref|NC_008570.1|_Aeromonas_hydrophila_subsp._hydrophila_ATCC_7966_chromosome__complete_genome]
Loading SNPs...
Loading regions...
	No regions given, using whole reference.
	Total Regions: 1
	Total Region Length: 4744448
Analyzing contigs...
CONTIG: scf7180000002817_1 (6335bp)
		This contig is unaligned. (6335 bp)
		Unaligned bases: 6335  total: 6335

CONTIG: scf7180000002809_1 (76901bp)
		This contig is unaligned. (76901 bp)
		Unaligned bases: 76901  total: 83236

CONTIG: scf7180000002740_2 (14397bp)
		This contig is unaligned. (14397 bp)
		Unaligned bases: 14397  total: 97633

CONTIG: scf7180000002775_2 (356964bp)
		This contig is unaligned. (356964 bp)
		Unaligned bases: 356964  total: 454597

CONTIG: scf7180000002775_3 (65625bp)
		This contig is unaligned. (65625 bp)
		Unaligned bases: 65625  total: 520222

CONTIG: scf7180000002775_1 (24303bp)
		This contig is unaligned. (24303 bp)
		Unaligned bases: 24303  total: 544525

CONTIG: scf7180000002775_4 (108823bp)
		This contig is unaligned. (108823 bp)
		Unaligned bases: 108823  total: 653348

CONTIG: scf7180000002815_7 (3268bp)
		This contig is unaligned. (3268 bp)
		Unaligned bases: 3268  total: 656616

CONTIG: scf7180000002815_6 (1776bp)
		This contig is unaligned. (1776 bp)
		Unaligned bases: 1776  total: 658392

CONTIG: scf7180000002752_1 (2350bp)
		This contig is unaligned. (2350 bp)
		Unaligned bases: 2350  total: 660742

CONTIG: scf7180000002815_4 (50410bp)
		This contig is unaligned. (50410 bp)
		Unaligned bases: 50410  total: 711152

CONTIG: scf7180000002747_1 (611bp)
		This contig is unaligned. (611 bp)
		Unaligned bases: 611  total: 711763

CONTIG: scf7180000002815_2 (25405bp)
		This contig is unaligned. (25405 bp)
		Unaligned bases: 25405  total: 737168

CONTIG: scf7180000002815_1 (18002bp)
		This contig is unaligned. (18002 bp)
		Unaligned bases: 18002  total: 755170

CONTIG: scf7180000002773_1 (1682bp)
		This contig is unaligned. (1682 bp)
		Unaligned bases: 1682  total: 756852

CONTIG: scf7180000002813_1 (80293bp)
		This contig is unaligned. (80293 bp)
		Unaligned bases: 80293  total: 837145

CONTIG: scf7180000002813_2 (28647bp)
		This contig is unaligned. (28647 bp)
		Unaligned bases: 28647  total: 865792

CONTIG: scf7180000002744_1 (1042bp)
		This contig is unaligned. (1042 bp)
		Unaligned bases: 1042  total: 866834

CONTIG: scf7180000002769_1 (3271bp)
		This contig is unaligned. (3271 bp)
		Unaligned bases: 3271  total: 870105

CONTIG: scf7180000002807_1 (11698bp)
		This contig is unaligned. (11698 bp)
		Unaligned bases: 11698  total: 881803

CONTIG: scf7180000002757_1 (953bp)
		This contig is unaligned. (953 bp)
		Unaligned bases: 953  total: 882756

CONTIG: scf7180000002742_1 (2446bp)
		This contig is unaligned. (2446 bp)
		Unaligned bases: 2446  total: 885202

CONTIG: scf7180000002777_1 (30172bp)
		This contig is unaligned. (30172 bp)
		Unaligned bases: 30172  total: 915374

CONTIG: scf7180000002725_1 (1907bp)
		This contig is unaligned. (1907 bp)
		Unaligned bases: 1907  total: 917281

CONTIG: scf7180000002801_1 (74254bp)
Top Length: 96  Top ID: 98.96
		Skipping redundant alignment 355167 355258 | 74093 74002 | 92 92 | 100.0 | gi|117617447|ref|NC_008570.1|_Aeromonas_hydrophila_subsp._hydrophila_ATCC_7966_chromosome__complete_genome scf7180000002801_1
		Skipping redundant alignment 4449168 4449259 | 74002 74093 | 92 92 | 100.0 | gi|117617447|ref|NC_008570.1|_Aeromonas_hydrophila_subsp._hydrophila_ATCC_7966_chromosome__complete_genome scf7180000002801_1
		Skipping redundant alignment 4697518 4697609 | 74002 74093 | 92 92 | 100.0 | gi|117617447|ref|NC_008570.1|_Aeromonas_hydrophila_subsp._hydrophila_ATCC_7966_chromosome__complete_genome scf7180000002801_1
		This contig is partially unaligned. (96 out of 74254)
		Alignment: 809109 809204 | 74093 73998 | 96 96 | 98.96 | gi|117617447|ref|NC_008570.1|_Aeromonas_hydrophila_subsp._hydrophila_ATCC_7966_chromosome__complete_genome scf7180000002801_1
		Unaligned bases: 1 to 73997 (73997)
		Unaligned bases: 74094 to 74254 (161)

CONTIG: scf7180000002750_1 (2553bp)
		This contig is unaligned. (2553 bp)
		Unaligned bases: 2553  total: 919834

CONTIG: scf7180000002759_1 (3093bp)
		This contig is unaligned. (3093 bp)
		Unaligned bases: 3093  total: 922927

CONTIG: scf7180000002759_2 (10487bp)
		This contig is unaligned. (10487 bp)
		Unaligned bases: 10487  total: 933414

CONTIG: scf7180000002733_1 (1071bp)
		This contig is unaligned. (1071 bp)
		Unaligned bases: 1071  total: 934485

CONTIG: scf7180000002767_1 (48002bp)
		This contig is unaligned. (48002 bp)
		Unaligned bases: 48002  total: 982487

CONTIG: scf7180000002804_1 (1349bp)
		This contig is unaligned. (1349 bp)
		Unaligned bases: 1349  total: 983836

CONTIG: scf7180000002730_3 (43561bp)
		This contig is unaligned. (43561 bp)
		Unaligned bases: 43561  total: 1027397

CONTIG: scf7180000002730_2 (10622bp)
		This contig is unaligned. (10622 bp)
		Unaligned bases: 10622  total: 1038019

CONTIG: scf7180000002815_5 (62639bp)
		This contig is unaligned. (62639 bp)
		Unaligned bases: 62639  total: 1100658

CONTIG: scf7180000002811_2 (30800bp)
Top Length: 96  Top ID: 98.96
		This contig is partially unaligned. (96 out of 30800)
		Alignment: 809109 809204 | 30580 30485 | 96 96 | 98.96 | gi|117617447|ref|NC_008570.1|_Aeromonas_hydrophila_subsp._hydrophila_ATCC_7966_chromosome__complete_genome scf7180000002811_2
		Unaligned bases: 1 to 30484 (30484)
		Unaligned bases: 30581 to 30800 (220)

CONTIG: scf7180000002811_1 (216476bp)
		This contig is unaligned. (216476 bp)
		Unaligned bases: 216476  total: 1317134

CONTIG: scf7180000002736_1 (2161bp)
		This contig is unaligned. (2161 bp)
		Unaligned bases: 2161  total: 1319295

CONTIG: scf7180000002815_3 (85216bp)
		This contig is unaligned. (85216 bp)
		Unaligned bases: 85216  total: 1404511

CONTIG: scf7180000002765_1 (10496bp)
		This contig is unaligned. (10496 bp)
		Unaligned bases: 10496  total: 1415007

CONTIG: scf7180000002765_2 (61572bp)
Top Length: 83  Top ID: 97.59
		Skipping redundant alignment 3414420 3414494 | 48140 48066 | 75 75 | 100.0 | gi|117617447|ref|NC_008570.1|_Aeromonas_hydrophila_subsp._hydrophila_ATCC_7966_chromosome__complete_genome scf7180000002765_2
		This contig is partially unaligned. (83 out of 61572)
		Alignment: 4476056 4476138 | 48148 48066 | 83 83 | 97.59 | gi|117617447|ref|NC_008570.1|_Aeromonas_hydrophila_subsp._hydrophila_ATCC_7966_chromosome__complete_genome scf7180000002765_2
		Unaligned bases: 1 to 48065 (48065)
		Unaligned bases: 48149 to 61572 (13424)

CONTIG: scf7180000002794_1 (2609bp)
		This contig is unaligned. (2609 bp)
		Unaligned bases: 2609  total: 1417616

CONTIG: scf7180000002753_1 (1616bp)
		This contig is unaligned. (1616 bp)
		Unaligned bases: 1616  total: 1419232

CONTIG: scf7180000002746_1 (1185bp)
		This contig is unaligned. (1185 bp)
		Unaligned bases: 1185  total: 1420417

CONTIG: scf7180000002721_1 (895bp)
		This contig is unaligned. (895 bp)
		Unaligned bases: 895  total: 1421312

CONTIG: scf7180000002812_1 (47549bp)
		This contig is unaligned. (47549 bp)
		Unaligned bases: 47549  total: 1468861

CONTIG: scf7180000002755_1 (3319bp)
		This contig is unaligned. (3319 bp)
		Unaligned bases: 3319  total: 1472180

CONTIG: scf7180000002796_1 (4502bp)
		This contig is unaligned. (4502 bp)
		Unaligned bases: 4502  total: 1476682

CONTIG: scf7180000002798_1 (2637bp)
		This contig is unaligned. (2637 bp)
		Unaligned bases: 2637  total: 1479319

CONTIG: scf7180000002724_1 (943bp)
		This contig is unaligned. (943 bp)
		Unaligned bases: 943  total: 1480262

CONTIG: scf7180000002806_1 (17528bp)
		This contig is unaligned. (17528 bp)
		Unaligned bases: 17528  total: 1497790

CONTIG: scf7180000002751_1 (6696bp)
		This contig is unaligned. (6696 bp)
		Unaligned bases: 6696  total: 1504486

CONTIG: scf7180000002748_1 (896bp)
		This contig is unaligned. (896 bp)
		Unaligned bases: 896  total: 1505382

CONTIG: scf7180000002780_2 (5754bp)
		This contig is unaligned. (5754 bp)
		Unaligned bases: 5754  total: 1511136

CONTIG: scf7180000002780_1 (3879bp)
		This contig is unaligned. (3879 bp)
		Unaligned bases: 3879  total: 1515015

CONTIG: scf7180000002732_1 (1095bp)
		This contig is unaligned. (1095 bp)
		Unaligned bases: 1095  total: 1516110

CONTIG: scf7180000002738_1 (1144bp)
		This contig is unaligned. (1144 bp)
		Unaligned bases: 1144  total: 1517254

CONTIG: scf7180000002790_1 (308740bp)
		This contig is unaligned. (308740 bp)
		Unaligned bases: 308740  total: 1825994

CONTIG: scf7180000002790_2 (16232bp)
		This contig is unaligned. (16232 bp)
		Unaligned bases: 16232  total: 1842226

CONTIG: scf7180000002816_1 (1156bp)
		This contig is unaligned. (1156 bp)
		Unaligned bases: 1156  total: 1843382

CONTIG: scf7180000002782_1 (17034bp)
		This contig is unaligned. (17034 bp)
		Unaligned bases: 17034  total: 1860416

CONTIG: scf7180000002792_1 (356087bp)
		This contig is unaligned. (356087 bp)
		Unaligned bases: 356087  total: 2216503

CONTIG: scf7180000002805_1 (1697bp)
		This contig is unaligned. (1697 bp)
		Unaligned bases: 1697  total: 2218200

CONTIG: scf7180000002720_1 (1241bp)
		This contig is unaligned. (1241 bp)
		Unaligned bases: 1241  total: 2219441

CONTIG: scf7180000002797_1 (3248bp)
		This contig is unaligned. (3248 bp)
		Unaligned bases: 3248  total: 2222689

CONTIG: scf7180000002772_1 (3936bp)
		This contig is unaligned. (3936 bp)
		Unaligned bases: 3936  total: 2226625

CONTIG: scf7180000002786_1 (42112bp)
		This contig is unaligned. (42112 bp)
		Unaligned bases: 42112  total: 2268737

CONTIG: scf7180000002764_3 (2564bp)
		This contig is unaligned. (2564 bp)
		Unaligned bases: 2564  total: 2271301

CONTIG: scf7180000002770_1 (5804bp)
		This contig is unaligned. (5804 bp)
		Unaligned bases: 5804  total: 2277105

CONTIG: scf7180000002784_1 (510bp)
		This contig is unaligned. (510 bp)
		Unaligned bases: 510  total: 2277615

CONTIG: scf7180000002795_1 (1460bp)
		This contig is unaligned. (1460 bp)
		Unaligned bases: 1460  total: 2279075

CONTIG: scf7180000002800_1 (86184bp)
		This contig is unaligned. (86184 bp)
		Unaligned bases: 86184  total: 2365259

CONTIG: scf7180000002783_1 (117785bp)
		This contig is unaligned. (117785 bp)
		Unaligned bases: 117785  total: 2483044

CONTIG: scf7180000002783_2 (9406bp)
		This contig is unaligned. (9406 bp)
		Unaligned bases: 9406  total: 2492450

CONTIG: scf7180000002788_1 (4550bp)
		This contig is unaligned. (4550 bp)
		Unaligned bases: 4550  total: 2497000

CONTIG: scf7180000002731_1 (1455bp)
		This contig is unaligned. (1455 bp)
		Unaligned bases: 1455  total: 2498455

CONTIG: scf7180000002802_1 (20248bp)
		This contig is unaligned. (20248 bp)
		Unaligned bases: 20248  total: 2518703

CONTIG: scf7180000002781_1 (57567bp)
		This contig is unaligned. (57567 bp)
		Unaligned bases: 57567  total: 2576270

CONTIG: scf7180000002791_1 (85155bp)
		This contig is unaligned. (85155 bp)
		Unaligned bases: 85155  total: 2661425

CONTIG: scf7180000002762_2 (75930bp)
		This contig is unaligned. (75930 bp)
		Unaligned bases: 75930  total: 2737355

CONTIG: scf7180000002762_1 (3401bp)
		This contig is unaligned. (3401 bp)
		Unaligned bases: 3401  total: 2740756

CONTIG: scf7180000002793_1 (7264bp)
		This contig is unaligned. (7264 bp)
		Unaligned bases: 7264  total: 2748020

CONTIG: scf7180000002778_4 (90882bp)
		This contig is unaligned. (90882 bp)
		Unaligned bases: 90882  total: 2838902

CONTIG: scf7180000002778_3 (35380bp)
		This contig is unaligned. (35380 bp)
		Unaligned bases: 35380  total: 2874282

CONTIG: scf7180000002778_2 (3424bp)
		This contig is unaligned. (3424 bp)
		Unaligned bases: 3424  total: 2877706

CONTIG: scf7180000002778_1 (233700bp)
		This contig is unaligned. (233700 bp)
		Unaligned bases: 233700  total: 3111406

CONTIG: scf7180000002810_1 (16393bp)
		This contig is unaligned. (16393 bp)
		Unaligned bases: 16393  total: 3127799

CONTIG: scf7180000002758_1 (948bp)
		This contig is unaligned. (948 bp)
		Unaligned bases: 948  total: 3128747

CONTIG: scf7180000002808_1 (4511bp)
		This contig is unaligned. (4511 bp)
		Unaligned bases: 4511  total: 3133258

CONTIG: scf7180000002741_1 (838bp)
		This contig is unaligned. (838 bp)
		Unaligned bases: 838  total: 3134096

CONTIG: scf7180000002814_1 (5791bp)
		This contig is unaligned. (5791 bp)
		Unaligned bases: 5791  total: 3139887

CONTIG: scf7180000002774_1 (25073bp)
		This contig is unaligned. (25073 bp)
		Unaligned bases: 25073  total: 3164960

CONTIG: scf7180000002799_1 (939bp)
		This contig is unaligned. (939 bp)
		Unaligned bases: 939  total: 3165899

CONTIG: scf7180000002754_1 (5038bp)
		This contig is unaligned. (5038 bp)
		Unaligned bases: 5038  total: 3170937

CONTIG: scf7180000002768_1 (3120bp)
		This contig is unaligned. (3120 bp)
		Unaligned bases: 3120  total: 3174057

CONTIG: scf7180000002787_1 (1456bp)
		This contig is unaligned. (1456 bp)
		Unaligned bases: 1456  total: 3175513

CONTIG: scf7180000002771_2 (31461bp)
Top Length: 96  Top ID: 98.96
		This contig is partially unaligned. (96 out of 31461)
		Alignment: 809109 809204 | 30824 30729 | 96 96 | 98.96 | gi|117617447|ref|NC_008570.1|_Aeromonas_hydrophila_subsp._hydrophila_ATCC_7966_chromosome__complete_genome scf7180000002771_2
		Unaligned bases: 1 to 30728 (30728)
		Unaligned bases: 30825 to 31461 (637)

CONTIG: scf7180000002771_1 (78013bp)
		This contig is unaligned. (78013 bp)
		Unaligned bases: 78013  total: 3253526

CONTIG: scf7180000002756_1 (1475bp)
		This contig is unaligned. (1475 bp)
		Unaligned bases: 1475  total: 3255001

CONTIG: scf7180000002743_1 (1112bp)
		This contig is unaligned. (1112 bp)
		Unaligned bases: 1112  total: 3256113

CONTIG: scf7180000002776_1 (23881bp)
		This contig is unaligned. (23881 bp)
		Unaligned bases: 23881  total: 3279994

CONTIG: scf7180000002785_1 (6589bp)
Top Length: 96  Top ID: 98.96
		This contig is misassembled. 2 total aligns.
			Warning! This contig is more unaligned than misassembled. Contig length is 6589 and total length of all aligns is 171
		Alignment: 809109 809204 | 6369 6274 | 96 96 | 98.96 | gi|117617447|ref|NC_008570.1|_Aeromonas_hydrophila_subsp._hydrophila_ATCC_7966_chromosome__complete_genome scf7180000002785_1
		Alignment: 3414420 3414494 | 582 656 | 75 75 | 100.0 | gi|117617447|ref|NC_008570.1|_Aeromonas_hydrophila_subsp._hydrophila_ATCC_7966_chromosome__complete_genome scf7180000002785_1
		Unaligned bases: 6418
CONTIG: scf7180000002764_1 (864bp)
		This contig is unaligned. (864 bp)
		Unaligned bases: 864  total: 3280858

CONTIG: scf7180000002763_1 (7693bp)
		This contig is unaligned. (7693 bp)
		Unaligned bases: 7693  total: 3288551

CONTIG: scf7180000002735_1 (878bp)
		This contig is unaligned. (878 bp)
		Unaligned bases: 878  total: 3289429

CONTIG: scf7180000002766_2 (5327bp)
		This contig is unaligned. (5327 bp)
		Unaligned bases: 5327  total: 3294756

CONTIG: scf7180000002766_1 (166263bp)
		This contig is unaligned. (166263 bp)
		Unaligned bases: 166263  total: 3461019

CONTIG: scf7180000002803_1 (2300bp)
		This contig is unaligned. (2300 bp)
		Unaligned bases: 2300  total: 3463319

CONTIG: scf7180000002789_3 (663bp)
		This contig is unaligned. (663 bp)
		Unaligned bases: 663  total: 3463982

CONTIG: scf7180000002789_2 (10049bp)
		This contig is unaligned. (10049 bp)
		Unaligned bases: 10049  total: 3474031

CONTIG: scf7180000002789_1 (8809bp)
		This contig is unaligned. (8809 bp)
		Unaligned bases: 8809  total: 3482840

CONTIG: scf7180000002789_6 (7336bp)
		This contig is unaligned. (7336 bp)
		Unaligned bases: 7336  total: 3490176

CONTIG: scf7180000002789_5 (2179bp)
		This contig is unaligned. (2179 bp)
		Unaligned bases: 2179  total: 3492355

CONTIG: scf7180000002789_4 (13894bp)
		This contig is unaligned. (13894 bp)
		Unaligned bases: 13894  total: 3506249

CONTIG: scf7180000002760_1 (24322bp)
		This contig is unaligned. (24322 bp)
		Unaligned bases: 24322  total: 3530571

CONTIG: scf7180000002761_1 (10734bp)
		This contig is unaligned. (10734 bp)
		Unaligned bases: 10734  total: 3541305

CONTIG: scf7180000002761_2 (4120bp)
		This contig is unaligned. (4120 bp)
		Unaligned bases: 4120  total: 3545425

CONTIG: scf7180000002737_1 (592bp)
		This contig is unaligned. (592 bp)
		Unaligned bases: 592  total: 3546017

CONTIG: scf7180000002779_2 (140768bp)
		This contig is unaligned. (140768 bp)
		Unaligned bases: 140768  total: 3686785

CONTIG: scf7180000002779_3 (32788bp)
		This contig is unaligned. (32788 bp)
		Unaligned bases: 32788  total: 3719573

CONTIG: scf7180000002764_2 (1365bp)
		This contig is unaligned. (1365 bp)
		Unaligned bases: 1365  total: 3720938

CONTIG: scf7180000002779_1 (62834bp)
		This contig is unaligned. (62834 bp)
		Unaligned bases: 62834  total: 3783772

Analyzing coverage...
Writing SNPs into /software/galaxy/master/sabbai/galaxy-dist/database/job_working_directory/002/2323/dataset_2405_files/Scaffold/contigs_reports/nucmer_output/MaSuRCA_hiseq_scf_broken.used_snps
	Reference gi|117617447|ref|NC_008570.1|_Aeromonas_hydrophila_subsp._hydrophila_ATCC_7966_chromosome__complete_genome: 4 total alignments. 1 total regions.
		Region: 1 to 4744448 (4744448 bp)
			START in gap: 1 to 809109 (809108 bp)
			Align 1: 809109 809204 scf7180000002801_1 74093 73998
				The next alignment (809109 809204 scf7180000002811_2 30580 30485) is redundant. Skipping.
				The next alignment (809109 809204 scf7180000002771_2 30824 30729) is redundant. Skipping.
				Gap between this and next alignment: 809204 to 4476056 (3666851 bp)
				Next Alignment: 4476056 4476138 scf7180000002765_2 48148 48066

			Align 4: 4476056 4476138 scf7180000002765_2 48148 48066
			END in gap: 4476138 to 4744448 (268310 bp)

Analysis is finished!
Founded SNPs were written into /software/galaxy/master/sabbai/galaxy-dist/database/job_working_directory/002/2323/dataset_2405_files/Scaffold/contigs_reports/nucmer_output/MaSuRCA_hiseq_scf_broken.used_snps

Results:
	Local Misassemblies: 0
	Misassemblies: 0
		Relocations: 0
		Translocations: 0
		Inversions: 0
	Misassembled Contigs: 0
	Misassembled Contig Bases: 0
	Misassmblies Inter-Contig Overlap: 0
Uncovered Regions: 0 (0)
Unaligned Contigs: 116 + 5 part
Partially Unaligned Contigs with Misassemblies: 1
Unaligned Contig Bases: 3987906

Ambiguously Mapped Contigs: 0
Total Bases in Ambiguously Mapped Contigs: 0
Note that --allow-ambiguity option was set to "one" and only first alignment per each contig was used.

	Covered Bases: 179

	SNPs: 3
	Insertions: 0
	Deletions: 0

	Positive Gaps: 3
		Internal Gaps:  0
		External Gaps:  3
		External Gap Total:  4744269
		External Gap Average: 1581423
	Negative Gaps: 0
		Internal Overlaps:  0
		External Overlaps:  0
		External Overlaps Total:  0
		External Overlaps Average: 0
	Contigs with Redundant Alignments: 1 (192)
