Aligning contigs to reference...
	Running Nucmer...
Parsing coords...
Loading Assembly...
Loading reference...
	Loaded [gi|117617447|ref|NC_008570.1|_Aeromonas_hydrophila_subsp._hydrophila_ATCC_7966_chromosome__complete_genome]
Loading SNPs...
Loading regions...
	No regions given, using whole reference.
	Total Regions: 1
	Total Region Length: 4744448
Analyzing contigs...
CONTIG: scaffold101_2 (37683bp)
		This contig is unaligned. (37683 bp)
		Unaligned bases: 37683  total: 37683

CONTIG: C2022_1 (5881bp)
		This contig is unaligned. (5881 bp)
		Unaligned bases: 5881  total: 43564

CONTIG: scaffold101_1 (5705bp)
		This contig is unaligned. (5705 bp)
		Unaligned bases: 5705  total: 49269

CONTIG: scaffold91_1 (1253bp)
		This contig is unaligned. (1253 bp)
		Unaligned bases: 1253  total: 50522

CONTIG: scaffold107_2 (17584bp)
		This contig is unaligned. (17584 bp)
		Unaligned bases: 17584  total: 68106

CONTIG: C1720_1 (606bp)
		This contig is unaligned. (606 bp)
		Unaligned bases: 606  total: 68712

CONTIG: scaffold110_1 (23391bp)
		This contig is unaligned. (23391 bp)
		Unaligned bases: 23391  total: 92103

CONTIG: scaffold83_1 (626bp)
		This contig is unaligned. (626 bp)
		Unaligned bases: 626  total: 92729

CONTIG: scaffold83_2 (2082bp)
		This contig is unaligned. (2082 bp)
		Unaligned bases: 2082  total: 94811

CONTIG: C1808_1 (855bp)
		This contig is unaligned. (855 bp)
		Unaligned bases: 855  total: 95666

CONTIG: scaffold91_3 (20668bp)
		This contig is unaligned. (20668 bp)
		Unaligned bases: 20668  total: 116334

CONTIG: C1972_1 (3556bp)
		This contig is unaligned. (3556 bp)
		Unaligned bases: 3556  total: 119890

CONTIG: scaffold105_2 (17200bp)
		This contig is unaligned. (17200 bp)
		Unaligned bases: 17200  total: 137090

CONTIG: scaffold105_3 (19934bp)
		This contig is unaligned. (19934 bp)
		Unaligned bases: 19934  total: 157024

CONTIG: scaffold105_1 (7949bp)
		This contig is unaligned. (7949 bp)
		Unaligned bases: 7949  total: 164973

CONTIG: scaffold50_3 (1054bp)
		This contig is unaligned. (1054 bp)
		Unaligned bases: 1054  total: 166027

CONTIG: scaffold60_2 (717bp)
		This contig is unaligned. (717 bp)
		Unaligned bases: 717  total: 166744

CONTIG: scaffold97_3 (13092bp)
		This contig is unaligned. (13092 bp)
		Unaligned bases: 13092  total: 179836

CONTIG: scaffold47_2 (3188bp)
		This contig is unaligned. (3188 bp)
		Unaligned bases: 3188  total: 183024

CONTIG: scaffold47_3 (18696bp)
		This contig is unaligned. (18696 bp)
		Unaligned bases: 18696  total: 201720

CONTIG: C1824_1 (932bp)
		This contig is unaligned. (932 bp)
		Unaligned bases: 932  total: 202652

CONTIG: scaffold97_2 (25576bp)
		This contig is unaligned. (25576 bp)
		Unaligned bases: 25576  total: 228228

CONTIG: scaffold85_2 (810bp)
		This contig is unaligned. (810 bp)
		Unaligned bases: 810  total: 229038

CONTIG: scaffold44_4 (16395bp)
		This contig is unaligned. (16395 bp)
		Unaligned bases: 16395  total: 245433

CONTIG: scaffold111_1 (47681bp)
		This contig is unaligned. (47681 bp)
		Unaligned bases: 47681  total: 293114

CONTIG: scaffold62_2 (2027bp)
		This contig is unaligned. (2027 bp)
		Unaligned bases: 2027  total: 295141

CONTIG: scaffold111_3 (33961bp)
		This contig is unaligned. (33961 bp)
		Unaligned bases: 33961  total: 329102

CONTIG: scaffold107_1 (17309bp)
		This contig is unaligned. (17309 bp)
		Unaligned bases: 17309  total: 346411

CONTIG: scaffold9_5 (706bp)
		This contig is unaligned. (706 bp)
		Unaligned bases: 706  total: 347117

CONTIG: scaffold9_4 (808bp)
		This contig is unaligned. (808 bp)
		Unaligned bases: 808  total: 347925

CONTIG: scaffold45_4 (1776bp)
		This contig is unaligned. (1776 bp)
		Unaligned bases: 1776  total: 349701

CONTIG: scaffold45_5 (8412bp)
		This contig is unaligned. (8412 bp)
		Unaligned bases: 8412  total: 358113

CONTIG: scaffold9_1 (3739bp)
		This contig is unaligned. (3739 bp)
		Unaligned bases: 3739  total: 361852

CONTIG: scaffold33_7 (8837bp)
		This contig is unaligned. (8837 bp)
		Unaligned bases: 8837  total: 370689

CONTIG: scaffold53_1 (877bp)
		This contig is unaligned. (877 bp)
		Unaligned bases: 877  total: 371566

CONTIG: scaffold9_2 (1315bp)
		This contig is unaligned. (1315 bp)
		Unaligned bases: 1315  total: 372881

CONTIG: C2006_1 (5385bp)
		This contig is unaligned. (5385 bp)
		Unaligned bases: 5385  total: 378266

CONTIG: scaffold33_6 (7428bp)
		This contig is unaligned. (7428 bp)
		Unaligned bases: 7428  total: 385694

CONTIG: scaffold58_2 (39451bp)
		This contig is unaligned. (39451 bp)
		Unaligned bases: 39451  total: 425145

CONTIG: scaffold95_1 (1503bp)
		This contig is unaligned. (1503 bp)
		Unaligned bases: 1503  total: 426648

CONTIG: scaffold95_2 (7668bp)
		This contig is unaligned. (7668 bp)
		Unaligned bases: 7668  total: 434316

CONTIG: C1684_1 (552bp)
		This contig is unaligned. (552 bp)
		Unaligned bases: 552  total: 434868

CONTIG: C2300_1 (71357bp)
		This contig is unaligned. (71357 bp)
		Unaligned bases: 71357  total: 506225

CONTIG: scaffold63_6 (10925bp)
		This contig is unaligned. (10925 bp)
		Unaligned bases: 10925  total: 517150

CONTIG: C1838_1 (1016bp)
		This contig is unaligned. (1016 bp)
		Unaligned bases: 1016  total: 518166

CONTIG: scaffold11_10 (654bp)
		This contig is unaligned. (654 bp)
		Unaligned bases: 654  total: 518820

CONTIG: C1984_1 (3981bp)
		This contig is unaligned. (3981 bp)
		Unaligned bases: 3981  total: 522801

CONTIG: scaffold11_12 (1635bp)
		This contig is unaligned. (1635 bp)
		Unaligned bases: 1635  total: 524436

CONTIG: scaffold40_3 (850bp)
		This contig is unaligned. (850 bp)
		Unaligned bases: 850  total: 525286

CONTIG: C1704_1 (574bp)
		This contig is unaligned. (574 bp)
		Unaligned bases: 574  total: 525860

CONTIG: scaffold97_5 (24811bp)
		This contig is unaligned. (24811 bp)
		Unaligned bases: 24811  total: 550671

CONTIG: scaffold97_4 (30205bp)
		This contig is unaligned. (30205 bp)
		Unaligned bases: 30205  total: 580876

CONTIG: scaffold89_2 (9145bp)
		This contig is unaligned. (9145 bp)
		Unaligned bases: 9145  total: 590021

CONTIG: scaffold89_3 (1226bp)
		This contig is unaligned. (1226 bp)
		Unaligned bases: 1226  total: 591247

CONTIG: scaffold97_1 (2624bp)
		This contig is unaligned. (2624 bp)
		Unaligned bases: 2624  total: 593871

CONTIG: scaffold69_1 (4812bp)
		This contig is unaligned. (4812 bp)
		Unaligned bases: 4812  total: 598683

CONTIG: C1918_1 (1867bp)
		This contig is unaligned. (1867 bp)
		Unaligned bases: 1867  total: 600550

CONTIG: scaffold59_2 (9206bp)
		This contig is unaligned. (9206 bp)
		Unaligned bases: 9206  total: 609756

CONTIG: scaffold49_3 (8260bp)
		This contig is unaligned. (8260 bp)
		Unaligned bases: 8260  total: 618016

CONTIG: scaffold49_1 (7181bp)
		This contig is unaligned. (7181 bp)
		Unaligned bases: 7181  total: 625197

CONTIG: scaffold49_6 (8473bp)
		This contig is unaligned. (8473 bp)
		Unaligned bases: 8473  total: 633670

CONTIG: scaffold103_1 (7058bp)
		This contig is unaligned. (7058 bp)
		Unaligned bases: 7058  total: 640728

CONTIG: scaffold49_4 (19139bp)
		This contig is unaligned. (19139 bp)
		Unaligned bases: 19139  total: 659867

CONTIG: scaffold49_5 (1766bp)
		This contig is unaligned. (1766 bp)
		Unaligned bases: 1766  total: 661633

CONTIG: scaffold1_5 (3715bp)
		This contig is unaligned. (3715 bp)
		Unaligned bases: 3715  total: 665348

CONTIG: scaffold25_1 (58654bp)
		This contig is unaligned. (58654 bp)
		Unaligned bases: 58654  total: 724002

CONTIG: scaffold25_2 (2601bp)
		This contig is unaligned. (2601 bp)
		Unaligned bases: 2601  total: 726603

CONTIG: scaffold25_3 (37494bp)
		This contig is unaligned. (37494 bp)
		Unaligned bases: 37494  total: 764097

CONTIG: scaffold25_4 (56349bp)
		This contig is unaligned. (56349 bp)
		Unaligned bases: 56349  total: 820446

CONTIG: scaffold25_5 (49660bp)
		This contig is unaligned. (49660 bp)
		Unaligned bases: 49660  total: 870106

CONTIG: scaffold1_2 (2771bp)
		This contig is unaligned. (2771 bp)
		Unaligned bases: 2771  total: 872877

CONTIG: scaffold109_2 (97377bp)
		This contig is unaligned. (97377 bp)
		Unaligned bases: 97377  total: 970254

CONTIG: scaffold109_3 (53780bp)
		This contig is unaligned. (53780 bp)
		Unaligned bases: 53780  total: 1024034

CONTIG: C1966_1 (3272bp)
		This contig is unaligned. (3272 bp)
		Unaligned bases: 3272  total: 1027306

CONTIG: scaffold109_1 (23061bp)
		This contig is unaligned. (23061 bp)
		Unaligned bases: 23061  total: 1050367

CONTIG: scaffold70_2 (1047bp)
		This contig is unaligned. (1047 bp)
		Unaligned bases: 1047  total: 1051414

CONTIG: C1878_1 (1322bp)
		This contig is unaligned. (1322 bp)
		Unaligned bases: 1322  total: 1052736

CONTIG: C1892_1 (1472bp)
		This contig is unaligned. (1472 bp)
		Unaligned bases: 1472  total: 1054208

CONTIG: scaffold84_2 (877bp)
		This contig is unaligned. (877 bp)
		Unaligned bases: 877  total: 1055085

CONTIG: scaffold84_1 (1875bp)
		This contig is unaligned. (1875 bp)
		Unaligned bases: 1875  total: 1056960

CONTIG: scaffold72_3 (744bp)
		This contig is unaligned. (744 bp)
		Unaligned bases: 744  total: 1057704

CONTIG: scaffold78_3 (559bp)
		This contig is unaligned. (559 bp)
		Unaligned bases: 559  total: 1058263

CONTIG: scaffold78_1 (5681bp)
		This contig is unaligned. (5681 bp)
		Unaligned bases: 5681  total: 1063944

CONTIG: scaffold82_1 (610bp)
		This contig is unaligned. (610 bp)
		Unaligned bases: 610  total: 1064554

CONTIG: scaffold100_2 (11662bp)
		This contig is unaligned. (11662 bp)
		Unaligned bases: 11662  total: 1076216

CONTIG: scaffold100_1 (5560bp)
		This contig is unaligned. (5560 bp)
		Unaligned bases: 5560  total: 1081776

CONTIG: scaffold82_2 (1154bp)
		This contig is unaligned. (1154 bp)
		Unaligned bases: 1154  total: 1082930

CONTIG: C1834_1 (982bp)
		This contig is unaligned. (982 bp)
		Unaligned bases: 982  total: 1083912

CONTIG: scaffold55_2 (47069bp)
		This contig is unaligned. (47069 bp)
		Unaligned bases: 47069  total: 1130981

CONTIG: C1938_1 (2453bp)
		This contig is unaligned. (2453 bp)
		Unaligned bases: 2453  total: 1133434

CONTIG: scaffold74_3 (5324bp)
		This contig is unaligned. (5324 bp)
		Unaligned bases: 5324  total: 1138758

CONTIG: scaffold27_2 (7751bp)
		This contig is unaligned. (7751 bp)
		Unaligned bases: 7751  total: 1146509

CONTIG: scaffold80_4 (14212bp)
		This contig is unaligned. (14212 bp)
		Unaligned bases: 14212  total: 1160721

CONTIG: scaffold80_3 (6572bp)
		This contig is unaligned. (6572 bp)
		Unaligned bases: 6572  total: 1167293

CONTIG: scaffold80_2 (8455bp)
		This contig is unaligned. (8455 bp)
		Unaligned bases: 8455  total: 1175748

CONTIG: scaffold80_1 (603bp)
		This contig is unaligned. (603 bp)
		Unaligned bases: 603  total: 1176351

CONTIG: scaffold86_2 (914bp)
		This contig is unaligned. (914 bp)
		Unaligned bases: 914  total: 1177265

CONTIG: scaffold57_3 (756bp)
		This contig is unaligned. (756 bp)
		Unaligned bases: 756  total: 1178021

CONTIG: scaffold57_2 (2196bp)
		This contig is unaligned. (2196 bp)
		Unaligned bases: 2196  total: 1180217

CONTIG: scaffold57_1 (528bp)
		This contig is unaligned. (528 bp)
		Unaligned bases: 528  total: 1180745

CONTIG: scaffold46_2 (510bp)
		This contig is unaligned. (510 bp)
		Unaligned bases: 510  total: 1181255

CONTIG: scaffold99_1 (5352bp)
		This contig is unaligned. (5352 bp)
		Unaligned bases: 5352  total: 1186607

CONTIG: C2084_1 (9568bp)
		This contig is unaligned. (9568 bp)
		Unaligned bases: 9568  total: 1196175

CONTIG: scaffold1_4 (62524bp)
		This contig is unaligned. (62524 bp)
		Unaligned bases: 62524  total: 1258699

CONTIG: C2102_1 (11670bp)
		This contig is unaligned. (11670 bp)
		Unaligned bases: 11670  total: 1270369

CONTIG: scaffold37_3 (509bp)
		This contig is unaligned. (509 bp)
		Unaligned bases: 509  total: 1270878

CONTIG: scaffold37_4 (1691bp)
		This contig is unaligned. (1691 bp)
		Unaligned bases: 1691  total: 1272569

CONTIG: scaffold110_2 (66366bp)
		This contig is unaligned. (66366 bp)
		Unaligned bases: 66366  total: 1338935

CONTIG: C1766_1 (721bp)
		This contig is unaligned. (721 bp)
		Unaligned bases: 721  total: 1339656

CONTIG: scaffold50_1 (973bp)
		This contig is unaligned. (973 bp)
		Unaligned bases: 973  total: 1340629

CONTIG: scaffold50_2 (649bp)
		This contig is unaligned. (649 bp)
		Unaligned bases: 649  total: 1341278

CONTIG: scaffold1_6 (24511bp)
		This contig is unaligned. (24511 bp)
		Unaligned bases: 24511  total: 1365789

CONTIG: scaffold44_3 (30283bp)
		This contig is unaligned. (30283 bp)
		Unaligned bases: 30283  total: 1396072

CONTIG: scaffold44_2 (16546bp)
		This contig is unaligned. (16546 bp)
		Unaligned bases: 16546  total: 1412618

CONTIG: C1986_1 (4066bp)
		This contig is unaligned. (4066 bp)
		Unaligned bases: 4066  total: 1416684

CONTIG: scaffold1_1 (32346bp)
		This contig is unaligned. (32346 bp)
		Unaligned bases: 32346  total: 1449030

CONTIG: scaffold89_1 (1056bp)
		This contig is unaligned. (1056 bp)
		Unaligned bases: 1056  total: 1450086

CONTIG: scaffold35_2 (35602bp)
		This contig is unaligned. (35602 bp)
		Unaligned bases: 35602  total: 1485688

CONTIG: C1848_1 (1041bp)
		This contig is unaligned. (1041 bp)
		Unaligned bases: 1041  total: 1486729

CONTIG: scaffold85_1 (788bp)
		This contig is unaligned. (788 bp)
		Unaligned bases: 788  total: 1487517

CONTIG: scaffold28_7 (831bp)
		This contig is unaligned. (831 bp)
		Unaligned bases: 831  total: 1488348

CONTIG: scaffold92_1 (1333bp)
		This contig is unaligned. (1333 bp)
		Unaligned bases: 1333  total: 1489681

CONTIG: scaffold28_1 (511bp)
		This contig is unaligned. (511 bp)
		Unaligned bases: 511  total: 1490192

CONTIG: scaffold28_3 (697bp)
		This contig is unaligned. (697 bp)
		Unaligned bases: 697  total: 1490889

CONTIG: scaffold28_2 (521bp)
		This contig is unaligned. (521 bp)
		Unaligned bases: 521  total: 1491410

CONTIG: scaffold92_2 (8583bp)
		This contig is unaligned. (8583 bp)
		Unaligned bases: 8583  total: 1499993

CONTIG: scaffold92_3 (4942bp)
		This contig is unaligned. (4942 bp)
		Unaligned bases: 4942  total: 1504935

CONTIG: C1842_1 (1038bp)
		This contig is unaligned. (1038 bp)
		Unaligned bases: 1038  total: 1505973

CONTIG: scaffold87_3 (2939bp)
		This contig is unaligned. (2939 bp)
		Unaligned bases: 2939  total: 1508912

CONTIG: scaffold92_4 (77010bp)
		This contig is unaligned. (77010 bp)
		Unaligned bases: 77010  total: 1585922

CONTIG: scaffold94_1 (1501bp)
		This contig is unaligned. (1501 bp)
		Unaligned bases: 1501  total: 1587423

CONTIG: scaffold94_2 (2075bp)
		This contig is unaligned. (2075 bp)
		Unaligned bases: 2075  total: 1589498

CONTIG: scaffold74_1 (18850bp)
		This contig is unaligned. (18850 bp)
		Unaligned bases: 18850  total: 1608348

CONTIG: scaffold88_3 (1801bp)
		This contig is unaligned. (1801 bp)
		Unaligned bases: 1801  total: 1610149

CONTIG: scaffold88_2 (3140bp)
		This contig is unaligned. (3140 bp)
		Unaligned bases: 3140  total: 1613289

CONTIG: scaffold88_1 (1040bp)
		This contig is unaligned. (1040 bp)
		Unaligned bases: 1040  total: 1614329

CONTIG: scaffold14_1 (19101bp)
		This contig is unaligned. (19101 bp)
		Unaligned bases: 19101  total: 1633430

CONTIG: scaffold14_5 (26202bp)
		This contig is unaligned. (26202 bp)
		Unaligned bases: 26202  total: 1659632

CONTIG: scaffold86_1 (796bp)
		This contig is unaligned. (796 bp)
		Unaligned bases: 796  total: 1660428

CONTIG: scaffold48_3 (557bp)
		This contig is unaligned. (557 bp)
		Unaligned bases: 557  total: 1660985

CONTIG: scaffold48_2 (3749bp)
		This contig is unaligned. (3749 bp)
		Unaligned bases: 3749  total: 1664734

CONTIG: scaffold104_4 (11175bp)
		This contig is unaligned. (11175 bp)
		Unaligned bases: 11175  total: 1675909

CONTIG: scaffold104_3 (17189bp)
		This contig is unaligned. (17189 bp)
		Unaligned bases: 17189  total: 1693098

CONTIG: scaffold104_2 (12808bp)
		This contig is unaligned. (12808 bp)
		Unaligned bases: 12808  total: 1705906

CONTIG: scaffold104_1 (7651bp)
		This contig is unaligned. (7651 bp)
		Unaligned bases: 7651  total: 1713557

CONTIG: C2070_1 (8873bp)
		This contig is unaligned. (8873 bp)
		Unaligned bases: 8873  total: 1722430

CONTIG: C2086_1 (10204bp)
		This contig is unaligned. (10204 bp)
		Unaligned bases: 10204  total: 1732634

CONTIG: scaffold16_4 (913bp)
		This contig is unaligned. (913 bp)
		Unaligned bases: 913  total: 1733547

CONTIG: scaffold23_6 (972bp)
		This contig is unaligned. (972 bp)
		Unaligned bases: 972  total: 1734519

CONTIG: C1874_1 (1270bp)
		This contig is unaligned. (1270 bp)
		Unaligned bases: 1270  total: 1735789

CONTIG: scaffold16_1 (562bp)
		This contig is unaligned. (562 bp)
		Unaligned bases: 562  total: 1736351

CONTIG: scaffold56_2 (1307bp)
		This contig is unaligned. (1307 bp)
		Unaligned bases: 1307  total: 1737658

CONTIG: C1756_1 (699bp)
		This contig is unaligned. (699 bp)
		Unaligned bases: 699  total: 1738357

CONTIG: scaffold102_1 (5861bp)
		This contig is unaligned. (5861 bp)
		Unaligned bases: 5861  total: 1744218

CONTIG: scaffold102_3 (47237bp)
		This contig is unaligned. (47237 bp)
		Unaligned bases: 47237  total: 1791455

CONTIG: scaffold102_2 (37851bp)
		This contig is unaligned. (37851 bp)
		Unaligned bases: 37851  total: 1829306

CONTIG: C2130_1 (15735bp)
		This contig is unaligned. (15735 bp)
		Unaligned bases: 15735  total: 1845041

CONTIG: C1832_1 (981bp)
		This contig is unaligned. (981 bp)
		Unaligned bases: 981  total: 1846022

CONTIG: scaffold10_1 (17149bp)
		This contig is unaligned. (17149 bp)
		Unaligned bases: 17149  total: 1863171

CONTIG: scaffold34_4 (731bp)
		This contig is unaligned. (731 bp)
		Unaligned bases: 731  total: 1863902

CONTIG: scaffold10_3 (107390bp)
		This contig is unaligned. (107390 bp)
		Unaligned bases: 107390  total: 1971292

CONTIG: scaffold106_1 (15375bp)
		This contig is unaligned. (15375 bp)
		Unaligned bases: 15375  total: 1986667

CONTIG: scaffold51_2 (850bp)
		This contig is unaligned. (850 bp)
		Unaligned bases: 850  total: 1987517

CONTIG: scaffold33_9 (2218bp)
		This contig is unaligned. (2218 bp)
		Unaligned bases: 2218  total: 1989735

CONTIG: scaffold18_2 (747bp)
		This contig is unaligned. (747 bp)
		Unaligned bases: 747  total: 1990482

CONTIG: C1820_1 (905bp)
		This contig is unaligned. (905 bp)
		Unaligned bases: 905  total: 1991387

CONTIG: scaffold33_5 (36662bp)
		This contig is unaligned. (36662 bp)
		Unaligned bases: 36662  total: 2028049

CONTIG: scaffold33_4 (27895bp)
		This contig is unaligned. (27895 bp)
		Unaligned bases: 27895  total: 2055944

CONTIG: scaffold5_3 (19296bp)
		This contig is unaligned. (19296 bp)
		Unaligned bases: 19296  total: 2075240

CONTIG: scaffold5_2 (17444bp)
		This contig is unaligned. (17444 bp)
		Unaligned bases: 17444  total: 2092684

CONTIG: scaffold33_1 (46725bp)
		This contig is unaligned. (46725 bp)
		Unaligned bases: 46725  total: 2139409

CONTIG: scaffold5_4 (16573bp)
		This contig is unaligned. (16573 bp)
		Unaligned bases: 16573  total: 2155982

CONTIG: scaffold33_3 (5301bp)
		This contig is unaligned. (5301 bp)
		Unaligned bases: 5301  total: 2161283

CONTIG: scaffold33_2 (18689bp)
		This contig is unaligned. (18689 bp)
		Unaligned bases: 18689  total: 2179972

CONTIG: C2074_1 (9080bp)
		This contig is unaligned. (9080 bp)
		Unaligned bases: 9080  total: 2189052

CONTIG: scaffold98_2 (22071bp)
		This contig is unaligned. (22071 bp)
		Unaligned bases: 22071  total: 2211123

CONTIG: scaffold54_2 (782bp)
		This contig is unaligned. (782 bp)
		Unaligned bases: 782  total: 2211905

CONTIG: scaffold54_3 (609bp)
		This contig is unaligned. (609 bp)
		Unaligned bases: 609  total: 2212514

CONTIG: scaffold3_3 (14366bp)
		This contig is unaligned. (14366 bp)
		Unaligned bases: 14366  total: 2226880

CONTIG: scaffold3_2 (4172bp)
		This contig is unaligned. (4172 bp)
		Unaligned bases: 4172  total: 2231052

CONTIG: scaffold3_1 (18187bp)
		This contig is unaligned. (18187 bp)
		Unaligned bases: 18187  total: 2249239

CONTIG: scaffold3_6 (4682bp)
		This contig is unaligned. (4682 bp)
		Unaligned bases: 4682  total: 2253921

CONTIG: scaffold108_1 (20667bp)
		This contig is unaligned. (20667 bp)
		Unaligned bases: 20667  total: 2274588

CONTIG: scaffold38_2 (521bp)
		This contig is unaligned. (521 bp)
		Unaligned bases: 521  total: 2275109

CONTIG: scaffold38_3 (37972bp)
		This contig is unaligned. (37972 bp)
		Unaligned bases: 37972  total: 2313081

CONTIG: scaffold96_2 (6807bp)
		This contig is unaligned. (6807 bp)
		Unaligned bases: 6807  total: 2319888

CONTIG: scaffold96_1 (2015bp)
		This contig is unaligned. (2015 bp)
		Unaligned bases: 2015  total: 2321903

CONTIG: scaffold15_11 (25728bp)
		This contig is unaligned. (25728 bp)
		Unaligned bases: 25728  total: 2347631

CONTIG: scaffold56_3 (509bp)
		This contig is unaligned. (509 bp)
		Unaligned bases: 509  total: 2348140

CONTIG: C1758_1 (700bp)
		This contig is unaligned. (700 bp)
		Unaligned bases: 700  total: 2348840

CONTIG: scaffold98_1 (3024bp)
		This contig is unaligned. (3024 bp)
		Unaligned bases: 3024  total: 2351864

CONTIG: scaffold56_4 (556bp)
		This contig is unaligned. (556 bp)
		Unaligned bases: 556  total: 2352420

CONTIG: C2204_1 (23555bp)
		This contig is unaligned. (23555 bp)
		Unaligned bases: 23555  total: 2375975

CONTIG: scaffold36_2 (18488bp)
		This contig is unaligned. (18488 bp)
		Unaligned bases: 18488  total: 2394463

CONTIG: C2096_1 (11346bp)
		This contig is unaligned. (11346 bp)
		Unaligned bases: 11346  total: 2405809

CONTIG: scaffold90_1 (1135bp)
		This contig is unaligned. (1135 bp)
		Unaligned bases: 1135  total: 2406944

CONTIG: scaffold90_2 (13296bp)
		This contig is unaligned. (13296 bp)
		Unaligned bases: 13296  total: 2420240

CONTIG: scaffold33_11 (22037bp)
		This contig is unaligned. (22037 bp)
		Unaligned bases: 22037  total: 2442277

CONTIG: scaffold33_10 (3898bp)
		This contig is unaligned. (3898 bp)
		Unaligned bases: 3898  total: 2446175

CONTIG: C2270_1 (46699bp)
		This contig is unaligned. (46699 bp)
		Unaligned bases: 46699  total: 2492874

CONTIG: scaffold93_2 (18543bp)
		This contig is unaligned. (18543 bp)
		Unaligned bases: 18543  total: 2511417

CONTIG: scaffold93_1 (1386bp)
		This contig is unaligned. (1386 bp)
		Unaligned bases: 1386  total: 2512803

CONTIG: scaffold79_3 (29502bp)
		This contig is unaligned. (29502 bp)
		Unaligned bases: 29502  total: 2542305

CONTIG: scaffold99_2 (8127bp)
Top Length: 83  Top ID: 97.59
		Skipping redundant alignment 3414420 3414494 | 4140 4066 | 75 75 | 100.0 | gi|117617447|ref|NC_008570.1|_Aeromonas_hydrophila_subsp._hydrophila_ATCC_7966_chromosome__complete_genome scaffold99_2
		This contig is partially unaligned. (83 out of 8127)
		Alignment: 4476056 4476138 | 4148 4066 | 83 83 | 97.59 | gi|117617447|ref|NC_008570.1|_Aeromonas_hydrophila_subsp._hydrophila_ATCC_7966_chromosome__complete_genome scaffold99_2
		Unaligned bases: 1 to 4065 (4065)
		Unaligned bases: 4149 to 8127 (3979)

CONTIG: scaffold65_2 (572bp)
		This contig is unaligned. (572 bp)
		Unaligned bases: 572  total: 2542877

CONTIG: scaffold15_1 (25329bp)
		This contig is unaligned. (25329 bp)
		Unaligned bases: 25329  total: 2568206

CONTIG: scaffold45_6 (27672bp)
		This contig is unaligned. (27672 bp)
		Unaligned bases: 27672  total: 2595878

CONTIG: scaffold15_3 (2554bp)
		This contig is unaligned. (2554 bp)
		Unaligned bases: 2554  total: 2598432

CONTIG: scaffold15_2 (17043bp)
		This contig is unaligned. (17043 bp)
		Unaligned bases: 17043  total: 2615475

CONTIG: scaffold15_5 (17531bp)
		This contig is unaligned. (17531 bp)
		Unaligned bases: 17531  total: 2633006

CONTIG: scaffold15_4 (19671bp)
		This contig is unaligned. (19671 bp)
		Unaligned bases: 19671  total: 2652677

CONTIG: scaffold15_7 (23874bp)
		This contig is unaligned. (23874 bp)
		Unaligned bases: 23874  total: 2676551

CONTIG: scaffold15_6 (28829bp)
		This contig is unaligned. (28829 bp)
		Unaligned bases: 28829  total: 2705380

CONTIG: scaffold15_9 (76024bp)
		This contig is unaligned. (76024 bp)
		Unaligned bases: 76024  total: 2781404

CONTIG: scaffold15_8 (9499bp)
		This contig is unaligned. (9499 bp)
		Unaligned bases: 9499  total: 2790903

CONTIG: scaffold103_2 (17362bp)
		This contig is unaligned. (17362 bp)
		Unaligned bases: 17362  total: 2808265

CONTIG: scaffold81_2 (1679bp)
		This contig is unaligned. (1679 bp)
		Unaligned bases: 1679  total: 2809944

CONTIG: C1940_1 (2535bp)
		This contig is unaligned. (2535 bp)
		Unaligned bases: 2535  total: 2812479

CONTIG: scaffold17_1 (668bp)
		This contig is unaligned. (668 bp)
		Unaligned bases: 668  total: 2813147

CONTIG: scaffold81_1 (21266bp)
		This contig is unaligned. (21266 bp)
		Unaligned bases: 21266  total: 2834413

CONTIG: scaffold79_2 (29706bp)
		This contig is unaligned. (29706 bp)
		Unaligned bases: 29706  total: 2864119

CONTIG: C1866_1 (1197bp)
		This contig is unaligned. (1197 bp)
		Unaligned bases: 1197  total: 2865316

CONTIG: scaffold87_4 (17480bp)
		This contig is unaligned. (17480 bp)
		Unaligned bases: 17480  total: 2882796

CONTIG: scaffold11_4 (550bp)
		This contig is unaligned. (550 bp)
		Unaligned bases: 550  total: 2883346

CONTIG: scaffold11_7 (1848bp)
		This contig is unaligned. (1848 bp)
		Unaligned bases: 1848  total: 2885194

CONTIG: scaffold11_6 (710bp)
		This contig is unaligned. (710 bp)
		Unaligned bases: 710  total: 2885904

CONTIG: scaffold69_4 (719bp)
		This contig is unaligned. (719 bp)
		Unaligned bases: 719  total: 2886623

CONTIG: scaffold87_1 (977bp)
		This contig is unaligned. (977 bp)
		Unaligned bases: 977  total: 2887600

CONTIG: scaffold87_2 (1140bp)
		This contig is unaligned. (1140 bp)
		Unaligned bases: 1140  total: 2888740

CONTIG: scaffold63_8 (17922bp)
		This contig is unaligned. (17922 bp)
		Unaligned bases: 17922  total: 2906662

CONTIG: C2042_1 (7492bp)
		This contig is unaligned. (7492 bp)
		Unaligned bases: 7492  total: 2914154

CONTIG: scaffold111_2 (32110bp)
		This contig is unaligned. (32110 bp)
		Unaligned bases: 32110  total: 2946264

CONTIG: scaffold7_4 (590bp)
		This contig is unaligned. (590 bp)
		Unaligned bases: 590  total: 2946854

CONTIG: C2068_1 (8792bp)
		This contig is unaligned. (8792 bp)
		Unaligned bases: 8792  total: 2955646

CONTIG: scaffold7_2 (573bp)
		This contig is unaligned. (573 bp)
		Unaligned bases: 573  total: 2956219

CONTIG: scaffold7_1 (501bp)
		This contig is unaligned. (501 bp)
		Unaligned bases: 501  total: 2956720

CONTIG: C2076_1 (9174bp)
		This contig is unaligned. (9174 bp)
		Unaligned bases: 9174  total: 2965894

CONTIG: scaffold108_2 (24394bp)
		This contig is unaligned. (24394 bp)
		Unaligned bases: 24394  total: 2990288

CONTIG: scaffold4_2 (565bp)
		This contig is unaligned. (565 bp)
		Unaligned bases: 565  total: 2990853

CONTIG: scaffold34_5 (678bp)
		This contig is unaligned. (678 bp)
		Unaligned bases: 678  total: 2991531

CONTIG: scaffold2_4 (10393bp)
		This contig is unaligned. (10393 bp)
		Unaligned bases: 10393  total: 3001924

CONTIG: scaffold77_2 (2867bp)
		This contig is unaligned. (2867 bp)
		Unaligned bases: 2867  total: 3004791

CONTIG: scaffold16_2 (792bp)
		This contig is unaligned. (792 bp)
		Unaligned bases: 792  total: 3005583

CONTIG: scaffold32_3 (653bp)
		This contig is unaligned. (653 bp)
		Unaligned bases: 653  total: 3006236

CONTIG: scaffold2_2 (98302bp)
		This contig is unaligned. (98302 bp)
		Unaligned bases: 98302  total: 3104538

CONTIG: scaffold106_2 (95015bp)
		This contig is unaligned. (95015 bp)
		Unaligned bases: 95015  total: 3199553

CONTIG: scaffold2_7 (11114bp)
		This contig is unaligned. (11114 bp)
		Unaligned bases: 11114  total: 3210667

CONTIG: scaffold32_2 (571bp)
		This contig is unaligned. (571 bp)
		Unaligned bases: 571  total: 3211238

CONTIG: scaffold2_5 (6089bp)
		This contig is unaligned. (6089 bp)
		Unaligned bases: 6089  total: 3217327

CONTIG: scaffold75_2 (579bp)
		This contig is unaligned. (579 bp)
		Unaligned bases: 579  total: 3217906

CONTIG: scaffold2_8 (4190bp)
		This contig is unaligned. (4190 bp)
		Unaligned bases: 4190  total: 3222096

CONTIG: scaffold2_9 (14353bp)
		This contig is unaligned. (14353 bp)
		Unaligned bases: 14353  total: 3236449

CONTIG: C1950_1 (2904bp)
		This contig is unaligned. (2904 bp)
		Unaligned bases: 2904  total: 3239353

CONTIG: C2166_1 (18509bp)
		This contig is unaligned. (18509 bp)
		Unaligned bases: 18509  total: 3257862

CONTIG: C2286_1 (54838bp)
		This contig is unaligned. (54838 bp)
		Unaligned bases: 54838  total: 3312700

CONTIG: scaffold102_4 (24082bp)
		This contig is unaligned. (24082 bp)
		Unaligned bases: 24082  total: 3336782

CONTIG: scaffold30_2 (2327bp)
		This contig is unaligned. (2327 bp)
		Unaligned bases: 2327  total: 3339109

CONTIG: scaffold91_4 (2322bp)
		This contig is unaligned. (2322 bp)
		Unaligned bases: 2322  total: 3341431

CONTIG: scaffold61_2 (672bp)
		This contig is unaligned. (672 bp)
		Unaligned bases: 672  total: 3342103

CONTIG: scaffold30_6 (15386bp)
		This contig is unaligned. (15386 bp)
		Unaligned bases: 15386  total: 3357489

CONTIG: C1802_1 (830bp)
		This contig is unaligned. (830 bp)
		Unaligned bases: 830  total: 3358319

CONTIG: scaffold30_4 (4714bp)
		This contig is unaligned. (4714 bp)
		Unaligned bases: 4714  total: 3363033

CONTIG: scaffold91_2 (16698bp)
		This contig is unaligned. (16698 bp)
		Unaligned bases: 16698  total: 3379731

CONTIG: C1696_1 (568bp)
		This contig is unaligned. (568 bp)
		Unaligned bases: 568  total: 3380299

CONTIG: C1954_1 (2917bp)
		This contig is unaligned. (2917 bp)
		Unaligned bases: 2917  total: 3383216

CONTIG: scaffold8_2 (1324bp)
		This contig is unaligned. (1324 bp)
		Unaligned bases: 1324  total: 3384540

CONTIG: scaffold63_9 (3391bp)
		This contig is unaligned. (3391 bp)
		Unaligned bases: 3391  total: 3387931

CONTIG: scaffold39_2 (12219bp)
		This contig is unaligned. (12219 bp)
		Unaligned bases: 12219  total: 3400150

CONTIG: scaffold63_7 (42468bp)
		This contig is unaligned. (42468 bp)
		Unaligned bases: 42468  total: 3442618

CONTIG: C1904_1 (1689bp)
		This contig is unaligned. (1689 bp)
		Unaligned bases: 1689  total: 3444307

CONTIG: scaffold63_5 (5709bp)
		This contig is unaligned. (5709 bp)
		Unaligned bases: 5709  total: 3450016

CONTIG: scaffold63_2 (33743bp)
		This contig is unaligned. (33743 bp)
		Unaligned bases: 33743  total: 3483759

CONTIG: scaffold63_3 (3324bp)
		This contig is unaligned. (3324 bp)
		Unaligned bases: 3324  total: 3487083

CONTIG: scaffold79_1 (600bp)
		This contig is unaligned. (600 bp)
		Unaligned bases: 600  total: 3487683

CONTIG: scaffold63_1 (58161bp)
		This contig is unaligned. (58161 bp)
		Unaligned bases: 58161  total: 3545844

CONTIG: C2140_1 (16710bp)
		This contig is unaligned. (16710 bp)
		Unaligned bases: 16710  total: 3562554

CONTIG: C1862_1 (1183bp)
		This contig is unaligned. (1183 bp)
		Unaligned bases: 1183  total: 3563737

CONTIG: C1764_1 (711bp)
		This contig is unaligned. (711 bp)
		Unaligned bases: 711  total: 3564448

CONTIG: scaffold64_3 (21009bp)
		This contig is unaligned. (21009 bp)
		Unaligned bases: 21009  total: 3585457

CONTIG: scaffold64_2 (11402bp)
		This contig is unaligned. (11402 bp)
		Unaligned bases: 11402  total: 3596859

CONTIG: C2050_1 (7983bp)
		This contig is unaligned. (7983 bp)
		Unaligned bases: 7983  total: 3604842

CONTIG: scaffold43_2 (610bp)
		This contig is unaligned. (610 bp)
		Unaligned bases: 610  total: 3605452

CONTIG: scaffold13_4 (680bp)
		This contig is unaligned. (680 bp)
		Unaligned bases: 680  total: 3606132

CONTIG: C1906_1 (1729bp)
		This contig is unaligned. (1729 bp)
		Unaligned bases: 1729  total: 3607861

CONTIG: scaffold71_2 (1007bp)
		This contig is unaligned. (1007 bp)
		Unaligned bases: 1007  total: 3608868

CONTIG: C1812_1 (859bp)
		This contig is unaligned. (859 bp)
		Unaligned bases: 859  total: 3609727

CONTIG: scaffold66_1 (30218bp)
		This contig is unaligned. (30218 bp)
		Unaligned bases: 30218  total: 3639945

CONTIG: C1736_1 (625bp)
		This contig is unaligned. (625 bp)
		Unaligned bases: 625  total: 3640570

CONTIG: C1782_1 (768bp)
		This contig is unaligned. (768 bp)
		Unaligned bases: 768  total: 3641338

CONTIG: scaffold41_2 (69513bp)
		This contig is unaligned. (69513 bp)
		Unaligned bases: 69513  total: 3710851

CONTIG: scaffold41_3 (27618bp)
		This contig is unaligned. (27618 bp)
		Unaligned bases: 27618  total: 3738469

CONTIG: scaffold73_2 (2240bp)
		This contig is unaligned. (2240 bp)
		Unaligned bases: 2240  total: 3740709

CONTIG: scaffold63_10 (4442bp)
		This contig is unaligned. (4442 bp)
		Unaligned bases: 4442  total: 3745151

CONTIG: scaffold63_11 (13459bp)
		This contig is unaligned. (13459 bp)
		Unaligned bases: 13459  total: 3758610

CONTIG: scaffold63_12 (11596bp)
		This contig is unaligned. (11596 bp)
		Unaligned bases: 11596  total: 3770206

CONTIG: scaffold63_13 (8605bp)
		This contig is unaligned. (8605 bp)
		Unaligned bases: 8605  total: 3778811

CONTIG: scaffold68_3 (1561bp)
		This contig is unaligned. (1561 bp)
		Unaligned bases: 1561  total: 3780372

CONTIG: scaffold68_2 (1842bp)
		This contig is unaligned. (1842 bp)
		Unaligned bases: 1842  total: 3782214

CONTIG: C2118_1 (14087bp)
		This contig is unaligned. (14087 bp)
		Unaligned bases: 14087  total: 3796301

CONTIG: C1694_1 (564bp)
		This contig is unaligned. (564 bp)
		Unaligned bases: 564  total: 3796865

CONTIG: scaffold6_5 (2915bp)
		This contig is unaligned. (2915 bp)
		Unaligned bases: 2915  total: 3799780

CONTIG: scaffold71_3 (8712bp)
		This contig is unaligned. (8712 bp)
		Unaligned bases: 8712  total: 3808492

CONTIG: scaffold26_1 (5397bp)
		This contig is unaligned. (5397 bp)
		Unaligned bases: 5397  total: 3813889

CONTIG: scaffold6_1 (786bp)
		This contig is unaligned. (786 bp)
		Unaligned bases: 786  total: 3814675

CONTIG: scaffold19_4 (40466bp)
		This contig is unaligned. (40466 bp)
		Unaligned bases: 40466  total: 3855141

CONTIG: scaffold19_6 (12113bp)
		This contig is unaligned. (12113 bp)
		Unaligned bases: 12113  total: 3867254

CONTIG: scaffold19_1 (815bp)
		This contig is unaligned. (815 bp)
		Unaligned bases: 815  total: 3868069

CONTIG: C1780_1 (760bp)
		This contig is unaligned. (760 bp)
		Unaligned bases: 760  total: 3868829

CONTIG: scaffold19_3 (5976bp)
		This contig is unaligned. (5976 bp)
		Unaligned bases: 5976  total: 3874805

Analyzing coverage...
Writing SNPs into /software/galaxy/master/sabbai/galaxy-dist/database/job_working_directory/002/2323/dataset_2405_files/Scaffold/contigs_reports/nucmer_output/SOAPdenovo_miseq_scf_broken.used_snps
	Reference gi|117617447|ref|NC_008570.1|_Aeromonas_hydrophila_subsp._hydrophila_ATCC_7966_chromosome__complete_genome: 1 total alignments. 1 total regions.
		Region: 1 to 4744448 (4744448 bp)
			START in gap: 1 to 4476056 (4476055 bp)
			Align 1: 4476056 4476138 scaffold99_2 4148 4066
			END in gap: 4476138 to 4744448 (268310 bp)

Analysis is finished!
Founded SNPs were written into /software/galaxy/master/sabbai/galaxy-dist/database/job_working_directory/002/2323/dataset_2405_files/Scaffold/contigs_reports/nucmer_output/SOAPdenovo_miseq_scf_broken.used_snps

Results:
	Local Misassemblies: 0
	Misassemblies: 0
		Relocations: 0
		Translocations: 0
		Inversions: 0
	Misassembled Contigs: 0
	Misassembled Contig Bases: 0
	Misassmblies Inter-Contig Overlap: 0
Uncovered Regions: 0 (0)
Unaligned Contigs: 308 + 1 part
Partially Unaligned Contigs with Misassemblies: 0
Unaligned Contig Bases: 3882849

Ambiguously Mapped Contigs: 0
Total Bases in Ambiguously Mapped Contigs: 0
Note that --allow-ambiguity option was set to "one" and only first alignment per each contig was used.

	Covered Bases: 83

	SNPs: 2
	Insertions: 0
	Deletions: 0

	Positive Gaps: 2
		Internal Gaps:  0
		External Gaps:  2
		External Gap Total:  4744365
		External Gap Average: 2372182
	Negative Gaps: 0
		Internal Overlaps:  0
		External Overlaps:  0
		External Overlaps Total:  0
		External Overlaps Average: 0
	Contigs with Redundant Alignments: 0 (0)
