Aligning contigs to reference...
	Running Nucmer...
Parsing coords...
Loading Assembly...
Loading reference...
	Loaded [gi|117617447|ref|NC_008570.1|_Aeromonas_hydrophila_subsp._hydrophila_ATCC_7966_chromosome__complete_genome]
Loading SNPs...
Loading regions...
	No regions given, using whole reference.
	Total Regions: 1
	Total Region Length: 4744448
Analyzing contigs...
CONTIG: scf7180000020738 (37954bp)
		This contig is unaligned. (37954 bp)
		Unaligned bases: 37954  total: 37954

CONTIG: scf7180000020739 (11836bp)
		This contig is unaligned. (11836 bp)
		Unaligned bases: 11836  total: 49790

CONTIG: scf7180000020730 (24036bp)
		This contig is unaligned. (24036 bp)
		Unaligned bases: 24036  total: 73826

CONTIG: scf7180000020731 (9849bp)
		This contig is unaligned. (9849 bp)
		Unaligned bases: 9849  total: 83675

CONTIG: scf7180000020732 (7155bp)
		This contig is unaligned. (7155 bp)
		Unaligned bases: 7155  total: 90830

CONTIG: scf7180000020733 (3562bp)
		This contig is unaligned. (3562 bp)
		Unaligned bases: 3562  total: 94392

CONTIG: scf7180000020734 (59405bp)
		This contig is unaligned. (59405 bp)
		Unaligned bases: 59405  total: 153797

CONTIG: scf7180000020735 (2529bp)
		This contig is unaligned. (2529 bp)
		Unaligned bases: 2529  total: 156326

CONTIG: scf7180000020736 (66927bp)
		This contig is unaligned. (66927 bp)
		Unaligned bases: 66927  total: 223253

CONTIG: scf7180000020737 (62358bp)
		This contig is unaligned. (62358 bp)
		Unaligned bases: 62358  total: 285611

CONTIG: scf7180000020729 (102138bp)
		This contig is unaligned. (102138 bp)
		Unaligned bases: 102138  total: 387749

CONTIG: scf7180000020728 (13039bp)
		This contig is unaligned. (13039 bp)
		Unaligned bases: 13039  total: 400788

CONTIG: scf7180000020723 (71809bp)
Top Length: 83  Top ID: 97.59
		Skipping redundant alignment 3414420 3414494 | 13124 13198 | 75 75 | 100.0 | gi|117617447|ref|NC_008570.1|_Aeromonas_hydrophila_subsp._hydrophila_ATCC_7966_chromosome__complete_genome scf7180000020723
		This contig is partially unaligned. (83 out of 71809)
		Alignment: 4476056 4476138 | 13116 13198 | 83 83 | 97.59 | gi|117617447|ref|NC_008570.1|_Aeromonas_hydrophila_subsp._hydrophila_ATCC_7966_chromosome__complete_genome scf7180000020723
		Unaligned bases: 1 to 13115 (13115)
		Unaligned bases: 13199 to 71809 (58611)

CONTIG: scf7180000020722 (19628bp)
		This contig is unaligned. (19628 bp)
		Unaligned bases: 19628  total: 420416

CONTIG: scf7180000020721 (3294bp)
		This contig is unaligned. (3294 bp)
		Unaligned bases: 3294  total: 423710

CONTIG: scf7180000020720 (26132bp)
		This contig is unaligned. (26132 bp)
		Unaligned bases: 26132  total: 449842

CONTIG: scf7180000020727 (7966bp)
		This contig is unaligned. (7966 bp)
		Unaligned bases: 7966  total: 457808

CONTIG: scf7180000020726 (45596bp)
		This contig is unaligned. (45596 bp)
		Unaligned bases: 45596  total: 503404

CONTIG: scf7180000020725 (176278bp)
		This contig is unaligned. (176278 bp)
		Unaligned bases: 176278  total: 679682

CONTIG: scf7180000020724 (139295bp)
		This contig is unaligned. (139295 bp)
		Unaligned bases: 139295  total: 818977

CONTIG: scf7180000020788 (63413bp)
		This contig is unaligned. (63413 bp)
		Unaligned bases: 63413  total: 882390

CONTIG: scf7180000020781 (3459bp)
		This contig is unaligned. (3459 bp)
		Unaligned bases: 3459  total: 885849

CONTIG: scf7180000020780 (93899bp)
		This contig is unaligned. (93899 bp)
		Unaligned bases: 93899  total: 979748

CONTIG: scf7180000020783 (47302bp)
		This contig is unaligned. (47302 bp)
		Unaligned bases: 47302  total: 1027050

CONTIG: scf7180000020782 (27224bp)
		This contig is unaligned. (27224 bp)
		Unaligned bases: 27224  total: 1054274

CONTIG: scf7180000020785 (47798bp)
		This contig is unaligned. (47798 bp)
		Unaligned bases: 47798  total: 1102072

CONTIG: scf7180000020784 (56521bp)
Top Length: 96  Top ID: 98.96
		This contig is partially unaligned. (96 out of 56521)
		Alignment: 809109 809204 | 56421 56326 | 96 96 | 98.96 | gi|117617447|ref|NC_008570.1|_Aeromonas_hydrophila_subsp._hydrophila_ATCC_7966_chromosome__complete_genome scf7180000020784
		Unaligned bases: 1 to 56325 (56325)
		Unaligned bases: 56422 to 56521 (100)

CONTIG: scf7180000020787 (25091bp)
		This contig is unaligned. (25091 bp)
		Unaligned bases: 25091  total: 1127163

CONTIG: scf7180000020786 (53196bp)
		This contig is unaligned. (53196 bp)
		Unaligned bases: 53196  total: 1180359

CONTIG: scf7180000020718 (67260bp)
		This contig is unaligned. (67260 bp)
		Unaligned bases: 67260  total: 1247619

CONTIG: scf7180000020719 (10059bp)
		This contig is unaligned. (10059 bp)
		Unaligned bases: 10059  total: 1257678

CONTIG: scf7180000020716 (7366bp)
		This contig is unaligned. (7366 bp)
		Unaligned bases: 7366  total: 1265044

CONTIG: scf7180000020717 (5076bp)
		This contig is unaligned. (5076 bp)
		Unaligned bases: 5076  total: 1270120

CONTIG: scf7180000020714 (1921bp)
		This contig is unaligned. (1921 bp)
		Unaligned bases: 1921  total: 1272041

CONTIG: scf7180000020715 (5761bp)
		This contig is unaligned. (5761 bp)
		Unaligned bases: 5761  total: 1277802

CONTIG: scf7180000020712 (20428bp)
		This contig is unaligned. (20428 bp)
		Unaligned bases: 20428  total: 1298230

CONTIG: scf7180000020713 (2108bp)
		This contig is unaligned. (2108 bp)
		Unaligned bases: 2108  total: 1300338

CONTIG: scf7180000020710 (11851bp)
		This contig is unaligned. (11851 bp)
		Unaligned bases: 11851  total: 1312189

CONTIG: scf7180000020711 (18996bp)
		This contig is unaligned. (18996 bp)
		Unaligned bases: 18996  total: 1331185

CONTIG: scf7180000020701 (34387bp)
		This contig is unaligned. (34387 bp)
		Unaligned bases: 34387  total: 1365572

CONTIG: scf7180000020700 (55305bp)
		This contig is unaligned. (55305 bp)
		Unaligned bases: 55305  total: 1420877

CONTIG: scf7180000020703 (1104bp)
		This contig is unaligned. (1104 bp)
		Unaligned bases: 1104  total: 1421981

CONTIG: scf7180000020702 (4229bp)
		This contig is unaligned. (4229 bp)
		Unaligned bases: 4229  total: 1426210

CONTIG: scf7180000020705 (2530bp)
		This contig is unaligned. (2530 bp)
		Unaligned bases: 2530  total: 1428740

CONTIG: scf7180000020704 (240804bp)
		This contig is unaligned. (240804 bp)
		Unaligned bases: 240804  total: 1669544

CONTIG: scf7180000020707 (1823bp)
		This contig is unaligned. (1823 bp)
		Unaligned bases: 1823  total: 1671367

CONTIG: scf7180000020706 (4512bp)
		This contig is unaligned. (4512 bp)
		Unaligned bases: 4512  total: 1675879

CONTIG: scf7180000020709 (13720bp)
		This contig is unaligned. (13720 bp)
		Unaligned bases: 13720  total: 1689599

CONTIG: scf7180000020708 (9292bp)
		This contig is unaligned. (9292 bp)
		Unaligned bases: 9292  total: 1698891

CONTIG: scf7180000020774 (148496bp)
		This contig is unaligned. (148496 bp)
		Unaligned bases: 148496  total: 1847387

CONTIG: scf7180000020775 (143043bp)
Top Length: 96  Top ID: 98.96
		This contig is partially unaligned. (96 out of 143043)
		Alignment: 809109 809204 | 142907 142812 | 96 96 | 98.96 | gi|117617447|ref|NC_008570.1|_Aeromonas_hydrophila_subsp._hydrophila_ATCC_7966_chromosome__complete_genome scf7180000020775
		Unaligned bases: 1 to 142811 (142811)
		Unaligned bases: 142908 to 143043 (136)

CONTIG: scf7180000020776 (15610bp)
		This contig is unaligned. (15610 bp)
		Unaligned bases: 15610  total: 1862997

CONTIG: scf7180000020777 (78201bp)
		This contig is unaligned. (78201 bp)
		Unaligned bases: 78201  total: 1941198

CONTIG: scf7180000020770 (24464bp)
		This contig is unaligned. (24464 bp)
		Unaligned bases: 24464  total: 1965662

CONTIG: scf7180000020771 (37910bp)
		This contig is unaligned. (37910 bp)
		Unaligned bases: 37910  total: 2003572

CONTIG: scf7180000020772 (22990bp)
		This contig is unaligned. (22990 bp)
		Unaligned bases: 22990  total: 2026562

CONTIG: scf7180000020773 (33317bp)
		This contig is unaligned. (33317 bp)
		Unaligned bases: 33317  total: 2059879

CONTIG: scf7180000020778 (4111bp)
		This contig is unaligned. (4111 bp)
		Unaligned bases: 4111  total: 2063990

CONTIG: scf7180000020779 (4174bp)
		This contig is unaligned. (4174 bp)
		Unaligned bases: 4174  total: 2068164

CONTIG: scf7180000020697 (41279bp)
		This contig is unaligned. (41279 bp)
		Unaligned bases: 41279  total: 2109443

CONTIG: scf7180000020696 (9059bp)
		This contig is unaligned. (9059 bp)
		Unaligned bases: 9059  total: 2118502

CONTIG: scf7180000020695 (355677bp)
		This contig is unaligned. (355677 bp)
		Unaligned bases: 355677  total: 2474179

CONTIG: scf7180000020699 (1568bp)
		This contig is unaligned. (1568 bp)
		Unaligned bases: 1568  total: 2475747

CONTIG: scf7180000020698 (286947bp)
		This contig is unaligned. (286947 bp)
		Unaligned bases: 286947  total: 2762694

CONTIG: scf7180000020767 (18610bp)
		This contig is unaligned. (18610 bp)
		Unaligned bases: 18610  total: 2781304

CONTIG: scf7180000020766 (5427bp)
		This contig is unaligned. (5427 bp)
		Unaligned bases: 5427  total: 2786731

CONTIG: scf7180000020765 (2002bp)
		This contig is unaligned. (2002 bp)
		Unaligned bases: 2002  total: 2788733

CONTIG: scf7180000020764 (2067bp)
		This contig is unaligned. (2067 bp)
		Unaligned bases: 2067  total: 2790800

CONTIG: scf7180000020763 (52902bp)
		This contig is unaligned. (52902 bp)
		Unaligned bases: 52902  total: 2843702

CONTIG: scf7180000020762 (5673bp)
Top Length: 96  Top ID: 98.96
		This contig is partially unaligned. (96 out of 5673)
		Alignment: 809109 809204 | 5573 5478 | 96 96 | 98.96 | gi|117617447|ref|NC_008570.1|_Aeromonas_hydrophila_subsp._hydrophila_ATCC_7966_chromosome__complete_genome scf7180000020762
		Unaligned bases: 1 to 5477 (5477)
		Unaligned bases: 5574 to 5673 (100)

CONTIG: scf7180000020761 (12631bp)
		This contig is unaligned. (12631 bp)
		Unaligned bases: 12631  total: 2856333

CONTIG: scf7180000020760 (3273bp)
		This contig is unaligned. (3273 bp)
		Unaligned bases: 3273  total: 2859606

CONTIG: scf7180000020769 (18164bp)
		This contig is unaligned. (18164 bp)
		Unaligned bases: 18164  total: 2877770

CONTIG: scf7180000020768 (5812bp)
		This contig is unaligned. (5812 bp)
		Unaligned bases: 5812  total: 2883582

CONTIG: scf7180000020758 (17096bp)
		This contig is unaligned. (17096 bp)
		Unaligned bases: 17096  total: 2900678

CONTIG: scf7180000020759 (6311bp)
		This contig is unaligned. (6311 bp)
		Unaligned bases: 6311  total: 2906989

CONTIG: scf7180000020752 (1738bp)
		This contig is unaligned. (1738 bp)
		Unaligned bases: 1738  total: 2908727

CONTIG: scf7180000020753 (13683bp)
		This contig is unaligned. (13683 bp)
		Unaligned bases: 13683  total: 2922410

CONTIG: scf7180000020750 (25542bp)
		This contig is unaligned. (25542 bp)
		Unaligned bases: 25542  total: 2947952

CONTIG: scf7180000020751 (2523bp)
		This contig is unaligned. (2523 bp)
		Unaligned bases: 2523  total: 2950475

CONTIG: scf7180000020756 (1750bp)
		This contig is unaligned. (1750 bp)
		Unaligned bases: 1750  total: 2952225

CONTIG: scf7180000020757 (158579bp)
		This contig is unaligned. (158579 bp)
		Unaligned bases: 158579  total: 3110804

CONTIG: scf7180000020754 (7161bp)
		This contig is unaligned. (7161 bp)
		Unaligned bases: 7161  total: 3117965

CONTIG: scf7180000020755 (2162bp)
		This contig is unaligned. (2162 bp)
		Unaligned bases: 2162  total: 3120127

CONTIG: scf7180000020749 (9822bp)
		This contig is unaligned. (9822 bp)
		Unaligned bases: 9822  total: 3129949

CONTIG: scf7180000020748 (13908bp)
		This contig is unaligned. (13908 bp)
		Unaligned bases: 13908  total: 3143857

CONTIG: scf7180000020745 (13129bp)
		This contig is unaligned. (13129 bp)
		Unaligned bases: 13129  total: 3156986

CONTIG: scf7180000020744 (14675bp)
		This contig is unaligned. (14675 bp)
		Unaligned bases: 14675  total: 3171661

CONTIG: scf7180000020747 (134075bp)
		This contig is unaligned. (134075 bp)
		Unaligned bases: 134075  total: 3305736

CONTIG: scf7180000020746 (156494bp)
		This contig is unaligned. (156494 bp)
		Unaligned bases: 156494  total: 3462230

CONTIG: scf7180000020741 (21241bp)
Top Length: 96  Top ID: 97.92
		Skipping redundant alignment 355167 355258 | 21238 21147 | 92 92 | 98.91 | gi|117617447|ref|NC_008570.1|_Aeromonas_hydrophila_subsp._hydrophila_ATCC_7966_chromosome__complete_genome scf7180000020741
		Skipping redundant alignment 4449168 4449259 | 21147 21238 | 92 92 | 98.91 | gi|117617447|ref|NC_008570.1|_Aeromonas_hydrophila_subsp._hydrophila_ATCC_7966_chromosome__complete_genome scf7180000020741
		Skipping redundant alignment 4697518 4697609 | 21147 21238 | 92 92 | 98.91 | gi|117617447|ref|NC_008570.1|_Aeromonas_hydrophila_subsp._hydrophila_ATCC_7966_chromosome__complete_genome scf7180000020741
		This contig is partially unaligned. (96 out of 21241)
		Alignment: 809109 809204 | 21238 21143 | 96 96 | 97.92 | gi|117617447|ref|NC_008570.1|_Aeromonas_hydrophila_subsp._hydrophila_ATCC_7966_chromosome__complete_genome scf7180000020741
		Unaligned bases: 1 to 21142 (21142)
		Unaligned bases: 21239 to 21241 (3)

CONTIG: scf7180000020740 (1969bp)
		This contig is unaligned. (1969 bp)
		Unaligned bases: 1969  total: 3464199

CONTIG: scf7180000020743 (70713bp)
Top Length: 96  Top ID: 98.96
		This contig is partially unaligned. (96 out of 70713)
		Alignment: 809109 809204 | 70399 70304 | 96 96 | 98.96 | gi|117617447|ref|NC_008570.1|_Aeromonas_hydrophila_subsp._hydrophila_ATCC_7966_chromosome__complete_genome scf7180000020743
		Unaligned bases: 1 to 70303 (70303)
		Unaligned bases: 70400 to 70713 (314)

CONTIG: scf7180000020742 (16942bp)
		This contig is unaligned. (16942 bp)
		Unaligned bases: 16942  total: 3481141

Analyzing coverage...
Writing SNPs into /software/galaxy/master/sabbai/galaxy-dist/database/job_working_directory/002/2323/dataset_2405_files/Scaffold/contigs_reports/nucmer_output/CABOG_hiseq_scf.used_snps
	Reference gi|117617447|ref|NC_008570.1|_Aeromonas_hydrophila_subsp._hydrophila_ATCC_7966_chromosome__complete_genome: 6 total alignments. 1 total regions.
		Region: 1 to 4744448 (4744448 bp)
			START in gap: 1 to 809109 (809108 bp)
			Align 1: 809109 809204 scf7180000020784 56421 56326
				The next alignment (809109 809204 scf7180000020775 142907 142812) is redundant. Skipping.
				The next alignment (809109 809204 scf7180000020762 5573 5478) is redundant. Skipping.
				The next alignment (809109 809204 scf7180000020741 21238 21143) is redundant. Skipping.
				The next alignment (809109 809204 scf7180000020743 70399 70304) is redundant. Skipping.
				Gap between this and next alignment: 809204 to 4476056 (3666851 bp)
				Next Alignment: 4476056 4476138 scf7180000020723 13116 13198

			Align 6: 4476056 4476138 scf7180000020723 13116 13198
			END in gap: 4476138 to 4744448 (268310 bp)

Analysis is finished!
Founded SNPs were written into /software/galaxy/master/sabbai/galaxy-dist/database/job_working_directory/002/2323/dataset_2405_files/Scaffold/contigs_reports/nucmer_output/CABOG_hiseq_scf.used_snps

Results:
	Local Misassemblies: 0
	Misassemblies: 0
		Relocations: 0
		Translocations: 0
		Inversions: 0
	Misassembled Contigs: 0
	Misassembled Contig Bases: 0
	Misassmblies Inter-Contig Overlap: 0
Uncovered Regions: 0 (0)
Unaligned Contigs: 88 + 6 part
Partially Unaligned Contigs with Misassemblies: 0
Unaligned Contig Bases: 3849578

Ambiguously Mapped Contigs: 0
Total Bases in Ambiguously Mapped Contigs: 0
Note that --allow-ambiguity option was set to "one" and only first alignment per each contig was used.

	Covered Bases: 179

	SNPs: 3
	Insertions: 0
	Deletions: 0

	Positive Gaps: 3
		Internal Gaps:  0
		External Gaps:  3
		External Gap Total:  4744269
		External Gap Average: 1581423
	Negative Gaps: 0
		Internal Overlaps:  0
		External Overlaps:  0
		External Overlaps Total:  0
		External Overlaps Average: 0
	Contigs with Redundant Alignments: 1 (384)
