/usit/invitro/data/galaxy/master/sabbai/galaxy-dist/tools/assembly_benchmark/quast/quast.py -o /usit/invitro/data/galaxy/master/sabbai/galaxy-dist/database/job_working_directory/000/813/dataset_896_files -R /usit/invitro/data/galaxy/master/sabbai/galaxy-dist/database/files/000/dataset_895.dat -l BC-H-Abyss, BC-M-Abyss, BC-H-Cabog, BC-M-Cabog, BC-H-Mira, BC-M-Mira, BC-H-Msrca, BC-M-Msrca, BC-H-Sga, BC-M-Sga, BC-H-Soap, BC-M-Soap, BC-H-Spades, BC-M-Spades, BC-H-Velvet, BC-M-Velvet -G /usit/invitro/data/galaxy/master/sabbai/galaxy-dist/database/files/000/dataset_679.dat /usit/invitro/data/galaxy/master/sabbai/galaxy-dist/database/files/000/dataset_489.dat /usit/invitro/data/galaxy/master/sabbai/galaxy-dist/database/files/000/dataset_497.dat /usit/invitro/data/galaxy/master/sabbai/galaxy-dist/database/files/000/dataset_490.dat /usit/invitro/data/galaxy/master/sabbai/galaxy-dist/database/files/000/dataset_498.dat /usit/invitro/data/galaxy/master/sabbai/galaxy-dist/database/files/000/dataset_491.dat /usit/invitro/data/galaxy/master/sabbai/galaxy-dist/database/files/000/dataset_499.dat /usit/invitro/data/galaxy/master/sabbai/galaxy-dist/database/files/000/dataset_492.dat /usit/invitro/data/galaxy/master/sabbai/galaxy-dist/database/files/000/dataset_500.dat /usit/invitro/data/galaxy/master/sabbai/galaxy-dist/database/files/000/dataset_493.dat /usit/invitro/data/galaxy/master/sabbai/galaxy-dist/database/files/000/dataset_501.dat /usit/invitro/data/galaxy/master/sabbai/galaxy-dist/database/files/000/dataset_494.dat /usit/invitro/data/galaxy/master/sabbai/galaxy-dist/database/files/000/dataset_502.dat /usit/invitro/data/galaxy/master/sabbai/galaxy-dist/database/files/000/dataset_495.dat /usit/invitro/data/galaxy/master/sabbai/galaxy-dist/database/files/000/dataset_503.dat /usit/invitro/data/galaxy/master/sabbai/galaxy-dist/database/files/000/dataset_496.dat /usit/invitro/data/galaxy/master/sabbai/galaxy-dist/database/files/000/dataset_504.dat

Version 2.2, build 19.07.2013 21:21


System information:
  OS: Linux-2.6.18-371.el5-x86_64-with-redhat-5.10-Tikanga
  Python version: 2.7.0
  CPUs number: 64

Started: 2014-03-10 11:55:30

Logging to /usit/invitro/data/galaxy/master/sabbai/galaxy-dist/database/job_working_directory/000/813/dataset_896_files/quast.log

NOTICE: Output directory already exists. Existing Nucmer alignments can be used.

NOTICE: Maximum number of threads is set to 64 (use --threads option to set it manually)

Reference:
  /usit/invitro/data/galaxy/master/sabbai/galaxy-dist/database/files/000/dataset_895.dat ==> dataset_895

Contigs:
  /usit/invitro/data/galaxy/master/sabbai/galaxy-dist/database/files/000/dataset_489.dat ==> BC-H-Abyss
  /usit/invitro/data/galaxy/master/sabbai/galaxy-dist/database/files/000/dataset_497.dat ==> BC-M-Abyss
  /usit/invitro/data/galaxy/master/sabbai/galaxy-dist/database/files/000/dataset_490.dat ==> BC-H-Cabog
  /usit/invitro/data/galaxy/master/sabbai/galaxy-dist/database/files/000/dataset_498.dat ==> BC-M-Cabog
  /usit/invitro/data/galaxy/master/sabbai/galaxy-dist/database/files/000/dataset_491.dat ==> BC-H-Mira
  /usit/invitro/data/galaxy/master/sabbai/galaxy-dist/database/files/000/dataset_499.dat ==> BC-M-Mira
  /usit/invitro/data/galaxy/master/sabbai/galaxy-dist/database/files/000/dataset_492.dat ==> BC-H-Msrca
  /usit/invitro/data/galaxy/master/sabbai/galaxy-dist/database/files/000/dataset_500.dat ==> BC-M-Msrca
  /usit/invitro/data/galaxy/master/sabbai/galaxy-dist/database/files/000/dataset_493.dat ==> BC-H-Sga
  /usit/invitro/data/galaxy/master/sabbai/galaxy-dist/database/files/000/dataset_501.dat ==> BC-M-Sga
  /usit/invitro/data/galaxy/master/sabbai/galaxy-dist/database/files/000/dataset_494.dat ==> BC-H-Soap
  /usit/invitro/data/galaxy/master/sabbai/galaxy-dist/database/files/000/dataset_502.dat ==> BC-M-Soap
  /usit/invitro/data/galaxy/master/sabbai/galaxy-dist/database/files/000/dataset_495.dat ==> BC-H-Spades
  /usit/invitro/data/galaxy/master/sabbai/galaxy-dist/database/files/000/dataset_503.dat ==> BC-M-Spades
  /usit/invitro/data/galaxy/master/sabbai/galaxy-dist/database/files/000/dataset_496.dat ==> BC-H-Velvet
  /usit/invitro/data/galaxy/master/sabbai/galaxy-dist/database/files/000/dataset_504.dat ==> BC-M-Velvet

2014-03-10 11:55:49
Running Basic statistics processor...
  Reference genome:
    dataset_895.dat, Reference length = 5432652, Reference GC % = 35.50
  Contig files: 
    1  BC-H-Abyss
    2  BC-M-Abyss
    3  BC-H-Cabog
    4  BC-M-Cabog
    5  BC-H-Mira
    6  BC-M-Mira
    7  BC-H-Msrca
    8  BC-M-Msrca
    9  BC-H-Sga
    10  BC-M-Sga
    11 BC-H-Soap
    12 BC-M-Soap
    13 BC-H-Spades
    14 BC-M-Spades
    15 BC-H-Velvet
    16 BC-M-Velvet
  Calculating N50 and L50...
    1  BC-H-Abyss, N50 = 42572, L50 = 38, Total length = 5805336, GC % = 35.20, # N's per 100 kbp =  0.00
    2  BC-M-Abyss, N50 = 130570, L50 = 12, Total length = 5380960, GC % = 35.30, # N's per 100 kbp =  102.42
    3  BC-H-Cabog, N50 = 79405, L50 = 17, Total length = 4796994, GC % = 34.96, # N's per 100 kbp =  0.00
    4  BC-M-Cabog, N50 = 155352, L50 = 13, Total length = 5419570, GC % = 35.41, # N's per 100 kbp =  0.00
    5  BC-H-Mira, N50 = 43373, L50 = 28, Total length = 5641826, GC % = 35.21, # N's per 100 kbp =  4.54
    6  BC-M-Mira, N50 = 116480, L50 = 14, Total length = 5413818, GC % = 35.42, # N's per 100 kbp =  3.53
    7  BC-H-Msrca, N50 = 97165, L50 = 16, Total length = 5624071, GC % = 35.21, # N's per 100 kbp =  0.00
    8  BC-M-Msrca, N50 = 246697, L50 = 6, Total length = 5432639, GC % = 35.39, # N's per 100 kbp =  0.00
    9  BC-H-Sga, N50 = 23397, L50 = 69, Total length = 5471145, GC % = 35.18, # N's per 100 kbp =  0.00
    10  BC-M-Sga, N50 = 25767, L50 = 64, Total length = 5368062, GC % = 35.30, # N's per 100 kbp =  0.00
    11 BC-H-Soap, N50 = 57780, L50 = 30, Total length = 5599263, GC % = 35.19, # N's per 100 kbp =  0.00
    12 BC-M-Soap, N50 = 246346, L50 = 6, Total length = 5341631, GC % = 35.28, # N's per 100 kbp =  0.00
    13 BC-H-Spades, N50 = 94312, L50 = 15, Total length = 5729752, GC % = 35.26, # N's per 100 kbp =  16.04
    14 BC-M-Spades, N50 = 103691, L50 = 17, Total length = 5395402, GC % = 35.36, # N's per 100 kbp =  4.10
    15 BC-H-Velvet, N50 = 44126, L50 = 33, Total length = 4966856, GC % = 35.48, # N's per 100 kbp =  0.00
    16 BC-M-Velvet, N50 = 24786, L50 = 65, Total length = 5310336, GC % = 35.29, # N's per 100 kbp =  0.00
  Drawing cumulative plot...
    saved to /usit/invitro/data/galaxy/master/sabbai/galaxy-dist/database/job_working_directory/000/813/dataset_896_files/basic_stats/cumulative_plot.pdf
  Drawing GC content plot...
    saved to /usit/invitro/data/galaxy/master/sabbai/galaxy-dist/database/job_working_directory/000/813/dataset_896_files/basic_stats/GC_content_plot.pdf
  Drawing Nx plot...
    saved to /usit/invitro/data/galaxy/master/sabbai/galaxy-dist/database/job_working_directory/000/813/dataset_896_files/basic_stats/Nx_plot.pdf
  Drawing NGx plot...
    saved to /usit/invitro/data/galaxy/master/sabbai/galaxy-dist/database/job_working_directory/000/813/dataset_896_files/basic_stats/NGx_plot.pdf
Done.

2014-03-10 11:55:58
Running Contig analyzer...
  1  BC-H-Abyss
  2  BC-M-Abyss
  1  Logging to files /usit/invitro/data/galaxy/master/sabbai/galaxy-dist/database/job_working_directory/000/813/dataset_896_files/contigs_reports/contigs_report_BC-H-Abyss.stdout and contigs_report_BC-H-Abyss.stderr...
  3  BC-H-Cabog
  2  Logging to files /usit/invitro/data/galaxy/master/sabbai/galaxy-dist/database/job_working_directory/000/813/dataset_896_files/contigs_reports/contigs_report_BC-M-Abyss.stdout and contigs_report_BC-M-Abyss.stderr...
  1  Running Nucmer... 
  3  Logging to files /usit/invitro/data/galaxy/master/sabbai/galaxy-dist/database/job_working_directory/000/813/dataset_896_files/contigs_reports/contigs_report_BC-H-Cabog.stdout and contigs_report_BC-H-Cabog.stderr...
  4  BC-M-Cabog
  2  Running Nucmer... 
  3  Running Nucmer... 
  4  Logging to files /usit/invitro/data/galaxy/master/sabbai/galaxy-dist/database/job_working_directory/000/813/dataset_896_files/contigs_reports/contigs_report_BC-M-Cabog.stdout and contigs_report_BC-M-Cabog.stderr...
  5  BC-H-Mira
  4  Running Nucmer... 
  5  Logging to files /usit/invitro/data/galaxy/master/sabbai/galaxy-dist/database/job_working_directory/000/813/dataset_896_files/contigs_reports/contigs_report_BC-H-Mira.stdout and contigs_report_BC-H-Mira.stderr...
  5  Running Nucmer... 
  6  BC-M-Mira
  6  Logging to files /usit/invitro/data/galaxy/master/sabbai/galaxy-dist/database/job_working_directory/000/813/dataset_896_files/contigs_reports/contigs_report_BC-M-Mira.stdout and contigs_report_BC-M-Mira.stderr...
  6  Running Nucmer... 
  7  BC-H-Msrca
  7  Logging to files /usit/invitro/data/galaxy/master/sabbai/galaxy-dist/database/job_working_directory/000/813/dataset_896_files/contigs_reports/contigs_report_BC-H-Msrca.stdout and contigs_report_BC-H-Msrca.stderr...
  7  Running Nucmer... 
  8  BC-M-Msrca
  8  Logging to files /usit/invitro/data/galaxy/master/sabbai/galaxy-dist/database/job_working_directory/000/813/dataset_896_files/contigs_reports/contigs_report_BC-M-Msrca.stdout and contigs_report_BC-M-Msrca.stderr...
  8  Running Nucmer... 
  9  BC-H-Sga
  9  Logging to files /usit/invitro/data/galaxy/master/sabbai/galaxy-dist/database/job_working_directory/000/813/dataset_896_files/contigs_reports/contigs_report_BC-H-Sga.stdout and contigs_report_BC-H-Sga.stderr...
  10  BC-M-Sga
  9  Running Nucmer... 
  11 BC-H-Soap
  10  Logging to files /usit/invitro/data/galaxy/master/sabbai/galaxy-dist/database/job_working_directory/000/813/dataset_896_files/contigs_reports/contigs_report_BC-M-Sga.stdout and contigs_report_BC-M-Sga.stderr...
  10  Running Nucmer... 
  12 BC-M-Soap
  11 Logging to files /usit/invitro/data/galaxy/master/sabbai/galaxy-dist/database/job_working_directory/000/813/dataset_896_files/contigs_reports/contigs_report_BC-H-Soap.stdout and contigs_report_BC-H-Soap.stderr...
  11 Running Nucmer... 
  12 Logging to files /usit/invitro/data/galaxy/master/sabbai/galaxy-dist/database/job_working_directory/000/813/dataset_896_files/contigs_reports/contigs_report_BC-M-Soap.stdout and contigs_report_BC-M-Soap.stderr...
  12 Running Nucmer... 
  14 BC-M-Spades
  13 Logging to files /usit/invitro/data/galaxy/master/sabbai/galaxy-dist/database/job_working_directory/000/813/dataset_896_files/contigs_reports/contigs_report_BC-H-Spades.stdout and contigs_report_BC-H-Spades.stderr...
  15 BC-H-Velvet
  13 Running Nucmer... 
  15 Logging to files /usit/invitro/data/galaxy/master/sabbai/galaxy-dist/database/job_working_directory/000/813/dataset_896_files/contigs_reports/contigs_report_BC-H-Velvet.stdout and contigs_report_BC-H-Velvet.stderr...
  14 Running Nucmer... 
  15 Running Nucmer... 
  16 BC-M-Velvet
  16 Logging to files /usit/invitro/data/galaxy/master/sabbai/galaxy-dist/database/job_working_directory/000/813/dataset_896_files/contigs_reports/contigs_report_BC-M-Velvet.stdout and contigs_report_BC-M-Velvet.stderr...
  16 Running Nucmer... 
/usit/invitro/data/galaxy/master/sabbai/galaxy-dist/database/job_working_directory/000/813/dataset_896_files/contigs_reports/alignments_BC-M-Velvet.tsv
  626 Analysis is finished.
/usit/invitro/data/galaxy/master/sabbai/galaxy-dist/database/job_working_directory/000/813/dataset_896_files/contigs_reports/alignments_BC-M-Cabog.tsv
  13532 Analysis is finished.
/usit/invitro/data/galaxy/master/sabbai/galaxy-dist/database/job_working_directory/000/813/dataset_896_files/contigs_reports/alignments_BC-M-Abyss.tsv
  18431 Analysis is finished.
/usit/invitro/data/galaxy/master/sabbai/galaxy-dist/database/job_working_directory/000/813/dataset_896_files/contigs_reports/alignments_BC-M-Sga.tsv
  7265 Analysis is finished.
/usit/invitro/data/galaxy/master/sabbai/galaxy-dist/database/job_working_directory/000/813/dataset_896_files/contigs_reports/alignments_BC-M-Soap.tsv
  13383 Analysis is finished.
/usit/invitro/data/galaxy/master/sabbai/galaxy-dist/database/job_working_directory/000/813/dataset_896_files/contigs_reports/alignments_BC-M-Msrca.tsv
  14431 Analysis is finished.
/usit/invitro/data/galaxy/master/sabbai/galaxy-dist/database/job_working_directory/000/813/dataset_896_files/contigs_reports/alignments_BC-M-Mira.tsv
  64891 Analysis is finished.
/usit/invitro/data/galaxy/master/sabbai/galaxy-dist/database/job_working_directory/000/813/dataset_896_files/contigs_reports/alignments_BC-M-Spades.tsv
  23142 Analysis is finished.
/usit/invitro/data/galaxy/master/sabbai/galaxy-dist/database/job_working_directory/000/813/dataset_896_files/contigs_reports/alignments_BC-H-Cabog.tsv
  23678 Analysis is finished.
/usit/invitro/data/galaxy/master/sabbai/galaxy-dist/database/job_working_directory/000/813/dataset_896_files/contigs_reports/alignments_BC-H-Velvet.tsv
  118 Analysis is finished.
/usit/invitro/data/galaxy/master/sabbai/galaxy-dist/database/job_working_directory/000/813/dataset_896_files/contigs_reports/alignments_BC-H-Sga.tsv
  9542 Analysis is finished.
/usit/invitro/data/galaxy/master/sabbai/galaxy-dist/database/job_working_directory/000/813/dataset_896_files/contigs_reports/alignments_BC-H-Mira.tsv
  1004 Analysis is finished.
/usit/invitro/data/galaxy/master/sabbai/galaxy-dist/database/job_working_directory/000/813/dataset_896_files/contigs_reports/alignments_BC-H-Soap.tsv
  1761 Analysis is finished.
/usit/invitro/data/galaxy/master/sabbai/galaxy-dist/database/job_working_directory/000/813/dataset_896_files/contigs_reports/alignments_BC-H-Msrca.tsv
  148869 Analysis is finished.
/usit/invitro/data/galaxy/master/sabbai/galaxy-dist/database/job_working_directory/000/813/dataset_896_files/contigs_reports/alignments_BC-H-Abyss.tsv
  1043 Analysis is finished.
/usit/invitro/data/galaxy/master/sabbai/galaxy-dist/database/job_working_directory/000/813/dataset_896_files/contigs_reports/alignments_BC-H-Spades.tsv
  85 Analysis is finished.
  Creating total report...
    saved to /usit/invitro/data/galaxy/master/sabbai/galaxy-dist/database/job_working_directory/000/813/dataset_896_files/contigs_reports/misassemblies_report.txt, misassemblies_report.tsv, and misassemblies_report.tex
  Creating total report...
    saved to /usit/invitro/data/galaxy/master/sabbai/galaxy-dist/database/job_working_directory/000/813/dataset_896_files/contigs_reports/unaligned_report.txt, unaligned_report.tsv, and unaligned_report.tex
Done.

2014-03-10 11:57:07
Running NA-NGA calculation...
  Calculating NA50 and NGA50...
    1  BC-H-Abyss, Largest alignment = 9186, NA50 = None, NGA50 = None, LA50 = None, LGA50 = None
    2  BC-M-Abyss, Largest alignment = 430487, NA50 = 130570, NGA50 = 130570, LA50 = 12, LGA50 = 12
    3  BC-H-Cabog, Largest alignment = 5194, NA50 = None, NGA50 = None, LA50 = None, LGA50 = None
    4  BC-M-Cabog, Largest alignment = 258489, NA50 = 150479, NGA50 = 150479, LA50 = 14, LGA50 = 14
    5  BC-H-Mira, Largest alignment = 5197, NA50 = None, NGA50 = None, LA50 = None, LGA50 = None
    6  BC-M-Mira, Largest alignment = 311769, NA50 = 100038, NGA50 = 100038, LA50 = 15, LGA50 = 15
    7  BC-H-Msrca, Largest alignment = 9186, NA50 = None, NGA50 = None, LA50 = None, LGA50 = None
    8  BC-M-Msrca, Largest alignment = 766822, NA50 = 246697, NGA50 = 246697, LA50 = 6, LGA50 = 6
    9  BC-H-Sga, Largest alignment = 5197, NA50 = None, NGA50 = None, LA50 = None, LGA50 = None
    10  BC-M-Sga, Largest alignment = 106317, NA50 = 25767, NGA50 = 25512, LA50 = 64, LGA50 = 65
    11 BC-H-Soap, Largest alignment = 9186, NA50 = None, NGA50 = None, LA50 = None, LGA50 = None
    12 BC-M-Soap, Largest alignment = 606357, NA50 = 246346, NGA50 = 246346, LA50 = 6, LGA50 = 6
    13 BC-H-Spades, Largest alignment = 9186, NA50 = None, NGA50 = None, LA50 = None, LGA50 = None
    14 BC-M-Spades, Largest alignment = 346882, NA50 = 103691, NGA50 = 103691, LA50 = 17, LGA50 = 17
    15 BC-H-Velvet, Largest alignment = 9186, NA50 = None, NGA50 = None, LA50 = None, LGA50 = None
    16 BC-M-Velvet, Largest alignment = 91844, NA50 = 24577, NGA50 = 24465, LA50 = 66, LGA50 = 68
  Drawing cumulative plot...
    saved to /usit/invitro/data/galaxy/master/sabbai/galaxy-dist/database/job_working_directory/000/813/dataset_896_files/aligned_stats/cumulative_plot.pdf
  Drawing NAx plot...
    saved to /usit/invitro/data/galaxy/master/sabbai/galaxy-dist/database/job_working_directory/000/813/dataset_896_files/aligned_stats/NAx_plot.pdf
  Drawing NGAx plot...
    saved to /usit/invitro/data/galaxy/master/sabbai/galaxy-dist/database/job_working_directory/000/813/dataset_896_files/aligned_stats/NGAx_plot.pdf
  Done.

2014-03-10 11:57:09
Running Genome analyzer...
  Loaded 5772 genes
  NOTICE: Annotated operons file was not provided. Use -O option to specify it.
  1  BC-H-Abyss
  2  BC-M-Abyss
  3  BC-H-Cabog
  4  BC-M-Cabog
  5  BC-H-Mira
  6  BC-M-Mira
  7  BC-H-Msrca
  8  BC-M-Msrca
  9  BC-H-Sga
  10  BC-M-Sga
  11 BC-H-Soap
  12 BC-M-Soap
  13 BC-H-Spades
  14 BC-M-Spades
  15 BC-H-Velvet
  16 BC-M-Velvet
  Drawing genes cumulative plot...
    saved to /usit/invitro/data/galaxy/master/sabbai/galaxy-dist/database/job_working_directory/000/813/dataset_896_files/genome_stats/genes_cumulative_plot.pdf
  Drawing # complete genes histogram...
    saved to /usit/invitro/data/galaxy/master/sabbai/galaxy-dist/database/job_working_directory/000/813/dataset_896_files/genome_stats/complete_genes_histogram.pdf
  Drawing Genome fraction, % histogram...
    saved to /usit/invitro/data/galaxy/master/sabbai/galaxy-dist/database/job_working_directory/000/813/dataset_896_files/genome_stats/genome_fraction_histogram.pdf
Done.

NOTICE: Genes are not predicted by default. Use --gene-finding option to enable it.

2014-03-10 11:57:59
Summarizing...
  Creating total report...
    saved to /usit/invitro/data/galaxy/master/sabbai/galaxy-dist/database/job_working_directory/000/813/dataset_896_files/report.txt, report.tsv, and report.tex
  Transposed version of total report...
    saved to /usit/invitro/data/galaxy/master/sabbai/galaxy-dist/database/job_working_directory/000/813/dataset_896_files/transposed_report.txt, transposed_report.tsv, and transposed_report.tex
  HTML version saved to /usit/invitro/data/galaxy/master/sabbai/galaxy-dist/database/job_working_directory/000/813/dataset_896_files/report.html
  All pdf files are merged to /usit/invitro/data/galaxy/master/sabbai/galaxy-dist/database/job_working_directory/000/813/dataset_896_files/plots.pdf
Log saved to /usit/invitro/data/galaxy/master/sabbai/galaxy-dist/database/job_working_directory/000/813/dataset_896_files/quast.log

Finished: 2014-03-10 11:58:00
Elapsed time: 0:02:29.709909
