/software/galaxy/master/sabbai/galaxy-dist/tools/comparative_assembly_statistics/quast-2.2/quast.py -o /software/galaxy/master/sabbai/galaxy-dist/database/job_working_directory/002/2339/dataset_2421_files/Scaffold -R /software/galaxy/master/sabbai/galaxy-dist/tools/comparative_assembly_statistics/reference/refGen/S_aureus_USA300_TCH151.fna -G /software/galaxy/master/sabbai/galaxy-dist/tools/comparative_assembly_statistics/reference/genefiles/S_aureus_USA300_TCH151.gff -l SA-H-Abyss-Scaffold, SA-H-Cabog-Scaffold, SA-H-Msrca-Scaffold, SA-H-Sga-Scaffold, SA-H-Soap-Scaffold, SA-H-Spades-Scaffold, SA-H-Velvet-Scaffold --contig-thresholds 500,1000 --scaffolds /software/galaxy/master/sabbai/galaxy-dist/database/files/000/dataset_643.dat /software/galaxy/master/sabbai/galaxy-dist/database/files/000/dataset_644.dat /software/galaxy/master/sabbai/galaxy-dist/database/files/000/dataset_645.dat /software/galaxy/master/sabbai/galaxy-dist/database/files/000/dataset_646.dat /software/galaxy/master/sabbai/galaxy-dist/database/files/000/dataset_647.dat /software/galaxy/master/sabbai/galaxy-dist/database/files/000/dataset_648.dat /software/galaxy/master/sabbai/galaxy-dist/database/files/000/dataset_649.dat

Version 2.2, build 19.07.2013 21:21


System information:
  OS: Linux-2.6.32-431.11.2.el6.x86_64-x86_64-with-redhat-6.5-Santiago
  Python version: 2.7.6
  CPUs number: 64

Started: 2014-07-08 09:50:39

Logging to /software/galaxy/master/sabbai/galaxy-dist/database/job_working_directory/002/2339/dataset_2421_files/Scaffold/quast.log

NOTICE: Output directory already exists. Existing Nucmer alignments can be used.

NOTICE: Maximum number of threads is set to 64 (use --threads option to set it manually)

Reference:
  /software/galaxy/master/sabbai/galaxy-dist/tools/comparative_assembly_statistics/reference/refGen/S_aureus_USA300_TCH151.fna ==> S_aureus_USA300_TCH151

Contigs:
  /software/galaxy/master/sabbai/galaxy-dist/database/files/000/dataset_643.dat ==> SA-H-Abyss-Scaffold
  breaking scaffolds into contigs:
      1 scaffolds (SA-H-Abyss-Scaffold) were broken into 128 contigs (SA-H-Abyss-Scaffold_broken)
  /software/galaxy/master/sabbai/galaxy-dist/database/files/000/dataset_644.dat ==> SA-H-Cabog-Scaffold
  breaking scaffolds into contigs:
      35950 scaffolds (SA-H-Cabog-Scaffold) were broken into 56 contigs (SA-H-Cabog-Scaffold_broken)
  /software/galaxy/master/sabbai/galaxy-dist/database/files/000/dataset_645.dat ==> SA-H-Msrca-Scaffold
  breaking scaffolds into contigs:
      1 scaffolds (SA-H-Msrca-Scaffold) were broken into 52 contigs (SA-H-Msrca-Scaffold_broken)
  /software/galaxy/master/sabbai/galaxy-dist/database/files/000/dataset_646.dat ==> SA-H-Sga-Scaffold
  breaking scaffolds into contigs:
      1 scaffolds (SA-H-Sga-Scaffold) were broken into 155 contigs (SA-H-Sga-Scaffold_broken)
  /software/galaxy/master/sabbai/galaxy-dist/database/files/000/dataset_647.dat ==> SA-H-Soap-Scaffold
  breaking scaffolds into contigs:
      1 scaffolds (SA-H-Soap-Scaffold) were broken into 273 contigs (SA-H-Soap-Scaffold_broken)
  /software/galaxy/master/sabbai/galaxy-dist/database/files/000/dataset_648.dat ==> SA-H-Spades-Scaffold
  breaking scaffolds into contigs:
      1 scaffolds (SA-H-Spades-Scaffold) were broken into 72 contigs (SA-H-Spades-Scaffold_broken)
  /software/galaxy/master/sabbai/galaxy-dist/database/files/000/dataset_649.dat ==> SA-H-Velvet-Scaffold
  breaking scaffolds into contigs:
      1 scaffolds (SA-H-Velvet-Scaffold) were broken into 82 contigs (SA-H-Velvet-Scaffold_broken)

2014-07-08 09:50:46
Running Basic statistics processor...
  Reference genome:
    S_aureus_USA300_TCH151.fna, Reference length = 2903081, Reference GC % = 32.73
  Contig files: 
    1  SA-H-Abyss-Scaffold broken
    2  SA-H-Abyss-Scaffold
    3  SA-H-Cabog-Scaffold broken
    4  SA-H-Cabog-Scaffold
    5  SA-H-Msrca-Scaffold broken
    6  SA-H-Msrca-Scaffold
    7  SA-H-Sga-Scaffold broken
    8  SA-H-Sga-Scaffold
    9  SA-H-Soap-Scaffold broken
    10  SA-H-Soap-Scaffold
    11 SA-H-Spades-Scaffold broken
    12 SA-H-Spades-Scaffold
    13 SA-H-Velvet-Scaffold broken
    14 SA-H-Velvet-Scaffold
  Calculating N50 and L50...
    1  SA-H-Abyss-Scaffold broken, N50 = 64963, L50 = 12, Total length = 3033542, GC % = 32.93, # N's per 100 kbp =  0.00
    2  SA-H-Abyss-Scaffold, N50 = 73887, L50 = 12, Total length = 3035469, GC % = 32.93, # N's per 100 kbp =  26.52
    3  SA-H-Cabog-Scaffold broken, N50 = 111165, L50 = 7, Total length = 2796508, GC % = 32.73, # N's per 100 kbp =  0.00
    4  SA-H-Cabog-Scaffold, N50 = 153356, L50 = 6, Total length = 2796568, GC % = 32.73, # N's per 100 kbp =  2.15
    5  SA-H-Msrca-Scaffold broken, N50 = 221821, L50 = 5, Total length = 2892444, GC % = 32.85, # N's per 100 kbp =  0.00
    6  SA-H-Msrca-Scaffold, N50 = 221821, L50 = 5, Total length = 2892464, GC % = 32.85, # N's per 100 kbp =  0.69
    7  SA-H-Sga-Scaffold broken, N50 = 40622, L50 = 20, Total length = 2738034, GC % = 32.68, # N's per 100 kbp =  0.00
    8  SA-H-Sga-Scaffold, N50 = 51537, L50 = 15, Total length = 2741445, GC % = 32.68, # N's per 100 kbp =  27.36
    9  SA-H-Soap-Scaffold broken, N50 = 146332, L50 = 7, Total length = 2823357, GC % = 32.70, # N's per 100 kbp =  0.14
    10  SA-H-Soap-Scaffold, N50 = 146332, L50 = 7, Total length = 2823357, GC % = 32.70, # N's per 100 kbp =  0.14
    11 SA-H-Spades-Scaffold broken, N50 = 187080, L50 = 6, Total length = 2881488, GC % = 32.72, # N's per 100 kbp =  1.98
    12 SA-H-Spades-Scaffold, N50 = 187080, L50 = 6, Total length = 2881488, GC % = 32.72, # N's per 100 kbp =  1.98
    13 SA-H-Velvet-Scaffold broken, N50 = 122507, L50 = 7, Total length = 2824718, GC % = 32.73, # N's per 100 kbp =  0.00
    14 SA-H-Velvet-Scaffold, N50 = 165713, L50 = 6, Total length = 2825625, GC % = 32.73, # N's per 100 kbp =  13.13
  Drawing cumulative plot...
    saved to /software/galaxy/master/sabbai/galaxy-dist/database/job_working_directory/002/2339/dataset_2421_files/Scaffold/basic_stats/cumulative_plot.pdf
  Drawing GC content plot...
    saved to /software/galaxy/master/sabbai/galaxy-dist/database/job_working_directory/002/2339/dataset_2421_files/Scaffold/basic_stats/GC_content_plot.pdf
  Drawing Nx plot...
    saved to /software/galaxy/master/sabbai/galaxy-dist/database/job_working_directory/002/2339/dataset_2421_files/Scaffold/basic_stats/Nx_plot.pdf
  Drawing NGx plot...
    saved to /software/galaxy/master/sabbai/galaxy-dist/database/job_working_directory/002/2339/dataset_2421_files/Scaffold/basic_stats/NGx_plot.pdf
Done.

2014-07-08 09:50:52
Running Contig analyzer...
  1  SA-H-Abyss-Scaffold broken
  1  Logging to files /software/galaxy/master/sabbai/galaxy-dist/database/job_working_directory/002/2339/dataset_2421_files/Scaffold/contigs_reports/contigs_report_SA-H-Abyss-Scaffold_broken.stdout and contigs_report_SA-H-Abyss-Scaffold_broken.stderr...
  1  Running Nucmer... 
  2  SA-H-Abyss-Scaffold
  2  Logging to files /software/galaxy/master/sabbai/galaxy-dist/database/job_working_directory/002/2339/dataset_2421_files/Scaffold/contigs_reports/contigs_report_SA-H-Abyss-Scaffold.stdout and contigs_report_SA-H-Abyss-Scaffold.stderr...
  3  SA-H-Cabog-Scaffold broken
  2  Running Nucmer... 
  3  Logging to files /software/galaxy/master/sabbai/galaxy-dist/database/job_working_directory/002/2339/dataset_2421_files/Scaffold/contigs_reports/contigs_report_SA-H-Cabog-Scaffold_broken.stdout and contigs_report_SA-H-Cabog-Scaffold_broken.stderr...
  3  Running Nucmer... 
  4  SA-H-Cabog-Scaffold
  5  SA-H-Msrca-Scaffold broken
  4  Logging to files /software/galaxy/master/sabbai/galaxy-dist/database/job_working_directory/002/2339/dataset_2421_files/Scaffold/contigs_reports/contigs_report_SA-H-Cabog-Scaffold.stdout and contigs_report_SA-H-Cabog-Scaffold.stderr...
  5  Logging to files /software/galaxy/master/sabbai/galaxy-dist/database/job_working_directory/002/2339/dataset_2421_files/Scaffold/contigs_reports/contigs_report_SA-H-Msrca-Scaffold_broken.stdout and contigs_report_SA-H-Msrca-Scaffold_broken.stderr...
  5  Running Nucmer... 
  7  SA-H-Sga-Scaffold broken
  6  Logging to files /software/galaxy/master/sabbai/galaxy-dist/database/job_working_directory/002/2339/dataset_2421_files/Scaffold/contigs_reports/contigs_report_SA-H-Msrca-Scaffold.stdout and contigs_report_SA-H-Msrca-Scaffold.stderr...
  8  SA-H-Sga-Scaffold
  8  Logging to files /software/galaxy/master/sabbai/galaxy-dist/database/job_working_directory/002/2339/dataset_2421_files/Scaffold/contigs_reports/contigs_report_SA-H-Sga-Scaffold.stdout and contigs_report_SA-H-Sga-Scaffold.stderr...
  8  Running Nucmer... 
  6  Running Nucmer... 
  7  Logging to files /software/galaxy/master/sabbai/galaxy-dist/database/job_working_directory/002/2339/dataset_2421_files/Scaffold/contigs_reports/contigs_report_SA-H-Sga-Scaffold_broken.stdout and contigs_report_SA-H-Sga-Scaffold_broken.stderr...
  7  Running Nucmer... 
  9  SA-H-Soap-Scaffold broken
  9  Logging to files /software/galaxy/master/sabbai/galaxy-dist/database/job_working_directory/002/2339/dataset_2421_files/Scaffold/contigs_reports/contigs_report_SA-H-Soap-Scaffold_broken.stdout and contigs_report_SA-H-Soap-Scaffold_broken.stderr...
  9  Running Nucmer... 
  10  SA-H-Soap-Scaffold
  11 SA-H-Spades-Scaffold broken
  10  Logging to files /software/galaxy/master/sabbai/galaxy-dist/database/job_working_directory/002/2339/dataset_2421_files/Scaffold/contigs_reports/contigs_report_SA-H-Soap-Scaffold.stdout and contigs_report_SA-H-Soap-Scaffold.stderr...
  11 Logging to files /software/galaxy/master/sabbai/galaxy-dist/database/job_working_directory/002/2339/dataset_2421_files/Scaffold/contigs_reports/contigs_report_SA-H-Spades-Scaffold_broken.stdout and contigs_report_SA-H-Spades-Scaffold_broken.stderr...
  10  Running Nucmer... 
  11 Running Nucmer... 
  12 SA-H-Spades-Scaffold
  12 Logging to files /software/galaxy/master/sabbai/galaxy-dist/database/job_working_directory/002/2339/dataset_2421_files/Scaffold/contigs_reports/contigs_report_SA-H-Spades-Scaffold.stdout and contigs_report_SA-H-Spades-Scaffold.stderr...
  12 Running Nucmer... 
  13 SA-H-Velvet-Scaffold broken
  14 SA-H-Velvet-Scaffold
  13 Logging to files /software/galaxy/master/sabbai/galaxy-dist/database/job_working_directory/002/2339/dataset_2421_files/Scaffold/contigs_reports/contigs_report_SA-H-Velvet-Scaffold_broken.stdout and contigs_report_SA-H-Velvet-Scaffold_broken.stderr...
  14 Logging to files /software/galaxy/master/sabbai/galaxy-dist/database/job_working_directory/002/2339/dataset_2421_files/Scaffold/contigs_reports/contigs_report_SA-H-Velvet-Scaffold.stdout and contigs_report_SA-H-Velvet-Scaffold.stderr...
  13 Running Nucmer... 
  14 Running Nucmer... 
/software/galaxy/master/sabbai/galaxy-dist/database/job_working_directory/002/2339/dataset_2421_files/Scaffold/contigs_reports/alignments_SA-H-Sga-Scaffold_broken.tsv
  30317 Analysis is finished.
/software/galaxy/master/sabbai/galaxy-dist/database/job_working_directory/002/2339/dataset_2421_files/Scaffold/contigs_reports/alignments_SA-H-Sga-Scaffold.tsv
  30317 Analysis is finished.
/software/galaxy/master/sabbai/galaxy-dist/database/job_working_directory/002/2339/dataset_2421_files/Scaffold/contigs_reports/alignments_SA-H-Soap-Scaffold_broken.tsv
  45382 Analysis is finished.
/software/galaxy/master/sabbai/galaxy-dist/database/job_working_directory/002/2339/dataset_2421_files/Scaffold/contigs_reports/alignments_SA-H-Spades-Scaffold.tsv
  235934 Analysis is finished.
/software/galaxy/master/sabbai/galaxy-dist/database/job_working_directory/002/2339/dataset_2421_files/Scaffold/contigs_reports/alignments_SA-H-Velvet-Scaffold_broken.tsv
  380 Analysis is finished.
/software/galaxy/master/sabbai/galaxy-dist/database/job_working_directory/002/2339/dataset_2421_files/Scaffold/contigs_reports/alignments_SA-H-Cabog-Scaffold.tsv
  204663 Analysis is finished.
/software/galaxy/master/sabbai/galaxy-dist/database/job_working_directory/002/2339/dataset_2421_files/Scaffold/contigs_reports/alignments_SA-H-Soap-Scaffold.tsv
  45382 Analysis is finished.
/software/galaxy/master/sabbai/galaxy-dist/database/job_working_directory/002/2339/dataset_2421_files/Scaffold/contigs_reports/alignments_SA-H-Velvet-Scaffold.tsv
  380 Analysis is finished.
/software/galaxy/master/sabbai/galaxy-dist/database/job_working_directory/002/2339/dataset_2421_files/Scaffold/contigs_reports/alignments_SA-H-Msrca-Scaffold_broken.tsv
  46006 Analysis is finished.
/software/galaxy/master/sabbai/galaxy-dist/database/job_working_directory/002/2339/dataset_2421_files/Scaffold/contigs_reports/alignments_SA-H-Msrca-Scaffold.tsv
  46006 Analysis is finished.
/software/galaxy/master/sabbai/galaxy-dist/database/job_working_directory/002/2339/dataset_2421_files/Scaffold/contigs_reports/alignments_SA-H-Cabog-Scaffold_broken.tsv
  204663 Analysis is finished.
/software/galaxy/master/sabbai/galaxy-dist/database/job_working_directory/002/2339/dataset_2421_files/Scaffold/contigs_reports/alignments_SA-H-Abyss-Scaffold.tsv
  372 Analysis is finished.
/software/galaxy/master/sabbai/galaxy-dist/database/job_working_directory/002/2339/dataset_2421_files/Scaffold/contigs_reports/alignments_SA-H-Spades-Scaffold_broken.tsv
  235934 Analysis is finished.
/software/galaxy/master/sabbai/galaxy-dist/database/job_working_directory/002/2339/dataset_2421_files/Scaffold/contigs_reports/alignments_SA-H-Abyss-Scaffold_broken.tsv
  372 Analysis is finished.
  Creating total report...
    saved to /software/galaxy/master/sabbai/galaxy-dist/database/job_working_directory/002/2339/dataset_2421_files/Scaffold/contigs_reports/misassemblies_report.txt, misassemblies_report.tsv, and misassemblies_report.tex
  Creating total report...
    saved to /software/galaxy/master/sabbai/galaxy-dist/database/job_working_directory/002/2339/dataset_2421_files/Scaffold/contigs_reports/unaligned_report.txt, unaligned_report.tsv, and unaligned_report.tex
Done.

2014-07-08 09:51:08
Running NA-NGA calculation...
  Calculating NA50 and NGA50...
    1  SA-H-Abyss-Scaffold broken, Largest alignment = 187397, NA50 = 42776, NGA50 = 49061, LA50 = 19, LGA50 = 18
    2  SA-H-Abyss-Scaffold, Largest alignment = 187397, NA50 = 49061, NGA50 = 50757, LA50 = 18, LGA50 = 17
    3  SA-H-Cabog-Scaffold broken, Largest alignment = 172651, NA50 = 45901, NGA50 = 45835, LA50 = 17, LGA50 = 18
    4  SA-H-Cabog-Scaffold, Largest alignment = 172651, NA50 = 45901, NGA50 = 45835, LA50 = 17, LGA50 = 18
    5  SA-H-Msrca-Scaffold broken, Largest alignment = 187458, NA50 = 70865, NGA50 = 70865, LA50 = 13, LGA50 = 13
    6  SA-H-Msrca-Scaffold, Largest alignment = 187458, NA50 = 70865, NGA50 = 70865, LA50 = 13, LGA50 = 13
    7  SA-H-Sga-Scaffold broken, Largest alignment = 137866, NA50 = 34831, NGA50 = 32592, LA50 = 25, LGA50 = 28
    8  SA-H-Sga-Scaffold, Largest alignment = 172760, NA50 = 40069, NGA50 = 36704, LA50 = 20, LGA50 = 23
    9  SA-H-Soap-Scaffold broken, Largest alignment = 187397, NA50 = 79978, NGA50 = 79978, LA50 = 13, LGA50 = 13
    10  SA-H-Soap-Scaffold, Largest alignment = 187397, NA50 = 79978, NGA50 = 79978, LA50 = 13, LGA50 = 13
    11 SA-H-Spades-Scaffold broken, Largest alignment = 187456, NA50 = 70865, NGA50 = 70865, LA50 = 13, LGA50 = 13
    12 SA-H-Spades-Scaffold, Largest alignment = 187456, NA50 = 70865, NGA50 = 70865, LA50 = 13, LGA50 = 13
    13 SA-H-Velvet-Scaffold broken, Largest alignment = 187397, NA50 = 64058, NGA50 = 57767, LA50 = 14, LGA50 = 15
    14 SA-H-Velvet-Scaffold, Largest alignment = 187397, NA50 = 80074, NGA50 = 70807, LA50 = 13, LGA50 = 14
  Drawing cumulative plot...
    saved to /software/galaxy/master/sabbai/galaxy-dist/database/job_working_directory/002/2339/dataset_2421_files/Scaffold/aligned_stats/cumulative_plot.pdf
  Drawing NAx plot...
    saved to /software/galaxy/master/sabbai/galaxy-dist/database/job_working_directory/002/2339/dataset_2421_files/Scaffold/aligned_stats/NAx_plot.pdf
  Drawing NGAx plot...
    saved to /software/galaxy/master/sabbai/galaxy-dist/database/job_working_directory/002/2339/dataset_2421_files/Scaffold/aligned_stats/NGAx_plot.pdf
  Done.

2014-07-08 09:51:11
Running Genome analyzer...
  Loaded 2844 genes
  NOTICE: Annotated operons file was not provided. Use -O option to specify it.
  1  SA-H-Abyss-Scaffold broken
  2  SA-H-Abyss-Scaffold
  3  SA-H-Cabog-Scaffold broken
  4  SA-H-Cabog-Scaffold
  5  SA-H-Msrca-Scaffold broken
  6  SA-H-Msrca-Scaffold
  7  SA-H-Sga-Scaffold broken
  8  SA-H-Sga-Scaffold
  9  SA-H-Soap-Scaffold broken
  10  SA-H-Soap-Scaffold
  11 SA-H-Spades-Scaffold broken
  12 SA-H-Spades-Scaffold
  13 SA-H-Velvet-Scaffold broken
  14 SA-H-Velvet-Scaffold
  Drawing genes cumulative plot...
    saved to /software/galaxy/master/sabbai/galaxy-dist/database/job_working_directory/002/2339/dataset_2421_files/Scaffold/genome_stats/genes_cumulative_plot.pdf
  Drawing # complete genes histogram...
    saved to /software/galaxy/master/sabbai/galaxy-dist/database/job_working_directory/002/2339/dataset_2421_files/Scaffold/genome_stats/complete_genes_histogram.pdf
  Drawing Genome fraction, % histogram...
    saved to /software/galaxy/master/sabbai/galaxy-dist/database/job_working_directory/002/2339/dataset_2421_files/Scaffold/genome_stats/genome_fraction_histogram.pdf
Done.

NOTICE: Genes are not predicted by default. Use --gene-finding option to enable it.

2014-07-08 09:51:39
Summarizing...
  Creating total report...
    saved to /software/galaxy/master/sabbai/galaxy-dist/database/job_working_directory/002/2339/dataset_2421_files/Scaffold/report.txt, report.tsv, and report.tex
  Transposed version of total report...
    saved to /software/galaxy/master/sabbai/galaxy-dist/database/job_working_directory/002/2339/dataset_2421_files/Scaffold/transposed_report.txt, transposed_report.tsv, and transposed_report.tex
  HTML version saved to /software/galaxy/master/sabbai/galaxy-dist/database/job_working_directory/002/2339/dataset_2421_files/Scaffold/report.html
  All pdf files are merged to /software/galaxy/master/sabbai/galaxy-dist/database/job_working_directory/002/2339/dataset_2421_files/Scaffold/plots.pdf
Log saved to /software/galaxy/master/sabbai/galaxy-dist/database/job_working_directory/002/2339/dataset_2421_files/Scaffold/quast.log

Finished: 2014-07-08 09:51:39
Elapsed time: 0:01:00.077492
