Aligning contigs to reference...
	Running Nucmer...
Parsing coords...
Loading Assembly...
Loading reference...
	Loaded [gi|552530953|ref|NC_007490.2|_Rhodobacter_sphaeroides_2.4.1_plasmid_D__complete_sequence]
Loading SNPs...
Loading regions...
	No regions given, using whole reference.
	Total Regions: 1
	Total Region Length: 100827
Analyzing contigs...
CONTIG: ctg7180000003186 (39141bp)
		This contig is unaligned. (39141 bp)
		Unaligned bases: 39141  total: 39141

CONTIG: ctg7180000003187 (104542bp)
		This contig is unaligned. (104542 bp)
		Unaligned bases: 104542  total: 143683

CONTIG: ctg7180000003180 (1896bp)
Top Length: 1896  Top ID: 100.0
		One align captures most of this contig: 84724 86619 | 1 1896 | 1896 1896 | 100.0 | gi|552530953|ref|NC_007490.2|_Rhodobacter_sphaeroides_2.4.1_plasmid_D__complete_sequence ctg7180000003180

CONTIG: ctg7180000003181 (797bp)
		This contig is unaligned. (797 bp)
		Unaligned bases: 797  total: 144480

CONTIG: ctg7180000003188 (19077bp)
		This contig is unaligned. (19077 bp)
		Unaligned bases: 19077  total: 163557

CONTIG: ctg7180000003189 (142663bp)
		This contig is unaligned. (142663 bp)
		Unaligned bases: 142663  total: 306220

CONTIG: jtg7180000003184f_7180000003185f (136269bp)
		This contig is unaligned. (136269 bp)
		Unaligned bases: 136269  total: 442489

CONTIG: ctg7180000003108 (1547bp)
		This contig is unaligned. (1547 bp)
		Unaligned bases: 1547  total: 444036

CONTIG: ctg7180000003109 (839bp)
		This contig is unaligned. (839 bp)
		Unaligned bases: 839  total: 444875

CONTIG: ctg7180000003105 (515bp)
		This contig is unaligned. (515 bp)
		Unaligned bases: 515  total: 445390

CONTIG: ctg7180000003106 (3641bp)
		This contig is unaligned. (3641 bp)
		Unaligned bases: 3641  total: 449031

CONTIG: ctg7180000003100 (2255bp)
		This contig is unaligned. (2255 bp)
		Unaligned bases: 2255  total: 451286

CONTIG: ctg7180000003101 (2162bp)
		This contig is unaligned. (2162 bp)
		Unaligned bases: 2162  total: 453448

CONTIG: ctg7180000002758 (1169bp)
		This contig is unaligned. (1169 bp)
		Unaligned bases: 1169  total: 454617

CONTIG: ctg7180000003197 (6443bp)
		This contig is unaligned. (6443 bp)
		Unaligned bases: 6443  total: 461060

CONTIG: ctg7180000003196 (15571bp)
		This contig is unaligned. (15571 bp)
		Unaligned bases: 15571  total: 476631

CONTIG: ctg7180000003195 (11995bp)
Top Length: 11995  Top ID: 99.92
		Marking as insignificant: 27133 27304 | 11995 11824 | 172 172 | 99.42 | gi|552530953|ref|NC_007490.2|_Rhodobacter_sphaeroides_2.4.1_plasmid_D__complete_sequence ctg7180000003195
		Marking as insignificant: 14989 15161 | 173 1 | 173 173 | 100.0 | gi|552530953|ref|NC_007490.2|_Rhodobacter_sphaeroides_2.4.1_plasmid_D__complete_sequence ctg7180000003195
		One align captures most of this contig: 15150 27144 | 11995 1 | 11995 11995 | 99.92 | gi|552530953|ref|NC_007490.2|_Rhodobacter_sphaeroides_2.4.1_plasmid_D__complete_sequence ctg7180000003195

CONTIG: ctg7180000003194 (26396bp)
Top Length: 313  Top ID: 96.18
		This contig is partially unaligned. (313 out of 26396)
		Alignment: 43870 44183 | 26396 26084 | 314 313 | 96.18 | gi|552530953|ref|NC_007490.2|_Rhodobacter_sphaeroides_2.4.1_plasmid_D__complete_sequence ctg7180000003194
		Unaligned bases: 1 to 26083 (26083)

CONTIG: ctg7180000003193 (176783bp)
		This contig is unaligned. (176783 bp)
		Unaligned bases: 176783  total: 653414

CONTIG: ctg7180000003192 (4634bp)
		This contig is unaligned. (4634 bp)
		Unaligned bases: 4634  total: 658048

CONTIG: ctg7180000003191 (581bp)
		This contig is unaligned. (581 bp)
		Unaligned bases: 581  total: 658629

CONTIG: ctg7180000003190 (25619bp)
		This contig is unaligned. (25619 bp)
		Unaligned bases: 25619  total: 684248

CONTIG: ctg7180000003199 (17862bp)
		This contig is unaligned. (17862 bp)
		Unaligned bases: 17862  total: 702110

CONTIG: ctg7180000003198 (1893bp)
		This contig is unaligned. (1893 bp)
		Unaligned bases: 1893  total: 704003

CONTIG: ctg7180000003119 (507bp)
		This contig is unaligned. (507 bp)
		Unaligned bases: 507  total: 704510

CONTIG: ctg7180000003118 (12938bp)
		This contig is unaligned. (12938 bp)
		Unaligned bases: 12938  total: 717448

CONTIG: ctg7180000003117 (557bp)
		This contig is unaligned. (557 bp)
		Unaligned bases: 557  total: 718005

CONTIG: ctg7180000003116 (28165bp)
		This contig is unaligned. (28165 bp)
		Unaligned bases: 28165  total: 746170

CONTIG: ctg7180000003113 (615bp)
Top Length: 615  Top ID: 99.84
		One align captures most of this contig: 43258 43872 | 1 615 | 615 615 | 99.84 | gi|552530953|ref|NC_007490.2|_Rhodobacter_sphaeroides_2.4.1_plasmid_D__complete_sequence ctg7180000003113

CONTIG: ctg7180000003112 (19348bp)
		This contig is unaligned. (19348 bp)
		Unaligned bases: 19348  total: 765518

CONTIG: ctg7180000003110 (1164bp)
Top Length: 298  Top ID: 100.0
		This contig is partially unaligned. (298 out of 1164)
		Alignment: 99211 99508 | 298 1 | 298 298 | 100.0 | gi|552530953|ref|NC_007490.2|_Rhodobacter_sphaeroides_2.4.1_plasmid_D__complete_sequence ctg7180000003110
		Unaligned bases: 299 to 1164 (866)

CONTIG: jtg7180000003114r_7180000003138f (10126bp)
		This contig is unaligned. (10126 bp)
		Unaligned bases: 10126  total: 775644

CONTIG: ctg7180000003206 (57798bp)
		This contig is unaligned. (57798 bp)
		Unaligned bases: 57798  total: 833442

CONTIG: ctg7180000003205 (21164bp)
		This contig is unaligned. (21164 bp)
		Unaligned bases: 21164  total: 854606

CONTIG: ctg7180000003204 (131520bp)
		This contig is unaligned. (131520 bp)
		Unaligned bases: 131520  total: 986126

CONTIG: ctg7180000003203 (47360bp)
		This contig is unaligned. (47360 bp)
		Unaligned bases: 47360  total: 1033486

CONTIG: ctg7180000003202 (697bp)
		This contig is unaligned. (697 bp)
		Unaligned bases: 697  total: 1034183

CONTIG: ctg7180000003201 (3618bp)
		This contig is unaligned. (3618 bp)
		Unaligned bases: 3618  total: 1037801

CONTIG: ctg7180000003200 (3645bp)
		This contig is unaligned. (3645 bp)
		Unaligned bases: 3645  total: 1041446

CONTIG: ctg7180000003209 (3478bp)
Top Length: 3478  Top ID: 99.94
		Marking as insignificant: 26972 27134 | 163 1 | 163 163 | 100.0 | gi|552530953|ref|NC_007490.2|_Rhodobacter_sphaeroides_2.4.1_plasmid_D__complete_sequence ctg7180000003209
		Marking as insignificant: 5687 5949 | 3478 3216 | 263 263 | 96.2 | gi|552530953|ref|NC_007490.2|_Rhodobacter_sphaeroides_2.4.1_plasmid_D__complete_sequence ctg7180000003209
		One align captures most of this contig: 11674 15151 | 3478 1 | 3478 3478 | 99.94 | gi|552530953|ref|NC_007490.2|_Rhodobacter_sphaeroides_2.4.1_plasmid_D__complete_sequence ctg7180000003209

CONTIG: ctg7180000003208 (102004bp)
		This contig is unaligned. (102004 bp)
		Unaligned bases: 102004  total: 1143450

CONTIG: ctg7180000003122 (3274bp)
Top Length: 3274  Top ID: 99.91
		Marking as insignificant: 11630 11936 | 3274 2968 | 307 307 | 96.74 | gi|552530953|ref|NC_007490.2|_Rhodobacter_sphaeroides_2.4.1_plasmid_D__complete_sequence ctg7180000003122
		One align captures most of this contig: 5643 8916 | 3274 1 | 3274 3274 | 99.91 | gi|552530953|ref|NC_007490.2|_Rhodobacter_sphaeroides_2.4.1_plasmid_D__complete_sequence ctg7180000003122

CONTIG: ctg7180000003120 (2542bp)
		This contig is unaligned. (2542 bp)
		Unaligned bases: 2542  total: 1145992

CONTIG: ctg7180000003121 (1259bp)
		This contig is unaligned. (1259 bp)
		Unaligned bases: 1259  total: 1147251

CONTIG: ctg7180000003126 (2319bp)
		This contig is unaligned. (2319 bp)
		Unaligned bases: 2319  total: 1149570

CONTIG: ctg7180000003127 (3731bp)
		This contig is unaligned. (3731 bp)
		Unaligned bases: 3731  total: 1153301

CONTIG: ctg7180000003124 (525bp)
Top Length: 368  Top ID: 97.05
		This contig is partially unaligned. (368 out of 525)
		Alignment: 100097 100469 | 158 525 | 373 368 | 97.05 | gi|552530953|ref|NC_007490.2|_Rhodobacter_sphaeroides_2.4.1_plasmid_D__complete_sequence ctg7180000003124
		Unaligned bases: 1 to 157 (157)

CONTIG: ctg7180000003125 (947bp)
		This contig is unaligned. (947 bp)
		Unaligned bases: 947  total: 1154248

CONTIG: ctg7180000003128 (1501bp)
		This contig is unaligned. (1501 bp)
		Unaligned bases: 1501  total: 1155749

CONTIG: ctg7180000003129 (1171bp)
		This contig is unaligned. (1171 bp)
		Unaligned bases: 1171  total: 1156920

CONTIG: jtg7180000003172f_7180000003173f (326722bp)
		This contig is unaligned. (326722 bp)
		Unaligned bases: 326722  total: 1483642

CONTIG: ctg7180000002729 (1211bp)
		This contig is unaligned. (1211 bp)
		Unaligned bases: 1211  total: 1484853

CONTIG: ctg7180000003135 (3119bp)
Top Length: 3119  Top ID: 99.87
		Marking as insignificant: 5425 5852 | 2692 3119 | 428 428 | 96.27 | gi|552530953|ref|NC_007490.2|_Rhodobacter_sphaeroides_2.4.1_plasmid_D__complete_sequence ctg7180000003135
		One align captures most of this contig: 8721 11839 | 1 3119 | 3119 3119 | 99.87 | gi|552530953|ref|NC_007490.2|_Rhodobacter_sphaeroides_2.4.1_plasmid_D__complete_sequence ctg7180000003135

CONTIG: ctg7180000003134 (1014bp)
		This contig is unaligned. (1014 bp)
		Unaligned bases: 1014  total: 1485867

CONTIG: ctg7180000003130 (2402bp)
		This contig is unaligned. (2402 bp)
		Unaligned bases: 2402  total: 1488269

CONTIG: ctg7180000003133 (528bp)
		This contig is unaligned. (528 bp)
		Unaligned bases: 528  total: 1488797

CONTIG: ctg7180000003132 (1534bp)
		This contig is unaligned. (1534 bp)
		Unaligned bases: 1534  total: 1490331

CONTIG: ctg7180000002794 (503bp)
		This contig is unaligned. (503 bp)
		Unaligned bases: 503  total: 1490834

CONTIG: jtg7180000002936f_7180000003123f (20361bp)
		This contig is unaligned. (20361 bp)
		Unaligned bases: 20361  total: 1511195

CONTIG: ctg7180000003141 (881bp)
Top Length: 881  Top ID: 98.52
		One align captures most of this contig: 60 940 | 1 881 | 881 881 | 98.52 | gi|552530953|ref|NC_007490.2|_Rhodobacter_sphaeroides_2.4.1_plasmid_D__complete_sequence ctg7180000003141

CONTIG: ctg7180000003142 (1321bp)
Top Length: 1321  Top ID: 97.43
		One align captures most of this contig: 42581 43901 | 1 1321 | 1321 1321 | 97.43 | gi|552530953|ref|NC_007490.2|_Rhodobacter_sphaeroides_2.4.1_plasmid_D__complete_sequence ctg7180000003142

CONTIG: ctg7180000003143 (3766bp)
		This contig is unaligned. (3766 bp)
		Unaligned bases: 3766  total: 1514961

CONTIG: ctg7180000003145 (21032bp)
Top Length: 13873  Top ID: 99.99
		This contig is partially unaligned. (13873 out of 21032)
		Alignment: 86440 100312 | 1 13873 | 13873 13873 | 99.99 | gi|552530953|ref|NC_007490.2|_Rhodobacter_sphaeroides_2.4.1_plasmid_D__complete_sequence ctg7180000003145
		Unaligned bases: 13874 to 21032 (7159)
		This contig has both significant aligned and unaligned parts (of length >= min-contig)!

CONTIG: ctg7180000003146 (5512bp)
		This contig is unaligned. (5512 bp)
		Unaligned bases: 5512  total: 1520473

CONTIG: ctg7180000003148 (196511bp)
		This contig is unaligned. (196511 bp)
		Unaligned bases: 196511  total: 1716984

CONTIG: ctg7180000003149 (34460bp)
		This contig is unaligned. (34460 bp)
		Unaligned bases: 34460  total: 1751444

CONTIG: ctg7180000003099 (1520bp)
		This contig is unaligned. (1520 bp)
		Unaligned bases: 1520  total: 1752964

CONTIG: ctg7180000003091 (2327bp)
		This contig is unaligned. (2327 bp)
		Unaligned bases: 2327  total: 1755291

CONTIG: ctg7180000003095 (700bp)
Top Length: 700  Top ID: 100.0
		One align captures most of this contig: 42563 43262 | 700 1 | 700 700 | 100.0 | gi|552530953|ref|NC_007490.2|_Rhodobacter_sphaeroides_2.4.1_plasmid_D__complete_sequence ctg7180000003095

CONTIG: jtg7180000003182f_7180000003183f (198324bp)
		This contig is unaligned. (198324 bp)
		Unaligned bases: 198324  total: 1953615

CONTIG: ctg7180000003153 (15233bp)
		This contig is unaligned. (15233 bp)
		Unaligned bases: 15233  total: 1968848

CONTIG: ctg7180000003152 (42200bp)
		This contig is unaligned. (42200 bp)
		Unaligned bases: 42200  total: 2011048

CONTIG: ctg7180000003151 (12529bp)
		This contig is unaligned. (12529 bp)
		Unaligned bases: 12529  total: 2023577

CONTIG: ctg7180000003150 (13667bp)
		This contig is unaligned. (13667 bp)
		Unaligned bases: 13667  total: 2037244

CONTIG: ctg7180000003156 (358962bp)
		This contig is unaligned. (358962 bp)
		Unaligned bases: 358962  total: 2396206

CONTIG: ctg7180000003155 (119429bp)
Top Length: 165  Top ID: 97.06
		This contig is partially unaligned. (165 out of 119429)
		Alignment: 100325 100494 | 165 1 | 170 165 | 97.06 | gi|552530953|ref|NC_007490.2|_Rhodobacter_sphaeroides_2.4.1_plasmid_D__complete_sequence ctg7180000003155
		Unaligned bases: 166 to 119429 (119264)

CONTIG: ctg7180000003154 (216717bp)
		This contig is unaligned. (216717 bp)
		Unaligned bases: 216717  total: 2612923

CONTIG: ctg7180000003159 (222851bp)
		This contig is unaligned. (222851 bp)
		Unaligned bases: 222851  total: 2835774

CONTIG: ctg7180000003214 (1281bp)
		This contig is unaligned. (1281 bp)
		Unaligned bases: 1281  total: 2837055

CONTIG: ctg7180000003215 (76502bp)
Top Length: 3653  Top ID: 98.3
		This contig is misassembled. 2 total aligns.
			Warning! This contig is more unaligned than misassembled. Contig length is 76502 and total length of all aligns is 3848
		Alignment: 39096 42748 | 3653 1 | 3653 3653 | 98.3 | gi|552530953|ref|NC_007490.2|_Rhodobacter_sphaeroides_2.4.1_plasmid_D__complete_sequence ctg7180000003215
		Alignment: 100295 100494 | 76308 76502 | 200 195 | 95.5 | gi|552530953|ref|NC_007490.2|_Rhodobacter_sphaeroides_2.4.1_plasmid_D__complete_sequence ctg7180000003215
		Unaligned bases: 72654
		This contig has both significant aligned and unaligned parts (of length >= min-contig)!
CONTIG: ctg7180000003210 (2131bp)
Top Length: 156  Top ID: 98.73
		This contig is partially unaligned. (156 out of 2131)
		Alignment: 2019 2175 | 1976 2131 | 157 156 | 98.73 | gi|552530953|ref|NC_007490.2|_Rhodobacter_sphaeroides_2.4.1_plasmid_D__complete_sequence ctg7180000003210
		Unaligned bases: 1 to 1975 (1975)

CONTIG: ctg7180000003211 (901bp)
Top Length: 901  Top ID: 99.89
		Marking as insignificant: 1363 1900 | 357 900 | 538 544 | 95.97 | gi|552530953|ref|NC_007490.2|_Rhodobacter_sphaeroides_2.4.1_plasmid_D__complete_sequence ctg7180000003211
		One align captures most of this contig: 775 1676 | 1 901 | 902 901 | 99.89 | gi|552530953|ref|NC_007490.2|_Rhodobacter_sphaeroides_2.4.1_plasmid_D__complete_sequence ctg7180000003211

CONTIG: ctg7180000003166 (200886bp)
		This contig is unaligned. (200886 bp)
		Unaligned bases: 200886  total: 3037941

CONTIG: ctg7180000003167 (37027bp)
		This contig is unaligned. (37027 bp)
		Unaligned bases: 37027  total: 3074968

CONTIG: ctg7180000003164 (64104bp)
		This contig is unaligned. (64104 bp)
		Unaligned bases: 64104  total: 3139072

CONTIG: ctg7180000003165 (136553bp)
		This contig is unaligned. (136553 bp)
		Unaligned bases: 136553  total: 3275625

CONTIG: ctg7180000003162 (69776bp)
		This contig is unaligned. (69776 bp)
		Unaligned bases: 69776  total: 3345401

CONTIG: ctg7180000003163 (26219bp)
		This contig is unaligned. (26219 bp)
		Unaligned bases: 26219  total: 3371620

CONTIG: ctg7180000003160 (21678bp)
		This contig is unaligned. (21678 bp)
		Unaligned bases: 21678  total: 3393298

CONTIG: ctg7180000003161 (242553bp)
		This contig is unaligned. (242553 bp)
		Unaligned bases: 242553  total: 3635851

CONTIG: ctg7180000003213 (1008bp)
Top Length: 1006  Top ID: 97.82
		Marking as insignificant: 2828 3028 | 391 190 | 201 202 | 96.55 | gi|552530953|ref|NC_007490.2|_Rhodobacter_sphaeroides_2.4.1_plasmid_D__complete_sequence ctg7180000003213
		Marking as insignificant: 1360 1600 | 1008 768 | 241 241 | 96.68 | gi|552530953|ref|NC_007490.2|_Rhodobacter_sphaeroides_2.4.1_plasmid_D__complete_sequence ctg7180000003213
		Marking as insignificant: 1585 1825 | 1008 768 | 241 241 | 97.51 | gi|552530953|ref|NC_007490.2|_Rhodobacter_sphaeroides_2.4.1_plasmid_D__complete_sequence ctg7180000003213
		Marking as insignificant: 1435 1675 | 1008 768 | 241 241 | 98.34 | gi|552530953|ref|NC_007490.2|_Rhodobacter_sphaeroides_2.4.1_plasmid_D__complete_sequence ctg7180000003213
		Marking as insignificant: 2552 2940 | 392 3 | 389 390 | 95.15 | gi|552530953|ref|NC_007490.2|_Rhodobacter_sphaeroides_2.4.1_plasmid_D__complete_sequence ctg7180000003213
		One align captures most of this contig: 1660 2665 | 1008 3 | 1006 1006 | 97.82 | gi|552530953|ref|NC_007490.2|_Rhodobacter_sphaeroides_2.4.1_plasmid_D__complete_sequence ctg7180000003213

CONTIG: ctg7180000003168 (33668bp)
		This contig is unaligned. (33668 bp)
		Unaligned bases: 33668  total: 3669519

CONTIG: ctg7180000003169 (2374bp)
		This contig is unaligned. (2374 bp)
		Unaligned bases: 2374  total: 3671893

CONTIG: jtg7180000003139f_7180000003140f (133887bp)
		This contig is unaligned. (133887 bp)
		Unaligned bases: 133887  total: 3805780

CONTIG: jtg7180000003136f_7180000003137f (56722bp)
		This contig is unaligned. (56722 bp)
		Unaligned bases: 56722  total: 3862502

CONTIG: jtg7180000003111f_7180000003147f (26543bp)
		This contig is unaligned. (26543 bp)
		Unaligned bases: 26543  total: 3889045

CONTIG: jtg7180000003176f_7180000002927r_7180000002915r_7180000003177f (216462bp)
		This contig is unaligned. (216462 bp)
		Unaligned bases: 216462  total: 4105507

CONTIG: ctg7180000003179 (4441bp)
Top Length: 393  Top ID: 97.2
		Skipping redundant alignment 11646 11936 | 1 292 | 291 292 | 97.95 | gi|552530953|ref|NC_007490.2|_Rhodobacter_sphaeroides_2.4.1_plasmid_D__complete_sequence ctg7180000003179
		This contig is misassembled. 3 total aligns.
			Warning! This contig is more unaligned than misassembled. Contig length is 4441 and total length of all aligns is 532
		Alignment: 5659 6050 | 1 393 | 392 393 | 97.2 | gi|552530953|ref|NC_007490.2|_Rhodobacter_sphaeroides_2.4.1_plasmid_D__complete_sequence ctg7180000003179
		Alignment: 8618 8755 | 4303 4441 | 138 139 | 97.84 | gi|552530953|ref|NC_007490.2|_Rhodobacter_sphaeroides_2.4.1_plasmid_D__complete_sequence ctg7180000003179
		Unaligned bases: 3909
		This contig has both significant aligned and unaligned parts (of length >= min-contig)!
CONTIG: ctg7180000003178 (1322bp)
Top Length: 209  Top ID: 99.04
		Skipping redundant alignment 5425 5632 | 1116 1322 | 208 207 | 98.08 | gi|552530953|ref|NC_007490.2|_Rhodobacter_sphaeroides_2.4.1_plasmid_D__complete_sequence ctg7180000003178
		This contig is misassembled. 3 total aligns.
			Warning! This contig is more unaligned than misassembled. Contig length is 1322 and total length of all aligns is 286
		Alignment: 2276 2352 | 78 154 | 77 77 | 98.7 | gi|552530953|ref|NC_007490.2|_Rhodobacter_sphaeroides_2.4.1_plasmid_D__complete_sequence ctg7180000003178
		Alignment: 11410 11618 | 1114 1322 | 209 209 | 99.04 | gi|552530953|ref|NC_007490.2|_Rhodobacter_sphaeroides_2.4.1_plasmid_D__complete_sequence ctg7180000003178
		Unaligned bases: 1036
CONTIG: ctg7180000002942 (683bp)
		This contig is unaligned. (683 bp)
		Unaligned bases: 683  total: 4106190

CONTIG: ctg7180000003171 (9967bp)
		This contig is unaligned. (9967 bp)
		Unaligned bases: 9967  total: 4116157

CONTIG: ctg7180000003170 (24150bp)
		This contig is unaligned. (24150 bp)
		Unaligned bases: 24150  total: 4140307

CONTIG: ctg7180000002768 (515bp)
		This contig is unaligned. (515 bp)
		Unaligned bases: 515  total: 4140822

CONTIG: ctg7180000003175 (7178bp)
		This contig is unaligned. (7178 bp)
		Unaligned bases: 7178  total: 4148000

CONTIG: ctg7180000003174 (8613bp)
		This contig is unaligned. (8613 bp)
		Unaligned bases: 8613  total: 4156613

CONTIG: jtg7180000003157f_7180000003158f (40930bp)
Top Length: 40930  Top ID: 99.97
		One align captures most of this contig: 43932 84861 | 1 40930 | 40930 40930 | 99.97 | gi|552530953|ref|NC_007490.2|_Rhodobacter_sphaeroides_2.4.1_plasmid_D__complete_sequence jtg7180000003157f_7180000003158f

Analyzing coverage...
Writing SNPs into /usit/invitro/data/galaxy/master/sabbai/galaxy-dist/database/job_working_directory/000/729/dataset_766_files/contigs_reports/nucmer_output/RS-H-Msrca.used_snps
	Reference gi|552530953|ref|NC_007490.2|_Rhodobacter_sphaeroides_2.4.1_plasmid_D__complete_sequence: 18 total alignments. 1 total regions.
		Region: 1 to 100827 (100827 bp)
			START in gap: 1 to 60 (59 bp)
			Align 1: 60 940 ctg7180000003141 1 881
				Negative gap (overlap) between this and next alignment: 940 to 775 (-165 bp)
				Next Alignment: 775 1676 ctg7180000003211 1 901

			Previous gap was negative, modifying coordinates to ignore overlap
				Moving contig start from 1 to 167.
			Align 2: 941 1676 ctg7180000003211 167 901
				Negative gap (overlap) between this and next alignment: 1676 to 1660 (-16 bp)
				Next Alignment: 1660 2665 ctg7180000003213 1008 3

			Previous gap was negative, modifying coordinates to ignore overlap
				Moving contig start from 1008 to 991.
			Align 3: 1677 2665 ctg7180000003213 991 3
				The next alignment (2019 2175 ctg7180000003210 1976 2131) is redundant. Skipping.
				Gap between this and next alignment: 2665 to 5643 (2977 bp)
				Next Alignment: 5643 8916 ctg7180000003122 3274 1

			Align 5: 5643 8916 ctg7180000003122 3274 1
				Negative gap (overlap) between this and next alignment: 8916 to 8721 (-195 bp)
				Next Alignment: 8721 11839 ctg7180000003135 1 3119

			Previous gap was negative, modifying coordinates to ignore overlap
				Moving contig start from 1 to 197.
			Align 6: 8917 11839 ctg7180000003135 197 3119
				Negative gap (overlap) between this and next alignment: 11839 to 11674 (-165 bp)
				Next Alignment: 11674 15151 ctg7180000003209 3478 1

			Previous gap was negative, modifying coordinates to ignore overlap
				Moving contig start from 3478 to 3312.
			Align 7: 11840 15151 ctg7180000003209 3312 1
				Negative gap (overlap) between this and next alignment: 15151 to 15150 (-1 bp)
				Next Alignment: 15150 27144 ctg7180000003195 11995 1

			Previous gap was negative, modifying coordinates to ignore overlap
				Moving contig start from 11995 to 11993.
			Align 8: 15152 27144 ctg7180000003195 11993 1
				Gap between this and next alignment: 27144 to 42563 (15418 bp)
				Next Alignment: 42563 43262 ctg7180000003095 700 1

			Align 9: 42563 43262 ctg7180000003095 700 1
				Negative gap (overlap) between this and next alignment: 43262 to 42581 (-681 bp)
				Next Alignment: 42581 43901 ctg7180000003142 1 1321

			Previous gap was negative, modifying coordinates to ignore overlap
				Moving contig start from 1 to 683.
			Align 10: 43263 43901 ctg7180000003142 683 1321
				The next alignment (43258 43872 ctg7180000003113 1 615) is redundant. Skipping.
				Negative gap (overlap) between this and next alignment: 43901 to 43870 (-31 bp)
				Next Alignment: 43870 44183 ctg7180000003194 26396 26084

			Previous gap was negative, modifying coordinates to ignore overlap
				Moving contig start from 26396 to 26364.
			Align 12: 43902 44183 ctg7180000003194 26364 26084
				Negative gap (overlap) between this and next alignment: 44183 to 43932 (-251 bp)
				Next Alignment: 43932 84861 jtg7180000003157f_7180000003158f 1 40930

			Previous gap was negative, modifying coordinates to ignore overlap
				Moving contig start from 1 to 253.
			Align 13: 44184 84861 jtg7180000003157f_7180000003158f 253 40930
				Negative gap (overlap) between this and next alignment: 84861 to 84724 (-137 bp)
				Next Alignment: 84724 86619 ctg7180000003180 1 1896

			Previous gap was negative, modifying coordinates to ignore overlap
				Moving contig start from 1 to 139.
			Align 14: 84862 86619 ctg7180000003180 139 1896
				Negative gap (overlap) between this and next alignment: 86619 to 86440 (-179 bp)
				Next Alignment: 86440 100312 ctg7180000003145 1 13873

			Previous gap was negative, modifying coordinates to ignore overlap
				Moving contig start from 1 to 181.
			Align 15: 86620 100312 ctg7180000003145 181 13873
				The next alignment (99211 99508 ctg7180000003110 298 1) is redundant. Skipping.
				Negative gap (overlap) between this and next alignment: 100312 to 100097 (-215 bp)
				Next Alignment: 100097 100469 ctg7180000003124 158 525

			Previous gap was negative, modifying coordinates to ignore overlap
				Moving contig start from 158 to 374.
			Align 17: 100313 100469 ctg7180000003124 374 525
				Negative gap (overlap) between this and next alignment: 100469 to 100325 (-144 bp)
				Next Alignment: 100325 100494 ctg7180000003155 165 1

			Previous gap was negative, modifying coordinates to ignore overlap
				Moving contig start from 165 to 25.
			Align 18: 100470 100494 ctg7180000003155 25 1
			END in gap: 100494 to 100827 (333 bp)

Analysis is finished!
Founded SNPs were written into /usit/invitro/data/galaxy/master/sabbai/galaxy-dist/database/job_working_directory/000/729/dataset_766_files/contigs_reports/nucmer_output/RS-H-Msrca.used_snps

Results:
	Local Misassemblies: 0
	Misassemblies: 0
		Relocations: 0
		Translocations: 0
		Inversions: 0
	Misassembled Contigs: 0
	Misassembled Contig Bases: 0
	Misassmblies Inter-Contig Overlap: 0
Uncovered Regions: 0 (0)
Unaligned Contigs: 85 + 9 part
Partially Unaligned Contigs with Misassemblies: 3
Unaligned Contig Bases: 4389716

Ambiguously Mapped Contigs: 0
Total Bases in Ambiguously Mapped Contigs: 0
Note that --allow-ambiguity option was set to "one" and only first alignment per each contig was used.

	Covered Bases: 82040

	SNPs: 92
	Insertions: 2
	Deletions: 9

	Positive Gaps: 4
		Internal Gaps:  0
		External Gaps:  4
		External Gap Total:  18787
		External Gap Average: 4697
	Negative Gaps: 12
		Internal Overlaps:  0
		External Overlaps:  12
		External Overlaps Total: -2180
		External Overlaps Average: -182
	Contigs with Redundant Alignments: 3 (1070)
