Aligning contigs to reference...
	Running Nucmer...
Parsing coords...
Loading Assembly...
Loading reference...
	Loaded [gi|125654693|ref|NC_009008.1|_Rhodobacter_sphaeroides_2.4.1_plasmid_E__partial_sequence]
Loading SNPs...
Loading regions...
	No regions given, using whole reference.
	Total Regions: 1
	Total Region Length: 37100
Analyzing contigs...
CONTIG: ctg7180000038289 (2851bp)
		This contig is unaligned. (2851 bp)
		Unaligned bases: 2851  total: 2851

CONTIG: ctg7180000038288 (10420bp)
		This contig is unaligned. (10420 bp)
		Unaligned bases: 10420  total: 13271

CONTIG: ctg7180000038616 (17767bp)
		This contig is unaligned. (17767 bp)
		Unaligned bases: 17767  total: 31038

CONTIG: ctg7180000038617 (2556bp)
		This contig is unaligned. (2556 bp)
		Unaligned bases: 2556  total: 33594

CONTIG: ctg7180000038614 (3134bp)
		This contig is unaligned. (3134 bp)
		Unaligned bases: 3134  total: 36728

CONTIG: ctg7180000038615 (7909bp)
		This contig is unaligned. (7909 bp)
		Unaligned bases: 7909  total: 44637

CONTIG: ctg7180000038612 (2413bp)
		This contig is unaligned. (2413 bp)
		Unaligned bases: 2413  total: 47050

CONTIG: ctg7180000038613 (8461bp)
		This contig is unaligned. (8461 bp)
		Unaligned bases: 8461  total: 55511

CONTIG: ctg7180000038610 (4070bp)
		This contig is unaligned. (4070 bp)
		Unaligned bases: 4070  total: 59581

CONTIG: ctg7180000038611 (6488bp)
		This contig is unaligned. (6488 bp)
		Unaligned bases: 6488  total: 66069

CONTIG: ctg7180000038757 (6333bp)
		This contig is unaligned. (6333 bp)
		Unaligned bases: 6333  total: 72402

CONTIG: ctg7180000038756 (14290bp)
		This contig is unaligned. (14290 bp)
		Unaligned bases: 14290  total: 86692

CONTIG: ctg7180000038755 (15593bp)
		This contig is unaligned. (15593 bp)
		Unaligned bases: 15593  total: 102285

CONTIG: ctg7180000038754 (2760bp)
		This contig is unaligned. (2760 bp)
		Unaligned bases: 2760  total: 105045

CONTIG: ctg7180000038753 (10148bp)
		This contig is unaligned. (10148 bp)
		Unaligned bases: 10148  total: 115193

CONTIG: ctg7180000038752 (5880bp)
		This contig is unaligned. (5880 bp)
		Unaligned bases: 5880  total: 121073

CONTIG: ctg7180000038618 (10127bp)
		This contig is unaligned. (10127 bp)
		Unaligned bases: 10127  total: 131200

CONTIG: ctg7180000038619 (1780bp)
		This contig is unaligned. (1780 bp)
		Unaligned bases: 1780  total: 132980

CONTIG: ctg7180000038502 (2829bp)
		This contig is unaligned. (2829 bp)
		Unaligned bases: 2829  total: 135809

CONTIG: ctg7180000038503 (2125bp)
		This contig is unaligned. (2125 bp)
		Unaligned bases: 2125  total: 137934

CONTIG: ctg7180000038500 (3747bp)
		This contig is unaligned. (3747 bp)
		Unaligned bases: 3747  total: 141681

CONTIG: ctg7180000038501 (9933bp)
		This contig is unaligned. (9933 bp)
		Unaligned bases: 9933  total: 151614

CONTIG: ctg7180000038506 (10401bp)
		This contig is unaligned. (10401 bp)
		Unaligned bases: 10401  total: 162015

CONTIG: ctg7180000038507 (4787bp)
		This contig is unaligned. (4787 bp)
		Unaligned bases: 4787  total: 166802

CONTIG: ctg7180000038504 (9216bp)
		This contig is unaligned. (9216 bp)
		Unaligned bases: 9216  total: 176018

CONTIG: ctg7180000038505 (3881bp)
		This contig is unaligned. (3881 bp)
		Unaligned bases: 3881  total: 179899

CONTIG: ctg7180000038508 (25924bp)
		This contig is unaligned. (25924 bp)
		Unaligned bases: 25924  total: 205823

CONTIG: ctg7180000038509 (18178bp)
		This contig is unaligned. (18178 bp)
		Unaligned bases: 18178  total: 224001

CONTIG: ctg7180000038411 (2526bp)
		This contig is unaligned. (2526 bp)
		Unaligned bases: 2526  total: 226527

CONTIG: ctg7180000038799 (4803bp)
		This contig is unaligned. (4803 bp)
		Unaligned bases: 4803  total: 231330

CONTIG: ctg7180000038798 (41321bp)
		This contig is unaligned. (41321 bp)
		Unaligned bases: 41321  total: 272651

CONTIG: ctg7180000038469 (7412bp)
		This contig is unaligned. (7412 bp)
		Unaligned bases: 7412  total: 280063

CONTIG: ctg7180000038791 (2056bp)
		This contig is unaligned. (2056 bp)
		Unaligned bases: 2056  total: 282119

CONTIG: ctg7180000038790 (24221bp)
		This contig is unaligned. (24221 bp)
		Unaligned bases: 24221  total: 306340

CONTIG: ctg7180000038759 (18052bp)
		This contig is unaligned. (18052 bp)
		Unaligned bases: 18052  total: 324392

CONTIG: ctg7180000038758 (4002bp)
		This contig is unaligned. (4002 bp)
		Unaligned bases: 4002  total: 328394

CONTIG: ctg7180000038807 (5006bp)
		This contig is unaligned. (5006 bp)
		Unaligned bases: 5006  total: 333400

CONTIG: ctg7180000038806 (26987bp)
		This contig is unaligned. (26987 bp)
		Unaligned bases: 26987  total: 360387

CONTIG: ctg7180000038805 (7703bp)
		This contig is unaligned. (7703 bp)
		Unaligned bases: 7703  total: 368090

CONTIG: ctg7180000038804 (15084bp)
		This contig is unaligned. (15084 bp)
		Unaligned bases: 15084  total: 383174

CONTIG: ctg7180000038803 (10645bp)
		This contig is unaligned. (10645 bp)
		Unaligned bases: 10645  total: 393819

CONTIG: ctg7180000038802 (19208bp)
		This contig is unaligned. (19208 bp)
		Unaligned bases: 19208  total: 413027

CONTIG: ctg7180000038801 (3675bp)
		This contig is unaligned. (3675 bp)
		Unaligned bases: 3675  total: 416702

CONTIG: ctg7180000038800 (2913bp)
		This contig is unaligned. (2913 bp)
		Unaligned bases: 2913  total: 419615

CONTIG: ctg7180000038809 (7362bp)
		This contig is unaligned. (7362 bp)
		Unaligned bases: 7362  total: 426977

CONTIG: ctg7180000038808 (6483bp)
		This contig is unaligned. (6483 bp)
		Unaligned bases: 6483  total: 433460

CONTIG: ctg7180000038751 (3387bp)
		This contig is unaligned. (3387 bp)
		Unaligned bases: 3387  total: 436847

CONTIG: ctg7180000038750 (12503bp)
		This contig is unaligned. (12503 bp)
		Unaligned bases: 12503  total: 449350

CONTIG: ctg7180000038388 (1302bp)
		This contig is unaligned. (1302 bp)
		Unaligned bases: 1302  total: 450652

CONTIG: ctg7180000038389 (1012bp)
		This contig is unaligned. (1012 bp)
		Unaligned bases: 1012  total: 451664

CONTIG: ctg7180000038384 (13971bp)
		This contig is unaligned. (13971 bp)
		Unaligned bases: 13971  total: 465635

CONTIG: ctg7180000038385 (1603bp)
		This contig is unaligned. (1603 bp)
		Unaligned bases: 1603  total: 467238

CONTIG: ctg7180000038386 (13950bp)
		This contig is unaligned. (13950 bp)
		Unaligned bases: 13950  total: 481188

CONTIG: ctg7180000038387 (1441bp)
		This contig is unaligned. (1441 bp)
		Unaligned bases: 1441  total: 482629

CONTIG: ctg7180000038380 (1567bp)
		This contig is unaligned. (1567 bp)
		Unaligned bases: 1567  total: 484196

CONTIG: ctg7180000038381 (10570bp)
		This contig is unaligned. (10570 bp)
		Unaligned bases: 10570  total: 494766

CONTIG: ctg7180000038382 (1571bp)
		This contig is unaligned. (1571 bp)
		Unaligned bases: 1571  total: 496337

CONTIG: ctg7180000038383 (1391bp)
		This contig is unaligned. (1391 bp)
		Unaligned bases: 1391  total: 497728

CONTIG: ctg7180000038279 (1219bp)
		This contig is unaligned. (1219 bp)
		Unaligned bases: 1219  total: 498947

CONTIG: ctg7180000038371 (1611bp)
		This contig is unaligned. (1611 bp)
		Unaligned bases: 1611  total: 500558

CONTIG: ctg7180000038370 (10490bp)
		This contig is unaligned. (10490 bp)
		Unaligned bases: 10490  total: 511048

CONTIG: ctg7180000038478 (12135bp)
		This contig is unaligned. (12135 bp)
		Unaligned bases: 12135  total: 523183

CONTIG: ctg7180000038479 (20587bp)
		This contig is unaligned. (20587 bp)
		Unaligned bases: 20587  total: 543770

CONTIG: ctg7180000038375 (1727bp)
		This contig is unaligned. (1727 bp)
		Unaligned bases: 1727  total: 545497

CONTIG: ctg7180000038374 (14993bp)
		This contig is unaligned. (14993 bp)
		Unaligned bases: 14993  total: 560490

CONTIG: ctg7180000038377 (8486bp)
		This contig is unaligned. (8486 bp)
		Unaligned bases: 8486  total: 568976

CONTIG: ctg7180000038376 (1805bp)
		This contig is unaligned. (1805 bp)
		Unaligned bases: 1805  total: 570781

CONTIG: ctg7180000038379 (5457bp)
		This contig is unaligned. (5457 bp)
		Unaligned bases: 5457  total: 576238

CONTIG: ctg7180000038378 (9324bp)
		This contig is unaligned. (9324 bp)
		Unaligned bases: 9324  total: 585562

CONTIG: ctg7180000038470 (25608bp)
		This contig is unaligned. (25608 bp)
		Unaligned bases: 25608  total: 611170

CONTIG: ctg7180000038471 (4164bp)
		This contig is unaligned. (4164 bp)
		Unaligned bases: 4164  total: 615334

CONTIG: ctg7180000038476 (4946bp)
		This contig is unaligned. (4946 bp)
		Unaligned bases: 4946  total: 620280

CONTIG: ctg7180000038477 (8405bp)
		This contig is unaligned. (8405 bp)
		Unaligned bases: 8405  total: 628685

CONTIG: ctg7180000038474 (2293bp)
		This contig is unaligned. (2293 bp)
		Unaligned bases: 2293  total: 630978

CONTIG: ctg7180000038475 (6765bp)
		This contig is unaligned. (6765 bp)
		Unaligned bases: 6765  total: 637743

CONTIG: ctg7180000038669 (8969bp)
		This contig is unaligned. (8969 bp)
		Unaligned bases: 8969  total: 646712

CONTIG: ctg7180000038668 (12077bp)
		This contig is unaligned. (12077 bp)
		Unaligned bases: 12077  total: 658789

CONTIG: ctg7180000038559 (40728bp)
		This contig is unaligned. (40728 bp)
		Unaligned bases: 40728  total: 699517

CONTIG: ctg7180000038558 (6930bp)
		This contig is unaligned. (6930 bp)
		Unaligned bases: 6930  total: 706447

CONTIG: ctg7180000038492 (16685bp)
		This contig is unaligned. (16685 bp)
		Unaligned bases: 16685  total: 723132

CONTIG: ctg7180000038493 (7166bp)
		This contig is unaligned. (7166 bp)
		Unaligned bases: 7166  total: 730298

CONTIG: ctg7180000038494 (5029bp)
		This contig is unaligned. (5029 bp)
		Unaligned bases: 5029  total: 735327

CONTIG: ctg7180000038495 (5173bp)
		This contig is unaligned. (5173 bp)
		Unaligned bases: 5173  total: 740500

CONTIG: ctg7180000038496 (6121bp)
		This contig is unaligned. (6121 bp)
		Unaligned bases: 6121  total: 746621

CONTIG: ctg7180000038497 (3996bp)
		This contig is unaligned. (3996 bp)
		Unaligned bases: 3996  total: 750617

CONTIG: ctg7180000038498 (4162bp)
		This contig is unaligned. (4162 bp)
		Unaligned bases: 4162  total: 754779

CONTIG: ctg7180000038499 (6095bp)
		This contig is unaligned. (6095 bp)
		Unaligned bases: 6095  total: 760874

CONTIG: ctg7180000038553 (5015bp)
		This contig is unaligned. (5015 bp)
		Unaligned bases: 5015  total: 765889

CONTIG: ctg7180000038552 (1611bp)
		This contig is unaligned. (1611 bp)
		Unaligned bases: 1611  total: 767500

CONTIG: ctg7180000038555 (9156bp)
		This contig is unaligned. (9156 bp)
		Unaligned bases: 9156  total: 776656

CONTIG: ctg7180000038554 (7776bp)
		This contig is unaligned. (7776 bp)
		Unaligned bases: 7776  total: 784432

CONTIG: ctg7180000038557 (2732bp)
		This contig is unaligned. (2732 bp)
		Unaligned bases: 2732  total: 787164

CONTIG: ctg7180000038556 (954bp)
		This contig is unaligned. (954 bp)
		Unaligned bases: 954  total: 788118

CONTIG: ctg7180000038661 (12038bp)
		This contig is unaligned. (12038 bp)
		Unaligned bases: 12038  total: 800156

CONTIG: ctg7180000038660 (7179bp)
		This contig is unaligned. (7179 bp)
		Unaligned bases: 7179  total: 807335

CONTIG: ctg7180000038726 (7302bp)
		This contig is unaligned. (7302 bp)
		Unaligned bases: 7302  total: 814637

CONTIG: ctg7180000038727 (9631bp)
		This contig is unaligned. (9631 bp)
		Unaligned bases: 9631  total: 824268

CONTIG: ctg7180000038724 (11358bp)
		This contig is unaligned. (11358 bp)
		Unaligned bases: 11358  total: 835626

CONTIG: ctg7180000038725 (3461bp)
		This contig is unaligned. (3461 bp)
		Unaligned bases: 3461  total: 839087

CONTIG: ctg7180000038722 (23368bp)
		This contig is unaligned. (23368 bp)
		Unaligned bases: 23368  total: 862455

CONTIG: ctg7180000038723 (7683bp)
		This contig is unaligned. (7683 bp)
		Unaligned bases: 7683  total: 870138

CONTIG: ctg7180000038720 (6948bp)
		This contig is unaligned. (6948 bp)
		Unaligned bases: 6948  total: 877086

CONTIG: ctg7180000038721 (23750bp)
		This contig is unaligned. (23750 bp)
		Unaligned bases: 23750  total: 900836

CONTIG: ctg7180000038728 (10929bp)
		This contig is unaligned. (10929 bp)
		Unaligned bases: 10929  total: 911765

CONTIG: ctg7180000038729 (7312bp)
		This contig is unaligned. (7312 bp)
		Unaligned bases: 7312  total: 919077

CONTIG: ctg7180000038652 (7201bp)
		This contig is unaligned. (7201 bp)
		Unaligned bases: 7201  total: 926278

CONTIG: ctg7180000038653 (3317bp)
		This contig is unaligned. (3317 bp)
		Unaligned bases: 3317  total: 929595

CONTIG: ctg7180000038650 (3880bp)
		This contig is unaligned. (3880 bp)
		Unaligned bases: 3880  total: 933475

CONTIG: ctg7180000038651 (4374bp)
		This contig is unaligned. (4374 bp)
		Unaligned bases: 4374  total: 937849

CONTIG: ctg7180000038656 (9418bp)
		This contig is unaligned. (9418 bp)
		Unaligned bases: 9418  total: 947267

CONTIG: ctg7180000038657 (16209bp)
		This contig is unaligned. (16209 bp)
		Unaligned bases: 16209  total: 963476

CONTIG: ctg7180000038654 (15427bp)
		This contig is unaligned. (15427 bp)
		Unaligned bases: 15427  total: 978903

CONTIG: ctg7180000038655 (17785bp)
		This contig is unaligned. (17785 bp)
		Unaligned bases: 17785  total: 996688

CONTIG: ctg7180000038793 (15627bp)
		This contig is unaligned. (15627 bp)
		Unaligned bases: 15627  total: 1012315

CONTIG: ctg7180000038792 (1360bp)
		This contig is unaligned. (1360 bp)
		Unaligned bases: 1360  total: 1013675

CONTIG: ctg7180000038658 (14069bp)
		This contig is unaligned. (14069 bp)
		Unaligned bases: 14069  total: 1027744

CONTIG: ctg7180000038659 (5999bp)
		This contig is unaligned. (5999 bp)
		Unaligned bases: 5999  total: 1033743

CONTIG: ctg7180000038797 (15699bp)
		This contig is unaligned. (15699 bp)
		Unaligned bases: 15699  total: 1049442

CONTIG: ctg7180000038796 (24129bp)
		This contig is unaligned. (24129 bp)
		Unaligned bases: 24129  total: 1073571

CONTIG: ctg7180000038795 (19844bp)
		This contig is unaligned. (19844 bp)
		Unaligned bases: 19844  total: 1093415

CONTIG: ctg7180000038794 (16737bp)
		This contig is unaligned. (16737 bp)
		Unaligned bases: 16737  total: 1110152

CONTIG: ctg7180000038460 (4038bp)
		This contig is unaligned. (4038 bp)
		Unaligned bases: 4038  total: 1114190

CONTIG: ctg7180000035133 (645bp)
		This contig is unaligned. (645 bp)
		Unaligned bases: 645  total: 1114835

CONTIG: ctg7180000038339 (19226bp)
		This contig is unaligned. (19226 bp)
		Unaligned bases: 19226  total: 1134061

CONTIG: ctg7180000038338 (13177bp)
		This contig is unaligned. (13177 bp)
		Unaligned bases: 13177  total: 1147238

CONTIG: ctg7180000038335 (1971bp)
		This contig is unaligned. (1971 bp)
		Unaligned bases: 1971  total: 1149209

CONTIG: ctg7180000038334 (2933bp)
		This contig is unaligned. (2933 bp)
		Unaligned bases: 2933  total: 1152142

CONTIG: ctg7180000038337 (4052bp)
		This contig is unaligned. (4052 bp)
		Unaligned bases: 4052  total: 1156194

CONTIG: ctg7180000038336 (3449bp)
		This contig is unaligned. (3449 bp)
		Unaligned bases: 3449  total: 1159643

CONTIG: ctg7180000038331 (3175bp)
		This contig is unaligned. (3175 bp)
		Unaligned bases: 3175  total: 1162818

CONTIG: ctg7180000038330 (3275bp)
		This contig is unaligned. (3275 bp)
		Unaligned bases: 3275  total: 1166093

CONTIG: ctg7180000038333 (3692bp)
		This contig is unaligned. (3692 bp)
		Unaligned bases: 3692  total: 1169785

CONTIG: ctg7180000038332 (6629bp)
		This contig is unaligned. (6629 bp)
		Unaligned bases: 6629  total: 1176414

CONTIG: ctg7180000038406 (3649bp)
		This contig is unaligned. (3649 bp)
		Unaligned bases: 3649  total: 1180063

CONTIG: ctg7180000038348 (2284bp)
		This contig is unaligned. (2284 bp)
		Unaligned bases: 2284  total: 1182347

CONTIG: ctg7180000038349 (4524bp)
		This contig is unaligned. (4524 bp)
		Unaligned bases: 4524  total: 1186871

CONTIG: ctg7180000038340 (2001bp)
		This contig is unaligned. (2001 bp)
		Unaligned bases: 2001  total: 1188872

CONTIG: ctg7180000038341 (2639bp)
		This contig is unaligned. (2639 bp)
		Unaligned bases: 2639  total: 1191511

CONTIG: ctg7180000038342 (10836bp)
		This contig is unaligned. (10836 bp)
		Unaligned bases: 10836  total: 1202347

CONTIG: ctg7180000038343 (1046bp)
		This contig is unaligned. (1046 bp)
		Unaligned bases: 1046  total: 1203393

CONTIG: ctg7180000038344 (2110bp)
		This contig is unaligned. (2110 bp)
		Unaligned bases: 2110  total: 1205503

CONTIG: ctg7180000038345 (2549bp)
		This contig is unaligned. (2549 bp)
		Unaligned bases: 2549  total: 1208052

CONTIG: ctg7180000038346 (2476bp)
		This contig is unaligned. (2476 bp)
		Unaligned bases: 2476  total: 1210528

CONTIG: ctg7180000038347 (3880bp)
		This contig is unaligned. (3880 bp)
		Unaligned bases: 3880  total: 1214408

CONTIG: ctg7180000038421 (3210bp)
		This contig is unaligned. (3210 bp)
		Unaligned bases: 3210  total: 1217618

CONTIG: ctg7180000038420 (13656bp)
		This contig is unaligned. (13656 bp)
		Unaligned bases: 13656  total: 1231274

CONTIG: ctg7180000038423 (19651bp)
		This contig is unaligned. (19651 bp)
		Unaligned bases: 19651  total: 1250925

CONTIG: ctg7180000038422 (18173bp)
		This contig is unaligned. (18173 bp)
		Unaligned bases: 18173  total: 1269098

CONTIG: ctg7180000038425 (7474bp)
		This contig is unaligned. (7474 bp)
		Unaligned bases: 7474  total: 1276572

CONTIG: ctg7180000038424 (2419bp)
		This contig is unaligned. (2419 bp)
		Unaligned bases: 2419  total: 1278991

CONTIG: ctg7180000038427 (31365bp)
		This contig is unaligned. (31365 bp)
		Unaligned bases: 31365  total: 1310356

CONTIG: ctg7180000038426 (10665bp)
		This contig is unaligned. (10665 bp)
		Unaligned bases: 10665  total: 1321021

CONTIG: ctg7180000038429 (3220bp)
		This contig is unaligned. (3220 bp)
		Unaligned bases: 3220  total: 1324241

CONTIG: ctg7180000038428 (3366bp)
		This contig is unaligned. (3366 bp)
		Unaligned bases: 3366  total: 1327607

CONTIG: ctg7180000038580 (3005bp)
		This contig is unaligned. (3005 bp)
		Unaligned bases: 3005  total: 1330612

CONTIG: ctg7180000038581 (1102bp)
		This contig is unaligned. (1102 bp)
		Unaligned bases: 1102  total: 1331714

CONTIG: ctg7180000038586 (2544bp)
		This contig is unaligned. (2544 bp)
		Unaligned bases: 2544  total: 1334258

CONTIG: ctg7180000038587 (16421bp)
		This contig is unaligned. (16421 bp)
		Unaligned bases: 16421  total: 1350679

CONTIG: ctg7180000038584 (1736bp)
		This contig is unaligned. (1736 bp)
		Unaligned bases: 1736  total: 1352415

CONTIG: ctg7180000038585 (1825bp)
		This contig is unaligned. (1825 bp)
		Unaligned bases: 1825  total: 1354240

CONTIG: ctg7180000038359 (1654bp)
		This contig is unaligned. (1654 bp)
		Unaligned bases: 1654  total: 1355894

CONTIG: ctg7180000038560 (2477bp)
		This contig is unaligned. (2477 bp)
		Unaligned bases: 2477  total: 1358371

CONTIG: ctg7180000038608 (2589bp)
		This contig is unaligned. (2589 bp)
		Unaligned bases: 2589  total: 1360960

CONTIG: ctg7180000038562 (11096bp)
		This contig is unaligned. (11096 bp)
		Unaligned bases: 11096  total: 1372056

CONTIG: ctg7180000038358 (8345bp)
		This contig is unaligned. (8345 bp)
		Unaligned bases: 8345  total: 1380401

CONTIG: ctg7180000038564 (10884bp)
		This contig is unaligned. (10884 bp)
		Unaligned bases: 10884  total: 1391285

CONTIG: ctg7180000038565 (1719bp)
		This contig is unaligned. (1719 bp)
		Unaligned bases: 1719  total: 1393004

CONTIG: ctg7180000038566 (3415bp)
		This contig is unaligned. (3415 bp)
		Unaligned bases: 3415  total: 1396419

CONTIG: ctg7180000038567 (6995bp)
		This contig is unaligned. (6995 bp)
		Unaligned bases: 6995  total: 1403414

CONTIG: ctg7180000038601 (5569bp)
		This contig is unaligned. (5569 bp)
		Unaligned bases: 5569  total: 1408983

CONTIG: ctg7180000038569 (38872bp)
		This contig is unaligned. (38872 bp)
		Unaligned bases: 38872  total: 1447855

CONTIG: ctg7180000038603 (10021bp)
		This contig is unaligned. (10021 bp)
		Unaligned bases: 10021  total: 1457876

CONTIG: ctg7180000038602 (1784bp)
		This contig is unaligned. (1784 bp)
		Unaligned bases: 1784  total: 1459660

CONTIG: ctg7180000038605 (8987bp)
		This contig is unaligned. (8987 bp)
		Unaligned bases: 8987  total: 1468647

CONTIG: ctg7180000038604 (4247bp)
		This contig is unaligned. (4247 bp)
		Unaligned bases: 4247  total: 1472894

CONTIG: ctg7180000038607 (9270bp)
		This contig is unaligned. (9270 bp)
		Unaligned bases: 9270  total: 1482164

CONTIG: ctg7180000038606 (17037bp)
		This contig is unaligned. (17037 bp)
		Unaligned bases: 17037  total: 1499201

CONTIG: ctg7180000038515 (22317bp)
		This contig is unaligned. (22317 bp)
		Unaligned bases: 22317  total: 1521518

CONTIG: ctg7180000038514 (16647bp)
		This contig is unaligned. (16647 bp)
		Unaligned bases: 16647  total: 1538165

CONTIG: ctg7180000038517 (11539bp)
		This contig is unaligned. (11539 bp)
		Unaligned bases: 11539  total: 1549704

CONTIG: ctg7180000038516 (12028bp)
		This contig is unaligned. (12028 bp)
		Unaligned bases: 12028  total: 1561732

CONTIG: ctg7180000038511 (5882bp)
		This contig is unaligned. (5882 bp)
		Unaligned bases: 5882  total: 1567614

CONTIG: ctg7180000038510 (7626bp)
		This contig is unaligned. (7626 bp)
		Unaligned bases: 7626  total: 1575240

CONTIG: ctg7180000038513 (2304bp)
		This contig is unaligned. (2304 bp)
		Unaligned bases: 2304  total: 1577544

CONTIG: ctg7180000038512 (4944bp)
		This contig is unaligned. (4944 bp)
		Unaligned bases: 4944  total: 1582488

CONTIG: ctg7180000038696 (4654bp)
		This contig is unaligned. (4654 bp)
		Unaligned bases: 4654  total: 1587142

CONTIG: ctg7180000038697 (15303bp)
		This contig is unaligned. (15303 bp)
		Unaligned bases: 15303  total: 1602445

CONTIG: ctg7180000038694 (20966bp)
		This contig is unaligned. (20966 bp)
		Unaligned bases: 20966  total: 1623411

CONTIG: ctg7180000038695 (1199bp)
		This contig is unaligned. (1199 bp)
		Unaligned bases: 1199  total: 1624610

CONTIG: ctg7180000038519 (14502bp)
		This contig is unaligned. (14502 bp)
		Unaligned bases: 14502  total: 1639112

CONTIG: ctg7180000038518 (20116bp)
		This contig is unaligned. (20116 bp)
		Unaligned bases: 20116  total: 1659228

CONTIG: ctg7180000038690 (23981bp)
		This contig is unaligned. (23981 bp)
		Unaligned bases: 23981  total: 1683209

CONTIG: ctg7180000038691 (13655bp)
Top Length: 237  Top ID: 100.0
		This contig is partially unaligned. (237 out of 13655)
		Alignment: 35530 35766 | 13419 13655 | 237 237 | 100.0 | gi|125654693|ref|NC_009008.1|_Rhodobacter_sphaeroides_2.4.1_plasmid_E__partial_sequence ctg7180000038691
		Unaligned bases: 1 to 13418 (13418)

CONTIG: ctg7180000038298 (2103bp)
		This contig is unaligned. (2103 bp)
		Unaligned bases: 2103  total: 1685312

CONTIG: ctg7180000038299 (1094bp)
		This contig is unaligned. (1094 bp)
		Unaligned bases: 1094  total: 1686406

CONTIG: ctg7180000035181 (524bp)
		This contig is unaligned. (524 bp)
		Unaligned bases: 524  total: 1686930

CONTIG: ctg7180000038762 (3080bp)
		This contig is unaligned. (3080 bp)
		Unaligned bases: 3080  total: 1690010

CONTIG: ctg7180000038763 (3598bp)
		This contig is unaligned. (3598 bp)
		Unaligned bases: 3598  total: 1693608

CONTIG: ctg7180000038760 (3849bp)
		This contig is unaligned. (3849 bp)
		Unaligned bases: 3849  total: 1697457

CONTIG: ctg7180000038761 (7324bp)
		This contig is unaligned. (7324 bp)
		Unaligned bases: 7324  total: 1704781

CONTIG: ctg7180000038766 (3050bp)
		This contig is unaligned. (3050 bp)
		Unaligned bases: 3050  total: 1707831

CONTIG: ctg7180000038767 (15130bp)
		This contig is unaligned. (15130 bp)
		Unaligned bases: 15130  total: 1722961

CONTIG: ctg7180000038764 (2348bp)
		This contig is unaligned. (2348 bp)
		Unaligned bases: 2348  total: 1725309

CONTIG: ctg7180000038765 (3784bp)
		This contig is unaligned. (3784 bp)
		Unaligned bases: 3784  total: 1729093

CONTIG: ctg7180000038768 (16150bp)
		This contig is unaligned. (16150 bp)
		Unaligned bases: 16150  total: 1745243

CONTIG: ctg7180000038769 (19765bp)
		This contig is unaligned. (19765 bp)
		Unaligned bases: 19765  total: 1765008

CONTIG: ctg7180000038599 (2444bp)
		This contig is unaligned. (2444 bp)
		Unaligned bases: 2444  total: 1767452

CONTIG: ctg7180000038598 (18274bp)
		This contig is unaligned. (18274 bp)
		Unaligned bases: 18274  total: 1785726

CONTIG: ctg7180000038622 (2285bp)
		This contig is unaligned. (2285 bp)
		Unaligned bases: 2285  total: 1788011

CONTIG: ctg7180000038591 (4061bp)
		This contig is unaligned. (4061 bp)
		Unaligned bases: 4061  total: 1792072

CONTIG: ctg7180000038459 (2119bp)
		This contig is unaligned. (2119 bp)
		Unaligned bases: 2119  total: 1794191

CONTIG: ctg7180000038748 (17839bp)
		This contig is unaligned. (17839 bp)
		Unaligned bases: 17839  total: 1812030

CONTIG: ctg7180000038749 (20408bp)
		This contig is unaligned. (20408 bp)
		Unaligned bases: 20408  total: 1832438

CONTIG: ctg7180000038624 (12468bp)
		This contig is unaligned. (12468 bp)
		Unaligned bases: 12468  total: 1844906

CONTIG: ctg7180000038399 (1112bp)
		This contig is unaligned. (1112 bp)
		Unaligned bases: 1112  total: 1846018

CONTIG: ctg7180000038398 (1113bp)
		This contig is unaligned. (1113 bp)
		Unaligned bases: 1113  total: 1847131

CONTIG: ctg7180000038397 (2519bp)
		This contig is unaligned. (2519 bp)
		Unaligned bases: 2519  total: 1849650

CONTIG: ctg7180000038396 (1302bp)
		This contig is unaligned. (1302 bp)
		Unaligned bases: 1302  total: 1850952

CONTIG: ctg7180000038395 (8203bp)
		This contig is unaligned. (8203 bp)
		Unaligned bases: 8203  total: 1859155

CONTIG: ctg7180000038394 (1595bp)
		This contig is unaligned. (1595 bp)
		Unaligned bases: 1595  total: 1860750

CONTIG: ctg7180000038393 (11242bp)
		This contig is unaligned. (11242 bp)
		Unaligned bases: 11242  total: 1871992

CONTIG: ctg7180000038392 (18655bp)
		This contig is unaligned. (18655 bp)
		Unaligned bases: 18655  total: 1890647

CONTIG: ctg7180000038391 (1131bp)
		This contig is unaligned. (1131 bp)
		Unaligned bases: 1131  total: 1891778

CONTIG: ctg7180000038390 (5219bp)
		This contig is unaligned. (5219 bp)
		Unaligned bases: 5219  total: 1896997

CONTIG: ctg7180000038747 (17911bp)
		This contig is unaligned. (17911 bp)
		Unaligned bases: 17911  total: 1914908

CONTIG: ctg7180000038304 (6262bp)
		This contig is unaligned. (6262 bp)
		Unaligned bases: 6262  total: 1921170

CONTIG: ctg7180000038305 (3100bp)
		This contig is unaligned. (3100 bp)
		Unaligned bases: 3100  total: 1924270

CONTIG: ctg7180000038306 (4132bp)
		This contig is unaligned. (4132 bp)
		Unaligned bases: 4132  total: 1928402

CONTIG: ctg7180000038307 (3127bp)
		This contig is unaligned. (3127 bp)
		Unaligned bases: 3127  total: 1931529

CONTIG: ctg7180000038300 (3086bp)
		This contig is unaligned. (3086 bp)
		Unaligned bases: 3086  total: 1934615

CONTIG: ctg7180000038468 (10744bp)
		This contig is unaligned. (10744 bp)
		Unaligned bases: 10744  total: 1945359

CONTIG: ctg7180000038302 (1350bp)
		This contig is unaligned. (1350 bp)
		Unaligned bases: 1350  total: 1946709

CONTIG: ctg7180000038303 (3986bp)
		This contig is unaligned. (3986 bp)
		Unaligned bases: 3986  total: 1950695

CONTIG: ctg7180000038465 (10620bp)
		This contig is unaligned. (10620 bp)
		Unaligned bases: 10620  total: 1961315

CONTIG: ctg7180000038464 (18054bp)
		This contig is unaligned. (18054 bp)
		Unaligned bases: 18054  total: 1979369

CONTIG: ctg7180000038467 (10471bp)
		This contig is unaligned. (10471 bp)
		Unaligned bases: 10471  total: 1989840

CONTIG: ctg7180000038308 (8054bp)
		This contig is unaligned. (8054 bp)
		Unaligned bases: 8054  total: 1997894

CONTIG: ctg7180000038309 (1331bp)
		This contig is unaligned. (1331 bp)
		Unaligned bases: 1331  total: 1999225

CONTIG: ctg7180000038463 (7402bp)
		This contig is unaligned. (7402 bp)
		Unaligned bases: 7402  total: 2006627

CONTIG: ctg7180000038301 (12814bp)
		This contig is unaligned. (12814 bp)
		Unaligned bases: 12814  total: 2019441

CONTIG: ctg7180000038483 (4194bp)
		This contig is unaligned. (4194 bp)
		Unaligned bases: 4194  total: 2023635

CONTIG: ctg7180000038482 (12641bp)
		This contig is unaligned. (12641 bp)
		Unaligned bases: 12641  total: 2036276

CONTIG: ctg7180000038481 (39333bp)
		This contig is unaligned. (39333 bp)
		Unaligned bases: 39333  total: 2075609

CONTIG: ctg7180000038480 (3236bp)
		This contig is unaligned. (3236 bp)
		Unaligned bases: 3236  total: 2078845

CONTIG: ctg7180000038528 (14348bp)
		This contig is unaligned. (14348 bp)
		Unaligned bases: 14348  total: 2093193

CONTIG: ctg7180000038529 (18187bp)
		This contig is unaligned. (18187 bp)
		Unaligned bases: 18187  total: 2111380

CONTIG: ctg7180000038485 (16509bp)
		This contig is unaligned. (16509 bp)
		Unaligned bases: 16509  total: 2127889

CONTIG: ctg7180000038484 (14195bp)
		This contig is unaligned. (14195 bp)
		Unaligned bases: 14195  total: 2142084

CONTIG: ctg7180000038524 (3507bp)
		This contig is unaligned. (3507 bp)
		Unaligned bases: 3507  total: 2145591

CONTIG: ctg7180000038525 (10851bp)
		This contig is unaligned. (10851 bp)
		Unaligned bases: 10851  total: 2156442

CONTIG: ctg7180000038526 (9965bp)
		This contig is unaligned. (9965 bp)
		Unaligned bases: 9965  total: 2166407

CONTIG: ctg7180000038488 (7405bp)
		This contig is unaligned. (7405 bp)
		Unaligned bases: 7405  total: 2173812

CONTIG: ctg7180000038520 (15028bp)
		This contig is unaligned. (15028 bp)
		Unaligned bases: 15028  total: 2188840

CONTIG: ctg7180000038521 (6189bp)
		This contig is unaligned. (6189 bp)
		Unaligned bases: 6189  total: 2195029

CONTIG: ctg7180000038522 (6093bp)
		This contig is unaligned. (6093 bp)
		Unaligned bases: 6093  total: 2201122

CONTIG: ctg7180000038523 (20933bp)
		This contig is unaligned. (20933 bp)
		Unaligned bases: 20933  total: 2222055

CONTIG: ctg7180000038418 (9994bp)
		This contig is unaligned. (9994 bp)
		Unaligned bases: 9994  total: 2232049

CONTIG: ctg7180000038410 (10342bp)
		This contig is unaligned. (10342 bp)
		Unaligned bases: 10342  total: 2242391

CONTIG: ctg7180000038461 (11831bp)
		This contig is unaligned. (11831 bp)
		Unaligned bases: 11831  total: 2254222

CONTIG: ctg7180000038412 (4928bp)
		This contig is unaligned. (4928 bp)
		Unaligned bases: 4928  total: 2259150

CONTIG: ctg7180000038413 (2196bp)
		This contig is unaligned. (2196 bp)
		Unaligned bases: 2196  total: 2261346

CONTIG: ctg7180000038414 (5447bp)
		This contig is unaligned. (5447 bp)
		Unaligned bases: 5447  total: 2266793

CONTIG: ctg7180000038415 (6564bp)
		This contig is unaligned. (6564 bp)
		Unaligned bases: 6564  total: 2273357

CONTIG: ctg7180000038416 (3590bp)
		This contig is unaligned. (3590 bp)
		Unaligned bases: 3590  total: 2276947

CONTIG: ctg7180000038417 (2831bp)
		This contig is unaligned. (2831 bp)
		Unaligned bases: 2831  total: 2279778

CONTIG: ctg7180000038678 (7859bp)
		This contig is unaligned. (7859 bp)
		Unaligned bases: 7859  total: 2287637

CONTIG: ctg7180000038462 (5847bp)
		This contig is unaligned. (5847 bp)
		Unaligned bases: 5847  total: 2293484

CONTIG: ctg7180000038679 (5906bp)
		This contig is unaligned. (5906 bp)
		Unaligned bases: 5906  total: 2299390

CONTIG: ctg7180000038630 (1593bp)
		This contig is unaligned. (1593 bp)
		Unaligned bases: 1593  total: 2300983

CONTIG: ctg7180000038631 (2409bp)
		This contig is unaligned. (2409 bp)
		Unaligned bases: 2409  total: 2303392

CONTIG: ctg7180000038632 (4058bp)
		This contig is unaligned. (4058 bp)
		Unaligned bases: 4058  total: 2307450

CONTIG: ctg7180000038633 (1360bp)
		This contig is unaligned. (1360 bp)
		Unaligned bases: 1360  total: 2308810

CONTIG: ctg7180000038634 (16405bp)
		This contig is unaligned. (16405 bp)
		Unaligned bases: 16405  total: 2325215

CONTIG: ctg7180000038635 (17025bp)
		This contig is unaligned. (17025 bp)
		Unaligned bases: 17025  total: 2342240

CONTIG: ctg7180000038636 (4881bp)
		This contig is unaligned. (4881 bp)
		Unaligned bases: 4881  total: 2347121

CONTIG: ctg7180000038637 (3554bp)
		This contig is unaligned. (3554 bp)
		Unaligned bases: 3554  total: 2350675

CONTIG: ctg7180000038638 (1886bp)
		This contig is unaligned. (1886 bp)
		Unaligned bases: 1886  total: 2352561

CONTIG: ctg7180000038639 (1683bp)
		This contig is unaligned. (1683 bp)
		Unaligned bases: 1683  total: 2354244

CONTIG: ctg7180000038733 (7853bp)
		This contig is unaligned. (7853 bp)
		Unaligned bases: 7853  total: 2362097

CONTIG: ctg7180000038732 (7222bp)
		This contig is unaligned. (7222 bp)
		Unaligned bases: 7222  total: 2369319

CONTIG: ctg7180000038735 (9397bp)
		This contig is unaligned. (9397 bp)
		Unaligned bases: 9397  total: 2378716

CONTIG: ctg7180000038676 (7023bp)
		This contig is unaligned. (7023 bp)
		Unaligned bases: 7023  total: 2385739

CONTIG: ctg7180000038737 (14712bp)
		This contig is unaligned. (14712 bp)
		Unaligned bases: 14712  total: 2400451

CONTIG: ctg7180000038736 (4666bp)
		This contig is unaligned. (4666 bp)
		Unaligned bases: 4666  total: 2405117

CONTIG: ctg7180000038645 (3711bp)
		This contig is unaligned. (3711 bp)
		Unaligned bases: 3711  total: 2408828

CONTIG: ctg7180000038644 (9153bp)
		This contig is unaligned. (9153 bp)
		Unaligned bases: 9153  total: 2417981

CONTIG: ctg7180000038647 (1866bp)
		This contig is unaligned. (1866 bp)
		Unaligned bases: 1866  total: 2419847

CONTIG: ctg7180000038646 (1797bp)
		This contig is unaligned. (1797 bp)
		Unaligned bases: 1797  total: 2421644

CONTIG: ctg7180000038641 (14138bp)
		This contig is unaligned. (14138 bp)
		Unaligned bases: 14138  total: 2435782

CONTIG: ctg7180000038640 (12360bp)
		This contig is unaligned. (12360 bp)
		Unaligned bases: 12360  total: 2448142

CONTIG: ctg7180000038643 (2198bp)
		This contig is unaligned. (2198 bp)
		Unaligned bases: 2198  total: 2450340

CONTIG: ctg7180000038642 (2479bp)
		This contig is unaligned. (2479 bp)
		Unaligned bases: 2479  total: 2452819

CONTIG: ctg7180000038649 (7427bp)
		This contig is unaligned. (7427 bp)
		Unaligned bases: 7427  total: 2460246

CONTIG: ctg7180000038648 (1870bp)
		This contig is unaligned. (1870 bp)
		Unaligned bases: 1870  total: 2462116

CONTIG: ctg7180000038487 (5553bp)
		This contig is unaligned. (5553 bp)
		Unaligned bases: 5553  total: 2467669

CONTIG: ctg7180000038486 (8773bp)
		This contig is unaligned. (8773 bp)
		Unaligned bases: 8773  total: 2476442

CONTIG: ctg7180000038489 (6564bp)
		This contig is unaligned. (6564 bp)
		Unaligned bases: 6564  total: 2483006

CONTIG: ctg7180000038527 (11378bp)
		This contig is unaligned. (11378 bp)
		Unaligned bases: 11378  total: 2494384

CONTIG: ctg7180000035041 (1376bp)
		This contig is unaligned. (1376 bp)
		Unaligned bases: 1376  total: 2495760

CONTIG: ctg7180000038369 (1751bp)
		This contig is unaligned. (1751 bp)
		Unaligned bases: 1751  total: 2497511

CONTIG: ctg7180000038292 (6907bp)
		This contig is unaligned. (6907 bp)
		Unaligned bases: 6907  total: 2504418

CONTIG: ctg7180000038293 (14851bp)
		This contig is unaligned. (14851 bp)
		Unaligned bases: 14851  total: 2519269

CONTIG: ctg7180000038290 (1344bp)
		This contig is unaligned. (1344 bp)
		Unaligned bases: 1344  total: 2520613

CONTIG: ctg7180000038291 (4685bp)
		This contig is unaligned. (4685 bp)
		Unaligned bases: 4685  total: 2525298

CONTIG: ctg7180000038296 (4990bp)
		This contig is unaligned. (4990 bp)
		Unaligned bases: 4990  total: 2530288

CONTIG: ctg7180000038297 (5977bp)
		This contig is unaligned. (5977 bp)
		Unaligned bases: 5977  total: 2536265

CONTIG: ctg7180000038294 (6746bp)
		This contig is unaligned. (6746 bp)
		Unaligned bases: 6746  total: 2543011

CONTIG: ctg7180000038295 (1828bp)
		This contig is unaligned. (1828 bp)
		Unaligned bases: 1828  total: 2544839

CONTIG: ctg7180000038353 (2199bp)
		This contig is unaligned. (2199 bp)
		Unaligned bases: 2199  total: 2547038

CONTIG: ctg7180000038352 (22521bp)
		This contig is unaligned. (22521 bp)
		Unaligned bases: 22521  total: 2569559

CONTIG: ctg7180000038351 (2736bp)
		This contig is unaligned. (2736 bp)
		Unaligned bases: 2736  total: 2572295

CONTIG: ctg7180000038350 (25969bp)
		This contig is unaligned. (25969 bp)
		Unaligned bases: 25969  total: 2598264

CONTIG: ctg7180000038357 (2401bp)
		This contig is unaligned. (2401 bp)
		Unaligned bases: 2401  total: 2600665

CONTIG: ctg7180000038356 (2609bp)
		This contig is unaligned. (2609 bp)
		Unaligned bases: 2609  total: 2603274

CONTIG: ctg7180000038355 (2042bp)
		This contig is unaligned. (2042 bp)
		Unaligned bases: 2042  total: 2605316

CONTIG: ctg7180000038354 (2983bp)
		This contig is unaligned. (2983 bp)
		Unaligned bases: 2983  total: 2608299

CONTIG: ctg7180000038454 (1503bp)
		This contig is unaligned. (1503 bp)
		Unaligned bases: 1503  total: 2609802

CONTIG: ctg7180000038455 (4479bp)
		This contig is unaligned. (4479 bp)
		Unaligned bases: 4479  total: 2614281

CONTIG: ctg7180000038456 (4127bp)
		This contig is unaligned. (4127 bp)
		Unaligned bases: 4127  total: 2618408

CONTIG: ctg7180000038457 (2330bp)
		This contig is unaligned. (2330 bp)
		Unaligned bases: 2330  total: 2620738

CONTIG: ctg7180000038450 (1340bp)
		This contig is unaligned. (1340 bp)
		Unaligned bases: 1340  total: 2622078

CONTIG: ctg7180000038451 (4726bp)
		This contig is unaligned. (4726 bp)
		Unaligned bases: 4726  total: 2626804

CONTIG: ctg7180000038452 (1828bp)
		This contig is unaligned. (1828 bp)
		Unaligned bases: 1828  total: 2628632

CONTIG: ctg7180000038453 (5602bp)
		This contig is unaligned. (5602 bp)
		Unaligned bases: 5602  total: 2634234

CONTIG: ctg7180000038595 (2189bp)
		This contig is unaligned. (2189 bp)
		Unaligned bases: 2189  total: 2636423

CONTIG: ctg7180000038594 (9524bp)
		This contig is unaligned. (9524 bp)
		Unaligned bases: 9524  total: 2645947

CONTIG: ctg7180000038597 (4239bp)
		This contig is unaligned. (4239 bp)
		Unaligned bases: 4239  total: 2650186

CONTIG: ctg7180000038596 (37500bp)
		This contig is unaligned. (37500 bp)
		Unaligned bases: 37500  total: 2687686

CONTIG: ctg7180000038458 (2748bp)
		This contig is unaligned. (2748 bp)
		Unaligned bases: 2748  total: 2690434

CONTIG: ctg7180000038590 (2049bp)
		This contig is unaligned. (2049 bp)
		Unaligned bases: 2049  total: 2692483

CONTIG: ctg7180000038593 (1477bp)
		This contig is unaligned. (1477 bp)
		Unaligned bases: 1477  total: 2693960

CONTIG: ctg7180000038592 (1719bp)
		This contig is unaligned. (1719 bp)
		Unaligned bases: 1719  total: 2695679

CONTIG: ctg7180000038573 (6517bp)
		This contig is unaligned. (6517 bp)
		Unaligned bases: 6517  total: 2702196

CONTIG: ctg7180000038572 (3257bp)
		This contig is unaligned. (3257 bp)
		Unaligned bases: 3257  total: 2705453

CONTIG: ctg7180000038571 (4853bp)
		This contig is unaligned. (4853 bp)
		Unaligned bases: 4853  total: 2710306

CONTIG: ctg7180000038570 (6724bp)
		This contig is unaligned. (6724 bp)
		Unaligned bases: 6724  total: 2717030

CONTIG: ctg7180000038577 (1717bp)
		This contig is unaligned. (1717 bp)
		Unaligned bases: 1717  total: 2718747

CONTIG: ctg7180000038576 (7757bp)
		This contig is unaligned. (7757 bp)
		Unaligned bases: 7757  total: 2726504

CONTIG: ctg7180000038575 (8084bp)
		This contig is unaligned. (8084 bp)
		Unaligned bases: 8084  total: 2734588

CONTIG: ctg7180000038574 (9209bp)
		This contig is unaligned. (9209 bp)
		Unaligned bases: 9209  total: 2743797

CONTIG: ctg7180000038674 (12546bp)
		This contig is unaligned. (12546 bp)
		Unaligned bases: 12546  total: 2756343

CONTIG: ctg7180000038675 (6568bp)
		This contig is unaligned. (6568 bp)
		Unaligned bases: 6568  total: 2762911

CONTIG: ctg7180000038579 (1927bp)
		This contig is unaligned. (1927 bp)
		Unaligned bases: 1927  total: 2764838

CONTIG: ctg7180000038578 (3087bp)
		This contig is unaligned. (3087 bp)
		Unaligned bases: 3087  total: 2767925

CONTIG: ctg7180000038670 (3349bp)
		This contig is unaligned. (3349 bp)
		Unaligned bases: 3349  total: 2771274

CONTIG: ctg7180000038671 (12041bp)
		This contig is unaligned. (12041 bp)
		Unaligned bases: 12041  total: 2783315

CONTIG: ctg7180000038672 (10222bp)
		This contig is unaligned. (10222 bp)
		Unaligned bases: 10222  total: 2793537

CONTIG: ctg7180000038673 (22965bp)
		This contig is unaligned. (22965 bp)
		Unaligned bases: 22965  total: 2816502

CONTIG: ctg7180000038681 (2283bp)
		This contig is unaligned. (2283 bp)
		Unaligned bases: 2283  total: 2818785

CONTIG: ctg7180000038680 (6432bp)
		This contig is unaligned. (6432 bp)
		Unaligned bases: 6432  total: 2825217

CONTIG: ctg7180000038683 (5310bp)
		This contig is unaligned. (5310 bp)
		Unaligned bases: 5310  total: 2830527

CONTIG: ctg7180000038682 (13190bp)
		This contig is unaligned. (13190 bp)
		Unaligned bases: 13190  total: 2843717

CONTIG: ctg7180000038685 (1284bp)
		This contig is unaligned. (1284 bp)
		Unaligned bases: 1284  total: 2845001

CONTIG: ctg7180000038684 (11678bp)
		This contig is unaligned. (11678 bp)
		Unaligned bases: 11678  total: 2856679

CONTIG: ctg7180000038687 (5231bp)
		This contig is unaligned. (5231 bp)
		Unaligned bases: 5231  total: 2861910

CONTIG: ctg7180000038686 (9652bp)
		This contig is unaligned. (9652 bp)
		Unaligned bases: 9652  total: 2871562

CONTIG: ctg7180000038689 (1641bp)
		This contig is unaligned. (1641 bp)
		Unaligned bases: 1641  total: 2873203

CONTIG: ctg7180000038688 (16300bp)
		This contig is unaligned. (16300 bp)
		Unaligned bases: 16300  total: 2889503

CONTIG: ctg7180000038700 (1636bp)
		This contig is unaligned. (1636 bp)
		Unaligned bases: 1636  total: 2891139

CONTIG: ctg7180000038701 (1763bp)
		This contig is unaligned. (1763 bp)
		Unaligned bases: 1763  total: 2892902

CONTIG: ctg7180000038702 (3156bp)
		This contig is unaligned. (3156 bp)
		Unaligned bases: 3156  total: 2896058

CONTIG: ctg7180000038703 (3413bp)
		This contig is unaligned. (3413 bp)
		Unaligned bases: 3413  total: 2899471

CONTIG: ctg7180000038704 (1807bp)
		This contig is unaligned. (1807 bp)
		Unaligned bases: 1807  total: 2901278

CONTIG: ctg7180000038705 (14690bp)
		This contig is unaligned. (14690 bp)
		Unaligned bases: 14690  total: 2915968

CONTIG: ctg7180000038706 (13138bp)
		This contig is unaligned. (13138 bp)
		Unaligned bases: 13138  total: 2929106

CONTIG: ctg7180000038707 (4554bp)
		This contig is unaligned. (4554 bp)
		Unaligned bases: 4554  total: 2933660

CONTIG: ctg7180000038708 (9996bp)
		This contig is unaligned. (9996 bp)
		Unaligned bases: 9996  total: 2943656

CONTIG: ctg7180000038709 (21935bp)
		This contig is unaligned. (21935 bp)
		Unaligned bases: 21935  total: 2965591

CONTIG: ctg7180000038775 (10515bp)
		This contig is unaligned. (10515 bp)
		Unaligned bases: 10515  total: 2976106

CONTIG: ctg7180000038774 (12051bp)
		This contig is unaligned. (12051 bp)
		Unaligned bases: 12051  total: 2988157

CONTIG: ctg7180000038777 (18979bp)
		This contig is unaligned. (18979 bp)
		Unaligned bases: 18979  total: 3007136

CONTIG: ctg7180000038776 (16920bp)
		This contig is unaligned. (16920 bp)
		Unaligned bases: 16920  total: 3024056

CONTIG: ctg7180000038771 (9626bp)
		This contig is unaligned. (9626 bp)
		Unaligned bases: 9626  total: 3033682

CONTIG: ctg7180000038770 (19691bp)
		This contig is unaligned. (19691 bp)
		Unaligned bases: 19691  total: 3053373

CONTIG: ctg7180000038773 (3673bp)
		This contig is unaligned. (3673 bp)
		Unaligned bases: 3673  total: 3057046

CONTIG: ctg7180000038772 (10333bp)
		This contig is unaligned. (10333 bp)
		Unaligned bases: 10333  total: 3067379

CONTIG: ctg7180000038779 (7234bp)
		This contig is unaligned. (7234 bp)
		Unaligned bases: 7234  total: 3074613

CONTIG: ctg7180000038778 (8127bp)
		This contig is unaligned. (8127 bp)
		Unaligned bases: 8127  total: 3082740

CONTIG: ctg7180000038746 (7845bp)
		This contig is unaligned. (7845 bp)
		Unaligned bases: 7845  total: 3090585

CONTIG: ctg7180000038588 (1269bp)
		This contig is unaligned. (1269 bp)
		Unaligned bases: 1269  total: 3091854

CONTIG: ctg7180000038589 (7720bp)
		This contig is unaligned. (7720 bp)
		Unaligned bases: 7720  total: 3099574

CONTIG: ctg7180000038582 (13323bp)
		This contig is unaligned. (13323 bp)
		Unaligned bases: 13323  total: 3112897

CONTIG: ctg7180000038583 (14498bp)
		This contig is unaligned. (14498 bp)
		Unaligned bases: 14498  total: 3127395

CONTIG: ctg7180000038739 (1923bp)
		This contig is unaligned. (1923 bp)
		Unaligned bases: 1923  total: 3129318

CONTIG: ctg7180000038738 (4170bp)
		This contig is unaligned. (4170 bp)
		Unaligned bases: 4170  total: 3133488

CONTIG: ctg7180000038317 (4335bp)
		This contig is unaligned. (4335 bp)
		Unaligned bases: 4335  total: 3137823

CONTIG: ctg7180000038316 (2986bp)
		This contig is unaligned. (2986 bp)
		Unaligned bases: 2986  total: 3140809

CONTIG: ctg7180000038315 (3915bp)
		This contig is unaligned. (3915 bp)
		Unaligned bases: 3915  total: 3144724

CONTIG: ctg7180000038314 (3192bp)
		This contig is unaligned. (3192 bp)
		Unaligned bases: 3192  total: 3147916

CONTIG: ctg7180000038313 (1494bp)
		This contig is unaligned. (1494 bp)
		Unaligned bases: 1494  total: 3149410

CONTIG: ctg7180000038312 (12211bp)
		This contig is unaligned. (12211 bp)
		Unaligned bases: 12211  total: 3161621

CONTIG: ctg7180000038311 (2873bp)
		This contig is unaligned. (2873 bp)
		Unaligned bases: 2873  total: 3164494

CONTIG: ctg7180000038310 (3765bp)
		This contig is unaligned. (3765 bp)
		Unaligned bases: 3765  total: 3168259

CONTIG: ctg7180000038319 (4022bp)
		This contig is unaligned. (4022 bp)
		Unaligned bases: 4022  total: 3172281

CONTIG: ctg7180000038318 (3299bp)
		This contig is unaligned. (3299 bp)
		Unaligned bases: 3299  total: 3175580

CONTIG: ctg7180000038731 (2601bp)
		This contig is unaligned. (2601 bp)
		Unaligned bases: 2601  total: 3178181

CONTIG: ctg7180000038539 (2981bp)
		This contig is unaligned. (2981 bp)
		Unaligned bases: 2981  total: 3181162

CONTIG: ctg7180000038538 (7266bp)
		This contig is unaligned. (7266 bp)
		Unaligned bases: 7266  total: 3188428

CONTIG: ctg7180000038537 (2617bp)
		This contig is unaligned. (2617 bp)
		Unaligned bases: 2617  total: 3191045

CONTIG: ctg7180000038536 (12421bp)
		This contig is unaligned. (12421 bp)
		Unaligned bases: 12421  total: 3203466

CONTIG: ctg7180000038535 (9978bp)
		This contig is unaligned. (9978 bp)
		Unaligned bases: 9978  total: 3213444

CONTIG: ctg7180000038534 (7753bp)
		This contig is unaligned. (7753 bp)
		Unaligned bases: 7753  total: 3221197

CONTIG: ctg7180000038533 (9346bp)
		This contig is unaligned. (9346 bp)
		Unaligned bases: 9346  total: 3230543

CONTIG: ctg7180000038532 (9132bp)
		This contig is unaligned. (9132 bp)
		Unaligned bases: 9132  total: 3239675

CONTIG: ctg7180000038531 (11708bp)
		This contig is unaligned. (11708 bp)
		Unaligned bases: 11708  total: 3251383

CONTIG: ctg7180000038530 (6013bp)
		This contig is unaligned. (6013 bp)
		Unaligned bases: 6013  total: 3257396

CONTIG: ctg7180000038409 (1361bp)
		This contig is unaligned. (1361 bp)
		Unaligned bases: 1361  total: 3258757

CONTIG: ctg7180000038408 (6640bp)
		This contig is unaligned. (6640 bp)
		Unaligned bases: 6640  total: 3265397

CONTIG: ctg7180000038403 (9082bp)
		This contig is unaligned. (9082 bp)
		Unaligned bases: 9082  total: 3274479

CONTIG: ctg7180000038402 (10598bp)
		This contig is unaligned. (10598 bp)
		Unaligned bases: 10598  total: 3285077

CONTIG: ctg7180000038401 (4389bp)
		This contig is unaligned. (4389 bp)
		Unaligned bases: 4389  total: 3289466

CONTIG: ctg7180000038400 (12634bp)
		This contig is unaligned. (12634 bp)
		Unaligned bases: 12634  total: 3302100

CONTIG: ctg7180000038407 (10379bp)
		This contig is unaligned. (10379 bp)
		Unaligned bases: 10379  total: 3312479

CONTIG: ctg7180000038373 (13433bp)
		This contig is unaligned. (13433 bp)
		Unaligned bases: 13433  total: 3325912

CONTIG: ctg7180000038405 (1017bp)
		This contig is unaligned. (1017 bp)
		Unaligned bases: 1017  total: 3326929

CONTIG: ctg7180000038404 (1277bp)
		This contig is unaligned. (1277 bp)
		Unaligned bases: 1277  total: 3328206

CONTIG: ctg7180000038372 (15624bp)
		This contig is unaligned. (15624 bp)
		Unaligned bases: 15624  total: 3343830

CONTIG: ctg7180000038623 (4312bp)
		This contig is unaligned. (4312 bp)
		Unaligned bases: 4312  total: 3348142

CONTIG: ctg7180000038472 (8280bp)
		This contig is unaligned. (8280 bp)
		Unaligned bases: 8280  total: 3356422

CONTIG: ctg7180000038621 (5947bp)
Top Length: 265  Top ID: 97.37
		This contig is partially unaligned. (265 out of 5947)
		Alignment: 35502 35766 | 5683 5947 | 265 265 | 97.37 | gi|125654693|ref|NC_009008.1|_Rhodobacter_sphaeroides_2.4.1_plasmid_E__partial_sequence ctg7180000038621
		Unaligned bases: 1 to 5682 (5682)

CONTIG: ctg7180000038620 (7641bp)
		This contig is unaligned. (7641 bp)
		Unaligned bases: 7641  total: 3364063

CONTIG: ctg7180000038627 (3082bp)
		This contig is unaligned. (3082 bp)
		Unaligned bases: 3082  total: 3367145

CONTIG: ctg7180000038626 (1188bp)
Top Length: 1188  Top ID: 100.0
		One align captures most of this contig: 3265 4452 | 1 1188 | 1188 1188 | 100.0 | gi|125654693|ref|NC_009008.1|_Rhodobacter_sphaeroides_2.4.1_plasmid_E__partial_sequence ctg7180000038626

CONTIG: ctg7180000038625 (3046bp)
		This contig is unaligned. (3046 bp)
		Unaligned bases: 3046  total: 3370191

CONTIG: ctg7180000038473 (6084bp)
		This contig is unaligned. (6084 bp)
		Unaligned bases: 6084  total: 3376275

CONTIG: ctg7180000038744 (1884bp)
		This contig is unaligned. (1884 bp)
		Unaligned bases: 1884  total: 3378159

CONTIG: ctg7180000038745 (2235bp)
		This contig is unaligned. (2235 bp)
		Unaligned bases: 2235  total: 3380394

CONTIG: ctg7180000038629 (9685bp)
		This contig is unaligned. (9685 bp)
		Unaligned bases: 9685  total: 3390079

CONTIG: ctg7180000038628 (2464bp)
		This contig is unaligned. (2464 bp)
		Unaligned bases: 2464  total: 3392543

CONTIG: ctg7180000038740 (5204bp)
		This contig is unaligned. (5204 bp)
		Unaligned bases: 5204  total: 3397747

CONTIG: ctg7180000038741 (23170bp)
		This contig is unaligned. (23170 bp)
		Unaligned bases: 23170  total: 3420917

CONTIG: ctg7180000038742 (2482bp)
		This contig is unaligned. (2482 bp)
		Unaligned bases: 2482  total: 3423399

CONTIG: ctg7180000038743 (1282bp)
		This contig is unaligned. (1282 bp)
		Unaligned bases: 1282  total: 3424681

CONTIG: ctg7180000038609 (3124bp)
		This contig is unaligned. (3124 bp)
		Unaligned bases: 3124  total: 3427805

CONTIG: ctg7180000038561 (4103bp)
		This contig is unaligned. (4103 bp)
		Unaligned bases: 4103  total: 3431908

CONTIG: ctg7180000038563 (12502bp)
		This contig is unaligned. (12502 bp)
		Unaligned bases: 12502  total: 3444410

CONTIG: ctg7180000038810 (25078bp)
		This contig is unaligned. (25078 bp)
		Unaligned bases: 25078  total: 3469488

CONTIG: ctg7180000038568 (6596bp)
		This contig is unaligned. (6596 bp)
		Unaligned bases: 6596  total: 3476084

CONTIG: ctg7180000038600 (17223bp)
		This contig is unaligned. (17223 bp)
		Unaligned bases: 17223  total: 3493307

CONTIG: ctg7180000038677 (6622bp)
		This contig is unaligned. (6622 bp)
		Unaligned bases: 6622  total: 3499929

CONTIG: ctg7180000038811 (26941bp)
		This contig is unaligned. (26941 bp)
		Unaligned bases: 26941  total: 3526870

CONTIG: ctg7180000038490 (2774bp)
		This contig is unaligned. (2774 bp)
		Unaligned bases: 2774  total: 3529644

CONTIG: ctg7180000038698 (2345bp)
		This contig is unaligned. (2345 bp)
		Unaligned bases: 2345  total: 3531989

CONTIG: ctg7180000038491 (5926bp)
		This contig is unaligned. (5926 bp)
		Unaligned bases: 5926  total: 3537915

CONTIG: ctg7180000038699 (6022bp)
		This contig is unaligned. (6022 bp)
		Unaligned bases: 6022  total: 3543937

CONTIG: ctg7180000038692 (4281bp)
		This contig is unaligned. (4281 bp)
		Unaligned bases: 4281  total: 3548218

CONTIG: ctg7180000038693 (2599bp)
		This contig is unaligned. (2599 bp)
		Unaligned bases: 2599  total: 3550817

CONTIG: ctg7180000038551 (8574bp)
Top Length: 146  Top ID: 99.32
		This contig is partially unaligned. (146 out of 8574)
		Alignment: 6019 6164 | 1380 1525 | 146 146 | 99.32 | gi|125654693|ref|NC_009008.1|_Rhodobacter_sphaeroides_2.4.1_plasmid_E__partial_sequence ctg7180000038551
		Unaligned bases: 1 to 1379 (1379)
		Unaligned bases: 1526 to 8574 (7049)

CONTIG: ctg7180000038550 (4604bp)
		This contig is unaligned. (4604 bp)
		Unaligned bases: 4604  total: 3555421

CONTIG: ctg7180000038285 (2586bp)
		This contig is unaligned. (2586 bp)
		Unaligned bases: 2586  total: 3558007

CONTIG: ctg7180000038284 (1873bp)
		This contig is unaligned. (1873 bp)
		Unaligned bases: 1873  total: 3559880

CONTIG: ctg7180000038287 (1568bp)
		This contig is unaligned. (1568 bp)
		Unaligned bases: 1568  total: 3561448

CONTIG: ctg7180000038286 (14415bp)
		This contig is unaligned. (14415 bp)
		Unaligned bases: 14415  total: 3575863

CONTIG: ctg7180000038281 (3103bp)
		This contig is unaligned. (3103 bp)
		Unaligned bases: 3103  total: 3578966

CONTIG: ctg7180000038280 (4759bp)
		This contig is unaligned. (4759 bp)
		Unaligned bases: 4759  total: 3583725

CONTIG: ctg7180000038283 (6596bp)
		This contig is unaligned. (6596 bp)
		Unaligned bases: 6596  total: 3590321

CONTIG: ctg7180000038282 (2676bp)
		This contig is unaligned. (2676 bp)
		Unaligned bases: 2676  total: 3592997

CONTIG: ctg7180000038366 (1789bp)
		This contig is unaligned. (1789 bp)
		Unaligned bases: 1789  total: 3594786

CONTIG: ctg7180000038367 (1878bp)
		This contig is unaligned. (1878 bp)
		Unaligned bases: 1878  total: 3596664

CONTIG: ctg7180000038364 (2269bp)
		This contig is unaligned. (2269 bp)
		Unaligned bases: 2269  total: 3598933

CONTIG: ctg7180000038365 (1832bp)
		This contig is unaligned. (1832 bp)
		Unaligned bases: 1832  total: 3600765

CONTIG: ctg7180000038362 (2254bp)
		This contig is unaligned. (2254 bp)
		Unaligned bases: 2254  total: 3603019

CONTIG: ctg7180000038363 (4052bp)
		This contig is unaligned. (4052 bp)
		Unaligned bases: 4052  total: 3607071

CONTIG: ctg7180000038360 (3936bp)
		This contig is unaligned. (3936 bp)
		Unaligned bases: 3936  total: 3611007

CONTIG: ctg7180000038361 (2256bp)
		This contig is unaligned. (2256 bp)
		Unaligned bases: 2256  total: 3613263

CONTIG: ctg7180000038447 (1724bp)
		This contig is unaligned. (1724 bp)
		Unaligned bases: 1724  total: 3614987

CONTIG: ctg7180000038446 (7423bp)
		This contig is unaligned. (7423 bp)
		Unaligned bases: 7423  total: 3622410

CONTIG: ctg7180000038445 (1323bp)
		This contig is unaligned. (1323 bp)
		Unaligned bases: 1323  total: 3623733

CONTIG: ctg7180000038444 (1192bp)
		This contig is unaligned. (1192 bp)
		Unaligned bases: 1192  total: 3624925

CONTIG: ctg7180000038443 (1750bp)
		This contig is unaligned. (1750 bp)
		Unaligned bases: 1750  total: 3626675

CONTIG: ctg7180000038442 (3578bp)
		This contig is unaligned. (3578 bp)
		Unaligned bases: 3578  total: 3630253

CONTIG: ctg7180000038441 (3092bp)
		This contig is unaligned. (3092 bp)
		Unaligned bases: 3092  total: 3633345

CONTIG: ctg7180000038440 (2336bp)
		This contig is unaligned. (2336 bp)
		Unaligned bases: 2336  total: 3635681

CONTIG: ctg7180000038449 (4374bp)
		This contig is unaligned. (4374 bp)
		Unaligned bases: 4374  total: 3640055

CONTIG: ctg7180000038448 (1218bp)
		This contig is unaligned. (1218 bp)
		Unaligned bases: 1218  total: 3641273

CONTIG: ctg7180000038546 (2386bp)
		This contig is unaligned. (2386 bp)
		Unaligned bases: 2386  total: 3643659

CONTIG: ctg7180000038547 (16440bp)
		This contig is unaligned. (16440 bp)
		Unaligned bases: 16440  total: 3660099

CONTIG: ctg7180000038544 (9275bp)
		This contig is unaligned. (9275 bp)
		Unaligned bases: 9275  total: 3669374

CONTIG: ctg7180000038545 (5429bp)
		This contig is unaligned. (5429 bp)
		Unaligned bases: 5429  total: 3674803

CONTIG: ctg7180000038542 (8100bp)
		This contig is unaligned. (8100 bp)
		Unaligned bases: 8100  total: 3682903

CONTIG: ctg7180000038543 (5302bp)
		This contig is unaligned. (5302 bp)
		Unaligned bases: 5302  total: 3688205

CONTIG: ctg7180000038540 (4817bp)
		This contig is unaligned. (4817 bp)
		Unaligned bases: 4817  total: 3693022

CONTIG: ctg7180000038541 (3583bp)
		This contig is unaligned. (3583 bp)
		Unaligned bases: 3583  total: 3696605

CONTIG: ctg7180000038667 (10879bp)
		This contig is unaligned. (10879 bp)
		Unaligned bases: 10879  total: 3707484

CONTIG: ctg7180000038666 (14285bp)
		This contig is unaligned. (14285 bp)
		Unaligned bases: 14285  total: 3721769

CONTIG: ctg7180000038665 (15690bp)
		This contig is unaligned. (15690 bp)
		Unaligned bases: 15690  total: 3737459

CONTIG: ctg7180000038664 (35518bp)
		This contig is unaligned. (35518 bp)
		Unaligned bases: 35518  total: 3772977

CONTIG: ctg7180000038663 (15019bp)
		This contig is unaligned. (15019 bp)
		Unaligned bases: 15019  total: 3787996

CONTIG: ctg7180000038662 (19664bp)
		This contig is unaligned. (19664 bp)
		Unaligned bases: 19664  total: 3807660

CONTIG: ctg7180000038548 (17783bp)
		This contig is unaligned. (17783 bp)
		Unaligned bases: 17783  total: 3825443

CONTIG: ctg7180000038549 (5450bp)
		This contig is unaligned. (5450 bp)
		Unaligned bases: 5450  total: 3830893

CONTIG: ctg7180000038713 (16989bp)
		This contig is unaligned. (16989 bp)
		Unaligned bases: 16989  total: 3847882

CONTIG: ctg7180000038712 (4266bp)
		This contig is unaligned. (4266 bp)
		Unaligned bases: 4266  total: 3852148

CONTIG: ctg7180000038711 (3597bp)
		This contig is unaligned. (3597 bp)
		Unaligned bases: 3597  total: 3855745

CONTIG: ctg7180000038710 (8003bp)
		This contig is unaligned. (8003 bp)
		Unaligned bases: 8003  total: 3863748

CONTIG: ctg7180000038717 (11176bp)
		This contig is unaligned. (11176 bp)
		Unaligned bases: 11176  total: 3874924

CONTIG: ctg7180000038716 (18278bp)
		This contig is unaligned. (18278 bp)
		Unaligned bases: 18278  total: 3893202

CONTIG: ctg7180000038715 (6253bp)
		This contig is unaligned. (6253 bp)
		Unaligned bases: 6253  total: 3899455

CONTIG: ctg7180000038714 (3870bp)
		This contig is unaligned. (3870 bp)
		Unaligned bases: 3870  total: 3903325

CONTIG: ctg7180000038719 (2524bp)
Top Length: 178  Top ID: 100.0
		This contig is partially unaligned. (178 out of 2524)
		Alignment: 35530 35707 | 2347 2524 | 178 178 | 100.0 | gi|125654693|ref|NC_009008.1|_Rhodobacter_sphaeroides_2.4.1_plasmid_E__partial_sequence ctg7180000038719
		Unaligned bases: 1 to 2346 (2346)

CONTIG: ctg7180000038718 (11934bp)
		This contig is unaligned. (11934 bp)
		Unaligned bases: 11934  total: 3915259

CONTIG: ctg7180000038788 (11400bp)
		This contig is unaligned. (11400 bp)
		Unaligned bases: 11400  total: 3926659

CONTIG: ctg7180000038789 (27409bp)
		This contig is unaligned. (27409 bp)
		Unaligned bases: 27409  total: 3954068

CONTIG: ctg7180000038780 (4397bp)
		This contig is unaligned. (4397 bp)
		Unaligned bases: 4397  total: 3958465

CONTIG: ctg7180000038781 (21321bp)
		This contig is unaligned. (21321 bp)
		Unaligned bases: 21321  total: 3979786

CONTIG: ctg7180000038782 (5825bp)
		This contig is unaligned. (5825 bp)
		Unaligned bases: 5825  total: 3985611

CONTIG: ctg7180000038783 (4857bp)
		This contig is unaligned. (4857 bp)
		Unaligned bases: 4857  total: 3990468

CONTIG: ctg7180000038784 (10326bp)
		This contig is unaligned. (10326 bp)
		Unaligned bases: 10326  total: 4000794

CONTIG: ctg7180000038785 (7235bp)
		This contig is unaligned. (7235 bp)
		Unaligned bases: 7235  total: 4008029

CONTIG: ctg7180000038786 (8273bp)
		This contig is unaligned. (8273 bp)
		Unaligned bases: 8273  total: 4016302

CONTIG: ctg7180000038787 (26694bp)
		This contig is unaligned. (26694 bp)
		Unaligned bases: 26694  total: 4042996

CONTIG: ctg7180000038730 (6116bp)
		This contig is unaligned. (6116 bp)
		Unaligned bases: 6116  total: 4049112

CONTIG: ctg7180000038328 (2862bp)
		This contig is unaligned. (2862 bp)
		Unaligned bases: 2862  total: 4051974

CONTIG: ctg7180000038329 (3206bp)
		This contig is unaligned. (3206 bp)
		Unaligned bases: 3206  total: 4055180

CONTIG: ctg7180000038322 (2641bp)
		This contig is unaligned. (2641 bp)
		Unaligned bases: 2641  total: 4057821

CONTIG: ctg7180000038323 (3519bp)
		This contig is unaligned. (3519 bp)
		Unaligned bases: 3519  total: 4061340

CONTIG: ctg7180000038320 (4107bp)
		This contig is unaligned. (4107 bp)
		Unaligned bases: 4107  total: 4065447

CONTIG: ctg7180000038321 (3116bp)
		This contig is unaligned. (3116 bp)
		Unaligned bases: 3116  total: 4068563

CONTIG: ctg7180000038326 (3345bp)
		This contig is unaligned. (3345 bp)
		Unaligned bases: 3345  total: 4071908

CONTIG: ctg7180000038327 (30973bp)
		This contig is unaligned. (30973 bp)
		Unaligned bases: 30973  total: 4102881

CONTIG: ctg7180000038324 (1708bp)
		This contig is unaligned. (1708 bp)
		Unaligned bases: 1708  total: 4104589

CONTIG: ctg7180000038325 (3620bp)
		This contig is unaligned. (3620 bp)
		Unaligned bases: 3620  total: 4108209

CONTIG: ctg7180000038734 (10184bp)
		This contig is unaligned. (10184 bp)
		Unaligned bases: 10184  total: 4118393

CONTIG: ctg7180000038368 (7491bp)
		This contig is unaligned. (7491 bp)
		Unaligned bases: 7491  total: 4125884

CONTIG: ctg7180000038438 (1612bp)
		This contig is unaligned. (1612 bp)
		Unaligned bases: 1612  total: 4127496

CONTIG: ctg7180000038439 (17527bp)
		This contig is unaligned. (17527 bp)
		Unaligned bases: 17527  total: 4145023

CONTIG: ctg7180000038436 (2475bp)
		This contig is unaligned. (2475 bp)
		Unaligned bases: 2475  total: 4147498

CONTIG: ctg7180000038437 (2365bp)
		This contig is unaligned. (2365 bp)
		Unaligned bases: 2365  total: 4149863

CONTIG: ctg7180000038434 (2819bp)
		This contig is unaligned. (2819 bp)
		Unaligned bases: 2819  total: 4152682

CONTIG: ctg7180000038435 (2616bp)
		This contig is unaligned. (2616 bp)
		Unaligned bases: 2616  total: 4155298

CONTIG: ctg7180000038432 (5142bp)
		This contig is unaligned. (5142 bp)
		Unaligned bases: 5142  total: 4160440

CONTIG: ctg7180000038433 (2810bp)
		This contig is unaligned. (2810 bp)
		Unaligned bases: 2810  total: 4163250

CONTIG: ctg7180000038430 (15263bp)
		This contig is unaligned. (15263 bp)
		Unaligned bases: 15263  total: 4178513

CONTIG: ctg7180000038431 (4344bp)
		This contig is unaligned. (4344 bp)
		Unaligned bases: 4344  total: 4182857

Analyzing coverage...
Writing SNPs into /usit/invitro/data/galaxy/master/sabbai/galaxy-dist/database/job_working_directory/000/733/dataset_770_files/contigs_reports/nucmer_output/RS-H-Cabog.used_snps
	Reference gi|125654693|ref|NC_009008.1|_Rhodobacter_sphaeroides_2.4.1_plasmid_E__partial_sequence: 5 total alignments. 1 total regions.
		Region: 1 to 37100 (37100 bp)
			START in gap: 1 to 3265 (3264 bp)
			Align 1: 3265 4452 ctg7180000038626 1 1188
				Gap between this and next alignment: 4452 to 6019 (1566 bp)
				Next Alignment: 6019 6164 ctg7180000038551 1380 1525

			Align 2: 6019 6164 ctg7180000038551 1380 1525
				Gap between this and next alignment: 6164 to 35502 (29337 bp)
				Next Alignment: 35502 35766 ctg7180000038621 5683 5947

			Align 3: 35502 35766 ctg7180000038621 5683 5947
				The next alignment (35530 35766 ctg7180000038691 13419 13655) is redundant. Skipping.
				The next alignment (35530 35707 ctg7180000038719 2347 2524) is redundant. Skipping.

Analysis is finished!
Founded SNPs were written into /usit/invitro/data/galaxy/master/sabbai/galaxy-dist/database/job_working_directory/000/733/dataset_770_files/contigs_reports/nucmer_output/RS-H-Cabog.used_snps

Results:
	Local Misassemblies: 0
	Misassemblies: 0
		Relocations: 0
		Translocations: 0
		Inversions: 0
	Misassembled Contigs: 0
	Misassembled Contig Bases: 0
	Misassmblies Inter-Contig Overlap: 0
Uncovered Regions: 0 (0)
Unaligned Contigs: 529 + 4 part
Partially Unaligned Contigs with Misassemblies: 0
Unaligned Contig Bases: 4212731

Ambiguously Mapped Contigs: 0
Total Bases in Ambiguously Mapped Contigs: 0
Note that --allow-ambiguity option was set to "one" and only first alignment per each contig was used.

	Covered Bases: 1599

	SNPs: 6
	Insertions: 1
	Deletions: 1

	Positive Gaps: 3
		Internal Gaps:  0
		External Gaps:  3
		External Gap Total:  34167
		External Gap Average: 11389
	Negative Gaps: 0
		Internal Overlaps:  0
		External Overlaps:  0
		External Overlaps Total:  0
		External Overlaps Average: 0
	Contigs with Redundant Alignments: 1 (415)
