/software/galaxy/master/sabbai/galaxy-dist/tools/comparative_assembly_statistics/quast-2.2/quast.py -o /software/galaxy/master/sabbai/galaxy-dist/database/job_working_directory/002/2322/dataset_2404_files/Combined_dataset -l CABOG_miseq_ctg, CABOG_hiseq_ctg, MIRA_miseq_ctg, MIRA_hiseq_ctg, MaSuRCA_miseq_ctg, MaSuRCA_hiseq_ctg, SOAPdenovo_miseq_ctg, SOAPdenovo_hiseq_ctg, SPAdes_miseq_ctg, SPAdes_hiseq_ctg, Velvet_miseq_ctg, Velvet_hiseq_ctg, CABOG_miseq_scf, CABOG_hiseq_scf, MaSuRCA_miseq_scf, MaSuRCA_hiseq_scf, SOAPdenovo_miseq_scf, SOAPdenovo_hiseq_scf, SPAdes_miseq_scf, SPAdes_hiseq_scf, Velvet_miseq_scf, Velvet_hiseq_scf --contig-thresholds 200,1000 /software/galaxy/master/sabbai/galaxy-dist/database/files/002/dataset_2323.dat /software/galaxy/master/sabbai/galaxy-dist/database/files/002/dataset_2224.dat /software/galaxy/master/sabbai/galaxy-dist/database/files/002/dataset_2340.dat /software/galaxy/master/sabbai/galaxy-dist/database/files/002/dataset_2343.dat /software/galaxy/master/sabbai/galaxy-dist/database/files/002/dataset_2254.dat /software/galaxy/master/sabbai/galaxy-dist/database/files/002/dataset_2248.dat /software/galaxy/master/sabbai/galaxy-dist/database/files/002/dataset_2278.dat /software/galaxy/master/sabbai/galaxy-dist/database/files/002/dataset_2275.dat /software/galaxy/master/sabbai/galaxy-dist/database/files/002/dataset_2190.dat /software/galaxy/master/sabbai/galaxy-dist/database/files/002/dataset_2188.dat /software/galaxy/master/sabbai/galaxy-dist/database/files/002/dataset_2203.dat /software/galaxy/master/sabbai/galaxy-dist/database/files/002/dataset_2201.dat /software/galaxy/master/sabbai/galaxy-dist/database/files/002/dataset_2324.dat /software/galaxy/master/sabbai/galaxy-dist/database/files/002/dataset_2225.dat /software/galaxy/master/sabbai/galaxy-dist/database/files/002/dataset_2255.dat /software/galaxy/master/sabbai/galaxy-dist/database/files/002/dataset_2249.dat /software/galaxy/master/sabbai/galaxy-dist/database/files/002/dataset_2279.dat /software/galaxy/master/sabbai/galaxy-dist/database/files/002/dataset_2276.dat /software/galaxy/master/sabbai/galaxy-dist/database/files/002/dataset_2191.dat /software/galaxy/master/sabbai/galaxy-dist/database/files/002/dataset_2189.dat /software/galaxy/master/sabbai/galaxy-dist/database/files/002/dataset_2204.dat /software/galaxy/master/sabbai/galaxy-dist/database/files/002/dataset_2202.dat

Version 2.2, build 19.07.2013 21:21


System information:
  OS: Linux-2.6.32-431.11.2.el6.x86_64-x86_64-with-redhat-6.5-Santiago
  Python version: 2.7.6
  CPUs number: 64

Started: 2014-07-08 05:44:06

Logging to /software/galaxy/master/sabbai/galaxy-dist/database/job_working_directory/002/2322/dataset_2404_files/Combined_dataset/quast.log

NOTICE: Output directory already exists. Existing Nucmer alignments can be used.

NOTICE: Maximum number of threads is set to 64 (use --threads option to set it manually)

Contigs:
  /software/galaxy/master/sabbai/galaxy-dist/database/files/002/dataset_2323.dat ==> CABOG_miseq_ctg
  /software/galaxy/master/sabbai/galaxy-dist/database/files/002/dataset_2224.dat ==> CABOG_hiseq_ctg
  /software/galaxy/master/sabbai/galaxy-dist/database/files/002/dataset_2340.dat ==> MIRA_miseq_ctg
  /software/galaxy/master/sabbai/galaxy-dist/database/files/002/dataset_2343.dat ==> MIRA_hiseq_ctg
  /software/galaxy/master/sabbai/galaxy-dist/database/files/002/dataset_2254.dat ==> MaSuRCA_miseq_ctg
  /software/galaxy/master/sabbai/galaxy-dist/database/files/002/dataset_2248.dat ==> MaSuRCA_hiseq_ctg
  /software/galaxy/master/sabbai/galaxy-dist/database/files/002/dataset_2278.dat ==> SOAPdenovo_miseq_ctg
  /software/galaxy/master/sabbai/galaxy-dist/database/files/002/dataset_2275.dat ==> SOAPdenovo_hiseq_ctg
  /software/galaxy/master/sabbai/galaxy-dist/database/files/002/dataset_2190.dat ==> SPAdes_miseq_ctg
  /software/galaxy/master/sabbai/galaxy-dist/database/files/002/dataset_2188.dat ==> SPAdes_hiseq_ctg
  /software/galaxy/master/sabbai/galaxy-dist/database/files/002/dataset_2203.dat ==> Velvet_miseq_ctg
  /software/galaxy/master/sabbai/galaxy-dist/database/files/002/dataset_2201.dat ==> Velvet_hiseq_ctg
  /software/galaxy/master/sabbai/galaxy-dist/database/files/002/dataset_2324.dat ==> CABOG_miseq_scf
  /software/galaxy/master/sabbai/galaxy-dist/database/files/002/dataset_2225.dat ==> CABOG_hiseq_scf
  /software/galaxy/master/sabbai/galaxy-dist/database/files/002/dataset_2255.dat ==> MaSuRCA_miseq_scf
  /software/galaxy/master/sabbai/galaxy-dist/database/files/002/dataset_2249.dat ==> MaSuRCA_hiseq_scf
  /software/galaxy/master/sabbai/galaxy-dist/database/files/002/dataset_2279.dat ==> SOAPdenovo_miseq_scf
  /software/galaxy/master/sabbai/galaxy-dist/database/files/002/dataset_2276.dat ==> SOAPdenovo_hiseq_scf
  /software/galaxy/master/sabbai/galaxy-dist/database/files/002/dataset_2191.dat ==> SPAdes_miseq_scf
  /software/galaxy/master/sabbai/galaxy-dist/database/files/002/dataset_2189.dat ==> SPAdes_hiseq_scf
  /software/galaxy/master/sabbai/galaxy-dist/database/files/002/dataset_2204.dat ==> Velvet_miseq_scf
  /software/galaxy/master/sabbai/galaxy-dist/database/files/002/dataset_2202.dat ==> Velvet_hiseq_scf

2014-07-08 05:44:16
Running Basic statistics processor...
  Contig files: 
    1  CABOG_miseq_ctg
    2  CABOG_hiseq_ctg
    3  MIRA_miseq_ctg
    4  MIRA_hiseq_ctg
    5  MaSuRCA_miseq_ctg
    6  MaSuRCA_hiseq_ctg
    7  SOAPdenovo_miseq_ctg
    8  SOAPdenovo_hiseq_ctg
    9  SPAdes_miseq_ctg
    10  SPAdes_hiseq_ctg
    11 Velvet_miseq_ctg
    12 Velvet_hiseq_ctg
    13 CABOG_miseq_scf
    14 CABOG_hiseq_scf
    15 MaSuRCA_miseq_scf
    16 MaSuRCA_hiseq_scf
    17 SOAPdenovo_miseq_scf
    18 SOAPdenovo_hiseq_scf
    19 SPAdes_miseq_scf
    20 SPAdes_hiseq_scf
    21 Velvet_miseq_scf
    22 Velvet_hiseq_scf
  Calculating N50 and L50...
    1  CABOG_miseq_ctg, N50 = 1707, L50 = 69, Total length = 318746, GC % = 41.54, # N's per 100 kbp =  0.00
    2  CABOG_hiseq_ctg, N50 = 57089, L50 = 20, Total length = 3848582, GC % = 47.54, # N's per 100 kbp =  0.00
    3  MIRA_miseq_ctg, N50 = 108646, L50 = 11, Total length = 3986805, GC % = 47.50, # N's per 100 kbp =  0.70
    4  MIRA_hiseq_ctg, N50 = 4840, L50 = 237, Total length = 3858629, GC % = 47.73, # N's per 100 kbp =  23.12
    5  MaSuRCA_miseq_ctg, N50 = 76131, L50 = 16, Total length = 4030761, GC % = 47.47, # N's per 100 kbp =  0.00
    6  MaSuRCA_hiseq_ctg, N50 = 108823, L50 = 9, Total length = 3988448, GC % = 47.51, # N's per 100 kbp =  0.00
    7  SOAPdenovo_miseq_ctg, N50 = 29551, L50 = 39, Total length = 3892100, GC % = 47.59, # N's per 100 kbp =  0.00
    8  SOAPdenovo_hiseq_ctg, N50 = 21660, L50 = 57, Total length = 3899782, GC % = 47.53, # N's per 100 kbp =  0.00
    9  SPAdes_miseq_ctg, N50 = 262160, L50 = 5, Total length = 4036787, GC % = 47.37, # N's per 100 kbp =  5.85
    10  SPAdes_hiseq_ctg, N50 = 137662, L50 = 9, Total length = 3987612, GC % = 47.51, # N's per 100 kbp =  8.75
    11 Velvet_miseq_ctg, N50 = 105176, L50 = 12, Total length = 3891789, GC % = 47.69, # N's per 100 kbp =  0.00
    12 Velvet_hiseq_ctg, N50 = 46346, L50 = 28, Total length = 3889783, GC % = 47.64, # N's per 100 kbp =  0.00
    13 CABOG_miseq_scf, N50 = 1707, L50 = 69, Total length = 318746, GC % = 41.54, # N's per 100 kbp =  0.00
    14 CABOG_hiseq_scf, N50 = 134075, L50 = 10, Total length = 3850141, GC % = 47.54, # N's per 100 kbp =  25.97
    15 MaSuRCA_miseq_scf, N50 = 76131, L50 = 16, Total length = 4030761, GC % = 47.47, # N's per 100 kbp =  0.00
    16 MaSuRCA_hiseq_scf, N50 = 246836, L50 = 6, Total length = 3990088, GC % = 47.50, # N's per 100 kbp =  17.54
    17 SOAPdenovo_miseq_scf, N50 = 92267, L50 = 14, Total length = 3955352, GC % = 47.55, # N's per 100 kbp =  1026.18
    18 SOAPdenovo_hiseq_scf, N50 = 202254, L50 = 6, Total length = 3967072, GC % = 47.51, # N's per 100 kbp =  1287.95
    19 SPAdes_miseq_scf, N50 = 262160, L50 = 5, Total length = 4042074, GC % = 47.37, # N's per 100 kbp =  5.84
    20 SPAdes_hiseq_scf, N50 = 225904, L50 = 6, Total length = 4211504, GC % = 47.47, # N's per 100 kbp =  9.00
    21 Velvet_miseq_scf, N50 = 105176, L50 = 12, Total length = 3892321, GC % = 47.69, # N's per 100 kbp =  1.28
    22 Velvet_hiseq_scf, N50 = 163386, L50 = 8, Total length = 3903678, GC % = 47.63, # N's per 100 kbp =  515.80
  Drawing cumulative plot...
    saved to /software/galaxy/master/sabbai/galaxy-dist/database/job_working_directory/002/2322/dataset_2404_files/Combined_dataset/basic_stats/cumulative_plot.pdf
  Drawing GC content plot...
    saved to /software/galaxy/master/sabbai/galaxy-dist/database/job_working_directory/002/2322/dataset_2404_files/Combined_dataset/basic_stats/GC_content_plot.pdf
  Drawing Nx plot...
    saved to /software/galaxy/master/sabbai/galaxy-dist/database/job_working_directory/002/2322/dataset_2404_files/Combined_dataset/basic_stats/Nx_plot.pdf
Done.

NOTICE: Genes are not predicted by default. Use --gene-finding option to enable it.

2014-07-08 05:44:25
Summarizing...
  Creating total report...
    saved to /software/galaxy/master/sabbai/galaxy-dist/database/job_working_directory/002/2322/dataset_2404_files/Combined_dataset/report.txt, report.tsv, and report.tex
  Transposed version of total report...
    saved to /software/galaxy/master/sabbai/galaxy-dist/database/job_working_directory/002/2322/dataset_2404_files/Combined_dataset/transposed_report.txt, transposed_report.tsv, and transposed_report.tex
  HTML version saved to /software/galaxy/master/sabbai/galaxy-dist/database/job_working_directory/002/2322/dataset_2404_files/Combined_dataset/report.html
  All pdf files are merged to /software/galaxy/master/sabbai/galaxy-dist/database/job_working_directory/002/2322/dataset_2404_files/Combined_dataset/plots.pdf
Log saved to /software/galaxy/master/sabbai/galaxy-dist/database/job_working_directory/002/2322/dataset_2404_files/Combined_dataset/quast.log

Finished: 2014-07-08 05:44:25
Elapsed time: 0:00:19.189887
