Aligning contigs to reference...
	Running Nucmer...
Parsing coords...
Loading Assembly...
Loading reference...
	Loaded [gi|125654693|ref|NC_009008.1|_Rhodobacter_sphaeroides_2.4.1_plasmid_E__partial_sequence]
Loading SNPs...
Loading regions...
	No regions given, using whole reference.
	Total Regions: 1
	Total Region Length: 37100
Analyzing contigs...
CONTIG: NODE_176_length_1120_cov_33.909 (1120bp)
		This contig is unaligned. (1120 bp)
		Unaligned bases: 1120  total: 1120

CONTIG: NODE_199_length_77278_cov_43.1411 (77278bp)
Top Length: 991  Top ID: 98.9
		This contig is partially unaligned. (991 out of 77278)
		Alignment: 35500 36497 | 1636 646 | 998 991 | 98.9 | gi|125654693|ref|NC_009008.1|_Rhodobacter_sphaeroides_2.4.1_plasmid_E__partial_sequence NODE_199_length_77278_cov_43.1411
		Unaligned bases: 1 to 645 (645)
		Unaligned bases: 1637 to 77278 (75642)
		This contig has both significant aligned and unaligned parts (of length >= min-contig)!

CONTIG: NODE_139_length_45220_cov_19.8652 (45220bp)
		This contig is unaligned. (45220 bp)
		Unaligned bases: 45220  total: 46340

CONTIG: NODE_172_length_131101_cov_20.5217 (131101bp)
		This contig is unaligned. (131101 bp)
		Unaligned bases: 131101  total: 177441

CONTIG: NODE_69_length_34078_cov_19.3597 (34078bp)
		This contig is unaligned. (34078 bp)
		Unaligned bases: 34078  total: 211519

CONTIG: NODE_79_length_16174_cov_65.9288 (16174bp)
		This contig is unaligned. (16174 bp)
		Unaligned bases: 16174  total: 227693

CONTIG: NODE_259_length_15478_cov_23.2002 (15478bp)
		This contig is unaligned. (15478 bp)
		Unaligned bases: 15478  total: 243171

CONTIG: NODE_273_length_143857_cov_21.5623 (143857bp)
		This contig is unaligned. (143857 bp)
		Unaligned bases: 143857  total: 387028

CONTIG: NODE_187_length_1113_cov_12.5219 (1113bp)
		This contig is unaligned. (1113 bp)
		Unaligned bases: 1113  total: 388141

CONTIG: NODE_203_length_30601_cov_46.3365 (30601bp)
		This contig is unaligned. (30601 bp)
		Unaligned bases: 30601  total: 418742

CONTIG: NODE_200_length_1752_cov_55.8542 (1752bp)
Top Length: 1107  Top ID: 99.37
		This contig is partially unaligned. (1107 out of 1752)
		Alignment: 35384 36497 | 1752 646 | 1114 1107 | 99.37 | gi|125654693|ref|NC_009008.1|_Rhodobacter_sphaeroides_2.4.1_plasmid_E__partial_sequence NODE_200_length_1752_cov_55.8542
		Unaligned bases: 1 to 645 (645)
		This contig has both significant aligned and unaligned parts (of length >= min-contig)!

CONTIG: NODE_70_length_25902_cov_17.7644 (25902bp)
		This contig is unaligned. (25902 bp)
		Unaligned bases: 25902  total: 444644

CONTIG: NODE_184_length_1530_cov_46.071 (1530bp)
		This contig is unaligned. (1530 bp)
		Unaligned bases: 1530  total: 446174

CONTIG: NODE_263_length_34878_cov_21.527 (34878bp)
		This contig is unaligned. (34878 bp)
		Unaligned bases: 34878  total: 481052

CONTIG: NODE_160_length_2875_cov_19.2445 (2875bp)
		This contig is unaligned. (2875 bp)
		Unaligned bases: 2875  total: 483927

CONTIG: NODE_168_length_28226_cov_21.8296 (28226bp)
		This contig is unaligned. (28226 bp)
		Unaligned bases: 28226  total: 512153

CONTIG: NODE_91_length_161516_cov_20.4941 (161516bp)
		This contig is unaligned. (161516 bp)
		Unaligned bases: 161516  total: 673669

CONTIG: NODE_80_length_118093_cov_20.4663 (118093bp)
		This contig is unaligned. (118093 bp)
		Unaligned bases: 118093  total: 791762

CONTIG: NODE_76_length_47575_cov_20.5816 (47575bp)
		This contig is unaligned. (47575 bp)
		Unaligned bases: 47575  total: 839337

CONTIG: NODE_194_length_6892_cov_102.782 (6892bp)
Top Length: 225  Top ID: 95.56
		This contig is misassembled. 2 total aligns.
			Warning! This contig is more unaligned than misassembled. Contig length is 6892 and total length of all aligns is 441
		Alignment: 6319 6542 | 6668 6892 | 224 225 | 95.56 | gi|125654693|ref|NC_009008.1|_Rhodobacter_sphaeroides_2.4.1_plasmid_E__partial_sequence NODE_194_length_6892_cov_102.782
		Alignment: 35302 35517 | 887 1102 | 216 216 | 97.22 | gi|125654693|ref|NC_009008.1|_Rhodobacter_sphaeroides_2.4.1_plasmid_E__partial_sequence NODE_194_length_6892_cov_102.782
		Unaligned bases: 6451
CONTIG: NODE_89_length_53389_cov_20.4183 (53389bp)
		This contig is unaligned. (53389 bp)
		Unaligned bases: 53389  total: 892726

CONTIG: NODE_173_length_118898_cov_20.434 (118898bp)
Top Length: 961  Top ID: 99.28
		This contig is partially unaligned. (961 out of 118898)
		Alignment: 35530 36497 | 117293 118253 | 968 961 | 99.28 | gi|125654693|ref|NC_009008.1|_Rhodobacter_sphaeroides_2.4.1_plasmid_E__partial_sequence NODE_173_length_118898_cov_20.434
		Unaligned bases: 1 to 117292 (117292)
		Unaligned bases: 118254 to 118898 (645)
		This contig has both significant aligned and unaligned parts (of length >= min-contig)!

CONTIG: NODE_250_length_26351_cov_53.0484 (26351bp)
		This contig is unaligned. (26351 bp)
		Unaligned bases: 26351  total: 919077

CONTIG: NODE_177_length_3792_cov_24.1449 (3792bp)
		This contig is unaligned. (3792 bp)
		Unaligned bases: 3792  total: 922869

CONTIG: NODE_71_length_92063_cov_20.8318 (92063bp)
		This contig is unaligned. (92063 bp)
		Unaligned bases: 92063  total: 1014932

CONTIG: NODE_162_length_519_cov_23.9119 (519bp)
		This contig is unaligned. (519 bp)
		Unaligned bases: 519  total: 1015451

CONTIG: NODE_157_length_2370_cov_22.8941 (2370bp)
		This contig is unaligned. (2370 bp)
		Unaligned bases: 2370  total: 1017821

CONTIG: NODE_65_length_18849_cov_21.1422 (18849bp)
		This contig is unaligned. (18849 bp)
		Unaligned bases: 18849  total: 1036670

CONTIG: NODE_159_length_1304_cov_23.6981 (1304bp)
		This contig is unaligned. (1304 bp)
		Unaligned bases: 1304  total: 1037974

CONTIG: NODE_186_length_26467_cov_42.9859 (26467bp)
		This contig is unaligned. (26467 bp)
		Unaligned bases: 26467  total: 1064441

CONTIG: NODE_90_length_15249_cov_15.628 (15249bp)
		This contig is unaligned. (15249 bp)
		Unaligned bases: 15249  total: 1079690

CONTIG: NODE_60_length_3422_cov_47.9803 (3422bp)
		This contig is unaligned. (3422 bp)
		Unaligned bases: 3422  total: 1083112

CONTIG: NODE_189_length_37257_cov_21.813 (37257bp)
		This contig is unaligned. (37257 bp)
		Unaligned bases: 37257  total: 1120369

CONTIG: NODE_256_length_33626_cov_89.1921 (33626bp)
		This contig is unaligned. (33626 bp)
		Unaligned bases: 33626  total: 1153995

CONTIG: NODE_227_length_1215_cov_56.1226 (1215bp)
		This contig is unaligned. (1215 bp)
		Unaligned bases: 1215  total: 1155210

CONTIG: NODE_78_length_77256_cov_20.1205 (77256bp)
		This contig is unaligned. (77256 bp)
		Unaligned bases: 77256  total: 1232466

CONTIG: NODE_191_length_37995_cov_20.474 (37995bp)
		This contig is unaligned. (37995 bp)
		Unaligned bases: 37995  total: 1270461

CONTIG: NODE_64_length_4016_cov_21.1668 (4016bp)
		This contig is unaligned. (4016 bp)
		Unaligned bases: 4016  total: 1274477

CONTIG: NODE_178_length_17305_cov_19.4705 (17305bp)
		This contig is unaligned. (17305 bp)
		Unaligned bases: 17305  total: 1291782

CONTIG: NODE_198_length_35503_cov_20.1481 (35503bp)
Top Length: 961  Top ID: 99.28
		This contig is partially unaligned. (961 out of 35503)
		Alignment: 35530 36497 | 1606 646 | 968 961 | 99.28 | gi|125654693|ref|NC_009008.1|_Rhodobacter_sphaeroides_2.4.1_plasmid_E__partial_sequence NODE_198_length_35503_cov_20.1481
		Unaligned bases: 1 to 645 (645)
		Unaligned bases: 1607 to 35503 (33897)
		This contig has both significant aligned and unaligned parts (of length >= min-contig)!

CONTIG: NODE_156_length_2200_cov_24.874 (2200bp)
		This contig is unaligned. (2200 bp)
		Unaligned bases: 2200  total: 1293982

CONTIG: NODE_193_length_83386_cov_20.0225 (83386bp)
Top Length: 146  Top ID: 99.32
		This contig is partially unaligned. (146 out of 83386)
		Alignment: 6019 6164 | 42067 42212 | 146 146 | 99.32 | gi|125654693|ref|NC_009008.1|_Rhodobacter_sphaeroides_2.4.1_plasmid_E__partial_sequence NODE_193_length_83386_cov_20.0225
		Unaligned bases: 1 to 42066 (42066)
		Unaligned bases: 42213 to 83386 (41174)

CONTIG: NODE_132_length_1111_cov_7.22753 (1111bp)
		This contig is unaligned. (1111 bp)
		Unaligned bases: 1111  total: 1295093

CONTIG: NODE_175_length_19551_cov_20.7005 (19551bp)
		This contig is unaligned. (19551 bp)
		Unaligned bases: 19551  total: 1314644

CONTIG: NODE_102_length_32975_cov_19.006 (32975bp)
		This contig is unaligned. (32975 bp)
		Unaligned bases: 32975  total: 1347619

CONTIG: NODE_190_length_2839_cov_54.3742 (2839bp)
		This contig is unaligned. (2839 bp)
		Unaligned bases: 2839  total: 1350458

CONTIG: NODE_269_length_151729_cov_21.1572 (151729bp)
		This contig is unaligned. (151729 bp)
		Unaligned bases: 151729  total: 1502187

CONTIG: NODE_248_length_6052_cov_36.778 (6052bp)
		This contig is unaligned. (6052 bp)
		Unaligned bases: 6052  total: 1508239

CONTIG: NODE_219_length_712_cov_22.1978 (712bp)
		This contig is unaligned. (712 bp)
		Unaligned bases: 712  total: 1508951

CONTIG: NODE_101_length_528_cov_39.1469 (528bp)
		This contig is unaligned. (528 bp)
		Unaligned bases: 528  total: 1509479

CONTIG: NODE_179_length_3862_cov_23.5683 (3862bp)
		This contig is unaligned. (3862 bp)
		Unaligned bases: 3862  total: 1513341

CONTIG: NODE_185_length_22006_cov_40.5073 (22006bp)
		This contig is unaligned. (22006 bp)
		Unaligned bases: 22006  total: 1535347

CONTIG: NODE_63_length_2003_cov_23.5841 (2003bp)
		This contig is unaligned. (2003 bp)
		Unaligned bases: 2003  total: 1537350

CONTIG: NODE_257_length_11210_cov_22.1064 (11210bp)
		This contig is unaligned. (11210 bp)
		Unaligned bases: 11210  total: 1548560

CONTIG: NODE_247_length_4568_cov_59.6611 (4568bp)
		This contig is unaligned. (4568 bp)
		Unaligned bases: 4568  total: 1553128

CONTIG: NODE_188_length_26184_cov_23.4565 (26184bp)
		This contig is unaligned. (26184 bp)
		Unaligned bases: 26184  total: 1579312

CONTIG: NODE_204_length_120944_cov_19.9767 (120944bp)
		This contig is unaligned. (120944 bp)
		Unaligned bases: 120944  total: 1700256

CONTIG: NODE_197_length_20723_cov_36.3062 (20723bp)
Top Length: 989  Top ID: 98.6
		This contig is partially unaligned. (989 out of 20723)
		Alignment: 35502 36497 | 1634 646 | 996 989 | 98.6 | gi|125654693|ref|NC_009008.1|_Rhodobacter_sphaeroides_2.4.1_plasmid_E__partial_sequence NODE_197_length_20723_cov_36.3062
		Unaligned bases: 1 to 645 (645)
		Unaligned bases: 1635 to 20723 (19089)
		This contig has both significant aligned and unaligned parts (of length >= min-contig)!

CONTIG: NODE_138_length_58860_cov_21.8468 (58860bp)
		This contig is unaligned. (58860 bp)
		Unaligned bases: 58860  total: 1759116

CONTIG: NODE_84_length_72489_cov_19.1197 (72489bp)
		This contig is unaligned. (72489 bp)
		Unaligned bases: 72489  total: 1831605

CONTIG: NODE_201_length_1752_cov_65.8174 (1752bp)
Top Length: 1107  Top ID: 99.37
		This contig is partially unaligned. (1107 out of 1752)
		Alignment: 35384 36497 | 1752 646 | 1114 1107 | 99.37 | gi|125654693|ref|NC_009008.1|_Rhodobacter_sphaeroides_2.4.1_plasmid_E__partial_sequence NODE_201_length_1752_cov_65.8174
		Unaligned bases: 1 to 645 (645)
		This contig has both significant aligned and unaligned parts (of length >= min-contig)!

CONTIG: NODE_265_length_286217_cov_20.7058 (286217bp)
		This contig is unaligned. (286217 bp)
		Unaligned bases: 286217  total: 2117822

CONTIG: NODE_270_length_64791_cov_19.9087 (64791bp)
		This contig is unaligned. (64791 bp)
		Unaligned bases: 64791  total: 2182613

CONTIG: NODE_255_length_18742_cov_24.4771 (18742bp)
		This contig is unaligned. (18742 bp)
		Unaligned bases: 18742  total: 2201355

CONTIG: NODE_158_length_1947_cov_25.7519 (1947bp)
		This contig is unaligned. (1947 bp)
		Unaligned bases: 1947  total: 2203302

CONTIG: NODE_62_length_7193_cov_18.56 (7193bp)
		This contig is unaligned. (7193 bp)
		Unaligned bases: 7193  total: 2210495

CONTIG: NODE_165_length_3095_cov_20.3512 (3095bp)
		This contig is unaligned. (3095 bp)
		Unaligned bases: 3095  total: 2213590

CONTIG: NODE_266_length_6156_cov_47.4259 (6156bp)
		This contig is unaligned. (6156 bp)
		Unaligned bases: 6156  total: 2219746

CONTIG: NODE_196_length_184005_cov_20.4147 (184005bp)
		This contig is unaligned. (184005 bp)
		Unaligned bases: 184005  total: 2403751

CONTIG: NODE_130_length_2434_cov_58.4306 (2434bp)
Top Length: 135  Top ID: 98.52
		This contig is partially unaligned. (135 out of 2434)
		Alignment: 6478 6612 | 1 135 | 135 135 | 98.52 | gi|125654693|ref|NC_009008.1|_Rhodobacter_sphaeroides_2.4.1_plasmid_E__partial_sequence NODE_130_length_2434_cov_58.4306
		Unaligned bases: 136 to 2434 (2299)

CONTIG: NODE_264_length_134895_cov_19.8286 (134895bp)
		This contig is unaligned. (134895 bp)
		Unaligned bases: 134895  total: 2538646

CONTIG: NODE_249_length_2600_cov_51.5751 (2600bp)
		This contig is unaligned. (2600 bp)
		Unaligned bases: 2600  total: 2541246

CONTIG: NODE_73_length_115061_cov_21.3957 (115061bp)
		This contig is unaligned. (115061 bp)
		Unaligned bases: 115061  total: 2656307

CONTIG: NODE_195_length_32312_cov_35.9674 (32312bp)
		This contig is unaligned. (32312 bp)
		Unaligned bases: 32312  total: 2688619

CONTIG: NODE_161_length_1579_cov_23.0773 (1579bp)
		This contig is unaligned. (1579 bp)
		Unaligned bases: 1579  total: 2690198

CONTIG: NODE_167_length_23156_cov_21.3853 (23156bp)
		This contig is unaligned. (23156 bp)
		Unaligned bases: 23156  total: 2713354

CONTIG: NODE_75_length_13396_cov_55.7777 (13396bp)
		This contig is unaligned. (13396 bp)
		Unaligned bases: 13396  total: 2726750

CONTIG: NODE_258_length_686_cov_28.8148 (686bp)
		This contig is unaligned. (686 bp)
		Unaligned bases: 686  total: 2727436

CONTIG: NODE_192_length_58086_cov_65.9683 (58086bp)
Top Length: 35360  Top ID: 99.98
		This contig is misassembled. 2 total aligns.
			Real Alignment 2: 36497 37100 | 22123 22726 | 604 604 | 100.0 | gi|125654693|ref|NC_009008.1|_Rhodobacter_sphaeroides_2.4.1_plasmid_E__partial_sequence NODE_192_length_58086_cov_65.9683
			  Fake misassembly (caused by linear representation of circular genome) between these two alignments
			Real Alignment 1: 1 35366 | 22727 58086 | 35366 35360 | 99.98 | gi|125654693|ref|NC_009008.1|_Rhodobacter_sphaeroides_2.4.1_plasmid_E__partial_sequence NODE_192_length_58086_cov_65.9683

CONTIG: NODE_67_length_50728_cov_20.9042 (50728bp)
		This contig is unaligned. (50728 bp)
		Unaligned bases: 50728  total: 2778164

CONTIG: NODE_254_length_120555_cov_21.3545 (120555bp)
		This contig is unaligned. (120555 bp)
		Unaligned bases: 120555  total: 2898719

CONTIG: NODE_103_length_951_cov_44.1151 (951bp)
Top Length: 65  Top ID: 100.0
		This contig is partially unaligned. (65 out of 951)
		Alignment: 35302 35366 | 887 951 | 65 65 | 100.0 | gi|125654693|ref|NC_009008.1|_Rhodobacter_sphaeroides_2.4.1_plasmid_E__partial_sequence NODE_103_length_951_cov_44.1151
		Unaligned bases: 1 to 886 (886)

CONTIG: NODE_86_length_113539_cov_22.7405 (113539bp)
		This contig is unaligned. (113539 bp)
		Unaligned bases: 113539  total: 3012258

CONTIG: NODE_260_length_33003_cov_21.1967 (33003bp)
		This contig is unaligned. (33003 bp)
		Unaligned bases: 33003  total: 3045261

CONTIG: NODE_77_length_10964_cov_20.2564 (10964bp)
		This contig is unaligned. (10964 bp)
		Unaligned bases: 10964  total: 3056225

CONTIG: NODE_68_length_16597_cov_20.2392 (16597bp)
		This contig is unaligned. (16597 bp)
		Unaligned bases: 16597  total: 3072822

CONTIG: NODE_74_length_24062_cov_18.5966 (24062bp)
		This contig is unaligned. (24062 bp)
		Unaligned bases: 24062  total: 3096884

CONTIG: NODE_166_length_134342_cov_23.3684 (134342bp)
		This contig is unaligned. (134342 bp)
		Unaligned bases: 134342  total: 3231226

CONTIG: NODE_169_length_11190_cov_21.2521 (11190bp)
		This contig is unaligned. (11190 bp)
		Unaligned bases: 11190  total: 3242416

CONTIG: NODE_87_length_93962_cov_20.0775 (93962bp)
		This contig is unaligned. (93962 bp)
		Unaligned bases: 93962  total: 3336378

CONTIG: NODE_272_length_129125_cov_20.7534 (129125bp)
		This contig is unaligned. (129125 bp)
		Unaligned bases: 129125  total: 3465503

CONTIG: NODE_170_length_5849_cov_20.4587 (5849bp)
		This contig is unaligned. (5849 bp)
		Unaligned bases: 5849  total: 3471352

CONTIG: NODE_163_length_52073_cov_22.2212 (52073bp)
		This contig is unaligned. (52073 bp)
		Unaligned bases: 52073  total: 3523425

CONTIG: NODE_66_length_2347_cov_49.5333 (2347bp)
		This contig is unaligned. (2347 bp)
		Unaligned bases: 2347  total: 3525772

CONTIG: NODE_202_length_21626_cov_20.8891 (21626bp)
		This contig is unaligned. (21626 bp)
		Unaligned bases: 21626  total: 3547398

CONTIG: NODE_271_length_202404_cov_21.4522 (202404bp)
		This contig is unaligned. (202404 bp)
		Unaligned bases: 202404  total: 3749802

CONTIG: NODE_83_length_59218_cov_20.5907 (59218bp)
		This contig is unaligned. (59218 bp)
		Unaligned bases: 59218  total: 3809020

CONTIG: NODE_171_length_5102_cov_19.0125 (5102bp)
		This contig is unaligned. (5102 bp)
		Unaligned bases: 5102  total: 3814122

CONTIG: NODE_82_length_61232_cov_35.5486 (61232bp)
		This contig is unaligned. (61232 bp)
		Unaligned bases: 61232  total: 3875354

CONTIG: NODE_229_length_4709_cov_47.9492 (4709bp)
Top Length: 135  Top ID: 98.52
		This contig is partially unaligned. (135 out of 4709)
		Alignment: 6478 6612 | 4709 4575 | 135 135 | 98.52 | gi|125654693|ref|NC_009008.1|_Rhodobacter_sphaeroides_2.4.1_plasmid_E__partial_sequence NODE_229_length_4709_cov_47.9492
		Unaligned bases: 1 to 4574 (4574)

CONTIG: NODE_85_length_26109_cov_21.2221 (26109bp)
		This contig is unaligned. (26109 bp)
		Unaligned bases: 26109  total: 3901463

CONTIG: NODE_88_length_9732_cov_16.5217 (9732bp)
		This contig is unaligned. (9732 bp)
		Unaligned bases: 9732  total: 3911195

CONTIG: NODE_183_length_1530_cov_47.8485 (1530bp)
		This contig is unaligned. (1530 bp)
		Unaligned bases: 1530  total: 3912725

CONTIG: NODE_81_length_89068_cov_21.0615 (89068bp)
		This contig is unaligned. (89068 bp)
		Unaligned bases: 89068  total: 4001793

CONTIG: NODE_174_length_174187_cov_20.7642 (174187bp)
		This contig is unaligned. (174187 bp)
		Unaligned bases: 174187  total: 4175980

Analyzing coverage...
Writing SNPs into /usit/invitro/data/galaxy/master/sabbai/galaxy-dist/database/job_working_directory/000/733/dataset_770_files/contigs_reports/nucmer_output/RS-M-Spades.used_snps
	Reference gi|125654693|ref|NC_009008.1|_Rhodobacter_sphaeroides_2.4.1_plasmid_E__partial_sequence: 12 total alignments. 1 total regions.
		Region: 1 to 37100 (37100 bp)
			Align 1: 1 35366 NODE_192_length_58086_cov_65.9683 22727 58086
				The next alignment (6019 6164 NODE_193_length_83386_cov_20.0225 42067 42212) is redundant. Skipping.
				The next alignment (6478 6612 NODE_130_length_2434_cov_58.4306 1 135) is redundant. Skipping.
				The next alignment (6478 6612 NODE_229_length_4709_cov_47.9492 4709 4575) is redundant. Skipping.
				The next alignment (35302 35366 NODE_103_length_951_cov_44.1151 887 951) is redundant. Skipping.
				Gap between this and next alignment: 35366 to 35384 (17 bp)
				Next Alignment: 35384 36497 NODE_200_length_1752_cov_55.8542 1752 646

			Align 6: 35384 36497 NODE_200_length_1752_cov_55.8542 1752 646
				The next alignment (35384 36497 NODE_201_length_1752_cov_65.8174 1752 646) is redundant. Skipping.
				The next alignment (35500 36497 NODE_199_length_77278_cov_43.1411 1636 646) is redundant. Skipping.
				The next alignment (35502 36497 NODE_197_length_20723_cov_36.3062 1634 646) is redundant. Skipping.
				The next alignment (35530 36497 NODE_173_length_118898_cov_20.434 117293 118253) is redundant. Skipping.
				The next alignment (35530 36497 NODE_198_length_35503_cov_20.1481 1606 646) is redundant. Skipping.
				Negative gap (overlap) between this and next alignment: 36497 to 36497 (0 bp)
				Next Alignment: 36497 37100 NODE_192_length_58086_cov_65.9683 22123 22726

			Previous gap was negative, modifying coordinates to ignore overlap
				Moving contig start from 22123 to 22124.
			Align 12: 36498 37100 NODE_192_length_58086_cov_65.9683 22124 22726
			END in current alignment.  Modifying 37100 to 37100.

Analysis is finished!
Founded SNPs were written into /usit/invitro/data/galaxy/master/sabbai/galaxy-dist/database/job_working_directory/000/733/dataset_770_files/contigs_reports/nucmer_output/RS-M-Spades.used_snps

Results:
	Local Misassemblies: 0
	Misassemblies: 0
		Relocations: 0
		Translocations: 0
		Inversions: 0
	Misassembled Contigs: 0
	Misassembled Contig Bases: 0
	Misassmblies Inter-Contig Overlap: 0
Uncovered Regions: 0 (0)
Unaligned Contigs: 93 + 11 part
Partially Unaligned Contigs with Misassemblies: 1
Unaligned Contig Bases: 4523220

Ambiguously Mapped Contigs: 0
Total Bases in Ambiguously Mapped Contigs: 0
Note that --allow-ambiguity option was set to "one" and only first alignment per each contig was used.

	Covered Bases: 37083

	SNPs: 2
	Insertions: 0
	Deletions: 13

	Positive Gaps: 1
		Internal Gaps:  0
		External Gaps:  1
		External Gap Total:  17
		External Gap Average: 17
	Negative Gaps: 1
		Internal Overlaps:  0
		External Overlaps:  1
		External Overlaps Total:  0
		External Overlaps Average: 0
	Contigs with Redundant Alignments: 2 (5525)
