Aligning contigs to reference...
	Running Nucmer...
Parsing coords...
Loading Assembly...
Loading reference...
	Loaded [gi|125654693|ref|NC_009008.1|_Rhodobacter_sphaeroides_2.4.1_plasmid_E__partial_sequence]
Loading SNPs...
Loading regions...
	No regions given, using whole reference.
	Total Regions: 1
	Total Region Length: 37100
Analyzing contigs...
CONTIG: contig-4172_8486_0 (8486bp)
		This contig is unaligned. (8486 bp)
		Unaligned bases: 8486  total: 8486

CONTIG: contig-307_1557_0 (1557bp)
		This contig is unaligned. (1557 bp)
		Unaligned bases: 1557  total: 10043

CONTIG: contig-2163_7413_0 (7413bp)
		This contig is unaligned. (7413 bp)
		Unaligned bases: 7413  total: 17456

CONTIG: contig-3264_28089_0 (28089bp)
		This contig is unaligned. (28089 bp)
		Unaligned bases: 28089  total: 45545

CONTIG: contig-1634_12275_0 (12275bp)
		This contig is unaligned. (12275 bp)
		Unaligned bases: 12275  total: 57820

CONTIG: contig-11262_7015_0 (7015bp)
		This contig is unaligned. (7015 bp)
		Unaligned bases: 7015  total: 64835

CONTIG: contig-5339_2267_0 (2267bp)
		This contig is unaligned. (2267 bp)
		Unaligned bases: 2267  total: 67102

CONTIG: contig-1234_3955_0 (3955bp)
		This contig is unaligned. (3955 bp)
		Unaligned bases: 3955  total: 71057

CONTIG: contig-1087_8131_0 (8131bp)
		This contig is unaligned. (8131 bp)
		Unaligned bases: 8131  total: 79188

CONTIG: contig-586_3170_0 (3170bp)
		This contig is unaligned. (3170 bp)
		Unaligned bases: 3170  total: 82358

CONTIG: contig-43_12953_0 (12953bp)
		This contig is unaligned. (12953 bp)
		Unaligned bases: 12953  total: 95311

CONTIG: contig-7470_860_0 (860bp)
		This contig is unaligned. (860 bp)
		Unaligned bases: 860  total: 96171

CONTIG: contig-11996_5411_0 (5411bp)
		This contig is unaligned. (5411 bp)
		Unaligned bases: 5411  total: 101582

CONTIG: contig-319_1914_0 (1914bp)
		This contig is unaligned. (1914 bp)
		Unaligned bases: 1914  total: 103496

CONTIG: contig-489_1590_0 (1590bp)
		This contig is unaligned. (1590 bp)
		Unaligned bases: 1590  total: 105086

CONTIG: contig-6154_5572_0 (5572bp)
		This contig is unaligned. (5572 bp)
		Unaligned bases: 5572  total: 110658

CONTIG: contig-4505_854_0 (854bp)
		This contig is unaligned. (854 bp)
		Unaligned bases: 854  total: 111512

CONTIG: contig-2720_1615_0 (1615bp)
Top Length: 1615  Top ID: 100.0
		One align captures most of this contig: 15882 17496 | 1 1615 | 1615 1615 | 100.0 | gi|125654693|ref|NC_009008.1|_Rhodobacter_sphaeroides_2.4.1_plasmid_E__partial_sequence contig-2720_1615_0

CONTIG: contig-4330_5170_0 (5170bp)
		This contig is unaligned. (5170 bp)
		Unaligned bases: 5170  total: 116682

CONTIG: contig-2061_965_0 (965bp)
Top Length: 965  Top ID: 100.0
		One align captures most of this contig: 7062 8026 | 1 965 | 965 965 | 100.0 | gi|125654693|ref|NC_009008.1|_Rhodobacter_sphaeroides_2.4.1_plasmid_E__partial_sequence contig-2061_965_0

CONTIG: contig-6920_7822_0 (7822bp)
		This contig is unaligned. (7822 bp)
		Unaligned bases: 7822  total: 124504

CONTIG: contig-4711_3344_0 (3344bp)
		This contig is unaligned. (3344 bp)
		Unaligned bases: 3344  total: 127848

CONTIG: contig-311_11051_0 (11051bp)
		This contig is unaligned. (11051 bp)
		Unaligned bases: 11051  total: 138899

CONTIG: contig-6345_12638_0 (12638bp)
		This contig is unaligned. (12638 bp)
		Unaligned bases: 12638  total: 151537

CONTIG: contig-5036_1042_0 (1042bp)
		This contig is unaligned. (1042 bp)
		Unaligned bases: 1042  total: 152579

CONTIG: contig-858_30532_0 (30532bp)
		This contig is unaligned. (30532 bp)
		Unaligned bases: 30532  total: 183111

CONTIG: contig-7412_2945_0 (2945bp)
		This contig is unaligned. (2945 bp)
		Unaligned bases: 2945  total: 186056

CONTIG: contig-1426_1920_0 (1920bp)
		This contig is unaligned. (1920 bp)
		Unaligned bases: 1920  total: 187976

CONTIG: contig-2495_5454_0 (5454bp)
		This contig is unaligned. (5454 bp)
		Unaligned bases: 5454  total: 193430

CONTIG: contig-2409_5521_0 (5521bp)
		This contig is unaligned. (5521 bp)
		Unaligned bases: 5521  total: 198951

CONTIG: contig-3699_23411_0 (23411bp)
		This contig is unaligned. (23411 bp)
		Unaligned bases: 23411  total: 222362

CONTIG: contig-6548_14649_0 (14649bp)
		This contig is unaligned. (14649 bp)
		Unaligned bases: 14649  total: 237011

CONTIG: contig-1931_3265_0 (3265bp)
		This contig is unaligned. (3265 bp)
		Unaligned bases: 3265  total: 240276

CONTIG: contig-1459_2668_0 (2668bp)
		This contig is unaligned. (2668 bp)
		Unaligned bases: 2668  total: 242944

CONTIG: contig-4107_7812_0 (7812bp)
		This contig is unaligned. (7812 bp)
		Unaligned bases: 7812  total: 250756

CONTIG: contig-3104_3105_0 (3105bp)
		This contig is unaligned. (3105 bp)
		Unaligned bases: 3105  total: 253861

CONTIG: contig-2126_19913_0 (19913bp)
		This contig is unaligned. (19913 bp)
		Unaligned bases: 19913  total: 273774

CONTIG: contig-2346_1970_0 (1970bp)
		This contig is unaligned. (1970 bp)
		Unaligned bases: 1970  total: 275744

CONTIG: contig-6846_2163_0 (2163bp)
		This contig is unaligned. (2163 bp)
		Unaligned bases: 2163  total: 277907

CONTIG: contig-1551_4862_0 (4862bp)
		This contig is unaligned. (4862 bp)
		Unaligned bases: 4862  total: 282769

CONTIG: contig-2506_634_0 (634bp)
		This contig is unaligned. (634 bp)
		Unaligned bases: 634  total: 283403

CONTIG: contig-56_4702_0 (4702bp)
		This contig is unaligned. (4702 bp)
		Unaligned bases: 4702  total: 288105

CONTIG: contig-1072_2456_0 (2456bp)
		This contig is unaligned. (2456 bp)
		Unaligned bases: 2456  total: 290561

CONTIG: contig-1256_6014_0 (6014bp)
		This contig is unaligned. (6014 bp)
		Unaligned bases: 6014  total: 296575

CONTIG: contig-8140_1420_0 (1420bp)
		This contig is unaligned. (1420 bp)
		Unaligned bases: 1420  total: 297995

CONTIG: contig-5234_2292_0 (2292bp)
		This contig is unaligned. (2292 bp)
		Unaligned bases: 2292  total: 300287

CONTIG: contig-26_8231_0 (8231bp)
		This contig is unaligned. (8231 bp)
		Unaligned bases: 8231  total: 308518

CONTIG: contig-1556_1165_0 (1165bp)
		This contig is unaligned. (1165 bp)
		Unaligned bases: 1165  total: 309683

CONTIG: contig-9072_1273_0 (1273bp)
		This contig is unaligned. (1273 bp)
		Unaligned bases: 1273  total: 310956

CONTIG: contig-572_33248_0 (33248bp)
		This contig is unaligned. (33248 bp)
		Unaligned bases: 33248  total: 344204

CONTIG: contig-1200_27716_0 (27716bp)
		This contig is unaligned. (27716 bp)
		Unaligned bases: 27716  total: 371920

CONTIG: contig-8150_8434_0 (8434bp)
		This contig is unaligned. (8434 bp)
		Unaligned bases: 8434  total: 380354

CONTIG: contig-7020_5501_0 (5501bp)
		This contig is unaligned. (5501 bp)
		Unaligned bases: 5501  total: 385855

CONTIG: contig-2026_10678_0 (10678bp)
		This contig is unaligned. (10678 bp)
		Unaligned bases: 10678  total: 396533

CONTIG: contig-2363_5920_0 (5920bp)
		This contig is unaligned. (5920 bp)
		Unaligned bases: 5920  total: 402453

CONTIG: contig-2418_19297_0 (19297bp)
		This contig is unaligned. (19297 bp)
		Unaligned bases: 19297  total: 421750

CONTIG: contig-31_4791_0 (4791bp)
		This contig is unaligned. (4791 bp)
		Unaligned bases: 4791  total: 426541

CONTIG: contig-2053_3590_0 (3590bp)
Top Length: 3590  Top ID: 100.0
		One align captures most of this contig: 19532 23121 | 3590 1 | 3590 3590 | 100.0 | gi|125654693|ref|NC_009008.1|_Rhodobacter_sphaeroides_2.4.1_plasmid_E__partial_sequence contig-2053_3590_0

CONTIG: contig-1468_3317_0 (3317bp)
		This contig is unaligned. (3317 bp)
		Unaligned bases: 3317  total: 429858

CONTIG: contig-4828_636_0 (636bp)
		This contig is unaligned. (636 bp)
		Unaligned bases: 636  total: 430494

CONTIG: contig-7024_11154_0 (11154bp)
		This contig is unaligned. (11154 bp)
		Unaligned bases: 11154  total: 441648

CONTIG: contig-3116_3437_0 (3437bp)
		This contig is unaligned. (3437 bp)
		Unaligned bases: 3437  total: 445085

CONTIG: contig-8386_5195_0 (5195bp)
		This contig is unaligned. (5195 bp)
		Unaligned bases: 5195  total: 450280

CONTIG: contig-2791_21342_0 (21342bp)
		This contig is unaligned. (21342 bp)
		Unaligned bases: 21342  total: 471622

CONTIG: contig-7125_4738_0 (4738bp)
		This contig is unaligned. (4738 bp)
		Unaligned bases: 4738  total: 476360

CONTIG: contig-3809_2102_0 (2102bp)
		This contig is unaligned. (2102 bp)
		Unaligned bases: 2102  total: 478462

CONTIG: contig-77_732_0 (732bp)
		This contig is unaligned. (732 bp)
		Unaligned bases: 732  total: 479194

CONTIG: contig-6812_9722_0 (9722bp)
		This contig is unaligned. (9722 bp)
		Unaligned bases: 9722  total: 488916

CONTIG: contig-292_7158_0 (7158bp)
		This contig is unaligned. (7158 bp)
		Unaligned bases: 7158  total: 496074

CONTIG: contig-4240_530_0 (530bp)
		This contig is unaligned. (530 bp)
		Unaligned bases: 530  total: 496604

CONTIG: contig-782_15525_0 (15525bp)
		This contig is unaligned. (15525 bp)
		Unaligned bases: 15525  total: 512129

CONTIG: contig-3892_34502_0 (34502bp)
		This contig is unaligned. (34502 bp)
		Unaligned bases: 34502  total: 546631

CONTIG: contig-2463_7429_0 (7429bp)
		This contig is unaligned. (7429 bp)
		Unaligned bases: 7429  total: 554060

CONTIG: contig-2974_1750_0 (1750bp)
		This contig is unaligned. (1750 bp)
		Unaligned bases: 1750  total: 555810

CONTIG: contig-3672_2820_0 (2820bp)
		This contig is unaligned. (2820 bp)
		Unaligned bases: 2820  total: 558630

CONTIG: contig-7846_2480_0 (2480bp)
		This contig is unaligned. (2480 bp)
		Unaligned bases: 2480  total: 561110

CONTIG: contig-2996_1758_0 (1758bp)
		This contig is unaligned. (1758 bp)
		Unaligned bases: 1758  total: 562868

CONTIG: contig-480_13378_0 (13378bp)
		This contig is unaligned. (13378 bp)
		Unaligned bases: 13378  total: 576246

CONTIG: contig-2043_4518_0 (4518bp)
		This contig is unaligned. (4518 bp)
		Unaligned bases: 4518  total: 580764

CONTIG: contig-1184_581_0 (581bp)
		This contig is unaligned. (581 bp)
		Unaligned bases: 581  total: 581345

CONTIG: contig-8287_3688_0 (3688bp)
		This contig is unaligned. (3688 bp)
		Unaligned bases: 3688  total: 585033

CONTIG: contig-2567_28430_0 (28430bp)
		This contig is unaligned. (28430 bp)
		Unaligned bases: 28430  total: 613463

CONTIG: contig-1942_12025_0 (12025bp)
		This contig is unaligned. (12025 bp)
		Unaligned bases: 12025  total: 625488

CONTIG: contig-6025_4940_0 (4940bp)
		This contig is unaligned. (4940 bp)
		Unaligned bases: 4940  total: 630428

CONTIG: contig-924_9714_0 (9714bp)
		This contig is unaligned. (9714 bp)
		Unaligned bases: 9714  total: 640142

CONTIG: contig-952_1847_0 (1847bp)
		This contig is unaligned. (1847 bp)
		Unaligned bases: 1847  total: 641989

CONTIG: contig-1353_10008_0 (10008bp)
		This contig is unaligned. (10008 bp)
		Unaligned bases: 10008  total: 651997

CONTIG: contig-4507_4871_0 (4871bp)
		This contig is unaligned. (4871 bp)
		Unaligned bases: 4871  total: 656868

CONTIG: contig-2299_525_0 (525bp)
Top Length: 525  Top ID: 100.0
		One align captures most of this contig: 15224 15748 | 1 525 | 525 525 | 100.0 | gi|125654693|ref|NC_009008.1|_Rhodobacter_sphaeroides_2.4.1_plasmid_E__partial_sequence contig-2299_525_0

CONTIG: contig-2435_14396_0 (14396bp)
		This contig is unaligned. (14396 bp)
		Unaligned bases: 14396  total: 671264

CONTIG: contig-1383_9685_0 (9685bp)
		This contig is unaligned. (9685 bp)
		Unaligned bases: 9685  total: 680949

CONTIG: contig-6441_12625_0 (12625bp)
		This contig is unaligned. (12625 bp)
		Unaligned bases: 12625  total: 693574

CONTIG: contig-10181_3851_0 (3851bp)
		This contig is unaligned. (3851 bp)
		Unaligned bases: 3851  total: 697425

CONTIG: contig-840_6960_0 (6960bp)
		This contig is unaligned. (6960 bp)
		Unaligned bases: 6960  total: 704385

CONTIG: contig-629_12164_0 (12164bp)
		This contig is unaligned. (12164 bp)
		Unaligned bases: 12164  total: 716549

CONTIG: contig-1806_1293_0 (1293bp)
		This contig is unaligned. (1293 bp)
		Unaligned bases: 1293  total: 717842

CONTIG: contig-2660_1958_0 (1958bp)
		This contig is unaligned. (1958 bp)
		Unaligned bases: 1958  total: 719800

CONTIG: contig-4533_6834_0 (6834bp)
		This contig is unaligned. (6834 bp)
		Unaligned bases: 6834  total: 726634

CONTIG: contig-2698_2127_0 (2127bp)
		This contig is unaligned. (2127 bp)
		Unaligned bases: 2127  total: 728761

CONTIG: contig-8974_1198_0 (1198bp)
		This contig is unaligned. (1198 bp)
		Unaligned bases: 1198  total: 729959

CONTIG: contig-220_2155_0 (2155bp)
		This contig is unaligned. (2155 bp)
		Unaligned bases: 2155  total: 732114

CONTIG: contig-4423_907_0 (907bp)
		This contig is unaligned. (907 bp)
		Unaligned bases: 907  total: 733021

CONTIG: contig-3073_3944_0 (3944bp)
		This contig is unaligned. (3944 bp)
		Unaligned bases: 3944  total: 736965

CONTIG: contig-2241_2845_0 (2845bp)
		This contig is unaligned. (2845 bp)
		Unaligned bases: 2845  total: 739810

CONTIG: contig-6315_1949_0 (1949bp)
		This contig is unaligned. (1949 bp)
		Unaligned bases: 1949  total: 741759

CONTIG: contig-5488_858_0 (858bp)
		This contig is unaligned. (858 bp)
		Unaligned bases: 858  total: 742617

CONTIG: contig-204_5192_0 (5192bp)
		This contig is unaligned. (5192 bp)
		Unaligned bases: 5192  total: 747809

CONTIG: contig-1880_1715_0 (1715bp)
		This contig is unaligned. (1715 bp)
		Unaligned bases: 1715  total: 749524

CONTIG: contig-135_1364_0 (1364bp)
		This contig is unaligned. (1364 bp)
		Unaligned bases: 1364  total: 750888

CONTIG: contig-1154_34872_0 (34872bp)
		This contig is unaligned. (34872 bp)
		Unaligned bases: 34872  total: 785760

CONTIG: contig-93_14111_0 (14111bp)
		This contig is unaligned. (14111 bp)
		Unaligned bases: 14111  total: 799871

CONTIG: contig-11613_1389_0 (1389bp)
		This contig is unaligned. (1389 bp)
		Unaligned bases: 1389  total: 801260

CONTIG: contig-7884_2487_0 (2487bp)
		This contig is unaligned. (2487 bp)
		Unaligned bases: 2487  total: 803747

CONTIG: contig-9896_2324_0 (2324bp)
		This contig is unaligned. (2324 bp)
		Unaligned bases: 2324  total: 806071

CONTIG: contig-1548_11316_0 (11316bp)
		This contig is unaligned. (11316 bp)
		Unaligned bases: 11316  total: 817387

CONTIG: contig-2710_4410_0 (4410bp)
		This contig is unaligned. (4410 bp)
		Unaligned bases: 4410  total: 821797

CONTIG: contig-1651_4612_0 (4612bp)
		This contig is unaligned. (4612 bp)
		Unaligned bases: 4612  total: 826409

CONTIG: contig-881_562_0 (562bp)
		This contig is unaligned. (562 bp)
		Unaligned bases: 562  total: 826971

CONTIG: contig-4996_2013_0 (2013bp)
		This contig is unaligned. (2013 bp)
		Unaligned bases: 2013  total: 828984

CONTIG: contig-4267_20502_0 (20502bp)
		This contig is unaligned. (20502 bp)
		Unaligned bases: 20502  total: 849486

CONTIG: contig-360_2973_0 (2973bp)
		This contig is unaligned. (2973 bp)
		Unaligned bases: 2973  total: 852459

CONTIG: contig-6878_602_0 (602bp)
		This contig is unaligned. (602 bp)
		Unaligned bases: 602  total: 853061

CONTIG: contig-1681_3365_0 (3365bp)
		This contig is unaligned. (3365 bp)
		Unaligned bases: 3365  total: 856426

CONTIG: contig-2371_1578_0 (1578bp)
		This contig is unaligned. (1578 bp)
		Unaligned bases: 1578  total: 858004

CONTIG: contig-483_10729_0 (10729bp)
		This contig is unaligned. (10729 bp)
		Unaligned bases: 10729  total: 868733

CONTIG: contig-8709_5695_0 (5695bp)
		This contig is unaligned. (5695 bp)
		Unaligned bases: 5695  total: 874428

CONTIG: contig-5962_17148_0 (17148bp)
		This contig is unaligned. (17148 bp)
		Unaligned bases: 17148  total: 891576

CONTIG: contig-5991_3235_0 (3235bp)
		This contig is unaligned. (3235 bp)
		Unaligned bases: 3235  total: 894811

CONTIG: contig-507_16900_0 (16900bp)
		This contig is unaligned. (16900 bp)
		Unaligned bases: 16900  total: 911711

CONTIG: contig-1586_11217_0 (11217bp)
		This contig is unaligned. (11217 bp)
		Unaligned bases: 11217  total: 922928

CONTIG: contig-1332_7136_0 (7136bp)
		This contig is unaligned. (7136 bp)
		Unaligned bases: 7136  total: 930064

CONTIG: contig-7177_2193_0 (2193bp)
		This contig is unaligned. (2193 bp)
		Unaligned bases: 2193  total: 932257

CONTIG: contig-6635_12298_0 (12298bp)
		This contig is unaligned. (12298 bp)
		Unaligned bases: 12298  total: 944555

CONTIG: contig-2114_679_0 (679bp)
		This contig is unaligned. (679 bp)
		Unaligned bases: 679  total: 945234

CONTIG: contig-352_10290_0 (10290bp)
		This contig is unaligned. (10290 bp)
		Unaligned bases: 10290  total: 955524

CONTIG: contig-113_17916_0 (17916bp)
		This contig is unaligned. (17916 bp)
		Unaligned bases: 17916  total: 973440

CONTIG: contig-6305_1587_0 (1587bp)
		This contig is unaligned. (1587 bp)
		Unaligned bases: 1587  total: 975027

CONTIG: contig-1233_3338_0 (3338bp)
		This contig is unaligned. (3338 bp)
		Unaligned bases: 3338  total: 978365

CONTIG: contig-6599_1834_0 (1834bp)
		This contig is unaligned. (1834 bp)
		Unaligned bases: 1834  total: 980199

CONTIG: contig-3680_1151_0 (1151bp)
		This contig is unaligned. (1151 bp)
		Unaligned bases: 1151  total: 981350

CONTIG: contig-1155_2234_0 (2234bp)
		This contig is unaligned. (2234 bp)
		Unaligned bases: 2234  total: 983584

CONTIG: contig-2023_9613_0 (9613bp)
		This contig is unaligned. (9613 bp)
		Unaligned bases: 9613  total: 993197

CONTIG: contig-1906_2878_0 (2878bp)
		This contig is unaligned. (2878 bp)
		Unaligned bases: 2878  total: 996075

CONTIG: contig-1064_1534_0 (1534bp)
		This contig is unaligned. (1534 bp)
		Unaligned bases: 1534  total: 997609

CONTIG: contig-2024_6056_0 (6056bp)
		This contig is unaligned. (6056 bp)
		Unaligned bases: 6056  total: 1003665

CONTIG: contig-2541_1547_0 (1547bp)
		This contig is unaligned. (1547 bp)
		Unaligned bases: 1547  total: 1005212

CONTIG: contig-5978_3541_0 (3541bp)
		This contig is unaligned. (3541 bp)
		Unaligned bases: 3541  total: 1008753

CONTIG: contig-9556_597_0 (597bp)
Top Length: 597  Top ID: 100.0
		One align captures most of this contig: 34181 34777 | 1 597 | 597 597 | 100.0 | gi|125654693|ref|NC_009008.1|_Rhodobacter_sphaeroides_2.4.1_plasmid_E__partial_sequence contig-9556_597_0

CONTIG: contig-3221_5831_0 (5831bp)
		This contig is unaligned. (5831 bp)
		Unaligned bases: 5831  total: 1014584

CONTIG: contig-1320_5439_0 (5439bp)
		This contig is unaligned. (5439 bp)
		Unaligned bases: 5439  total: 1020023

CONTIG: contig-2704_6837_0 (6837bp)
		This contig is unaligned. (6837 bp)
		Unaligned bases: 6837  total: 1026860

CONTIG: contig-2070_3004_0 (3004bp)
		This contig is unaligned. (3004 bp)
		Unaligned bases: 3004  total: 1029864

CONTIG: contig-998_5480_0 (5480bp)
		This contig is unaligned. (5480 bp)
		Unaligned bases: 5480  total: 1035344

CONTIG: contig-1655_5244_0 (5244bp)
		This contig is unaligned. (5244 bp)
		Unaligned bases: 5244  total: 1040588

CONTIG: contig-1700_23179_0 (23179bp)
Top Length: 87  Top ID: 100.0
		This contig is partially unaligned. (87 out of 23179)
		Alignment: 35530 35616 | 23093 23179 | 87 87 | 100.0 | gi|125654693|ref|NC_009008.1|_Rhodobacter_sphaeroides_2.4.1_plasmid_E__partial_sequence contig-1700_23179_0
		Unaligned bases: 1 to 23092 (23092)

CONTIG: contig-2055_10274_0 (10274bp)
		This contig is unaligned. (10274 bp)
		Unaligned bases: 10274  total: 1050862

CONTIG: contig-22_574_0 (574bp)
		This contig is unaligned. (574 bp)
		Unaligned bases: 574  total: 1051436

CONTIG: contig-1834_1354_0 (1354bp)
		This contig is unaligned. (1354 bp)
		Unaligned bases: 1354  total: 1052790

CONTIG: contig-1666_2663_0 (2663bp)
		This contig is unaligned. (2663 bp)
		Unaligned bases: 2663  total: 1055453

CONTIG: contig-280_2291_0 (2291bp)
		This contig is unaligned. (2291 bp)
		Unaligned bases: 2291  total: 1057744

CONTIG: contig-3291_4932_0 (4932bp)
		This contig is unaligned. (4932 bp)
		Unaligned bases: 4932  total: 1062676

CONTIG: contig-947_1989_0 (1989bp)
		This contig is unaligned. (1989 bp)
		Unaligned bases: 1989  total: 1064665

CONTIG: contig-2290_6303_0 (6303bp)
		This contig is unaligned. (6303 bp)
		Unaligned bases: 6303  total: 1070968

CONTIG: contig-5137_7011_0 (7011bp)
		This contig is unaligned. (7011 bp)
		Unaligned bases: 7011  total: 1077979

CONTIG: contig-1236_3302_0 (3302bp)
		This contig is unaligned. (3302 bp)
		Unaligned bases: 3302  total: 1081281

CONTIG: contig-3523_12345_0 (12345bp)
		This contig is unaligned. (12345 bp)
		Unaligned bases: 12345  total: 1093626

CONTIG: contig-7100_12919_0 (12919bp)
		This contig is unaligned. (12919 bp)
		Unaligned bases: 12919  total: 1106545

CONTIG: contig-3464_704_0 (704bp)
		This contig is unaligned. (704 bp)
		Unaligned bases: 704  total: 1107249

CONTIG: contig-4602_9110_0 (9110bp)
		This contig is unaligned. (9110 bp)
		Unaligned bases: 9110  total: 1116359

CONTIG: contig-1600_4657_0 (4657bp)
		This contig is unaligned. (4657 bp)
		Unaligned bases: 4657  total: 1121016

CONTIG: contig-871_9041_0 (9041bp)
		This contig is unaligned. (9041 bp)
		Unaligned bases: 9041  total: 1130057

CONTIG: contig-648_661_0 (661bp)
		This contig is unaligned. (661 bp)
		Unaligned bases: 661  total: 1130718

CONTIG: contig-59_16626_0 (16626bp)
		This contig is unaligned. (16626 bp)
		Unaligned bases: 16626  total: 1147344

CONTIG: contig-1893_5959_0 (5959bp)
		This contig is unaligned. (5959 bp)
		Unaligned bases: 5959  total: 1153303

CONTIG: contig-1723_2957_0 (2957bp)
		This contig is unaligned. (2957 bp)
		Unaligned bases: 2957  total: 1156260

CONTIG: contig-465_8698_0 (8698bp)
		This contig is unaligned. (8698 bp)
		Unaligned bases: 8698  total: 1164958

CONTIG: contig-8806_9705_0 (9705bp)
		This contig is unaligned. (9705 bp)
		Unaligned bases: 9705  total: 1174663

CONTIG: contig-6379_649_0 (649bp)
		This contig is unaligned. (649 bp)
		Unaligned bases: 649  total: 1175312

CONTIG: contig-1470_9393_0 (9393bp)
		This contig is unaligned. (9393 bp)
		Unaligned bases: 9393  total: 1184705

CONTIG: contig-3811_2352_0 (2352bp)
		This contig is unaligned. (2352 bp)
		Unaligned bases: 2352  total: 1187057

CONTIG: contig-2789_6529_0 (6529bp)
		This contig is unaligned. (6529 bp)
		Unaligned bases: 6529  total: 1193586

CONTIG: contig-8996_6954_0 (6954bp)
		This contig is unaligned. (6954 bp)
		Unaligned bases: 6954  total: 1200540

CONTIG: contig-859_75323_0 (75323bp)
		This contig is unaligned. (75323 bp)
		Unaligned bases: 75323  total: 1275863

CONTIG: contig-318_636_0 (636bp)
Top Length: 636  Top ID: 100.0
		One align captures most of this contig: 17611 18246 | 1 636 | 636 636 | 100.0 | gi|125654693|ref|NC_009008.1|_Rhodobacter_sphaeroides_2.4.1_plasmid_E__partial_sequence contig-318_636_0

CONTIG: contig-3692_5913_0 (5913bp)
		This contig is unaligned. (5913 bp)
		Unaligned bases: 5913  total: 1281776

CONTIG: contig-967_11393_0 (11393bp)
		This contig is unaligned. (11393 bp)
		Unaligned bases: 11393  total: 1293169

CONTIG: contig-1816_9443_0 (9443bp)
		This contig is unaligned. (9443 bp)
		Unaligned bases: 9443  total: 1302612

CONTIG: contig-772_6610_0 (6610bp)
		This contig is unaligned. (6610 bp)
		Unaligned bases: 6610  total: 1309222

CONTIG: contig-5768_2156_0 (2156bp)
		This contig is unaligned. (2156 bp)
		Unaligned bases: 2156  total: 1311378

CONTIG: contig-1050_11365_0 (11365bp)
		This contig is unaligned. (11365 bp)
		Unaligned bases: 11365  total: 1322743

CONTIG: contig-1475_2293_0 (2293bp)
		This contig is unaligned. (2293 bp)
		Unaligned bases: 2293  total: 1325036

CONTIG: contig-5522_1942_0 (1942bp)
		This contig is unaligned. (1942 bp)
		Unaligned bases: 1942  total: 1326978

CONTIG: contig-2245_1470_0 (1470bp)
		This contig is unaligned. (1470 bp)
		Unaligned bases: 1470  total: 1328448

CONTIG: contig-8474_581_0 (581bp)
		This contig is unaligned. (581 bp)
		Unaligned bases: 581  total: 1329029

CONTIG: contig-2405_7132_0 (7132bp)
		This contig is unaligned. (7132 bp)
		Unaligned bases: 7132  total: 1336161

CONTIG: contig-6231_752_0 (752bp)
Top Length: 752  Top ID: 100.0
		One align captures most of this contig: 26643 27394 | 1 752 | 752 752 | 100.0 | gi|125654693|ref|NC_009008.1|_Rhodobacter_sphaeroides_2.4.1_plasmid_E__partial_sequence contig-6231_752_0

CONTIG: contig-1036_2839_0 (2839bp)
		This contig is unaligned. (2839 bp)
		Unaligned bases: 2839  total: 1339000

CONTIG: contig-2025_18118_0 (18118bp)
		This contig is unaligned. (18118 bp)
		Unaligned bases: 18118  total: 1357118

CONTIG: contig-1034_1689_0 (1689bp)
		This contig is unaligned. (1689 bp)
		Unaligned bases: 1689  total: 1358807

CONTIG: contig-4695_11676_0 (11676bp)
		This contig is unaligned. (11676 bp)
		Unaligned bases: 11676  total: 1370483

CONTIG: contig-1602_26635_0 (26635bp)
		This contig is unaligned. (26635 bp)
		Unaligned bases: 26635  total: 1397118

CONTIG: contig-690_1460_0 (1460bp)
		This contig is unaligned. (1460 bp)
		Unaligned bases: 1460  total: 1398578

CONTIG: contig-2617_2010_0 (2010bp)
		This contig is unaligned. (2010 bp)
		Unaligned bases: 2010  total: 1400588

CONTIG: contig-2428_2760_0 (2760bp)
		This contig is unaligned. (2760 bp)
		Unaligned bases: 2760  total: 1403348

CONTIG: contig-777_16675_0 (16675bp)
		This contig is unaligned. (16675 bp)
		Unaligned bases: 16675  total: 1420023

CONTIG: contig-11197_710_0 (710bp)
Top Length: 710  Top ID: 100.0
		One align captures most of this contig: 3146 3855 | 710 1 | 710 710 | 100.0 | gi|125654693|ref|NC_009008.1|_Rhodobacter_sphaeroides_2.4.1_plasmid_E__partial_sequence contig-11197_710_0

CONTIG: contig-5412_2354_0 (2354bp)
		This contig is unaligned. (2354 bp)
		Unaligned bases: 2354  total: 1422377

CONTIG: contig-2341_1270_0 (1270bp)
		This contig is unaligned. (1270 bp)
		Unaligned bases: 1270  total: 1423647

CONTIG: contig-2378_28084_0 (28084bp)
		This contig is unaligned. (28084 bp)
		Unaligned bases: 28084  total: 1451731

CONTIG: contig-7113_3004_0 (3004bp)
		This contig is unaligned. (3004 bp)
		Unaligned bases: 3004  total: 1454735

CONTIG: contig-110_9139_0 (9139bp)
		This contig is unaligned. (9139 bp)
		Unaligned bases: 9139  total: 1463874

CONTIG: contig-2966_857_0 (857bp)
		This contig is unaligned. (857 bp)
		Unaligned bases: 857  total: 1464731

CONTIG: contig-5672_1411_0 (1411bp)
		This contig is unaligned. (1411 bp)
		Unaligned bases: 1411  total: 1466142

CONTIG: contig-8123_1370_0 (1370bp)
		This contig is unaligned. (1370 bp)
		Unaligned bases: 1370  total: 1467512

CONTIG: contig-4223_5819_0 (5819bp)
		This contig is unaligned. (5819 bp)
		Unaligned bases: 5819  total: 1473331

CONTIG: contig-5900_20473_0 (20473bp)
		This contig is unaligned. (20473 bp)
		Unaligned bases: 20473  total: 1493804

CONTIG: contig-2395_10486_0 (10486bp)
		This contig is unaligned. (10486 bp)
		Unaligned bases: 10486  total: 1504290

CONTIG: contig-7305_1374_0 (1374bp)
		This contig is unaligned. (1374 bp)
		Unaligned bases: 1374  total: 1505664

CONTIG: contig-6087_1802_0 (1802bp)
		This contig is unaligned. (1802 bp)
		Unaligned bases: 1802  total: 1507466

CONTIG: contig-2471_3181_0 (3181bp)
		This contig is unaligned. (3181 bp)
		Unaligned bases: 3181  total: 1510647

CONTIG: contig-2110_3066_0 (3066bp)
		This contig is unaligned. (3066 bp)
		Unaligned bases: 3066  total: 1513713

CONTIG: contig-3961_61836_0 (61836bp)
		This contig is unaligned. (61836 bp)
		Unaligned bases: 61836  total: 1575549

CONTIG: contig-2752_544_0 (544bp)
		This contig is unaligned. (544 bp)
		Unaligned bases: 544  total: 1576093

CONTIG: contig-7419_2716_0 (2716bp)
		This contig is unaligned. (2716 bp)
		Unaligned bases: 2716  total: 1578809

CONTIG: contig-310_10643_0 (10643bp)
		This contig is unaligned. (10643 bp)
		Unaligned bases: 10643  total: 1589452

CONTIG: contig-2614_4463_0 (4463bp)
		This contig is unaligned. (4463 bp)
		Unaligned bases: 4463  total: 1593915

CONTIG: contig-1350_7146_0 (7146bp)
		This contig is unaligned. (7146 bp)
		Unaligned bases: 7146  total: 1601061

CONTIG: contig-2321_2118_0 (2118bp)
		This contig is unaligned. (2118 bp)
		Unaligned bases: 2118  total: 1603179

CONTIG: contig-1557_21843_0 (21843bp)
		This contig is unaligned. (21843 bp)
		Unaligned bases: 21843  total: 1625022

CONTIG: contig-7119_5551_0 (5551bp)
		This contig is unaligned. (5551 bp)
		Unaligned bases: 5551  total: 1630573

CONTIG: contig-1454_10253_0 (10253bp)
		This contig is unaligned. (10253 bp)
		Unaligned bases: 10253  total: 1640826

CONTIG: contig-3456_2842_0 (2842bp)
		This contig is unaligned. (2842 bp)
		Unaligned bases: 2842  total: 1643668

CONTIG: contig-328_3996_0 (3996bp)
		This contig is unaligned. (3996 bp)
		Unaligned bases: 3996  total: 1647664

CONTIG: contig-390_1932_0 (1932bp)
Top Length: 1932  Top ID: 100.0
		One align captures most of this contig: 24027 25958 | 1932 1 | 1932 1932 | 100.0 | gi|125654693|ref|NC_009008.1|_Rhodobacter_sphaeroides_2.4.1_plasmid_E__partial_sequence contig-390_1932_0

CONTIG: contig-8942_12872_0 (12872bp)
		This contig is unaligned. (12872 bp)
		Unaligned bases: 12872  total: 1660536

CONTIG: contig-2122_9653_0 (9653bp)
		This contig is unaligned. (9653 bp)
		Unaligned bases: 9653  total: 1670189

CONTIG: contig-8313_587_0 (587bp)
		This contig is unaligned. (587 bp)
		Unaligned bases: 587  total: 1670776

CONTIG: contig-1674_11473_0 (11473bp)
		This contig is unaligned. (11473 bp)
		Unaligned bases: 11473  total: 1682249

CONTIG: contig-6932_526_0 (526bp)
		This contig is unaligned. (526 bp)
		Unaligned bases: 526  total: 1682775

CONTIG: contig-4013_2324_0 (2324bp)
		This contig is unaligned. (2324 bp)
		Unaligned bases: 2324  total: 1685099

CONTIG: contig-1411_20149_0 (20149bp)
		This contig is unaligned. (20149 bp)
		Unaligned bases: 20149  total: 1705248

CONTIG: contig-1840_16346_0 (16346bp)
		This contig is unaligned. (16346 bp)
		Unaligned bases: 16346  total: 1721594

CONTIG: contig-3482_9245_0 (9245bp)
		This contig is unaligned. (9245 bp)
		Unaligned bases: 9245  total: 1730839

CONTIG: contig-5175_2704_0 (2704bp)
		This contig is unaligned. (2704 bp)
		Unaligned bases: 2704  total: 1733543

CONTIG: contig-4520_2576_0 (2576bp)
		This contig is unaligned. (2576 bp)
		Unaligned bases: 2576  total: 1736119

CONTIG: contig-3215_931_0 (931bp)
		This contig is unaligned. (931 bp)
		Unaligned bases: 931  total: 1737050

CONTIG: contig-3309_3958_0 (3958bp)
		This contig is unaligned. (3958 bp)
		Unaligned bases: 3958  total: 1741008

CONTIG: contig-1883_5678_0 (5678bp)
		This contig is unaligned. (5678 bp)
		Unaligned bases: 5678  total: 1746686

CONTIG: contig-694_638_0 (638bp)
		This contig is unaligned. (638 bp)
		Unaligned bases: 638  total: 1747324

CONTIG: contig-6630_2837_0 (2837bp)
		This contig is unaligned. (2837 bp)
		Unaligned bases: 2837  total: 1750161

CONTIG: contig-30_7216_0 (7216bp)
		This contig is unaligned. (7216 bp)
		Unaligned bases: 7216  total: 1757377

CONTIG: contig-1227_7245_0 (7245bp)
		This contig is unaligned. (7245 bp)
		Unaligned bases: 7245  total: 1764622

CONTIG: contig-5068_10737_0 (10737bp)
		This contig is unaligned. (10737 bp)
		Unaligned bases: 10737  total: 1775359

CONTIG: contig-3647_12163_0 (12163bp)
		This contig is unaligned. (12163 bp)
		Unaligned bases: 12163  total: 1787522

CONTIG: contig-3742_1873_0 (1873bp)
		This contig is unaligned. (1873 bp)
		Unaligned bases: 1873  total: 1789395

CONTIG: contig-2155_8756_0 (8756bp)
		This contig is unaligned. (8756 bp)
		Unaligned bases: 8756  total: 1798151

CONTIG: contig-622_11876_0 (11876bp)
		This contig is unaligned. (11876 bp)
		Unaligned bases: 11876  total: 1810027

CONTIG: contig-1205_28241_0 (28241bp)
		This contig is unaligned. (28241 bp)
		Unaligned bases: 28241  total: 1838268

CONTIG: contig-3657_11676_0 (11676bp)
		This contig is unaligned. (11676 bp)
		Unaligned bases: 11676  total: 1849944

CONTIG: contig-2643_19578_0 (19578bp)
		This contig is unaligned. (19578 bp)
		Unaligned bases: 19578  total: 1869522

CONTIG: contig-1604_15252_0 (15252bp)
		This contig is unaligned. (15252 bp)
		Unaligned bases: 15252  total: 1884774

CONTIG: contig-6881_3234_0 (3234bp)
		This contig is unaligned. (3234 bp)
		Unaligned bases: 3234  total: 1888008

CONTIG: contig-3280_8089_0 (8089bp)
		This contig is unaligned. (8089 bp)
		Unaligned bases: 8089  total: 1896097

CONTIG: contig-230_10168_0 (10168bp)
		This contig is unaligned. (10168 bp)
		Unaligned bases: 10168  total: 1906265

CONTIG: contig-4249_7918_0 (7918bp)
		This contig is unaligned. (7918 bp)
		Unaligned bases: 7918  total: 1914183

CONTIG: contig-7682_5230_0 (5230bp)
		This contig is unaligned. (5230 bp)
		Unaligned bases: 5230  total: 1919413

CONTIG: contig-212_1085_0 (1085bp)
		This contig is unaligned. (1085 bp)
		Unaligned bases: 1085  total: 1920498

CONTIG: contig-1694_3347_0 (3347bp)
		This contig is unaligned. (3347 bp)
		Unaligned bases: 3347  total: 1923845

CONTIG: contig-4055_1802_0 (1802bp)
		This contig is unaligned. (1802 bp)
		Unaligned bases: 1802  total: 1925647

CONTIG: contig-7181_33661_0 (33661bp)
		This contig is unaligned. (33661 bp)
		Unaligned bases: 33661  total: 1959308

CONTIG: contig-8212_716_0 (716bp)
		This contig is unaligned. (716 bp)
		Unaligned bases: 716  total: 1960024

CONTIG: contig-8408_11057_0 (11057bp)
		This contig is unaligned. (11057 bp)
		Unaligned bases: 11057  total: 1971081

CONTIG: contig-1567_1004_0 (1004bp)
		This contig is unaligned. (1004 bp)
		Unaligned bases: 1004  total: 1972085

CONTIG: contig-3799_6836_0 (6836bp)
		This contig is unaligned. (6836 bp)
		Unaligned bases: 6836  total: 1978921

CONTIG: contig-7800_2606_0 (2606bp)
		This contig is unaligned. (2606 bp)
		Unaligned bases: 2606  total: 1981527

CONTIG: contig-3536_9176_0 (9176bp)
		This contig is unaligned. (9176 bp)
		Unaligned bases: 9176  total: 1990703

CONTIG: contig-468_1877_0 (1877bp)
		This contig is unaligned. (1877 bp)
		Unaligned bases: 1877  total: 1992580

CONTIG: contig-3173_1842_0 (1842bp)
		This contig is unaligned. (1842 bp)
		Unaligned bases: 1842  total: 1994422

CONTIG: contig-2037_1054_0 (1054bp)
		This contig is unaligned. (1054 bp)
		Unaligned bases: 1054  total: 1995476

CONTIG: contig-2518_16208_0 (16208bp)
		This contig is unaligned. (16208 bp)
		Unaligned bases: 16208  total: 2011684

CONTIG: contig-2319_3372_0 (3372bp)
		This contig is unaligned. (3372 bp)
		Unaligned bases: 3372  total: 2015056

CONTIG: contig-1668_5953_0 (5953bp)
		This contig is unaligned. (5953 bp)
		Unaligned bases: 5953  total: 2021009

CONTIG: contig-1571_25450_0 (25450bp)
		This contig is unaligned. (25450 bp)
		Unaligned bases: 25450  total: 2046459

CONTIG: contig-2211_6941_0 (6941bp)
Top Length: 117  Top ID: 99.15
		This contig is partially unaligned. (117 out of 6941)
		Alignment: 6048 6164 | 1 117 | 117 117 | 99.15 | gi|125654693|ref|NC_009008.1|_Rhodobacter_sphaeroides_2.4.1_plasmid_E__partial_sequence contig-2211_6941_0
		Unaligned bases: 118 to 6941 (6824)

CONTIG: contig-5168_24304_0 (24304bp)
		This contig is unaligned. (24304 bp)
		Unaligned bases: 24304  total: 2070763

CONTIG: contig-7697_2026_0 (2026bp)
		This contig is unaligned. (2026 bp)
		Unaligned bases: 2026  total: 2072789

CONTIG: contig-4358_2422_0 (2422bp)
		This contig is unaligned. (2422 bp)
		Unaligned bases: 2422  total: 2075211

CONTIG: contig-5095_7106_0 (7106bp)
		This contig is unaligned. (7106 bp)
		Unaligned bases: 7106  total: 2082317

CONTIG: contig-2491_8143_0 (8143bp)
		This contig is unaligned. (8143 bp)
		Unaligned bases: 8143  total: 2090460

CONTIG: contig-3107_2362_0 (2362bp)
		This contig is unaligned. (2362 bp)
		Unaligned bases: 2362  total: 2092822

CONTIG: contig-1218_14225_0 (14225bp)
		This contig is unaligned. (14225 bp)
		Unaligned bases: 14225  total: 2107047

CONTIG: contig-2436_9540_0 (9540bp)
		This contig is unaligned. (9540 bp)
		Unaligned bases: 9540  total: 2116587

CONTIG: contig-8177_22936_0 (22936bp)
		This contig is unaligned. (22936 bp)
		Unaligned bases: 22936  total: 2139523

CONTIG: contig-5180_1601_0 (1601bp)
		This contig is unaligned. (1601 bp)
		Unaligned bases: 1601  total: 2141124

CONTIG: contig-2639_1793_0 (1793bp)
		This contig is unaligned. (1793 bp)
		Unaligned bases: 1793  total: 2142917

CONTIG: contig-3632_1316_0 (1316bp)
		This contig is unaligned. (1316 bp)
		Unaligned bases: 1316  total: 2144233

CONTIG: contig-2669_3196_0 (3196bp)
		This contig is unaligned. (3196 bp)
		Unaligned bases: 3196  total: 2147429

CONTIG: contig-2106_13468_0 (13468bp)
		This contig is unaligned. (13468 bp)
		Unaligned bases: 13468  total: 2160897

CONTIG: contig-9122_11544_0 (11544bp)
		This contig is unaligned. (11544 bp)
		Unaligned bases: 11544  total: 2172441

CONTIG: contig-2621_4059_0 (4059bp)
		This contig is unaligned. (4059 bp)
		Unaligned bases: 4059  total: 2176500

CONTIG: contig-635_3515_0 (3515bp)
		This contig is unaligned. (3515 bp)
		Unaligned bases: 3515  total: 2180015

CONTIG: contig-36_2451_0 (2451bp)
		This contig is unaligned. (2451 bp)
		Unaligned bases: 2451  total: 2182466

CONTIG: contig-65_10502_0 (10502bp)
		This contig is unaligned. (10502 bp)
		Unaligned bases: 10502  total: 2192968

CONTIG: contig-3884_7915_0 (7915bp)
		This contig is unaligned. (7915 bp)
		Unaligned bases: 7915  total: 2200883

CONTIG: contig-2696_12057_0 (12057bp)
		This contig is unaligned. (12057 bp)
		Unaligned bases: 12057  total: 2212940

CONTIG: contig-5851_3746_0 (3746bp)
		This contig is unaligned. (3746 bp)
		Unaligned bases: 3746  total: 2216686

CONTIG: contig-226_1103_0 (1103bp)
		This contig is unaligned. (1103 bp)
		Unaligned bases: 1103  total: 2217789

CONTIG: contig-1268_3072_0 (3072bp)
		This contig is unaligned. (3072 bp)
		Unaligned bases: 3072  total: 2220861

CONTIG: contig-6396_2907_0 (2907bp)
		This contig is unaligned. (2907 bp)
		Unaligned bases: 2907  total: 2223768

CONTIG: contig-11786_5036_0 (5036bp)
		This contig is unaligned. (5036 bp)
		Unaligned bases: 5036  total: 2228804

CONTIG: contig-4639_24821_0 (24821bp)
		This contig is unaligned. (24821 bp)
		Unaligned bases: 24821  total: 2253625

CONTIG: contig-1639_12793_0 (12793bp)
		This contig is unaligned. (12793 bp)
		Unaligned bases: 12793  total: 2266418

CONTIG: contig-2154_11140_0 (11140bp)
		This contig is unaligned. (11140 bp)
		Unaligned bases: 11140  total: 2277558

CONTIG: contig-1047_3767_0 (3767bp)
		This contig is unaligned. (3767 bp)
		Unaligned bases: 3767  total: 2281325

CONTIG: contig-10038_920_0 (920bp)
		This contig is unaligned. (920 bp)
		Unaligned bases: 920  total: 2282245

CONTIG: contig-63_2620_0 (2620bp)
		This contig is unaligned. (2620 bp)
		Unaligned bases: 2620  total: 2284865

CONTIG: contig-1434_9703_0 (9703bp)
		This contig is unaligned. (9703 bp)
		Unaligned bases: 9703  total: 2294568

CONTIG: contig-2069_7040_0 (7040bp)
		This contig is unaligned. (7040 bp)
		Unaligned bases: 7040  total: 2301608

CONTIG: contig-6051_4881_0 (4881bp)
		This contig is unaligned. (4881 bp)
		Unaligned bases: 4881  total: 2306489

CONTIG: contig-2242_20544_0 (20544bp)
		This contig is unaligned. (20544 bp)
		Unaligned bases: 20544  total: 2327033

CONTIG: contig-7484_16383_0 (16383bp)
		This contig is unaligned. (16383 bp)
		Unaligned bases: 16383  total: 2343416

CONTIG: contig-2937_914_0 (914bp)
		This contig is unaligned. (914 bp)
		Unaligned bases: 914  total: 2344330

CONTIG: contig-11154_993_0 (993bp)
		This contig is unaligned. (993 bp)
		Unaligned bases: 993  total: 2345323

CONTIG: contig-720_20325_0 (20325bp)
		This contig is unaligned. (20325 bp)
		Unaligned bases: 20325  total: 2365648

CONTIG: contig-2039_3478_0 (3478bp)
		This contig is unaligned. (3478 bp)
		Unaligned bases: 3478  total: 2369126

CONTIG: contig-8650_2332_0 (2332bp)
		This contig is unaligned. (2332 bp)
		Unaligned bases: 2332  total: 2371458

CONTIG: contig-6067_37659_0 (37659bp)
		This contig is unaligned. (37659 bp)
		Unaligned bases: 37659  total: 2409117

CONTIG: contig-833_2322_0 (2322bp)
		This contig is unaligned. (2322 bp)
		Unaligned bases: 2322  total: 2411439

CONTIG: contig-7459_23116_0 (23116bp)
		This contig is unaligned. (23116 bp)
		Unaligned bases: 23116  total: 2434555

CONTIG: contig-4094_1154_0 (1154bp)
		This contig is unaligned. (1154 bp)
		Unaligned bases: 1154  total: 2435709

CONTIG: contig-4248_36555_0 (36555bp)
		This contig is unaligned. (36555 bp)
		Unaligned bases: 36555  total: 2472264

CONTIG: contig-1057_5027_0 (5027bp)
		This contig is unaligned. (5027 bp)
		Unaligned bases: 5027  total: 2477291

CONTIG: contig-7062_11833_0 (11833bp)
		This contig is unaligned. (11833 bp)
		Unaligned bases: 11833  total: 2489124

CONTIG: contig-6234_5269_0 (5269bp)
		This contig is unaligned. (5269 bp)
		Unaligned bases: 5269  total: 2494393

CONTIG: contig-350_20260_0 (20260bp)
		This contig is unaligned. (20260 bp)
		Unaligned bases: 20260  total: 2514653

CONTIG: contig-4938_1365_0 (1365bp)
		This contig is unaligned. (1365 bp)
		Unaligned bases: 1365  total: 2516018

CONTIG: contig-7463_14035_0 (14035bp)
		This contig is unaligned. (14035 bp)
		Unaligned bases: 14035  total: 2530053

CONTIG: contig-5591_1290_0 (1290bp)
		This contig is unaligned. (1290 bp)
		Unaligned bases: 1290  total: 2531343

CONTIG: contig-4160_2284_0 (2284bp)
Top Length: 1930  Top ID: 100.0
		This contig is misassembled. 2 total aligns.
			Real Alignment 2: 36747 37100 | 1 354 | 354 354 | 100.0 | gi|125654693|ref|NC_009008.1|_Rhodobacter_sphaeroides_2.4.1_plasmid_E__partial_sequence contig-4160_2284_0
			  Fake misassembly (caused by linear representation of circular genome) between these two alignments
			Real Alignment 1: 1 1930 | 355 2284 | 1930 1930 | 100.0 | gi|125654693|ref|NC_009008.1|_Rhodobacter_sphaeroides_2.4.1_plasmid_E__partial_sequence contig-4160_2284_0

CONTIG: contig-8374_1306_0 (1306bp)
		This contig is unaligned. (1306 bp)
		Unaligned bases: 1306  total: 2532649

CONTIG: contig-523_5786_0 (5786bp)
		This contig is unaligned. (5786 bp)
		Unaligned bases: 5786  total: 2538435

CONTIG: contig-5736_3236_0 (3236bp)
		This contig is unaligned. (3236 bp)
		Unaligned bases: 3236  total: 2541671

CONTIG: contig-7254_4750_0 (4750bp)
		This contig is unaligned. (4750 bp)
		Unaligned bases: 4750  total: 2546421

CONTIG: contig-3502_2468_0 (2468bp)
		This contig is unaligned. (2468 bp)
		Unaligned bases: 2468  total: 2548889

CONTIG: contig-5355_734_0 (734bp)
		This contig is unaligned. (734 bp)
		Unaligned bases: 734  total: 2549623

CONTIG: contig-338_18887_0 (18887bp)
		This contig is unaligned. (18887 bp)
		Unaligned bases: 18887  total: 2568510

CONTIG: contig-5396_1287_0 (1287bp)
		This contig is unaligned. (1287 bp)
		Unaligned bases: 1287  total: 2569797

CONTIG: contig-750_2055_0 (2055bp)
		This contig is unaligned. (2055 bp)
		Unaligned bases: 2055  total: 2571852

CONTIG: contig-599_1124_0 (1124bp)
		This contig is unaligned. (1124 bp)
		Unaligned bases: 1124  total: 2572976

CONTIG: contig-2910_7948_0 (7948bp)
		This contig is unaligned. (7948 bp)
		Unaligned bases: 7948  total: 2580924

CONTIG: contig-5285_2913_0 (2913bp)
		This contig is unaligned. (2913 bp)
		Unaligned bases: 2913  total: 2583837

CONTIG: contig-3951_589_0 (589bp)
		This contig is unaligned. (589 bp)
		Unaligned bases: 589  total: 2584426

CONTIG: contig-7430_1971_0 (1971bp)
		This contig is unaligned. (1971 bp)
		Unaligned bases: 1971  total: 2586397

CONTIG: contig-2684_4629_0 (4629bp)
		This contig is unaligned. (4629 bp)
		Unaligned bases: 4629  total: 2591026

CONTIG: contig-2993_6996_0 (6996bp)
		This contig is unaligned. (6996 bp)
		Unaligned bases: 6996  total: 2598022

CONTIG: contig-6803_17433_0 (17433bp)
		This contig is unaligned. (17433 bp)
		Unaligned bases: 17433  total: 2615455

CONTIG: contig-3492_15942_0 (15942bp)
		This contig is unaligned. (15942 bp)
		Unaligned bases: 15942  total: 2631397

CONTIG: contig-678_2449_0 (2449bp)
		This contig is unaligned. (2449 bp)
		Unaligned bases: 2449  total: 2633846

CONTIG: contig-4754_1994_0 (1994bp)
		This contig is unaligned. (1994 bp)
		Unaligned bases: 1994  total: 2635840

CONTIG: contig-6216_2766_0 (2766bp)
		This contig is unaligned. (2766 bp)
		Unaligned bases: 2766  total: 2638606

CONTIG: contig-7998_5915_0 (5915bp)
		This contig is unaligned. (5915 bp)
		Unaligned bases: 5915  total: 2644521

CONTIG: contig-3830_11455_0 (11455bp)
		This contig is unaligned. (11455 bp)
		Unaligned bases: 11455  total: 2655976

CONTIG: contig-2967_6947_0 (6947bp)
		This contig is unaligned. (6947 bp)
		Unaligned bases: 6947  total: 2662923

CONTIG: contig-1779_5330_0 (5330bp)
		This contig is unaligned. (5330 bp)
		Unaligned bases: 5330  total: 2668253

CONTIG: contig-2723_6276_0 (6276bp)
		This contig is unaligned. (6276 bp)
		Unaligned bases: 6276  total: 2674529

CONTIG: contig-333_2423_0 (2423bp)
		This contig is unaligned. (2423 bp)
		Unaligned bases: 2423  total: 2676952

CONTIG: contig-8899_785_0 (785bp)
		This contig is unaligned. (785 bp)
		Unaligned bases: 785  total: 2677737

CONTIG: contig-8315_8322_0 (8322bp)
		This contig is unaligned. (8322 bp)
		Unaligned bases: 8322  total: 2686059

CONTIG: contig-8772_17253_0 (17253bp)
		This contig is unaligned. (17253 bp)
		Unaligned bases: 17253  total: 2703312

CONTIG: contig-2170_9676_0 (9676bp)
		This contig is unaligned. (9676 bp)
		Unaligned bases: 9676  total: 2712988

CONTIG: contig-3909_2372_0 (2372bp)
		This contig is unaligned. (2372 bp)
		Unaligned bases: 2372  total: 2715360

CONTIG: contig-1914_561_0 (561bp)
		This contig is unaligned. (561 bp)
		Unaligned bases: 561  total: 2715921

CONTIG: contig-4230_14826_0 (14826bp)
		This contig is unaligned. (14826 bp)
		Unaligned bases: 14826  total: 2730747

CONTIG: contig-1603_1533_0 (1533bp)
		This contig is unaligned. (1533 bp)
		Unaligned bases: 1533  total: 2732280

CONTIG: contig-1093_625_0 (625bp)
		This contig is unaligned. (625 bp)
		Unaligned bases: 625  total: 2732905

CONTIG: contig-7714_4801_0 (4801bp)
		This contig is unaligned. (4801 bp)
		Unaligned bases: 4801  total: 2737706

CONTIG: contig-1615_788_0 (788bp)
Top Length: 788  Top ID: 100.0
		One align captures most of this contig: 4676 5463 | 788 1 | 788 788 | 100.0 | gi|125654693|ref|NC_009008.1|_Rhodobacter_sphaeroides_2.4.1_plasmid_E__partial_sequence contig-1615_788_0

CONTIG: contig-511_7425_0 (7425bp)
		This contig is unaligned. (7425 bp)
		Unaligned bases: 7425  total: 2745131

CONTIG: contig-11991_535_0 (535bp)
		This contig is unaligned. (535 bp)
		Unaligned bases: 535  total: 2745666

CONTIG: contig-3659_3735_0 (3735bp)
		This contig is unaligned. (3735 bp)
		Unaligned bases: 3735  total: 2749401

CONTIG: contig-6367_3739_0 (3739bp)
		This contig is unaligned. (3739 bp)
		Unaligned bases: 3739  total: 2753140

CONTIG: contig-9365_7690_0 (7690bp)
		This contig is unaligned. (7690 bp)
		Unaligned bases: 7690  total: 2760830

CONTIG: contig-3911_12813_0 (12813bp)
		This contig is unaligned. (12813 bp)
		Unaligned bases: 12813  total: 2773643

CONTIG: contig-4417_1297_0 (1297bp)
		This contig is unaligned. (1297 bp)
		Unaligned bases: 1297  total: 2774940

CONTIG: contig-8460_2985_0 (2985bp)
		This contig is unaligned. (2985 bp)
		Unaligned bases: 2985  total: 2777925

CONTIG: contig-9760_13487_0 (13487bp)
		This contig is unaligned. (13487 bp)
		Unaligned bases: 13487  total: 2791412

CONTIG: contig-3538_7188_0 (7188bp)
		This contig is unaligned. (7188 bp)
		Unaligned bases: 7188  total: 2798600

CONTIG: contig-1746_9979_0 (9979bp)
		This contig is unaligned. (9979 bp)
		Unaligned bases: 9979  total: 2808579

CONTIG: contig-1838_1818_0 (1818bp)
		This contig is unaligned. (1818 bp)
		Unaligned bases: 1818  total: 2810397

CONTIG: contig-7137_14771_0 (14771bp)
		This contig is unaligned. (14771 bp)
		Unaligned bases: 14771  total: 2825168

CONTIG: contig-3691_6917_0 (6917bp)
		This contig is unaligned. (6917 bp)
		Unaligned bases: 6917  total: 2832085

CONTIG: contig-3595_530_0 (530bp)
		This contig is unaligned. (530 bp)
		Unaligned bases: 530  total: 2832615

CONTIG: contig-7613_572_0 (572bp)
		This contig is unaligned. (572 bp)
		Unaligned bases: 572  total: 2833187

CONTIG: contig-4123_3068_0 (3068bp)
		This contig is unaligned. (3068 bp)
		Unaligned bases: 3068  total: 2836255

CONTIG: contig-1670_1326_0 (1326bp)
		This contig is unaligned. (1326 bp)
		Unaligned bases: 1326  total: 2837581

CONTIG: contig-2610_4130_0 (4130bp)
		This contig is unaligned. (4130 bp)
		Unaligned bases: 4130  total: 2841711

CONTIG: contig-1025_2604_0 (2604bp)
		This contig is unaligned. (2604 bp)
		Unaligned bases: 2604  total: 2844315

CONTIG: contig-4134_907_0 (907bp)
		This contig is unaligned. (907 bp)
		Unaligned bases: 907  total: 2845222

CONTIG: contig-2224_1020_0 (1020bp)
		This contig is unaligned. (1020 bp)
		Unaligned bases: 1020  total: 2846242

CONTIG: contig-991_1224_0 (1224bp)
		This contig is unaligned. (1224 bp)
		Unaligned bases: 1224  total: 2847466

CONTIG: contig-879_3488_0 (3488bp)
		This contig is unaligned. (3488 bp)
		Unaligned bases: 3488  total: 2850954

CONTIG: contig-914_6147_0 (6147bp)
		This contig is unaligned. (6147 bp)
		Unaligned bases: 6147  total: 2857101

CONTIG: contig-9252_12103_0 (12103bp)
		This contig is unaligned. (12103 bp)
		Unaligned bases: 12103  total: 2869204

CONTIG: contig-529_4673_0 (4673bp)
		This contig is unaligned. (4673 bp)
		Unaligned bases: 4673  total: 2873877

CONTIG: contig-12101_1261_0 (1261bp)
		This contig is unaligned. (1261 bp)
		Unaligned bases: 1261  total: 2875138

CONTIG: contig-1114_1136_0 (1136bp)
		This contig is unaligned. (1136 bp)
		Unaligned bases: 1136  total: 2876274

CONTIG: contig-1869_606_0 (606bp)
Top Length: 606  Top ID: 100.0
		One align captures most of this contig: 32185 32790 | 1 606 | 606 606 | 100.0 | gi|125654693|ref|NC_009008.1|_Rhodobacter_sphaeroides_2.4.1_plasmid_E__partial_sequence contig-1869_606_0

CONTIG: contig-2131_15950_0 (15950bp)
		This contig is unaligned. (15950 bp)
		Unaligned bases: 15950  total: 2892224

CONTIG: contig-1750_28712_0 (28712bp)
		This contig is unaligned. (28712 bp)
		Unaligned bases: 28712  total: 2920936

CONTIG: contig-8330_962_0 (962bp)
		This contig is unaligned. (962 bp)
		Unaligned bases: 962  total: 2921898

CONTIG: contig-4114_3651_0 (3651bp)
		This contig is unaligned. (3651 bp)
		Unaligned bases: 3651  total: 2925549

CONTIG: contig-10568_12113_0 (12113bp)
		This contig is unaligned. (12113 bp)
		Unaligned bases: 12113  total: 2937662

CONTIG: contig-3658_7405_0 (7405bp)
		This contig is unaligned. (7405 bp)
		Unaligned bases: 7405  total: 2945067

CONTIG: contig-6003_609_0 (609bp)
		This contig is unaligned. (609 bp)
		Unaligned bases: 609  total: 2945676

CONTIG: contig-11835_3569_0 (3569bp)
		This contig is unaligned. (3569 bp)
		Unaligned bases: 3569  total: 2949245

CONTIG: contig-368_6695_0 (6695bp)
		This contig is unaligned. (6695 bp)
		Unaligned bases: 6695  total: 2955940

CONTIG: contig-5757_1081_0 (1081bp)
		This contig is unaligned. (1081 bp)
		Unaligned bases: 1081  total: 2957021

CONTIG: contig-3992_17583_0 (17583bp)
		This contig is unaligned. (17583 bp)
		Unaligned bases: 17583  total: 2974604

CONTIG: contig-2995_1872_0 (1872bp)
		This contig is unaligned. (1872 bp)
		Unaligned bases: 1872  total: 2976476

CONTIG: contig-1352_15125_0 (15125bp)
		This contig is unaligned. (15125 bp)
		Unaligned bases: 15125  total: 2991601

CONTIG: contig-9186_18102_0 (18102bp)
Top Length: 100  Top ID: 100.0
		This contig is partially unaligned. (100 out of 18102)
		Alignment: 6019 6118 | 18003 18102 | 100 100 | 100.0 | gi|125654693|ref|NC_009008.1|_Rhodobacter_sphaeroides_2.4.1_plasmid_E__partial_sequence contig-9186_18102_0
		Unaligned bases: 1 to 18002 (18002)

CONTIG: contig-6563_3052_0 (3052bp)
		This contig is unaligned. (3052 bp)
		Unaligned bases: 3052  total: 2994653

CONTIG: contig-2129_3718_0 (3718bp)
		This contig is unaligned. (3718 bp)
		Unaligned bases: 3718  total: 2998371

CONTIG: contig-5645_2428_0 (2428bp)
		This contig is unaligned. (2428 bp)
		Unaligned bases: 2428  total: 3000799

CONTIG: contig-1182_7903_0 (7903bp)
		This contig is unaligned. (7903 bp)
		Unaligned bases: 7903  total: 3008702

CONTIG: contig-3771_37897_0 (37897bp)
		This contig is unaligned. (37897 bp)
		Unaligned bases: 37897  total: 3046599

CONTIG: contig-1265_5841_0 (5841bp)
		This contig is unaligned. (5841 bp)
		Unaligned bases: 5841  total: 3052440

CONTIG: contig-1303_3090_0 (3090bp)
		This contig is unaligned. (3090 bp)
		Unaligned bases: 3090  total: 3055530

CONTIG: contig-506_7168_0 (7168bp)
		This contig is unaligned. (7168 bp)
		Unaligned bases: 7168  total: 3062698

CONTIG: contig-1171_2771_0 (2771bp)
		This contig is unaligned. (2771 bp)
		Unaligned bases: 2771  total: 3065469

CONTIG: contig-4219_2348_0 (2348bp)
		This contig is unaligned. (2348 bp)
		Unaligned bases: 2348  total: 3067817

CONTIG: contig-5037_15020_0 (15020bp)
		This contig is unaligned. (15020 bp)
		Unaligned bases: 15020  total: 3082837

CONTIG: contig-8416_3324_0 (3324bp)
		This contig is unaligned. (3324 bp)
		Unaligned bases: 3324  total: 3086161

CONTIG: contig-2473_22621_0 (22621bp)
		This contig is unaligned. (22621 bp)
		Unaligned bases: 22621  total: 3108782

CONTIG: contig-6371_16826_0 (16826bp)
		This contig is unaligned. (16826 bp)
		Unaligned bases: 16826  total: 3125608

CONTIG: contig-1343_22251_0 (22251bp)
		This contig is unaligned. (22251 bp)
		Unaligned bases: 22251  total: 3147859

CONTIG: contig-7096_18254_0 (18254bp)
		This contig is unaligned. (18254 bp)
		Unaligned bases: 18254  total: 3166113

CONTIG: contig-5703_973_0 (973bp)
		This contig is unaligned. (973 bp)
		Unaligned bases: 973  total: 3167086

CONTIG: contig-1720_5729_0 (5729bp)
		This contig is unaligned. (5729 bp)
		Unaligned bases: 5729  total: 3172815

CONTIG: contig-455_3064_0 (3064bp)
		This contig is unaligned. (3064 bp)
		Unaligned bases: 3064  total: 3175879

CONTIG: contig-1364_3570_0 (3570bp)
		This contig is unaligned. (3570 bp)
		Unaligned bases: 3570  total: 3179449

CONTIG: contig-7172_9671_0 (9671bp)
		This contig is unaligned. (9671 bp)
		Unaligned bases: 9671  total: 3189120

CONTIG: contig-119_4585_0 (4585bp)
		This contig is unaligned. (4585 bp)
		Unaligned bases: 4585  total: 3193705

CONTIG: contig-426_3942_0 (3942bp)
		This contig is unaligned. (3942 bp)
		Unaligned bases: 3942  total: 3197647

CONTIG: contig-7378_26088_0 (26088bp)
		This contig is unaligned. (26088 bp)
		Unaligned bases: 26088  total: 3223735

CONTIG: contig-3259_4845_0 (4845bp)
		This contig is unaligned. (4845 bp)
		Unaligned bases: 4845  total: 3228580

CONTIG: contig-6887_11565_0 (11565bp)
		This contig is unaligned. (11565 bp)
		Unaligned bases: 11565  total: 3240145

CONTIG: contig-2381_3848_0 (3848bp)
		This contig is unaligned. (3848 bp)
		Unaligned bases: 3848  total: 3243993

CONTIG: contig-7514_4034_0 (4034bp)
		This contig is unaligned. (4034 bp)
		Unaligned bases: 4034  total: 3248027

CONTIG: contig-10978_878_0 (878bp)
		This contig is unaligned. (878 bp)
		Unaligned bases: 878  total: 3248905

CONTIG: contig-148_2063_0 (2063bp)
		This contig is unaligned. (2063 bp)
		Unaligned bases: 2063  total: 3250968

CONTIG: contig-2050_15070_0 (15070bp)
		This contig is unaligned. (15070 bp)
		Unaligned bases: 15070  total: 3266038

CONTIG: contig-1248_19048_0 (19048bp)
		This contig is unaligned. (19048 bp)
		Unaligned bases: 19048  total: 3285086

CONTIG: contig-5352_615_0 (615bp)
Top Length: 615  Top ID: 100.0
		One align captures most of this contig: 9430 10044 | 1 615 | 615 615 | 100.0 | gi|125654693|ref|NC_009008.1|_Rhodobacter_sphaeroides_2.4.1_plasmid_E__partial_sequence contig-5352_615_0

CONTIG: contig-2448_18227_0 (18227bp)
		This contig is unaligned. (18227 bp)
		Unaligned bases: 18227  total: 3303313

CONTIG: contig-3945_2410_0 (2410bp)
		This contig is unaligned. (2410 bp)
		Unaligned bases: 2410  total: 3305723

CONTIG: contig-1899_12010_0 (12010bp)
		This contig is unaligned. (12010 bp)
		Unaligned bases: 12010  total: 3317733

CONTIG: contig-1323_12816_0 (12816bp)
		This contig is unaligned. (12816 bp)
		Unaligned bases: 12816  total: 3330549

CONTIG: contig-1253_4567_0 (4567bp)
		This contig is unaligned. (4567 bp)
		Unaligned bases: 4567  total: 3335116

CONTIG: contig-2692_1537_0 (1537bp)
		This contig is unaligned. (1537 bp)
		Unaligned bases: 1537  total: 3336653

CONTIG: contig-8620_5666_0 (5666bp)
		This contig is unaligned. (5666 bp)
		Unaligned bases: 5666  total: 3342319

CONTIG: contig-1831_3219_0 (3219bp)
		This contig is unaligned. (3219 bp)
		Unaligned bases: 3219  total: 3345538

CONTIG: contig-2834_6228_0 (6228bp)
		This contig is unaligned. (6228 bp)
		Unaligned bases: 6228  total: 3351766

CONTIG: contig-764_14915_0 (14915bp)
		This contig is unaligned. (14915 bp)
		Unaligned bases: 14915  total: 3366681

CONTIG: contig-2736_759_0 (759bp)
Top Length: 759  Top ID: 100.0
		One align captures most of this contig: 27842 28600 | 759 1 | 759 759 | 100.0 | gi|125654693|ref|NC_009008.1|_Rhodobacter_sphaeroides_2.4.1_plasmid_E__partial_sequence contig-2736_759_0

CONTIG: contig-370_16467_0 (16467bp)
		This contig is unaligned. (16467 bp)
		Unaligned bases: 16467  total: 3383148

CONTIG: contig-3213_1610_0 (1610bp)
		This contig is unaligned. (1610 bp)
		Unaligned bases: 1610  total: 3384758

CONTIG: contig-6845_7731_0 (7731bp)
		This contig is unaligned. (7731 bp)
		Unaligned bases: 7731  total: 3392489

CONTIG: contig-520_6044_0 (6044bp)
		This contig is unaligned. (6044 bp)
		Unaligned bases: 6044  total: 3398533

CONTIG: contig-5469_9194_0 (9194bp)
		This contig is unaligned. (9194 bp)
		Unaligned bases: 9194  total: 3407727

CONTIG: contig-10040_1044_0 (1044bp)
Top Length: 1044  Top ID: 100.0
		One align captures most of this contig: 8234 9277 | 1 1044 | 1044 1044 | 100.0 | gi|125654693|ref|NC_009008.1|_Rhodobacter_sphaeroides_2.4.1_plasmid_E__partial_sequence contig-10040_1044_0

CONTIG: contig-2320_2351_0 (2351bp)
		This contig is unaligned. (2351 bp)
		Unaligned bases: 2351  total: 3410078

CONTIG: contig-558_6053_0 (6053bp)
		This contig is unaligned. (6053 bp)
		Unaligned bases: 6053  total: 3416131

CONTIG: contig-3399_1123_0 (1123bp)
		This contig is unaligned. (1123 bp)
		Unaligned bases: 1123  total: 3417254

CONTIG: contig-4397_2200_0 (2200bp)
		This contig is unaligned. (2200 bp)
		Unaligned bases: 2200  total: 3419454

CONTIG: contig-830_592_0 (592bp)
		This contig is unaligned. (592 bp)
		Unaligned bases: 592  total: 3420046

CONTIG: contig-1349_20473_0 (20473bp)
		This contig is unaligned. (20473 bp)
		Unaligned bases: 20473  total: 3440519

CONTIG: contig-637_14145_0 (14145bp)
		This contig is unaligned. (14145 bp)
		Unaligned bases: 14145  total: 3454664

CONTIG: contig-5204_770_0 (770bp)
		This contig is unaligned. (770 bp)
		Unaligned bases: 770  total: 3455434

CONTIG: contig-1106_4606_0 (4606bp)
		This contig is unaligned. (4606 bp)
		Unaligned bases: 4606  total: 3460040

CONTIG: contig-4562_1658_0 (1658bp)
		This contig is unaligned. (1658 bp)
		Unaligned bases: 1658  total: 3461698

CONTIG: contig-11803_568_0 (568bp)
		This contig is unaligned. (568 bp)
		Unaligned bases: 568  total: 3462266

CONTIG: contig-4335_511_0 (511bp)
		This contig is unaligned. (511 bp)
		Unaligned bases: 511  total: 3462777

CONTIG: contig-11625_4282_0 (4282bp)
		This contig is unaligned. (4282 bp)
		Unaligned bases: 4282  total: 3467059

CONTIG: contig-3356_4018_0 (4018bp)
		This contig is unaligned. (4018 bp)
		Unaligned bases: 4018  total: 3471077

CONTIG: contig-491_2627_0 (2627bp)
		This contig is unaligned. (2627 bp)
		Unaligned bases: 2627  total: 3473704

CONTIG: contig-10851_17443_0 (17443bp)
		This contig is unaligned. (17443 bp)
		Unaligned bases: 17443  total: 3491147

CONTIG: contig-8947_24388_0 (24388bp)
		This contig is unaligned. (24388 bp)
		Unaligned bases: 24388  total: 3515535

CONTIG: contig-961_931_0 (931bp)
		This contig is unaligned. (931 bp)
		Unaligned bases: 931  total: 3516466

CONTIG: contig-193_22313_0 (22313bp)
		This contig is unaligned. (22313 bp)
		Unaligned bases: 22313  total: 3538779

CONTIG: contig-3277_12175_0 (12175bp)
		This contig is unaligned. (12175 bp)
		Unaligned bases: 12175  total: 3550954

CONTIG: contig-2446_980_0 (980bp)
		This contig is unaligned. (980 bp)
		Unaligned bases: 980  total: 3551934

CONTIG: contig-2711_836_0 (836bp)
		This contig is unaligned. (836 bp)
		Unaligned bases: 836  total: 3552770

CONTIG: contig-2236_688_0 (688bp)
		This contig is unaligned. (688 bp)
		Unaligned bases: 688  total: 3553458

CONTIG: contig-1538_6513_0 (6513bp)
		This contig is unaligned. (6513 bp)
		Unaligned bases: 6513  total: 3559971

CONTIG: contig-3709_3481_0 (3481bp)
		This contig is unaligned. (3481 bp)
		Unaligned bases: 3481  total: 3563452

CONTIG: contig-4521_1863_0 (1863bp)
		This contig is unaligned. (1863 bp)
		Unaligned bases: 1863  total: 3565315

CONTIG: contig-5291_2246_0 (2246bp)
		This contig is unaligned. (2246 bp)
		Unaligned bases: 2246  total: 3567561

CONTIG: contig-143_2401_0 (2401bp)
		This contig is unaligned. (2401 bp)
		Unaligned bases: 2401  total: 3569962

CONTIG: contig-3625_8907_0 (8907bp)
		This contig is unaligned. (8907 bp)
		Unaligned bases: 8907  total: 3578869

CONTIG: contig-4434_10479_0 (10479bp)
		This contig is unaligned. (10479 bp)
		Unaligned bases: 10479  total: 3589348

CONTIG: contig-3533_4452_0 (4452bp)
		This contig is unaligned. (4452 bp)
		Unaligned bases: 4452  total: 3593800

CONTIG: contig-3068_7769_0 (7769bp)
		This contig is unaligned. (7769 bp)
		Unaligned bases: 7769  total: 3601569

CONTIG: contig-10753_746_0 (746bp)
		This contig is unaligned. (746 bp)
		Unaligned bases: 746  total: 3602315

CONTIG: contig-486_8737_0 (8737bp)
		This contig is unaligned. (8737 bp)
		Unaligned bases: 8737  total: 3611052

CONTIG: contig-10889_3625_0 (3625bp)
		This contig is unaligned. (3625 bp)
		Unaligned bases: 3625  total: 3614677

CONTIG: contig-5544_12412_0 (12412bp)
		This contig is unaligned. (12412 bp)
		Unaligned bases: 12412  total: 3627089

CONTIG: contig-857_2514_0 (2514bp)
		This contig is unaligned. (2514 bp)
		Unaligned bases: 2514  total: 3629603

CONTIG: contig-4213_38633_0 (38633bp)
		This contig is unaligned. (38633 bp)
		Unaligned bases: 38633  total: 3668236

CONTIG: contig-1354_2695_0 (2695bp)
		This contig is unaligned. (2695 bp)
		Unaligned bases: 2695  total: 3670931

CONTIG: contig-5550_2749_0 (2749bp)
		This contig is unaligned. (2749 bp)
		Unaligned bases: 2749  total: 3673680

CONTIG: contig-7023_5042_0 (5042bp)
		This contig is unaligned. (5042 bp)
		Unaligned bases: 5042  total: 3678722

CONTIG: contig-3210_1830_0 (1830bp)
Top Length: 1830  Top ID: 100.0
		One align captures most of this contig: 10369 12198 | 1830 1 | 1830 1830 | 100.0 | gi|125654693|ref|NC_009008.1|_Rhodobacter_sphaeroides_2.4.1_plasmid_E__partial_sequence contig-3210_1830_0

CONTIG: contig-4065_15164_0 (15164bp)
		This contig is unaligned. (15164 bp)
		Unaligned bases: 15164  total: 3693886

CONTIG: contig-2057_2147_0 (2147bp)
		This contig is unaligned. (2147 bp)
		Unaligned bases: 2147  total: 3696033

CONTIG: contig-279_2940_0 (2940bp)
		This contig is unaligned. (2940 bp)
		Unaligned bases: 2940  total: 3698973

CONTIG: contig-1290_3787_0 (3787bp)
		This contig is unaligned. (3787 bp)
		Unaligned bases: 3787  total: 3702760

CONTIG: contig-6910_3563_0 (3563bp)
		This contig is unaligned. (3563 bp)
		Unaligned bases: 3563  total: 3706323

CONTIG: contig-4595_947_0 (947bp)
		This contig is unaligned. (947 bp)
		Unaligned bases: 947  total: 3707270

CONTIG: contig-82_4229_0 (4229bp)
		This contig is unaligned. (4229 bp)
		Unaligned bases: 4229  total: 3711499

CONTIG: contig-3943_1226_0 (1226bp)
		This contig is unaligned. (1226 bp)
		Unaligned bases: 1226  total: 3712725

CONTIG: contig-39_21545_0 (21545bp)
		This contig is unaligned. (21545 bp)
		Unaligned bases: 21545  total: 3734270

CONTIG: contig-7981_27526_0 (27526bp)
		This contig is unaligned. (27526 bp)
		Unaligned bases: 27526  total: 3761796

CONTIG: contig-4116_4955_0 (4955bp)
		This contig is unaligned. (4955 bp)
		Unaligned bases: 4955  total: 3766751

CONTIG: contig-3527_3288_0 (3288bp)
		This contig is unaligned. (3288 bp)
		Unaligned bases: 3288  total: 3770039

CONTIG: contig-6402_7012_0 (7012bp)
		This contig is unaligned. (7012 bp)
		Unaligned bases: 7012  total: 3777051

CONTIG: contig-4899_6121_0 (6121bp)
		This contig is unaligned. (6121 bp)
		Unaligned bases: 6121  total: 3783172

CONTIG: contig-3323_562_0 (562bp)
		This contig is unaligned. (562 bp)
		Unaligned bases: 562  total: 3783734

CONTIG: contig-4615_708_0 (708bp)
		This contig is unaligned. (708 bp)
		Unaligned bases: 708  total: 3784442

CONTIG: contig-1395_5132_0 (5132bp)
		This contig is unaligned. (5132 bp)
		Unaligned bases: 5132  total: 3789574

CONTIG: contig-71_592_0 (592bp)
		This contig is unaligned. (592 bp)
		Unaligned bases: 592  total: 3790166

CONTIG: contig-4552_3950_0 (3950bp)
		This contig is unaligned. (3950 bp)
		Unaligned bases: 3950  total: 3794116

CONTIG: contig-2683_2825_0 (2825bp)
		This contig is unaligned. (2825 bp)
		Unaligned bases: 2825  total: 3796941

CONTIG: contig-61_6127_0 (6127bp)
		This contig is unaligned. (6127 bp)
		Unaligned bases: 6127  total: 3803068

CONTIG: contig-1593_3570_0 (3570bp)
		This contig is unaligned. (3570 bp)
		Unaligned bases: 3570  total: 3806638

CONTIG: contig-7414_1665_0 (1665bp)
		This contig is unaligned. (1665 bp)
		Unaligned bases: 1665  total: 3808303

CONTIG: contig-7072_8803_0 (8803bp)
		This contig is unaligned. (8803 bp)
		Unaligned bases: 8803  total: 3817106

CONTIG: contig-3612_6369_0 (6369bp)
		This contig is unaligned. (6369 bp)
		Unaligned bases: 6369  total: 3823475

CONTIG: contig-5472_692_0 (692bp)
		This contig is unaligned. (692 bp)
		Unaligned bases: 692  total: 3824167

CONTIG: contig-1272_14412_0 (14412bp)
		This contig is unaligned. (14412 bp)
		Unaligned bases: 14412  total: 3838579

CONTIG: contig-3112_6432_0 (6432bp)
		This contig is unaligned. (6432 bp)
		Unaligned bases: 6432  total: 3845011

CONTIG: contig-513_3564_0 (3564bp)
		This contig is unaligned. (3564 bp)
		Unaligned bases: 3564  total: 3848575

CONTIG: contig-2231_3046_0 (3046bp)
		This contig is unaligned. (3046 bp)
		Unaligned bases: 3046  total: 3851621

CONTIG: contig-2624_1928_0 (1928bp)
		This contig is unaligned. (1928 bp)
		Unaligned bases: 1928  total: 3853549

CONTIG: contig-2357_2037_0 (2037bp)
		This contig is unaligned. (2037 bp)
		Unaligned bases: 2037  total: 3855586

CONTIG: contig-3240_1408_0 (1408bp)
Top Length: 1408  Top ID: 100.0
		One align captures most of this contig: 12384 13791 | 1408 1 | 1408 1408 | 100.0 | gi|125654693|ref|NC_009008.1|_Rhodobacter_sphaeroides_2.4.1_plasmid_E__partial_sequence contig-3240_1408_0

CONTIG: contig-1704_1315_0 (1315bp)
		This contig is unaligned. (1315 bp)
		Unaligned bases: 1315  total: 3856901

CONTIG: contig-2550_16853_0 (16853bp)
		This contig is unaligned. (16853 bp)
		Unaligned bases: 16853  total: 3873754

CONTIG: contig-164_1933_0 (1933bp)
		This contig is unaligned. (1933 bp)
		Unaligned bases: 1933  total: 3875687

CONTIG: contig-3266_1141_0 (1141bp)
		This contig is unaligned. (1141 bp)
		Unaligned bases: 1141  total: 3876828

CONTIG: contig-12074_6152_0 (6152bp)
		This contig is unaligned. (6152 bp)
		Unaligned bases: 6152  total: 3882980

CONTIG: contig-3208_5043_0 (5043bp)
		This contig is unaligned. (5043 bp)
		Unaligned bases: 5043  total: 3888023

CONTIG: contig-1058_2651_0 (2651bp)
		This contig is unaligned. (2651 bp)
		Unaligned bases: 2651  total: 3890674

CONTIG: contig-4266_11792_0 (11792bp)
		This contig is unaligned. (11792 bp)
		Unaligned bases: 11792  total: 3902466

CONTIG: contig-2817_13674_0 (13674bp)
		This contig is unaligned. (13674 bp)
		Unaligned bases: 13674  total: 3916140

CONTIG: contig-2631_3306_0 (3306bp)
		This contig is unaligned. (3306 bp)
		Unaligned bases: 3306  total: 3919446

CONTIG: contig-600_947_0 (947bp)
		This contig is unaligned. (947 bp)
		Unaligned bases: 947  total: 3920393

CONTIG: contig-3552_29041_0 (29041bp)
		This contig is unaligned. (29041 bp)
		Unaligned bases: 29041  total: 3949434

CONTIG: contig-4276_17304_0 (17304bp)
		This contig is unaligned. (17304 bp)
		Unaligned bases: 17304  total: 3966738

CONTIG: contig-3655_5559_0 (5559bp)
		This contig is unaligned. (5559 bp)
		Unaligned bases: 5559  total: 3972297

CONTIG: contig-1404_5455_0 (5455bp)
		This contig is unaligned. (5455 bp)
		Unaligned bases: 5455  total: 3977752

CONTIG: contig-6026_4619_0 (4619bp)
		This contig is unaligned. (4619 bp)
		Unaligned bases: 4619  total: 3982371

CONTIG: contig-11088_1174_0 (1174bp)
		This contig is unaligned. (1174 bp)
		Unaligned bases: 1174  total: 3983545

CONTIG: contig-9177_1747_0 (1747bp)
Top Length: 117  Top ID: 96.58
		This contig is partially unaligned. (117 out of 1747)
		Alignment: 35500 35616 | 117 1 | 117 117 | 96.58 | gi|125654693|ref|NC_009008.1|_Rhodobacter_sphaeroides_2.4.1_plasmid_E__partial_sequence contig-9177_1747_0
		Unaligned bases: 118 to 1747 (1630)

CONTIG: contig-628_1133_0 (1133bp)
		This contig is unaligned. (1133 bp)
		Unaligned bases: 1133  total: 3984678

CONTIG: contig-3507_2733_0 (2733bp)
		This contig is unaligned. (2733 bp)
		Unaligned bases: 2733  total: 3987411

CONTIG: contig-1874_14518_0 (14518bp)
		This contig is unaligned. (14518 bp)
		Unaligned bases: 14518  total: 4001929

CONTIG: contig-1194_10025_0 (10025bp)
		This contig is unaligned. (10025 bp)
		Unaligned bases: 10025  total: 4011954

CONTIG: contig-723_541_0 (541bp)
		This contig is unaligned. (541 bp)
		Unaligned bases: 541  total: 4012495

CONTIG: contig-669_10278_0 (10278bp)
		This contig is unaligned. (10278 bp)
		Unaligned bases: 10278  total: 4022773

CONTIG: contig-872_2518_0 (2518bp)
		This contig is unaligned. (2518 bp)
		Unaligned bases: 2518  total: 4025291

CONTIG: contig-8421_8334_0 (8334bp)
Top Length: 106  Top ID: 97.17
		This contig is partially unaligned. (106 out of 8334)
		Alignment: 9927 10032 | 106 1 | 106 106 | 97.17 | gi|125654693|ref|NC_009008.1|_Rhodobacter_sphaeroides_2.4.1_plasmid_E__partial_sequence contig-8421_8334_0
		Unaligned bases: 107 to 8334 (8228)

CONTIG: contig-7424_3903_0 (3903bp)
		This contig is unaligned. (3903 bp)
		Unaligned bases: 3903  total: 4029194

CONTIG: contig-2725_23291_0 (23291bp)
		This contig is unaligned. (23291 bp)
		Unaligned bases: 23291  total: 4052485

CONTIG: contig-418_2263_0 (2263bp)
		This contig is unaligned. (2263 bp)
		Unaligned bases: 2263  total: 4054748

CONTIG: contig-1913_61802_0 (61802bp)
		This contig is unaligned. (61802 bp)
		Unaligned bases: 61802  total: 4116550

CONTIG: contig-1905_16228_0 (16228bp)
		This contig is unaligned. (16228 bp)
		Unaligned bases: 16228  total: 4132778

Analyzing coverage...
Writing SNPs into /usit/invitro/data/galaxy/master/sabbai/galaxy-dist/database/job_working_directory/000/733/dataset_770_files/contigs_reports/nucmer_output/RS-H-Sga.used_snps
	Reference gi|125654693|ref|NC_009008.1|_Rhodobacter_sphaeroides_2.4.1_plasmid_E__partial_sequence: 23 total alignments. 1 total regions.
		Region: 1 to 37100 (37100 bp)
			Align 1: 1 1930 contig-4160_2284_0 355 2284
				Gap between this and next alignment: 1930 to 3146 (1215 bp)
				Next Alignment: 3146 3855 contig-11197_710_0 710 1

			Align 2: 3146 3855 contig-11197_710_0 710 1
				Gap between this and next alignment: 3855 to 4676 (820 bp)
				Next Alignment: 4676 5463 contig-1615_788_0 788 1

			Align 3: 4676 5463 contig-1615_788_0 788 1
				Gap between this and next alignment: 5463 to 6019 (555 bp)
				Next Alignment: 6019 6118 contig-9186_18102_0 18003 18102

			Align 4: 6019 6118 contig-9186_18102_0 18003 18102
				Negative gap (overlap) between this and next alignment: 6118 to 6048 (-70 bp)
				Next Alignment: 6048 6164 contig-2211_6941_0 1 117

			Previous gap was negative, modifying coordinates to ignore overlap
				Moving contig start from 1 to 72.
			Align 5: 6119 6164 contig-2211_6941_0 72 117
				Gap between this and next alignment: 6164 to 7062 (897 bp)
				Next Alignment: 7062 8026 contig-2061_965_0 1 965

			Align 6: 7062 8026 contig-2061_965_0 1 965
				Gap between this and next alignment: 8026 to 8234 (207 bp)
				Next Alignment: 8234 9277 contig-10040_1044_0 1 1044

			Align 7: 8234 9277 contig-10040_1044_0 1 1044
				Gap between this and next alignment: 9277 to 9430 (152 bp)
				Next Alignment: 9430 10044 contig-5352_615_0 1 615

			Align 8: 9430 10044 contig-5352_615_0 1 615
				The next alignment (9927 10032 contig-8421_8334_0 106 1) is redundant. Skipping.
				Gap between this and next alignment: 10044 to 10369 (324 bp)
				Next Alignment: 10369 12198 contig-3210_1830_0 1830 1

			Align 10: 10369 12198 contig-3210_1830_0 1830 1
				Gap between this and next alignment: 12198 to 12384 (185 bp)
				Next Alignment: 12384 13791 contig-3240_1408_0 1408 1

			Align 11: 12384 13791 contig-3240_1408_0 1408 1
				Gap between this and next alignment: 13791 to 15224 (1432 bp)
				Next Alignment: 15224 15748 contig-2299_525_0 1 525

			Align 12: 15224 15748 contig-2299_525_0 1 525
				Gap between this and next alignment: 15748 to 15882 (133 bp)
				Next Alignment: 15882 17496 contig-2720_1615_0 1 1615

			Align 13: 15882 17496 contig-2720_1615_0 1 1615
				Gap between this and next alignment: 17496 to 17611 (114 bp)
				Next Alignment: 17611 18246 contig-318_636_0 1 636

			Align 14: 17611 18246 contig-318_636_0 1 636
				Gap between this and next alignment: 18246 to 19532 (1285 bp)
				Next Alignment: 19532 23121 contig-2053_3590_0 3590 1

			Align 15: 19532 23121 contig-2053_3590_0 3590 1
				Gap between this and next alignment: 23121 to 24027 (905 bp)
				Next Alignment: 24027 25958 contig-390_1932_0 1932 1

			Align 16: 24027 25958 contig-390_1932_0 1932 1
				Gap between this and next alignment: 25958 to 26643 (684 bp)
				Next Alignment: 26643 27394 contig-6231_752_0 1 752

			Align 17: 26643 27394 contig-6231_752_0 1 752
				Gap between this and next alignment: 27394 to 27842 (447 bp)
				Next Alignment: 27842 28600 contig-2736_759_0 759 1

			Align 18: 27842 28600 contig-2736_759_0 759 1
				Gap between this and next alignment: 28600 to 32185 (3584 bp)
				Next Alignment: 32185 32790 contig-1869_606_0 1 606

			Align 19: 32185 32790 contig-1869_606_0 1 606
				Gap between this and next alignment: 32790 to 34181 (1390 bp)
				Next Alignment: 34181 34777 contig-9556_597_0 1 597

			Align 20: 34181 34777 contig-9556_597_0 1 597
				Gap between this and next alignment: 34777 to 35500 (722 bp)
				Next Alignment: 35500 35616 contig-9177_1747_0 117 1

			Align 21: 35500 35616 contig-9177_1747_0 117 1
				The next alignment (35530 35616 contig-1700_23179_0 23093 23179) is redundant. Skipping.
				Gap between this and next alignment: 35616 to 36747 (1130 bp)
				Next Alignment: 36747 37100 contig-4160_2284_0 1 354

			Align 23: 36747 37100 contig-4160_2284_0 1 354
			END in current alignment.  Modifying 37100 to 37100.

Analysis is finished!
Founded SNPs were written into /usit/invitro/data/galaxy/master/sabbai/galaxy-dist/database/job_working_directory/000/733/dataset_770_files/contigs_reports/nucmer_output/RS-H-Sga.used_snps

Results:
	Local Misassemblies: 0
	Misassemblies: 0
		Relocations: 0
		Translocations: 0
		Inversions: 0
	Misassembled Contigs: 0
	Misassembled Contig Bases: 0
	Misassmblies Inter-Contig Overlap: 0
Uncovered Regions: 0 (0)
Unaligned Contigs: 555 + 5 part
Partially Unaligned Contigs with Misassemblies: 0
Unaligned Contig Bases: 4190554

Ambiguously Mapped Contigs: 0
Total Bases in Ambiguously Mapped Contigs: 0
Note that --allow-ambiguity option was set to "one" and only first alignment per each contig was used.

	Covered Bases: 20919

	SNPs: 5
	Insertions: 0
	Deletions: 0

	Positive Gaps: 19
		Internal Gaps:  0
		External Gaps:  19
		External Gap Total:  16181
		External Gap Average: 852
	Negative Gaps: 1
		Internal Overlaps:  0
		External Overlaps:  1
		External Overlaps Total: -70
		External Overlaps Average: -70
	Contigs with Redundant Alignments: 2 (193)
