ERROR: Could not parse delta file, /software/galaxy/master/sabbai/galaxy-dist/database/job_working_directory/002/2131/dataset_2213_files/Scaffold/contigs_reports/nucmer_output/Velvet_1.delta
error no: 402
ERROR: Could not parse delta file, /software/galaxy/master/sabbai/galaxy-dist/database/job_working_directory/002/2131/dataset_2213_files/Scaffold/contigs_reports/nucmer_output/Velvet_1.delta
error no: 402
t_2213_files/Scaffold/contigs_reports/nucmer_output/Velvet_1.ntref" of length 4033466
# construct suffix tree for sequence of length 4033466
# (maximum reference length is 536870908)
# (maximum query length is 4294967295)
# process 40334 characters per dot
of length 4033466
# construct suffix tree for sequence of length 4033466
# (maximum reference length is 536870908)
# (maximum query length is 4294967295)
# process 40334 characters per dot
#.#........................................................................................................................................................................................
# CONSTRUCTIONTIME /software/galaxy/master/sabbai/galaxy-dist/tools/comparative_assembly_statistics/quast-2.2/libs/MUMmer3.23-linux/mummer /software/galaxy/master/sabbai/galaxy-dist/database/job_working_directory/002/2131/dataset_2213_files/Scaffold/contigs_reports/nucmer_output/Velvet_1.ntref 1.77
# reading input file "/software/galaxy/master/sabbai/galaxy-dist/database/job_working_directory/002/2131/dataset_2213_files/Scaffold/corrected_input/Velvet_1.2_broken" .of length 3891150
# matching query-file "/software/galaxy/master/sabbai/galaxy-dist/database/job_working_directory/002/2131/dataset_2213_files/Scaffold/corrected_input/Velvet_1.2_broken"
# against subject-file "/software/galaxy/master/sabbai/galaxy-dist/database/job_working_directory/002/2131/dataset_2213_files/Scaffold/contigs_reports/nucmer_output/Velvet_1.ntref"
..............
# CONSTRUCTIONTIME /software/galaxy/master/sabbai/galaxy-dist/tools/comparative_assembly_statistics/quast-2.2/libs/MUMmer3.23-linux/mummer /software/galaxy/master/sabbai/galaxy-dist/database/job_working_directory/002/2131/dataset_2213_files/Scaffold/contigs_reports/nucmer_output/Velvet_1.ntref 2.37
# reading input file "/software/galaxy/master/sabbai/galaxy-dist/database/job_working_directory/002/2131/dataset_2213_files/Scaffold/corrected_input/Velvet_1.2_broken" of length 3891150
# matching query-file "/software/galaxy/master/sabbai/galaxy-dist/database/job_working_directory/002/2131/dataset_2213_files/Scaffold/corrected_input/Velvet_1.2_broken"
# against subject-file "/software/galaxy/master/sabbai/galaxy-dist/database/job_working_directory/002/2131/dataset_2213_files/Scaffold/contigs_reports/nucmer_output/Velvet_1.ntref"
# COMPLETETIME /software/galaxy/master/sabbai/galaxy-dist/tools/comparative_assembly_statistics/quast-2.2/libs/MUMmer3.23-linux/mummer /software/galaxy/master/sabbai/galaxy-dist/database/job_working_directory/002/2131/dataset_2213_files/Scaffold/contigs_reports/nucmer_output/Velvet_1.ntref 5.64
# SPACE /software/galaxy/master/sabbai/galaxy-dist/tools/comparative_assembly_statistics/quast-2.2/libs/MUMmer3.23-linux/mummer /software/galaxy/master/sabbai/galaxy-dist/database/job_working_directory/002/2131/dataset_2213_files/Scaffold/contigs_reports/nucmer_output/Velvet_1.ntref 7.69
4: FINISHING DATA
# COMPLETETIME /software/galaxy/master/sabbai/galaxy-dist/tools/comparative_assembly_statistics/quast-2.2/libs/MUMmer3.23-linux/mummer /software/galaxy/master/sabbai/galaxy-dist/database/job_working_directory/002/2131/dataset_2213_files/Scaffold/contigs_reports/nucmer_output/Velvet_1.ntref 9.20
# SPACE /software/galaxy/master/sabbai/galaxy-dist/tools/comparative_assembly_statistics/quast-2.2/libs/MUMmer3.23-linux/mummer /software/galaxy/master/sabbai/galaxy-dist/database/job_working_directory/002/2131/dataset_2213_files/Scaffold/contigs_reports/nucmer_output/Velvet_1.ntref 7.69
4: FINISHING DATA
WARNING: there was a problem deleting the temporary output files
